DEBUG [main] (ConfigManager.java:33) - Initialized with properties: {local.player.status.updates.per.sec=30, facemanager.num.sub.threads.per.face=10, linear.interest.zone.filter.inner.radius=100, projectile.cache.size=20, local.player.status.use.dead.reckoning=false, block.publisher.freshness.period.ms=20, player.status.publisher.freshness.period.ms=20, base.publisher.queue.process.per.sec=60, projectile.sub.inter.interest.max.wait.time.ms=30, linear.interest.zone.filter.outer.radius=200, local.player.dead.reckoning.max.error=1, projectile.publisher.queue.process.multithread=true, statistics.logger.log.rate.sec=30, facemanager.max.num.pub.faces=1, facemanager.num.pub.threads.per.face=10, facemanager.max.num.sub.faces=1, block.sub.inter.interest.max.wait.time.ms=2000, projectile.publisher.queue.process.per.sec=60, base.publisher.queue.process.multithread=true, player.sub.inter.interest.max.wait.time.ms=30, linear.interest.zone.filter.enabled=false, projectile.publisher.freshness.period.ms=20}
WARNING: An illegal reflective access operation has occurred
WARNING: Illegal reflective access by com.google.inject.internal.cglib.core.$ReflectUtils$2 (file:/NdnGame/NdnGameLibGdxDesktop-1.0-SNAPSHOT.jar) to method java.lang.ClassLoader.defineClass(java.lang.String,byte[],int,int,java.security.ProtectionDomain)
WARNING: Please consider reporting this to the maintainers of com.google.inject.internal.cglib.core.$ReflectUtils$2
WARNING: Use --illegal-access=warn to enable warnings of further illegal reflective access operations
WARNING: All illegal access operations will be denied in a future release
DEBUG [main] (BackendModule.java:123) - Writing metrics to /metrics/nodeC
 INFO [main] (DesktopLauncher.java:49) - Launching headless game
 INFO [main] (DesktopLauncher.java:50) - LocalConfig{playerName='nodeC', isMasterView=false, isAutomated=true, automationType='wsp', isHeadless=true, gameId=0, screenWidth=600, screenHeight=600, targetFrameRate=60}
DEBUG [main] (AutomatedInputController.java:52) - Starting with automation type: wsp
DEBUG [main] (BasePublisher.java:67) - Registering /com/stefanolupo/ndngame/0/nodeC/blocks/sync
DEBUG [main] (BasePublisher.java:67) - Registering /com/stefanolupo/ndngame/0/nodeC/status/sync
Mar 20, 2019 1:56:26 AM net.named_data.jndn.Node$RegisterResponse onData
INFO: Register prefix succeeded with the NFD forwarder for prefix /com/stefanolupo/ndngame/0/nodeC/status/sync
Mar 20, 2019 1:56:26 AM net.named_data.jndn.Node$RegisterResponse onData
INFO: Register prefix succeeded with the NFD forwarder for prefix /com/stefanolupo/ndngame/0/nodeC/blocks/sync
Mar 20, 2019 1:56:26 AM net.named_data.jndn.Node$RegisterResponse onData
INFO: Register prefix failed: Expected NFD status code 200, got: 403
 WARN [fm-pub-0-3] (FaceManager.java:150) - Failed to register prefix: /com/stefanolupo/ndngame/0/nodeC/blocks/interact, retrying..
Mar 20, 2019 1:56:26 AM net.named_data.jndn.Node$RegisterResponse onData
INFO: Register prefix succeeded with the NFD forwarder for prefix /com/stefanolupo/ndngame/0/nodeC/projectiles/sync
Mar 20, 2019 1:56:26 AM net.named_data.jndn.Node$RegisterResponse onData
INFO: Register prefix succeeded with the NFD forwarder for prefix /com/stefanolupo/ndngame/0/nodeC/projectiles/interact
Mar 20, 2019 1:56:26 AM net.named_data.jndn.Node$RegisterResponse onData
INFO: Register prefix succeeded with the NFD forwarder for prefix /com/stefanolupo/ndngame/0/nodeC/blocks/interact
Mar 20, 2019 1:56:30 AM net.named_data.jndn.Node$RegisterResponse onData
INFO: Register prefix succeeded with the NFD forwarder for prefix /com/stefanolupo/ndngame/0/config/broadcast
Mar 20, 2019 1:56:30 AM net.named_data.jndn.Node$RegisterResponse onData
INFO: Register prefix succeeded with the NFD forwarder for prefix /com/stefanolupo/ndngame/0/config/nodeC
 INFO [cs-/com/stefanolupo/ndngame/0/config/nodeC-0] (ChronoSynced.java:93) - Initialized ChronoSyncedMap for /com/stefanolupo/ndngame/0/config/nodeC
Mar 20, 2019 1:56:30 AM net.named_data.jndn.Node$RegisterResponse onData
INFO: Register prefix succeeded with the NFD forwarder for prefix /com/stefanolupo/ndngame/0/discovery/broadcast
Mar 20, 2019 1:56:30 AM net.named_data.jndn.Node$RegisterResponse onData
INFO: Register prefix succeeded with the NFD forwarder for prefix /com/stefanolupo/ndngame/0/discovery/nodeC
 INFO [cs-/com/stefanolupo/ndngame/0/discovery/nodeC-0] (ChronoSynced.java:93) - Initialized ChronoSyncedMap for /com/stefanolupo/ndngame/0/discovery/nodeC
DEBUG [bp-queue-proc-/com/stefanolupo/ndngame/0/nodeC/blocks/sync-1] (BasePublisher.java:96) - /com/stefanolupo/ndngame/0/nodeC/blocks/sync: No duplicate SN requests seen
DEBUG [bp-queue-proc-/com/stefanolupo/ndngame/0/nodeC/status/sync-1] (BasePublisher.java:96) - /com/stefanolupo/ndngame/0/nodeC/status/sync: No duplicate SN requests seen
3/20/19, 1:56:55 AM ============================================================

-- Gauges ----------------------------------------------------------------------
pub-update-percentage-nodeC-blocks-sync
             value = 0.0
pub-update-percentage-nodeC-status-sync
             value = 0.4963462619449129


DEBUG [bp-queue-proc-/com/stefanolupo/ndngame/0/nodeC/blocks/sync-1] (BasePublisher.java:96) - /com/stefanolupo/ndngame/0/nodeC/blocks/sync: No duplicate SN requests seen
DEBUG [bp-queue-proc-/com/stefanolupo/ndngame/0/nodeC/status/sync-1] (BasePublisher.java:96) - /com/stefanolupo/ndngame/0/nodeC/status/sync: No duplicate SN requests seen
3/20/19, 1:57:25 AM ============================================================

-- Gauges ----------------------------------------------------------------------
pub-update-percentage-nodeC-blocks-sync
             value = 0.0011173184357541898
pub-update-percentage-nodeC-status-sync
             value = 0.4981838502374965


DEBUG [bp-queue-proc-/com/stefanolupo/ndngame/0/nodeC/blocks/sync-1] (BasePublisher.java:96) - /com/stefanolupo/ndngame/0/nodeC/blocks/sync: No duplicate SN requests seen
DEBUG [bp-queue-proc-/com/stefanolupo/ndngame/0/nodeC/status/sync-1] (BasePublisher.java:96) - /com/stefanolupo/ndngame/0/nodeC/status/sync: No duplicate SN requests seen
 INFO [cs-/com/stefanolupo/ndngame/0/discovery/nodeC-0] (PlayerStatusSubscriber.java:59) - Adding subscription for nodeB
 INFO [cs-/com/stefanolupo/ndngame/0/discovery/nodeC-0] (BlockSubscriber.java:54) - Adding subscription for /com/stefanolupo/ndngame/0/nodeB/blocks/sync/0/0/0
 INFO [cs-/com/stefanolupo/ndngame/0/discovery/nodeC-0] (ProjectileSubscriber.java:53) - Adding subscription for /com/stefanolupo/ndngame/0/nodeB/projectiles/sync/0/0/0
 INFO [cs-/com/stefanolupo/ndngame/0/discovery/nodeC-0] (PlayerStatusSubscriber.java:59) - Adding subscription for nodeA
 INFO [cs-/com/stefanolupo/ndngame/0/discovery/nodeC-0] (BlockSubscriber.java:54) - Adding subscription for /com/stefanolupo/ndngame/0/nodeA/blocks/sync/0/0/0
 INFO [cs-/com/stefanolupo/ndngame/0/discovery/nodeC-0] (ProjectileSubscriber.java:53) - Adding subscription for /com/stefanolupo/ndngame/0/nodeA/projectiles/sync/0/0/0
 INFO [cs-/com/stefanolupo/ndngame/0/discovery/nodeC-0] (PlayerStatusSubscriber.java:59) - Adding subscription for nodeD
 INFO [cs-/com/stefanolupo/ndngame/0/discovery/nodeC-0] (BlockSubscriber.java:54) - Adding subscription for /com/stefanolupo/ndngame/0/nodeD/blocks/sync/0/0/0
 INFO [cs-/com/stefanolupo/ndngame/0/discovery/nodeC-0] (ProjectileSubscriber.java:53) - Adding subscription for /com/stefanolupo/ndngame/0/nodeD/projectiles/sync/0/0/0
 INFO [fm-pub-0-7] (ProjectilePublisher.java:133) - Creating interest meter
DEBUG [HeadlessApplication] (ProjectileCollisionSystem.java:108) - Bullet hit me, notifying owner and decreasing my health
 WARN [cs-/com/stefanolupo/ndngame/0/config/nodeC-0] (ChronoSynced.java:118) - Timeout for interest: /com/stefanolupo/ndngame/0/config/nodeC/0?ndn.MustBeFresh=1&ndn.Nonce=.%17%5CL
 WARN [cs-/com/stefanolupo/ndngame/0/discovery/nodeC-0] (ChronoSynced.java:118) - Timeout for interest: /com/stefanolupo/ndngame/0/discovery/nodeC/1?ndn.MustBeFresh=1&ndn.Nonce=2%E4%A4%04
 WARN [cs-/com/stefanolupo/ndngame/0/discovery/nodeC-0] (ChronoSynced.java:118) - Timeout for interest: /com/stefanolupo/ndngame/0/discovery/nodeC/1?ndn.MustBeFresh=1&ndn.Nonce=9%DF%5B%D7
 WARN [cs-/com/stefanolupo/ndngame/0/discovery/nodeC-0] (ChronoSynced.java:118) - Timeout for interest: /com/stefanolupo/ndngame/0/discovery/nodeC/1?ndn.MustBeFresh=1&ndn.Nonce=%B8%05%04x
 WARN [cs-/com/stefanolupo/ndngame/0/discovery/nodeC-0] (ChronoSynced.java:118) - Timeout for interest: /com/stefanolupo/ndngame/0/discovery/nodeC/1?ndn.MustBeFresh=1&ndn.Nonce=%B8%E1%AE%22
 WARN [bp-queue-proc-/com/stefanolupo/ndngame/0/nodeC/blocks/sync-1] (BasePublisher.java:98) - /com/stefanolupo/ndngame/0/nodeC/blocks/sync: Saw duplicate sn requests
 WARN [bp-queue-proc-/com/stefanolupo/ndngame/0/nodeC/blocks/sync-1] (BasePublisher.java:99) - [0=2, 8=2, 10=6, 11=4]
 WARN [bp-queue-proc-/com/stefanolupo/ndngame/0/nodeC/status/sync-1] (BasePublisher.java:98) - /com/stefanolupo/ndngame/0/nodeC/status/sync: Saw duplicate sn requests
 WARN [bp-queue-proc-/com/stefanolupo/ndngame/0/nodeC/status/sync-1] (BasePublisher.java:99) - [0=2]
3/20/19, 1:57:55 AM ============================================================

-- Gauges ----------------------------------------------------------------------
pub-update-percentage-nodeC-blocks-sync
             value = 0.0018587360594795538
pub-update-percentage-nodeC-status-sync
             value = 0.49804796430563303

-- Counters --------------------------------------------------------------------
sub-blocks-interestscounter-nodeA
             count = 15
sub-blocks-interestscounter-nodeB
             count = 15
sub-blocks-interestscounter-nodeD
             count = 15
sub-projectiles-interestscounter-nodeA
             count = 23
sub-projectiles-interestscounter-nodeB
             count = 26
sub-projectiles-interestscounter-nodeD
             count = 25
sub-status-interestscounter-nodeA
             count = 531
sub-status-interestscounter-nodeB
             count = 524
sub-status-interestscounter-nodeD
             count = 527

-- Histograms ------------------------------------------------------------------
eng-status-delta-nodeA
             count = 525
               min = 0
               max = 131
              mean = 3.85
            stddev = 14.11
            median = 0.00
              75% <= 0.00
              95% <= 22.00
              98% <= 41.00
              99% <= 100.00
            99.9% <= 131.00
eng-status-delta-nodeB
             count = 518
               min = 0
               max = 126
              mean = 3.74
            stddev = 12.76
            median = 0.00
              75% <= 0.00
              95% <= 22.00
              98% <= 33.00
              99% <= 44.00
            99.9% <= 126.00
eng-status-delta-nodeD
             count = 519
               min = 0
               max = 193
              mean = 6.63
            stddev = 21.28
            median = 0.00
              75% <= 0.00
              95% <= 40.00
              98% <= 93.00
              99% <= 122.00
            99.9% <= 193.00
sub-blocks-rtt-nodeA
             count = 4
               min = 53
               max = 504
              mean = 307.93
            stddev = 168.04
            median = 296.00
              75% <= 504.00
              95% <= 504.00
              98% <= 504.00
              99% <= 504.00
            99.9% <= 504.00
sub-blocks-rtt-nodeB
             count = 4
               min = 57
               max = 440
              mean = 206.89
            stddev = 149.03
            median = 167.00
              75% <= 440.00
              95% <= 440.00
              98% <= 440.00
              99% <= 440.00
            99.9% <= 440.00
sub-blocks-rtt-nodeD
             count = 4
               min = 216
               max = 644
              mean = 349.53
            stddev = 173.04
            median = 251.00
              75% <= 644.00
              95% <= 644.00
              98% <= 644.00
              99% <= 644.00
            99.9% <= 644.00
sub-projectiles-rtt-nodeA
             count = 12
               min = 41
               max = 1000
              mean = 659.26
            stddev = 237.53
            median = 666.00
              75% <= 816.00
              95% <= 1000.00
              98% <= 1000.00
              99% <= 1000.00
            99.9% <= 1000.00
sub-projectiles-rtt-nodeB
             count = 12
               min = 16
               max = 950
              mean = 418.07
            stddev = 323.13
            median = 516.00
              75% <= 676.00
              95% <= 950.00
              98% <= 950.00
              99% <= 950.00
            99.9% <= 950.00
sub-projectiles-rtt-nodeD
             count = 12
               min = 9
               max = 950
              mean = 491.72
            stddev = 302.05
            median = 568.00
              75% <= 788.00
              95% <= 950.00
              98% <= 950.00
              99% <= 950.00
            99.9% <= 950.00
sub-status-rtt-nodeA
             count = 530
               min = 1
               max = 101
              mean = 35.29
            stddev = 10.42
            median = 33.00
              75% <= 34.00
              95% <= 59.00
              98% <= 67.00
              99% <= 67.00
            99.9% <= 101.00
sub-status-rtt-nodeB
             count = 524
               min = 7
               max = 92
              mean = 35.74
            stddev = 10.67
            median = 33.00
              75% <= 34.00
              95% <= 66.00
              98% <= 67.00
              99% <= 72.00
            99.9% <= 92.00
sub-status-rtt-nodeD
             count = 527
               min = 2
               max = 75
              mean = 35.47
            stddev = 10.94
            median = 33.00
              75% <= 34.00
              95% <= 66.00
              98% <= 67.00
              99% <= 67.00
            99.9% <= 75.00

-- Meters ----------------------------------------------------------------------
pub-interest-rate-nodeC-blocks-sync
             count = 29
         mean rate = 1.55 events/second
     1-minute rate = 1.29 events/second
     5-minute rate = 1.22 events/second
    15-minute rate = 1.21 events/second
pub-interest-rate-nodeC-projectiles-sync
             count = 28
         mean rate = 1.49 events/second
     1-minute rate = 1.57 events/second
     5-minute rate = 1.59 events/second
    15-minute rate = 1.60 events/second
pub-interest-rate-nodeC-status-sync
             count = 529
         mean rate = 28.22 events/second
     1-minute rate = 28.48 events/second
     5-minute rate = 28.57 events/second
    15-minute rate = 28.59 events/second


 WARN [bp-queue-proc-/com/stefanolupo/ndngame/0/nodeC/blocks/sync-1] (BasePublisher.java:98) - /com/stefanolupo/ndngame/0/nodeC/blocks/sync: Saw duplicate sn requests
 WARN [bp-queue-proc-/com/stefanolupo/ndngame/0/nodeC/blocks/sync-1] (BasePublisher.java:99) - [0=2, 12=15, 11=15, 8=2, 10=7, 14=3]
 WARN [bp-queue-proc-/com/stefanolupo/ndngame/0/nodeC/status/sync-1] (BasePublisher.java:98) - /com/stefanolupo/ndngame/0/nodeC/status/sync: Saw duplicate sn requests
 WARN [bp-queue-proc-/com/stefanolupo/ndngame/0/nodeC/status/sync-1] (BasePublisher.java:99) - [2962=2, 0=2, 2662=2, 2828=2]
3/20/19, 1:58:25 AM ============================================================

-- Gauges ----------------------------------------------------------------------
pub-update-percentage-nodeC-blocks-sync
             value = 0.0019498607242339832
pub-update-percentage-nodeC-status-sync
             value = 0.49839810558573616

-- Counters --------------------------------------------------------------------
sub-blocks-interestscounter-nodeA
             count = 44
sub-blocks-interestscounter-nodeB
             count = 42
sub-blocks-interestscounter-nodeD
             count = 43
sub-projectiles-interestscounter-nodeA
             count = 63
sub-projectiles-interestscounter-nodeB
             count = 66
sub-projectiles-interestscounter-nodeD
             count = 64
sub-status-interestscounter-nodeA
             count = 1353
sub-status-interestscounter-nodeB
             count = 1362
sub-status-interestscounter-nodeD
             count = 1355

-- Histograms ------------------------------------------------------------------
eng-status-delta-nodeA
             count = 1347
               min = 0
               max = 133
              mean = 3.39
            stddev = 11.31
            median = 0.00
              75% <= 0.00
              95% <= 22.00
              98% <= 31.00
              99% <= 33.00
            99.9% <= 133.00
eng-status-delta-nodeB
             count = 1355
               min = 0
               max = 126
              mean = 3.04
            stddev = 10.56
            median = 0.00
              75% <= 0.00
              95% <= 16.00
              98% <= 22.00
              99% <= 39.00
            99.9% <= 126.00
eng-status-delta-nodeD
             count = 1343
               min = 0
               max = 270
              mean = 26.22
            stddev = 43.77
            median = 11.00
              75% <= 30.00
              95% <= 122.00
              98% <= 193.00
              99% <= 217.00
            99.9% <= 270.00
sub-blocks-rtt-nodeA
             count = 5
               min = 53
               max = 504
              mean = 303.74
            stddev = 138.27
            median = 296.00
              75% <= 388.00
              95% <= 504.00
              98% <= 504.00
              99% <= 504.00
            99.9% <= 504.00
sub-blocks-rtt-nodeB
             count = 7
               min = 57
               max = 934
              mean = 372.96
            stddev = 290.87
            median = 237.00
              75% <= 440.00
              95% <= 934.00
              98% <= 934.00
              99% <= 934.00
            99.9% <= 934.00
sub-blocks-rtt-nodeD
             count = 6
               min = 178
               max = 644
              mean = 275.16
            stddev = 152.45
            median = 216.00
              75% <= 288.00
              95% <= 644.00
              98% <= 644.00
              99% <= 644.00
            99.9% <= 644.00
sub-projectiles-rtt-nodeA
             count = 27
               min = 4
               max = 1000
              mean = 480.88
            stddev = 280.61
            median = 517.00
              75% <= 682.00
              95% <= 949.00
              98% <= 1000.00
              99% <= 1000.00
            99.9% <= 1000.00
sub-projectiles-rtt-nodeB
             count = 27
               min = 16
               max = 986
              mean = 363.30
            stddev = 333.44
            median = 299.00
              75% <= 666.00
              95% <= 971.00
              98% <= 986.00
              99% <= 986.00
            99.9% <= 986.00
sub-projectiles-rtt-nodeD
             count = 27
               min = 9
               max = 999
              mean = 465.52
            stddev = 319.25
            median = 517.00
              75% <= 682.00
              95% <= 999.00
              98% <= 999.00
              99% <= 999.00
            99.9% <= 999.00
sub-status-rtt-nodeA
             count = 1352
               min = 1
               max = 87
              mean = 36.02
            stddev = 10.26
            median = 33.00
              75% <= 34.00
              95% <= 66.00
              98% <= 67.00
              99% <= 67.00
            99.9% <= 87.00
sub-status-rtt-nodeB
             count = 1361
               min = 1
               max = 102
              mean = 35.64
            stddev = 11.05
            median = 33.00
              75% <= 34.00
              95% <= 66.00
              98% <= 67.00
              99% <= 70.00
            99.9% <= 92.00
sub-status-rtt-nodeD
             count = 1354
               min = 2
               max = 84
              mean = 35.96
            stddev = 11.41
            median = 33.00
              75% <= 34.00
              95% <= 66.00
              98% <= 67.00
              99% <= 67.00
            99.9% <= 84.00

-- Meters ----------------------------------------------------------------------
pub-interest-rate-nodeC-blocks-sync
             count = 70
         mean rate = 1.44 events/second
     1-minute rate = 1.32 events/second
     5-minute rate = 1.23 events/second
    15-minute rate = 1.21 events/second
pub-interest-rate-nodeC-projectiles-sync
             count = 69
         mean rate = 1.42 events/second
     1-minute rate = 1.49 events/second
     5-minute rate = 1.57 events/second
    15-minute rate = 1.59 events/second
pub-interest-rate-nodeC-status-sync
             count = 1380
         mean rate = 28.31 events/second
     1-minute rate = 28.46 events/second
     5-minute rate = 28.56 events/second
    15-minute rate = 28.59 events/second


 WARN [bp-queue-proc-/com/stefanolupo/ndngame/0/nodeC/blocks/sync-1] (BasePublisher.java:98) - /com/stefanolupo/ndngame/0/nodeC/blocks/sync: Saw duplicate sn requests
 WARN [bp-queue-proc-/com/stefanolupo/ndngame/0/nodeC/blocks/sync-1] (BasePublisher.java:99) - [14=14, 12=29, 0=2, 11=15, 8=2, 10=7]
 WARN [bp-queue-proc-/com/stefanolupo/ndngame/0/nodeC/status/sync-1] (BasePublisher.java:98) - /com/stefanolupo/ndngame/0/nodeC/status/sync: Saw duplicate sn requests
 WARN [bp-queue-proc-/com/stefanolupo/ndngame/0/nodeC/status/sync-1] (BasePublisher.java:99) - [2962=2, 0=2, 2662=2, 3412=2, 2828=2]
 WARN [bp-queue-proc-/com/stefanolupo/ndngame/0/nodeC/blocks/sync-1] (BasePublisher.java:98) - /com/stefanolupo/ndngame/0/nodeC/blocks/sync: Saw duplicate sn requests
 WARN [bp-queue-proc-/com/stefanolupo/ndngame/0/nodeC/blocks/sync-1] (BasePublisher.java:99) - [14=14, 22=7, 0=2, 17=2, 11=15, 18=4, 19=11, 8=2, 21=8, 10=7, 12=34]
 WARN [bp-queue-proc-/com/stefanolupo/ndngame/0/nodeC/status/sync-1] (BasePublisher.java:98) - /com/stefanolupo/ndngame/0/nodeC/status/sync: Saw duplicate sn requests
 WARN [bp-queue-proc-/com/stefanolupo/ndngame/0/nodeC/status/sync-1] (BasePublisher.java:99) - [2962=2, 0=2, 2662=2, 3412=2, 2828=2]
3/20/19, 1:58:55 AM ============================================================

-- Gauges ----------------------------------------------------------------------
pub-update-percentage-nodeC-blocks-sync
             value = 0.0023385300668151447
pub-update-percentage-nodeC-status-sync
             value = 0.49838512083750974

-- Counters --------------------------------------------------------------------
sub-blocks-interestscounter-nodeA
             count = 73
sub-blocks-interestscounter-nodeB
             count = 70
sub-blocks-interestscounter-nodeD
             count = 73
sub-projectiles-interestscounter-nodeA
             count = 102
sub-projectiles-interestscounter-nodeB
             count = 104
sub-projectiles-interestscounter-nodeD
             count = 102
sub-status-interestscounter-nodeA
             count = 2148
sub-status-interestscounter-nodeB
             count = 2190
sub-status-interestscounter-nodeD
             count = 2198

-- Histograms ------------------------------------------------------------------
eng-status-delta-nodeA
             count = 2140
               min = 0
               max = 133
              mean = 2.99
            stddev = 9.82
            median = 0.00
              75% <= 0.00
              95% <= 22.00
              98% <= 31.00
              99% <= 44.00
            99.9% <= 131.00
eng-status-delta-nodeB
             count = 2183
               min = 0
               max = 126
              mean = 2.62
            stddev = 8.67
            median = 0.00
              75% <= 0.00
              95% <= 16.00
              98% <= 22.00
              99% <= 33.00
            99.9% <= 126.00
eng-status-delta-nodeD
             count = 2185
               min = 0
               max = 244
              mean = 11.19
            stddev = 27.97
            median = 0.00
              75% <= 11.00
              95% <= 60.00
              98% <= 122.00
              99% <= 133.00
            99.9% <= 235.00
sub-blocks-rtt-nodeA
             count = 7
               min = 53
               max = 504
              mean = 227.71
            stddev = 126.18
            median = 173.00
              75% <= 296.00
              95% <= 504.00
              98% <= 504.00
              99% <= 504.00
            99.9% <= 504.00
sub-blocks-rtt-nodeB
             count = 9
               min = 57
               max = 934
              mean = 428.27
            stddev = 241.58
            median = 440.00
              75% <= 562.00
              95% <= 934.00
              98% <= 934.00
              99% <= 934.00
            99.9% <= 934.00
sub-blocks-rtt-nodeD
             count = 6
               min = 178
               max = 644
              mean = 275.16
            stddev = 152.45
            median = 216.00
              75% <= 288.00
              95% <= 644.00
              98% <= 644.00
              99% <= 644.00
            99.9% <= 644.00
sub-projectiles-rtt-nodeA
             count = 42
               min = 4
               max = 1000
              mean = 447.19
            stddev = 270.42
            median = 516.00
              75% <= 633.00
              95% <= 816.00
              98% <= 949.00
              99% <= 1000.00
            99.9% <= 1000.00
sub-projectiles-rtt-nodeB
             count = 41
               min = 4
               max = 986
              mean = 400.02
            stddev = 311.18
            median = 502.00
              75% <= 533.00
              95% <= 950.00
              98% <= 971.00
              99% <= 986.00
            99.9% <= 986.00
sub-projectiles-rtt-nodeD
             count = 42
               min = 9
               max = 999
              mean = 470.49
            stddev = 294.59
            median = 519.00
              75% <= 682.00
              95% <= 950.00
              98% <= 999.00
              99% <= 999.00
            99.9% <= 999.00
sub-status-rtt-nodeA
             count = 2147
               min = 1
               max = 87
              mean = 36.77
            stddev = 11.14
            median = 33.00
              75% <= 34.00
              95% <= 67.00
              98% <= 67.00
              99% <= 68.00
            99.9% <= 82.00
sub-status-rtt-nodeB
             count = 2189
               min = 1
               max = 102
              mean = 35.72
            stddev = 11.11
            median = 33.00
              75% <= 34.00
              95% <= 66.00
              98% <= 67.00
              99% <= 68.00
            99.9% <= 101.00
sub-status-rtt-nodeD
             count = 2197
               min = 2
               max = 84
              mean = 35.85
            stddev = 10.51
            median = 33.00
              75% <= 34.00
              95% <= 66.00
              98% <= 67.00
              99% <= 67.00
            99.9% <= 83.00

-- Meters ----------------------------------------------------------------------
pub-interest-rate-nodeC-blocks-sync
             count = 125
         mean rate = 1.59 events/second
     1-minute rate = 1.52 events/second
     5-minute rate = 1.29 events/second
    15-minute rate = 1.23 events/second
pub-interest-rate-nodeC-projectiles-sync
             count = 104
         mean rate = 1.32 events/second
     1-minute rate = 1.32 events/second
     5-minute rate = 1.53 events/second
    15-minute rate = 1.57 events/second
pub-interest-rate-nodeC-status-sync
             count = 2220
         mean rate = 28.20 events/second
     1-minute rate = 28.28 events/second
     5-minute rate = 28.51 events/second
    15-minute rate = 28.57 events/second


 WARN [bp-queue-proc-/com/stefanolupo/ndngame/0/nodeC/blocks/sync-1] (BasePublisher.java:98) - /com/stefanolupo/ndngame/0/nodeC/blocks/sync: Saw duplicate sn requests
 WARN [bp-queue-proc-/com/stefanolupo/ndngame/0/nodeC/blocks/sync-1] (BasePublisher.java:99) - [14=14, 21=20, 0=2, 22=20, 17=2, 11=15, 18=4, 19=26, 8=2, 10=7, 12=34]
 WARN [bp-queue-proc-/com/stefanolupo/ndngame/0/nodeC/status/sync-1] (BasePublisher.java:98) - /com/stefanolupo/ndngame/0/nodeC/status/sync: Saw duplicate sn requests
 WARN [bp-queue-proc-/com/stefanolupo/ndngame/0/nodeC/status/sync-1] (BasePublisher.java:99) - [2962=2, 0=2, 2662=2, 3412=2, 4586=2, 2828=2]
DEBUG [bp-queue-proc-/com/stefanolupo/ndngame/0/nodeC/status/sync-0] (BasePublisher.java:156) - Had Update but /com/stefanolupo/ndngame/0/nodeC/status/sync/4829/0/0 already had sn 4829
DEBUG [HeadlessApplication] (ProjectileCollisionSystem.java:108) - Bullet hit me, notifying owner and decreasing my health
3/20/19, 1:59:25 AM ============================================================

-- Gauges ----------------------------------------------------------------------
pub-update-percentage-nodeC-blocks-sync
             value = 0.0025974025974025974
pub-update-percentage-nodeC-status-sync
             value = 0.4980981538176083

-- Counters --------------------------------------------------------------------
sub-blocks-interestscounter-nodeA
             count = 100
sub-blocks-interestscounter-nodeB
             count = 97
sub-blocks-interestscounter-nodeD
             count = 102
sub-projectiles-interestscounter-nodeA
             count = 141
sub-projectiles-interestscounter-nodeB
             count = 143
sub-projectiles-interestscounter-nodeD
             count = 142
sub-status-interestscounter-nodeA
             count = 2968
sub-status-interestscounter-nodeB
             count = 3034
sub-status-interestscounter-nodeD
             count = 3036

-- Histograms ------------------------------------------------------------------
eng-status-delta-nodeA
             count = 2959
               min = 0
               max = 133
              mean = 3.45
            stddev = 12.20
            median = 0.00
              75% <= 0.00
              95% <= 22.00
              98% <= 31.00
              99% <= 47.00
            99.9% <= 126.00
eng-status-delta-nodeB
             count = 3026
               min = 0
               max = 122
              mean = 2.48
            stddev = 8.38
            median = 0.00
              75% <= 0.00
              95% <= 11.00
              98% <= 22.00
              99% <= 31.00
            99.9% <= 122.00
eng-status-delta-nodeD
             count = 3021
               min = 0
               max = 235
              mean = 6.05
            stddev = 18.58
            median = 0.00
              75% <= 0.00
              95% <= 31.00
              98% <= 63.00
              99% <= 91.00
            99.9% <= 217.00
sub-blocks-rtt-nodeA
             count = 9
               min = 53
               max = 765
              mean = 334.13
            stddev = 234.26
            median = 230.00
              75% <= 388.00
              95% <= 765.00
              98% <= 765.00
              99% <= 765.00
            99.9% <= 765.00
sub-blocks-rtt-nodeB
             count = 12
               min = 49
               max = 934
              mean = 366.29
            stddev = 266.05
            median = 386.00
              75% <= 562.00
              95% <= 934.00
              98% <= 934.00
              99% <= 934.00
            99.9% <= 934.00
sub-blocks-rtt-nodeD
             count = 7
               min = 161
               max = 644
              mean = 235.33
            stddev = 134.51
            median = 189.00
              75% <= 251.00
              95% <= 644.00
              98% <= 644.00
              99% <= 644.00
            99.9% <= 644.00
sub-projectiles-rtt-nodeA
             count = 57
               min = 4
               max = 1000
              mean = 413.04
            stddev = 263.65
            median = 502.00
              75% <= 599.00
              95% <= 800.00
              98% <= 828.00
              99% <= 949.00
            99.9% <= 1000.00
sub-projectiles-rtt-nodeB
             count = 58
               min = 4
               max = 1000
              mean = 427.69
            stddev = 312.03
            median = 516.00
              75% <= 666.00
              95% <= 950.00
              98% <= 1000.00
              99% <= 1000.00
            99.9% <= 1000.00
sub-projectiles-rtt-nodeD
             count = 59
               min = 9
               max = 999
              mean = 428.33
            stddev = 281.99
            median = 517.00
              75% <= 599.00
              95% <= 816.00
              98% <= 999.00
              99% <= 999.00
            99.9% <= 999.00
sub-status-rtt-nodeA
             count = 2967
               min = 7
               max = 125
              mean = 36.80
            stddev = 11.57
            median = 33.00
              75% <= 34.00
              95% <= 67.00
              98% <= 67.00
              99% <= 68.00
            99.9% <= 125.00
sub-status-rtt-nodeB
             count = 3033
               min = 1
               max = 101
              mean = 35.59
            stddev = 10.68
            median = 33.00
              75% <= 34.00
              95% <= 66.00
              98% <= 67.00
              99% <= 67.00
            99.9% <= 73.00
sub-status-rtt-nodeD
             count = 3035
               min = 2
               max = 84
              mean = 35.85
            stddev = 10.35
            median = 33.00
              75% <= 34.00
              95% <= 66.00
              98% <= 67.00
              99% <= 67.00
            99.9% <= 84.00

-- Meters ----------------------------------------------------------------------
pub-interest-rate-nodeC-blocks-sync
             count = 188
         mean rate = 1.73 events/second
     1-minute rate = 1.75 events/second
     5-minute rate = 1.36 events/second
    15-minute rate = 1.26 events/second
pub-interest-rate-nodeC-projectiles-sync
             count = 141
         mean rate = 1.30 events/second
     1-minute rate = 1.31 events/second
     5-minute rate = 1.50 events/second
    15-minute rate = 1.57 events/second
pub-interest-rate-nodeC-status-sync
             count = 3059
         mean rate = 28.13 events/second
     1-minute rate = 28.24 events/second
     5-minute rate = 28.48 events/second
    15-minute rate = 28.55 events/second


DEBUG [HeadlessApplication] (ProjectileCollisionSystem.java:108) - Bullet hit me, notifying owner and decreasing my health
 WARN [bp-queue-proc-/com/stefanolupo/ndngame/0/nodeC/blocks/sync-1] (BasePublisher.java:98) - /com/stefanolupo/ndngame/0/nodeC/blocks/sync: Saw duplicate sn requests
 WARN [bp-queue-proc-/com/stefanolupo/ndngame/0/nodeC/blocks/sync-1] (BasePublisher.java:99) - [14=14, 0=2, 21=22, 11=15, 8=2, 10=7, 12=34, 25=11, 17=2, 19=32, 27=8, 22=35, 18=4]
 WARN [bp-queue-proc-/com/stefanolupo/ndngame/0/nodeC/status/sync-1] (BasePublisher.java:98) - /com/stefanolupo/ndngame/0/nodeC/status/sync: Saw duplicate sn requests
 WARN [bp-queue-proc-/com/stefanolupo/ndngame/0/nodeC/status/sync-1] (BasePublisher.java:99) - [2962=2, 0=2, 2662=2, 3412=2, 4586=2, 5306=2, 4927=2, 5036=2, 2828=2]
DEBUG [HeadlessApplication] (ProjectileCollisionSystem.java:108) - Bullet hit me, notifying owner and decreasing my health
DEBUG [HeadlessApplication] (ProjectileCollisionSystem.java:108) - Bullet hit me, notifying owner and decreasing my health
 WARN [bp-queue-proc-/com/stefanolupo/ndngame/0/nodeC/blocks/sync-1] (BasePublisher.java:98) - /com/stefanolupo/ndngame/0/nodeC/blocks/sync: Saw duplicate sn requests
 WARN [bp-queue-proc-/com/stefanolupo/ndngame/0/nodeC/blocks/sync-1] (BasePublisher.java:99) - [14=14, 0=2, 21=22, 11=15, 33=7, 32=9, 8=2, 25=21, 10=7, 12=34, 31=16, 17=2, 19=32, 27=8, 22=35, 18=4, 30=7]
 WARN [bp-queue-proc-/com/stefanolupo/ndngame/0/nodeC/status/sync-1] (BasePublisher.java:98) - /com/stefanolupo/ndngame/0/nodeC/status/sync: Saw duplicate sn requests
 WARN [bp-queue-proc-/com/stefanolupo/ndngame/0/nodeC/status/sync-1] (BasePublisher.java:99) - [2962=2, 0=2, 5665=2, 2662=2, 3412=2, 4586=2, 5306=2, 4927=2, 2828=2, 5036=2]
DEBUG [HeadlessApplication] (ProjectileCollisionSystem.java:108) - Bullet hit me, notifying owner and decreasing my health
3/20/19, 1:59:55 AM ============================================================

-- Gauges ----------------------------------------------------------------------
pub-update-percentage-nodeC-blocks-sync
             value = 0.0023847376788553257
pub-update-percentage-nodeC-status-sync
             value = 0.49844979728118294

-- Counters --------------------------------------------------------------------
sub-blocks-interestscounter-nodeA
             count = 130
sub-blocks-interestscounter-nodeB
             count = 127
sub-blocks-interestscounter-nodeD
             count = 132
sub-projectiles-interestscounter-nodeA
             count = 179
sub-projectiles-interestscounter-nodeB
             count = 181
sub-projectiles-interestscounter-nodeD
             count = 181
sub-status-interestscounter-nodeA
             count = 3773
sub-status-interestscounter-nodeB
             count = 3842
sub-status-interestscounter-nodeD
             count = 3850

-- Histograms ------------------------------------------------------------------
eng-status-delta-nodeA
             count = 3761
               min = 0
               max = 133
              mean = 3.75
            stddev = 10.80
            median = 0.00
              75% <= 0.00
              95% <= 22.00
              98% <= 35.00
              99% <= 50.00
            99.9% <= 126.00
eng-status-delta-nodeB
             count = 3831
               min = 0
               max = 42
              mean = 2.21
            stddev = 5.64
            median = 0.00
              75% <= 0.00
              95% <= 13.00
              98% <= 22.00
              99% <= 25.00
            99.9% <= 33.00
eng-status-delta-nodeD
             count = 3834
               min = 0
               max = 217
              mean = 4.32
            stddev = 12.84
            median = 0.00
              75% <= 0.00
              95% <= 31.00
              98% <= 44.00
              99% <= 63.00
            99.9% <= 122.00
sub-blocks-rtt-nodeA
             count = 9
               min = 53
               max = 765
              mean = 334.13
            stddev = 234.26
            median = 230.00
              75% <= 388.00
              95% <= 765.00
              98% <= 765.00
              99% <= 765.00
            99.9% <= 765.00
sub-blocks-rtt-nodeB
             count = 12
               min = 49
               max = 934
              mean = 366.29
            stddev = 266.05
            median = 386.00
              75% <= 562.00
              95% <= 934.00
              98% <= 934.00
              99% <= 934.00
            99.9% <= 934.00
sub-blocks-rtt-nodeD
             count = 7
               min = 161
               max = 644
              mean = 235.33
            stddev = 134.51
            median = 189.00
              75% <= 251.00
              95% <= 644.00
              98% <= 644.00
              99% <= 644.00
            99.9% <= 644.00
sub-projectiles-rtt-nodeA
             count = 72
               min = 4
               max = 1000
              mean = 417.67
            stddev = 274.10
            median = 466.00
              75% <= 616.00
              95% <= 816.00
              98% <= 899.00
              99% <= 899.00
            99.9% <= 1000.00
sub-projectiles-rtt-nodeB
             count = 72
               min = 4
               max = 1000
              mean = 415.14
            stddev = 312.03
            median = 500.00
              75% <= 683.00
              95% <= 883.00
              98% <= 986.00
              99% <= 1000.00
            99.9% <= 1000.00
sub-projectiles-rtt-nodeD
             count = 73
               min = 1
               max = 999
              mean = 386.85
            stddev = 302.54
            median = 476.00
              75% <= 583.00
              95% <= 869.00
              98% <= 969.00
              99% <= 999.00
            99.9% <= 999.00
sub-status-rtt-nodeA
             count = 3772
               min = 3
               max = 88
              mean = 37.76
            stddev = 13.00
            median = 33.00
              75% <= 34.00
              95% <= 67.00
              98% <= 67.00
              99% <= 74.00
            99.9% <= 88.00
sub-status-rtt-nodeB
             count = 3841
               min = 2
               max = 83
              mean = 36.57
            stddev = 12.00
            median = 33.00
              75% <= 34.00
              95% <= 67.00
              98% <= 67.00
              99% <= 67.00
            99.9% <= 83.00
sub-status-rtt-nodeD
             count = 3849
               min = 11
               max = 96
              mean = 36.75
            stddev = 12.08
            median = 33.00
              75% <= 34.00
              95% <= 67.00
              98% <= 67.00
              99% <= 69.00
            99.9% <= 96.00

-- Meters ----------------------------------------------------------------------
pub-interest-rate-nodeC-blocks-sync
             count = 258
         mean rate = 1.86 events/second
     1-minute rate = 1.98 events/second
     5-minute rate = 1.45 events/second
    15-minute rate = 1.29 events/second
pub-interest-rate-nodeC-projectiles-sync
             count = 175
         mean rate = 1.26 events/second
     1-minute rate = 1.25 events/second
     5-minute rate = 1.47 events/second
    15-minute rate = 1.55 events/second
pub-interest-rate-nodeC-status-sync
             count = 3896
         mean rate = 28.08 events/second
     1-minute rate = 28.01 events/second
     5-minute rate = 28.40 events/second
    15-minute rate = 28.53 events/second


DEBUG [HeadlessApplication] (ProjectileCollisionSystem.java:108) - Bullet hit me, notifying owner and decreasing my health
 WARN [bp-queue-proc-/com/stefanolupo/ndngame/0/nodeC/blocks/sync-1] (BasePublisher.java:98) - /com/stefanolupo/ndngame/0/nodeC/blocks/sync: Saw duplicate sn requests
 WARN [bp-queue-proc-/com/stefanolupo/ndngame/0/nodeC/blocks/sync-1] (BasePublisher.java:99) - [14=14, 0=2, 31=29, 21=22, 11=15, 8=2, 25=21, 10=7, 12=34, 17=2, 19=32, 27=8, 32=21, 22=35, 33=23, 18=4, 30=7]
 WARN [bp-queue-proc-/com/stefanolupo/ndngame/0/nodeC/status/sync-1] (BasePublisher.java:98) - /com/stefanolupo/ndngame/0/nodeC/status/sync: Saw duplicate sn requests
 WARN [bp-queue-proc-/com/stefanolupo/ndngame/0/nodeC/status/sync-1] (BasePublisher.java:99) - [2962=2, 0=2, 5665=2, 2662=2, 3412=2, 6164=2, 4586=2, 5306=2, 6186=2, 4927=2, 2828=2, 5036=2]
DEBUG [HeadlessApplication] (ProjectileCollisionSystem.java:108) - Bullet hit me, notifying owner and decreasing my health
DEBUG [HeadlessApplication] (ProjectileCollisionSystem.java:108) - Bullet hit me, notifying owner and decreasing my health
3/20/19, 2:00:25 AM ============================================================

-- Gauges ----------------------------------------------------------------------
pub-update-percentage-nodeC-blocks-sync
             value = 0.002573018080667594
pub-update-percentage-nodeC-status-sync
             value = 0.49864385562278324

-- Counters --------------------------------------------------------------------
sub-blocks-interestscounter-nodeA
             count = 159
sub-blocks-interestscounter-nodeB
             count = 154
sub-blocks-interestscounter-nodeD
             count = 160
sub-projectiles-interestscounter-nodeA
             count = 221
sub-projectiles-interestscounter-nodeB
             count = 224
sub-projectiles-interestscounter-nodeD
             count = 223
sub-status-interestscounter-nodeA
             count = 4612
sub-status-interestscounter-nodeB
             count = 4674
sub-status-interestscounter-nodeD
             count = 4684

-- Histograms ------------------------------------------------------------------
eng-status-delta-nodeA
             count = 4599
               min = 0
               max = 100
              mean = 2.88
            stddev = 9.45
            median = 0.00
              75% <= 0.00
              95% <= 22.00
              98% <= 31.00
              99% <= 44.00
            99.9% <= 100.00
eng-status-delta-nodeB
             count = 4659
               min = 0
               max = 126
              mean = 2.52
            stddev = 8.33
            median = 0.00
              75% <= 0.00
              95% <= 16.00
              98% <= 22.00
              99% <= 25.00
            99.9% <= 126.00
eng-status-delta-nodeD
             count = 4663
               min = 0
               max = 122
              mean = 4.34
            stddev = 13.54
            median = 0.00
              75% <= 0.00
              95% <= 30.00
              98% <= 41.00
              99% <= 87.00
            99.9% <= 122.00
sub-blocks-rtt-nodeA
             count = 10
               min = 53
               max = 765
              mean = 406.43
            stddev = 216.15
            median = 504.00
              75% <= 549.00
              95% <= 765.00
              98% <= 765.00
              99% <= 765.00
            99.9% <= 765.00
sub-blocks-rtt-nodeB
             count = 15
               min = 49
               max = 934
              mean = 549.99
            stddev = 297.42
            median = 490.00
              75% <= 814.00
              95% <= 921.00
              98% <= 934.00
              99% <= 934.00
            99.9% <= 934.00
sub-blocks-rtt-nodeD
             count = 9
               min = 161
               max = 644
              mean = 339.65
            stddev = 120.71
            median = 339.00
              75% <= 462.00
              95% <= 462.00
              98% <= 644.00
              99% <= 644.00
            99.9% <= 644.00
sub-projectiles-rtt-nodeA
             count = 88
               min = 4
               max = 1000
              mean = 352.87
            stddev = 277.17
            median = 201.00
              75% <= 567.00
              95% <= 800.00
              98% <= 828.00
              99% <= 899.00
            99.9% <= 1000.00
sub-projectiles-rtt-nodeB
             count = 93
               min = 4
               max = 1000
              mean = 408.31
            stddev = 276.01
            median = 500.00
              75% <= 550.00
              95% <= 817.00
              98% <= 914.00
              99% <= 986.00
            99.9% <= 1000.00
sub-projectiles-rtt-nodeD
             count = 92
               min = 1
               max = 999
              mean = 388.60
            stddev = 289.11
            median = 483.00
              75% <= 602.00
              95% <= 816.00
              98% <= 969.00
              99% <= 969.00
            99.9% <= 999.00
sub-status-rtt-nodeA
             count = 4611
               min = 10
               max = 90
              mean = 36.65
            stddev = 12.13
            median = 33.00
              75% <= 34.00
              95% <= 67.00
              98% <= 67.00
              99% <= 76.00
            99.9% <= 90.00
sub-status-rtt-nodeB
             count = 4674
               min = 2
               max = 84
              mean = 35.83
            stddev = 11.62
            median = 33.00
              75% <= 34.00
              95% <= 66.00
              98% <= 67.00
              99% <= 67.00
            99.9% <= 84.00
sub-status-rtt-nodeD
             count = 4683
               min = 10
               max = 173
              mean = 36.30
            stddev = 12.78
            median = 33.00
              75% <= 34.00
              95% <= 66.00
              98% <= 67.00
              99% <= 67.00
            99.9% <= 173.00

-- Meters ----------------------------------------------------------------------
pub-interest-rate-nodeC-blocks-sync
             count = 316
         mean rate = 1.87 events/second
     1-minute rate = 1.96 events/second
     5-minute rate = 1.50 events/second
    15-minute rate = 1.31 events/second
pub-interest-rate-nodeC-projectiles-sync
             count = 216
         mean rate = 1.28 events/second
     1-minute rate = 1.28 events/second
     5-minute rate = 1.46 events/second
    15-minute rate = 1.54 events/second
pub-interest-rate-nodeC-status-sync
             count = 4734
         mean rate = 28.06 events/second
     1-minute rate = 27.97 events/second
     5-minute rate = 28.36 events/second
    15-minute rate = 28.51 events/second


 WARN [bp-queue-proc-/com/stefanolupo/ndngame/0/nodeC/blocks/sync-1] (BasePublisher.java:98) - /com/stefanolupo/ndngame/0/nodeC/blocks/sync: Saw duplicate sn requests
 WARN [bp-queue-proc-/com/stefanolupo/ndngame/0/nodeC/blocks/sync-1] (BasePublisher.java:99) - [14=14, 38=7, 0=2, 31=29, 37=6, 21=22, 11=15, 39=2, 34=8, 8=2, 36=8, 25=21, 10=7, 12=34, 17=2, 19=32, 27=8, 22=35, 18=4, 30=7, 32=26, 33=26]
 WARN [bp-queue-proc-/com/stefanolupo/ndngame/0/nodeC/status/sync-1] (BasePublisher.java:98) - /com/stefanolupo/ndngame/0/nodeC/status/sync: Saw duplicate sn requests
 WARN [bp-queue-proc-/com/stefanolupo/ndngame/0/nodeC/status/sync-1] (BasePublisher.java:99) - [0=2, 5665=2, 2662=2, 6726=2, 4586=2, 6186=2, 6927=2, 2828=2, 5036=2, 2962=2, 7059=2, 7158=2, 3412=2, 6164=2, 5306=2, 4927=2]
DEBUG [HeadlessApplication] (ProjectileCollisionSystem.java:108) - Bullet hit me, notifying owner and decreasing my health
