DEBUG [main] (ConfigManager.java:33) - Initialized with properties: {local.player.status.updates.per.sec=30, facemanager.num.sub.threads.per.face=10, linear.interest.zone.filter.inner.radius=100, projectile.cache.size=20, local.player.status.use.dead.reckoning=false, block.publisher.freshness.period.ms=0, player.status.publisher.freshness.period.ms=0, base.publisher.queue.process.per.sec=60, projectile.sub.inter.interest.max.wait.time.ms=30, linear.interest.zone.filter.outer.radius=200, local.player.dead.reckoning.max.error=1, projectile.publisher.queue.process.multithread=true, statistics.logger.log.rate.sec=30, facemanager.max.num.pub.faces=1, facemanager.num.pub.threads.per.face=10, facemanager.max.num.sub.faces=1, block.sub.inter.interest.max.wait.time.ms=2000, projectile.publisher.queue.process.per.sec=60, base.publisher.queue.process.multithread=true, player.sub.inter.interest.max.wait.time.ms=30, linear.interest.zone.filter.enabled=false, projectile.publisher.freshness.period.ms=0}
WARNING: An illegal reflective access operation has occurred
WARNING: Illegal reflective access by com.google.inject.internal.cglib.core.$ReflectUtils$2 (file:/NdnGame/NdnGameLibGdxDesktop-1.0-SNAPSHOT.jar) to method java.lang.ClassLoader.defineClass(java.lang.String,byte[],int,int,java.security.ProtectionDomain)
WARNING: Please consider reporting this to the maintainers of com.google.inject.internal.cglib.core.$ReflectUtils$2
WARNING: Use --illegal-access=warn to enable warnings of further illegal reflective access operations
WARNING: All illegal access operations will be denied in a future release
DEBUG [main] (BackendModule.java:123) - Writing metrics to /metrics/nodeC
 INFO [main] (DesktopLauncher.java:49) - Launching headless game
 INFO [main] (DesktopLauncher.java:50) - LocalConfig{playerName='nodeC', isMasterView=false, isAutomated=true, automationType='wsp', isHeadless=true, gameId=0, screenWidth=600, screenHeight=600, targetFrameRate=60}
DEBUG [main] (AutomatedInputController.java:52) - Starting with automation type: wsp
DEBUG [main] (BasePublisher.java:67) - Registering /com/stefanolupo/ndngame/0/nodeC/blocks/sync
DEBUG [main] (BasePublisher.java:67) - Registering /com/stefanolupo/ndngame/0/nodeC/status/sync
Mar 20, 2019 1:22:17 AM net.named_data.jndn.Node$RegisterResponse onData
INFO: Register prefix succeeded with the NFD forwarder for prefix /com/stefanolupo/ndngame/0/nodeC/blocks/sync
Mar 20, 2019 1:22:17 AM net.named_data.jndn.Node$RegisterResponse onData
INFO: Register prefix succeeded with the NFD forwarder for prefix /com/stefanolupo/ndngame/0/nodeC/blocks/interact
Mar 20, 2019 1:22:17 AM net.named_data.jndn.Node$RegisterResponse onData
INFO: Register prefix succeeded with the NFD forwarder for prefix /com/stefanolupo/ndngame/0/nodeC/status/sync
Mar 20, 2019 1:22:17 AM net.named_data.jndn.Node$RegisterResponse onData
INFO: Register prefix succeeded with the NFD forwarder for prefix /com/stefanolupo/ndngame/0/nodeC/projectiles/sync
Mar 20, 2019 1:22:17 AM net.named_data.jndn.Node$RegisterResponse onData
INFO: Register prefix succeeded with the NFD forwarder for prefix /com/stefanolupo/ndngame/0/nodeC/projectiles/interact
Mar 20, 2019 1:22:21 AM net.named_data.jndn.Node$RegisterResponse onData
INFO: Register prefix succeeded with the NFD forwarder for prefix /com/stefanolupo/ndngame/0/config/broadcast
Mar 20, 2019 1:22:21 AM net.named_data.jndn.Node$RegisterResponse onData
INFO: Register prefix succeeded with the NFD forwarder for prefix /com/stefanolupo/ndngame/0/config/nodeC
 INFO [cs-/com/stefanolupo/ndngame/0/config/nodeC-0] (ChronoSynced.java:93) - Initialized ChronoSyncedMap for /com/stefanolupo/ndngame/0/config/nodeC
Mar 20, 2019 1:22:22 AM net.named_data.jndn.Node$RegisterResponse onData
INFO: Register prefix succeeded with the NFD forwarder for prefix /com/stefanolupo/ndngame/0/discovery/broadcast
Mar 20, 2019 1:22:22 AM net.named_data.jndn.Node$RegisterResponse onData
INFO: Register prefix succeeded with the NFD forwarder for prefix /com/stefanolupo/ndngame/0/discovery/nodeC
 INFO [cs-/com/stefanolupo/ndngame/0/discovery/nodeC-0] (ChronoSynced.java:93) - Initialized ChronoSyncedMap for /com/stefanolupo/ndngame/0/discovery/nodeC
DEBUG [bp-queue-proc-/com/stefanolupo/ndngame/0/nodeC/blocks/sync-1] (BasePublisher.java:96) - /com/stefanolupo/ndngame/0/nodeC/blocks/sync: No duplicate SN requests seen
DEBUG [bp-queue-proc-/com/stefanolupo/ndngame/0/nodeC/status/sync-1] (BasePublisher.java:96) - /com/stefanolupo/ndngame/0/nodeC/status/sync: No duplicate SN requests seen
3/20/19, 1:22:47 AM ============================================================

-- Gauges ----------------------------------------------------------------------
pub-update-percentage-nodeC-blocks-sync
             value = 0.0
pub-update-percentage-nodeC-status-sync
             value = 0.4977578475336323


DEBUG [bp-queue-proc-/com/stefanolupo/ndngame/0/nodeC/blocks/sync-1] (BasePublisher.java:96) - /com/stefanolupo/ndngame/0/nodeC/blocks/sync: No duplicate SN requests seen
DEBUG [bp-queue-proc-/com/stefanolupo/ndngame/0/nodeC/status/sync-1] (BasePublisher.java:96) - /com/stefanolupo/ndngame/0/nodeC/status/sync: No duplicate SN requests seen
3/20/19, 1:23:17 AM ============================================================

-- Gauges ----------------------------------------------------------------------
pub-update-percentage-nodeC-blocks-sync
             value = 0.0011157601115760112
pub-update-percentage-nodeC-status-sync
             value = 0.49888392857142855


DEBUG [bp-queue-proc-/com/stefanolupo/ndngame/0/nodeC/blocks/sync-1] (BasePublisher.java:96) - /com/stefanolupo/ndngame/0/nodeC/blocks/sync: No duplicate SN requests seen
DEBUG [bp-queue-proc-/com/stefanolupo/ndngame/0/nodeC/status/sync-1] (BasePublisher.java:96) - /com/stefanolupo/ndngame/0/nodeC/status/sync: No duplicate SN requests seen
 INFO [fm-pub-0-7] (ProjectilePublisher.java:134) - Creating interest meter
DEBUG [projectile-publisher-sender] (ProjectilePublisher.java:124) - Sending data /com/stefanolupo/ndngame/0/nodeC/projectiles/sync/0/110/1553045007731
DEBUG [projectile-publisher-sender] (ProjectilePublisher.java:124) - Sending data /com/stefanolupo/ndngame/0/nodeC/projectiles/sync/0/110/1553045007889
DEBUG [projectile-publisher-sender] (ProjectilePublisher.java:124) - Sending data /com/stefanolupo/ndngame/0/nodeC/projectiles/sync/0/110/1553045007938
 INFO [cs-/com/stefanolupo/ndngame/0/discovery/nodeC-0] (PlayerStatusSubscriber.java:59) - Adding subscription for nodeD
 INFO [cs-/com/stefanolupo/ndngame/0/discovery/nodeC-0] (BlockSubscriber.java:54) - Adding subscription for /com/stefanolupo/ndngame/0/nodeD/blocks/sync/0/0/0
 INFO [cs-/com/stefanolupo/ndngame/0/discovery/nodeC-0] (ProjectileSubscriber.java:53) - Adding subscription for /com/stefanolupo/ndngame/0/nodeD/projectiles/sync/0/0/0
 INFO [cs-/com/stefanolupo/ndngame/0/discovery/nodeC-0] (PlayerStatusSubscriber.java:59) - Adding subscription for nodeB
 INFO [cs-/com/stefanolupo/ndngame/0/discovery/nodeC-0] (PlayerStatusSubscriber.java:59) - Adding subscription for nodeA
 INFO [cs-/com/stefanolupo/ndngame/0/discovery/nodeC-0] (BlockSubscriber.java:54) - Adding subscription for /com/stefanolupo/ndngame/0/nodeB/blocks/sync/0/0/0
 INFO [cs-/com/stefanolupo/ndngame/0/discovery/nodeC-0] (BlockSubscriber.java:54) - Adding subscription for /com/stefanolupo/ndngame/0/nodeA/blocks/sync/0/0/0
 INFO [cs-/com/stefanolupo/ndngame/0/discovery/nodeC-0] (ProjectileSubscriber.java:53) - Adding subscription for /com/stefanolupo/ndngame/0/nodeB/projectiles/sync/0/0/0
 INFO [cs-/com/stefanolupo/ndngame/0/discovery/nodeC-0] (ProjectileSubscriber.java:53) - Adding subscription for /com/stefanolupo/ndngame/0/nodeA/projectiles/sync/0/0/0
ERROR [HeadlessApplication] (ProjectileCollisionSystem.java:62) - Type component was null for collision with PROJECTILE
DEBUG [HeadlessApplication] (ProjectileCollisionSystem.java:108) - Bullet hit me, notifying owner and decreasing my health
DEBUG [HeadlessApplication] (ProjectileCollisionSystem.java:108) - Bullet hit me, notifying owner and decreasing my health
DEBUG [projectile-publisher-sender] (ProjectilePublisher.java:124) - Sending data /com/stefanolupo/ndngame/0/nodeC/projectiles/sync/110/114/1553045013005
DEBUG [projectile-publisher-sender] (ProjectilePublisher.java:124) - Sending data /com/stefanolupo/ndngame/0/nodeC/projectiles/sync/114/115/1553045013521
DEBUG [projectile-publisher-sender] (ProjectilePublisher.java:124) - Sending data /com/stefanolupo/ndngame/0/nodeC/projectiles/sync/110/115/1553045013805
DEBUG [projectile-publisher-sender] (ProjectilePublisher.java:124) - Sending data /com/stefanolupo/ndngame/0/nodeC/projectiles/sync/110/115/1553045013938
DEBUG [projectile-publisher-sender] (ProjectilePublisher.java:124) - Sending data /com/stefanolupo/ndngame/0/nodeC/projectiles/sync/115/116/1553045014055
DEBUG [projectile-publisher-sender] (ProjectilePublisher.java:124) - Sending data /com/stefanolupo/ndngame/0/nodeC/projectiles/sync/116/120/1553045015021
DEBUG [projectile-publisher-sender] (ProjectilePublisher.java:124) - Sending data /com/stefanolupo/ndngame/0/nodeC/projectiles/sync/120/124/1553045015821
DEBUG [projectile-publisher-sender] (ProjectilePublisher.java:124) - Sending data /com/stefanolupo/ndngame/0/nodeC/projectiles/sync/124/128/1553045016338
DEBUG [projectile-publisher-sender] (ProjectilePublisher.java:124) - Sending data /com/stefanolupo/ndngame/0/nodeC/projectiles/sync/128/132/1553045017005
 WARN [bp-queue-proc-/com/stefanolupo/ndngame/0/nodeC/blocks/sync-1] (BasePublisher.java:98) - /com/stefanolupo/ndngame/0/nodeC/blocks/sync: Saw duplicate sn requests
 WARN [bp-queue-proc-/com/stefanolupo/ndngame/0/nodeC/blocks/sync-1] (BasePublisher.java:99) - [6=3, 0=7, 9=4]
 WARN [bp-queue-proc-/com/stefanolupo/ndngame/0/nodeC/status/sync-1] (BasePublisher.java:98) - /com/stefanolupo/ndngame/0/nodeC/status/sync: Saw duplicate sn requests
 WARN [bp-queue-proc-/com/stefanolupo/ndngame/0/nodeC/status/sync-1] (BasePublisher.java:99) - [2114=2, 0=2, 2247=2, 2180=2, 2219=2, 2379=2, 2345=2, 2287=2, 2317=2, 2226=2, 2160=2, 2166=2, 2295=2, 2132=2, 2271=2, 2141=2]
DEBUG [projectile-publisher-sender] (ProjectilePublisher.java:124) - Sending data /com/stefanolupo/ndngame/0/nodeC/projectiles/sync/132/136/1553045019021
DEBUG [projectile-publisher-sender] (ProjectilePublisher.java:124) - Sending data /com/stefanolupo/ndngame/0/nodeC/projectiles/sync/136/137/1553045020604
DEBUG [projectile-publisher-sender] (ProjectilePublisher.java:124) - Sending data /com/stefanolupo/ndngame/0/nodeC/projectiles/sync/136/137/1553045021054
DEBUG [projectile-publisher-sender] (ProjectilePublisher.java:124) - Sending data /com/stefanolupo/ndngame/0/nodeC/projectiles/sync/137/138/1553045023404
DEBUG [projectile-publisher-sender] (ProjectilePublisher.java:124) - Sending data /com/stefanolupo/ndngame/0/nodeC/projectiles/sync/138/139/1553045024988
3/20/19, 1:23:47 AM ============================================================

-- Gauges ----------------------------------------------------------------------
pub-update-percentage-nodeC-blocks-sync
             value = 0.002785515320334262
pub-update-percentage-nodeC-status-sync
             value = 0.4988855869242199

-- Counters --------------------------------------------------------------------
sub-blocks-interestscounter-nodeA
             count = 16
sub-blocks-interestscounter-nodeB
             count = 14
sub-blocks-interestscounter-nodeD
             count = 17
sub-projectiles-interestscounter-nodeA
             count = 25
sub-projectiles-interestscounter-nodeB
             count = 25
sub-projectiles-interestscounter-nodeD
             count = 25
sub-status-interestscounter-nodeA
             count = 412
sub-status-interestscounter-nodeB
             count = 418
sub-status-interestscounter-nodeD
             count = 396

-- Histograms ------------------------------------------------------------------
eng-status-delta-nodeA
             count = 407
               min = 0
               max = 251
              mean = 14.58
            stddev = 35.62
            median = 0.00
              75% <= 11.00
              95% <= 101.00
              98% <= 122.00
              99% <= 206.00
            99.9% <= 251.00
eng-status-delta-nodeB
             count = 413
               min = 0
               max = 89
              mean = 4.66
            stddev = 11.70
            median = 0.00
              75% <= 0.00
              95% <= 33.00
              98% <= 47.00
              99% <= 63.00
            99.9% <= 89.00
eng-status-delta-nodeD
             count = 391
               min = 0
               max = 122
              mean = 6.32
            stddev = 17.56
            median = 0.00
              75% <= 0.00
              95% <= 44.00
              98% <= 67.00
              99% <= 104.00
            99.9% <= 122.00
sub-blocks-rtt-nodeA
             count = 3
               min = 266
               max = 683
              mean = 480.51
            stddev = 165.78
            median = 496.00
              75% <= 683.00
              95% <= 683.00
              98% <= 683.00
              99% <= 683.00
            99.9% <= 683.00
sub-blocks-rtt-nodeB
             count = 5
               min = 152
               max = 603
              mean = 356.01
            stddev = 147.08
            median = 371.00
              75% <= 399.00
              95% <= 603.00
              98% <= 603.00
              99% <= 603.00
            99.9% <= 603.00
sub-blocks-rtt-nodeD
             count = 2
               min = 40
               max = 353
              mean = 203.54
            stddev = 156.34
            median = 353.00
              75% <= 353.00
              95% <= 353.00
              98% <= 353.00
              99% <= 353.00
            99.9% <= 353.00
sub-projectiles-rtt-nodeA
             count = 11
               min = 1
               max = 951
              mean = 484.54
            stddev = 320.80
            median = 569.00
              75% <= 798.00
              95% <= 951.00
              98% <= 951.00
              99% <= 951.00
            99.9% <= 951.00
sub-projectiles-rtt-nodeB
             count = 12
               min = 15
               max = 1000
              mean = 481.03
            stddev = 344.27
            median = 516.00
              75% <= 683.00
              95% <= 1000.00
              98% <= 1000.00
              99% <= 1000.00
            99.9% <= 1000.00
sub-projectiles-rtt-nodeD
             count = 10
               min = 15
               max = 964
              mean = 402.30
            stddev = 332.31
            median = 519.00
              75% <= 680.00
              95% <= 964.00
              98% <= 964.00
              99% <= 964.00
            99.9% <= 964.00
sub-status-rtt-nodeA
             count = 412
               min = 3
               max = 107
              mean = 45.64
            stddev = 19.10
            median = 34.00
              75% <= 66.00
              95% <= 82.00
              98% <= 88.00
              99% <= 100.00
            99.9% <= 107.00
sub-status-rtt-nodeB
             count = 417
               min = 3
               max = 107
              mean = 45.07
            stddev = 18.99
            median = 34.00
              75% <= 66.00
              95% <= 83.00
              98% <= 97.00
              99% <= 100.00
            99.9% <= 107.00
sub-status-rtt-nodeD
             count = 395
               min = 5
               max = 122
              mean = 47.49
            stddev = 19.69
            median = 42.00
              75% <= 66.00
              95% <= 83.00
              98% <= 88.00
              99% <= 105.00
            99.9% <= 122.00

-- Meters ----------------------------------------------------------------------
pub-interest-rate-nodeC-blocks-sync
             count = 37
         mean rate = 1.90 events/second
     1-minute rate = 1.49 events/second
     5-minute rate = 1.42 events/second
    15-minute rate = 1.41 events/second
pub-interest-rate-nodeC-projectiles-sync
             count = 29
         mean rate = 1.49 events/second
     1-minute rate = 1.46 events/second
     5-minute rate = 1.41 events/second
    15-minute rate = 1.40 events/second
pub-interest-rate-nodeC-status-sync
             count = 593
         mean rate = 30.47 events/second
     1-minute rate = 30.92 events/second
     5-minute rate = 30.98 events/second
    15-minute rate = 30.99 events/second


DEBUG [projectile-publisher-sender] (ProjectilePublisher.java:124) - Sending data /com/stefanolupo/ndngame/0/nodeC/projectiles/sync/139/140/1553045029421
DEBUG [projectile-publisher-sender] (ProjectilePublisher.java:124) - Sending data /com/stefanolupo/ndngame/0/nodeC/projectiles/sync/139/140/1553045030004
DEBUG [projectile-publisher-sender] (ProjectilePublisher.java:124) - Sending data /com/stefanolupo/ndngame/0/nodeC/projectiles/sync/140/144/1553045030621
DEBUG [projectile-publisher-sender] (ProjectilePublisher.java:124) - Sending data /com/stefanolupo/ndngame/0/nodeC/projectiles/sync/144/148/1553045032621
DEBUG [projectile-publisher-sender] (ProjectilePublisher.java:124) - Sending data /com/stefanolupo/ndngame/0/nodeC/projectiles/sync/144/148/1553045032654
DEBUG [HeadlessApplication] (ProjectileCollisionSystem.java:108) - Bullet hit me, notifying owner and decreasing my health
DEBUG [projectile-publisher-sender] (ProjectilePublisher.java:124) - Sending data /com/stefanolupo/ndngame/0/nodeC/projectiles/sync/148/149/1553045033137
DEBUG [projectile-publisher-sender] (ProjectilePublisher.java:124) - Sending data /com/stefanolupo/ndngame/0/nodeC/projectiles/sync/149/150/1553045035804
DEBUG [projectile-publisher-sender] (ProjectilePublisher.java:124) - Sending data /com/stefanolupo/ndngame/0/nodeC/projectiles/sync/149/150/1553045036154
DEBUG [projectile-publisher-sender] (ProjectilePublisher.java:124) - Sending data /com/stefanolupo/ndngame/0/nodeC/projectiles/sync/149/150/1553045036187
DEBUG [projectile-publisher-sender] (ProjectilePublisher.java:124) - Sending data /com/stefanolupo/ndngame/0/nodeC/projectiles/sync/150/151/1553045037087
 WARN [bp-queue-proc-/com/stefanolupo/ndngame/0/nodeC/blocks/sync-1] (BasePublisher.java:98) - /com/stefanolupo/ndngame/0/nodeC/blocks/sync: Saw duplicate sn requests
 WARN [bp-queue-proc-/com/stefanolupo/ndngame/0/nodeC/blocks/sync-1] (BasePublisher.java:99) - [9=9, 17=4, 6=3, 15=9, 0=7, 12=11, 16=9, 13=7]
 WARN [bp-queue-proc-/com/stefanolupo/ndngame/0/nodeC/status/sync-1] (BasePublisher.java:98) - /com/stefanolupo/ndngame/0/nodeC/status/sync: Saw duplicate sn requests
 WARN [bp-queue-proc-/com/stefanolupo/ndngame/0/nodeC/status/sync-1] (BasePublisher.java:99) - [2690=2, 0=2, 2180=2, 2949=2, 2570=2, 2698=2, 2440=2, 2317=2, 2971=2, 2584=2, 2590=2, 2460=2, 2844=2, 2730=2, 2219=2, 2472=2, 2345=2, 2857=2, 2985=2, 2606=2, 2226=2, 2487=2, 2748=2, 2876=2, 2114=2, 2499=2, 2247=2, 2631=2, 2379=2, 2509=2, 2515=2, 2513=2, 2769=2, 2902=2, 2132=2, 2520=2, 2777=2, 2271=2, 2783=2, 2141=2, 2658=2, 2912=2, 2287=2, 2668=2, 2413=2, 2925=2, 2160=2, 2166=2, 2806=2, 2295=2, 2686=2, 2943=2]
DEBUG [projectile-publisher-sender] (ProjectilePublisher.java:124) - Sending data /com/stefanolupo/ndngame/0/nodeC/projectiles/sync/151/152/1553045038204
DEBUG [projectile-publisher-sender] (ProjectilePublisher.java:124) - Sending data /com/stefanolupo/ndngame/0/nodeC/projectiles/sync/152/156/1553045038737
DEBUG [projectile-publisher-sender] (ProjectilePublisher.java:124) - Sending data /com/stefanolupo/ndngame/0/nodeC/projectiles/sync/156/160/1553045043420
DEBUG [projectile-publisher-sender] (ProjectilePublisher.java:124) - Sending data /com/stefanolupo/ndngame/0/nodeC/projectiles/sync/160/164/1553045047820
DEBUG [projectile-publisher-sender] (ProjectilePublisher.java:124) - Sending data /com/stefanolupo/ndngame/0/nodeC/projectiles/sync/160/164/1553045048487
DEBUG [projectile-publisher-sender] (ProjectilePublisher.java:124) - Sending data /com/stefanolupo/ndngame/0/nodeC/projectiles/sync/164/165/1553045049403
DEBUG [projectile-publisher-sender] (ProjectilePublisher.java:124) - Sending data /com/stefanolupo/ndngame/0/nodeC/projectiles/sync/165/166/1553045050620
DEBUG [projectile-publisher-sender] (ProjectilePublisher.java:124) - Sending data /com/stefanolupo/ndngame/0/nodeC/projectiles/sync/166/167/1553045052203
DEBUG [projectile-publisher-sender] (ProjectilePublisher.java:124) - Sending data /com/stefanolupo/ndngame/0/nodeC/projectiles/sync/166/167/1553045052653
DEBUG [projectile-publisher-sender] (ProjectilePublisher.java:124) - Sending data /com/stefanolupo/ndngame/0/nodeC/projectiles/sync/167/171/1553045054220
DEBUG [projectile-publisher-sender] (ProjectilePublisher.java:124) - Sending data /com/stefanolupo/ndngame/0/nodeC/projectiles/sync/171/172/1553045054736
3/20/19, 1:24:17 AM ============================================================

-- Gauges ----------------------------------------------------------------------
pub-update-percentage-nodeC-blocks-sync
             value = 0.0032011134307585246
pub-update-percentage-nodeC-status-sync
             value = 0.4991648106904232

-- Counters --------------------------------------------------------------------
sub-blocks-interestscounter-nodeA
             count = 46
sub-blocks-interestscounter-nodeB
             count = 43
sub-blocks-interestscounter-nodeD
             count = 45
sub-projectiles-interestscounter-nodeA
             count = 64
sub-projectiles-interestscounter-nodeB
             count = 65
sub-projectiles-interestscounter-nodeD
             count = 64
sub-status-interestscounter-nodeA
             count = 1028
sub-status-interestscounter-nodeB
             count = 1071
sub-status-interestscounter-nodeD
             count = 1037

-- Histograms ------------------------------------------------------------------
eng-status-delta-nodeA
             count = 1021
               min = 0
               max = 251
              mean = 10.51
            stddev = 25.41
            median = 0.00
              75% <= 11.00
              95% <= 63.00
              98% <= 101.00
              99% <= 122.00
            99.9% <= 217.00
eng-status-delta-nodeB
             count = 1063
               min = 0
               max = 208
              mean = 8.70
            stddev = 21.77
            median = 0.00
              75% <= 11.00
              95% <= 52.00
              98% <= 89.00
              99% <= 111.00
            99.9% <= 208.00
eng-status-delta-nodeD
             count = 1028
               min = 0
               max = 122
              mean = 5.04
            stddev = 14.10
            median = 0.00
              75% <= 0.00
              95% <= 31.00
              98% <= 47.00
              99% <= 80.00
            99.9% <= 122.00
sub-blocks-rtt-nodeA
             count = 3
               min = 266
               max = 683
              mean = 480.51
            stddev = 165.78
            median = 496.00
              75% <= 683.00
              95% <= 683.00
              98% <= 683.00
              99% <= 683.00
            99.9% <= 683.00
sub-blocks-rtt-nodeB
             count = 6
               min = 152
               max = 860
              mean = 482.46
            stddev = 252.87
            median = 399.00
              75% <= 860.00
              95% <= 860.00
              98% <= 860.00
              99% <= 860.00
            99.9% <= 860.00
sub-blocks-rtt-nodeD
             count = 4
               min = 40
               max = 801
              mean = 568.72
            stddev = 298.55
            median = 771.00
              75% <= 801.00
              95% <= 801.00
              98% <= 801.00
              99% <= 801.00
            99.9% <= 801.00
sub-projectiles-rtt-nodeA
             count = 26
               min = 1
               max = 994
              mean = 403.07
            stddev = 333.77
            median = 422.00
              75% <= 683.00
              95% <= 967.00
              98% <= 994.00
              99% <= 994.00
            99.9% <= 994.00
sub-projectiles-rtt-nodeB
             count = 27
               min = 15
               max = 1000
              mean = 380.69
            stddev = 295.43
            median = 398.00
              75% <= 600.00
              95% <= 966.00
              98% <= 1000.00
              99% <= 1000.00
            99.9% <= 1000.00
sub-projectiles-rtt-nodeD
             count = 24
               min = 15
               max = 1000
              mean = 419.23
            stddev = 288.19
            median = 432.00
              75% <= 600.00
              95% <= 1000.00
              98% <= 1000.00
              99% <= 1000.00
            99.9% <= 1000.00
sub-status-rtt-nodeA
             count = 1028
               min = 3
               max = 125
              mean = 47.73
            stddev = 19.73
            median = 42.00
              75% <= 67.00
              95% <= 83.00
              98% <= 92.00
              99% <= 100.00
            99.9% <= 125.00
sub-status-rtt-nodeB
             count = 1071
               min = 3
               max = 107
              mean = 45.49
            stddev = 18.15
            median = 34.00
              75% <= 66.00
              95% <= 71.00
              98% <= 86.00
              99% <= 100.00
            99.9% <= 101.00
sub-status-rtt-nodeD
             count = 1036
               min = 2
               max = 125
              mean = 46.80
            stddev = 19.38
            median = 34.00
              75% <= 66.00
              95% <= 74.00
              98% <= 98.00
              99% <= 100.00
            99.9% <= 122.00

-- Meters ----------------------------------------------------------------------
pub-interest-rate-nodeC-blocks-sync
             count = 99
         mean rate = 2.00 events/second
     1-minute rate = 1.70 events/second
     5-minute rate = 1.48 events/second
    15-minute rate = 1.43 events/second
pub-interest-rate-nodeC-projectiles-sync
             count = 70
         mean rate = 1.42 events/second
     1-minute rate = 1.40 events/second
     5-minute rate = 1.40 events/second
    15-minute rate = 1.40 events/second
pub-interest-rate-nodeC-status-sync
             count = 1515
         mean rate = 30.63 events/second
     1-minute rate = 30.89 events/second
     5-minute rate = 30.96 events/second
    15-minute rate = 30.99 events/second


 WARN [bp-queue-proc-/com/stefanolupo/ndngame/0/nodeC/blocks/sync-1] (BasePublisher.java:98) - /com/stefanolupo/ndngame/0/nodeC/blocks/sync: Saw duplicate sn requests
 WARN [bp-queue-proc-/com/stefanolupo/ndngame/0/nodeC/blocks/sync-1] (BasePublisher.java:99) - [21=5, 9=9, 15=15, 17=4, 6=3, 0=7, 12=11, 16=24, 13=7, 24=5, 23=9]
 WARN [bp-queue-proc-/com/stefanolupo/ndngame/0/nodeC/status/sync-1] (BasePublisher.java:98) - /com/stefanolupo/ndngame/0/nodeC/status/sync: Saw duplicate sn requests
 WARN [bp-queue-proc-/com/stefanolupo/ndngame/0/nodeC/status/sync-1] (BasePublisher.java:99) - [2690=2, 3074=2, 3587=2, 0=2, 3590=2, 2180=2, 3332=2, 2949=2, 2570=2, 2698=2, 2440=2, 3464=2, 3342=2, 3215=2, 2317=2, 3473=2, 3098=2, 2971=2, 3099=2, 2584=2, 2590=2, 2460=2, 2844=2, 3228=2, 3363=2, 2730=2, 2219=2, 3243=2, 2472=2, 2345=2, 2857=2, 2985=2, 2606=2, 2226=2, 3122=2, 3377=2, 3505=2, 2487=2, 3002=2, 3131=2, 3259=2, 3518=2, 2748=2, 2876=2, 2114=2, 2499=2, 3398=2, 2247=2, 2631=2, 3146=2, 2379=2, 3022=2, 3406=2, 3279=2, 2509=2, 2515=2, 2513=2, 2769=2, 2902=2, 2132=2, 3418=2, 2520=2, 2777=2, 3033=2, 2271=2, 2783=2, 2141=2, 2658=2, 3555=2, 2912=2, 3169=2, 3051=2, 2287=2, 2668=2, 2413=2, 2925=2, 2160=2, 3440=2, 3568=2, 3185=2, 2166=2, 2806=2, 2295=2, 3194=2, 2686=2, 2943=2, 3327=2]
DEBUG [projectile-publisher-sender] (ProjectilePublisher.java:124) - Sending data /com/stefanolupo/ndngame/0/nodeC/projectiles/sync/172/173/1553045058220
DEBUG [projectile-publisher-sender] (ProjectilePublisher.java:124) - Sending data /com/stefanolupo/ndngame/0/nodeC/projectiles/sync/173/177/1553045058736
DEBUG [projectile-publisher-sender] (ProjectilePublisher.java:124) - Sending data /com/stefanolupo/ndngame/0/nodeC/projectiles/sync/177/181/1553045061419
DEBUG [projectile-publisher-sender] (ProjectilePublisher.java:124) - Sending data /com/stefanolupo/ndngame/0/nodeC/projectiles/sync/177/181/1553045061786
DEBUG [projectile-publisher-sender] (ProjectilePublisher.java:124) - Sending data /com/stefanolupo/ndngame/0/nodeC/projectiles/sync/181/185/1553045064619
DEBUG [projectile-publisher-sender] (ProjectilePublisher.java:124) - Sending data /com/stefanolupo/ndngame/0/nodeC/projectiles/sync/181/185/1553045064819
DEBUG [projectile-publisher-sender] (ProjectilePublisher.java:124) - Sending data /com/stefanolupo/ndngame/0/nodeC/projectiles/sync/181/185/1553045065453
DEBUG [projectile-publisher-sender] (ProjectilePublisher.java:124) - Sending data /com/stefanolupo/ndngame/0/nodeC/projectiles/sync/185/186/1553045067403
DEBUG [projectile-publisher-sender] (ProjectilePublisher.java:124) - Sending data /com/stefanolupo/ndngame/0/nodeC/projectiles/sync/185/186/1553045067853
DEBUG [projectile-publisher-sender] (ProjectilePublisher.java:124) - Sending data /com/stefanolupo/ndngame/0/nodeC/projectiles/sync/185/186/1553045068486
DEBUG [projectile-publisher-sender] (ProjectilePublisher.java:124) - Sending data /com/stefanolupo/ndngame/0/nodeC/projectiles/sync/185/186/1553045068536
DEBUG [projectile-publisher-sender] (ProjectilePublisher.java:124) - Sending data /com/stefanolupo/ndngame/0/nodeC/projectiles/sync/186/187/1553045076619
DEBUG [projectile-publisher-sender] (ProjectilePublisher.java:124) - Sending data /com/stefanolupo/ndngame/0/nodeC/projectiles/sync/187/191/1553045077135
 WARN [bp-queue-proc-/com/stefanolupo/ndngame/0/nodeC/blocks/sync-1] (BasePublisher.java:98) - /com/stefanolupo/ndngame/0/nodeC/blocks/sync: Saw duplicate sn requests
 WARN [bp-queue-proc-/com/stefanolupo/ndngame/0/nodeC/blocks/sync-1] (BasePublisher.java:99) - [21=5, 9=9, 15=15, 23=22, 16=36, 17=4, 6=3, 0=7, 12=11, 24=17, 13=7]
 WARN [bp-queue-proc-/com/stefanolupo/ndngame/0/nodeC/status/sync-1] (BasePublisher.java:98) - /com/stefanolupo/ndngame/0/nodeC/status/sync: Saw duplicate sn requests
 WARN [bp-queue-proc-/com/stefanolupo/ndngame/0/nodeC/status/sync-1] (BasePublisher.java:99) - [3074=2, 3587=2, 0=2, 3590=2, 4100=2, 3332=2, 2570=2, 3342=2, 3855=2, 2317=2, 3863=2, 3098=2, 3099=2, 4120=2, 2584=2, 2590=2, 2844=2, 3363=2, 3882=2, 2345=2, 2857=2, 2606=2, 3628=2, 4141=2, 3122=2, 3377=2, 3898=2, 3131=2, 2876=2, 4157=2, 2114=2, 4161=2, 3649=2, 3398=2, 2631=2, 3146=2, 3914=2, 2379=2, 3406=2, 4177=2, 2902=2, 2132=2, 4181=2, 3418=2, 3932=2, 2141=2, 2658=2, 2912=2, 3169=2, 3685=2, 2668=2, 2413=2, 2925=2, 2160=2, 3440=2, 3185=2, 2166=2, 3700=2, 3194=2, 3962=2, 2686=2, 2943=2, 2690=2, 3974=2, 2180=2, 2949=2, 2698=2, 2440=2, 3464=2, 3215=2, 3473=2, 2971=2, 2460=2, 3228=2, 3997=2, 4000=2, 2730=2, 2219=2, 3243=2, 2472=2, 2985=2, 4009=2, 2226=2, 3505=2, 3766=2, 2487=2, 3002=2, 3259=2, 3518=2, 2748=2, 2499=2, 3782=2, 2247=2, 3022=2, 3279=2, 2509=2, 2515=2, 2513=2, 2769=2, 2520=2, 3800=2, 2777=2, 3033=2, 2271=2, 2783=2, 4060=2, 3555=2, 3814=2, 3051=2, 2287=2, 3823=2, 3568=2, 2806=2, 2295=2, 4084=2, 3327=2]
DEBUG [projectile-publisher-sender] (ProjectilePublisher.java:124) - Sending data /com/stefanolupo/ndngame/0/nodeC/projectiles/sync/191/192/1553045077652
DEBUG [HeadlessApplication] (ProjectileCollisionSystem.java:108) - Bullet hit me, notifying owner and decreasing my health
DEBUG [projectile-publisher-sender] (ProjectilePublisher.java:124) - Sending data /com/stefanolupo/ndngame/0/nodeC/projectiles/sync/192/193/1553045079402
DEBUG [projectile-publisher-sender] (ProjectilePublisher.java:124) - Sending data /com/stefanolupo/ndngame/0/nodeC/projectiles/sync/193/194/1553045081419
DEBUG [projectile-publisher-sender] (ProjectilePublisher.java:124) - Sending data /com/stefanolupo/ndngame/0/nodeC/projectiles/sync/193/194/1553045081435
DEBUG [projectile-publisher-sender] (ProjectilePublisher.java:124) - Sending data /com/stefanolupo/ndngame/0/nodeC/projectiles/sync/194/198/1553045084202
DEBUG [projectile-publisher-sender] (ProjectilePublisher.java:124) - Sending data /com/stefanolupo/ndngame/0/nodeC/projectiles/sync/198/202/1553045084735
DEBUG [projectile-publisher-sender] (ProjectilePublisher.java:124) - Sending data /com/stefanolupo/ndngame/0/nodeC/projectiles/sync/202/203/1553045085252
DEBUG [projectile-publisher-sender] (ProjectilePublisher.java:124) - Sending data /com/stefanolupo/ndngame/0/nodeC/projectiles/sync/203/204/1553045085768
DEBUG [projectile-publisher-sender] (ProjectilePublisher.java:124) - Sending data /com/stefanolupo/ndngame/0/nodeC/projectiles/sync/204/208/1553045086285
DEBUG [projectile-publisher-sender] (ProjectilePublisher.java:124) - Sending data /com/stefanolupo/ndngame/0/nodeC/projectiles/sync/208/212/1553045086802
3/20/19, 1:24:47 AM ============================================================

-- Gauges ----------------------------------------------------------------------
pub-update-percentage-nodeC-blocks-sync
             value = 0.003005008347245409
pub-update-percentage-nodeC-status-sync
             value = 0.4992208370436331

-- Counters --------------------------------------------------------------------
sub-blocks-interestscounter-nodeA
             count = 75
sub-blocks-interestscounter-nodeB
             count = 73
sub-blocks-interestscounter-nodeD
             count = 75
sub-projectiles-interestscounter-nodeA
             count = 104
sub-projectiles-interestscounter-nodeB
             count = 105
sub-projectiles-interestscounter-nodeD
             count = 102
sub-status-interestscounter-nodeA
             count = 1666
sub-status-interestscounter-nodeB
             count = 1739
sub-status-interestscounter-nodeD
             count = 1672

-- Histograms ------------------------------------------------------------------
eng-status-delta-nodeA
             count = 1657
               min = 0
               max = 217
              mean = 8.51
            stddev = 19.38
            median = 0.00
              75% <= 11.00
              95% <= 47.00
              98% <= 71.00
              99% <= 94.00
            99.9% <= 122.00
eng-status-delta-nodeB
             count = 1730
               min = 0
               max = 126
              mean = 5.24
            stddev = 13.86
            median = 0.00
              75% <= 0.00
              95% <= 33.00
              98% <= 47.00
              99% <= 65.00
            99.9% <= 122.00
eng-status-delta-nodeD
             count = 1659
               min = 0
               max = 104
              mean = 4.44
            stddev = 11.62
            median = 0.00
              75% <= 0.00
              95% <= 31.00
              98% <= 47.00
              99% <= 56.00
            99.9% <= 104.00
sub-blocks-rtt-nodeA
             count = 4
               min = 149
               max = 683
              mean = 321.11
            stddev = 204.21
            median = 266.00
              75% <= 496.00
              95% <= 683.00
              98% <= 683.00
              99% <= 683.00
            99.9% <= 683.00
sub-blocks-rtt-nodeB
             count = 6
               min = 152
               max = 860
              mean = 482.46
            stddev = 252.87
            median = 399.00
              75% <= 860.00
              95% <= 860.00
              98% <= 860.00
              99% <= 860.00
            99.9% <= 860.00
sub-blocks-rtt-nodeD
             count = 4
               min = 40
               max = 801
              mean = 568.72
            stddev = 298.55
            median = 771.00
              75% <= 801.00
              95% <= 801.00
              98% <= 801.00
              99% <= 801.00
            99.9% <= 801.00
sub-projectiles-rtt-nodeA
             count = 43
               min = 1
               max = 994
              mean = 438.98
            stddev = 285.30
            median = 517.00
              75% <= 569.00
              95% <= 951.00
              98% <= 967.00
              99% <= 994.00
            99.9% <= 994.00
sub-projectiles-rtt-nodeB
             count = 43
               min = 15
               max = 1000
              mean = 403.20
            stddev = 272.12
            median = 516.00
              75% <= 533.00
              95% <= 949.00
              98% <= 966.00
              99% <= 1000.00
            99.9% <= 1000.00
sub-projectiles-rtt-nodeD
             count = 40
               min = 15
               max = 1000
              mean = 452.11
            stddev = 261.98
            median = 516.00
              75% <= 600.00
              95% <= 799.00
              98% <= 1000.00
              99% <= 1000.00
            99.9% <= 1000.00
sub-status-rtt-nodeA
             count = 1665
               min = 3
               max = 122
              mean = 47.12
            stddev = 18.90
            median = 35.00
              75% <= 66.00
              95% <= 74.00
              98% <= 90.00
              99% <= 100.00
            99.9% <= 116.00
sub-status-rtt-nodeB
             count = 1739
               min = 3
               max = 123
              mean = 44.52
            stddev = 18.22
            median = 34.00
              75% <= 66.00
              95% <= 72.00
              98% <= 92.00
              99% <= 100.00
            99.9% <= 102.00
sub-status-rtt-nodeD
             count = 1671
               min = 5
               max = 125
              mean = 47.23
            stddev = 19.16
            median = 35.00
              75% <= 66.00
              95% <= 82.00
              98% <= 86.00
              99% <= 100.00
            99.9% <= 122.00

-- Meters ----------------------------------------------------------------------
pub-interest-rate-nodeC-blocks-sync
             count = 154
         mean rate = 1.94 events/second
     1-minute rate = 1.76 events/second
     5-minute rate = 1.51 events/second
    15-minute rate = 1.44 events/second
pub-interest-rate-nodeC-projectiles-sync
             count = 109
         mean rate = 1.37 events/second
     1-minute rate = 1.35 events/second
     5-minute rate = 1.39 events/second
    15-minute rate = 1.40 events/second
pub-interest-rate-nodeC-status-sync
             count = 2417
         mean rate = 30.42 events/second
     1-minute rate = 30.70 events/second
     5-minute rate = 30.90 events/second
    15-minute rate = 30.96 events/second


DEBUG [projectile-publisher-sender] (ProjectilePublisher.java:124) - Sending data /com/stefanolupo/ndngame/0/nodeC/projectiles/sync/212/213/1553045087402
DEBUG [HeadlessApplication] (ProjectileCollisionSystem.java:108) - Bullet hit me, notifying owner and decreasing my health
DEBUG [projectile-publisher-sender] (ProjectilePublisher.java:124) - Sending data /com/stefanolupo/ndngame/0/nodeC/projectiles/sync/213/214/1553045091002
DEBUG [projectile-publisher-sender] (ProjectilePublisher.java:124) - Sending data /com/stefanolupo/ndngame/0/nodeC/projectiles/sync/213/214/1553045091452
DEBUG [projectile-publisher-sender] (ProjectilePublisher.java:124) - Sending data /com/stefanolupo/ndngame/0/nodeC/projectiles/sync/214/215/1553045094601
DEBUG [projectile-publisher-sender] (ProjectilePublisher.java:124) - Sending data /com/stefanolupo/ndngame/0/nodeC/projectiles/sync/215/216/1553045095418
 WARN [bp-queue-proc-/com/stefanolupo/ndngame/0/nodeC/blocks/sync-1] (BasePublisher.java:98) - /com/stefanolupo/ndngame/0/nodeC/blocks/sync: Saw duplicate sn requests
 WARN [bp-queue-proc-/com/stefanolupo/ndngame/0/nodeC/blocks/sync-1] (BasePublisher.java:99) - [9=9, 15=15, 16=49, 23=22, 6=3, 0=7, 12=11, 13=7, 24=18, 21=5, 17=4, 26=12, 27=12]
 WARN [bp-queue-proc-/com/stefanolupo/ndngame/0/nodeC/status/sync-1] (BasePublisher.java:98) - /com/stefanolupo/ndngame/0/nodeC/status/sync: Saw duplicate sn requests
 WARN [bp-queue-proc-/com/stefanolupo/ndngame/0/nodeC/status/sync-1] (BasePublisher.java:99) - [3074=2, 3587=2, 0=2, 3590=2, 4100=2, 3332=2, 2570=2, 3342=2, 3855=2, 2317=2, 4368=2, 4630=2, 3863=2, 3098=2, 3099=2, 4120=2, 2584=2, 2590=2, 2844=2, 3363=2, 3882=2, 2345=2, 2857=2, 2606=2, 3628=2, 4141=2, 3122=2, 3377=2, 3898=2, 3131=2, 4670=2, 2876=2, 4157=2, 2114=2, 4161=2, 3649=2, 3398=2, 2631=2, 4426=2, 3146=2, 3914=2, 2379=2, 3406=2, 4690=2, 4177=2, 2902=2, 2132=2, 4181=2, 4693=2, 3418=2, 3932=2, 2141=2, 2658=2, 2912=2, 3169=2, 4711=2, 3685=2, 4201=2, 4457=2, 4206=2, 2668=2, 2413=2, 2925=2, 4467=2, 4720=2, 2160=2, 3440=2, 3185=2, 2166=2, 3700=2, 4730=2, 3194=2, 3962=2, 4219=2, 4472=2, 2686=2, 2943=2, 2690=2, 4227=2, 4480=2, 3974=2, 2180=2, 2949=2, 2698=2, 4235=2, 2440=2, 3464=2, 3215=2, 3473=2, 2971=2, 2460=2, 3228=2, 3997=2, 4258=2, 4000=2, 4518=2, 2730=2, 2219=2, 3243=2, 2472=2, 2985=2, 4009=2, 4270=2, 2226=2, 3505=2, 3766=2, 2487=2, 4788=2, 3002=2, 3259=2, 3518=2, 2748=2, 4547=2, 2499=2, 4289=2, 3782=2, 2247=2, 3022=2, 3279=2, 2509=2, 2515=2, 2513=2, 2769=2, 2520=2, 3800=2, 2777=2, 3033=2, 2271=2, 2783=2, 4060=2, 4317=2, 3555=2, 4326=2, 3814=2, 4580=2, 3051=2, 4584=2, 2287=2, 3823=2, 3568=2, 2806=2, 2295=2, 4084=2, 4602=2, 4603=2, 3327=2]
DEBUG [projectile-publisher-sender] (ProjectilePublisher.java:124) - Sending data /com/stefanolupo/ndngame/0/nodeC/projectiles/sync/216/217/1553045099018
DEBUG [projectile-publisher-sender] (ProjectilePublisher.java:124) - Sending data /com/stefanolupo/ndngame/0/nodeC/projectiles/sync/217/218/1553045099535
DEBUG [projectile-publisher-sender] (ProjectilePublisher.java:124) - Sending data /com/stefanolupo/ndngame/0/nodeC/projectiles/sync/218/222/1553045100051
DEBUG [projectile-publisher-sender] (ProjectilePublisher.java:124) - Sending data /com/stefanolupo/ndngame/0/nodeC/projectiles/sync/222/223/1553045101801
DEBUG [projectile-publisher-sender] (ProjectilePublisher.java:124) - Sending data /com/stefanolupo/ndngame/0/nodeC/projectiles/sync/223/224/1553045103818
DEBUG [projectile-publisher-sender] (ProjectilePublisher.java:124) - Sending data /com/stefanolupo/ndngame/0/nodeC/projectiles/sync/223/224/1553045104818
DEBUG [projectile-publisher-sender] (ProjectilePublisher.java:124) - Sending data /com/stefanolupo/ndngame/0/nodeC/projectiles/sync/223/224/1553045104851
DEBUG [projectile-publisher-sender] (ProjectilePublisher.java:124) - Sending data /com/stefanolupo/ndngame/0/nodeC/projectiles/sync/224/228/1553045107001
DEBUG [projectile-publisher-sender] (ProjectilePublisher.java:124) - Sending data /com/stefanolupo/ndngame/0/nodeC/projectiles/sync/228/232/1553045107518
DEBUG [projectile-publisher-sender] (ProjectilePublisher.java:124) - Sending data /com/stefanolupo/ndngame/0/nodeC/projectiles/sync/224/232/1553045107884
DEBUG [projectile-publisher-sender] (ProjectilePublisher.java:124) - Sending data /com/stefanolupo/ndngame/0/nodeC/projectiles/sync/232/236/1553045109418
DEBUG [projectile-publisher-sender] (ProjectilePublisher.java:124) - Sending data /com/stefanolupo/ndngame/0/nodeC/projectiles/sync/232/236/1553045109917
DEBUG [projectile-publisher-sender] (ProjectilePublisher.java:124) - Sending data /com/stefanolupo/ndngame/0/nodeC/projectiles/sync/236/240/1553045109934
DEBUG [projectile-publisher-sender] (ProjectilePublisher.java:124) - Sending data /com/stefanolupo/ndngame/0/nodeC/projectiles/sync/236/240/1553045109951
DEBUG [projectile-publisher-sender] (ProjectilePublisher.java:124) - Sending data /com/stefanolupo/ndngame/0/nodeC/projectiles/sync/240/244/1553045112617
DEBUG [projectile-publisher-sender] (ProjectilePublisher.java:124) - Sending data /com/stefanolupo/ndngame/0/nodeC/projectiles/sync/244/248/1553045113817
DEBUG [projectile-publisher-sender] (ProjectilePublisher.java:124) - Sending data /com/stefanolupo/ndngame/0/nodeC/projectiles/sync/248/249/1553045115017
DEBUG [projectile-publisher-sender] (ProjectilePublisher.java:124) - Sending data /com/stefanolupo/ndngame/0/nodeC/projectiles/sync/248/253/1553045115834
DEBUG [projectile-publisher-sender] (ProjectilePublisher.java:124) - Sending data /com/stefanolupo/ndngame/0/nodeC/projectiles/sync/253/254/1553045117017
3/20/19, 1:25:17 AM ============================================================

-- Gauges ----------------------------------------------------------------------
pub-update-percentage-nodeC-blocks-sync
             value = 0.0028743625405656
pub-update-percentage-nodeC-status-sync
             value = 0.4993508902077151

-- Counters --------------------------------------------------------------------
sub-blocks-interestscounter-nodeA
             count = 103
sub-blocks-interestscounter-nodeB
             count = 103
sub-blocks-interestscounter-nodeD
             count = 105
sub-projectiles-interestscounter-nodeA
             count = 142
sub-projectiles-interestscounter-nodeB
             count = 145
sub-projectiles-interestscounter-nodeD
             count = 144
sub-status-interestscounter-nodeA
             count = 2301
sub-status-interestscounter-nodeB
             count = 2347
sub-status-interestscounter-nodeD
             count = 2303

-- Histograms ------------------------------------------------------------------
eng-status-delta-nodeA
             count = 2292
               min = 0
               max = 217
              mean = 6.83
            stddev = 18.46
            median = 0.00
              75% <= 0.00
              95% <= 44.00
              98% <= 63.00
              99% <= 114.00
            99.9% <= 146.00
eng-status-delta-nodeB
             count = 2337
               min = 0
               max = 133
              mean = 7.83
            stddev = 17.87
            median = 0.00
              75% <= 11.00
              95% <= 47.00
              98% <= 63.00
              99% <= 79.00
            99.9% <= 133.00
eng-status-delta-nodeD
             count = 2287
               min = 0
               max = 133
              mean = 5.21
            stddev = 15.68
            median = 0.00
              75% <= 0.00
              95% <= 33.00
              98% <= 56.00
              99% <= 89.00
            99.9% <= 133.00
sub-blocks-rtt-nodeA
             count = 6
               min = 58
               max = 683
              mean = 221.70
            stddev = 175.36
            median = 149.00
              75% <= 261.00
              95% <= 683.00
              98% <= 683.00
              99% <= 683.00
            99.9% <= 683.00
sub-blocks-rtt-nodeB
             count = 6
               min = 152
               max = 860
              mean = 482.46
            stddev = 252.87
            median = 399.00
              75% <= 860.00
              95% <= 860.00
              98% <= 860.00
              99% <= 860.00
            99.9% <= 860.00
sub-blocks-rtt-nodeD
             count = 4
               min = 40
               max = 801
              mean = 568.72
            stddev = 298.55
            median = 771.00
              75% <= 801.00
              95% <= 801.00
              98% <= 801.00
              99% <= 801.00
            99.9% <= 801.00
sub-projectiles-rtt-nodeA
             count = 58
               min = 1
               max = 1000
              mean = 441.31
            stddev = 288.52
            median = 517.00
              75% <= 569.00
              95% <= 951.00
              98% <= 1000.00
              99% <= 1000.00
            99.9% <= 1000.00
sub-projectiles-rtt-nodeB
             count = 59
               min = 15
               max = 1000
              mean = 388.55
            stddev = 283.16
            median = 511.00
              75% <= 583.00
              95% <= 949.00
              98% <= 983.00
              99% <= 983.00
            99.9% <= 1000.00
sub-projectiles-rtt-nodeD
             count = 57
               min = 11
               max = 1000
              mean = 375.33
            stddev = 285.25
            median = 398.00
              75% <= 599.00
              95% <= 831.00
              98% <= 964.00
              99% <= 1000.00
            99.9% <= 1000.00
sub-status-rtt-nodeA
             count = 2300
               min = 4
               max = 123
              mean = 47.38
            stddev = 19.04
            median = 41.00
              75% <= 66.00
              95% <= 74.00
              98% <= 91.00
              99% <= 100.00
            99.9% <= 123.00
sub-status-rtt-nodeB
             count = 2347
               min = 3
               max = 123
              mean = 47.36
            stddev = 18.29
            median = 34.00
              75% <= 66.00
              95% <= 68.00
              98% <= 91.00
              99% <= 100.00
            99.9% <= 102.00
sub-status-rtt-nodeD
             count = 2303
               min = 3
               max = 118
              mean = 47.71
            stddev = 19.55
            median = 36.00
              75% <= 66.00
              95% <= 83.00
              98% <= 99.00
              99% <= 100.00
            99.9% <= 118.00

-- Meters ----------------------------------------------------------------------
pub-interest-rate-nodeC-blocks-sync
             count = 215
         mean rate = 1.96 events/second
     1-minute rate = 1.85 events/second
     5-minute rate = 1.56 events/second
    15-minute rate = 1.46 events/second
pub-interest-rate-nodeC-projectiles-sync
             count = 148
         mean rate = 1.35 events/second
     1-minute rate = 1.35 events/second
     5-minute rate = 1.38 events/second
    15-minute rate = 1.39 events/second
pub-interest-rate-nodeC-status-sync
             count = 3314
         mean rate = 30.28 events/second
     1-minute rate = 30.28 events/second
     5-minute rate = 30.78 events/second
    15-minute rate = 30.92 events/second


 WARN [bp-queue-proc-/com/stefanolupo/ndngame/0/nodeC/blocks/sync-1] (BasePublisher.java:98) - /com/stefanolupo/ndngame/0/nodeC/blocks/sync: Saw duplicate sn requests
 WARN [bp-queue-proc-/com/stefanolupo/ndngame/0/nodeC/blocks/sync-1] (BasePublisher.java:99) - [9=9, 15=15, 23=22, 6=3, 0=7, 12=11, 32=9, 13=7, 24=18, 27=16, 16=62, 21=5, 26=14, 17=4, 31=10, 30=2]
 WARN [bp-queue-proc-/com/stefanolupo/ndngame/0/nodeC/status/sync-1] (BasePublisher.java:98) - /com/stefanolupo/ndngame/0/nodeC/status/sync: Saw duplicate sn requests
 WARN [bp-queue-proc-/com/stefanolupo/ndngame/0/nodeC/status/sync-1] (BasePublisher.java:99) - [3074=2, 3587=2, 0=2, 3590=2, 3332=2, 4100=2, 2570=2, 4872=2, 3342=2, 3855=2, 2317=2, 4368=2, 4630=2, 3863=2, 4887=2, 3098=2, 3099=2, 4891=2, 2584=2, 4120=2, 2590=2, 2844=2, 3363=2, 3882=2, 2345=2, 2857=2, 2606=2, 3628=2, 4141=2, 3122=2, 4912=2, 3377=2, 5174=2, 3898=2, 3131=2, 4670=2, 2876=2, 4157=2, 2114=2, 3649=2, 4161=2, 3398=2, 4934=2, 2631=2, 3146=2, 3914=2, 4426=2, 5194=2, 2379=2, 3406=2, 4690=2, 4177=2, 2902=2, 2132=2, 4181=2, 4693=2, 3418=2, 3932=2, 2141=2, 2658=2, 4962=2, 2912=2, 3169=2, 4711=2, 5220=2, 3685=2, 4201=2, 4457=2, 4206=2, 2668=2, 2413=2, 2925=2, 4467=2, 2160=2, 3440=2, 4720=2, 3185=2, 2166=2, 3700=2, 3194=2, 3962=2, 4730=2, 4219=2, 4472=2, 2686=2, 2943=2, 5247=2, 2690=2, 4227=2, 4480=2, 3974=2, 2180=2, 4996=2, 2949=2, 2698=2, 4235=2, 2440=2, 3464=2, 3215=2, 5007=2, 5264=2, 3473=2, 5270=2, 5271=2, 5274=2, 2971=2, 2460=2, 3228=2, 3997=2, 4258=2, 4000=2, 5024=2, 4518=2, 2730=2, 2219=2, 3243=2, 2472=2, 2985=2, 4009=2, 4270=2, 5295=2, 2226=2, 5042=2, 3505=2, 3766=2, 2487=2, 4788=2, 3002=2, 3259=2, 5304=2, 3518=2, 2748=2, 2499=2, 4547=2, 4289=2, 3782=2, 2247=2, 4810=2, 3022=2, 4814=2, 3279=2, 5327=2, 2509=2, 2515=2, 5072=2, 2513=2, 2769=2, 5083=2, 2520=2, 3800=2, 2777=2, 3033=2, 5086=2, 2271=2, 2783=2, 4060=2, 4317=2, 3555=2, 3814=2, 4326=2, 4580=2, 3051=2, 4584=2, 5353=2, 5102=2, 5358=2, 2287=2, 3823=2, 3568=2, 4848=2, 2806=2, 2295=2, 5367=2, 4084=2, 4602=2, 5114=2, 4603=2, 3327=2]
DEBUG [HeadlessApplication] (ProjectileCollisionSystem.java:108) - Bullet hit me, notifying owner and decreasing my health
DEBUG [projectile-publisher-sender] (ProjectilePublisher.java:124) - Sending data /com/stefanolupo/ndngame/0/nodeC/projectiles/sync/254/258/1553045117551
DEBUG [projectile-publisher-sender] (ProjectilePublisher.java:124) - Sending data /com/stefanolupo/ndngame/0/nodeC/projectiles/sync/258/262/1553045119401
DEBUG [projectile-publisher-sender] (ProjectilePublisher.java:124) - Sending data /com/stefanolupo/ndngame/0/nodeC/projectiles/sync/262/266/1553045120600
DEBUG [projectile-publisher-sender] (ProjectilePublisher.java:124) - Sending data /com/stefanolupo/ndngame/0/nodeC/projectiles/sync/262/266/1553045121417
DEBUG [projectile-publisher-sender] (ProjectilePublisher.java:124) - Sending data /com/stefanolupo/ndngame/0/nodeC/projectiles/sync/266/267/1553045123817
DEBUG [HeadlessApplication] (ProjectileCollisionSystem.java:108) - Bullet hit me, notifying owner and decreasing my health
DEBUG [projectile-publisher-sender] (ProjectilePublisher.java:124) - Sending data /com/stefanolupo/ndngame/0/nodeC/projectiles/sync/267/268/1553045124617
DEBUG [projectile-publisher-sender] (ProjectilePublisher.java:124) - Sending data /com/stefanolupo/ndngame/0/nodeC/projectiles/sync/268/269/1553045125134
DEBUG [projectile-publisher-sender] (ProjectilePublisher.java:124) - Sending data /com/stefanolupo/ndngame/0/nodeC/projectiles/sync/269/270/1553045125817
DEBUG [projectile-publisher-sender] (ProjectilePublisher.java:124) - Sending data /com/stefanolupo/ndngame/0/nodeC/projectiles/sync/270/271/1553045128600
DEBUG [projectile-publisher-sender] (ProjectilePublisher.java:124) - Sending data /com/stefanolupo/ndngame/0/nodeC/projectiles/sync/270/271/1553045128833
DEBUG [projectile-publisher-sender] (ProjectilePublisher.java:124) - Sending data /com/stefanolupo/ndngame/0/nodeC/projectiles/sync/271/272/1553045129800
DEBUG [projectile-publisher-sender] (ProjectilePublisher.java:124) - Sending data /com/stefanolupo/ndngame/0/nodeC/projectiles/sync/272/273/1553045133017
DEBUG [projectile-publisher-sender] (ProjectilePublisher.java:124) - Sending data /com/stefanolupo/ndngame/0/nodeC/projectiles/sync/273/277/1553045133817
DEBUG [projectile-publisher-sender] (ProjectilePublisher.java:124) - Sending data /com/stefanolupo/ndngame/0/nodeC/projectiles/sync/272/277/1553045133833
DEBUG [projectile-publisher-sender] (ProjectilePublisher.java:124) - Sending data /com/stefanolupo/ndngame/0/nodeC/projectiles/sync/277/278/1553045137000
 WARN [bp-queue-proc-/com/stefanolupo/ndngame/0/nodeC/blocks/sync-1] (BasePublisher.java:98) - /com/stefanolupo/ndngame/0/nodeC/blocks/sync: Saw duplicate sn requests
 WARN [bp-queue-proc-/com/stefanolupo/ndngame/0/nodeC/blocks/sync-1] (BasePublisher.java:99) - [9=9, 15=15, 23=22, 33=2, 6=3, 31=25, 0=7, 12=11, 13=7, 24=18, 27=16, 21=5, 32=20, 26=14, 17=4, 16=76, 30=2]
 WARN [bp-queue-proc-/com/stefanolupo/ndngame/0/nodeC/status/sync-1] (BasePublisher.java:98) - /com/stefanolupo/ndngame/0/nodeC/status/sync: Saw duplicate sn requests
 WARN [bp-queue-proc-/com/stefanolupo/ndngame/0/nodeC/status/sync-1] (BasePublisher.java:99) - [3074=2, 3587=2, 0=2, 3590=2, 4100=2, 5637=2, 2570=2, 4630=2, 5653=2, 3098=2, 3099=2, 2584=2, 4120=2, 2590=2, 2606=2, 3628=2, 4141=2, 3122=2, 5174=2, 3131=2, 4670=2, 4157=2, 5693=2, 2114=2, 3649=2, 4161=2, 2631=2, 3146=2, 5194=2, 5710=2, 4690=2, 4177=2, 2132=2, 4181=2, 4693=2, 2141=2, 2658=2, 3169=2, 4711=2, 5220=2, 5732=2, 3685=2, 4201=2, 5737=2, 4206=2, 5743=2, 2668=2, 2160=2, 4720=2, 3185=2, 2166=2, 3700=2, 3194=2, 4730=2, 4219=2, 2686=2, 5247=2, 2690=2, 4227=2, 2180=2, 2698=2, 5770=2, 4235=2, 5768=2, 3215=2, 5264=2, 5270=2, 5271=2, 5274=2, 3228=2, 4258=2, 2730=2, 5802=2, 2219=2, 3243=2, 4270=2, 5295=2, 2226=2, 3766=2, 4788=2, 3259=2, 5304=2, 5822=2, 5823=2, 2748=2, 4289=2, 3782=2, 5830=2, 2247=2, 4810=2, 5833=2, 4814=2, 3279=2, 5327=2, 2769=2, 3800=2, 2777=2, 2271=2, 2783=2, 4317=2, 3814=2, 4326=2, 5353=2, 5358=2, 2287=2, 3823=2, 4848=2, 2806=2, 2295=2, 5367=2, 3327=2, 5888=2, 3332=2, 4872=2, 5896=2, 3342=2, 3855=2, 2317=2, 4368=2, 5910=2, 3863=2, 4887=2, 4891=2, 2844=2, 3363=2, 5414=2, 3882=2, 2345=2, 2857=2, 4912=2, 5936=2, 3377=2, 5937=2, 3898=2, 5434=2, 2876=2, 5441=2, 3398=2, 4934=2, 3914=2, 4426=2, 2379=2, 5449=2, 3406=2, 5965=2, 2902=2, 3418=2, 5978=2, 5464=2, 5983=2, 3932=2, 5980=2, 4962=2, 5987=2, 2912=2, 4457=2, 5486=2, 2413=2, 2925=2, 4467=2, 3440=2, 3962=2, 4472=2, 2943=2, 5503=2, 4480=2, 3974=2, 5510=2, 4996=2, 2949=2, 2440=2, 3464=2, 5007=2, 5520=2, 3473=2, 2971=2, 2460=2, 3997=2, 4000=2, 5024=2, 5537=2, 4518=2, 2472=2, 2985=2, 4009=2, 5042=2, 3505=2, 2487=2, 3002=2, 3518=2, 5567=2, 2499=2, 4547=2, 3022=2, 2509=2, 2515=2, 5072=2, 2513=2, 5083=2, 2520=2, 3033=2, 5086=2, 4060=2, 3555=2, 4580=2, 3051=2, 4584=2, 5102=2, 3568=2, 5616=2, 4084=2, 4602=2, 5114=2, 4603=2]
DEBUG [projectile-publisher-sender] (ProjectilePublisher.java:124) - Sending data /com/stefanolupo/ndngame/0/nodeC/projectiles/sync/277/278/1553045137850
DEBUG [projectile-publisher-sender] (ProjectilePublisher.java:124) - Sending data /com/stefanolupo/ndngame/0/nodeC/projectiles/sync/277/278/1553045137866
DEBUG [projectile-publisher-sender] (ProjectilePublisher.java:124) - Sending data /com/stefanolupo/ndngame/0/nodeC/projectiles/sync/278/282/1553045145000
DEBUG [projectile-publisher-sender] (ProjectilePublisher.java:124) - Sending data /com/stefanolupo/ndngame/0/nodeC/projectiles/sync/278/282/1553045145916
DEBUG [projectile-publisher-sender] (ProjectilePublisher.java:124) - Sending data /com/stefanolupo/ndngame/0/nodeC/projectiles/sync/282/286/1553045146216
DEBUG [projectile-publisher-sender] (ProjectilePublisher.java:124) - Sending data /com/stefanolupo/ndngame/0/nodeC/projectiles/sync/278/286/1553045146916
3/20/19, 1:25:47 AM ============================================================

-- Gauges ----------------------------------------------------------------------
pub-update-percentage-nodeC-blocks-sync
             value = 0.002542709574890743
pub-update-percentage-nodeC-status-sync
             value = 0.49944373808010173

-- Counters --------------------------------------------------------------------
sub-blocks-interestscounter-nodeA
             count = 133
sub-blocks-interestscounter-nodeB
             count = 133
sub-blocks-interestscounter-nodeD
             count = 135
sub-projectiles-interestscounter-nodeA
             count = 180
sub-projectiles-interestscounter-nodeB
             count = 183
sub-projectiles-interestscounter-nodeD
             count = 180
sub-status-interestscounter-nodeA
             count = 2953
sub-status-interestscounter-nodeB
             count = 2948
sub-status-interestscounter-nodeD
             count = 2901

-- Histograms ------------------------------------------------------------------
eng-status-delta-nodeA
             count = 2940
               min = 0
               max = 217
              mean = 5.81
            stddev = 15.31
            median = 0.00
              75% <= 0.00
              95% <= 33.00
              98% <= 51.00
              99% <= 68.00
            99.9% <= 133.00
eng-status-delta-nodeB
             count = 2931
               min = 0
               max = 248
              mean = 24.71
            stddev = 41.20
            median = 0.00
              75% <= 31.00
              95% <= 111.00
              98% <= 130.00
              99% <= 159.00
            99.9% <= 248.00
eng-status-delta-nodeD
             count = 2879
               min = 0
               max = 133
              mean = 5.03
            stddev = 13.33
            median = 0.00
              75% <= 0.00
              95% <= 31.00
              98% <= 47.00
              99% <= 63.00
            99.9% <= 126.00
sub-blocks-rtt-nodeA
             count = 6
               min = 58
               max = 683
              mean = 221.70
            stddev = 175.36
            median = 149.00
              75% <= 261.00
              95% <= 683.00
              98% <= 683.00
              99% <= 683.00
            99.9% <= 683.00
sub-blocks-rtt-nodeB
             count = 6
               min = 152
               max = 860
              mean = 482.46
            stddev = 252.87
            median = 399.00
              75% <= 860.00
              95% <= 860.00
              98% <= 860.00
              99% <= 860.00
            99.9% <= 860.00
sub-blocks-rtt-nodeD
             count = 4
               min = 40
               max = 801
              mean = 568.72
            stddev = 298.55
            median = 771.00
              75% <= 801.00
              95% <= 801.00
              98% <= 801.00
              99% <= 801.00
            99.9% <= 801.00
sub-projectiles-rtt-nodeA
             count = 70
               min = 1
               max = 1000
              mean = 405.54
            stddev = 308.58
            median = 515.00
              75% <= 569.00
              95% <= 950.00
              98% <= 994.00
              99% <= 1000.00
            99.9% <= 1000.00
sub-projectiles-rtt-nodeB
             count = 72
               min = 15
               max = 1000
              mean = 373.16
            stddev = 303.44
            median = 383.00
              75% <= 583.00
              95% <= 966.00
              98% <= 983.00
              99% <= 983.00
            99.9% <= 1000.00
sub-projectiles-rtt-nodeD
             count = 70
               min = 11
               max = 1000
              mean = 421.53
            stddev = 313.91
            median = 482.00
              75% <= 682.00
              95% <= 969.00
              98% <= 998.00
              99% <= 998.00
            99.9% <= 1000.00
sub-status-rtt-nodeA
             count = 2952
               min = 2
               max = 123
              mean = 47.21
            stddev = 19.05
            median = 34.00
              75% <= 66.00
              95% <= 76.00
              98% <= 94.00
              99% <= 100.00
            99.9% <= 116.00
sub-status-rtt-nodeB
             count = 2947
               min = 3
               max = 101
              mean = 49.04
            stddev = 18.16
            median = 43.00
              75% <= 67.00
              95% <= 67.00
              98% <= 83.00
              99% <= 99.00
            99.9% <= 101.00
sub-status-rtt-nodeD
             count = 2900
               min = 4
               max = 132
              mean = 49.56
            stddev = 19.84
            median = 47.00
              75% <= 67.00
              95% <= 78.00
              98% <= 100.00
              99% <= 100.00
            99.9% <= 132.00

-- Meters ----------------------------------------------------------------------
pub-interest-rate-nodeC-blocks-sync
             count = 276
         mean rate = 1.98 events/second
     1-minute rate = 1.95 events/second
     5-minute rate = 1.61 events/second
    15-minute rate = 1.48 events/second
pub-interest-rate-nodeC-projectiles-sync
             count = 186
         mean rate = 1.33 events/second
     1-minute rate = 1.30 events/second
     5-minute rate = 1.37 events/second
    15-minute rate = 1.39 events/second
pub-interest-rate-nodeC-status-sync
             count = 4232
         mean rate = 30.35 events/second
     1-minute rate = 30.43 events/second
     5-minute rate = 30.76 events/second
    15-minute rate = 30.91 events/second


DEBUG [projectile-publisher-sender] (ProjectilePublisher.java:124) - Sending data /com/stefanolupo/ndngame/0/nodeC/projectiles/sync/286/287/1553045148599
DEBUG [projectile-publisher-sender] (ProjectilePublisher.java:124) - Sending data /com/stefanolupo/ndngame/0/nodeC/projectiles/sync/286/287/1553045148966
DEBUG [projectile-publisher-sender] (ProjectilePublisher.java:124) - Sending data /com/stefanolupo/ndngame/0/nodeC/projectiles/sync/287/291/1553045149133
DEBUG [projectile-publisher-sender] (ProjectilePublisher.java:124) - Sending data /com/stefanolupo/ndngame/0/nodeC/projectiles/sync/286/291/1553045149233
DEBUG [HeadlessApplication] (ProjectileCollisionSystem.java:108) - Bullet hit me, notifying owner and decreasing my health
DEBUG [projectile-publisher-sender] (ProjectilePublisher.java:124) - Sending data /com/stefanolupo/ndngame/0/nodeC/projectiles/sync/291/295/1553045149666
DEBUG [projectile-publisher-sender] (ProjectilePublisher.java:124) - Sending data /com/stefanolupo/ndngame/0/nodeC/projectiles/sync/295/296/1553045150199
DEBUG [projectile-publisher-sender] (ProjectilePublisher.java:124) - Sending data /com/stefanolupo/ndngame/0/nodeC/projectiles/sync/296/297/1553045150999
DEBUG [projectile-publisher-sender] (ProjectilePublisher.java:124) - Sending data /com/stefanolupo/ndngame/0/nodeC/projectiles/sync/297/298/1553045152216
DEBUG [projectile-publisher-sender] (ProjectilePublisher.java:124) - Sending data /com/stefanolupo/ndngame/0/nodeC/projectiles/sync/298/299/1553045153416
DEBUG [projectile-publisher-sender] (ProjectilePublisher.java:124) - Sending data /com/stefanolupo/ndngame/0/nodeC/projectiles/sync/299/300/1553045154616
DEBUG [projectile-publisher-sender] (ProjectilePublisher.java:124) - Sending data /com/stefanolupo/ndngame/0/nodeC/projectiles/sync/300/304/1553045155132
DEBUG [projectile-publisher-sender] (ProjectilePublisher.java:124) - Sending data /com/stefanolupo/ndngame/0/nodeC/projectiles/sync/299/304/1553045155449
DEBUG [projectile-publisher-sender] (ProjectilePublisher.java:124) - Sending data /com/stefanolupo/ndngame/0/nodeC/projectiles/sync/304/305/1553045155649
 WARN [bp-queue-proc-/com/stefanolupo/ndngame/0/nodeC/blocks/sync-1] (BasePublisher.java:98) - /com/stefanolupo/ndngame/0/nodeC/blocks/sync: Saw duplicate sn requests
 WARN [bp-queue-proc-/com/stefanolupo/ndngame/0/nodeC/blocks/sync-1] (BasePublisher.java:99) - [9=9, 15=15, 23=22, 6=3, 0=7, 12=11, 16=89, 13=7, 24=18, 27=16, 21=5, 33=16, 32=20, 26=14, 17=4, 31=36, 30=2]
 WARN [bp-queue-proc-/com/stefanolupo/ndngame/0/nodeC/status/sync-1] (BasePublisher.java:98) - /com/stefanolupo/ndngame/0/nodeC/status/sync: Saw duplicate sn requests
 WARN [bp-queue-proc-/com/stefanolupo/ndngame/0/nodeC/status/sync-1] (BasePublisher.java:99) - [3074=2, 3587=2, 0=2, 3590=2, 4100=2, 6148=2, 5637=2, 2570=2, 4630=2, 5653=2, 3098=2, 3099=2, 2584=2, 4120=2, 2590=2, 6180=2, 2606=2, 3628=2, 4141=2, 3122=2, 5174=2, 3131=2, 4670=2, 4157=2, 5693=2, 2114=2, 6210=2, 3649=2, 4161=2, 2631=2, 3146=2, 5194=2, 5710=2, 4690=2, 4177=2, 2132=2, 4181=2, 4693=2, 6238=2, 2141=2, 2658=2, 3169=2, 4711=2, 5220=2, 5732=2, 3685=2, 4201=2, 5737=2, 4206=2, 5743=2, 6255=2, 2668=2, 2160=2, 4720=2, 3185=2, 2166=2, 3700=2, 3194=2, 4730=2, 4219=2, 6267=2, 2686=2, 5247=2, 2690=2, 4227=2, 2180=2, 2698=2, 5770=2, 4235=2, 5768=2, 3215=2, 5264=2, 6289=2, 5270=2, 5271=2, 5274=2, 3228=2, 4258=2, 6309=2, 2730=2, 5802=2, 2219=2, 3243=2, 4270=2, 5295=2, 2226=2, 3766=2, 4788=2, 3259=2, 5304=2, 6329=2, 5822=2, 6334=2, 5823=2, 2748=2, 4289=2, 3782=2, 5830=2, 2247=2, 4810=2, 5833=2, 4814=2, 3279=2, 5327=2, 2769=2, 6353=2, 3800=2, 2777=2, 2271=2, 2783=2, 4317=2, 3814=2, 4326=2, 5353=2, 5358=2, 2287=2, 3823=2, 4848=2, 2806=2, 2295=2, 5367=2, 3327=2, 5888=2, 3332=2, 4872=2, 5896=2, 3342=2, 3855=2, 2317=2, 4368=2, 6417=2, 5910=2, 3863=2, 4887=2, 4891=2, 2844=2, 3363=2, 5414=2, 6438=2, 3882=2, 2345=2, 2857=2, 4912=2, 5936=2, 6448=2, 3377=2, 5937=2, 3898=2, 5434=2, 2876=2, 5441=2, 3398=2, 4934=2, 3914=2, 4426=2, 6474=2, 2379=2, 5449=2, 3406=2, 5965=2, 2902=2, 3418=2, 5978=2, 5464=2, 5983=2, 3932=2, 5980=2, 4962=2, 6498=2, 5987=2, 2912=2, 6507=2, 4457=2, 5486=2, 2413=2, 2925=2, 4467=2, 3440=2, 3962=2, 4472=2, 2943=2, 5503=2, 6012=2, 6525=2, 4480=2, 3974=2, 5510=2, 4996=2, 2949=2, 2440=2, 3464=2, 5007=2, 5520=2, 3473=2, 2971=2, 6043=2, 2460=2, 3997=2, 6562=2, 4000=2, 5024=2, 6560=2, 5537=2, 4518=2, 2472=2, 2985=2, 4009=2, 6060=2, 5042=2, 3505=2, 2487=2, 3002=2, 6585=2, 3518=2, 5567=2, 2499=2, 4547=2, 6089=2, 3022=2, 2509=2, 2515=2, 5072=2, 2513=2, 5083=2, 2520=2, 3033=2, 5086=2, 4060=2, 6109=2, 3555=2, 4580=2, 3051=2, 4584=2, 5102=2, 6126=2, 3568=2, 5616=2, 4084=2, 4602=2, 5114=2, 4603=2]
DEBUG [projectile-publisher-sender] (ProjectilePublisher.java:124) - Sending data /com/stefanolupo/ndngame/0/nodeC/projectiles/sync/305/309/1553045161766
DEBUG [projectile-publisher-sender] (ProjectilePublisher.java:124) - Sending data /com/stefanolupo/ndngame/0/nodeC/projectiles/sync/305/309/1553045162665
DEBUG [projectile-publisher-sender] (ProjectilePublisher.java:124) - Sending data /com/stefanolupo/ndngame/0/nodeC/projectiles/sync/309/313/1553045163415
DEBUG [projectile-publisher-sender] (ProjectilePublisher.java:124) - Sending data /com/stefanolupo/ndngame/0/nodeC/projectiles/sync/313/314/1553045166199
DEBUG [projectile-publisher-sender] (ProjectilePublisher.java:124) - Sending data /com/stefanolupo/ndngame/0/nodeC/projectiles/sync/313/314/1553045166432
DEBUG [projectile-publisher-sender] (ProjectilePublisher.java:124) - Sending data /com/stefanolupo/ndngame/0/nodeC/projectiles/sync/314/315/1553045167482
DEBUG [projectile-publisher-sender] (ProjectilePublisher.java:124) - Sending data /com/stefanolupo/ndngame/0/nodeC/projectiles/sync/314/315/1553045168465
DEBUG [projectile-publisher-sender] (ProjectilePublisher.java:124) - Sending data /com/stefanolupo/ndngame/0/nodeC/projectiles/sync/315/316/1553045168615
DEBUG [projectile-publisher-sender] (ProjectilePublisher.java:124) - Sending data /com/stefanolupo/ndngame/0/nodeC/projectiles/sync/316/317/1553045171815
DEBUG [projectile-publisher-sender] (ProjectilePublisher.java:124) - Sending data /com/stefanolupo/ndngame/0/nodeC/projectiles/sync/317/318/1553045172332
DEBUG [projectile-publisher-sender] (ProjectilePublisher.java:124) - Sending data /com/stefanolupo/ndngame/0/nodeC/projectiles/sync/316/318/1553045172632
DEBUG [projectile-publisher-sender] (ProjectilePublisher.java:124) - Sending data /com/stefanolupo/ndngame/0/nodeC/projectiles/sync/318/319/1553045172848
DEBUG [projectile-publisher-sender] (ProjectilePublisher.java:124) - Sending data /com/stefanolupo/ndngame/0/nodeC/projectiles/sync/319/320/1553045173365
DEBUG [projectile-publisher-sender] (ProjectilePublisher.java:124) - Sending data /com/stefanolupo/ndngame/0/nodeC/projectiles/sync/320/324/1553045174615
DEBUG [projectile-publisher-sender] (ProjectilePublisher.java:124) - Sending data /com/stefanolupo/ndngame/0/nodeC/projectiles/sync/324/325/1553045175132
DEBUG [HeadlessApplication] (ProjectileCollisionSystem.java:108) - Bullet hit me, notifying owner and decreasing my health
DEBUG [projectile-publisher-sender] (ProjectilePublisher.java:124) - Sending data /com/stefanolupo/ndngame/0/nodeC/projectiles/sync/325/326/1553045176615
3/20/19, 1:26:17 AM ============================================================

-- Gauges ----------------------------------------------------------------------
pub-update-percentage-nodeC-blocks-sync
             value = 0.00291970802919708
pub-update-percentage-nodeC-status-sync
             value = 0.4992352614015573

-- Counters --------------------------------------------------------------------
sub-blocks-interestscounter-nodeA
             count = 161
sub-blocks-interestscounter-nodeB
             count = 163
sub-blocks-interestscounter-nodeD
             count = 164
sub-projectiles-interestscounter-nodeA
             count = 221
sub-projectiles-interestscounter-nodeB
             count = 226
sub-projectiles-interestscounter-nodeD
             count = 224
sub-status-interestscounter-nodeA
             count = 3639
sub-status-interestscounter-nodeB
             count = 3588
sub-status-interestscounter-nodeD
             count = 3531

-- Histograms ------------------------------------------------------------------
eng-status-delta-nodeA
             count = 3623
               min = 0
               max = 133
              mean = 4.32
            stddev = 12.01
            median = 0.00
              75% <= 0.00
              95% <= 25.00
              98% <= 46.00
              99% <= 63.00
            99.9% <= 89.00
eng-status-delta-nodeB
             count = 3565
               min = 0
               max = 181
              mean = 14.14
            stddev = 30.02
            median = 0.00
              75% <= 11.00
              95% <= 97.00
              98% <= 111.00
              99% <= 122.00
            99.9% <= 181.00
eng-status-delta-nodeD
             count = 3501
               min = 0
               max = 134
              mean = 5.25
            stddev = 14.74
            median = 0.00
              75% <= 0.00
              95% <= 31.00
              98% <= 56.00
              99% <= 71.00
            99.9% <= 134.00
sub-blocks-rtt-nodeA
             count = 8
               min = 58
               max = 981
              mean = 516.08
            stddev = 343.20
            median = 467.00
              75% <= 981.00
              95% <= 981.00
              98% <= 981.00
              99% <= 981.00
            99.9% <= 981.00
sub-blocks-rtt-nodeB
             count = 6
               min = 152
               max = 860
              mean = 482.46
            stddev = 252.87
            median = 399.00
              75% <= 860.00
              95% <= 860.00
              98% <= 860.00
              99% <= 860.00
            99.9% <= 860.00
sub-blocks-rtt-nodeD
             count = 5
               min = 40
               max = 801
              mean = 694.33
            stddev = 197.10
            median = 760.00
              75% <= 760.00
              95% <= 801.00
              98% <= 801.00
              99% <= 801.00
            99.9% <= 801.00
sub-projectiles-rtt-nodeA
             count = 90
               min = 1
               max = 1000
              mean = 403.84
            stddev = 274.73
            median = 515.00
              75% <= 534.00
              95% <= 866.00
              98% <= 951.00
              99% <= 994.00
            99.9% <= 1000.00
sub-projectiles-rtt-nodeB
             count = 94
               min = 15
               max = 1000
              mean = 397.49
            stddev = 263.82
            median = 502.00
              75% <= 533.00
              95% <= 802.00
              98% <= 969.00
              99% <= 983.00
            99.9% <= 1000.00
sub-projectiles-rtt-nodeD
             count = 90
               min = 11
               max = 1000
              mean = 375.45
            stddev = 286.03
            median = 388.00
              75% <= 540.00
              95% <= 834.00
              98% <= 998.00
              99% <= 998.00
            99.9% <= 1000.00
sub-status-rtt-nodeA
             count = 3638
               min = 2
               max = 123
              mean = 44.75
            stddev = 18.17
            median = 34.00
              75% <= 66.00
              95% <= 76.00
              98% <= 85.00
              99% <= 99.00
            99.9% <= 109.00
sub-status-rtt-nodeB
             count = 3587
               min = 3
               max = 101
              mean = 47.54
            stddev = 18.62
            median = 34.00
              75% <= 66.00
              95% <= 70.00
              98% <= 84.00
              99% <= 94.00
            99.9% <= 100.00
sub-status-rtt-nodeD
             count = 3530
               min = 4
               max = 126
              mean = 48.34
            stddev = 19.39
            median = 43.00
              75% <= 66.00
              95% <= 83.00
              98% <= 96.00
              99% <= 100.00
            99.9% <= 126.00

-- Meters ----------------------------------------------------------------------
pub-interest-rate-nodeC-blocks-sync
             count = 335
         mean rate = 1.98 events/second
     1-minute rate = 1.93 events/second
     5-minute rate = 1.64 events/second
    15-minute rate = 1.49 events/second
pub-interest-rate-nodeC-projectiles-sync
             count = 233
         mean rate = 1.38 events/second
     1-minute rate = 1.41 events/second
     5-minute rate = 1.39 events/second
    15-minute rate = 1.40 events/second
pub-interest-rate-nodeC-status-sync
             count = 5146
         mean rate = 30.37 events/second
     1-minute rate = 30.42 events/second
     5-minute rate = 30.73 events/second
    15-minute rate = 30.89 events/second


 WARN [bp-queue-proc-/com/stefanolupo/ndngame/0/nodeC/blocks/sync-1] (BasePublisher.java:98) - /com/stefanolupo/ndngame/0/nodeC/blocks/sync: Saw duplicate sn requests
 WARN [bp-queue-proc-/com/stefanolupo/ndngame/0/nodeC/blocks/sync-1] (BasePublisher.java:99) - [9=9, 15=15, 23=22, 37=4, 38=4, 36=7, 39=4, 6=3, 0=7, 12=11, 42=2, 13=7, 24=18, 27=16, 34=9, 16=95, 21=5, 26=14, 32=20, 17=4, 33=20, 31=36, 30=2]
 WARN [bp-queue-proc-/com/stefanolupo/ndngame/0/nodeC/status/sync-1] (BasePublisher.java:98) - /com/stefanolupo/ndngame/0/nodeC/status/sync: Saw duplicate sn requests
 WARN [bp-queue-proc-/com/stefanolupo/ndngame/0/nodeC/status/sync-1] (BasePublisher.java:99) - [3074=2, 3587=2, 0=2, 7168=2, 3590=2, 4100=2, 6148=2, 5637=2, 2570=2, 7176=2, 7186=2, 7187=2, 6673=2, 4630=2, 5653=2, 3098=2, 6682=2, 3099=2, 2584=2, 4120=2, 7192=2, 2590=2, 6180=2, 2606=2, 3628=2, 4141=2, 3122=2, 6705=2, 5174=2, 3131=2, 4670=2, 6718=2, 4157=2, 5693=2, 2114=2, 6210=2, 3649=2, 4161=2, 2631=2, 3146=2, 5194=2, 6729=2, 5710=2, 4690=2, 4177=2, 2132=2, 4181=2, 4693=2, 6238=2, 2141=2, 2658=2, 6755=2, 3169=2, 4711=2, 5220=2, 5732=2, 3685=2, 4201=2, 5737=2, 4206=2, 5743=2, 6255=2, 2668=2, 2160=2, 4720=2, 3185=2, 2166=2, 3700=2, 3194=2, 4730=2, 4219=2, 6267=2, 2686=2, 5247=2, 2690=2, 6786=2, 4227=2, 2180=2, 2698=2, 5770=2, 4235=2, 5768=2, 3215=2, 5264=2, 6289=2, 5270=2, 5271=2, 6807=2, 5274=2, 6811=2, 6815=2, 3228=2, 4258=2, 6309=2, 2730=2, 5802=2, 2219=2, 3243=2, 4270=2, 5295=2, 2226=2, 3766=2, 4788=2, 6842=2, 3259=2, 5304=2, 6329=2, 5822=2, 6334=2, 5823=2, 2748=2, 6850=2, 4289=2, 3782=2, 5830=2, 6854=2, 2247=2, 4810=2, 5833=2, 4814=2, 3279=2, 5327=2, 2769=2, 6353=2, 6870=2, 3800=2, 2777=2, 2271=2, 2783=2, 6876=2, 4317=2, 3814=2, 4326=2, 5353=2, 5358=2, 2287=2, 3823=2, 6895=2, 4848=2, 2806=2, 2295=2, 5367=2, 6904=2, 6910=2, 3327=2, 5888=2, 3332=2, 6923=2, 4872=2, 5896=2, 3342=2, 3855=2, 2317=2, 4368=2, 6417=2, 5910=2, 3863=2, 4887=2, 4891=2, 2844=2, 3363=2, 5414=2, 6438=2, 3882=2, 6954=2, 2345=2, 2857=2, 4912=2, 5936=2, 6448=2, 3377=2, 5937=2, 3898=2, 5434=2, 6975=2, 2876=2, 5441=2, 3398=2, 4934=2, 3914=2, 4426=2, 6474=2, 2379=2, 5449=2, 3406=2, 5965=2, 2902=2, 6996=2, 3418=2, 5978=2, 5464=2, 5983=2, 3932=2, 5980=2, 4962=2, 6498=2, 7010=2, 5987=2, 2912=2, 6507=2, 4457=2, 5486=2, 2413=2, 2925=2, 4467=2, 3440=2, 7030=2, 3962=2, 4472=2, 2943=2, 5503=2, 6012=2, 6525=2, 4480=2, 3974=2, 5510=2, 4996=2, 2949=2, 7045=2, 2440=2, 3464=2, 5007=2, 5520=2, 3473=2, 7062=2, 2971=2, 6043=2, 2460=2, 3997=2, 6562=2, 4000=2, 5024=2, 6560=2, 5537=2, 4518=2, 2472=2, 2985=2, 4009=2, 6060=2, 5042=2, 7090=2, 3505=2, 2487=2, 3002=2, 6585=2, 3518=2, 5567=2, 7106=2, 2499=2, 4547=2, 6598=2, 6089=2, 3022=2, 7119=2, 2509=2, 2515=2, 5072=2, 2513=2, 5083=2, 2520=2, 3033=2, 5086=2, 4060=2, 7132=2, 6109=2, 3555=2, 6627=2, 4580=2, 3051=2, 4584=2, 5102=2, 6126=2, 7148=2, 3568=2, 5616=2, 7159=2, 4084=2, 4602=2, 5114=2, 4603=2, 6652=2]
DEBUG [projectile-publisher-sender] (ProjectilePublisher.java:124) - Sending data /com/stefanolupo/ndngame/0/nodeC/projectiles/sync/326/330/1553045177815
DEBUG [projectile-publisher-sender] (ProjectilePublisher.java:124) - Sending data /com/stefanolupo/ndngame/0/nodeC/projectiles/sync/326/330/1553045178631
DEBUG [projectile-publisher-sender] (ProjectilePublisher.java:124) - Sending data /com/stefanolupo/ndngame/0/nodeC/projectiles/sync/330/331/1553045179415
DEBUG [projectile-publisher-sender] (ProjectilePublisher.java:124) - Sending data /com/stefanolupo/ndngame/0/nodeC/projectiles/sync/331/332/1553045180215
DEBUG [projectile-publisher-sender] (ProjectilePublisher.java:124) - Sending data /com/stefanolupo/ndngame/0/nodeC/projectiles/sync/332/336/1553045180998
DEBUG [projectile-publisher-sender] (ProjectilePublisher.java:124) - Sending data /com/stefanolupo/ndngame/0/nodeC/projectiles/sync/336/337/1553045181531
DEBUG [projectile-publisher-sender] (ProjectilePublisher.java:124) - Sending data /com/stefanolupo/ndngame/0/nodeC/projectiles/sync/337/338/1553045183415
