DEBUG [main] (ConfigManager.java:33) - Initialized with properties: {local.player.status.updates.per.sec=30, facemanager.num.sub.threads.per.face=10, linear.interest.zone.filter.inner.radius=50, projectile.cache.size=100, local.player.status.use.dead.reckoning=false, block.publisher.freshness.period.ms=300, player.status.publisher.freshness.period.ms=300, base.publisher.queue.process.per.sec=60, projectile.sub.inter.interest.max.wait.time.ms=30, linear.interest.zone.filter.outer.radius=100, local.player.dead.reckoning.max.error=1, projectile.publisher.queue.process.multithread=true, statistics.logger.log.rate.sec=30, facemanager.max.num.pub.faces=1, facemanager.num.pub.threads.per.face=10, facemanager.max.num.sub.faces=1, block.sub.inter.interest.max.wait.time.ms=2000, projectile.publisher.queue.process.per.sec=60, base.publisher.queue.process.multithread=true, player.sub.inter.interest.max.wait.time.ms=30, linear.interest.zone.filter.enabled=false, projectile.publisher.freshness.period.ms=300}
WARNING: An illegal reflective access operation has occurred
WARNING: Illegal reflective access by com.google.inject.internal.cglib.core.$ReflectUtils$2 (file:/NdnGame/NdnGameLibGdxDesktop-1.0-SNAPSHOT.jar) to method java.lang.ClassLoader.defineClass(java.lang.String,byte[],int,int,java.security.ProtectionDomain)
WARNING: Please consider reporting this to the maintainers of com.google.inject.internal.cglib.core.$ReflectUtils$2
WARNING: Use --illegal-access=warn to enable warnings of further illegal reflective access operations
WARNING: All illegal access operations will be denied in a future release
DEBUG [main] (BackendModule.java:123) - Writing metrics to /metrics/nodeK
 INFO [main] (DesktopLauncher.java:49) - Launching headless game
 INFO [main] (DesktopLauncher.java:50) - LocalConfig{playerName='nodeK', isMasterView=false, isAutomated=true, automationType='wsp', isHeadless=true, gameId=0, screenWidth=600, screenHeight=600, targetFrameRate=60}
DEBUG [main] (AutomatedInputController.java:52) - Starting with automation type: wsp
DEBUG [main] (BasePublisher.java:70) - Registering /com/stefanolupo/ndngame/0/nodeK/blocks/sync
DEBUG [main] (BasePublisher.java:70) - Registering /com/stefanolupo/ndngame/0/nodeK/status/sync
Mar 16, 2019 6:16:47 PM net.named_data.jndn.Node$RegisterResponse onData
INFO: Register prefix succeeded with the NFD forwarder for prefix /com/stefanolupo/ndngame/0/nodeK/blocks/sync
Mar 16, 2019 6:16:47 PM net.named_data.jndn.Node$RegisterResponse onData
INFO: Register prefix succeeded with the NFD forwarder for prefix /com/stefanolupo/ndngame/0/nodeK/blocks/interact
Mar 16, 2019 6:16:47 PM net.named_data.jndn.Node$RegisterResponse onData
INFO: Register prefix succeeded with the NFD forwarder for prefix /com/stefanolupo/ndngame/0/nodeK/projectiles/sync
Mar 16, 2019 6:16:47 PM net.named_data.jndn.Node$RegisterResponse onData
INFO: Register prefix succeeded with the NFD forwarder for prefix /com/stefanolupo/ndngame/0/nodeK/projectiles/interact
Mar 16, 2019 6:16:47 PM net.named_data.jndn.Node$RegisterResponse onData
INFO: Register prefix failed: Expected NFD status code 200, got: 403
 WARN [fm-pub-0-3] (FaceManager.java:150) - Failed to register prefix: /com/stefanolupo/ndngame/0/nodeK/status/sync, retrying..
Mar 16, 2019 6:16:47 PM net.named_data.jndn.Node$RegisterResponse onData
INFO: Register prefix succeeded with the NFD forwarder for prefix /com/stefanolupo/ndngame/0/nodeK/status/sync
Mar 16, 2019 6:16:51 PM net.named_data.jndn.Node$RegisterResponse onData
INFO: Register prefix succeeded with the NFD forwarder for prefix /com/stefanolupo/ndngame/0/config/broadcast
Mar 16, 2019 6:16:51 PM net.named_data.jndn.Node$RegisterResponse onData
INFO: Register prefix succeeded with the NFD forwarder for prefix /com/stefanolupo/ndngame/0/config/nodeK
 INFO [cs-/com/stefanolupo/ndngame/0/config/nodeK-0] (ChronoSynced.java:93) - Initialized ChronoSyncedMap for /com/stefanolupo/ndngame/0/config/nodeK
Mar 16, 2019 6:16:51 PM net.named_data.jndn.Node$RegisterResponse onData
INFO: Register prefix succeeded with the NFD forwarder for prefix /com/stefanolupo/ndngame/0/discovery/broadcast
Mar 16, 2019 6:16:51 PM net.named_data.jndn.Node$RegisterResponse onData
INFO: Register prefix succeeded with the NFD forwarder for prefix /com/stefanolupo/ndngame/0/discovery/nodeK
 INFO [cs-/com/stefanolupo/ndngame/0/discovery/nodeK-0] (ChronoSynced.java:93) - Initialized ChronoSyncedMap for /com/stefanolupo/ndngame/0/discovery/nodeK
 INFO [cs-/com/stefanolupo/ndngame/0/discovery/nodeK-0] (PlayerStatusSubscriber.java:59) - Adding subscription for nodeH
 INFO [cs-/com/stefanolupo/ndngame/0/discovery/nodeK-0] (BlockSubscriber.java:51) - Adding subscription for /com/stefanolupo/ndngame/0/nodeH/blocks/sync/0/0/0
 INFO [cs-/com/stefanolupo/ndngame/0/discovery/nodeK-0] (ProjectileSubscriber.java:53) - Adding subscription for /com/stefanolupo/ndngame/0/nodeH/projectiles/sync/0/0/0
 INFO [cs-/com/stefanolupo/ndngame/0/discovery/nodeK-0] (PlayerStatusSubscriber.java:59) - Adding subscription for nodeE
 INFO [cs-/com/stefanolupo/ndngame/0/discovery/nodeK-0] (BlockSubscriber.java:51) - Adding subscription for /com/stefanolupo/ndngame/0/nodeE/blocks/sync/0/0/0
 INFO [cs-/com/stefanolupo/ndngame/0/discovery/nodeK-0] (ProjectileSubscriber.java:53) - Adding subscription for /com/stefanolupo/ndngame/0/nodeE/projectiles/sync/0/0/0
 INFO [fm-pub-0-5] (ProjectilePublisher.java:131) - Creating interest meter
 INFO [cs-/com/stefanolupo/ndngame/0/discovery/nodeK-0] (PlayerStatusSubscriber.java:59) - Adding subscription for nodeG
 INFO [cs-/com/stefanolupo/ndngame/0/discovery/nodeK-0] (BlockSubscriber.java:51) - Adding subscription for /com/stefanolupo/ndngame/0/nodeG/blocks/sync/0/0/0
 INFO [cs-/com/stefanolupo/ndngame/0/discovery/nodeK-0] (ProjectileSubscriber.java:53) - Adding subscription for /com/stefanolupo/ndngame/0/nodeG/projectiles/sync/0/0/0
 INFO [cs-/com/stefanolupo/ndngame/0/discovery/nodeK-0] (PlayerStatusSubscriber.java:59) - Adding subscription for nodeI
 INFO [cs-/com/stefanolupo/ndngame/0/discovery/nodeK-0] (BlockSubscriber.java:51) - Adding subscription for /com/stefanolupo/ndngame/0/nodeI/blocks/sync/0/0/0
 INFO [cs-/com/stefanolupo/ndngame/0/discovery/nodeK-0] (ProjectileSubscriber.java:53) - Adding subscription for /com/stefanolupo/ndngame/0/nodeI/projectiles/sync/0/0/0
DEBUG [HeadlessApplication] (ProjectileCollisionSystem.java:108) - Bullet hit me, notifying owner and decreasing my health
DEBUG [HeadlessApplication] (ProjectileCollisionSystem.java:108) - Bullet hit me, notifying owner and decreasing my health
DEBUG [HeadlessApplication] (ProjectileCollisionSystem.java:108) - Bullet hit me, notifying owner and decreasing my health
 INFO [cs-/com/stefanolupo/ndngame/0/discovery/nodeK-0] (PlayerStatusSubscriber.java:59) - Adding subscription for nodeL
 INFO [cs-/com/stefanolupo/ndngame/0/discovery/nodeK-0] (BlockSubscriber.java:51) - Adding subscription for /com/stefanolupo/ndngame/0/nodeL/blocks/sync/0/0/0
 INFO [cs-/com/stefanolupo/ndngame/0/discovery/nodeK-0] (ProjectileSubscriber.java:53) - Adding subscription for /com/stefanolupo/ndngame/0/nodeL/projectiles/sync/0/0/0
 WARN [cs-/com/stefanolupo/ndngame/0/config/nodeK-0] (ChronoSynced.java:118) - Timeout for interest: /com/stefanolupo/ndngame/0/config/nodeK/0?ndn.MustBeFresh=1&ndn.Nonce=%04%7DP%17
 WARN [cs-/com/stefanolupo/ndngame/0/discovery/nodeK-0] (ChronoSynced.java:118) - Timeout for interest: /com/stefanolupo/ndngame/0/discovery/nodeK/1?ndn.MustBeFresh=1&ndn.Nonce=R%CE%E1%A8
 WARN [cs-/com/stefanolupo/ndngame/0/discovery/nodeK-0] (ChronoSynced.java:118) - Timeout for interest: /com/stefanolupo/ndngame/0/discovery/nodeK/1?ndn.MustBeFresh=1&ndn.Nonce=kO%5B%BB
DEBUG [HeadlessApplication] (ProjectileCollisionSystem.java:108) - Bullet hit me, notifying owner and decreasing my health
3/16/19, 6:17:46 PM ============================================================

-- Gauges ----------------------------------------------------------------------
pub-update-percentage-nodeK-blocks-sync
             value = 0.0030752026838132512
pub-update-percentage-nodeK-status-sync
             value = 0.49678501537601344
sub-blocks-cacherate-nodeE
             value = 0.0
sub-blocks-cacherate-nodeG
             value = 0.0
sub-blocks-cacherate-nodeH
             value = 0.0
sub-blocks-cacherate-nodeI
             value = 0.3333333333333333
sub-blocks-cacherate-nodeL
             value = 0.0
sub-projectiles-cacherate-nodeE
             value = 0.0
sub-projectiles-cacherate-nodeG
             value = 0.07142857142857142
sub-projectiles-cacherate-nodeH
             value = NaN
sub-projectiles-cacherate-nodeI
             value = 0.5
sub-projectiles-cacherate-nodeL
             value = 0.0
sub-status-cacherate-nodeE
             value = 0.4065040650406504
sub-status-cacherate-nodeG
             value = 0.058
sub-status-cacherate-nodeH
             value = 0.01652892561983471
sub-status-cacherate-nodeI
             value = 0.0199203187250996
sub-status-cacherate-nodeL
             value = 0.027777777777777776

-- Counters --------------------------------------------------------------------
sub-blocks-interestscounter-nodeE
             count = 18
sub-blocks-interestscounter-nodeG
             count = 17
sub-blocks-interestscounter-nodeH
             count = 20
sub-blocks-interestscounter-nodeI
             count = 15
sub-blocks-interestscounter-nodeL
             count = 15
sub-projectiles-interestscounter-nodeE
             count = 24
sub-projectiles-interestscounter-nodeG
             count = 27
sub-projectiles-interestscounter-nodeH
             count = 22
sub-projectiles-interestscounter-nodeI
             count = 20
sub-projectiles-interestscounter-nodeL
             count = 22
sub-status-interestscounter-nodeE
             count = 138
sub-status-interestscounter-nodeG
             count = 501
sub-status-interestscounter-nodeH
             count = 255
sub-status-interestscounter-nodeI
             count = 503
sub-status-interestscounter-nodeL
             count = 156

-- Histograms ------------------------------------------------------------------
eng-status-delta-nodeE
             count = 120
               min = 0
               max = 2605
              mean = 46.38
            stddev = 264.26
            median = 0.00
              75% <= 11.00
              95% <= 122.00
              98% <= 608.00
              99% <= 624.00
            99.9% <= 2605.00
eng-status-delta-nodeG
             count = 495
               min = 0
               max = 112
              mean = 7.18
            stddev = 14.13
            median = 0.00
              75% <= 11.00
              95% <= 34.00
              98% <= 50.00
              99% <= 60.00
            99.9% <= 112.00
eng-status-delta-nodeH
             count = 239
               min = 0
               max = 1377
              mean = 18.37
            stddev = 110.84
            median = 0.00
              75% <= 11.00
              95% <= 44.00
              98% <= 90.00
              99% <= 657.00
            99.9% <= 1377.00
eng-status-delta-nodeI
             count = 498
               min = 0
               max = 198
              mean = 5.73
            stddev = 17.40
            median = 0.00
              75% <= 0.00
              95% <= 33.00
              98% <= 44.00
              99% <= 77.00
            99.9% <= 198.00
eng-status-delta-nodeL
             count = 143
               min = 0
               max = 1393
              mean = 17.64
            stddev = 113.59
            median = 0.00
              75% <= 11.00
              95% <= 44.00
              98% <= 80.00
              99% <= 405.00
            99.9% <= 1393.00
sub-blocks-latency-nodeE
             count = 2
               min = 25
               max = 51
              mean = 37.22
            stddev = 12.98
            median = 25.00
              75% <= 51.00
              95% <= 51.00
              98% <= 51.00
              99% <= 51.00
            99.9% <= 51.00
sub-blocks-latency-nodeG
             count = 1
               min = 14
               max = 14
              mean = 14.00
            stddev = 0.00
            median = 14.00
              75% <= 14.00
              95% <= 14.00
              98% <= 14.00
              99% <= 14.00
            99.9% <= 14.00
sub-blocks-latency-nodeH
             count = 2
               min = 16
               max = 22
              mean = 18.89
            stddev = 3.00
            median = 16.00
              75% <= 22.00
              95% <= 22.00
              98% <= 22.00
              99% <= 22.00
            99.9% <= 22.00
sub-blocks-latency-nodeI
             count = 3
               min = 17
               max = 67
              mean = 35.12
            stddev = 21.74
            median = 24.00
              75% <= 67.00
              95% <= 67.00
              98% <= 67.00
              99% <= 67.00
            99.9% <= 67.00
sub-blocks-latency-nodeL
             count = 2
               min = 10
               max = 20
              mean = 14.66
            stddev = 4.99
            median = 10.00
              75% <= 20.00
              95% <= 20.00
              98% <= 20.00
              99% <= 20.00
            99.9% <= 20.00
sub-blocks-rtt-nodeE
             count = 2
               min = 94
               max = 925
              mean = 484.60
            stddev = 414.75
            median = 94.00
              75% <= 925.00
              95% <= 925.00
              98% <= 925.00
              99% <= 925.00
            99.9% <= 925.00
sub-blocks-rtt-nodeG
             count = 1
               min = 515
               max = 515
              mean = 515.00
            stddev = 0.00
            median = 515.00
              75% <= 515.00
              95% <= 515.00
              98% <= 515.00
              99% <= 515.00
            99.9% <= 515.00
sub-blocks-rtt-nodeH
             count = 2
               min = 483
               max = 819
              mean = 644.70
            stddev = 167.88
            median = 483.00
              75% <= 819.00
              95% <= 819.00
              98% <= 819.00
              99% <= 819.00
            99.9% <= 819.00
sub-blocks-rtt-nodeI
             count = 3
               min = 20
               max = 852
              mean = 440.94
            stddev = 335.90
            median = 421.00
              75% <= 852.00
              95% <= 852.00
              98% <= 852.00
              99% <= 852.00
            99.9% <= 852.00
sub-blocks-rtt-nodeL
             count = 2
               min = 157
               max = 206
              mean = 183.15
            stddev = 24.44
            median = 206.00
              75% <= 206.00
              95% <= 206.00
              98% <= 206.00
              99% <= 206.00
            99.9% <= 206.00
sub-projectiles-latency-nodeE
             count = 6
               min = 24
               max = 46
              mean = 33.10
            stddev = 8.13
            median = 29.00
              75% <= 43.00
              95% <= 46.00
              98% <= 46.00
              99% <= 46.00
            99.9% <= 46.00
sub-projectiles-latency-nodeG
             count = 14
               min = 10
               max = 199
              mean = 23.63
            stddev = 45.68
            median = 11.00
              75% <= 14.00
              95% <= 199.00
              98% <= 199.00
              99% <= 199.00
            99.9% <= 199.00
sub-projectiles-latency-nodeH
             count = 0
               min = 0
               max = 0
              mean = 0.00
            stddev = 0.00
            median = 0.00
              75% <= 0.00
              95% <= 0.00
              98% <= 0.00
              99% <= 0.00
            99.9% <= 0.00
sub-projectiles-latency-nodeI
             count = 2
               min = 7
               max = 180
              mean = 92.85
            stddev = 86.50
            median = 7.00
              75% <= 180.00
              95% <= 180.00
              98% <= 180.00
              99% <= 180.00
            99.9% <= 180.00
sub-projectiles-latency-nodeL
             count = 10
               min = 7
               max = 17
              mean = 9.49
            stddev = 3.12
            median = 8.00
              75% <= 10.00
              95% <= 17.00
              98% <= 17.00
              99% <= 17.00
            99.9% <= 17.00
sub-projectiles-rtt-nodeE
             count = 6
               min = 42
               max = 799
              mean = 387.21
            stddev = 298.11
            median = 531.00
              75% <= 663.00
              95% <= 799.00
              98% <= 799.00
              99% <= 799.00
            99.9% <= 799.00
sub-projectiles-rtt-nodeG
             count = 14
               min = 24
               max = 803
              mean = 382.61
            stddev = 253.94
            median = 501.00
              75% <= 545.00
              95% <= 803.00
              98% <= 803.00
              99% <= 803.00
            99.9% <= 803.00
sub-projectiles-rtt-nodeH
             count = 0
               min = 0
               max = 0
              mean = 0.00
            stddev = 0.00
            median = 0.00
              75% <= 0.00
              95% <= 0.00
              98% <= 0.00
              99% <= 0.00
            99.9% <= 0.00
sub-projectiles-rtt-nodeI
             count = 2
               min = 19
               max = 497
              mean = 259.79
            stddev = 238.99
            median = 497.00
              75% <= 497.00
              95% <= 497.00
              98% <= 497.00
              99% <= 497.00
            99.9% <= 497.00
sub-projectiles-rtt-nodeL
             count = 10
               min = 34
               max = 963
              mean = 492.28
            stddev = 283.69
            median = 508.00
              75% <= 667.00
              95% <= 963.00
              98% <= 963.00
              99% <= 963.00
            99.9% <= 963.00
sub-status-latency-nodeE
             count = 123
               min = 24
               max = 81
              mean = 35.56
            stddev = 7.57
            median = 35.00
              75% <= 39.00
              95% <= 43.00
              98% <= 59.00
              99% <= 76.00
            99.9% <= 81.00
sub-status-latency-nodeG
             count = 502
               min = 10
               max = 231
              mean = 21.93
            stddev = 15.88
            median = 20.00
              75% <= 24.00
              95% <= 31.00
              98% <= 40.00
              99% <= 58.00
            99.9% <= 231.00
sub-status-latency-nodeH
             count = 243
               min = 11
               max = 50
              mean = 20.55
            stddev = 6.17
            median = 20.00
              75% <= 24.00
              95% <= 29.00
              98% <= 36.00
              99% <= 44.00
            99.9% <= 50.00
sub-status-latency-nodeI
             count = 504
               min = 7
               max = 165
              mean = 18.00
            stddev = 10.56
            median = 17.00
              75% <= 21.00
              95% <= 25.00
              98% <= 32.00
              99% <= 43.00
            99.9% <= 165.00
sub-status-latency-nodeL
             count = 147
               min = 8
               max = 62
              mean = 17.21
            stddev = 6.30
            median = 16.00
              75% <= 21.00
              95% <= 24.00
              98% <= 32.00
              99% <= 34.00
            99.9% <= 62.00
sub-status-rtt-nodeE
             count = 123
               min = 10
               max = 117
              mean = 46.60
            stddev = 18.79
            median = 37.00
              75% <= 66.00
              95% <= 71.00
              98% <= 82.00
              99% <= 83.00
            99.9% <= 117.00
sub-status-rtt-nodeG
             count = 502
               min = 3
               max = 96
              mean = 35.38
            stddev = 12.02
            median = 33.00
              75% <= 35.00
              95% <= 66.00
              98% <= 67.00
              99% <= 83.00
            99.9% <= 96.00
sub-status-rtt-nodeH
             count = 243
               min = 6
               max = 88
              mean = 40.61
            stddev = 14.81
            median = 33.00
              75% <= 50.00
              95% <= 67.00
              98% <= 70.00
              99% <= 76.00
            99.9% <= 88.00
sub-status-rtt-nodeI
             count = 504
               min = 4
               max = 98
              mean = 35.27
            stddev = 10.91
            median = 33.00
              75% <= 35.00
              95% <= 59.00
              98% <= 67.00
              99% <= 70.00
            99.9% <= 98.00
sub-status-rtt-nodeL
             count = 147
               min = 9
               max = 98
              mean = 46.31
            stddev = 17.95
            median = 37.00
              75% <= 65.00
              95% <= 83.00
              98% <= 84.00
              99% <= 89.00
            99.9% <= 98.00

-- Meters ----------------------------------------------------------------------
pub-interest-rate-nodeK-blocks-sync
             count = 39
         mean rate = 1.97 events/second
     1-minute rate = 1.82 events/second
     5-minute rate = 1.80 events/second
    15-minute rate = 1.80 events/second
pub-interest-rate-nodeK-projectiles-sync
             count = 46
         mean rate = 2.33 events/second
     1-minute rate = 2.22 events/second
     5-minute rate = 2.20 events/second
    15-minute rate = 2.20 events/second
pub-interest-rate-nodeK-status-sync
             count = 593
         mean rate = 29.98 events/second
     1-minute rate = 29.38 events/second
     5-minute rate = 29.24 events/second
    15-minute rate = 29.21 events/second

-- Timers ----------------------------------------------------------------------
pub-queue-time-nodeK-blocks-sync
             count = 6
         mean rate = 0.10 calls/second
     1-minute rate = 0.09 calls/second
     5-minute rate = 0.02 calls/second
    15-minute rate = 0.01 calls/second
               min = 0.12 milliseconds
               max = 0.81 milliseconds
              mean = 0.26 milliseconds
            stddev = 0.24 milliseconds
            median = 0.16 milliseconds
              75% <= 0.23 milliseconds
              95% <= 0.81 milliseconds
              98% <= 0.81 milliseconds
              99% <= 0.81 milliseconds
            99.9% <= 0.81 milliseconds
pub-queue-time-nodeK-status-sync
             count = 549
         mean rate = 9.20 calls/second
     1-minute rate = 6.21 calls/second
     5-minute rate = 1.37 calls/second
    15-minute rate = 0.46 calls/second
               min = 0.07 milliseconds
               max = 5.37 milliseconds
              mean = 0.18 milliseconds
            stddev = 0.28 milliseconds
            median = 0.14 milliseconds
              75% <= 0.17 milliseconds
              95% <= 0.30 milliseconds
              98% <= 0.34 milliseconds
              99% <= 0.42 milliseconds
            99.9% <= 5.37 milliseconds


DEBUG [HeadlessApplication] (ProjectileCollisionSystem.java:108) - Bullet hit me, notifying owner and decreasing my health
DEBUG [HeadlessApplication] (ProjectileCollisionSystem.java:108) - Bullet hit me, notifying owner and decreasing my health
 INFO [cs-/com/stefanolupo/ndngame/0/discovery/nodeK-0] (PlayerStatusSubscriber.java:59) - Adding subscription for nodeF
 INFO [cs-/com/stefanolupo/ndngame/0/discovery/nodeK-0] (BlockSubscriber.java:51) - Adding subscription for /com/stefanolupo/ndngame/0/nodeF/blocks/sync/0/0/0
 INFO [cs-/com/stefanolupo/ndngame/0/discovery/nodeK-0] (ProjectileSubscriber.java:53) - Adding subscription for /com/stefanolupo/ndngame/0/nodeF/projectiles/sync/0/0/0
DEBUG [HeadlessApplication] (ProjectileCollisionSystem.java:108) - Bullet hit me, notifying owner and decreasing my health
DEBUG [HeadlessApplication] (ProjectileCollisionSystem.java:108) - Bullet hit me, notifying owner and decreasing my health
3/16/19, 6:18:46 PM ============================================================

-- Gauges ----------------------------------------------------------------------
pub-update-percentage-nodeK-blocks-sync
             value = 0.0039013515396405184
pub-update-percentage-nodeK-status-sync
             value = 0.48836561237285775
sub-blocks-cacherate-nodeE
             value = 0.0
sub-blocks-cacherate-nodeF
             value = 0.0
sub-blocks-cacherate-nodeG
             value = 0.0
sub-blocks-cacherate-nodeH
             value = 0.0
sub-blocks-cacherate-nodeI
             value = 0.25
sub-blocks-cacherate-nodeL
             value = 0.0
sub-projectiles-cacherate-nodeE
             value = 0.047619047619047616
sub-projectiles-cacherate-nodeF
             value = 0.1111111111111111
sub-projectiles-cacherate-nodeG
             value = 0.1111111111111111
sub-projectiles-cacherate-nodeH
             value = NaN
sub-projectiles-cacherate-nodeI
             value = 0.14285714285714285
sub-projectiles-cacherate-nodeL
             value = 0.0
sub-status-cacherate-nodeE
             value = 0.27325581395348836
sub-status-cacherate-nodeF
             value = 0.04234527687296417
sub-status-cacherate-nodeG
             value = 0.054976303317535544
sub-status-cacherate-nodeH
             value = 0.031198686371100164
sub-status-cacherate-nodeI
             value = 0.020655270655270654
sub-status-cacherate-nodeL
             value = 0.028

-- Counters --------------------------------------------------------------------
sub-blocks-interestscounter-nodeE
             count = 77
sub-blocks-interestscounter-nodeF
             count = 40
sub-blocks-interestscounter-nodeG
             count = 75
sub-blocks-interestscounter-nodeH
             count = 80
sub-blocks-interestscounter-nodeI
             count = 74
sub-blocks-interestscounter-nodeL
             count = 75
sub-projectiles-interestscounter-nodeE
             count = 92
sub-projectiles-interestscounter-nodeF
             count = 49
sub-projectiles-interestscounter-nodeG
             count = 94
sub-projectiles-interestscounter-nodeH
             count = 82
sub-projectiles-interestscounter-nodeI
             count = 83
sub-projectiles-interestscounter-nodeL
             count = 86
sub-status-interestscounter-nodeE
             count = 408
sub-status-interestscounter-nodeF
             count = 336
sub-status-interestscounter-nodeG
             count = 1094
sub-status-interestscounter-nodeH
             count = 664
sub-status-interestscounter-nodeI
             count = 1426
sub-status-interestscounter-nodeL
             count = 315

-- Histograms ------------------------------------------------------------------
eng-status-delta-nodeE
             count = 339
               min = 0
               max = 2605
              mean = 46.91
            stddev = 186.50
            median = 0.00
              75% <= 22.00
              95% <= 269.00
              98% <= 589.00
              99% <= 857.00
            99.9% <= 2605.00
eng-status-delta-nodeF
             count = 297
               min = 0
               max = 4733
              mean = 64.79
            stddev = 361.50
            median = 0.00
              75% <= 11.00
              95% <= 102.00
              98% <= 900.00
              99% <= 1636.00
            99.9% <= 4733.00
eng-status-delta-nodeG
             count = 1047
               min = 0
               max = 1088
              mean = 14.01
            stddev = 82.21
            median = 0.00
              75% <= 11.00
              95% <= 35.00
              98% <= 74.00
              99% <= 276.00
            99.9% <= 1088.00
eng-status-delta-nodeH
             count = 604
               min = 0
               max = 1646
              mean = 37.47
            stddev = 176.96
            median = 0.00
              75% <= 11.00
              95% <= 71.00
              98% <= 618.00
              99% <= 1260.00
            99.9% <= 1646.00
eng-status-delta-nodeI
             count = 1394
               min = 0
               max = 1443
              mean = 10.79
            stddev = 63.86
            median = 0.00
              75% <= 11.00
              95% <= 33.00
              98% <= 63.00
              99% <= 126.00
            99.9% <= 1443.00
eng-status-delta-nodeL
             count = 248
               min = 0
               max = 2471
              mean = 98.64
            stddev = 325.44
            median = 0.00
              75% <= 11.00
              95% <= 776.00
              98% <= 1358.00
              99% <= 1500.00
            99.9% <= 2471.00
sub-blocks-latency-nodeE
             count = 3
               min = 25
               max = 51
              mean = 35.64
            stddev = 9.39
            median = 34.00
              75% <= 34.00
              95% <= 51.00
              98% <= 51.00
              99% <= 51.00
            99.9% <= 51.00
sub-blocks-latency-nodeF
             count = 3
               min = 8
               max = 21
              mean = 13.24
            stddev = 6.08
            median = 9.00
              75% <= 21.00
              95% <= 21.00
              98% <= 21.00
              99% <= 21.00
            99.9% <= 21.00
sub-blocks-latency-nodeG
             count = 3
               min = 13
               max = 25
              mean = 17.20
            stddev = 5.44
            median = 14.00
              75% <= 25.00
              95% <= 25.00
              98% <= 25.00
              99% <= 25.00
            99.9% <= 25.00
sub-blocks-latency-nodeH
             count = 2
               min = 16
               max = 22
              mean = 18.89
            stddev = 3.00
            median = 16.00
              75% <= 22.00
              95% <= 22.00
              98% <= 22.00
              99% <= 22.00
            99.9% <= 22.00
sub-blocks-latency-nodeI
             count = 4
               min = 17
               max = 67
              mean = 29.59
            stddev = 19.21
            median = 19.00
              75% <= 24.00
              95% <= 67.00
              98% <= 67.00
              99% <= 67.00
            99.9% <= 67.00
sub-blocks-latency-nodeL
             count = 2
               min = 10
               max = 20
              mean = 14.66
            stddev = 4.99
            median = 10.00
              75% <= 20.00
              95% <= 20.00
              98% <= 20.00
              99% <= 20.00
            99.9% <= 20.00
sub-blocks-rtt-nodeE
             count = 3
               min = 94
               max = 925
              mean = 577.65
            stddev = 310.61
            median = 674.00
              75% <= 674.00
              95% <= 925.00
              98% <= 925.00
              99% <= 925.00
            99.9% <= 925.00
sub-blocks-rtt-nodeF
             count = 3
               min = 452
               max = 703
              mean = 579.33
            stddev = 104.61
            median = 553.00
              75% <= 703.00
              95% <= 703.00
              98% <= 703.00
              99% <= 703.00
            99.9% <= 703.00
sub-blocks-rtt-nodeG
             count = 3
               min = 507
               max = 713
              mean = 576.50
            stddev = 95.02
            median = 515.00
              75% <= 713.00
              95% <= 713.00
              98% <= 713.00
              99% <= 713.00
            99.9% <= 713.00
sub-blocks-rtt-nodeH
             count = 2
               min = 483
               max = 819
              mean = 644.70
            stddev = 167.88
            median = 483.00
              75% <= 819.00
              95% <= 819.00
              98% <= 819.00
              99% <= 819.00
            99.9% <= 819.00
sub-blocks-rtt-nodeI
             count = 4
               min = 20
               max = 852
              mean = 296.86
            stddev = 337.44
            median = 21.00
              75% <= 421.00
              95% <= 852.00
              98% <= 852.00
              99% <= 852.00
            99.9% <= 852.00
sub-blocks-rtt-nodeL
             count = 2
               min = 157
               max = 206
              mean = 183.15
            stddev = 24.44
            median = 206.00
              75% <= 206.00
              95% <= 206.00
              98% <= 206.00
              99% <= 206.00
            99.9% <= 206.00
sub-projectiles-latency-nodeE
             count = 21
               min = 22
               max = 46
              mean = 25.48
            stddev = 5.37
            median = 23.00
              75% <= 27.00
              95% <= 34.00
              98% <= 46.00
              99% <= 46.00
            99.9% <= 46.00
sub-projectiles-latency-nodeF
             count = 9
               min = 2
               max = 279
              mean = 30.58
            stddev = 79.62
            median = 3.00
              75% <= 9.00
              95% <= 279.00
              98% <= 279.00
              99% <= 279.00
            99.9% <= 279.00
sub-projectiles-latency-nodeG
             count = 27
               min = 10
               max = 200
              mean = 33.56
            stddev = 58.20
            median = 12.00
              75% <= 15.00
              95% <= 200.00
              98% <= 200.00
              99% <= 200.00
            99.9% <= 200.00
sub-projectiles-latency-nodeH
             count = 0
               min = 0
               max = 0
              mean = 0.00
            stddev = 0.00
            median = 0.00
              75% <= 0.00
              95% <= 0.00
              98% <= 0.00
              99% <= 0.00
            99.9% <= 0.00
sub-projectiles-latency-nodeI
             count = 7
               min = 7
               max = 180
              mean = 24.79
            stddev = 48.96
            median = 8.00
              75% <= 12.00
              95% <= 180.00
              98% <= 180.00
              99% <= 180.00
            99.9% <= 180.00
sub-projectiles-latency-nodeL
             count = 18
               min = 7
               max = 17
              mean = 8.36
            stddev = 2.49
            median = 7.00
              75% <= 8.00
              95% <= 14.00
              98% <= 17.00
              99% <= 17.00
            99.9% <= 17.00
sub-projectiles-rtt-nodeE
             count = 21
               min = 4
               max = 900
              mean = 445.71
            stddev = 248.51
            median = 499.00
              75% <= 604.00
              95% <= 900.00
              98% <= 900.00
              99% <= 900.00
            99.9% <= 900.00
sub-projectiles-rtt-nodeF
             count = 9
               min = 14
               max = 818
              mean = 345.11
            stddev = 290.97
            median = 516.00
              75% <= 541.00
              95% <= 818.00
              98% <= 818.00
              99% <= 818.00
            99.9% <= 818.00
sub-projectiles-rtt-nodeG
             count = 27
               min = 2
               max = 986
              mean = 384.81
            stddev = 305.48
            median = 501.00
              75% <= 574.00
              95% <= 803.00
              98% <= 986.00
              99% <= 986.00
            99.9% <= 986.00
sub-projectiles-rtt-nodeH
             count = 0
               min = 0
               max = 0
              mean = 0.00
            stddev = 0.00
            median = 0.00
              75% <= 0.00
              95% <= 0.00
              98% <= 0.00
              99% <= 0.00
            99.9% <= 0.00
sub-projectiles-rtt-nodeI
             count = 7
               min = 19
               max = 578
              mean = 233.48
            stddev = 248.65
            median = 50.00
              75% <= 532.00
              95% <= 578.00
              98% <= 578.00
              99% <= 578.00
            99.9% <= 578.00
sub-projectiles-rtt-nodeL
             count = 18
               min = 16
               max = 1000
              mean = 507.14
            stddev = 287.63
            median = 516.00
              75% <= 667.00
              95% <= 1000.00
              98% <= 1000.00
              99% <= 1000.00
            99.9% <= 1000.00
sub-status-latency-nodeE
             count = 344
               min = 22
               max = 81
              mean = 32.95
            stddev = 6.26
            median = 33.00
              75% <= 37.00
              95% <= 41.00
              98% <= 46.00
              99% <= 48.00
            99.9% <= 81.00
sub-status-latency-nodeF
             count = 307
               min = 2
               max = 229
              mean = 16.91
            stddev = 24.07
            median = 13.00
              75% <= 17.00
              95% <= 30.00
              98% <= 103.00
              99% <= 158.00
            99.9% <= 229.00
sub-status-latency-nodeG
             count = 1055
               min = 10
               max = 231
              mean = 21.14
            stddev = 10.89
            median = 20.00
              75% <= 24.00
              95% <= 31.00
              98% <= 37.00
              99% <= 51.00
            99.9% <= 200.00
sub-status-latency-nodeH
             count = 609
               min = 10
               max = 64
              mean = 20.36
            stddev = 6.56
            median = 20.00
              75% <= 24.00
              95% <= 30.00
              98% <= 36.00
              99% <= 41.00
            99.9% <= 64.00
sub-status-latency-nodeI
             count = 1404
               min = 7
               max = 117
              mean = 17.58
            stddev = 6.86
            median = 17.00
              75% <= 22.00
              95% <= 27.00
              98% <= 32.00
              99% <= 38.00
            99.9% <= 62.00
sub-status-latency-nodeL
             count = 250
               min = 7
               max = 68
              mean = 17.44
            stddev = 7.06
            median = 16.00
              75% <= 22.00
              95% <= 25.00
              98% <= 32.00
              99% <= 34.00
            99.9% <= 68.00
sub-status-rtt-nodeE
             count = 345
               min = 10
               max = 117
              mean = 49.10
            stddev = 20.47
            median = 44.00
              75% <= 67.00
              95% <= 85.00
              98% <= 96.00
              99% <= 100.00
            99.9% <= 117.00
sub-status-rtt-nodeF
             count = 307
               min = 1
               max = 112
              mean = 47.29
            stddev = 20.03
            median = 43.00
              75% <= 66.00
              95% <= 82.00
              98% <= 96.00
              99% <= 100.00
            99.9% <= 112.00
sub-status-rtt-nodeG
             count = 1055
               min = 3
               max = 141
              mean = 37.54
            stddev = 13.85
            median = 33.00
              75% <= 40.00
              95% <= 67.00
              98% <= 73.00
              99% <= 83.00
            99.9% <= 96.00
sub-status-rtt-nodeH
             count = 609
               min = 6
               max = 119
              mean = 45.88
            stddev = 19.30
            median = 36.00
              75% <= 65.00
              95% <= 75.00
              98% <= 88.00
              99% <= 114.00
            99.9% <= 119.00
sub-status-rtt-nodeI
             count = 1404
               min = 2
               max = 133
              mean = 43.41
            stddev = 17.56
            median = 34.00
              75% <= 57.00
              95% <= 70.00
              98% <= 84.00
              99% <= 99.00
            99.9% <= 133.00
sub-status-rtt-nodeL
             count = 250
               min = 9
               max = 125
              mean = 47.38
            stddev = 19.77
            median = 38.00
              75% <= 65.00
              95% <= 83.00
              98% <= 94.00
              99% <= 98.00
            99.9% <= 125.00

-- Meters ----------------------------------------------------------------------
pub-interest-rate-nodeK-blocks-sync
             count = 216
         mean rate = 2.71 events/second
     1-minute rate = 2.58 events/second
     5-minute rate = 2.01 events/second
    15-minute rate = 1.87 events/second
pub-interest-rate-nodeK-projectiles-sync
             count = 219
         mean rate = 2.75 events/second
     1-minute rate = 2.63 events/second
     5-minute rate = 2.32 events/second
    15-minute rate = 2.24 events/second
pub-interest-rate-nodeK-status-sync
             count = 2297
         mean rate = 28.82 events/second
     1-minute rate = 28.80 events/second
     5-minute rate = 29.13 events/second
    15-minute rate = 29.18 events/second

-- Timers ----------------------------------------------------------------------
pub-queue-time-nodeK-blocks-sync
             count = 17
         mean rate = 0.14 calls/second
     1-minute rate = 0.13 calls/second
     5-minute rate = 0.05 calls/second
    15-minute rate = 0.02 calls/second
               min = 0.09 milliseconds
               max = 0.81 milliseconds
              mean = 0.15 milliseconds
            stddev = 0.13 milliseconds
            median = 0.13 milliseconds
              75% <= 0.16 milliseconds
              95% <= 0.23 milliseconds
              98% <= 0.81 milliseconds
              99% <= 0.81 milliseconds
            99.9% <= 0.81 milliseconds
pub-queue-time-nodeK-status-sync
             count = 2076
         mean rate = 17.35 calls/second
     1-minute rate = 18.40 calls/second
     5-minute rate = 5.78 calls/second
    15-minute rate = 2.09 calls/second
               min = 0.06 milliseconds
               max = 2.85 milliseconds
              mean = 0.13 milliseconds
            stddev = 0.15 milliseconds
            median = 0.11 milliseconds
              75% <= 0.12 milliseconds
              95% <= 0.20 milliseconds
              98% <= 0.29 milliseconds
              99% <= 0.37 milliseconds
            99.9% <= 2.74 milliseconds


DEBUG [HeadlessApplication] (ProjectileCollisionSystem.java:108) - Bullet hit me, notifying owner and decreasing my health
DEBUG [HeadlessApplication] (ProjectileCollisionSystem.java:108) - Bullet hit me, notifying owner and decreasing my health
DEBUG [HeadlessApplication] (ProjectileCollisionSystem.java:108) - Bullet hit me, notifying owner and decreasing my health
DEBUG [HeadlessApplication] (ProjectileCollisionSystem.java:108) - Bullet hit me, notifying owner and decreasing my health
DEBUG [HeadlessApplication] (ProjectileCollisionSystem.java:108) - Bullet hit me, notifying owner and decreasing my health
DEBUG [HeadlessApplication] (ProjectileCollisionSystem.java:108) - Bullet hit me, notifying owner and decreasing my health
DEBUG [bp-queue-proc-/com/stefanolupo/ndngame/0/nodeK/status/sync-0] (BasePublisher.java:144) - Had Update but /com/stefanolupo/ndngame/0/nodeK/status/sync/4579/0/0 already had sn 4579
DEBUG [HeadlessApplication] (ProjectileCollisionSystem.java:108) - Bullet hit me, notifying owner and decreasing my health
DEBUG [HeadlessApplication] (ProjectileCollisionSystem.java:108) - Bullet hit me, notifying owner and decreasing my health
DEBUG [HeadlessApplication] (ProjectileCollisionSystem.java:108) - Bullet hit me, notifying owner and decreasing my health
DEBUG [HeadlessApplication] (ProjectileCollisionSystem.java:108) - Bullet hit me, notifying owner and decreasing my health
3/16/19, 6:19:46 PM ============================================================

-- Gauges ----------------------------------------------------------------------
pub-update-percentage-nodeK-blocks-sync
             value = 0.0032473557246242347
pub-update-percentage-nodeK-status-sync
             value = 0.49030342395842996
sub-blocks-cacherate-nodeE
             value = 0.0
sub-blocks-cacherate-nodeF
             value = 0.0
sub-blocks-cacherate-nodeG
             value = 0.0
sub-blocks-cacherate-nodeH
             value = 0.0
sub-blocks-cacherate-nodeI
             value = 0.16666666666666666
sub-blocks-cacherate-nodeL
             value = 0.0
sub-projectiles-cacherate-nodeE
             value = 0.07692307692307693
sub-projectiles-cacherate-nodeF
             value = 0.07692307692307693
sub-projectiles-cacherate-nodeG
             value = 0.057692307692307696
sub-projectiles-cacherate-nodeH
             value = 0.1
sub-projectiles-cacherate-nodeI
             value = 0.05
sub-projectiles-cacherate-nodeL
             value = 0.0
sub-status-cacherate-nodeE
             value = 0.21607142857142858
sub-status-cacherate-nodeF
             value = 0.02748414376321353
sub-status-cacherate-nodeG
             value = 0.04852941176470588
sub-status-cacherate-nodeH
             value = 0.03121387283236994
sub-status-cacherate-nodeI
             value = 0.018148820326678767
sub-status-cacherate-nodeL
             value = 0.028925619834710745

-- Counters --------------------------------------------------------------------
sub-blocks-interestscounter-nodeE
             count = 137
sub-blocks-interestscounter-nodeF
             count = 97
sub-blocks-interestscounter-nodeG
             count = 135
sub-blocks-interestscounter-nodeH
             count = 140
sub-blocks-interestscounter-nodeI
             count = 132
sub-blocks-interestscounter-nodeL
             count = 135
sub-projectiles-interestscounter-nodeE
             count = 163
sub-projectiles-interestscounter-nodeF
             count = 112
sub-projectiles-interestscounter-nodeG
             count = 167
sub-projectiles-interestscounter-nodeH
             count = 149
sub-projectiles-interestscounter-nodeI
             count = 150
sub-projectiles-interestscounter-nodeL
             count = 147
sub-status-interestscounter-nodeE
             count = 672
sub-status-interestscounter-nodeF
             count = 554
sub-status-interestscounter-nodeG
             count = 1444
sub-status-interestscounter-nodeH
             count = 967
sub-status-interestscounter-nodeI
             count = 1721
sub-status-interestscounter-nodeL
             count = 598

-- Histograms ------------------------------------------------------------------
eng-status-delta-nodeE
             count = 556
               min = 0
               max = 2605
              mean = 39.29
            stddev = 171.45
            median = 0.00
              75% <= 23.00
              95% <= 124.00
              98% <= 314.00
              99% <= 608.00
            99.9% <= 2037.00
eng-status-delta-nodeF
             count = 462
               min = 0
               max = 5534
              mean = 92.74
            stddev = 491.98
            median = 0.00
              75% <= 11.00
              95% <= 491.00
              98% <= 1273.00
              99% <= 1636.00
            99.9% <= 5534.00
eng-status-delta-nodeG
             count = 1351
               min = 0
               max = 2067
              mean = 33.33
            stddev = 179.80
            median = 0.00
              75% <= 11.00
              95% <= 56.00
              98% <= 587.00
              99% <= 1024.00
            99.9% <= 2067.00
eng-status-delta-nodeH
             count = 860
               min = 0
               max = 5656
              mean = 62.03
            stddev = 384.02
            median = 0.00
              75% <= 11.00
              95% <= 189.00
              98% <= 1124.00
              99% <= 1509.00
            99.9% <= 5656.00
eng-status-delta-nodeI
             count = 1643
               min = 0
               max = 2200
              mean = 45.05
            stddev = 244.09
            median = 0.00
              75% <= 11.00
              95% <= 71.00
              98% <= 942.00
              99% <= 1581.00
            99.9% <= 2200.00
eng-status-delta-nodeL
             count = 482
               min = 0
               max = 2471
              mean = 50.40
            stddev = 214.93
            median = 0.00
              75% <= 11.00
              95% <= 354.00
              98% <= 763.00
              99% <= 1122.00
            99.9% <= 2471.00
sub-blocks-latency-nodeE
             count = 3
               min = 25
               max = 51
              mean = 35.64
            stddev = 9.39
            median = 34.00
              75% <= 34.00
              95% <= 51.00
              98% <= 51.00
              99% <= 51.00
            99.9% <= 51.00
sub-blocks-latency-nodeF
             count = 6
               min = 4
               max = 21
              mean = 12.01
            stddev = 6.83
            median = 9.00
              75% <= 19.00
              95% <= 21.00
              98% <= 21.00
              99% <= 21.00
            99.9% <= 21.00
sub-blocks-latency-nodeG
             count = 3
               min = 13
               max = 25
              mean = 17.20
            stddev = 5.44
            median = 14.00
              75% <= 25.00
              95% <= 25.00
              98% <= 25.00
              99% <= 25.00
            99.9% <= 25.00
sub-blocks-latency-nodeH
             count = 2
               min = 16
               max = 22
              mean = 18.89
            stddev = 3.00
            median = 16.00
              75% <= 22.00
              95% <= 22.00
              98% <= 22.00
              99% <= 22.00
            99.9% <= 22.00
sub-blocks-latency-nodeI
             count = 6
               min = 12
               max = 67
              mean = 18.66
            stddev = 14.14
            median = 13.00
              75% <= 19.00
              95% <= 67.00
              98% <= 67.00
              99% <= 67.00
            99.9% <= 67.00
sub-blocks-latency-nodeL
             count = 2
               min = 10
               max = 20
              mean = 14.66
            stddev = 4.99
            median = 10.00
              75% <= 20.00
              95% <= 20.00
              98% <= 20.00
              99% <= 20.00
            99.9% <= 20.00
sub-blocks-rtt-nodeE
             count = 3
               min = 94
               max = 925
              mean = 577.65
            stddev = 310.61
            median = 674.00
              75% <= 674.00
              95% <= 925.00
              98% <= 925.00
              99% <= 925.00
            99.9% <= 925.00
sub-blocks-rtt-nodeF
             count = 6
               min = 249
               max = 805
              mean = 503.33
            stddev = 205.42
            median = 546.00
              75% <= 703.00
              95% <= 805.00
              98% <= 805.00
              99% <= 805.00
            99.9% <= 805.00
sub-blocks-rtt-nodeG
             count = 3
               min = 507
               max = 713
              mean = 576.50
            stddev = 95.02
            median = 515.00
              75% <= 713.00
              95% <= 713.00
              98% <= 713.00
              99% <= 713.00
            99.9% <= 713.00
sub-blocks-rtt-nodeH
             count = 2
               min = 483
               max = 819
              mean = 644.70
            stddev = 167.88
            median = 483.00
              75% <= 819.00
              95% <= 819.00
              98% <= 819.00
              99% <= 819.00
            99.9% <= 819.00
sub-blocks-rtt-nodeI
             count = 6
               min = 20
               max = 852
              mean = 262.68
            stddev = 210.71
            median = 175.00
              75% <= 307.00
              95% <= 852.00
              98% <= 852.00
              99% <= 852.00
            99.9% <= 852.00
sub-blocks-rtt-nodeL
             count = 2
               min = 157
               max = 206
              mean = 183.15
            stddev = 24.44
            median = 206.00
              75% <= 206.00
              95% <= 206.00
              98% <= 206.00
              99% <= 206.00
            99.9% <= 206.00
sub-projectiles-latency-nodeE
             count = 39
               min = 20
               max = 47
              mean = 22.88
            stddev = 6.09
            median = 21.00
              75% <= 22.00
              95% <= 43.00
              98% <= 47.00
              99% <= 47.00
            99.9% <= 47.00
sub-projectiles-latency-nodeF
             count = 13
               min = 1
               max = 279
              mean = 22.10
            stddev = 61.03
            median = 3.00
              75% <= 9.00
              95% <= 279.00
              98% <= 279.00
              99% <= 279.00
            99.9% <= 279.00
sub-projectiles-latency-nodeG
             count = 52
               min = 9
               max = 200
              mean = 17.47
            stddev = 29.69
            median = 11.00
              75% <= 12.00
              95% <= 26.00
              98% <= 199.00
              99% <= 200.00
            99.9% <= 200.00
sub-projectiles-latency-nodeH
             count = 10
               min = 10
               max = 208
              mean = 31.13
            stddev = 58.26
            median = 11.00
              75% <= 15.00
              95% <= 208.00
              98% <= 208.00
              99% <= 208.00
            99.9% <= 208.00
sub-projectiles-latency-nodeI
             count = 20
               min = 7
               max = 180
              mean = 10.94
            stddev = 20.63
            median = 7.00
              75% <= 8.00
              95% <= 16.00
              98% <= 16.00
              99% <= 180.00
            99.9% <= 180.00
sub-projectiles-latency-nodeL
             count = 19
               min = 7
               max = 17
              mean = 8.27
            stddev = 2.17
            median = 8.00
              75% <= 8.00
              95% <= 14.00
              98% <= 17.00
              99% <= 17.00
            99.9% <= 17.00
sub-projectiles-rtt-nodeE
             count = 39
               min = 4
               max = 900
              mean = 410.36
            stddev = 260.60
            median = 501.00
              75% <= 599.00
              95% <= 800.00
              98% <= 800.00
              99% <= 900.00
            99.9% <= 900.00
sub-projectiles-rtt-nodeF
             count = 13
               min = 14
               max = 818
              mean = 266.49
            stddev = 277.85
            median = 50.00
              75% <= 541.00
              95% <= 818.00
              98% <= 818.00
              99% <= 818.00
            99.9% <= 818.00
sub-projectiles-rtt-nodeG
             count = 52
               min = 2
               max = 997
              mean = 461.01
            stddev = 297.98
            median = 517.00
              75% <= 768.00
              95% <= 884.00
              98% <= 997.00
              99% <= 997.00
            99.9% <= 997.00
sub-projectiles-rtt-nodeH
             count = 10
               min = 37
               max = 800
              mean = 291.40
            stddev = 246.54
            median = 216.00
              75% <= 518.00
              95% <= 800.00
              98% <= 800.00
              99% <= 800.00
            99.9% <= 800.00
sub-projectiles-rtt-nodeI
             count = 20
               min = 14
               max = 887
              mean = 427.67
            stddev = 269.24
            median = 529.00
              75% <= 599.00
              95% <= 887.00
              98% <= 887.00
              99% <= 887.00
            99.9% <= 887.00
sub-projectiles-rtt-nodeL
             count = 19
               min = 16
               max = 1000
              mean = 390.26
            stddev = 323.13
            median = 500.00
              75% <= 583.00
              95% <= 1000.00
              98% <= 1000.00
              99% <= 1000.00
            99.9% <= 1000.00
sub-status-latency-nodeE
             count = 560
               min = 21
               max = 81
              mean = 31.22
            stddev = 6.17
            median = 31.00
              75% <= 35.00
              95% <= 40.00
              98% <= 43.00
              99% <= 48.00
            99.9% <= 76.00
sub-status-latency-nodeF
             count = 473
               min = 1
               max = 229
              mean = 13.55
            stddev = 16.85
            median = 12.00
              75% <= 16.00
              95% <= 24.00
              98% <= 32.00
              99% <= 53.00
            99.9% <= 229.00
sub-status-latency-nodeG
             count = 1360
               min = 10
               max = 180
              mean = 19.28
            stddev = 6.67
            median = 19.00
              75% <= 23.00
              95% <= 28.00
              98% <= 31.00
              99% <= 35.00
            99.9% <= 58.00
sub-status-latency-nodeH
             count = 865
               min = 10
               max = 64
              mean = 19.64
            stddev = 6.18
            median = 19.00
              75% <= 24.00
              95% <= 28.00
              98% <= 32.00
              99% <= 38.00
            99.9% <= 64.00
sub-status-latency-nodeI
             count = 1653
               min = 7
               max = 62
              mean = 16.96
            stddev = 6.01
            median = 17.00
              75% <= 20.00
              95% <= 25.00
              98% <= 29.00
              99% <= 35.00
            99.9% <= 59.00
sub-status-latency-nodeL
             count = 484
               min = 7
               max = 68
              mean = 16.71
            stddev = 6.32
            median = 16.00
              75% <= 21.00
              95% <= 24.00
              98% <= 32.00
              99% <= 38.00
            99.9% <= 68.00
sub-status-rtt-nodeE
             count = 560
               min = 10
               max = 118
              mean = 53.32
            stddev = 20.82
            median = 57.00
              75% <= 67.00
              95% <= 87.00
              98% <= 101.00
              99% <= 102.00
            99.9% <= 118.00
sub-status-rtt-nodeF
             count = 473
               min = 1
               max = 112
              mean = 48.98
            stddev = 19.95
            median = 47.00
              75% <= 66.00
              95% <= 83.00
              98% <= 96.00
              99% <= 100.00
            99.9% <= 112.00
sub-status-rtt-nodeG
             count = 1360
               min = 4
               max = 115
              mean = 45.08
            stddev = 19.10
            median = 34.00
              75% <= 66.00
              95% <= 83.00
              98% <= 88.00
              99% <= 99.00
            99.9% <= 115.00
sub-status-rtt-nodeH
             count = 865
               min = 6
               max = 119
              mean = 47.58
            stddev = 20.24
            median = 37.00
              75% <= 66.00
              95% <= 83.00
              98% <= 99.00
              99% <= 100.00
            99.9% <= 119.00
sub-status-rtt-nodeI
             count = 1653
               min = 5
               max = 133
              mean = 48.94
            stddev = 18.89
            median = 45.00
              75% <= 66.00
              95% <= 71.00
              98% <= 84.00
              99% <= 100.00
            99.9% <= 133.00
sub-status-rtt-nodeL
             count = 484
               min = 9
               max = 125
              mean = 48.64
            stddev = 19.84
            median = 49.00
              75% <= 66.00
              95% <= 84.00
              98% <= 95.00
              99% <= 100.00
            99.9% <= 125.00

-- Meters ----------------------------------------------------------------------
pub-interest-rate-nodeK-blocks-sync
             count = 414
         mean rate = 2.96 events/second
     1-minute rate = 3.03 events/second
     5-minute rate = 2.24 events/second
    15-minute rate = 1.96 events/second
pub-interest-rate-nodeK-projectiles-sync
             count = 408
         mean rate = 2.92 events/second
     1-minute rate = 2.94 events/second
     5-minute rate = 2.46 events/second
    15-minute rate = 2.30 events/second
pub-interest-rate-nodeK-status-sync
             count = 4041
         mean rate = 28.92 events/second
     1-minute rate = 28.87 events/second
     5-minute rate = 29.08 events/second
    15-minute rate = 29.16 events/second

-- Timers ----------------------------------------------------------------------
pub-queue-time-nodeK-blocks-sync
             count = 23
         mean rate = 0.13 calls/second
     1-minute rate = 0.13 calls/second
     5-minute rate = 0.06 calls/second
    15-minute rate = 0.02 calls/second
               min = 0.09 milliseconds
               max = 0.81 milliseconds
              mean = 0.13 milliseconds
            stddev = 0.09 milliseconds
            median = 0.12 milliseconds
              75% <= 0.13 milliseconds
              95% <= 0.21 milliseconds
              98% <= 0.23 milliseconds
              99% <= 0.81 milliseconds
            99.9% <= 0.81 milliseconds
pub-queue-time-nodeK-status-sync
             count = 3623
         mean rate = 20.17 calls/second
     1-minute rate = 22.99 calls/second
     5-minute rate = 9.38 calls/second
    15-minute rate = 3.61 calls/second
               min = 0.06 milliseconds
               max = 3.47 milliseconds
              mean = 0.11 milliseconds
            stddev = 0.15 milliseconds
            median = 0.10 milliseconds
              75% <= 0.11 milliseconds
              95% <= 0.14 milliseconds
              98% <= 0.17 milliseconds
              99% <= 0.24 milliseconds
            99.9% <= 3.47 milliseconds


DEBUG [HeadlessApplication] (ProjectileCollisionSystem.java:108) - Bullet hit me, notifying owner and decreasing my health
DEBUG [HeadlessApplication] (ProjectileCollisionSystem.java:108) - Bullet hit me, notifying owner and decreasing my health
DEBUG [HeadlessApplication] (ProjectileCollisionSystem.java:108) - Bullet hit me, notifying owner and decreasing my health
DEBUG [HeadlessApplication] (ProjectileCollisionSystem.java:108) - Bullet hit me, notifying owner and decreasing my health
DEBUG [HeadlessApplication] (ProjectileCollisionSystem.java:108) - Bullet hit me, notifying owner and decreasing my health
3/16/19, 6:20:46 PM ============================================================

-- Gauges ----------------------------------------------------------------------
pub-update-percentage-nodeK-blocks-sync
             value = 0.0029211295034079843
pub-update-percentage-nodeK-status-sync
             value = 0.49252277943938233
sub-blocks-cacherate-nodeE
             value = 0.0
sub-blocks-cacherate-nodeF
             value = 0.0
sub-blocks-cacherate-nodeG
             value = 0.0
sub-blocks-cacherate-nodeH
             value = 0.0
sub-blocks-cacherate-nodeI
             value = 0.14285714285714285
sub-blocks-cacherate-nodeL
             value = 0.0
sub-projectiles-cacherate-nodeE
             value = 0.057692307692307696
sub-projectiles-cacherate-nodeF
             value = 0.07692307692307693
sub-projectiles-cacherate-nodeG
             value = 0.06666666666666667
sub-projectiles-cacherate-nodeH
             value = 0.058823529411764705
sub-projectiles-cacherate-nodeI
             value = 0.045454545454545456
sub-projectiles-cacherate-nodeL
             value = 0.0
sub-status-cacherate-nodeE
             value = 0.2058139534883721
sub-status-cacherate-nodeF
             value = 0.021775544388609715
sub-status-cacherate-nodeG
             value = 0.043450479233226834
sub-status-cacherate-nodeH
             value = 0.03128054740957967
sub-status-cacherate-nodeI
             value = 0.02197802197802198
sub-status-cacherate-nodeL
             value = 0.02188782489740082

-- Counters --------------------------------------------------------------------
sub-blocks-interestscounter-nodeE
             count = 197
sub-blocks-interestscounter-nodeF
             count = 157
sub-blocks-interestscounter-nodeG
             count = 193
sub-blocks-interestscounter-nodeH
             count = 198
sub-blocks-interestscounter-nodeI
             count = 191
sub-blocks-interestscounter-nodeL
             count = 193
sub-projectiles-interestscounter-nodeE
             count = 230
sub-projectiles-interestscounter-nodeF
             count = 172
sub-projectiles-interestscounter-nodeG
             count = 231
sub-projectiles-interestscounter-nodeH
             count = 213
sub-projectiles-interestscounter-nodeI
             count = 212
sub-projectiles-interestscounter-nodeL
             count = 214
sub-status-interestscounter-nodeE
             count = 1017
sub-status-interestscounter-nodeF
             count = 731
sub-status-interestscounter-nodeG
             count = 1699
sub-status-interestscounter-nodeH
             count = 1177
sub-status-interestscounter-nodeI
             count = 2026
sub-status-interestscounter-nodeL
             count = 893

-- Histograms ------------------------------------------------------------------
eng-status-delta-nodeE
             count = 853
               min = 0
               max = 3274
              mean = 50.88
            stddev = 224.78
            median = 0.00
              75% <= 46.00
              95% <= 111.00
              98% <= 530.00
              99% <= 843.00
            99.9% <= 3274.00
eng-status-delta-nodeF
             count = 586
               min = 0
               max = 8967
              mean = 138.61
            stddev = 710.49
            median = 0.00
              75% <= 11.00
              95% <= 579.00
              98% <= 1659.00
              99% <= 2792.00
            99.9% <= 8967.00
eng-status-delta-nodeG
             count = 1556
               min = 0
               max = 3579
              mean = 64.79
            stddev = 317.96
            median = 0.00
              75% <= 11.00
              95% <= 148.00
              98% <= 1088.00
              99% <= 1655.00
            99.9% <= 3579.00
eng-status-delta-nodeH
             count = 1018
               min = 0
               max = 6974
              mean = 107.29
            stddev = 561.64
            median = 0.00
              75% <= 11.00
              95% <= 327.00
              98% <= 1548.00
              99% <= 3040.00
            99.9% <= 6974.00
eng-status-delta-nodeI
             count = 1900
               min = 0
               max = 5440
              mean = 62.71
            stddev = 315.80
            median = 0.00
              75% <= 11.00
              95% <= 279.00
              98% <= 1006.00
              99% <= 1477.00
            99.9% <= 5440.00
eng-status-delta-nodeL
             count = 727
               min = 0
               max = 2471
              mean = 46.96
            stddev = 211.02
            median = 0.00
              75% <= 1.00
              95% <= 268.00
              98% <= 711.00
              99% <= 975.00
            99.9% <= 2134.00
sub-blocks-latency-nodeE
             count = 3
               min = 25
               max = 51
              mean = 35.64
            stddev = 9.39
            median = 34.00
              75% <= 34.00
              95% <= 51.00
              98% <= 51.00
              99% <= 51.00
            99.9% <= 51.00
sub-blocks-latency-nodeF
             count = 6
               min = 4
               max = 21
              mean = 12.01
            stddev = 6.83
            median = 9.00
              75% <= 19.00
              95% <= 21.00
              98% <= 21.00
              99% <= 21.00
            99.9% <= 21.00
sub-blocks-latency-nodeG
             count = 5
               min = 12
               max = 25
              mean = 14.93
            stddev = 3.79
            median = 12.00
              75% <= 19.00
              95% <= 19.00
              98% <= 25.00
              99% <= 25.00
            99.9% <= 25.00
sub-blocks-latency-nodeH
             count = 4
               min = 11
               max = 25
              mean = 16.42
            stddev = 6.58
            median = 11.00
              75% <= 25.00
              95% <= 25.00
              98% <= 25.00
              99% <= 25.00
            99.9% <= 25.00
sub-blocks-latency-nodeI
             count = 7
               min = 12
               max = 67
              mean = 18.32
            stddev = 9.87
            median = 18.00
              75% <= 18.00
              95% <= 24.00
              98% <= 67.00
              99% <= 67.00
            99.9% <= 67.00
sub-blocks-latency-nodeL
             count = 4
               min = 10
               max = 22
              mean = 20.33
            stddev = 2.27
            median = 20.00
              75% <= 22.00
              95% <= 22.00
              98% <= 22.00
              99% <= 22.00
            99.9% <= 22.00
sub-blocks-rtt-nodeE
             count = 3
               min = 94
               max = 925
              mean = 577.65
            stddev = 310.61
            median = 674.00
              75% <= 674.00
              95% <= 925.00
              98% <= 925.00
              99% <= 925.00
            99.9% <= 925.00
sub-blocks-rtt-nodeF
             count = 6
               min = 249
               max = 805
              mean = 503.33
            stddev = 205.42
            median = 546.00
              75% <= 703.00
              95% <= 805.00
              98% <= 805.00
              99% <= 805.00
            99.9% <= 805.00
sub-blocks-rtt-nodeG
             count = 5
               min = 507
               max = 961
              mean = 689.60
            stddev = 193.71
            median = 551.00
              75% <= 961.00
              95% <= 961.00
              98% <= 961.00
              99% <= 961.00
            99.9% <= 961.00
sub-blocks-rtt-nodeH
             count = 4
               min = 483
               max = 819
              mean = 666.06
            stddev = 91.11
            median = 730.00
              75% <= 730.00
              95% <= 730.00
              98% <= 819.00
              99% <= 819.00
            99.9% <= 819.00
sub-blocks-rtt-nodeI
             count = 7
               min = 20
               max = 852
              mean = 494.30
            stddev = 269.26
            median = 714.00
              75% <= 714.00
              95% <= 714.00
              98% <= 852.00
              99% <= 852.00
            99.9% <= 852.00
sub-blocks-rtt-nodeL
             count = 4
               min = 152
               max = 767
              mean = 374.47
            stddev = 293.37
            median = 152.00
              75% <= 767.00
              95% <= 767.00
              98% <= 767.00
              99% <= 767.00
            99.9% <= 767.00
sub-projectiles-latency-nodeE
             count = 52
               min = 20
               max = 47
              mean = 22.89
            stddev = 5.43
            median = 21.00
              75% <= 22.00
              95% <= 34.00
              98% <= 47.00
              99% <= 47.00
            99.9% <= 47.00
sub-projectiles-latency-nodeF
             count = 13
               min = 1
               max = 279
              mean = 22.10
            stddev = 61.03
            median = 3.00
              75% <= 9.00
              95% <= 279.00
              98% <= 279.00
              99% <= 279.00
            99.9% <= 279.00
sub-projectiles-latency-nodeG
             count = 60
               min = 9
               max = 200
              mean = 16.05
            stddev = 23.82
            median = 11.00
              75% <= 12.00
              95% <= 33.00
              98% <= 51.00
              99% <= 200.00
            99.9% <= 200.00
sub-projectiles-latency-nodeH
             count = 17
               min = 10
               max = 208
              mean = 21.55
            stddev = 38.50
            median = 12.00
              75% <= 12.00
              95% <= 36.00
              98% <= 208.00
              99% <= 208.00
            99.9% <= 208.00
sub-projectiles-latency-nodeI
             count = 22
               min = 7
               max = 180
              mean = 9.95
            stddev = 17.93
            median = 7.00
              75% <= 8.00
              95% <= 16.00
              98% <= 16.00
              99% <= 180.00
            99.9% <= 180.00
sub-projectiles-latency-nodeL
             count = 31
               min = 7
               max = 37
              mean = 9.87
            stddev = 7.22
            median = 8.00
              75% <= 8.00
              95% <= 37.00
              98% <= 37.00
              99% <= 37.00
            99.9% <= 37.00
sub-projectiles-rtt-nodeE
             count = 52
               min = 4
               max = 949
              mean = 431.80
            stddev = 283.19
            median = 505.00
              75% <= 604.00
              95% <= 914.00
              98% <= 949.00
              99% <= 949.00
            99.9% <= 949.00
sub-projectiles-rtt-nodeF
             count = 13
               min = 14
               max = 818
              mean = 266.49
            stddev = 277.85
            median = 50.00
              75% <= 541.00
              95% <= 818.00
              98% <= 818.00
              99% <= 818.00
            99.9% <= 818.00
sub-projectiles-rtt-nodeG
             count = 60
               min = 2
               max = 997
              mean = 439.47
            stddev = 269.44
            median = 516.00
              75% <= 560.00
              95% <= 816.00
              98% <= 884.00
              99% <= 997.00
            99.9% <= 997.00
sub-projectiles-rtt-nodeH
             count = 17
               min = 34
               max = 998
              mean = 376.06
            stddev = 342.10
            median = 216.00
              75% <= 543.00
              95% <= 998.00
              98% <= 998.00
              99% <= 998.00
            99.9% <= 998.00
sub-projectiles-rtt-nodeI
             count = 22
               min = 14
               max = 887
              mean = 418.26
            stddev = 299.36
            median = 529.00
              75% <= 649.00
              95% <= 887.00
              98% <= 887.00
              99% <= 887.00
            99.9% <= 887.00
sub-projectiles-rtt-nodeL
             count = 31
               min = 16
               max = 1000
              mean = 438.33
            stddev = 271.45
            median = 500.00
              75% <= 569.00
              95% <= 988.00
              98% <= 988.00
              99% <= 1000.00
            99.9% <= 1000.00
sub-status-latency-nodeE
             count = 860
               min = 19
               max = 81
              mean = 29.92
            stddev = 6.29
            median = 29.00
              75% <= 34.00
              95% <= 39.00
              98% <= 45.00
              99% <= 53.00
            99.9% <= 74.00
sub-status-latency-nodeF
             count = 597
               min = 1
               max = 229
              mean = 12.37
            stddev = 12.33
            median = 12.00
              75% <= 16.00
              95% <= 21.00
              98% <= 27.00
              99% <= 37.00
            99.9% <= 212.00
sub-status-latency-nodeG
             count = 1565
               min = 10
               max = 180
              mean = 19.43
            stddev = 6.23
            median = 19.00
              75% <= 23.00
              95% <= 27.00
              98% <= 32.00
              99% <= 40.00
            99.9% <= 53.00
sub-status-latency-nodeH
             count = 1023
               min = 10
               max = 64
              mean = 19.60
            stddev = 5.98
            median = 19.00
              75% <= 24.00
              95% <= 28.00
              98% <= 32.00
              99% <= 38.00
            99.9% <= 55.00
sub-status-latency-nodeI
             count = 1911
               min = 7
               max = 141
              mean = 17.28
            stddev = 8.00
            median = 17.00
              75% <= 21.00
              95% <= 25.00
              98% <= 30.00
              99% <= 37.00
            99.9% <= 141.00
sub-status-latency-nodeL
             count = 731
               min = 7
               max = 68
              mean = 16.72
            stddev = 6.24
            median = 17.00
              75% <= 21.00
              95% <= 24.00
              98% <= 27.00
              99% <= 38.00
            99.9% <= 62.00
sub-status-rtt-nodeE
             count = 860
               min = 6
               max = 118
              mean = 48.75
            stddev = 20.76
            median = 48.00
              75% <= 66.00
              95% <= 83.00
              98% <= 100.00
              99% <= 101.00
            99.9% <= 118.00
sub-status-rtt-nodeF
             count = 597
               min = 1
               max = 114
              mean = 49.20
            stddev = 19.98
            median = 48.00
              75% <= 66.00
              95% <= 83.00
              98% <= 98.00
              99% <= 100.00
            99.9% <= 114.00
sub-status-rtt-nodeG
             count = 1565
               min = 4
               max = 116
              mean = 47.63
            stddev = 19.70
            median = 38.00
              75% <= 66.00
              95% <= 83.00
              98% <= 90.00
              99% <= 100.00
            99.9% <= 116.00
sub-status-rtt-nodeH
             count = 1023
               min = 6
               max = 119
              mean = 49.38
            stddev = 21.20
            median = 49.00
              75% <= 67.00
              95% <= 84.00
              98% <= 100.00
              99% <= 103.00
            99.9% <= 117.00
sub-status-rtt-nodeI
             count = 1911
               min = 5
               max = 179
              mean = 51.95
            stddev = 20.47
            median = 51.00
              75% <= 67.00
              95% <= 83.00
              98% <= 99.00
              99% <= 100.00
            99.9% <= 179.00
sub-status-rtt-nodeL
             count = 732
               min = 9
               max = 125
              mean = 49.90
            stddev = 19.82
            median = 50.00
              75% <= 67.00
              95% <= 83.00
              98% <= 99.00
              99% <= 100.00
            99.9% <= 116.00

-- Meters ----------------------------------------------------------------------
pub-interest-rate-nodeK-blocks-sync
             count = 612
         mean rate = 3.06 events/second
     1-minute rate = 3.20 events/second
     5-minute rate = 2.43 events/second
    15-minute rate = 2.05 events/second
pub-interest-rate-nodeK-projectiles-sync
             count = 645
         mean rate = 3.23 events/second
     1-minute rate = 3.53 events/second
     5-minute rate = 2.73 events/second
    15-minute rate = 2.40 events/second
pub-interest-rate-nodeK-status-sync
             count = 5727
         mean rate = 28.68 events/second
     1-minute rate = 28.44 events/second
     5-minute rate = 28.92 events/second
    15-minute rate = 29.09 events/second

-- Timers ----------------------------------------------------------------------
pub-queue-time-nodeK-blocks-sync
             count = 28
         mean rate = 0.12 calls/second
     1-minute rate = 0.10 calls/second
     5-minute rate = 0.06 calls/second
    15-minute rate = 0.03 calls/second
               min = 0.07 milliseconds
               max = 0.81 milliseconds
              mean = 0.11 milliseconds
            stddev = 0.07 milliseconds
            median = 0.10 milliseconds
              75% <= 0.12 milliseconds
              95% <= 0.17 milliseconds
              98% <= 0.21 milliseconds
              99% <= 0.23 milliseconds
            99.9% <= 0.81 milliseconds
pub-queue-time-nodeK-status-sync
             count = 5115
         mean rate = 21.34 calls/second
     1-minute rate = 24.22 calls/second
     5-minute rate = 12.20 calls/second
    15-minute rate = 4.99 calls/second
               min = 0.06 milliseconds
               max = 8.54 milliseconds
              mean = 0.12 milliseconds
            stddev = 0.31 milliseconds
            median = 0.10 milliseconds
              75% <= 0.11 milliseconds
              95% <= 0.13 milliseconds
              98% <= 0.16 milliseconds
              99% <= 0.23 milliseconds
            99.9% <= 8.54 milliseconds


DEBUG [bp-queue-proc-/com/stefanolupo/ndngame/0/nodeK/status/sync-0] (BasePublisher.java:144) - Had Update but /com/stefanolupo/ndngame/0/nodeK/status/sync/8024/0/0 already had sn 8024
DEBUG [bp-queue-proc-/com/stefanolupo/ndngame/0/nodeK/status/sync-0] (BasePublisher.java:144) - Had Update but /com/stefanolupo/ndngame/0/nodeK/status/sync/8555/0/0 already had sn 8555
DEBUG [bp-queue-proc-/com/stefanolupo/ndngame/0/nodeK/status/sync-0] (BasePublisher.java:144) - Had Update but /com/stefanolupo/ndngame/0/nodeK/status/sync/8589/0/0 already had sn 8589
3/16/19, 6:21:46 PM ============================================================

-- Gauges ----------------------------------------------------------------------
pub-update-percentage-nodeK-blocks-sync
             value = 0.003003671153632217
pub-update-percentage-nodeK-status-sync
             value = 0.493463870501196
sub-blocks-cacherate-nodeE
             value = 0.0
sub-blocks-cacherate-nodeF
             value = 0.0
sub-blocks-cacherate-nodeG
             value = 0.0
sub-blocks-cacherate-nodeH
             value = 0.0
sub-blocks-cacherate-nodeI
             value = 0.14285714285714285
sub-blocks-cacherate-nodeL
             value = 0.0
sub-projectiles-cacherate-nodeE
             value = 0.057692307692307696
sub-projectiles-cacherate-nodeF
             value = 0.1111111111111111
sub-projectiles-cacherate-nodeG
             value = 0.05555555555555555
sub-projectiles-cacherate-nodeH
             value = 0.05263157894736842
sub-projectiles-cacherate-nodeI
             value = 0.043478260869565216
sub-projectiles-cacherate-nodeL
             value = 0.0
sub-status-cacherate-nodeE
             value = 0.19790675547098002
sub-status-cacherate-nodeF
             value = 0.01756756756756757
sub-status-cacherate-nodeG
             value = 0.03837953091684435
sub-status-cacherate-nodeH
             value = 0.03836734693877551
sub-status-cacherate-nodeI
             value = 0.0271408516612073
sub-status-cacherate-nodeL
             value = 0.02034587995930824

-- Counters --------------------------------------------------------------------
sub-blocks-interestscounter-nodeE
             count = 252
sub-blocks-interestscounter-nodeF
             count = 215
sub-blocks-interestscounter-nodeG
             count = 251
sub-blocks-interestscounter-nodeH
             count = 251
sub-blocks-interestscounter-nodeI
             count = 251
sub-blocks-interestscounter-nodeL
             count = 251
sub-projectiles-interestscounter-nodeE
             count = 290
sub-projectiles-interestscounter-nodeF
             count = 236
sub-projectiles-interestscounter-nodeG
             count = 298
sub-projectiles-interestscounter-nodeH
             count = 275
sub-projectiles-interestscounter-nodeI
             count = 273
sub-projectiles-interestscounter-nodeL
             count = 277
sub-status-interestscounter-nodeE
             count = 1260
sub-status-interestscounter-nodeF
             count = 928
sub-status-interestscounter-nodeG
             count = 2054
sub-status-interestscounter-nodeH
             count = 1430
sub-status-interestscounter-nodeI
             count = 2301
sub-status-interestscounter-nodeL
             count = 1193

-- Histograms ------------------------------------------------------------------
eng-status-delta-nodeE
             count = 1044
               min = 0
               max = 3274
              mean = 53.92
            stddev = 240.88
            median = 0.00
              75% <= 22.00
              95% <= 213.00
              98% <= 641.00
              99% <= 1458.00
            99.9% <= 3274.00
eng-status-delta-nodeF
             count = 728
               min = 0
               max = 8967
              mean = 108.36
            stddev = 543.50
            median = 0.00
              75% <= 11.00
              95% <= 548.00
              98% <= 1659.00
              99% <= 2792.00
            99.9% <= 8967.00
eng-status-delta-nodeG
             count = 1865
               min = 0
               max = 3579
              mean = 51.74
            stddev = 223.44
            median = 0.00
              75% <= 11.00
              95% <= 277.00
              98% <= 677.00
              99% <= 1007.00
            99.9% <= 3579.00
eng-status-delta-nodeH
             count = 1217
               min = 0
               max = 6974
              mean = 111.08
            stddev = 539.98
            median = 0.00
              75% <= 11.00
              95% <= 369.00
              98% <= 1626.00
              99% <= 2681.00
            99.9% <= 6974.00
eng-status-delta-nodeI
             count = 2126
               min = 0
               max = 5440
              mean = 95.44
            stddev = 391.86
            median = 0.00
              75% <= 11.00
              95% <= 589.00
              98% <= 1574.00
              99% <= 2019.00
            99.9% <= 2924.00
eng-status-delta-nodeL
             count = 979
               min = 0
               max = 3558
              mean = 48.56
            stddev = 243.47
            median = 0.00
              75% <= 22.00
              95% <= 240.00
              98% <= 429.00
              99% <= 743.00
            99.9% <= 3558.00
sub-blocks-latency-nodeE
             count = 8
               min = 21
               max = 51
              mean = 27.51
            stddev = 6.49
            median = 26.00
              75% <= 28.00
              95% <= 39.00
              98% <= 39.00
              99% <= 39.00
            99.9% <= 51.00
sub-blocks-latency-nodeF
             count = 8
               min = 4
               max = 21
              mean = 11.02
            stddev = 4.59
            median = 8.00
              75% <= 14.00
              95% <= 19.00
              98% <= 21.00
              99% <= 21.00
            99.9% <= 21.00
sub-blocks-latency-nodeG
             count = 7
               min = 12
               max = 25
              mean = 14.67
            stddev = 2.74
            median = 16.00
              75% <= 16.00
              95% <= 19.00
              98% <= 19.00
              99% <= 25.00
            99.9% <= 25.00
sub-blocks-latency-nodeH
             count = 11
               min = 11
               max = 27
              mean = 21.38
            stddev = 5.00
            median = 22.00
              75% <= 26.00
              95% <= 27.00
              98% <= 27.00
              99% <= 27.00
            99.9% <= 27.00
sub-blocks-latency-nodeI
             count = 7
               min = 12
               max = 67
              mean = 18.32
            stddev = 9.87
            median = 18.00
              75% <= 18.00
              95% <= 24.00
              98% <= 67.00
              99% <= 67.00
            99.9% <= 67.00
sub-blocks-latency-nodeL
             count = 6
               min = 10
               max = 39
              mean = 25.32
            stddev = 8.86
            median = 20.00
              75% <= 39.00
              95% <= 39.00
              98% <= 39.00
              99% <= 39.00
            99.9% <= 39.00
sub-blocks-rtt-nodeE
             count = 8
               min = 40
               max = 951
              mean = 464.09
            stddev = 316.93
            median = 603.00
              75% <= 630.00
              95% <= 951.00
              98% <= 951.00
              99% <= 951.00
            99.9% <= 951.00
sub-blocks-rtt-nodeF
             count = 8
               min = 136
               max = 805
              mean = 430.79
            stddev = 225.97
            median = 553.00
              75% <= 595.00
              95% <= 805.00
              98% <= 805.00
              99% <= 805.00
            99.9% <= 805.00
sub-blocks-rtt-nodeG
             count = 7
               min = 507
               max = 961
              mean = 689.01
            stddev = 196.97
            median = 551.00
              75% <= 949.00
              95% <= 961.00
              98% <= 961.00
              99% <= 961.00
            99.9% <= 961.00
sub-blocks-rtt-nodeH
             count = 11
               min = 129
               max = 876
              mean = 511.71
            stddev = 223.42
            median = 471.00
              75% <= 730.00
              95% <= 876.00
              98% <= 876.00
              99% <= 876.00
            99.9% <= 876.00
sub-blocks-rtt-nodeI
             count = 7
               min = 20
               max = 852
              mean = 494.30
            stddev = 269.26
            median = 714.00
              75% <= 714.00
              95% <= 714.00
              98% <= 852.00
              99% <= 852.00
            99.9% <= 852.00
sub-blocks-rtt-nodeL
             count = 6
               min = 152
               max = 767
              mean = 396.32
            stddev = 189.85
            median = 371.00
              75% <= 449.00
              95% <= 767.00
              98% <= 767.00
              99% <= 767.00
            99.9% <= 767.00
sub-projectiles-latency-nodeE
             count = 52
               min = 20
               max = 47
              mean = 22.89
            stddev = 5.43
            median = 21.00
              75% <= 22.00
              95% <= 34.00
              98% <= 47.00
              99% <= 47.00
            99.9% <= 47.00
sub-projectiles-latency-nodeF
             count = 18
               min = 1
               max = 279
              mean = 7.65
            stddev = 24.52
            median = 3.00
              75% <= 7.00
              95% <= 12.00
              98% <= 34.00
              99% <= 34.00
            99.9% <= 279.00
sub-projectiles-latency-nodeG
             count = 72
               min = 9
               max = 200
              mean = 12.79
            stddev = 15.15
            median = 10.00
              75% <= 11.00
              95% <= 15.00
              98% <= 33.00
              99% <= 51.00
            99.9% <= 200.00
sub-projectiles-latency-nodeH
             count = 19
               min = 10
               max = 208
              mean = 17.61
            stddev = 28.93
            median = 12.00
              75% <= 16.00
              95% <= 36.00
              98% <= 208.00
              99% <= 208.00
            99.9% <= 208.00
sub-projectiles-latency-nodeI
             count = 23
               min = 7
               max = 180
              mean = 9.30
            stddev = 14.65
            median = 8.00
              75% <= 8.00
              95% <= 12.00
              98% <= 16.00
              99% <= 16.00
            99.9% <= 180.00
sub-projectiles-latency-nodeL
             count = 35
               min = 7
               max = 37
              mean = 8.76
            stddev = 5.12
            median = 8.00
              75% <= 8.00
              95% <= 12.00
              98% <= 37.00
              99% <= 37.00
            99.9% <= 37.00
sub-projectiles-rtt-nodeE
             count = 52
               min = 4
               max = 949
              mean = 431.80
            stddev = 283.19
            median = 505.00
              75% <= 604.00
              95% <= 914.00
              98% <= 949.00
              99% <= 949.00
            99.9% <= 949.00
sub-projectiles-rtt-nodeF
             count = 18
               min = 1
               max = 818
              mean = 267.74
            stddev = 291.31
            median = 20.00
              75% <= 516.00
              95% <= 678.00
              98% <= 678.00
              99% <= 678.00
            99.9% <= 818.00
sub-projectiles-rtt-nodeG
             count = 72
               min = 2
               max = 997
              mean = 411.77
            stddev = 242.58
            median = 516.00
              75% <= 550.00
              95% <= 800.00
              98% <= 816.00
              99% <= 884.00
            99.9% <= 997.00
sub-projectiles-rtt-nodeH
             count = 19
               min = 24
               max = 998
              mean = 224.58
            stddev = 303.93
            median = 58.00
              75% <= 319.00
              95% <= 907.00
              98% <= 998.00
              99% <= 998.00
            99.9% <= 998.00
sub-projectiles-rtt-nodeI
             count = 23
               min = 14
               max = 887
              mean = 296.55
            stddev = 298.31
            median = 55.00
              75% <= 566.00
              95% <= 761.00
              98% <= 887.00
              99% <= 887.00
            99.9% <= 887.00
sub-projectiles-rtt-nodeL
             count = 35
               min = 14
               max = 1000
              mean = 347.92
            stddev = 272.93
            median = 485.00
              75% <= 534.00
              95% <= 797.00
              98% <= 988.00
              99% <= 988.00
            99.9% <= 1000.00
sub-status-latency-nodeE
             count = 1051
               min = 19
               max = 81
              mean = 28.64
            stddev = 6.30
            median = 28.00
              75% <= 32.00
              95% <= 38.00
              98% <= 42.00
              99% <= 53.00
            99.9% <= 67.00
sub-status-latency-nodeF
             count = 740
               min = 1
               max = 229
              mean = 11.11
            stddev = 9.20
            median = 11.00
              75% <= 15.00
              95% <= 19.00
              98% <= 25.00
              99% <= 33.00
            99.9% <= 158.00
sub-status-latency-nodeG
             count = 1876
               min = 10
               max = 53
              mean = 19.11
            stddev = 5.42
            median = 19.00
              75% <= 23.00
              95% <= 27.00
              98% <= 30.00
              99% <= 32.00
            99.9% <= 50.00
sub-status-latency-nodeH
             count = 1225
               min = 10
               max = 64
              mean = 19.57
            stddev = 6.53
            median = 19.00
              75% <= 24.00
              95% <= 28.00
              98% <= 33.00
              99% <= 48.00
            99.9% <= 58.00
sub-status-latency-nodeI
             count = 2137
               min = 7
               max = 141
              mean = 17.10
            stddev = 7.13
            median = 17.00
              75% <= 21.00
              95% <= 25.00
              98% <= 30.00
              99% <= 36.00
            99.9% <= 58.00
sub-status-latency-nodeL
             count = 983
               min = 7
               max = 68
              mean = 16.08
            stddev = 5.80
            median = 16.00
              75% <= 20.00
              95% <= 24.00
              98% <= 27.00
              99% <= 32.00
            99.9% <= 62.00
sub-status-rtt-nodeE
             count = 1051
               min = 6
               max = 118
              mean = 47.61
            stddev = 20.60
            median = 48.00
              75% <= 66.00
              95% <= 83.00
              98% <= 99.00
              99% <= 100.00
            99.9% <= 114.00
sub-status-rtt-nodeF
             count = 740
               min = 1
               max = 115
              mean = 47.26
            stddev = 22.34
            median = 45.00
              75% <= 66.00
              95% <= 90.00
              98% <= 100.00
              99% <= 103.00
            99.9% <= 115.00
sub-status-rtt-nodeG
             count = 1876
               min = 4
               max = 116
              mean = 50.45
            stddev = 19.98
            median = 50.00
              75% <= 67.00
              95% <= 84.00
              98% <= 100.00
              99% <= 100.00
            99.9% <= 115.00
sub-status-rtt-nodeH
             count = 1225
               min = 9
               max = 119
              mean = 48.49
            stddev = 21.65
            median = 50.00
              75% <= 66.00
              95% <= 83.00
              98% <= 99.00
              99% <= 116.00
            99.9% <= 118.00
sub-status-rtt-nodeI
             count = 2137
               min = 9
               max = 179
              mean = 49.46
            stddev = 22.06
            median = 50.00
              75% <= 67.00
              95% <= 84.00
              98% <= 100.00
              99% <= 101.00
            99.9% <= 113.00
sub-status-rtt-nodeL
             count = 983
               min = 6
               max = 125
              mean = 47.76
            stddev = 20.25
            median = 49.00
              75% <= 66.00
              95% <= 83.00
              98% <= 100.00
              99% <= 100.00
            99.9% <= 112.00

-- Meters ----------------------------------------------------------------------
pub-interest-rate-nodeK-blocks-sync
             count = 812
         mean rate = 3.13 events/second
     1-minute rate = 3.27 events/second
     5-minute rate = 2.59 events/second
    15-minute rate = 2.13 events/second
pub-interest-rate-nodeK-projectiles-sync
             count = 820
         mean rate = 3.16 events/second
     1-minute rate = 3.10 events/second
     5-minute rate = 2.77 events/second
    15-minute rate = 2.44 events/second
pub-interest-rate-nodeK-status-sync
             count = 7465
         mean rate = 28.74 events/second
     1-minute rate = 28.82 events/second
     5-minute rate = 28.94 events/second
    15-minute rate = 29.09 events/second

-- Timers ----------------------------------------------------------------------
pub-queue-time-nodeK-blocks-sync
             count = 39
         mean rate = 0.13 calls/second
     1-minute rate = 0.17 calls/second
     5-minute rate = 0.09 calls/second
    15-minute rate = 0.04 calls/second
               min = 0.07 milliseconds
               max = 0.81 milliseconds
              mean = 0.10 milliseconds
            stddev = 0.04 milliseconds
            median = 0.09 milliseconds
              75% <= 0.10 milliseconds
              95% <= 0.16 milliseconds
              98% <= 0.16 milliseconds
              99% <= 0.18 milliseconds
            99.9% <= 0.81 milliseconds
pub-queue-time-nodeK-status-sync
             count = 6659
         mean rate = 22.22 calls/second
     1-minute rate = 25.21 calls/second
     5-minute rate = 14.65 calls/second
    15-minute rate = 6.32 calls/second
               min = 0.03 milliseconds
               max = 8.61 milliseconds
              mean = 0.10 milliseconds
            stddev = 0.38 milliseconds
            median = 0.08 milliseconds
              75% <= 0.09 milliseconds
              95% <= 0.12 milliseconds
              98% <= 0.13 milliseconds
              99% <= 0.18 milliseconds
            99.9% <= 8.61 milliseconds


DEBUG [bp-queue-proc-/com/stefanolupo/ndngame/0/nodeK/status/sync-0] (BasePublisher.java:144) - Had Update but /com/stefanolupo/ndngame/0/nodeK/status/sync/9317/0/0 already had sn 9317
