DEBUG [main] (ConfigManager.java:33) - Initialized with properties: {local.player.status.updates.per.sec=30, facemanager.num.sub.threads.per.face=10, linear.interest.zone.filter.inner.radius=100, projectile.cache.size=20, local.player.status.use.dead.reckoning=true, block.publisher.freshness.period.ms=20, player.status.publisher.freshness.period.ms=20, base.publisher.queue.process.per.sec=60, projectile.sub.inter.interest.max.wait.time.ms=30, linear.interest.zone.filter.outer.radius=200, local.player.dead.reckoning.max.error=1, projectile.publisher.queue.process.multithread=true, statistics.logger.log.rate.sec=30, facemanager.max.num.pub.faces=1, facemanager.num.pub.threads.per.face=10, facemanager.max.num.sub.faces=1, block.sub.inter.interest.max.wait.time.ms=2000, projectile.publisher.queue.process.per.sec=60, base.publisher.queue.process.multithread=true, player.sub.inter.interest.max.wait.time.ms=30, linear.interest.zone.filter.enabled=false, projectile.publisher.freshness.period.ms=20}
WARNING: An illegal reflective access operation has occurred
WARNING: Illegal reflective access by com.google.inject.internal.cglib.core.$ReflectUtils$2 (file:/NdnGame/NdnGameLibGdxDesktop-1.0-SNAPSHOT.jar) to method java.lang.ClassLoader.defineClass(java.lang.String,byte[],int,int,java.security.ProtectionDomain)
WARNING: Please consider reporting this to the maintainers of com.google.inject.internal.cglib.core.$ReflectUtils$2
WARNING: Use --illegal-access=warn to enable warnings of further illegal reflective access operations
WARNING: All illegal access operations will be denied in a future release
DEBUG [main] (BackendModule.java:123) - Writing metrics to /metrics/nodeB
 INFO [main] (DesktopLauncher.java:49) - Launching headless game
 INFO [main] (DesktopLauncher.java:50) - LocalConfig{playerName='nodeB', isMasterView=false, isAutomated=true, automationType='wsp', isHeadless=true, gameId=0, screenWidth=600, screenHeight=600, targetFrameRate=60}
DEBUG [main] (AutomatedInputController.java:52) - Starting with automation type: wsp
DEBUG [main] (BasePublisher.java:67) - Registering /com/stefanolupo/ndngame/0/nodeB/blocks/sync
DEBUG [main] (BasePublisher.java:67) - Registering /com/stefanolupo/ndngame/0/nodeB/status/sync
DEBUG [log-schedule-0] (LocalPlayerStatusSystem.java:136) - Null: 0, vel: 0, deadReckoning: 0, deadReckoningSkip: 0, actionable: NaN
Mar 20, 2019 3:15:24 PM net.named_data.jndn.Node$RegisterResponse onData
INFO: Register prefix succeeded with the NFD forwarder for prefix /com/stefanolupo/ndngame/0/nodeB/blocks/sync
Mar 20, 2019 3:15:25 PM net.named_data.jndn.Node$RegisterResponse onData
INFO: Register prefix succeeded with the NFD forwarder for prefix /com/stefanolupo/ndngame/0/nodeB/blocks/interact
Mar 20, 2019 3:15:25 PM net.named_data.jndn.Node$RegisterResponse onData
INFO: Register prefix succeeded with the NFD forwarder for prefix /com/stefanolupo/ndngame/0/nodeB/status/sync
Mar 20, 2019 3:15:25 PM net.named_data.jndn.Node$RegisterResponse onData
INFO: Register prefix succeeded with the NFD forwarder for prefix /com/stefanolupo/ndngame/0/nodeB/projectiles/sync
Mar 20, 2019 3:15:25 PM net.named_data.jndn.Node$RegisterResponse onData
INFO: Register prefix succeeded with the NFD forwarder for prefix /com/stefanolupo/ndngame/0/nodeB/projectiles/interact
Mar 20, 2019 3:15:29 PM net.named_data.jndn.Node$RegisterResponse onData
INFO: Register prefix succeeded with the NFD forwarder for prefix /com/stefanolupo/ndngame/0/config/broadcast
Mar 20, 2019 3:15:29 PM net.named_data.jndn.Node$RegisterResponse onData
INFO: Register prefix succeeded with the NFD forwarder for prefix /com/stefanolupo/ndngame/0/config/nodeB
 INFO [cs-/com/stefanolupo/ndngame/0/config/nodeB-0] (ChronoSynced.java:93) - Initialized ChronoSyncedMap for /com/stefanolupo/ndngame/0/config/nodeB
Mar 20, 2019 3:15:29 PM net.named_data.jndn.Node$RegisterResponse onData
INFO: Register prefix succeeded with the NFD forwarder for prefix /com/stefanolupo/ndngame/0/discovery/broadcast
Mar 20, 2019 3:15:29 PM net.named_data.jndn.Node$RegisterResponse onData
INFO: Register prefix succeeded with the NFD forwarder for prefix /com/stefanolupo/ndngame/0/discovery/nodeB
 INFO [cs-/com/stefanolupo/ndngame/0/discovery/nodeB-0] (ChronoSynced.java:93) - Initialized ChronoSyncedMap for /com/stefanolupo/ndngame/0/discovery/nodeB
DEBUG [log-schedule-0] (LocalPlayerStatusSystem.java:136) - Null: 0, vel: 0, deadReckoning: 0, deadReckoningSkip: 0, actionable: NaN
DEBUG [bp-queue-proc-/com/stefanolupo/ndngame/0/nodeB/blocks/sync-1] (BasePublisher.java:96) - /com/stefanolupo/ndngame/0/nodeB/blocks/sync: No duplicate SN requests seen
DEBUG [bp-queue-proc-/com/stefanolupo/ndngame/0/nodeB/status/sync-1] (BasePublisher.java:96) - /com/stefanolupo/ndngame/0/nodeB/status/sync: No duplicate SN requests seen
DEBUG [log-schedule-0] (LocalPlayerStatusSystem.java:136) - Null: 0, vel: 0, deadReckoning: 0, deadReckoningSkip: 0, actionable: NaN
3/20/19, 3:15:54 PM ============================================================

-- Gauges ----------------------------------------------------------------------
pub-update-percentage-nodeB-blocks-sync
             value = 0.0
pub-update-percentage-nodeB-status-sync
             value = 0.0


DEBUG [log-schedule-0] (LocalPlayerStatusSystem.java:136) - Null: 0, vel: 0, deadReckoning: 0, deadReckoningSkip: 0, actionable: NaN
DEBUG [bp-queue-proc-/com/stefanolupo/ndngame/0/nodeB/blocks/sync-1] (BasePublisher.java:96) - /com/stefanolupo/ndngame/0/nodeB/blocks/sync: No duplicate SN requests seen
DEBUG [bp-queue-proc-/com/stefanolupo/ndngame/0/nodeB/status/sync-1] (BasePublisher.java:96) - /com/stefanolupo/ndngame/0/nodeB/status/sync: No duplicate SN requests seen
DEBUG [log-schedule-0] (LocalPlayerStatusSystem.java:136) - Null: 0, vel: 0, deadReckoning: 0, deadReckoningSkip: 0, actionable: NaN
DEBUG [log-schedule-0] (LocalPlayerStatusSystem.java:136) - Null: 0, vel: 0, deadReckoning: 0, deadReckoningSkip: 0, actionable: NaN
3/20/19, 3:16:24 PM ============================================================

-- Gauges ----------------------------------------------------------------------
pub-update-percentage-nodeB-blocks-sync
             value = 0.0011157601115760112
pub-update-percentage-nodeB-status-sync
             value = 0.0


DEBUG [bp-queue-proc-/com/stefanolupo/ndngame/0/nodeB/blocks/sync-1] (BasePublisher.java:96) - /com/stefanolupo/ndngame/0/nodeB/blocks/sync: No duplicate SN requests seen
DEBUG [bp-queue-proc-/com/stefanolupo/ndngame/0/nodeB/status/sync-1] (BasePublisher.java:96) - /com/stefanolupo/ndngame/0/nodeB/status/sync: No duplicate SN requests seen
DEBUG [log-schedule-0] (LocalPlayerStatusSystem.java:136) - Null: 0, vel: 0, deadReckoning: 0, deadReckoningSkip: 0, actionable: NaN
 INFO [cs-/com/stefanolupo/ndngame/0/discovery/nodeB-0] (PlayerStatusSubscriber.java:59) - Adding subscription for nodeC
 INFO [cs-/com/stefanolupo/ndngame/0/discovery/nodeB-0] (BlockSubscriber.java:54) - Adding subscription for /com/stefanolupo/ndngame/0/nodeC/blocks/sync/0/0/0
 INFO [cs-/com/stefanolupo/ndngame/0/discovery/nodeB-0] (ProjectileSubscriber.java:53) - Adding subscription for /com/stefanolupo/ndngame/0/nodeC/projectiles/sync/0/0/0
 INFO [cs-/com/stefanolupo/ndngame/0/discovery/nodeB-0] (PlayerStatusSubscriber.java:59) - Adding subscription for nodeD
 INFO [cs-/com/stefanolupo/ndngame/0/discovery/nodeB-0] (BlockSubscriber.java:54) - Adding subscription for /com/stefanolupo/ndngame/0/nodeD/blocks/sync/0/0/0
 INFO [cs-/com/stefanolupo/ndngame/0/discovery/nodeB-0] (ProjectileSubscriber.java:53) - Adding subscription for /com/stefanolupo/ndngame/0/nodeD/projectiles/sync/0/0/0
 INFO [cs-/com/stefanolupo/ndngame/0/discovery/nodeB-0] (PlayerStatusSubscriber.java:59) - Adding subscription for nodeA
 INFO [cs-/com/stefanolupo/ndngame/0/discovery/nodeB-0] (BlockSubscriber.java:54) - Adding subscription for /com/stefanolupo/ndngame/0/nodeA/blocks/sync/0/0/0
 INFO [cs-/com/stefanolupo/ndngame/0/discovery/nodeB-0] (ProjectileSubscriber.java:53) - Adding subscription for /com/stefanolupo/ndngame/0/nodeA/projectiles/sync/0/0/0
DEBUG [log-schedule-0] (LocalPlayerStatusSystem.java:136) - Null: 0, vel: 0, deadReckoning: 0, deadReckoningSkip: 0, actionable: NaN
 INFO [fm-pub-0-8] (ProjectilePublisher.java:133) - Creating interest meter
 WARN [cs-/com/stefanolupo/ndngame/0/discovery/nodeB-0] (ChronoSynced.java:118) - Timeout for interest: /com/stefanolupo/ndngame/0/discovery/nodeB/1?ndn.MustBeFresh=1&ndn.Nonce=%D6%97%26%15
 WARN [cs-/com/stefanolupo/ndngame/0/discovery/nodeB-0] (ChronoSynced.java:118) - Timeout for interest: /com/stefanolupo/ndngame/0/discovery/nodeB/1?ndn.MustBeFresh=1&ndn.Nonce=%0B%A7%84%E8
 WARN [cs-/com/stefanolupo/ndngame/0/discovery/nodeB-0] (ChronoSynced.java:118) - Timeout for interest: /com/stefanolupo/ndngame/0/discovery/nodeB/1?ndn.MustBeFresh=1&ndn.Nonce=z%1E%0Eb
 WARN [cs-/com/stefanolupo/ndngame/0/discovery/nodeB-0] (ChronoSynced.java:118) - Timeout for interest: /com/stefanolupo/ndngame/0/discovery/nodeB/1?ndn.MustBeFresh=1&ndn.Nonce=%8Dr%BD%87
 WARN [bp-queue-proc-/com/stefanolupo/ndngame/0/nodeB/blocks/sync-1] (BasePublisher.java:98) - /com/stefanolupo/ndngame/0/nodeB/blocks/sync: Saw duplicate sn requests
 WARN [bp-queue-proc-/com/stefanolupo/ndngame/0/nodeB/blocks/sync-1] (BasePublisher.java:99) - [12=2]
 WARN [bp-queue-proc-/com/stefanolupo/ndngame/0/nodeB/status/sync-1] (BasePublisher.java:98) - /com/stefanolupo/ndngame/0/nodeB/status/sync: Saw duplicate sn requests
 WARN [bp-queue-proc-/com/stefanolupo/ndngame/0/nodeB/status/sync-1] (BasePublisher.java:99) - [115=2, 90=3]
DEBUG [log-schedule-0] (LocalPlayerStatusSystem.java:136) - Null: 2, vel: 22, deadReckoning: 97, deadReckoningSkip: 168, actionable: 0.4186851
DEBUG [HeadlessApplication] (ProjectileCollisionSystem.java:108) - Bullet hit me, notifying owner and decreasing my health
3/20/19, 3:16:54 PM ============================================================

-- Gauges ----------------------------------------------------------------------
pub-update-percentage-nodeB-blocks-sync
             value = 0.004271123491179201
pub-update-percentage-nodeB-status-sync
             value = 0.05201560468140442

-- Counters --------------------------------------------------------------------
sub-blocks-interestscounter-nodeA
             count = 17
sub-blocks-interestscounter-nodeC
             count = 17
sub-blocks-interestscounter-nodeD
             count = 17
sub-projectiles-interestscounter-nodeA
             count = 27
sub-projectiles-interestscounter-nodeC
             count = 28
sub-projectiles-interestscounter-nodeD
             count = 28
sub-status-interestscounter-nodeA
             count = 272
sub-status-interestscounter-nodeC
             count = 234
sub-status-interestscounter-nodeD
             count = 289

-- Histograms ------------------------------------------------------------------
eng-status-delta-nodeA
             count = 263
               min = 0
               max = 105
              mean = 7.87
            stddev = 16.16
            median = 0.00
              75% <= 11.00
              95% <= 33.00
              98% <= 68.00
              99% <= 104.00
            99.9% <= 105.00
eng-status-delta-nodeC
             count = 226
               min = 0
               max = 126
              mean = 7.86
            stddev = 20.19
            median = 0.00
              75% <= 11.00
              95% <= 40.00
              98% <= 100.00
              99% <= 112.00
            99.9% <= 126.00
eng-status-delta-nodeD
             count = 279
               min = 0
               max = 126
              mean = 6.88
            stddev = 14.60
            median = 0.00
              75% <= 11.00
              95% <= 33.00
              98% <= 47.00
              99% <= 56.00
            99.9% <= 126.00
sub-blocks-rtt-nodeA
             count = 4
               min = 90
               max = 521
              mean = 293.07
            stddev = 207.61
            median = 98.00
              75% <= 500.00
              95% <= 521.00
              98% <= 521.00
              99% <= 521.00
            99.9% <= 521.00
sub-blocks-rtt-nodeC
             count = 4
               min = 165
               max = 824
              mean = 553.53
            stddev = 237.90
            median = 622.00
              75% <= 824.00
              95% <= 824.00
              98% <= 824.00
              99% <= 824.00
            99.9% <= 824.00
sub-blocks-rtt-nodeD
             count = 4
               min = 31
               max = 364
              mean = 217.77
            stddev = 128.49
            median = 180.00
              75% <= 311.00
              95% <= 364.00
              98% <= 364.00
              99% <= 364.00
            99.9% <= 364.00
sub-projectiles-rtt-nodeA
             count = 12
               min = 16
               max = 984
              mean = 492.73
            stddev = 324.90
            median = 514.00
              75% <= 683.00
              95% <= 984.00
              98% <= 984.00
              99% <= 984.00
            99.9% <= 984.00
sub-projectiles-rtt-nodeC
             count = 12
               min = 4
               max = 998
              mean = 441.42
            stddev = 352.47
            median = 425.00
              75% <= 677.00
              95% <= 998.00
              98% <= 998.00
              99% <= 998.00
            99.9% <= 998.00
sub-projectiles-rtt-nodeD
             count = 12
               min = 11
               max = 954
              mean = 454.46
            stddev = 324.62
            median = 534.00
              75% <= 795.00
              95% <= 954.00
              98% <= 954.00
              99% <= 954.00
            99.9% <= 954.00
sub-status-rtt-nodeA
             count = 267
               min = 14
               max = 934
              mean = 58.35
            stddev = 100.13
            median = 34.00
              75% <= 49.00
              95% <= 84.00
              98% <= 504.00
              99% <= 553.00
            99.9% <= 934.00
sub-status-rtt-nodeC
             count = 229
               min = 5
               max = 983
              mean = 71.01
            stddev = 130.06
            median = 33.00
              75% <= 49.00
              95% <= 382.00
              98% <= 550.00
              99% <= 767.00
            99.9% <= 983.00
sub-status-rtt-nodeD
             count = 285
               min = 1
               max = 966
              mean = 58.20
            stddev = 108.00
            median = 33.00
              75% <= 38.00
              95% <= 84.00
              98% <= 500.00
              99% <= 532.00
            99.9% <= 966.00

-- Meters ----------------------------------------------------------------------
pub-interest-rate-nodeB-blocks-sync
             count = 13
         mean rate = 0.66 events/second
     1-minute rate = 0.63 events/second
     5-minute rate = 0.61 events/second
    15-minute rate = 0.60 events/second
pub-interest-rate-nodeB-projectiles-sync
             count = 25
         mean rate = 1.27 events/second
     1-minute rate = 1.07 events/second
     5-minute rate = 1.02 events/second
    15-minute rate = 1.01 events/second
pub-interest-rate-nodeB-status-sync
             count = 286
         mean rate = 14.58 events/second
     1-minute rate = 16.71 events/second
     5-minute rate = 17.25 events/second
    15-minute rate = 17.35 events/second


DEBUG [log-schedule-0] (LocalPlayerStatusSystem.java:136) - Null: 2, vel: 48, deadReckoning: 239, deadReckoningSkip: 286, actionable: 0.5026087
 WARN [bp-queue-proc-/com/stefanolupo/ndngame/0/nodeB/blocks/sync-1] (BasePublisher.java:98) - /com/stefanolupo/ndngame/0/nodeB/blocks/sync: Saw duplicate sn requests
 WARN [bp-queue-proc-/com/stefanolupo/ndngame/0/nodeB/blocks/sync-1] (BasePublisher.java:99) - [26=3, 23=12, 12=2, 25=6]
 WARN [bp-queue-proc-/com/stefanolupo/ndngame/0/nodeB/status/sync-1] (BasePublisher.java:98) - /com/stefanolupo/ndngame/0/nodeB/status/sync: Saw duplicate sn requests
 WARN [bp-queue-proc-/com/stefanolupo/ndngame/0/nodeB/status/sync-1] (BasePublisher.java:99) - [115=2, 243=2, 432=2, 358=2, 133=2, 90=3, 380=2]
DEBUG [log-schedule-0] (LocalPlayerStatusSystem.java:136) - Null: 2, vel: 66, deadReckoning: 364, deadReckoningSkip: 431, actionable: 0.50057936
DEBUG [HeadlessApplication] (ProjectileCollisionSystem.java:108) - Bullet hit me, notifying owner and decreasing my health
DEBUG [HeadlessApplication] (ProjectileCollisionSystem.java:108) - Bullet hit me, notifying owner and decreasing my health
DEBUG [log-schedule-0] (LocalPlayerStatusSystem.java:136) - Null: 2, vel: 92, deadReckoning: 533, deadReckoningSkip: 522, actionable: 0.5456919
3/20/19, 3:17:24 PM ============================================================

-- Gauges ----------------------------------------------------------------------
pub-update-percentage-nodeB-blocks-sync
             value = 0.0041753653444676405
pub-update-percentage-nodeB-status-sync
             value = 0.10789363775581233

-- Counters --------------------------------------------------------------------
sub-blocks-interestscounter-nodeA
             count = 45
sub-blocks-interestscounter-nodeC
             count = 46
sub-blocks-interestscounter-nodeD
             count = 46
sub-projectiles-interestscounter-nodeA
             count = 68
sub-projectiles-interestscounter-nodeC
             count = 69
sub-projectiles-interestscounter-nodeD
             count = 67
sub-status-interestscounter-nodeA
             count = 720
sub-status-interestscounter-nodeC
             count = 664
sub-status-interestscounter-nodeD
             count = 759

-- Histograms ------------------------------------------------------------------
eng-status-delta-nodeA
             count = 706
               min = 0
               max = 174
              mean = 7.70
            stddev = 15.96
            median = 0.00
              75% <= 11.00
              95% <= 33.00
              98% <= 56.00
              99% <= 78.00
            99.9% <= 174.00
eng-status-delta-nodeC
             count = 650
               min = 0
               max = 372
              mean = 8.82
            stddev = 27.20
            median = 0.00
              75% <= 11.00
              95% <= 40.00
              98% <= 93.00
              99% <= 112.00
            99.9% <= 372.00
eng-status-delta-nodeD
             count = 743
               min = 0
               max = 278
              mean = 7.33
            stddev = 18.07
            median = 0.00
              75% <= 11.00
              95% <= 33.00
              98% <= 58.00
              99% <= 83.00
            99.9% <= 278.00
sub-blocks-rtt-nodeA
             count = 6
               min = 90
               max = 696
              mean = 405.39
            stddev = 224.04
            median = 461.00
              75% <= 521.00
              95% <= 696.00
              98% <= 696.00
              99% <= 696.00
            99.9% <= 696.00
sub-blocks-rtt-nodeC
             count = 5
               min = 165
               max = 824
              mean = 499.36
            stddev = 223.34
            median = 584.00
              75% <= 622.00
              95% <= 824.00
              98% <= 824.00
              99% <= 824.00
            99.9% <= 824.00
sub-blocks-rtt-nodeD
             count = 5
               min = 31
               max = 775
              mean = 366.70
            stddev = 270.01
            median = 311.00
              75% <= 775.00
              95% <= 775.00
              98% <= 775.00
              99% <= 775.00
            99.9% <= 775.00
sub-projectiles-rtt-nodeA
             count = 28
               min = 1
               max = 984
              mean = 385.67
            stddev = 305.40
            median = 499.00
              75% <= 533.00
              95% <= 982.00
              98% <= 984.00
              99% <= 984.00
            99.9% <= 984.00
sub-projectiles-rtt-nodeC
             count = 27
               min = 4
               max = 998
              mean = 345.22
            stddev = 309.98
            median = 365.00
              75% <= 567.00
              95% <= 949.00
              98% <= 998.00
              99% <= 998.00
            99.9% <= 998.00
sub-projectiles-rtt-nodeD
             count = 26
               min = 11
               max = 954
              mean = 368.31
            stddev = 295.35
            median = 487.00
              75% <= 570.00
              95% <= 798.00
              98% <= 954.00
              99% <= 954.00
            99.9% <= 954.00
sub-status-rtt-nodeA
             count = 709
               min = 0
               max = 934
              mean = 56.05
            stddev = 96.54
            median = 34.00
              75% <= 45.00
              95% <= 69.00
              98% <= 433.00
              99% <= 553.00
            99.9% <= 934.00
sub-status-rtt-nodeC
             count = 653
               min = 5
               max = 983
              mean = 59.46
            stddev = 105.99
            median = 33.00
              75% <= 40.00
              95% <= 84.00
              98% <= 497.00
              99% <= 767.00
            99.9% <= 983.00
sub-status-rtt-nodeD
             count = 749
               min = 1
               max = 966
              mean = 54.18
            stddev = 97.26
            median = 33.00
              75% <= 36.00
              95% <= 70.00
              98% <= 435.00
              99% <= 559.00
            99.9% <= 834.00

-- Meters ----------------------------------------------------------------------
pub-interest-rate-nodeB-blocks-sync
             count = 63
         mean rate = 1.27 events/second
     1-minute rate = 0.98 events/second
     5-minute rate = 0.69 events/second
    15-minute rate = 0.63 events/second
pub-interest-rate-nodeB-projectiles-sync
             count = 63
         mean rate = 1.27 events/second
     1-minute rate = 1.11 events/second
     5-minute rate = 1.03 events/second
    15-minute rate = 1.01 events/second
pub-interest-rate-nodeB-status-sync
             count = 786
         mean rate = 15.84 events/second
     1-minute rate = 16.67 events/second
     5-minute rate = 17.18 events/second
    15-minute rate = 17.32 events/second


 WARN [bp-queue-proc-/com/stefanolupo/ndngame/0/nodeB/blocks/sync-1] (BasePublisher.java:98) - /com/stefanolupo/ndngame/0/nodeB/blocks/sync: Saw duplicate sn requests
 WARN [bp-queue-proc-/com/stefanolupo/ndngame/0/nodeB/blocks/sync-1] (BasePublisher.java:99) - [29=9, 28=9, 26=16, 23=12, 31=2, 12=2, 25=6, 27=4]
 WARN [bp-queue-proc-/com/stefanolupo/ndngame/0/nodeB/status/sync-1] (BasePublisher.java:98) - /com/stefanolupo/ndngame/0/nodeB/status/sync: Saw duplicate sn requests
 WARN [bp-queue-proc-/com/stefanolupo/ndngame/0/nodeB/status/sync-1] (BasePublisher.java:99) - [115=2, 243=2, 736=2, 432=3, 358=2, 133=2, 90=3, 380=2]
DEBUG [log-schedule-0] (LocalPlayerStatusSystem.java:136) - Null: 2, vel: 116, deadReckoning: 669, deadReckoningSkip: 644, actionable: 0.5499651
DEBUG [HeadlessApplication] (ProjectileCollisionSystem.java:108) - Bullet hit me, notifying owner and decreasing my health
DEBUG [log-schedule-0] (LocalPlayerStatusSystem.java:136) - Null: 2, vel: 141, deadReckoning: 832, deadReckoningSkip: 763, actionable: 0.5609896
 WARN [bp-queue-proc-/com/stefanolupo/ndngame/0/nodeB/blocks/sync-1] (BasePublisher.java:98) - /com/stefanolupo/ndngame/0/nodeB/blocks/sync: Saw duplicate sn requests
 WARN [bp-queue-proc-/com/stefanolupo/ndngame/0/nodeB/blocks/sync-1] (BasePublisher.java:99) - [31=14, 28=9, 26=28, 29=20, 23=12, 12=2, 25=6, 27=4]
 WARN [bp-queue-proc-/com/stefanolupo/ndngame/0/nodeB/status/sync-1] (BasePublisher.java:98) - /com/stefanolupo/ndngame/0/nodeB/status/sync: Saw duplicate sn requests
 WARN [bp-queue-proc-/com/stefanolupo/ndngame/0/nodeB/status/sync-1] (BasePublisher.java:99) - [736=2, 960=2, 358=2, 133=2, 1163=2, 809=3, 1129=2, 911=2, 1005=2, 115=2, 243=2, 912=2, 432=3, 1172=2, 90=3, 380=2, 1116=2]
DEBUG [log-schedule-0] (LocalPlayerStatusSystem.java:136) - Null: 2, vel: 164, deadReckoning: 1006, deadReckoningSkip: 864, actionable: 0.57563853
3/20/19, 3:17:54 PM ============================================================

-- Gauges ----------------------------------------------------------------------
pub-update-percentage-nodeB-blocks-sync
             value = 0.00333889816360601
pub-update-percentage-nodeB-status-sync
             value = 0.1447178002894356

-- Counters --------------------------------------------------------------------
sub-blocks-interestscounter-nodeA
             count = 74
sub-blocks-interestscounter-nodeC
             count = 75
sub-blocks-interestscounter-nodeD
             count = 76
sub-projectiles-interestscounter-nodeA
             count = 106
sub-projectiles-interestscounter-nodeC
             count = 106
sub-projectiles-interestscounter-nodeD
             count = 106
sub-status-interestscounter-nodeA
             count = 1162
sub-status-interestscounter-nodeC
             count = 1117
sub-status-interestscounter-nodeD
             count = 1243

-- Histograms ------------------------------------------------------------------
eng-status-delta-nodeA
             count = 1140
               min = 0
               max = 189
              mean = 6.55
            stddev = 14.70
            median = 0.00
              75% <= 11.00
              95% <= 32.00
              98% <= 47.00
              99% <= 60.00
            99.9% <= 189.00
eng-status-delta-nodeC
             count = 1095
               min = 0
               max = 372
              mean = 6.39
            stddev = 22.52
            median = 0.00
              75% <= 11.00
              95% <= 25.00
              98% <= 44.00
              99% <= 93.00
            99.9% <= 349.00
eng-status-delta-nodeD
             count = 1221
               min = 0
               max = 278
              mean = 12.85
            stddev = 28.91
            median = 0.00
              75% <= 11.00
              95% <= 80.00
              98% <= 122.00
              99% <= 122.00
            99.9% <= 245.00
sub-blocks-rtt-nodeA
             count = 7
               min = 90
               max = 762
              mean = 513.81
            stddev = 248.68
            median = 521.00
              75% <= 762.00
              95% <= 762.00
              98% <= 762.00
              99% <= 762.00
            99.9% <= 762.00
sub-blocks-rtt-nodeC
             count = 6
               min = 165
               max = 824
              mean = 404.21
            stddev = 239.16
            median = 348.00
              75% <= 622.00
              95% <= 824.00
              98% <= 824.00
              99% <= 824.00
            99.9% <= 824.00
sub-blocks-rtt-nodeD
             count = 5
               min = 31
               max = 775
              mean = 366.70
            stddev = 270.01
            median = 311.00
              75% <= 775.00
              95% <= 775.00
              98% <= 775.00
              99% <= 775.00
            99.9% <= 775.00
sub-projectiles-rtt-nodeA
             count = 43
               min = 1
               max = 984
              mean = 433.44
            stddev = 279.37
            median = 506.00
              75% <= 650.00
              95% <= 802.00
              98% <= 982.00
              99% <= 984.00
            99.9% <= 984.00
sub-projectiles-rtt-nodeC
             count = 38
               min = 4
               max = 1000
              mean = 346.21
            stddev = 314.71
            median = 365.00
              75% <= 525.00
              95% <= 998.00
              98% <= 1000.00
              99% <= 1000.00
            99.9% <= 1000.00
sub-projectiles-rtt-nodeD
             count = 41
               min = 4
               max = 954
              mean = 412.79
            stddev = 292.95
            median = 516.00
              75% <= 585.00
              95% <= 803.00
              98% <= 812.00
              99% <= 954.00
            99.9% <= 954.00
sub-status-rtt-nodeA
             count = 1144
               min = 0
               max = 934
              mean = 54.57
            stddev = 90.21
            median = 34.00
              75% <= 47.00
              95% <= 68.00
              98% <= 401.00
              99% <= 533.00
            99.9% <= 922.00
sub-status-rtt-nodeC
             count = 1100
               min = 5
               max = 983
              mean = 55.35
            stddev = 94.09
            median = 33.00
              75% <= 42.00
              95% <= 83.00
              98% <= 416.00
              99% <= 534.00
            99.9% <= 950.00
sub-status-rtt-nodeD
             count = 1228
               min = 1
               max = 966
              mean = 52.60
            stddev = 89.54
            median = 33.00
              75% <= 35.00
              95% <= 68.00
              98% <= 399.00
              99% <= 520.00
            99.9% <= 932.00

-- Meters ----------------------------------------------------------------------
pub-interest-rate-nodeB-blocks-sync
             count = 119
         mean rate = 1.49 events/second
     1-minute rate = 1.27 events/second
     5-minute rate = 0.79 events/second
    15-minute rate = 0.67 events/second
pub-interest-rate-nodeB-projectiles-sync
             count = 102
         mean rate = 1.28 events/second
     1-minute rate = 1.18 events/second
     5-minute rate = 1.06 events/second
    15-minute rate = 1.02 events/second
pub-interest-rate-nodeB-status-sync
             count = 1322
         mean rate = 16.60 events/second
     1-minute rate = 17.48 events/second
     5-minute rate = 17.33 events/second
    15-minute rate = 17.37 events/second


DEBUG [log-schedule-0] (LocalPlayerStatusSystem.java:136) - Null: 2, vel: 182, deadReckoning: 1123, deadReckoningSkip: 1025, actionable: 0.56046313
 WARN [bp-queue-proc-/com/stefanolupo/ndngame/0/nodeB/blocks/sync-1] (BasePublisher.java:98) - /com/stefanolupo/ndngame/0/nodeB/blocks/sync: Saw duplicate sn requests
 WARN [bp-queue-proc-/com/stefanolupo/ndngame/0/nodeB/blocks/sync-1] (BasePublisher.java:99) - [26=41, 31=28, 28=9, 23=12, 29=33, 12=2, 25=6, 27=4]
 WARN [bp-queue-proc-/com/stefanolupo/ndngame/0/nodeB/status/sync-1] (BasePublisher.java:98) - /com/stefanolupo/ndngame/0/nodeB/status/sync: Saw duplicate sn requests
 WARN [bp-queue-proc-/com/stefanolupo/ndngame/0/nodeB/status/sync-1] (BasePublisher.java:99) - [736=2, 960=2, 358=2, 133=2, 1163=2, 809=3, 1129=2, 911=2, 1005=2, 115=2, 243=2, 912=2, 432=3, 1303=4, 1172=2, 90=3, 1336=2, 380=2, 1116=2]
DEBUG [log-schedule-0] (LocalPlayerStatusSystem.java:136) - Null: 2, vel: 206, deadReckoning: 1291, deadReckoningSkip: 1120, actionable: 0.57235587
DEBUG [log-schedule-0] (LocalPlayerStatusSystem.java:136) - Null: 2, vel: 229, deadReckoning: 1400, deadReckoningSkip: 1279, actionable: 0.5604811
DEBUG [HeadlessApplication] (ProjectileCollisionSystem.java:108) - Bullet hit me, notifying owner and decreasing my health
DEBUG [HeadlessApplication] (ProjectileCollisionSystem.java:108) - Bullet hit me, notifying owner and decreasing my health
3/20/19, 3:18:24 PM ============================================================

-- Gauges ----------------------------------------------------------------------
pub-update-percentage-nodeB-blocks-sync
             value = 0.0029670839128419103
pub-update-percentage-nodeB-status-sync
             value = 0.16385385756676557

-- Counters --------------------------------------------------------------------
sub-blocks-interestscounter-nodeA
             count = 101
sub-blocks-interestscounter-nodeC
             count = 103
sub-blocks-interestscounter-nodeD
             count = 105
sub-projectiles-interestscounter-nodeA
             count = 146
sub-projectiles-interestscounter-nodeC
             count = 145
sub-projectiles-interestscounter-nodeD
             count = 147
sub-status-interestscounter-nodeA
             count = 1547
sub-status-interestscounter-nodeC
             count = 1496
sub-status-interestscounter-nodeD
             count = 1624

-- Histograms ------------------------------------------------------------------
eng-status-delta-nodeA
             count = 1515
               min = 0
               max = 379
              mean = 8.18
            stddev = 22.70
            median = 0.00
              75% <= 11.00
              95% <= 35.00
              98% <= 56.00
              99% <= 89.00
            99.9% <= 379.00
eng-status-delta-nodeC
             count = 1466
               min = 0
               max = 372
              mean = 6.45
            stddev = 24.63
            median = 0.00
              75% <= 11.00
              95% <= 22.00
              98% <= 47.00
              99% <= 111.00
            99.9% <= 372.00
eng-status-delta-nodeD
             count = 1592
               min = 0
               max = 411
              mean = 16.70
            stddev = 37.06
            median = 0.00
              75% <= 11.00
              95% <= 104.00
              98% <= 122.00
              99% <= 139.00
            99.9% <= 411.00
sub-blocks-rtt-nodeA
             count = 10
               min = 47
               max = 762
              mean = 404.12
            stddev = 274.66
            median = 461.00
              75% <= 656.00
              95% <= 762.00
              98% <= 762.00
              99% <= 762.00
            99.9% <= 762.00
sub-blocks-rtt-nodeC
             count = 8
               min = 14
               max = 824
              mean = 291.13
            stddev = 227.13
            median = 327.00
              75% <= 348.00
              95% <= 824.00
              98% <= 824.00
              99% <= 824.00
            99.9% <= 824.00
sub-blocks-rtt-nodeD
             count = 6
               min = 31
               max = 958
              mean = 605.48
            stddev = 357.27
            median = 775.00
              75% <= 958.00
              95% <= 958.00
              98% <= 958.00
              99% <= 958.00
            99.9% <= 958.00
sub-projectiles-rtt-nodeA
             count = 60
               min = 1
               max = 984
              mean = 424.12
            stddev = 281.02
            median = 516.00
              75% <= 596.00
              95% <= 816.00
              98% <= 820.00
              99% <= 982.00
            99.9% <= 984.00
sub-projectiles-rtt-nodeC
             count = 56
               min = 4
               max = 1000
              mean = 427.46
            stddev = 301.63
            median = 517.00
              75% <= 615.00
              95% <= 998.00
              98% <= 1000.00
              99% <= 1000.00
            99.9% <= 1000.00
sub-projectiles-rtt-nodeD
             count = 57
               min = 0
               max = 954
              mean = 374.16
            stddev = 283.96
            median = 515.00
              75% <= 534.00
              95% <= 795.00
              98% <= 812.00
              99% <= 812.00
            99.9% <= 954.00
sub-status-rtt-nodeA
             count = 1520
               min = 0
               max = 934
              mean = 53.90
            stddev = 89.40
            median = 34.00
              75% <= 38.00
              95% <= 67.00
              98% <= 401.00
              99% <= 533.00
            99.9% <= 803.00
sub-status-rtt-nodeC
             count = 1471
               min = 5
               max = 999
              mean = 56.95
            stddev = 103.73
            median = 33.00
              75% <= 44.00
              95% <= 78.00
              98% <= 497.00
              99% <= 750.00
            99.9% <= 999.00
sub-status-rtt-nodeD
             count = 1599
               min = 3
               max = 966
              mean = 55.10
            stddev = 91.85
            median = 33.00
              75% <= 36.00
              95% <= 81.00
              98% <= 434.00
              99% <= 533.00
            99.9% <= 932.00

-- Meters ----------------------------------------------------------------------
pub-interest-rate-nodeB-blocks-sync
             count = 175
         mean rate = 1.60 events/second
     1-minute rate = 1.55 events/second
     5-minute rate = 0.90 events/second
    15-minute rate = 0.71 events/second
pub-interest-rate-nodeB-projectiles-sync
             count = 141
         mean rate = 1.29 events/second
     1-minute rate = 1.20 events/second
     5-minute rate = 1.07 events/second
    15-minute rate = 1.03 events/second
pub-interest-rate-nodeB-status-sync
             count = 1799
         mean rate = 16.41 events/second
     1-minute rate = 16.82 events/second
     5-minute rate = 17.18 events/second
    15-minute rate = 17.31 events/second


 WARN [bp-queue-proc-/com/stefanolupo/ndngame/0/nodeB/blocks/sync-1] (BasePublisher.java:98) - /com/stefanolupo/ndngame/0/nodeB/blocks/sync: Saw duplicate sn requests
 WARN [bp-queue-proc-/com/stefanolupo/ndngame/0/nodeB/blocks/sync-1] (BasePublisher.java:99) - [29=45, 28=9, 33=8, 23=12, 26=54, 12=2, 25=6, 27=4, 31=32]
 WARN [bp-queue-proc-/com/stefanolupo/ndngame/0/nodeB/status/sync-1] (BasePublisher.java:98) - /com/stefanolupo/ndngame/0/nodeB/status/sync: Saw duplicate sn requests
 WARN [bp-queue-proc-/com/stefanolupo/ndngame/0/nodeB/status/sync-1] (BasePublisher.java:99) - [1666=2, 960=2, 133=2, 1163=2, 1742=2, 911=2, 912=2, 1616=2, 1303=4, 1172=2, 90=3, 1752=2, 1631=3, 1116=2, 736=2, 358=2, 809=3, 1129=2, 1005=2, 115=2, 243=2, 1587=2, 432=3, 1336=2, 1535=2, 380=2]
DEBUG [log-schedule-0] (LocalPlayerStatusSystem.java:136) - Null: 2, vel: 255, deadReckoning: 1514, deadReckoningSkip: 1431, actionable: 0.5530918
DEBUG [HeadlessApplication] (ProjectileCollisionSystem.java:108) - Bullet hit me, notifying owner and decreasing my health
DEBUG [HeadlessApplication] (ProjectileCollisionSystem.java:108) - Bullet hit me, notifying owner and decreasing my health
DEBUG [log-schedule-0] (LocalPlayerStatusSystem.java:136) - Null: 2, vel: 274, deadReckoning: 1619, deadReckoningSkip: 1571, actionable: 0.54673976
DEBUG [HeadlessApplication] (ProjectileCollisionSystem.java:108) - Bullet hit me, notifying owner and decreasing my health
 WARN [bp-queue-proc-/com/stefanolupo/ndngame/0/nodeB/blocks/sync-1] (BasePublisher.java:98) - /com/stefanolupo/ndngame/0/nodeB/blocks/sync: Saw duplicate sn requests
 WARN [bp-queue-proc-/com/stefanolupo/ndngame/0/nodeB/blocks/sync-1] (BasePublisher.java:99) - [28=9, 29=58, 26=66, 34=8, 23=12, 12=2, 33=14, 25=6, 27=4, 31=32]
 WARN [bp-queue-proc-/com/stefanolupo/ndngame/0/nodeB/status/sync-1] (BasePublisher.java:98) - /com/stefanolupo/ndngame/0/nodeB/status/sync: Saw duplicate sn requests
 WARN [bp-queue-proc-/com/stefanolupo/ndngame/0/nodeB/status/sync-1] (BasePublisher.java:99) - [1666=2, 960=2, 1856=2, 133=2, 1163=2, 1742=2, 911=2, 912=2, 1616=2, 1303=4, 1172=2, 90=3, 1752=2, 1631=3, 1116=2, 736=2, 1888=2, 358=2, 1771=2, 809=3, 1129=2, 1005=2, 115=2, 243=2, 1587=2, 432=3, 1336=2, 1535=2, 380=2]
DEBUG [log-schedule-0] (LocalPlayerStatusSystem.java:136) - Null: 2, vel: 299, deadReckoning: 1769, deadReckoningSkip: 1681, actionable: 0.5518528
DEBUG [HeadlessApplication] (ProjectileCollisionSystem.java:108) - Bullet hit me, notifying owner and decreasing my health
3/20/19, 3:18:54 PM ============================================================

-- Gauges ----------------------------------------------------------------------
pub-update-percentage-nodeB-blocks-sync
             value = 0.002622169249106079
pub-update-percentage-nodeB-status-sync
             value = 0.17991099809281627

-- Counters --------------------------------------------------------------------
sub-blocks-interestscounter-nodeA
             count = 131
sub-blocks-interestscounter-nodeC
             count = 132
sub-blocks-interestscounter-nodeD
             count = 135
sub-projectiles-interestscounter-nodeA
             count = 184
sub-projectiles-interestscounter-nodeC
             count = 182
sub-projectiles-interestscounter-nodeD
             count = 185
sub-status-interestscounter-nodeA
             count = 2044
sub-status-interestscounter-nodeC
             count = 2001
sub-status-interestscounter-nodeD
             count = 2133

-- Histograms ------------------------------------------------------------------
eng-status-delta-nodeA
             count = 2009
               min = 0
               max = 231
              mean = 5.76
            stddev = 14.29
            median = 0.00
              75% <= 11.00
              95% <= 31.00
              98% <= 47.00
              99% <= 51.00
            99.9% <= 174.00
eng-status-delta-nodeC
             count = 1968
               min = 0
               max = 372
              mean = 4.98
            stddev = 21.21
            median = 0.00
              75% <= 0.00
              95% <= 16.00
              98% <= 33.00
              99% <= 44.00
            99.9% <= 370.00
eng-status-delta-nodeD
             count = 2098
               min = 0
               max = 411
              mean = 8.35
            stddev = 25.83
            median = 0.00
              75% <= 11.00
              95% <= 46.00
              98% <= 89.00
              99% <= 122.00
            99.9% <= 319.00
sub-blocks-rtt-nodeA
             count = 10
               min = 47
               max = 762
              mean = 404.12
            stddev = 274.66
            median = 461.00
              75% <= 656.00
              95% <= 762.00
              98% <= 762.00
              99% <= 762.00
            99.9% <= 762.00
sub-blocks-rtt-nodeC
             count = 9
               min = 14
               max = 824
              mean = 238.00
            stddev = 217.84
            median = 174.00
              75% <= 327.00
              95% <= 622.00
              98% <= 824.00
              99% <= 824.00
            99.9% <= 824.00
sub-blocks-rtt-nodeD
             count = 6
               min = 31
               max = 958
              mean = 605.48
            stddev = 357.27
            median = 775.00
              75% <= 958.00
              95% <= 958.00
              98% <= 958.00
              99% <= 958.00
            99.9% <= 958.00
sub-projectiles-rtt-nodeA
             count = 74
               min = 1
               max = 984
              mean = 420.03
            stddev = 293.14
            median = 516.00
              75% <= 650.00
              95% <= 816.00
              98% <= 850.00
              99% <= 850.00
            99.9% <= 984.00
sub-projectiles-rtt-nodeC
             count = 68
               min = 4
               max = 1000
              mean = 398.79
            stddev = 323.59
            median = 482.00
              75% <= 632.00
              95% <= 970.00
              98% <= 998.00
              99% <= 1000.00
            99.9% <= 1000.00
sub-projectiles-rtt-nodeD
             count = 70
               min = 0
               max = 956
              mean = 372.62
            stddev = 297.29
            median = 416.00
              75% <= 538.00
              95% <= 866.00
              98% <= 956.00
              99% <= 956.00
            99.9% <= 956.00
sub-status-rtt-nodeA
             count = 2015
               min = 0
               max = 939
              mean = 56.20
            stddev = 99.78
            median = 34.00
              75% <= 37.00
              95% <= 68.00
              98% <= 500.00
              99% <= 535.00
            99.9% <= 939.00
sub-status-rtt-nodeC
             count = 1973
               min = 5
               max = 983
              mean = 54.99
            stddev = 99.13
            median = 33.00
              75% <= 34.00
              95% <= 70.00
              98% <= 476.00
              99% <= 550.00
            99.9% <= 917.00
sub-status-rtt-nodeD
             count = 2105
               min = 3
               max = 933
              mean = 54.56
            stddev = 98.44
            median = 33.00
              75% <= 34.00
              95% <= 67.00
              98% <= 450.00
              99% <= 534.00
            99.9% <= 933.00

-- Meters ----------------------------------------------------------------------
pub-interest-rate-nodeB-blocks-sync
             count = 233
         mean rate = 1.67 events/second
     1-minute rate = 1.69 events/second
     5-minute rate = 1.00 events/second
    15-minute rate = 0.75 events/second
pub-interest-rate-nodeB-projectiles-sync
             count = 172
         mean rate = 1.23 events/second
     1-minute rate = 1.18 events/second
     5-minute rate = 1.08 events/second
    15-minute rate = 1.03 events/second
pub-interest-rate-nodeB-status-sync
             count = 2298
         mean rate = 16.46 events/second
     1-minute rate = 16.59 events/second
     5-minute rate = 17.04 events/second
    15-minute rate = 17.26 events/second


DEBUG [log-schedule-0] (LocalPlayerStatusSystem.java:136) - Null: 2, vel: 325, deadReckoning: 1950, deadReckoningSkip: 1763, actionable: 0.56361383
DEBUG [HeadlessApplication] (ProjectileCollisionSystem.java:108) - Bullet hit me, notifying owner and decreasing my health
DEBUG [HeadlessApplication] (ProjectileCollisionSystem.java:108) - Bullet hit me, notifying owner and decreasing my health
DEBUG [HeadlessApplication] (ProjectileCollisionSystem.java:108) - Bullet hit me, notifying owner and decreasing my health
 WARN [bp-queue-proc-/com/stefanolupo/ndngame/0/nodeB/blocks/sync-1] (BasePublisher.java:98) - /com/stefanolupo/ndngame/0/nodeB/blocks/sync: Saw duplicate sn requests
 WARN [bp-queue-proc-/com/stefanolupo/ndngame/0/nodeB/blocks/sync-1] (BasePublisher.java:99) - [26=78, 28=9, 29=72, 34=21, 23=12, 12=2, 33=14, 25=6, 27=4, 31=32]
 WARN [bp-queue-proc-/com/stefanolupo/ndngame/0/nodeB/status/sync-1] (BasePublisher.java:98) - /com/stefanolupo/ndngame/0/nodeB/status/sync: Saw duplicate sn requests
 WARN [bp-queue-proc-/com/stefanolupo/ndngame/0/nodeB/status/sync-1] (BasePublisher.java:99) - [1666=2, 960=2, 1856=2, 2304=2, 133=2, 1163=2, 1742=2, 911=2, 912=2, 1616=2, 1303=4, 1172=2, 90=3, 1752=2, 1631=3, 1116=2, 736=2, 1888=2, 358=2, 1771=2, 809=3, 1129=2, 1005=2, 115=2, 243=2, 1587=2, 432=3, 1336=2, 1535=2, 2367=2, 380=2]
DEBUG [log-schedule-0] (LocalPlayerStatusSystem.java:136) - Null: 2, vel: 351, deadReckoning: 2029, deadReckoningSkip: 1948, actionable: 0.55011547
DEBUG [log-schedule-0] (LocalPlayerStatusSystem.java:136) - Null: 2, vel: 368, deadReckoning: 2174, deadReckoningSkip: 2076, actionable: 0.55064934
3/20/19, 3:19:24 PM ============================================================

-- Gauges ----------------------------------------------------------------------
pub-update-percentage-nodeB-blocks-sync
             value = 0.0026416405978449773
pub-update-percentage-nodeB-status-sync
             value = 0.18458008898776418

-- Counters --------------------------------------------------------------------
sub-blocks-interestscounter-nodeA
             count = 159
sub-blocks-interestscounter-nodeC
             count = 160
sub-blocks-interestscounter-nodeD
             count = 162
sub-projectiles-interestscounter-nodeA
             count = 226
sub-projectiles-interestscounter-nodeC
             count = 228
sub-projectiles-interestscounter-nodeD
             count = 227
sub-status-interestscounter-nodeA
             count = 2383
sub-status-interestscounter-nodeC
             count = 2336
sub-status-interestscounter-nodeD
             count = 2480

-- Histograms ------------------------------------------------------------------
eng-status-delta-nodeA
             count = 2337
               min = 0
               max = 259
              mean = 9.19
            stddev = 24.74
            median = 0.00
              75% <= 11.00
              95% <= 44.00
              98% <= 74.00
              99% <= 112.00
            99.9% <= 259.00
eng-status-delta-nodeC
             count = 2292
               min = 0
               max = 372
              mean = 6.06
            stddev = 22.37
            median = 0.00
              75% <= 11.00
              95% <= 22.00
              98% <= 41.00
              99% <= 104.00
            99.9% <= 289.00
eng-status-delta-nodeD
             count = 2436
               min = 0
               max = 411
              mean = 8.94
            stddev = 27.79
            median = 0.00
              75% <= 11.00
              95% <= 44.00
              98% <= 89.00
              99% <= 122.00
            99.9% <= 338.00
sub-blocks-rtt-nodeA
             count = 12
               min = 47
               max = 776
              mean = 467.29
            stddev = 277.80
            median = 500.00
              75% <= 776.00
              95% <= 776.00
              98% <= 776.00
              99% <= 776.00
            99.9% <= 776.00
sub-blocks-rtt-nodeC
             count = 11
               min = 14
               max = 934
              mean = 407.08
            stddev = 346.12
            median = 203.00
              75% <= 934.00
              95% <= 934.00
              98% <= 934.00
              99% <= 934.00
            99.9% <= 934.00
sub-blocks-rtt-nodeD
             count = 9
               min = 31
               max = 958
              mean = 506.38
            stddev = 276.18
            median = 542.00
              75% <= 730.00
              95% <= 958.00
              98% <= 958.00
              99% <= 958.00
            99.9% <= 958.00
sub-projectiles-rtt-nodeA
             count = 94
               min = 1
               max = 984
              mean = 385.23
            stddev = 277.17
            median = 483.00
              75% <= 567.00
              95% <= 803.00
              98% <= 820.00
              99% <= 850.00
            99.9% <= 984.00
sub-projectiles-rtt-nodeC
             count = 89
               min = 4
               max = 1000
              mean = 332.99
            stddev = 285.58
            median = 236.00
              75% <= 517.00
              95% <= 881.00
              98% <= 970.00
              99% <= 998.00
            99.9% <= 1000.00
sub-projectiles-rtt-nodeD
             count = 91
               min = 0
               max = 956
              mean = 376.18
            stddev = 272.54
            median = 479.00
              75% <= 533.00
              95% <= 803.00
              98% <= 866.00
              99% <= 956.00
            99.9% <= 956.00
sub-status-rtt-nodeA
             count = 2343
               min = 0
               max = 939
              mean = 56.53
            stddev = 99.27
            median = 33.00
              75% <= 37.00
              95% <= 82.00
              98% <= 401.00
              99% <= 549.00
            99.9% <= 932.00
sub-status-rtt-nodeC
             count = 2297
               min = 5
               max = 950
              mean = 56.45
            stddev = 102.09
            median = 33.00
              75% <= 34.00
              95% <= 77.00
              98% <= 500.00
              99% <= 550.00
            99.9% <= 950.00
sub-status-rtt-nodeD
             count = 2444
               min = 3
               max = 933
              mean = 60.45
            stddev = 115.17
            median = 33.00
              75% <= 34.00
              95% <= 83.00
              98% <= 533.00
              99% <= 766.00
            99.9% <= 933.00

-- Meters ----------------------------------------------------------------------
pub-interest-rate-nodeB-blocks-sync
             count = 294
         mean rate = 1.73 events/second
     1-minute rate = 1.79 events/second
     5-minute rate = 1.09 events/second
    15-minute rate = 0.79 events/second
pub-interest-rate-nodeB-projectiles-sync
             count = 213
         mean rate = 1.26 events/second
     1-minute rate = 1.23 events/second
     5-minute rate = 1.10 events/second
    15-minute rate = 1.04 events/second
pub-interest-rate-nodeB-status-sync
             count = 2698
         mean rate = 15.91 events/second
     1-minute rate = 15.83 events/second
     5-minute rate = 16.82 events/second
    15-minute rate = 17.18 events/second


 WARN [bp-queue-proc-/com/stefanolupo/ndngame/0/nodeB/blocks/sync-1] (BasePublisher.java:98) - /com/stefanolupo/ndngame/0/nodeB/blocks/sync: Saw duplicate sn requests
 WARN [bp-queue-proc-/com/stefanolupo/ndngame/0/nodeB/blocks/sync-1] (BasePublisher.java:99) - [38=7, 39=3, 35=6, 26=82, 37=8, 36=10, 12=2, 33=14, 28=9, 29=75, 34=21, 23=12, 25=6, 27=4, 31=32]
 WARN [bp-queue-proc-/com/stefanolupo/ndngame/0/nodeB/status/sync-1] (BasePublisher.java:98) - /com/stefanolupo/ndngame/0/nodeB/status/sync: Saw duplicate sn requests
 WARN [bp-queue-proc-/com/stefanolupo/ndngame/0/nodeB/status/sync-1] (BasePublisher.java:99) - [1666=2, 960=2, 1856=2, 2304=2, 133=2, 1163=2, 1742=2, 911=2, 2642=2, 912=2, 1616=2, 1303=4, 1172=2, 90=3, 1752=2, 1631=3, 1116=2, 736=2, 1888=2, 2465=2, 358=2, 1771=2, 809=3, 1129=2, 1005=2, 115=2, 243=2, 1587=2, 2544=2, 432=3, 1336=2, 1535=2, 2367=2, 380=2, 2429=2, 2619=4]
DEBUG [log-schedule-0] (LocalPlayerStatusSystem.java:136) - Null: 2, vel: 389, deadReckoning: 2279, deadReckoningSkip: 2246, actionable: 0.5431245
DEBUG [HeadlessApplication] (ProjectileCollisionSystem.java:108) - Bullet hit me, notifying owner and decreasing my health
DEBUG [HeadlessApplication] (ProjectileCollisionSystem.java:108) - Bullet hit me, notifying owner and decreasing my health
DEBUG [log-schedule-0] (LocalPlayerStatusSystem.java:136) - Null: 2, vel: 415, deadReckoning: 2366, deadReckoningSkip: 2424, actionable: 0.5344728
 WARN [bp-queue-proc-/com/stefanolupo/ndngame/0/nodeB/blocks/sync-1] (BasePublisher.java:98) - /com/stefanolupo/ndngame/0/nodeB/blocks/sync: Saw duplicate sn requests
 WARN [bp-queue-proc-/com/stefanolupo/ndngame/0/nodeB/blocks/sync-1] (BasePublisher.java:99) - [42=9, 45=9, 35=6, 26=82, 44=5, 40=2, 41=2, 47=3, 37=8, 12=2, 36=10, 33=14, 38=9, 39=8, 28=9, 29=75, 34=21, 23=12, 25=6, 27=4, 31=32]
 WARN [bp-queue-proc-/com/stefanolupo/ndngame/0/nodeB/status/sync-1] (BasePublisher.java:98) - /com/stefanolupo/ndngame/0/nodeB/status/sync: Saw duplicate sn requests
 WARN [bp-queue-proc-/com/stefanolupo/ndngame/0/nodeB/status/sync-1] (BasePublisher.java:99) - [1666=2, 960=2, 1856=2, 2304=2, 133=2, 1163=2, 1742=2, 911=2, 2642=2, 912=2, 1616=2, 1303=4, 1172=2, 90=3, 1752=2, 1631=3, 1116=2, 2722=3, 736=2, 1888=2, 2465=2, 358=2, 1771=2, 809=3, 1129=2, 1005=2, 115=2, 243=2, 1587=2, 2544=2, 432=3, 1336=2, 1535=2, 2367=2, 380=2, 2429=2, 2619=4]
DEBUG [log-schedule-0] (LocalPlayerStatusSystem.java:136) - Null: 2, vel: 439, deadReckoning: 2517, deadReckoningSkip: 2535, actionable: 0.5385035
3/20/19, 3:19:54 PM ============================================================

-- Gauges ----------------------------------------------------------------------
pub-update-percentage-nodeB-blocks-sync
             value = 0.0030892801977139327
pub-update-percentage-nodeB-status-sync
             value = 0.1921651013346515

-- Counters --------------------------------------------------------------------
sub-blocks-interestscounter-nodeA
             count = 188
sub-blocks-interestscounter-nodeC
             count = 188
sub-blocks-interestscounter-nodeD
             count = 191
sub-projectiles-interestscounter-nodeA
             count = 264
sub-projectiles-interestscounter-nodeC
             count = 265
sub-projectiles-interestscounter-nodeD
             count = 265
sub-status-interestscounter-nodeA
             count = 2787
sub-status-interestscounter-nodeC
             count = 2761
sub-status-interestscounter-nodeD
             count = 2906

-- Histograms ------------------------------------------------------------------
eng-status-delta-nodeA
             count = 2736
               min = 0
               max = 259
              mean = 8.33
            stddev = 21.33
            median = 0.00
              75% <= 11.00
              95% <= 42.00
              98% <= 60.00
              99% <= 111.00
            99.9% <= 223.00
eng-status-delta-nodeC
             count = 2713
               min = 0
               max = 372
              mean = 6.55
            stddev = 19.07
            median = 0.00
              75% <= 11.00
              95% <= 23.00
              98% <= 47.00
              99% <= 111.00
            99.9% <= 269.00
eng-status-delta-nodeD
             count = 2854
               min = 0
               max = 319
              mean = 9.11
            stddev = 21.88
            median = 0.00
              75% <= 11.00
              95% <= 44.00
              98% <= 89.00
              99% <= 122.00
            99.9% <= 209.00
sub-blocks-rtt-nodeA
             count = 13
               min = 47
               max = 776
              mean = 460.01
            stddev = 239.76
            median = 439.00
              75% <= 696.00
              95% <= 776.00
              98% <= 776.00
              99% <= 776.00
            99.9% <= 776.00
sub-blocks-rtt-nodeC
             count = 13
               min = 14
               max = 934
              mean = 451.42
            stddev = 269.38
            median = 396.00
              75% <= 593.00
              95% <= 934.00
              98% <= 934.00
              99% <= 934.00
            99.9% <= 934.00
sub-blocks-rtt-nodeD
             count = 11
               min = 31
               max = 958
              mean = 350.35
            stddev = 266.53
            median = 231.00
              75% <= 542.00
              95% <= 958.00
              98% <= 958.00
              99% <= 958.00
            99.9% <= 958.00
sub-projectiles-rtt-nodeA
             count = 110
               min = 1
               max = 1000
              mean = 441.83
            stddev = 295.83
            median = 517.00
              75% <= 683.00
              95% <= 863.00
              98% <= 1000.00
              99% <= 1000.00
            99.9% <= 1000.00
sub-projectiles-rtt-nodeC
             count = 104
               min = 4
               max = 1000
              mean = 400.06
            stddev = 309.10
            median = 450.00
              75% <= 596.00
              95% <= 883.00
              98% <= 1000.00
              99% <= 1000.00
            99.9% <= 1000.00
sub-projectiles-rtt-nodeD
             count = 107
               min = 0
               max = 997
              mean = 435.13
            stddev = 296.94
            median = 516.00
              75% <= 667.00
              95% <= 883.00
              98% <= 997.00
              99% <= 997.00
            99.9% <= 997.00
sub-status-rtt-nodeA
             count = 2742
               min = 0
               max = 939
              mean = 57.86
            stddev = 99.56
            median = 34.00
              75% <= 47.00
              95% <= 83.00
              98% <= 417.00
              99% <= 534.00
            99.9% <= 932.00
sub-status-rtt-nodeC
             count = 2718
               min = 13
               max = 917
              mean = 59.43
            stddev = 104.13
            median = 33.00
              75% <= 47.00
              95% <= 113.00
              98% <= 484.00
              99% <= 551.00
            99.9% <= 865.00
sub-status-rtt-nodeD
             count = 2865
               min = 1
               max = 933
              mean = 58.21
            stddev = 102.34
            median = 33.00
              75% <= 45.00
              95% <= 84.00
              98% <= 500.00
              99% <= 551.00
            99.9% <= 844.00

-- Meters ----------------------------------------------------------------------
pub-interest-rate-nodeB-blocks-sync
             count = 351
         mean rate = 1.76 events/second
     1-minute rate = 1.87 events/second
     5-minute rate = 1.17 events/second
    15-minute rate = 0.83 events/second
pub-interest-rate-nodeB-projectiles-sync
             count = 249
         mean rate = 1.25 events/second
     1-minute rate = 1.25 events/second
     5-minute rate = 1.12 events/second
    15-minute rate = 1.05 events/second
pub-interest-rate-nodeB-status-sync
             count = 3158
         mean rate = 15.82 events/second
     1-minute rate = 15.40 events/second
     5-minute rate = 16.59 events/second
    15-minute rate = 17.08 events/second


DEBUG [log-schedule-0] (LocalPlayerStatusSystem.java:136) - Null: 2, vel: 463, deadReckoning: 2652, deadReckoningSkip: 2667, actionable: 0.53890043
DEBUG [HeadlessApplication] (ProjectileCollisionSystem.java:108) - Bullet hit me, notifying owner and decreasing my health
DEBUG [HeadlessApplication] (ProjectileCollisionSystem.java:108) - Bullet hit me, notifying owner and decreasing my health
DEBUG [HeadlessApplication] (ProjectileCollisionSystem.java:108) - Bullet hit me, notifying owner and decreasing my health
 WARN [bp-queue-proc-/com/stefanolupo/ndngame/0/nodeB/blocks/sync-1] (BasePublisher.java:98) - /com/stefanolupo/ndngame/0/nodeB/blocks/sync: Saw duplicate sn requests
 WARN [bp-queue-proc-/com/stefanolupo/ndngame/0/nodeB/blocks/sync-1] (BasePublisher.java:99) - [26=82, 12=2, 28=9, 29=75, 23=12, 25=6, 27=4, 35=6, 42=15, 45=11, 47=9, 44=5, 40=2, 41=2, 37=8, 36=10, 33=14, 38=9, 39=8, 50=2, 53=4, 55=5, 49=2, 48=6, 51=5, 34=21, 31=32]
 WARN [bp-queue-proc-/com/stefanolupo/ndngame/0/nodeB/status/sync-1] (BasePublisher.java:98) - /com/stefanolupo/ndngame/0/nodeB/status/sync: Saw duplicate sn requests
 WARN [bp-queue-proc-/com/stefanolupo/ndngame/0/nodeB/status/sync-1] (BasePublisher.java:99) - [1666=2, 960=2, 1856=2, 2304=2, 133=2, 3274=2, 1163=2, 1742=2, 2958=2, 911=2, 2642=2, 3026=2, 912=2, 1616=2, 1303=4, 1172=2, 90=3, 1752=2, 1631=3, 1116=2, 2722=3, 736=2, 1888=2, 2465=2, 358=2, 3044=2, 1771=2, 809=3, 1129=2, 1005=2, 3117=2, 115=2, 243=2, 1587=2, 2544=2, 432=3, 1336=2, 1535=2, 2367=2, 380=2, 2429=2, 2619=4]
DEBUG [log-schedule-0] (LocalPlayerStatusSystem.java:136) - Null: 2, vel: 494, deadReckoning: 2825, deadReckoningSkip: 2749, actionable: 0.547117
DEBUG [HeadlessApplication] (ProjectileCollisionSystem.java:108) - Bullet hit me, notifying owner and decreasing my health
DEBUG [log-schedule-0] (LocalPlayerStatusSystem.java:136) - Null: 2, vel: 515, deadReckoning: 2964, deadReckoningSkip: 2874, actionable: 0.5477577
