DEBUG [main] (ConfigManager.java:33) - Initialized with properties: {local.player.status.updates.per.sec=30, facemanager.num.sub.threads.per.face=10, linear.interest.zone.filter.inner.radius=10, projectile.cache.size=20, local.player.status.use.dead.reckoning=true, block.publisher.freshness.period.ms=20, player.status.publisher.freshness.period.ms=20, base.publisher.queue.process.per.sec=60, projectile.sub.inter.interest.max.wait.time.ms=30, linear.interest.zone.filter.outer.radius=20, local.player.dead.reckoning.max.error=0.5, projectile.publisher.queue.process.multithread=true, statistics.logger.log.rate.sec=30, facemanager.max.num.pub.faces=1, facemanager.num.pub.threads.per.face=10, facemanager.max.num.sub.faces=1, block.sub.inter.interest.max.wait.time.ms=2000, projectile.publisher.queue.process.per.sec=60, base.publisher.queue.process.multithread=true, player.sub.inter.interest.max.wait.time.ms=30, linear.interest.zone.filter.enabled=false, projectile.publisher.freshness.period.ms=20}
WARNING: An illegal reflective access operation has occurred
WARNING: Illegal reflective access by com.google.inject.internal.cglib.core.$ReflectUtils$2 (file:/NdnGame/NdnGameLibGdxDesktop-1.0-SNAPSHOT.jar) to method java.lang.ClassLoader.defineClass(java.lang.String,byte[],int,int,java.security.ProtectionDomain)
WARNING: Please consider reporting this to the maintainers of com.google.inject.internal.cglib.core.$ReflectUtils$2
WARNING: Use --illegal-access=warn to enable warnings of further illegal reflective access operations
WARNING: All illegal access operations will be denied in a future release
DEBUG [main] (BackendModule.java:123) - Writing metrics to /metrics/nodeA
 INFO [main] (DesktopLauncher.java:49) - Launching headless game
 INFO [main] (DesktopLauncher.java:50) - LocalConfig{playerName='nodeA', isMasterView=false, isAutomated=true, automationType='wsp', isHeadless=true, gameId=0, screenWidth=600, screenHeight=600, targetFrameRate=60}
DEBUG [main] (AutomatedInputController.java:52) - Starting with automation type: wsp
DEBUG [main] (BasePublisher.java:67) - Registering /com/stefanolupo/ndngame/0/nodeA/blocks/sync
DEBUG [main] (BasePublisher.java:67) - Registering /com/stefanolupo/ndngame/0/nodeA/status/sync
DEBUG [log-schedule-0] (LocalPlayerStatusSystem.java:150) - Null: 0, vel: 0, deadReckoning: 0, deadReckoningSkip: 0, actionable: NaN
Apr 07, 2019 10:42:22 PM net.named_data.jndn.Node$RegisterResponse onData
INFO: Register prefix succeeded with the NFD forwarder for prefix /com/stefanolupo/ndngame/0/nodeA/blocks/sync
Apr 07, 2019 10:42:22 PM net.named_data.jndn.Node$RegisterResponse onData
INFO: Register prefix succeeded with the NFD forwarder for prefix /com/stefanolupo/ndngame/0/nodeA/status/sync
Apr 07, 2019 10:42:23 PM net.named_data.jndn.Node$RegisterResponse onData
INFO: Register prefix failed: Expected NFD status code 200, got: 403
 WARN [fm-pub-0-5] (FaceManager.java:150) - Failed to register prefix: /com/stefanolupo/ndngame/0/nodeA/blocks/interact, retrying..
Apr 07, 2019 10:42:23 PM net.named_data.jndn.Node$RegisterResponse onData
INFO: Register prefix succeeded with the NFD forwarder for prefix /com/stefanolupo/ndngame/0/nodeA/projectiles/sync
Apr 07, 2019 10:42:23 PM net.named_data.jndn.Node$RegisterResponse onData
INFO: Register prefix succeeded with the NFD forwarder for prefix /com/stefanolupo/ndngame/0/nodeA/projectiles/interact
Apr 07, 2019 10:42:23 PM net.named_data.jndn.Node$RegisterResponse onData
INFO: Register prefix succeeded with the NFD forwarder for prefix /com/stefanolupo/ndngame/0/nodeA/blocks/interact
Apr 07, 2019 10:42:27 PM net.named_data.jndn.Node$RegisterResponse onData
INFO: Register prefix succeeded with the NFD forwarder for prefix /com/stefanolupo/ndngame/0/config/broadcast
Apr 07, 2019 10:42:27 PM net.named_data.jndn.Node$RegisterResponse onData
INFO: Register prefix succeeded with the NFD forwarder for prefix /com/stefanolupo/ndngame/0/config/nodeA
 INFO [cs-/com/stefanolupo/ndngame/0/config/nodeA-0] (ChronoSynced.java:93) - Initialized ChronoSyncedMap for /com/stefanolupo/ndngame/0/config/nodeA
Apr 07, 2019 10:42:27 PM net.named_data.jndn.Node$RegisterResponse onData
INFO: Register prefix succeeded with the NFD forwarder for prefix /com/stefanolupo/ndngame/0/discovery/broadcast
Apr 07, 2019 10:42:27 PM net.named_data.jndn.Node$RegisterResponse onData
INFO: Register prefix succeeded with the NFD forwarder for prefix /com/stefanolupo/ndngame/0/discovery/nodeA
 INFO [cs-/com/stefanolupo/ndngame/0/discovery/nodeA-0] (ChronoSynced.java:93) - Initialized ChronoSyncedMap for /com/stefanolupo/ndngame/0/discovery/nodeA
DEBUG [log-schedule-0] (LocalPlayerStatusSystem.java:150) - Null: 0, vel: 0, deadReckoning: 0, deadReckoningSkip: 0, actionable: NaN
DEBUG [bp-queue-proc-/com/stefanolupo/ndngame/0/nodeA/blocks/sync-1] (BasePublisher.java:96) - /com/stefanolupo/ndngame/0/nodeA/blocks/sync: No duplicate SN requests seen
DEBUG [bp-queue-proc-/com/stefanolupo/ndngame/0/nodeA/status/sync-1] (BasePublisher.java:96) - /com/stefanolupo/ndngame/0/nodeA/status/sync: No duplicate SN requests seen
DEBUG [log-schedule-0] (LocalPlayerStatusSystem.java:150) - Null: 0, vel: 0, deadReckoning: 0, deadReckoningSkip: 0, actionable: NaN
4/7/19, 10:42:52 PM ============================================================

-- Gauges ----------------------------------------------------------------------
pub-update-percentage-nodeA-blocks-sync
             value = 0.0
pub-update-percentage-nodeA-status-sync
             value = 0.0

-- Counters --------------------------------------------------------------------
dr-counter-null
             count = 0
dr-counter-skip
             count = 0
dr-counter-threshold
             count = 0
dr-counter-velocity
             count = 0


DEBUG [log-schedule-0] (LocalPlayerStatusSystem.java:150) - Null: 0, vel: 0, deadReckoning: 0, deadReckoningSkip: 0, actionable: NaN
DEBUG [bp-queue-proc-/com/stefanolupo/ndngame/0/nodeA/blocks/sync-1] (BasePublisher.java:96) - /com/stefanolupo/ndngame/0/nodeA/blocks/sync: No duplicate SN requests seen
DEBUG [bp-queue-proc-/com/stefanolupo/ndngame/0/nodeA/status/sync-1] (BasePublisher.java:96) - /com/stefanolupo/ndngame/0/nodeA/status/sync: No duplicate SN requests seen
DEBUG [log-schedule-0] (LocalPlayerStatusSystem.java:150) - Null: 0, vel: 0, deadReckoning: 0, deadReckoningSkip: 0, actionable: NaN
DEBUG [log-schedule-0] (LocalPlayerStatusSystem.java:150) - Null: 0, vel: 0, deadReckoning: 0, deadReckoningSkip: 0, actionable: NaN
4/7/19, 10:43:22 PM ============================================================

-- Gauges ----------------------------------------------------------------------
pub-update-percentage-nodeA-blocks-sync
             value = 0.0011145165784341043
pub-update-percentage-nodeA-status-sync
             value = 0.0

-- Counters --------------------------------------------------------------------
dr-counter-null
             count = 0
dr-counter-skip
             count = 0
dr-counter-threshold
             count = 0
dr-counter-velocity
             count = 0


DEBUG [bp-queue-proc-/com/stefanolupo/ndngame/0/nodeA/blocks/sync-1] (BasePublisher.java:96) - /com/stefanolupo/ndngame/0/nodeA/blocks/sync: No duplicate SN requests seen
DEBUG [bp-queue-proc-/com/stefanolupo/ndngame/0/nodeA/status/sync-1] (BasePublisher.java:96) - /com/stefanolupo/ndngame/0/nodeA/status/sync: No duplicate SN requests seen
DEBUG [log-schedule-0] (LocalPlayerStatusSystem.java:150) - Null: 0, vel: 0, deadReckoning: 0, deadReckoningSkip: 0, actionable: NaN
 INFO [cs-/com/stefanolupo/ndngame/0/discovery/nodeA-0] (PlayerStatusSubscriber.java:59) - Adding subscription for nodeB
 INFO [cs-/com/stefanolupo/ndngame/0/discovery/nodeA-0] (PlayerStatusSubscriber.java:59) - Adding subscription for nodeC
 INFO [cs-/com/stefanolupo/ndngame/0/discovery/nodeA-0] (PlayerStatusSubscriber.java:59) - Adding subscription for nodeD
 INFO [cs-/com/stefanolupo/ndngame/0/discovery/nodeA-0] (BlockSubscriber.java:54) - Adding subscription for /com/stefanolupo/ndngame/0/nodeB/blocks/sync/0/0/0
 INFO [cs-/com/stefanolupo/ndngame/0/discovery/nodeA-0] (BlockSubscriber.java:54) - Adding subscription for /com/stefanolupo/ndngame/0/nodeC/blocks/sync/0/0/0
 INFO [cs-/com/stefanolupo/ndngame/0/discovery/nodeA-0] (BlockSubscriber.java:54) - Adding subscription for /com/stefanolupo/ndngame/0/nodeD/blocks/sync/0/0/0
 INFO [cs-/com/stefanolupo/ndngame/0/discovery/nodeA-0] (ProjectileSubscriber.java:53) - Adding subscription for /com/stefanolupo/ndngame/0/nodeB/projectiles/sync/0/0/0
 INFO [cs-/com/stefanolupo/ndngame/0/discovery/nodeA-0] (ProjectileSubscriber.java:53) - Adding subscription for /com/stefanolupo/ndngame/0/nodeC/projectiles/sync/0/0/0
 INFO [cs-/com/stefanolupo/ndngame/0/discovery/nodeA-0] (ProjectileSubscriber.java:53) - Adding subscription for /com/stefanolupo/ndngame/0/nodeD/projectiles/sync/0/0/0
DEBUG [log-schedule-0] (LocalPlayerStatusSystem.java:150) - Null: 0, vel: 0, deadReckoning: 0, deadReckoningSkip: 0, actionable: NaN
 INFO [fm-pub-0-0] (ProjectilePublisher.java:133) - Creating interest meter
ERROR [HeadlessApplication] (ProjectileCollisionSystem.java:62) - Type component was null for collision with PROJECTILE
ERROR [HeadlessApplication] (ProjectileCollisionSystem.java:62) - Type component was null for collision with PROJECTILE
DEBUG [HeadlessApplication] (ProjectileCollisionSystem.java:108) - Bullet hit me, notifying owner and decreasing my health
 WARN [bp-queue-proc-/com/stefanolupo/ndngame/0/nodeA/blocks/sync-1] (BasePublisher.java:98) - /com/stefanolupo/ndngame/0/nodeA/blocks/sync: Saw duplicate sn requests
 WARN [bp-queue-proc-/com/stefanolupo/ndngame/0/nodeA/blocks/sync-1] (BasePublisher.java:99) - [18=3, 0=2, 16=3, 15=2, 12=2]
 WARN [bp-queue-proc-/com/stefanolupo/ndngame/0/nodeA/status/sync-1] (BasePublisher.java:98) - /com/stefanolupo/ndngame/0/nodeA/status/sync: Saw duplicate sn requests
 WARN [bp-queue-proc-/com/stefanolupo/ndngame/0/nodeA/status/sync-1] (BasePublisher.java:99) - [0=3, 20=2, 94=2]
DEBUG [log-schedule-0] (LocalPlayerStatusSystem.java:150) - Null: 3, vel: 23, deadReckoning: 98, deadReckoningSkip: 155, actionable: 0.44444445
4/7/19, 10:43:52 PM ============================================================

-- Gauges ----------------------------------------------------------------------
pub-update-percentage-nodeA-blocks-sync
             value = 0.0038968268695490815
pub-update-percentage-nodeA-status-sync
             value = 0.05178173719376392

-- Counters --------------------------------------------------------------------
dr-counter-null
             count = 3
dr-counter-skip
             count = 280
dr-counter-threshold
             count = 226
dr-counter-velocity
             count = 51
sub-blocks-interestscounter-nodeB
             count = 18
sub-blocks-interestscounter-nodeC
             count = 17
sub-blocks-interestscounter-nodeD
             count = 16
sub-projectiles-interestscounter-nodeB
             count = 25
sub-projectiles-interestscounter-nodeC
             count = 28
sub-projectiles-interestscounter-nodeD
             count = 26
sub-status-interestscounter-nodeB
             count = 287
sub-status-interestscounter-nodeC
             count = 286
sub-status-interestscounter-nodeD
             count = 272

-- Histograms ------------------------------------------------------------------
eng-status-delta-nodeB
             count = 280
               min = 0
               max = 253
              mean = 9.70
            stddev = 23.25
            median = 0.00
              75% <= 11.00
              95% <= 44.00
              98% <= 70.00
              99% <= 122.00
            99.9% <= 253.00
eng-status-delta-nodeC
             count = 281
               min = 0
               max = 269
              mean = 11.69
            stddev = 27.95
            median = 0.00
              75% <= 11.00
              95% <= 50.00
              98% <= 104.00
              99% <= 126.00
            99.9% <= 269.00
eng-status-delta-nodeD
             count = 265
               min = 0
               max = 243
              mean = 8.04
            stddev = 21.07
            median = 0.00
              75% <= 11.00
              95% <= 33.00
              98% <= 69.00
              99% <= 114.00
            99.9% <= 243.00
sub-blocks-rtt-nodeB
             count = 2
               min = 660
               max = 974
              mean = 831.09
            stddev = 156.37
            median = 974.00
              75% <= 974.00
              95% <= 974.00
              98% <= 974.00
              99% <= 974.00
            99.9% <= 974.00
sub-blocks-rtt-nodeC
             count = 3
               min = 466
               max = 970
              mean = 640.50
            stddev = 219.12
            median = 536.00
              75% <= 970.00
              95% <= 970.00
              98% <= 970.00
              99% <= 970.00
            99.9% <= 970.00
sub-blocks-rtt-nodeD
             count = 4
               min = 408
               max = 992
              mean = 723.48
            stddev = 240.87
            median = 611.00
              75% <= 992.00
              95% <= 992.00
              98% <= 992.00
              99% <= 992.00
            99.9% <= 992.00
sub-projectiles-rtt-nodeB
             count = 12
               min = 30
               max = 983
              mean = 609.75
            stddev = 259.79
            median = 615.00
              75% <= 799.00
              95% <= 983.00
              98% <= 983.00
              99% <= 983.00
            99.9% <= 983.00
sub-projectiles-rtt-nodeC
             count = 12
               min = 7
               max = 950
              mean = 375.00
            stddev = 329.86
            median = 516.00
              75% <= 533.00
              95% <= 950.00
              98% <= 950.00
              99% <= 950.00
            99.9% <= 950.00
sub-projectiles-rtt-nodeD
             count = 12
               min = 15
               max = 1000
              mean = 514.15
            stddev = 313.15
            median = 516.00
              75% <= 666.00
              95% <= 1000.00
              98% <= 1000.00
              99% <= 1000.00
            99.9% <= 1000.00
sub-status-rtt-nodeB
             count = 283
               min = 0
               max = 966
              mean = 59.08
            stddev = 110.56
            median = 33.00
              75% <= 42.00
              95% <= 83.00
              98% <= 549.00
              99% <= 583.00
            99.9% <= 966.00
sub-status-rtt-nodeC
             count = 283
               min = 13
               max = 983
              mean = 62.62
            stddev = 118.81
            median = 33.00
              75% <= 42.00
              95% <= 116.00
              98% <= 533.00
              99% <= 733.00
            99.9% <= 983.00
sub-status-rtt-nodeD
             count = 268
               min = 15
               max = 949
              mean = 58.72
            stddev = 103.95
            median = 33.00
              75% <= 47.00
              95% <= 83.00
              98% <= 541.00
              99% <= 550.00
            99.9% <= 949.00

-- Meters ----------------------------------------------------------------------
pub-interest-rate-nodeA-blocks-sync
             count = 30
         mean rate = 1.55 events/second
     1-minute rate = 1.42 events/second
     5-minute rate = 1.40 events/second
    15-minute rate = 1.40 events/second
pub-interest-rate-nodeA-projectiles-sync
             count = 25
         mean rate = 1.29 events/second
     1-minute rate = 1.38 events/second
     5-minute rate = 1.40 events/second
    15-minute rate = 1.40 events/second
pub-interest-rate-nodeA-status-sync
             count = 288
         mean rate = 14.90 events/second
     1-minute rate = 18.55 events/second
     5-minute rate = 19.37 events/second
    15-minute rate = 19.52 events/second


DEBUG [log-schedule-0] (LocalPlayerStatusSystem.java:150) - Null: 3, vel: 52, deadReckoning: 231, deadReckoningSkip: 280, actionable: 0.50530034
 WARN [bp-queue-proc-/com/stefanolupo/ndngame/0/nodeA/blocks/sync-1] (BasePublisher.java:98) - /com/stefanolupo/ndngame/0/nodeA/blocks/sync: Saw duplicate sn requests
 WARN [bp-queue-proc-/com/stefanolupo/ndngame/0/nodeA/blocks/sync-1] (BasePublisher.java:99) - [22=7, 0=2, 18=16, 16=4, 20=13, 24=4, 15=2, 12=2]
 WARN [bp-queue-proc-/com/stefanolupo/ndngame/0/nodeA/status/sync-1] (BasePublisher.java:98) - /com/stefanolupo/ndngame/0/nodeA/status/sync: Saw duplicate sn requests
 WARN [bp-queue-proc-/com/stefanolupo/ndngame/0/nodeA/status/sync-1] (BasePublisher.java:99) - [242=2, 323=2, 371=2, 0=3, 129=2, 20=2, 250=2, 377=2, 425=2, 94=2]
DEBUG [log-schedule-0] (LocalPlayerStatusSystem.java:150) - Null: 3, vel: 70, deadReckoning: 352, deadReckoningSkip: 429, actionable: 0.49765807
DEBUG [log-schedule-0] (LocalPlayerStatusSystem.java:150) - Null: 3, vel: 95, deadReckoning: 521, deadReckoningSkip: 519, actionable: 0.5439367
4/7/19, 10:44:22 PM ============================================================

-- Gauges ----------------------------------------------------------------------
pub-update-percentage-nodeA-blocks-sync
             value = 0.0034775351231047433
pub-update-percentage-nodeA-status-sync
             value = 0.10712298274902615

-- Counters --------------------------------------------------------------------
dr-counter-null
             count = 3
dr-counter-skip
             count = 652
dr-counter-threshold
             count = 651
dr-counter-velocity
             count = 118
sub-blocks-interestscounter-nodeB
             count = 47
sub-blocks-interestscounter-nodeC
             count = 44
sub-blocks-interestscounter-nodeD
             count = 44
sub-projectiles-interestscounter-nodeB
             count = 66
sub-projectiles-interestscounter-nodeC
             count = 67
sub-projectiles-interestscounter-nodeD
             count = 65
sub-status-interestscounter-nodeB
             count = 740
sub-status-interestscounter-nodeC
             count = 779
sub-status-interestscounter-nodeD
             count = 744

-- Histograms ------------------------------------------------------------------
eng-status-delta-nodeB
             count = 726
               min = 0
               max = 281
              mean = 7.27
            stddev = 22.37
            median = 0.00
              75% <= 11.00
              95% <= 33.00
              98% <= 47.00
              99% <= 122.00
            99.9% <= 281.00
eng-status-delta-nodeC
             count = 770
               min = 0
               max = 279
              mean = 9.01
            stddev = 24.37
            median = 0.00
              75% <= 11.00
              95% <= 44.00
              98% <= 72.00
              99% <= 122.00
            99.9% <= 279.00
eng-status-delta-nodeD
             count = 730
               min = 0
               max = 288
              mean = 6.14
            stddev = 18.49
            median = 0.00
              75% <= 11.00
              95% <= 22.00
              98% <= 44.00
              99% <= 95.00
            99.9% <= 288.00
sub-blocks-rtt-nodeB
             count = 3
               min = 355
               max = 974
              mean = 649.91
            stddev = 261.87
            median = 660.00
              75% <= 974.00
              95% <= 974.00
              98% <= 974.00
              99% <= 974.00
            99.9% <= 974.00
sub-blocks-rtt-nodeC
             count = 6
               min = 147
               max = 970
              mean = 650.43
            stddev = 294.44
            median = 779.00
              75% <= 942.00
              95% <= 970.00
              98% <= 970.00
              99% <= 970.00
            99.9% <= 970.00
sub-blocks-rtt-nodeD
             count = 6
               min = 190
               max = 992
              mean = 679.74
            stddev = 306.84
            median = 913.00
              75% <= 935.00
              95% <= 992.00
              98% <= 992.00
              99% <= 992.00
            99.9% <= 992.00
sub-projectiles-rtt-nodeB
             count = 27
               min = 4
               max = 983
              mean = 398.74
            stddev = 304.04
            median = 483.00
              75% <= 615.00
              95% <= 966.00
              98% <= 983.00
              99% <= 983.00
            99.9% <= 983.00
sub-projectiles-rtt-nodeC
             count = 26
               min = 7
               max = 983
              mean = 356.25
            stddev = 300.74
            median = 283.00
              75% <= 533.00
              95% <= 983.00
              98% <= 983.00
              99% <= 983.00
            99.9% <= 983.00
sub-projectiles-rtt-nodeD
             count = 27
               min = 15
               max = 1000
              mean = 420.99
            stddev = 307.01
            median = 516.00
              75% <= 616.00
              95% <= 999.00
              98% <= 1000.00
              99% <= 1000.00
            99.9% <= 1000.00
sub-status-rtt-nodeB
             count = 730
               min = 0
               max = 966
              mean = 54.42
            stddev = 98.08
            median = 33.00
              75% <= 34.00
              95% <= 80.00
              98% <= 493.00
              99% <= 583.00
            99.9% <= 816.00
sub-status-rtt-nodeC
             count = 773
               min = 5
               max = 983
              mean = 56.77
            stddev = 102.79
            median = 33.00
              75% <= 36.00
              95% <= 83.00
              98% <= 517.00
              99% <= 611.00
            99.9% <= 817.00
sub-status-rtt-nodeD
             count = 734
               min = 0
               max = 949
              mean = 54.36
            stddev = 97.30
            median = 33.00
              75% <= 34.00
              95% <= 67.00
              98% <= 417.00
              99% <= 550.00
            99.9% <= 817.00

-- Meters ----------------------------------------------------------------------
pub-interest-rate-nodeA-blocks-sync
             count = 87
         mean rate = 1.76 events/second
     1-minute rate = 1.61 events/second
     5-minute rate = 1.45 events/second
    15-minute rate = 1.42 events/second
pub-interest-rate-nodeA-projectiles-sync
             count = 65
         mean rate = 1.32 events/second
     1-minute rate = 1.36 events/second
     5-minute rate = 1.39 events/second
    15-minute rate = 1.40 events/second
pub-interest-rate-nodeA-status-sync
             count = 786
         mean rate = 15.93 events/second
     1-minute rate = 17.71 events/second
     5-minute rate = 19.08 events/second
    15-minute rate = 19.42 events/second


 WARN [bp-queue-proc-/com/stefanolupo/ndngame/0/nodeA/blocks/sync-1] (BasePublisher.java:98) - /com/stefanolupo/ndngame/0/nodeA/blocks/sync: Saw duplicate sn requests
 WARN [bp-queue-proc-/com/stefanolupo/ndngame/0/nodeA/blocks/sync-1] (BasePublisher.java:99) - [22=7, 0=2, 16=4, 24=16, 15=2, 18=28, 20=26, 12=2]
 WARN [bp-queue-proc-/com/stefanolupo/ndngame/0/nodeA/status/sync-1] (BasePublisher.java:98) - /com/stefanolupo/ndngame/0/nodeA/status/sync: Saw duplicate sn requests
 WARN [bp-queue-proc-/com/stefanolupo/ndngame/0/nodeA/status/sync-1] (BasePublisher.java:99) - [242=2, 323=2, 371=2, 0=3, 129=2, 727=3, 20=2, 250=2, 377=2, 425=2, 94=2, 444=2]
DEBUG [log-schedule-0] (LocalPlayerStatusSystem.java:150) - Null: 3, vel: 118, deadReckoning: 656, deadReckoningSkip: 652, actionable: 0.5437369
DEBUG [log-schedule-0] (LocalPlayerStatusSystem.java:150) - Null: 3, vel: 140, deadReckoning: 818, deadReckoningSkip: 751, actionable: 0.56133175
 WARN [bp-queue-proc-/com/stefanolupo/ndngame/0/nodeA/blocks/sync-1] (BasePublisher.java:98) - /com/stefanolupo/ndngame/0/nodeA/blocks/sync: Saw duplicate sn requests
 WARN [bp-queue-proc-/com/stefanolupo/ndngame/0/nodeA/blocks/sync-1] (BasePublisher.java:99) - [22=7, 0=2, 18=32, 20=38, 16=4, 27=15, 28=9, 24=16, 15=2, 12=2]
 WARN [bp-queue-proc-/com/stefanolupo/ndngame/0/nodeA/status/sync-1] (BasePublisher.java:98) - /com/stefanolupo/ndngame/0/nodeA/status/sync: Saw duplicate sn requests
 WARN [bp-queue-proc-/com/stefanolupo/ndngame/0/nodeA/status/sync-1] (BasePublisher.java:99) - [323=2, 992=2, 0=3, 129=2, 806=2, 425=2, 242=2, 371=2, 727=3, 20=2, 250=2, 377=2, 94=2, 799=2, 444=2, 1149=2]
DEBUG [log-schedule-0] (LocalPlayerStatusSystem.java:150) - Null: 3, vel: 164, deadReckoning: 982, deadReckoningSkip: 847, actionable: 0.5756513
4/7/19, 10:44:52 PM ============================================================

-- Gauges ----------------------------------------------------------------------
pub-update-percentage-nodeA-blocks-sync
             value = 0.003003671153632217
pub-update-percentage-nodeA-status-sync
             value = 0.1409657320872274

-- Counters --------------------------------------------------------------------
dr-counter-null
             count = 3
dr-counter-skip
             count = 1004
dr-counter-threshold
             count = 1088
dr-counter-velocity
             count = 181
sub-blocks-interestscounter-nodeB
             count = 77
sub-blocks-interestscounter-nodeC
             count = 74
sub-blocks-interestscounter-nodeD
             count = 74
sub-projectiles-interestscounter-nodeB
             count = 105
sub-projectiles-interestscounter-nodeC
             count = 104
sub-projectiles-interestscounter-nodeD
             count = 105
sub-status-interestscounter-nodeB
             count = 1203
sub-status-interestscounter-nodeC
             count = 1253
sub-status-interestscounter-nodeD
             count = 1237

-- Histograms ------------------------------------------------------------------
eng-status-delta-nodeB
             count = 1181
               min = 0
               max = 336
              mean = 6.17
            stddev = 20.12
            median = 0.00
              75% <= 11.00
              95% <= 31.00
              98% <= 47.00
              99% <= 56.00
            99.9% <= 336.00
eng-status-delta-nodeC
             count = 1239
               min = 0
               max = 279
              mean = 7.44
            stddev = 20.94
            median = 0.00
              75% <= 11.00
              95% <= 33.00
              98% <= 71.00
              99% <= 111.00
            99.9% <= 269.00
eng-status-delta-nodeD
             count = 1217
               min = 0
               max = 288
              mean = 4.82
            stddev = 13.59
            median = 0.00
              75% <= 11.00
              95% <= 22.00
              98% <= 31.00
              99% <= 47.00
            99.9% <= 243.00
sub-blocks-rtt-nodeB
             count = 3
               min = 355
               max = 974
              mean = 649.91
            stddev = 261.87
            median = 660.00
              75% <= 974.00
              95% <= 974.00
              98% <= 974.00
              99% <= 974.00
            99.9% <= 974.00
sub-blocks-rtt-nodeC
             count = 6
               min = 147
               max = 970
              mean = 650.43
            stddev = 294.44
            median = 779.00
              75% <= 942.00
              95% <= 970.00
              98% <= 970.00
              99% <= 970.00
            99.9% <= 970.00
sub-blocks-rtt-nodeD
             count = 6
               min = 190
               max = 992
              mean = 679.74
            stddev = 306.84
            median = 913.00
              75% <= 935.00
              95% <= 992.00
              98% <= 992.00
              99% <= 992.00
            99.9% <= 992.00
sub-projectiles-rtt-nodeB
             count = 43
               min = 4
               max = 983
              mean = 423.34
            stddev = 278.24
            median = 516.00
              75% <= 615.00
              95% <= 832.00
              98% <= 966.00
              99% <= 983.00
            99.9% <= 983.00
sub-projectiles-rtt-nodeC
             count = 41
               min = 7
               max = 983
              mean = 445.49
            stddev = 304.82
            median = 517.00
              75% <= 616.00
              95% <= 983.00
              98% <= 983.00
              99% <= 983.00
            99.9% <= 983.00
sub-projectiles-rtt-nodeD
             count = 43
               min = 6
               max = 1000
              mean = 429.50
            stddev = 277.09
            median = 517.00
              75% <= 601.00
              95% <= 799.00
              98% <= 999.00
              99% <= 1000.00
            99.9% <= 1000.00
sub-status-rtt-nodeB
             count = 1186
               min = 0
               max = 939
              mean = 51.90
            stddev = 87.90
            median = 33.00
              75% <= 34.00
              95% <= 67.00
              98% <= 416.00
              99% <= 533.00
            99.9% <= 939.00
sub-status-rtt-nodeC
             count = 1242
               min = 5
               max = 983
              mean = 55.99
            stddev = 101.43
            median = 33.00
              75% <= 35.00
              95% <= 83.00
              98% <= 416.00
              99% <= 549.00
            99.9% <= 968.00
sub-status-rtt-nodeD
             count = 1222
               min = 0
               max = 967
              mean = 52.61
            stddev = 94.60
            median = 33.00
              75% <= 34.00
              95% <= 67.00
              98% <= 417.00
              99% <= 541.00
            99.9% <= 967.00

-- Meters ----------------------------------------------------------------------
pub-interest-rate-nodeA-blocks-sync
             count = 147
         mean rate = 1.85 events/second
     1-minute rate = 1.72 events/second
     5-minute rate = 1.49 events/second
    15-minute rate = 1.43 events/second
pub-interest-rate-nodeA-projectiles-sync
             count = 97
         mean rate = 1.22 events/second
     1-minute rate = 1.21 events/second
     5-minute rate = 1.35 events/second
    15-minute rate = 1.38 events/second
pub-interest-rate-nodeA-status-sync
             count = 1288
         mean rate = 16.24 events/second
     1-minute rate = 17.78 events/second
     5-minute rate = 18.97 events/second
    15-minute rate = 19.37 events/second


DEBUG [log-schedule-0] (LocalPlayerStatusSystem.java:150) - Null: 3, vel: 182, deadReckoning: 1090, deadReckoningSkip: 1007, actionable: 0.5587204
 WARN [bp-queue-proc-/com/stefanolupo/ndngame/0/nodeA/blocks/sync-1] (BasePublisher.java:98) - /com/stefanolupo/ndngame/0/nodeA/blocks/sync: Saw duplicate sn requests
 WARN [bp-queue-proc-/com/stefanolupo/ndngame/0/nodeA/blocks/sync-1] (BasePublisher.java:99) - [20=53, 22=7, 27=26, 0=2, 18=32, 16=4, 24=16, 28=22, 30=2, 15=2, 12=2]
 WARN [bp-queue-proc-/com/stefanolupo/ndngame/0/nodeA/status/sync-1] (BasePublisher.java:98) - /com/stefanolupo/ndngame/0/nodeA/status/sync: Saw duplicate sn requests
 WARN [bp-queue-proc-/com/stefanolupo/ndngame/0/nodeA/status/sync-1] (BasePublisher.java:99) - [323=2, 992=2, 0=3, 129=2, 806=2, 425=2, 242=2, 371=2, 727=3, 20=2, 250=2, 377=2, 94=2, 1272=4, 799=2, 444=2, 1149=2]
DEBUG [log-schedule-0] (LocalPlayerStatusSystem.java:150) - Null: 3, vel: 208, deadReckoning: 1246, deadReckoningSkip: 1107, actionable: 0.56825274
DEBUG [log-schedule-0] (LocalPlayerStatusSystem.java:150) - Null: 3, vel: 231, deadReckoning: 1351, deadReckoningSkip: 1266, actionable: 0.5559453
DEBUG [HeadlessApplication] (ProjectileCollisionSystem.java:108) - Bullet hit me, notifying owner and decreasing my health
ERROR [HeadlessApplication] (ProjectileCollisionSystem.java:62) - Type component was null for collision with PROJECTILE
4/7/19, 10:45:22 PM ============================================================

-- Gauges ----------------------------------------------------------------------
pub-update-percentage-nodeA-blocks-sync
             value = 0.003244044860506071
pub-update-percentage-nodeA-status-sync
             value = 0.15906562847608455

-- Counters --------------------------------------------------------------------
dr-counter-null
             count = 3
dr-counter-skip
             count = 1415
dr-counter-threshold
             count = 1468
dr-counter-velocity
             count = 251
sub-blocks-interestscounter-nodeB
             count = 106
sub-blocks-interestscounter-nodeC
             count = 103
sub-blocks-interestscounter-nodeD
             count = 103
sub-projectiles-interestscounter-nodeB
             count = 142
sub-projectiles-interestscounter-nodeC
             count = 144
sub-projectiles-interestscounter-nodeD
             count = 146
sub-status-interestscounter-nodeB
             count = 1598
sub-status-interestscounter-nodeC
             count = 1691
sub-status-interestscounter-nodeD
             count = 1689

-- Histograms ------------------------------------------------------------------
eng-status-delta-nodeB
             count = 1567
               min = 0
               max = 371
              mean = 6.97
            stddev = 26.58
            median = 0.00
              75% <= 11.00
              95% <= 31.00
              98% <= 47.00
              99% <= 70.00
            99.9% <= 371.00
eng-status-delta-nodeC
             count = 1670
               min = 0
               max = 269
              mean = 5.86
            stddev = 14.86
            median = 0.00
              75% <= 11.00
              95% <= 25.00
              98% <= 47.00
              99% <= 72.00
            99.9% <= 122.00
eng-status-delta-nodeD
             count = 1665
               min = 0
               max = 288
              mean = 5.07
            stddev = 14.25
            median = 0.00
              75% <= 11.00
              95% <= 22.00
              98% <= 40.00
              99% <= 75.00
            99.9% <= 126.00
sub-blocks-rtt-nodeB
             count = 4
               min = 355
               max = 974
              mean = 608.98
            stddev = 183.18
            median = 573.00
              75% <= 660.00
              95% <= 974.00
              98% <= 974.00
              99% <= 974.00
            99.9% <= 974.00
sub-blocks-rtt-nodeC
             count = 7
               min = 147
               max = 970
              mean = 717.31
            stddev = 257.49
            median = 849.00
              75% <= 849.00
              95% <= 970.00
              98% <= 970.00
              99% <= 970.00
            99.9% <= 970.00
sub-blocks-rtt-nodeD
             count = 7
               min = 190
               max = 992
              mean = 621.15
            stddev = 261.56
            median = 509.00
              75% <= 935.00
              95% <= 992.00
              98% <= 992.00
              99% <= 992.00
            99.9% <= 992.00
sub-projectiles-rtt-nodeB
             count = 59
               min = 2
               max = 1000
              mean = 460.83
            stddev = 298.97
            median = 516.00
              75% <= 616.00
              95% <= 883.00
              98% <= 1000.00
              99% <= 1000.00
            99.9% <= 1000.00
sub-projectiles-rtt-nodeC
             count = 57
               min = 7
               max = 1000
              mean = 414.39
            stddev = 303.52
            median = 516.00
              75% <= 583.00
              95% <= 983.00
              98% <= 1000.00
              99% <= 1000.00
            99.9% <= 1000.00
sub-projectiles-rtt-nodeD
             count = 59
               min = 6
               max = 1000
              mean = 378.25
            stddev = 287.39
            median = 499.00
              75% <= 533.00
              95% <= 852.00
              98% <= 967.00
              99% <= 999.00
            99.9% <= 1000.00
sub-status-rtt-nodeB
             count = 1571
               min = 0
               max = 816
              mean = 49.72
            stddev = 79.40
            median = 33.00
              75% <= 34.00
              95% <= 67.00
              98% <= 407.00
              99% <= 533.00
            99.9% <= 808.00
sub-status-rtt-nodeC
             count = 1673
               min = 5
               max = 917
              mean = 54.69
            stddev = 94.75
            median = 33.00
              75% <= 36.00
              95% <= 83.00
              98% <= 517.00
              99% <= 533.00
            99.9% <= 817.00
sub-status-rtt-nodeD
             count = 1670
               min = 5
               max = 994
              mean = 56.42
            stddev = 110.04
            median = 33.00
              75% <= 34.00
              95% <= 72.00
              98% <= 516.00
              99% <= 719.00
            99.9% <= 994.00

-- Meters ----------------------------------------------------------------------
pub-interest-rate-nodeA-blocks-sync
             count = 206
         mean rate = 1.88 events/second
     1-minute rate = 1.85 events/second
     5-minute rate = 1.55 events/second
    15-minute rate = 1.45 events/second
pub-interest-rate-nodeA-projectiles-sync
             count = 134
         mean rate = 1.23 events/second
     1-minute rate = 1.22 events/second
     5-minute rate = 1.34 events/second
    15-minute rate = 1.38 events/second
pub-interest-rate-nodeA-status-sync
             count = 1744
         mean rate = 15.95 events/second
     1-minute rate = 16.64 events/second
     5-minute rate = 18.57 events/second
    15-minute rate = 19.22 events/second


 WARN [bp-queue-proc-/com/stefanolupo/ndngame/0/nodeA/blocks/sync-1] (BasePublisher.java:98) - /com/stefanolupo/ndngame/0/nodeA/blocks/sync: Saw duplicate sn requests
 WARN [bp-queue-proc-/com/stefanolupo/ndngame/0/nodeA/blocks/sync-1] (BasePublisher.java:99) - [34=2, 27=26, 0=2, 32=7, 28=27, 24=16, 15=2, 12=2, 22=7, 30=15, 18=32, 16=4, 20=64]
 WARN [bp-queue-proc-/com/stefanolupo/ndngame/0/nodeA/status/sync-1] (BasePublisher.java:98) - /com/stefanolupo/ndngame/0/nodeA/status/sync: Saw duplicate sn requests
 WARN [bp-queue-proc-/com/stefanolupo/ndngame/0/nodeA/status/sync-1] (BasePublisher.java:99) - [323=2, 992=2, 0=3, 129=2, 806=2, 1541=3, 425=2, 1705=2, 242=2, 371=2, 1491=2, 1585=2, 727=3, 20=2, 1621=2, 250=2, 377=2, 94=2, 1272=4, 799=2, 444=2, 1149=2]
DEBUG [log-schedule-0] (LocalPlayerStatusSystem.java:150) - Null: 3, vel: 251, deadReckoning: 1468, deadReckoningSkip: 1421, actionable: 0.54788417
DEBUG [HeadlessApplication] (ProjectileCollisionSystem.java:108) - Bullet hit me, notifying owner and decreasing my health
DEBUG [log-schedule-0] (LocalPlayerStatusSystem.java:150) - Null: 3, vel: 272, deadReckoning: 1599, deadReckoningSkip: 1583, actionable: 0.5420885
DEBUG [HeadlessApplication] (ProjectileCollisionSystem.java:108) - Bullet hit me, notifying owner and decreasing my health
 WARN [bp-queue-proc-/com/stefanolupo/ndngame/0/nodeA/blocks/sync-1] (BasePublisher.java:98) - /com/stefanolupo/ndngame/0/nodeA/blocks/sync: Saw duplicate sn requests
 WARN [bp-queue-proc-/com/stefanolupo/ndngame/0/nodeA/blocks/sync-1] (BasePublisher.java:99) - [34=2, 27=26, 0=2, 28=27, 37=13, 24=16, 36=15, 15=2, 12=2, 22=7, 30=15, 18=32, 32=20, 16=4, 20=64]
 WARN [bp-queue-proc-/com/stefanolupo/ndngame/0/nodeA/status/sync-1] (BasePublisher.java:98) - /com/stefanolupo/ndngame/0/nodeA/status/sync: Saw duplicate sn requests
 WARN [bp-queue-proc-/com/stefanolupo/ndngame/0/nodeA/status/sync-1] (BasePublisher.java:99) - [323=2, 0=3, 129=2, 1541=3, 1491=2, 727=3, 20=2, 1621=2, 94=2, 799=2, 992=2, 806=2, 1764=2, 425=2, 1705=2, 1837=2, 242=2, 371=2, 1585=2, 250=2, 1722=3, 377=2, 1272=4, 444=2, 1149=2]
DEBUG [log-schedule-0] (LocalPlayerStatusSystem.java:150) - Null: 3, vel: 298, deadReckoning: 1750, deadReckoningSkip: 1691, actionable: 0.5481026
4/7/19, 10:45:52 PM ============================================================

-- Gauges ----------------------------------------------------------------------
pub-update-percentage-nodeA-blocks-sync
             value = 0.002780204940821352
pub-update-percentage-nodeA-status-sync
             value = 0.17769481293192468

-- Counters --------------------------------------------------------------------
dr-counter-null
             count = 3
dr-counter-skip
             count = 1787
dr-counter-threshold
             count = 1918
dr-counter-velocity
             count = 322
sub-blocks-interestscounter-nodeB
             count = 135
sub-blocks-interestscounter-nodeC
             count = 133
sub-blocks-interestscounter-nodeD
             count = 133
sub-projectiles-interestscounter-nodeB
             count = 179
sub-projectiles-interestscounter-nodeC
             count = 181
sub-projectiles-interestscounter-nodeD
             count = 184
sub-status-interestscounter-nodeB
             count = 2116
sub-status-interestscounter-nodeC
             count = 2221
sub-status-interestscounter-nodeD
             count = 2204

-- Histograms ------------------------------------------------------------------
eng-status-delta-nodeB
             count = 2083
               min = 0
               max = 371
              mean = 4.85
            stddev = 19.39
            median = 0.00
              75% <= 0.00
              95% <= 22.00
              98% <= 33.00
              99% <= 47.00
            99.9% <= 347.00
eng-status-delta-nodeC
             count = 2197
               min = 0
               max = 122
              mean = 4.81
            stddev = 11.12
            median = 0.00
              75% <= 11.00
              95% <= 22.00
              98% <= 36.00
              99% <= 58.00
            99.9% <= 111.00
eng-status-delta-nodeD
             count = 2178
               min = 0
               max = 288
              mean = 4.38
            stddev = 11.93
            median = 0.00
              75% <= 0.00
              95% <= 16.00
              98% <= 31.00
              99% <= 47.00
            99.9% <= 122.00
sub-blocks-rtt-nodeB
             count = 5
               min = 355
               max = 974
              mean = 673.38
            stddev = 162.35
            median = 660.00
              75% <= 770.00
              95% <= 974.00
              98% <= 974.00
              99% <= 974.00
            99.9% <= 974.00
sub-blocks-rtt-nodeC
             count = 7
               min = 147
               max = 970
              mean = 717.31
            stddev = 257.49
            median = 849.00
              75% <= 849.00
              95% <= 970.00
              98% <= 970.00
              99% <= 970.00
            99.9% <= 970.00
sub-blocks-rtt-nodeD
             count = 7
               min = 190
               max = 992
              mean = 621.15
            stddev = 261.56
            median = 509.00
              75% <= 935.00
              95% <= 992.00
              98% <= 992.00
              99% <= 992.00
            99.9% <= 992.00
sub-projectiles-rtt-nodeB
             count = 72
               min = 2
               max = 1000
              mean = 470.09
            stddev = 317.83
            median = 516.00
              75% <= 747.00
              95% <= 998.00
              98% <= 998.00
              99% <= 1000.00
            99.9% <= 1000.00
sub-projectiles-rtt-nodeC
             count = 70
               min = 7
               max = 1000
              mean = 448.31
            stddev = 308.30
            median = 516.00
              75% <= 700.00
              95% <= 999.00
              98% <= 999.00
              99% <= 1000.00
            99.9% <= 1000.00
sub-projectiles-rtt-nodeD
             count = 73
               min = 6
               max = 1000
              mean = 391.50
            stddev = 301.17
            median = 399.00
              75% <= 600.00
              95% <= 867.00
              98% <= 986.00
              99% <= 999.00
            99.9% <= 1000.00
sub-status-rtt-nodeB
             count = 2087
               min = 0
               max = 950
              mean = 51.39
            stddev = 88.16
            median = 33.00
              75% <= 34.00
              95% <= 67.00
              98% <= 417.00
              99% <= 531.00
            99.9% <= 950.00
sub-status-rtt-nodeC
             count = 2202
               min = 5
               max = 933
              mean = 54.43
            stddev = 97.56
            median = 33.00
              75% <= 34.00
              95% <= 68.00
              98% <= 450.00
              99% <= 551.00
            99.9% <= 933.00
sub-status-rtt-nodeD
             count = 2183
               min = 5
               max = 967
              mean = 53.09
            stddev = 96.53
            median = 33.00
              75% <= 34.00
              95% <= 67.00
              98% <= 416.00
              99% <= 550.00
            99.9% <= 950.00

-- Meters ----------------------------------------------------------------------
pub-interest-rate-nodeA-blocks-sync
             count = 268
         mean rate = 1.92 events/second
     1-minute rate = 1.93 events/second
     5-minute rate = 1.59 events/second
    15-minute rate = 1.47 events/second
pub-interest-rate-nodeA-projectiles-sync
             count = 172
         mean rate = 1.23 events/second
     1-minute rate = 1.25 events/second
     5-minute rate = 1.34 events/second
    15-minute rate = 1.38 events/second
pub-interest-rate-nodeA-status-sync
             count = 2270
         mean rate = 16.29 events/second
     1-minute rate = 16.89 events/second
     5-minute rate = 18.41 events/second
    15-minute rate = 19.14 events/second


DEBUG [log-schedule-0] (LocalPlayerStatusSystem.java:150) - Null: 3, vel: 322, deadReckoning: 1923, deadReckoningSkip: 1787, actionable: 0.55712515
 WARN [bp-queue-proc-/com/stefanolupo/ndngame/0/nodeA/blocks/sync-1] (BasePublisher.java:98) - /com/stefanolupo/ndngame/0/nodeA/blocks/sync: Saw duplicate sn requests
 WARN [bp-queue-proc-/com/stefanolupo/ndngame/0/nodeA/blocks/sync-1] (BasePublisher.java:99) - [32=32, 34=2, 27=26, 0=2, 28=27, 24=16, 15=2, 12=2, 22=7, 30=15, 18=32, 16=4, 20=64, 37=29, 36=30]
 WARN [bp-queue-proc-/com/stefanolupo/ndngame/0/nodeA/status/sync-1] (BasePublisher.java:98) - /com/stefanolupo/ndngame/0/nodeA/status/sync: Saw duplicate sn requests
 WARN [bp-queue-proc-/com/stefanolupo/ndngame/0/nodeA/status/sync-1] (BasePublisher.java:99) - [323=2, 0=3, 129=2, 1541=3, 1491=2, 727=3, 20=2, 1621=2, 94=2, 799=2, 2335=2, 992=2, 2272=3, 806=2, 1764=2, 2091=2, 425=2, 1705=2, 1837=2, 242=2, 371=2, 1585=2, 250=2, 1722=3, 377=2, 1272=4, 444=2, 1149=2]
DEBUG [log-schedule-0] (LocalPlayerStatusSystem.java:150) - Null: 3, vel: 343, deadReckoning: 2003, deadReckoningSkip: 1992, actionable: 0.5411196
DEBUG [log-schedule-0] (LocalPlayerStatusSystem.java:150) - Null: 3, vel: 360, deadReckoning: 2140, deadReckoningSkip: 2123, actionable: 0.5410722
DEBUG [HeadlessApplication] (ProjectileCollisionSystem.java:108) - Bullet hit me, notifying owner and decreasing my health
4/7/19, 10:46:22 PM ============================================================

-- Gauges ----------------------------------------------------------------------
pub-update-percentage-nodeA-blocks-sync
             value = 0.003127388977691292
pub-update-percentage-nodeA-status-sync
             value = 0.18131906317325736

-- Counters --------------------------------------------------------------------
dr-counter-null
             count = 3
dr-counter-skip
             count = 2296
dr-counter-threshold
             count = 2234
dr-counter-velocity
             count = 379
sub-blocks-interestscounter-nodeB
             count = 163
sub-blocks-interestscounter-nodeC
             count = 161
sub-blocks-interestscounter-nodeD
             count = 161
sub-projectiles-interestscounter-nodeB
             count = 223
sub-projectiles-interestscounter-nodeC
             count = 224
sub-projectiles-interestscounter-nodeD
             count = 226
sub-status-interestscounter-nodeB
             count = 2494
sub-status-interestscounter-nodeC
             count = 2574
sub-status-interestscounter-nodeD
             count = 2582

-- Histograms ------------------------------------------------------------------
eng-status-delta-nodeB
             count = 2452
               min = 0
               max = 371
              mean = 5.51
            stddev = 17.00
            median = 0.00
              75% <= 11.00
              95% <= 22.00
              98% <= 47.00
              99% <= 75.00
            99.9% <= 133.00
eng-status-delta-nodeC
             count = 2540
               min = 0
               max = 145
              mean = 6.46
            stddev = 16.25
            median = 0.00
              75% <= 11.00
              95% <= 25.00
              98% <= 59.00
              99% <= 111.00
            99.9% <= 145.00
eng-status-delta-nodeD
             count = 2548
               min = 0
               max = 288
              mean = 5.21
            stddev = 15.93
            median = 0.00
              75% <= 11.00
              95% <= 22.00
              98% <= 31.00
              99% <= 56.00
            99.9% <= 252.00
sub-blocks-rtt-nodeB
             count = 7
               min = 44
               max = 974
              mean = 553.24
            stddev = 387.99
            median = 660.00
              75% <= 962.00
              95% <= 962.00
              98% <= 974.00
              99% <= 974.00
            99.9% <= 974.00
sub-blocks-rtt-nodeC
             count = 9
               min = 147
               max = 970
              mean = 608.25
            stddev = 174.95
            median = 567.00
              75% <= 567.00
              95% <= 942.00
              98% <= 970.00
              99% <= 970.00
            99.9% <= 970.00
sub-blocks-rtt-nodeD
             count = 9
               min = 190
               max = 992
              mean = 589.67
            stddev = 325.72
            median = 509.00
              75% <= 915.00
              95% <= 935.00
              98% <= 992.00
              99% <= 992.00
            99.9% <= 992.00
sub-projectiles-rtt-nodeB
             count = 95
               min = 2
               max = 1000
              mean = 418.01
            stddev = 279.70
            median = 516.00
              75% <= 567.00
              95% <= 883.00
              98% <= 998.00
              99% <= 998.00
            99.9% <= 1000.00
sub-projectiles-rtt-nodeC
             count = 91
               min = 7
               max = 1000
              mean = 404.24
            stddev = 275.56
            median = 402.00
              75% <= 569.00
              95% <= 835.00
              98% <= 999.00
              99% <= 999.00
            99.9% <= 1000.00
sub-projectiles-rtt-nodeD
             count = 94
               min = 6
               max = 1000
              mean = 407.40
            stddev = 265.53
            median = 500.00
              75% <= 533.00
              95% <= 800.00
              98% <= 967.00
              99% <= 986.00
            99.9% <= 1000.00
sub-status-rtt-nodeB
             count = 2456
               min = 0
               max = 950
              mean = 55.39
            stddev = 99.94
            median = 33.00
              75% <= 34.00
              95% <= 68.00
              98% <= 483.00
              99% <= 533.00
            99.9% <= 950.00
sub-status-rtt-nodeC
             count = 2547
               min = 4
               max = 967
              mean = 55.93
            stddev = 100.10
            median = 33.00
              75% <= 34.00
              95% <= 73.00
              98% <= 466.00
              99% <= 549.00
            99.9% <= 967.00
sub-status-rtt-nodeD
             count = 2553
               min = 5
               max = 967
              mean = 56.15
            stddev = 101.97
            median = 33.00
              75% <= 34.00
              95% <= 68.00
              98% <= 517.00
              99% <= 550.00
            99.9% <= 950.00

-- Meters ----------------------------------------------------------------------
pub-interest-rate-nodeA-blocks-sync
             count = 328
         mean rate = 1.94 events/second
     1-minute rate = 1.95 events/second
     5-minute rate = 1.63 events/second
    15-minute rate = 1.49 events/second
pub-interest-rate-nodeA-projectiles-sync
             count = 213
         mean rate = 1.26 events/second
     1-minute rate = 1.29 events/second
     5-minute rate = 1.34 events/second
    15-minute rate = 1.38 events/second
pub-interest-rate-nodeA-status-sync
             count = 2651
         mean rate = 15.66 events/second
     1-minute rate = 15.62 events/second
     5-minute rate = 17.96 events/second
    15-minute rate = 18.96 events/second


 WARN [bp-queue-proc-/com/stefanolupo/ndngame/0/nodeA/blocks/sync-1] (BasePublisher.java:98) - /com/stefanolupo/ndngame/0/nodeA/blocks/sync: Saw duplicate sn requests
 WARN [bp-queue-proc-/com/stefanolupo/ndngame/0/nodeA/blocks/sync-1] (BasePublisher.java:99) - [32=32, 34=2, 38=7, 27=26, 0=2, 37=33, 28=27, 24=16, 40=2, 41=5, 36=41, 15=2, 43=5, 12=2, 44=2, 45=3, 22=7, 30=15, 18=32, 16=4, 20=64]
 WARN [bp-queue-proc-/com/stefanolupo/ndngame/0/nodeA/status/sync-1] (BasePublisher.java:98) - /com/stefanolupo/ndngame/0/nodeA/status/sync: Saw duplicate sn requests
 WARN [bp-queue-proc-/com/stefanolupo/ndngame/0/nodeA/status/sync-1] (BasePublisher.java:99) - [323=2, 0=3, 129=2, 2503=2, 1541=3, 2575=3, 1491=2, 727=3, 20=2, 1621=2, 94=2, 799=2, 2335=2, 992=2, 2272=3, 806=2, 1764=2, 2596=3, 2091=2, 425=2, 1705=2, 1837=2, 242=2, 371=2, 1585=2, 250=2, 1722=3, 377=2, 1272=4, 2430=2, 444=2, 1149=2]
DEBUG [log-schedule-0] (LocalPlayerStatusSystem.java:150) - Null: 3, vel: 380, deadReckoning: 2238, deadReckoningSkip: 2296, actionable: 0.5330486
DEBUG [HeadlessApplication] (ProjectileCollisionSystem.java:108) - Bullet hit me, notifying owner and decreasing my health
ERROR [HeadlessApplication] (ProjectileCollisionSystem.java:62) - Type component was null for collision with PROJECTILE
DEBUG [HeadlessApplication] (ProjectileCollisionSystem.java:108) - Bullet hit me, notifying owner and decreasing my health
DEBUG [HeadlessApplication] (ProjectileCollisionSystem.java:108) - Bullet hit me, notifying owner and decreasing my health
DEBUG [log-schedule-0] (LocalPlayerStatusSystem.java:150) - Null: 3, vel: 401, deadReckoning: 2328, deadReckoningSkip: 2479, actionable: 0.52427554
 WARN [bp-queue-proc-/com/stefanolupo/ndngame/0/nodeA/blocks/sync-1] (BasePublisher.java:98) - /com/stefanolupo/ndngame/0/nodeA/blocks/sync: Saw duplicate sn requests
 WARN [bp-queue-proc-/com/stefanolupo/ndngame/0/nodeA/blocks/sync-1] (BasePublisher.java:99) - [32=32, 27=26, 0=2, 37=33, 28=27, 24=16, 15=2, 36=41, 12=2, 22=7, 30=15, 16=4, 20=64, 34=2, 38=7, 43=9, 44=8, 45=10, 40=2, 41=5, 53=5, 54=6, 18=32, 55=3, 50=5, 56=3]
 WARN [bp-queue-proc-/com/stefanolupo/ndngame/0/nodeA/status/sync-1] (BasePublisher.java:98) - /com/stefanolupo/ndngame/0/nodeA/status/sync: Saw duplicate sn requests
 WARN [bp-queue-proc-/com/stefanolupo/ndngame/0/nodeA/status/sync-1] (BasePublisher.java:99) - [323=2, 2883=2, 2624=2, 0=3, 129=2, 2503=2, 1541=3, 2575=3, 1491=2, 2897=2, 727=3, 20=2, 1621=2, 2709=2, 94=2, 2910=2, 799=2, 2335=2, 992=2, 2272=3, 806=2, 1764=2, 2596=3, 2091=2, 425=2, 1705=2, 1837=2, 242=2, 2674=2, 371=2, 1585=2, 250=2, 1722=3, 377=2, 1272=4, 2430=2, 444=2, 1149=2]
DEBUG [log-schedule-0] (LocalPlayerStatusSystem.java:150) - Null: 3, vel: 428, deadReckoning: 2483, deadReckoningSkip: 2595, actionable: 0.5289526
DEBUG [HeadlessApplication] (ProjectileCollisionSystem.java:108) - Bullet hit me, notifying owner and decreasing my health
4/7/19, 10:46:52 PM ============================================================

-- Gauges ----------------------------------------------------------------------
pub-update-percentage-nodeA-blocks-sync
             value = 0.003520909259373649
pub-update-percentage-nodeA-status-sync
             value = 0.18914077460003706

-- Counters --------------------------------------------------------------------
dr-counter-null
             count = 3
dr-counter-skip
             count = 2727
dr-counter-threshold
             count = 2613
dr-counter-velocity
             count = 454
sub-blocks-interestscounter-nodeB
             count = 191
sub-blocks-interestscounter-nodeC
             count = 189
sub-blocks-interestscounter-nodeD
             count = 190
sub-projectiles-interestscounter-nodeB
             count = 259
sub-projectiles-interestscounter-nodeC
             count = 260
sub-projectiles-interestscounter-nodeD
             count = 262
sub-status-interestscounter-nodeB
             count = 2917
sub-status-interestscounter-nodeC
             count = 3002
sub-status-interestscounter-nodeD
             count = 2991

-- Histograms ------------------------------------------------------------------
eng-status-delta-nodeB
             count = 2870
               min = 0
               max = 219
              mean = 6.78
            stddev = 19.18
            median = 0.00
              75% <= 11.00
              95% <= 31.00
              98% <= 63.00
              99% <= 122.00
            99.9% <= 219.00
eng-status-delta-nodeC
             count = 2963
               min = 0
               max = 145
              mean = 6.96
            stddev = 17.78
            median = 0.00
              75% <= 11.00
              95% <= 25.00
              98% <= 56.00
              99% <= 116.00
            99.9% <= 145.00
eng-status-delta-nodeD
             count = 2952
               min = 0
               max = 225
              mean = 6.31
            stddev = 18.35
            median = 0.00
              75% <= 11.00
              95% <= 22.00
              98% <= 47.00
              99% <= 122.00
            99.9% <= 225.00
sub-blocks-rtt-nodeB
             count = 9
               min = 44
               max = 974
              mean = 594.65
            stddev = 319.74
            median = 770.00
              75% <= 832.00
              95% <= 962.00
              98% <= 962.00
              99% <= 974.00
            99.9% <= 974.00
sub-blocks-rtt-nodeC
             count = 11
               min = 147
               max = 970
              mean = 574.59
            stddev = 164.68
            median = 567.00
              75% <= 665.00
              95% <= 849.00
              98% <= 942.00
              99% <= 970.00
            99.9% <= 970.00
sub-blocks-rtt-nodeD
             count = 10
               min = 190
               max = 992
              mean = 658.22
            stddev = 273.09
            median = 774.00
              75% <= 915.00
              95% <= 935.00
              98% <= 992.00
              99% <= 992.00
            99.9% <= 992.00
sub-projectiles-rtt-nodeB
             count = 111
               min = 2
               max = 1000
              mean = 501.47
            stddev = 285.00
            median = 517.00
              75% <= 782.00
              95% <= 966.00
              98% <= 999.00
              99% <= 999.00
            99.9% <= 1000.00
sub-projectiles-rtt-nodeC
             count = 105
               min = 7
               max = 1000
              mean = 451.13
            stddev = 304.41
            median = 516.00
              75% <= 783.00
              95% <= 982.00
              98% <= 983.00
              99% <= 999.00
            99.9% <= 1000.00
sub-projectiles-rtt-nodeD
             count = 111
               min = 6
               max = 1000
              mean = 490.29
            stddev = 284.10
            median = 517.00
              75% <= 748.00
              95% <= 884.00
              98% <= 999.00
              99% <= 999.00
            99.9% <= 1000.00
sub-status-rtt-nodeB
             count = 2874
               min = 0
               max = 800
              mean = 55.00
            stddev = 92.68
            median = 33.00
              75% <= 35.00
              95% <= 83.00
              98% <= 442.00
              99% <= 533.00
            99.9% <= 800.00
sub-status-rtt-nodeC
             count = 2971
               min = 4
               max = 800
              mean = 57.23
            stddev = 101.02
            median = 33.00
              75% <= 36.00
              95% <= 71.00
              98% <= 532.00
              99% <= 533.00
            99.9% <= 800.00
sub-status-rtt-nodeD
             count = 2957
               min = 5
               max = 967
              mean = 58.71
            stddev = 109.23
            median = 33.00
              75% <= 34.00
              95% <= 72.00
              98% <= 533.00
              99% <= 717.00
            99.9% <= 928.00

-- Meters ----------------------------------------------------------------------
pub-interest-rate-nodeA-blocks-sync
             count = 389
         mean rate = 1.95 events/second
     1-minute rate = 1.97 events/second
     5-minute rate = 1.67 events/second
    15-minute rate = 1.51 events/second
pub-interest-rate-nodeA-projectiles-sync
             count = 247
         mean rate = 1.24 events/second
     1-minute rate = 1.27 events/second
     5-minute rate = 1.33 events/second
    15-minute rate = 1.37 events/second
pub-interest-rate-nodeA-status-sync
             count = 3113
         mean rate = 15.62 events/second
     1-minute rate = 15.44 events/second
     5-minute rate = 17.66 events/second
    15-minute rate = 18.82 events/second


DEBUG [log-schedule-0] (LocalPlayerStatusSystem.java:150) - Null: 3, vel: 454, deadReckoning: 2613, deadReckoningSkip: 2734, actionable: 0.52894557
ERROR [HeadlessApplication] (ProjectileCollisionSystem.java:62) - Type component was null for collision with PROJECTILE
ERROR [HeadlessApplication] (ProjectileCollisionSystem.java:62) - Type component was null for collision with PROJECTILE
 WARN [bp-queue-proc-/com/stefanolupo/ndngame/0/nodeA/blocks/sync-1] (BasePublisher.java:98) - /com/stefanolupo/ndngame/0/nodeA/blocks/sync: Saw duplicate sn requests
 WARN [bp-queue-proc-/com/stefanolupo/ndngame/0/nodeA/blocks/sync-1] (BasePublisher.java:99) - [32=32, 27=26, 0=2, 37=33, 28=27, 24=16, 15=2, 36=41, 12=2, 22=7, 30=15, 16=4, 20=64, 34=2, 38=7, 43=9, 44=8, 45=10, 40=2, 41=5, 53=5, 18=32, 56=14, 50=5, 61=5, 57=2, 59=7, 54=11, 58=7, 55=8]
 WARN [bp-queue-proc-/com/stefanolupo/ndngame/0/nodeA/status/sync-1] (BasePublisher.java:98) - /com/stefanolupo/ndngame/0/nodeA/status/sync: Saw duplicate sn requests
 WARN [bp-queue-proc-/com/stefanolupo/ndngame/0/nodeA/status/sync-1] (BasePublisher.java:99) - [323=2, 2883=2, 2624=2, 0=3, 129=2, 3136=3, 3265=2, 2503=2, 1541=3, 2575=3, 1491=2, 2897=2, 727=3, 20=2, 1621=2, 2709=2, 2968=2, 94=2, 2910=2, 799=2, 2335=2, 992=2, 2272=3, 806=2, 1764=2, 2596=3, 3237=2, 2091=2, 3048=2, 425=2, 1705=2, 1837=2, 242=2, 2674=2, 371=2, 1585=2, 2934=2, 250=2, 1722=3, 377=2, 1272=4, 2430=2, 3070=2, 444=2, 1149=2]
DEBUG [log-schedule-0] (LocalPlayerStatusSystem.java:150) - Null: 3, vel: 478, deadReckoning: 2787, deadReckoningSkip: 2817, actionable: 0.53705835
DEBUG [HeadlessApplication] (ProjectileCollisionSystem.java:108) - Bullet hit me, notifying owner and decreasing my health
