DEBUG [main] (ConfigManager.java:33) - Initialized with properties: {local.player.status.updates.per.sec=30, facemanager.num.sub.threads.per.face=10, linear.interest.zone.filter.inner.radius=50, projectile.cache.size=100, local.player.status.use.dead.reckoning=false, block.publisher.freshness.period.ms=300, player.status.publisher.freshness.period.ms=300, base.publisher.queue.process.per.sec=60, projectile.sub.inter.interest.max.wait.time.ms=30, linear.interest.zone.filter.outer.radius=100, local.player.dead.reckoning.max.error=1, projectile.publisher.queue.process.multithread=true, statistics.logger.log.rate.sec=30, facemanager.max.num.pub.faces=1, facemanager.num.pub.threads.per.face=10, facemanager.max.num.sub.faces=1, block.sub.inter.interest.max.wait.time.ms=2000, projectile.publisher.queue.process.per.sec=60, base.publisher.queue.process.multithread=true, player.sub.inter.interest.max.wait.time.ms=30, linear.interest.zone.filter.enabled=false, projectile.publisher.freshness.period.ms=300}
WARNING: An illegal reflective access operation has occurred
WARNING: Illegal reflective access by com.google.inject.internal.cglib.core.$ReflectUtils$2 (file:/NdnGame/NdnGameLibGdxDesktop-1.0-SNAPSHOT.jar) to method java.lang.ClassLoader.defineClass(java.lang.String,byte[],int,int,java.security.ProtectionDomain)
WARNING: Please consider reporting this to the maintainers of com.google.inject.internal.cglib.core.$ReflectUtils$2
WARNING: Use --illegal-access=warn to enable warnings of further illegal reflective access operations
WARNING: All illegal access operations will be denied in a future release
DEBUG [main] (BackendModule.java:123) - Writing metrics to /metrics/nodeL
 INFO [main] (DesktopLauncher.java:49) - Launching headless game
 INFO [main] (DesktopLauncher.java:50) - LocalConfig{playerName='nodeL', isMasterView=false, isAutomated=true, automationType='wsp', isHeadless=true, gameId=0, screenWidth=600, screenHeight=600, targetFrameRate=60}
DEBUG [main] (AutomatedInputController.java:52) - Starting with automation type: wsp
DEBUG [main] (BasePublisher.java:70) - Registering /com/stefanolupo/ndngame/0/nodeL/blocks/sync
DEBUG [main] (BasePublisher.java:70) - Registering /com/stefanolupo/ndngame/0/nodeL/status/sync
Mar 16, 2019 6:16:25 PM net.named_data.jndn.Node$RegisterResponse onData
INFO: Register prefix succeeded with the NFD forwarder for prefix /com/stefanolupo/ndngame/0/nodeL/blocks/sync
Mar 16, 2019 6:16:25 PM net.named_data.jndn.Node$RegisterResponse onData
INFO: Register prefix succeeded with the NFD forwarder for prefix /com/stefanolupo/ndngame/0/nodeL/status/sync
Mar 16, 2019 6:16:25 PM net.named_data.jndn.Node$RegisterResponse onData
INFO: Register prefix failed: Expected NFD status code 200, got: 403
Mar 16, 2019 6:16:25 PM net.named_data.jndn.Node$RegisterResponse onData
INFO: Register prefix succeeded with the NFD forwarder for prefix /com/stefanolupo/ndngame/0/nodeL/projectiles/sync
Mar 16, 2019 6:16:25 PM net.named_data.jndn.Node$RegisterResponse onData
INFO: Register prefix succeeded with the NFD forwarder for prefix /com/stefanolupo/ndngame/0/nodeL/projectiles/interact
 WARN [fm-pub-0-2] (FaceManager.java:150) - Failed to register prefix: /com/stefanolupo/ndngame/0/nodeL/blocks/interact, retrying..
Mar 16, 2019 6:16:25 PM net.named_data.jndn.Node$RegisterResponse onData
INFO: Register prefix succeeded with the NFD forwarder for prefix /com/stefanolupo/ndngame/0/nodeL/blocks/interact
Mar 16, 2019 6:16:29 PM net.named_data.jndn.Node$RegisterResponse onData
INFO: Register prefix succeeded with the NFD forwarder for prefix /com/stefanolupo/ndngame/0/config/broadcast
Mar 16, 2019 6:16:29 PM net.named_data.jndn.Node$RegisterResponse onData
INFO: Register prefix succeeded with the NFD forwarder for prefix /com/stefanolupo/ndngame/0/config/nodeL
 INFO [cs-/com/stefanolupo/ndngame/0/config/nodeL-0] (ChronoSynced.java:93) - Initialized ChronoSyncedMap for /com/stefanolupo/ndngame/0/config/nodeL
Mar 16, 2019 6:16:29 PM net.named_data.jndn.Node$RegisterResponse onData
INFO: Register prefix succeeded with the NFD forwarder for prefix /com/stefanolupo/ndngame/0/discovery/broadcast
Mar 16, 2019 6:16:29 PM net.named_data.jndn.Node$RegisterResponse onData
INFO: Register prefix succeeded with the NFD forwarder for prefix /com/stefanolupo/ndngame/0/discovery/nodeL
 INFO [cs-/com/stefanolupo/ndngame/0/discovery/nodeL-0] (ChronoSynced.java:93) - Initialized ChronoSyncedMap for /com/stefanolupo/ndngame/0/discovery/nodeL
3/16/19, 6:17:24 PM ============================================================

-- Gauges ----------------------------------------------------------------------
pub-update-percentage-nodeL-blocks-sync
             value = 0.001119507416736636
pub-update-percentage-nodeL-status-sync
             value = 0.498040313549832

-- Timers ----------------------------------------------------------------------
pub-queue-time-nodeL-blocks-sync
             count = 0
         mean rate = 0.00 calls/second
     1-minute rate = 0.00 calls/second
     5-minute rate = 0.00 calls/second
    15-minute rate = 0.00 calls/second
               min = 0.00 milliseconds
               max = 0.00 milliseconds
              mean = 0.00 milliseconds
            stddev = 0.00 milliseconds
            median = 0.00 milliseconds
              75% <= 0.00 milliseconds
              95% <= 0.00 milliseconds
              98% <= 0.00 milliseconds
              99% <= 0.00 milliseconds
            99.9% <= 0.00 milliseconds
pub-queue-time-nodeL-status-sync
             count = 0
         mean rate = 0.00 calls/second
     1-minute rate = 0.00 calls/second
     5-minute rate = 0.00 calls/second
    15-minute rate = 0.00 calls/second
               min = 0.00 milliseconds
               max = 0.00 milliseconds
              mean = 0.00 milliseconds
            stddev = 0.00 milliseconds
            median = 0.00 milliseconds
              75% <= 0.00 milliseconds
              95% <= 0.00 milliseconds
              98% <= 0.00 milliseconds
              99% <= 0.00 milliseconds
            99.9% <= 0.00 milliseconds


 INFO [cs-/com/stefanolupo/ndngame/0/discovery/nodeL-0] (PlayerStatusSubscriber.java:59) - Adding subscription for nodeH
 INFO [cs-/com/stefanolupo/ndngame/0/discovery/nodeL-0] (BlockSubscriber.java:51) - Adding subscription for /com/stefanolupo/ndngame/0/nodeH/blocks/sync/0/0/0
 INFO [cs-/com/stefanolupo/ndngame/0/discovery/nodeL-0] (ProjectileSubscriber.java:53) - Adding subscription for /com/stefanolupo/ndngame/0/nodeH/projectiles/sync/0/0/0
 INFO [cs-/com/stefanolupo/ndngame/0/discovery/nodeL-0] (PlayerStatusSubscriber.java:59) - Adding subscription for nodeE
 INFO [cs-/com/stefanolupo/ndngame/0/discovery/nodeL-0] (BlockSubscriber.java:51) - Adding subscription for /com/stefanolupo/ndngame/0/nodeE/blocks/sync/0/0/0
 INFO [cs-/com/stefanolupo/ndngame/0/discovery/nodeL-0] (ProjectileSubscriber.java:53) - Adding subscription for /com/stefanolupo/ndngame/0/nodeE/projectiles/sync/0/0/0
DEBUG [HeadlessApplication] (ProjectileCollisionSystem.java:108) - Bullet hit me, notifying owner and decreasing my health
 INFO [fm-pub-0-1] (ProjectilePublisher.java:131) - Creating interest meter
 INFO [cs-/com/stefanolupo/ndngame/0/discovery/nodeL-0] (PlayerStatusSubscriber.java:59) - Adding subscription for nodeK
 INFO [cs-/com/stefanolupo/ndngame/0/discovery/nodeL-0] (BlockSubscriber.java:51) - Adding subscription for /com/stefanolupo/ndngame/0/nodeK/blocks/sync/0/0/0
 INFO [cs-/com/stefanolupo/ndngame/0/discovery/nodeL-0] (ProjectileSubscriber.java:53) - Adding subscription for /com/stefanolupo/ndngame/0/nodeK/projectiles/sync/0/0/0
 INFO [cs-/com/stefanolupo/ndngame/0/discovery/nodeL-0] (PlayerStatusSubscriber.java:59) - Adding subscription for nodeG
 INFO [cs-/com/stefanolupo/ndngame/0/discovery/nodeL-0] (BlockSubscriber.java:51) - Adding subscription for /com/stefanolupo/ndngame/0/nodeG/blocks/sync/0/0/0
 INFO [cs-/com/stefanolupo/ndngame/0/discovery/nodeL-0] (ProjectileSubscriber.java:53) - Adding subscription for /com/stefanolupo/ndngame/0/nodeG/projectiles/sync/0/0/0
 INFO [cs-/com/stefanolupo/ndngame/0/discovery/nodeL-0] (PlayerStatusSubscriber.java:59) - Adding subscription for nodeI
 INFO [cs-/com/stefanolupo/ndngame/0/discovery/nodeL-0] (BlockSubscriber.java:51) - Adding subscription for /com/stefanolupo/ndngame/0/nodeI/blocks/sync/0/0/0
 INFO [cs-/com/stefanolupo/ndngame/0/discovery/nodeL-0] (ProjectileSubscriber.java:53) - Adding subscription for /com/stefanolupo/ndngame/0/nodeI/projectiles/sync/0/0/0
 WARN [cs-/com/stefanolupo/ndngame/0/discovery/nodeL-0] (ChronoSynced.java:118) - Timeout for interest: /com/stefanolupo/ndngame/0/discovery/nodeL/1?ndn.MustBeFresh=1&ndn.Nonce=%CA%3D6%A0
 WARN [cs-/com/stefanolupo/ndngame/0/discovery/nodeL-0] (ChronoSynced.java:118) - Timeout for interest: /com/stefanolupo/ndngame/0/discovery/nodeL/1?ndn.MustBeFresh=1&ndn.Nonce=%F3%DCZ%B5
 WARN [cs-/com/stefanolupo/ndngame/0/discovery/nodeL-0] (ChronoSynced.java:118) - Timeout for interest: /com/stefanolupo/ndngame/0/discovery/nodeL/1?ndn.MustBeFresh=1&ndn.Nonce=%22SG1
 WARN [cs-/com/stefanolupo/ndngame/0/discovery/nodeL-0] (ChronoSynced.java:118) - Timeout for interest: /com/stefanolupo/ndngame/0/discovery/nodeL/1?ndn.MustBeFresh=1&ndn.Nonce=%AAFQ%C7
 WARN [cs-/com/stefanolupo/ndngame/0/discovery/nodeL-0] (ChronoSynced.java:118) - Timeout for interest: /com/stefanolupo/ndngame/0/discovery/nodeL/1?ndn.MustBeFresh=1&ndn.Nonce=e%CE%A5%0A
 WARN [cs-/com/stefanolupo/ndngame/0/discovery/nodeL-0] (ChronoSynced.java:118) - Timeout for interest: /com/stefanolupo/ndngame/0/discovery/nodeL/1?ndn.MustBeFresh=1&ndn.Nonce=%CE%E0%8C%B6
 WARN [cs-/com/stefanolupo/ndngame/0/discovery/nodeL-0] (ChronoSynced.java:118) - Timeout for interest: /com/stefanolupo/ndngame/0/discovery/nodeL/1?ndn.MustBeFresh=1&ndn.Nonce=%CD%F7%BC%A6
 WARN [cs-/com/stefanolupo/ndngame/0/discovery/nodeL-0] (ChronoSynced.java:118) - Timeout for interest: /com/stefanolupo/ndngame/0/discovery/nodeL/1?ndn.MustBeFresh=1&ndn.Nonce=%19%25%E6%FE
 WARN [cs-/com/stefanolupo/ndngame/0/discovery/nodeL-0] (ChronoSynced.java:118) - Timeout for interest: /com/stefanolupo/ndngame/0/discovery/nodeL/1?ndn.MustBeFresh=1&ndn.Nonce=n%F9%DE%A8
 WARN [cs-/com/stefanolupo/ndngame/0/discovery/nodeL-0] (ChronoSynced.java:118) - Timeout for interest: /com/stefanolupo/ndngame/0/discovery/nodeL/1?ndn.MustBeFresh=1&ndn.Nonce=%98%11%A1%2C
 WARN [cs-/com/stefanolupo/ndngame/0/discovery/nodeL-0] (ChronoSynced.java:118) - Timeout for interest: /com/stefanolupo/ndngame/0/discovery/nodeL/1?ndn.MustBeFresh=1&ndn.Nonce=%88%A9%24%FD
 WARN [cs-/com/stefanolupo/ndngame/0/discovery/nodeL-0] (ChronoSynced.java:118) - Timeout for interest: /com/stefanolupo/ndngame/0/discovery/nodeL/1?ndn.MustBeFresh=1&ndn.Nonce=%3D%40%E3%40
 INFO [cs-/com/stefanolupo/ndngame/0/discovery/nodeL-0] (PlayerStatusSubscriber.java:59) - Adding subscription for nodeF
 INFO [cs-/com/stefanolupo/ndngame/0/discovery/nodeL-0] (BlockSubscriber.java:51) - Adding subscription for /com/stefanolupo/ndngame/0/nodeF/blocks/sync/0/0/0
 INFO [cs-/com/stefanolupo/ndngame/0/discovery/nodeL-0] (ProjectileSubscriber.java:53) - Adding subscription for /com/stefanolupo/ndngame/0/nodeF/projectiles/sync/0/0/0
DEBUG [HeadlessApplication] (ProjectileCollisionSystem.java:108) - Bullet hit me, notifying owner and decreasing my health
DEBUG [HeadlessApplication] (ProjectileCollisionSystem.java:108) - Bullet hit me, notifying owner and decreasing my health
DEBUG [HeadlessApplication] (ProjectileCollisionSystem.java:108) - Bullet hit me, notifying owner and decreasing my health
DEBUG [HeadlessApplication] (ProjectileCollisionSystem.java:108) - Bullet hit me, notifying owner and decreasing my health
DEBUG [HeadlessApplication] (ProjectileCollisionSystem.java:108) - Bullet hit me, notifying owner and decreasing my health
DEBUG [HeadlessApplication] (ProjectileCollisionSystem.java:108) - Bullet hit me, notifying owner and decreasing my health
DEBUG [HeadlessApplication] (ProjectileCollisionSystem.java:108) - Bullet hit me, notifying owner and decreasing my health
DEBUG [HeadlessApplication] (ProjectileCollisionSystem.java:108) - Bullet hit me, notifying owner and decreasing my health
DEBUG [HeadlessApplication] (ProjectileCollisionSystem.java:108) - Bullet hit me, notifying owner and decreasing my health
3/16/19, 6:18:24 PM ============================================================

-- Gauges ----------------------------------------------------------------------
pub-update-percentage-nodeL-blocks-sync
             value = 0.003345880384776244
pub-update-percentage-nodeL-status-sync
             value = 0.4976296709425544
sub-blocks-cacherate-nodeE
             value = 0.25
sub-blocks-cacherate-nodeF
             value = 0.0
sub-blocks-cacherate-nodeG
             value = 0.0
sub-blocks-cacherate-nodeH
             value = 1.0
sub-blocks-cacherate-nodeI
             value = 0.25
sub-blocks-cacherate-nodeK
             value = 0.0
sub-projectiles-cacherate-nodeE
             value = 0.0
sub-projectiles-cacherate-nodeF
             value = 0.16666666666666666
sub-projectiles-cacherate-nodeG
             value = 0.058823529411764705
sub-projectiles-cacherate-nodeH
             value = 0.0
sub-projectiles-cacherate-nodeI
             value = 0.0625
sub-projectiles-cacherate-nodeK
             value = 0.5
sub-status-cacherate-nodeE
             value = 0.0782122905027933
sub-status-cacherate-nodeF
             value = 0.03755868544600939
sub-status-cacherate-nodeG
             value = 0.015533980582524271
sub-status-cacherate-nodeH
             value = 0.01411764705882353
sub-status-cacherate-nodeI
             value = 0.00960698689956332
sub-status-cacherate-nodeK
             value = 0.0

-- Counters --------------------------------------------------------------------
sub-blocks-interestscounter-nodeE
             count = 54
sub-blocks-interestscounter-nodeF
             count = 19
sub-blocks-interestscounter-nodeG
             count = 54
sub-blocks-interestscounter-nodeH
             count = 59
sub-blocks-interestscounter-nodeI
             count = 52
sub-blocks-interestscounter-nodeK
             count = 53
sub-projectiles-interestscounter-nodeE
             count = 65
sub-projectiles-interestscounter-nodeF
             count = 26
sub-projectiles-interestscounter-nodeG
             count = 74
sub-projectiles-interestscounter-nodeH
             count = 61
sub-projectiles-interestscounter-nodeI
             count = 63
sub-projectiles-interestscounter-nodeK
             count = 58
sub-status-interestscounter-nodeE
             count = 399
sub-status-interestscounter-nodeF
             count = 225
sub-status-interestscounter-nodeG
             count = 1048
sub-status-interestscounter-nodeH
             count = 467
sub-status-interestscounter-nodeI
             count = 1158
sub-status-interestscounter-nodeK
             count = 350

-- Histograms ------------------------------------------------------------------
eng-status-delta-nodeE
             count = 356
               min = 0
               max = 2440
              mean = 32.36
            stddev = 195.63
            median = 0.00
              75% <= 0.00
              95% <= 71.00
              98% <= 307.00
              99% <= 604.00
            99.9% <= 2440.00
eng-status-delta-nodeF
             count = 208
               min = 0
               max = 833
              mean = 23.22
            stddev = 115.11
            median = 0.00
              75% <= 11.00
              95% <= 31.00
              98% <= 744.00
              99% <= 747.00
            99.9% <= 833.00
eng-status-delta-nodeG
             count = 1023
               min = 0
               max = 2395
              mean = 13.01
            stddev = 102.70
            median = 0.00
              75% <= 1.00
              95% <= 45.00
              98% <= 122.00
              99% <= 190.00
            99.9% <= 2395.00
eng-status-delta-nodeH
             count = 420
               min = 0
               max = 2944
              mean = 63.90
            stddev = 326.02
            median = 0.00
              75% <= 11.00
              95% <= 121.00
              98% <= 1315.00
              99% <= 1674.00
            99.9% <= 2944.00
eng-status-delta-nodeI
             count = 1137
               min = 0
               max = 568
              mean = 8.80
            stddev = 44.78
            median = 0.00
              75% <= 0.00
              95% <= 31.00
              98% <= 47.00
              99% <= 111.00
            99.9% <= 568.00
eng-status-delta-nodeK
             count = 306
               min = 0
               max = 2324
              mean = 33.91
            stddev = 171.04
            median = 0.00
              75% <= 11.00
              95% <= 102.00
              98% <= 573.00
              99% <= 849.00
            99.9% <= 2324.00
sub-blocks-latency-nodeE
             count = 4
               min = 17
               max = 107
              mean = 42.47
            stddev = 32.54
            median = 31.00
              75% <= 31.00
              95% <= 107.00
              98% <= 107.00
              99% <= 107.00
            99.9% <= 107.00
sub-blocks-latency-nodeF
             count = 2
               min = 3
               max = 7
              mean = 5.04
            stddev = 2.00
            median = 7.00
              75% <= 7.00
              95% <= 7.00
              98% <= 7.00
              99% <= 7.00
            99.9% <= 7.00
sub-blocks-latency-nodeG
             count = 2
               min = 5
               max = 28
              mean = 13.79
            stddev = 11.18
            median = 5.00
              75% <= 28.00
              95% <= 28.00
              98% <= 28.00
              99% <= 28.00
            99.9% <= 28.00
sub-blocks-latency-nodeH
             count = 1
               min = 179
               max = 179
              mean = 179.00
            stddev = 0.00
            median = 179.00
              75% <= 179.00
              95% <= 179.00
              98% <= 179.00
              99% <= 179.00
            99.9% <= 179.00
sub-blocks-latency-nodeI
             count = 4
               min = 10
               max = 57
              mean = 22.89
            stddev = 17.84
            median = 12.00
              75% <= 21.00
              95% <= 57.00
              98% <= 57.00
              99% <= 57.00
            99.9% <= 57.00
sub-blocks-latency-nodeK
             count = 3
               min = 5
               max = 14
              mean = 10.91
            stddev = 4.02
            median = 13.00
              75% <= 14.00
              95% <= 14.00
              98% <= 14.00
              99% <= 14.00
            99.9% <= 14.00
sub-blocks-rtt-nodeE
             count = 4
               min = 1
               max = 457
              mean = 170.82
            stddev = 165.19
            median = 116.00
              75% <= 116.00
              95% <= 457.00
              98% <= 457.00
              99% <= 457.00
            99.9% <= 457.00
sub-blocks-rtt-nodeF
             count = 2
               min = 481
               max = 586
              mean = 534.68
            stddev = 52.49
            median = 586.00
              75% <= 586.00
              95% <= 586.00
              98% <= 586.00
              99% <= 586.00
            99.9% <= 586.00
sub-blocks-rtt-nodeG
             count = 2
               min = 116
               max = 299
              mean = 229.05
            stddev = 88.93
            median = 299.00
              75% <= 299.00
              95% <= 299.00
              98% <= 299.00
              99% <= 299.00
            99.9% <= 299.00
sub-blocks-rtt-nodeH
             count = 1
               min = 3
               max = 3
              mean = 3.00
            stddev = 0.00
            median = 3.00
              75% <= 3.00
              95% <= 3.00
              98% <= 3.00
              99% <= 3.00
            99.9% <= 3.00
sub-blocks-rtt-nodeI
             count = 4
               min = 17
               max = 851
              mean = 295.06
            stddev = 338.36
            median = 19.00
              75% <= 421.00
              95% <= 851.00
              98% <= 851.00
              99% <= 851.00
            99.9% <= 851.00
sub-blocks-rtt-nodeK
             count = 3
               min = 140
               max = 887
              mean = 432.74
            stddev = 320.03
            median = 362.00
              75% <= 887.00
              95% <= 887.00
              98% <= 887.00
              99% <= 887.00
            99.9% <= 887.00
sub-projectiles-latency-nodeE
             count = 11
               min = 15
               max = 39
              mean = 21.05
            stddev = 7.50
            median = 17.00
              75% <= 28.00
              95% <= 39.00
              98% <= 39.00
              99% <= 39.00
            99.9% <= 39.00
sub-projectiles-latency-nodeF
             count = 6
               min = -5
               max = 189
              mean = 24.01
            stddev = 67.80
            median = -4.00
              75% <= -3.00
              95% <= 189.00
              98% <= 189.00
              99% <= 189.00
            99.9% <= 189.00
sub-projectiles-latency-nodeG
             count = 34
               min = 3
               max = 177
              mean = 9.12
            stddev = 24.36
            median = 5.00
              75% <= 8.00
              95% <= 9.00
              98% <= 177.00
              99% <= 177.00
            99.9% <= 177.00
sub-projectiles-latency-nodeH
             count = 1
               min = 4
               max = 4
              mean = 4.00
            stddev = 0.00
            median = 4.00
              75% <= 4.00
              95% <= 4.00
              98% <= 4.00
              99% <= 4.00
            99.9% <= 4.00
sub-projectiles-latency-nodeI
             count = 16
               min = 0
               max = 200
              mean = 12.59
            stddev = 42.99
            median = 2.00
              75% <= 4.00
              95% <= 10.00
              98% <= 200.00
              99% <= 200.00
            99.9% <= 200.00
sub-projectiles-latency-nodeK
             count = 2
               min = -5
               max = 154
              mean = 72.12
            stddev = 79.46
            median = -5.00
              75% <= 154.00
              95% <= 154.00
              98% <= 154.00
              99% <= 154.00
            99.9% <= 154.00
sub-projectiles-rtt-nodeE
             count = 11
               min = 36
               max = 804
              mean = 370.40
            stddev = 243.53
            median = 447.00
              75% <= 567.00
              95% <= 804.00
              98% <= 804.00
              99% <= 804.00
            99.9% <= 804.00
sub-projectiles-rtt-nodeF
             count = 6
               min = 13
               max = 649
              mean = 260.41
            stddev = 254.67
            median = 32.00
              75% <= 515.00
              95% <= 649.00
              98% <= 649.00
              99% <= 649.00
            99.9% <= 649.00
sub-projectiles-rtt-nodeG
             count = 34
               min = 4
               max = 982
              mean = 486.57
            stddev = 264.94
            median = 520.00
              75% <= 679.00
              95% <= 981.00
              98% <= 982.00
              99% <= 982.00
            99.9% <= 982.00
sub-projectiles-rtt-nodeH
             count = 1
               min = 146
               max = 146
              mean = 146.00
            stddev = 0.00
            median = 146.00
              75% <= 146.00
              95% <= 146.00
              98% <= 146.00
              99% <= 146.00
            99.9% <= 146.00
sub-projectiles-rtt-nodeI
             count = 16
               min = 24
               max = 999
              mean = 541.25
            stddev = 253.56
            median = 522.00
              75% <= 587.00
              95% <= 999.00
              98% <= 999.00
              99% <= 999.00
            99.9% <= 999.00
sub-projectiles-rtt-nodeK
             count = 2
               min = 25
               max = 63
              mean = 44.57
            stddev = 18.99
            median = 63.00
              75% <= 63.00
              95% <= 63.00
              98% <= 63.00
              99% <= 63.00
            99.9% <= 63.00
sub-status-latency-nodeE
             count = 358
               min = 16
               max = 72
              mean = 26.22
            stddev = 6.11
            median = 26.00
              75% <= 30.00
              95% <= 34.00
              98% <= 39.00
              99% <= 41.00
            99.9% <= 72.00
sub-status-latency-nodeF
             count = 213
               min = -5
               max = 185
              mean = 10.19
            stddev = 20.05
            median = 7.00
              75% <= 11.00
              95% <= 24.00
              98% <= 82.00
              99% <= 132.00
            99.9% <= 185.00
sub-status-latency-nodeG
             count = 1030
               min = 4
               max = 206
              mean = 14.95
            stddev = 10.62
            median = 14.00
              75% <= 18.00
              95% <= 25.00
              98% <= 31.00
              99% <= 38.00
            99.9% <= 185.00
sub-status-latency-nodeH
             count = 425
               min = 4
               max = 47
              mean = 13.30
            stddev = 5.93
            median = 13.00
              75% <= 18.00
              95% <= 22.00
              98% <= 25.00
              99% <= 32.00
            99.9% <= 47.00
sub-status-latency-nodeI
             count = 1147
               min = 0
               max = 116
              mean = 11.14
            stddev = 7.16
            median = 11.00
              75% <= 15.00
              95% <= 20.00
              98% <= 26.00
              99% <= 36.00
            99.9% <= 86.00
sub-status-latency-nodeK
             count = 309
               min = -5
               max = 49
              mean = 4.51
            stddev = 6.54
            median = 3.00
              75% <= 8.00
              95% <= 15.00
              98% <= 20.00
              99% <= 24.00
            99.9% <= 49.00
sub-status-rtt-nodeE
             count = 358
               min = 9
               max = 117
              mean = 47.82
            stddev = 19.75
            median = 36.00
              75% <= 66.00
              95% <= 76.00
              98% <= 95.00
              99% <= 99.00
            99.9% <= 117.00
sub-status-rtt-nodeF
             count = 213
               min = 5
               max = 101
              mean = 43.15
            stddev = 18.10
            median = 37.00
              75% <= 64.00
              95% <= 68.00
              98% <= 80.00
              99% <= 85.00
            99.9% <= 101.00
sub-status-rtt-nodeG
             count = 1030
               min = 2
               max = 140
              mean = 36.96
            stddev = 13.40
            median = 33.00
              75% <= 38.00
              95% <= 67.00
              98% <= 69.00
              99% <= 83.00
            99.9% <= 140.00
sub-status-rtt-nodeH
             count = 425
               min = 5
               max = 104
              mean = 44.00
            stddev = 18.30
            median = 34.00
              75% <= 64.00
              95% <= 72.00
              98% <= 87.00
              99% <= 99.00
            99.9% <= 104.00
sub-status-rtt-nodeI
             count = 1147
               min = 3
               max = 101
              mean = 39.29
            stddev = 14.56
            median = 34.00
              75% <= 44.00
              95% <= 67.00
              98% <= 70.00
              99% <= 77.00
            99.9% <= 99.00
sub-status-rtt-nodeK
             count = 309
               min = 11
               max = 143
              mean = 47.70
            stddev = 19.39
            median = 37.00
              75% <= 66.00
              95% <= 78.00
              98% <= 97.00
              99% <= 100.00
            99.9% <= 143.00

-- Meters ----------------------------------------------------------------------
pub-interest-rate-nodeL-blocks-sync
             count = 113
         mean rate = 2.02 events/second
     1-minute rate = 1.75 events/second
     5-minute rate = 1.34 events/second
    15-minute rate = 1.25 events/second
pub-interest-rate-nodeL-projectiles-sync
             count = 154
         mean rate = 2.75 events/second
     1-minute rate = 2.92 events/second
     5-minute rate = 2.96 events/second
    15-minute rate = 2.98 events/second
pub-interest-rate-nodeL-status-sync
             count = 1621
         mean rate = 28.91 events/second
     1-minute rate = 28.98 events/second
     5-minute rate = 29.00 events/second
    15-minute rate = 29.00 events/second

-- Timers ----------------------------------------------------------------------
pub-queue-time-nodeL-blocks-sync
             count = 11
         mean rate = 0.09 calls/second
     1-minute rate = 0.12 calls/second
     5-minute rate = 0.03 calls/second
    15-minute rate = 0.01 calls/second
               min = 0.08 milliseconds
               max = 0.27 milliseconds
              mean = 0.14 milliseconds
            stddev = 0.05 milliseconds
            median = 0.16 milliseconds
              75% <= 0.17 milliseconds
              95% <= 0.27 milliseconds
              98% <= 0.27 milliseconds
              99% <= 0.27 milliseconds
            99.9% <= 0.27 milliseconds
pub-queue-time-nodeL-status-sync
             count = 1472
         mean rate = 12.30 calls/second
     1-minute rate = 15.18 calls/second
     5-minute rate = 4.17 calls/second
    15-minute rate = 1.47 calls/second
               min = 0.05 milliseconds
               max = 3.60 milliseconds
              mean = 0.15 milliseconds
            stddev = 0.27 milliseconds
            median = 0.10 milliseconds
              75% <= 0.12 milliseconds
              95% <= 0.24 milliseconds
              98% <= 0.56 milliseconds
              99% <= 1.78 milliseconds
            99.9% <= 3.60 milliseconds


DEBUG [HeadlessApplication] (ProjectileCollisionSystem.java:108) - Bullet hit me, notifying owner and decreasing my health
DEBUG [HeadlessApplication] (ProjectileCollisionSystem.java:108) - Bullet hit me, notifying owner and decreasing my health
DEBUG [HeadlessApplication] (ProjectileCollisionSystem.java:108) - Bullet hit me, notifying owner and decreasing my health
3/16/19, 6:19:24 PM ============================================================

-- Gauges ----------------------------------------------------------------------
pub-update-percentage-nodeL-blocks-sync
             value = 0.00278473962684489
pub-update-percentage-nodeL-status-sync
             value = 0.49786483475677684
sub-blocks-cacherate-nodeE
             value = 0.16666666666666666
sub-blocks-cacherate-nodeF
             value = 0.0
sub-blocks-cacherate-nodeG
             value = 0.0
sub-blocks-cacherate-nodeH
             value = 0.3333333333333333
sub-blocks-cacherate-nodeI
             value = 0.16666666666666666
sub-blocks-cacherate-nodeK
             value = 0.0
sub-projectiles-cacherate-nodeE
             value = 0.08333333333333333
sub-projectiles-cacherate-nodeF
             value = 0.06060606060606061
sub-projectiles-cacherate-nodeG
             value = 0.07692307692307693
sub-projectiles-cacherate-nodeH
             value = 0.0
sub-projectiles-cacherate-nodeI
             value = 0.06666666666666667
sub-projectiles-cacherate-nodeK
             value = 0.06666666666666667
sub-status-cacherate-nodeE
             value = 0.0712166172106825
sub-status-cacherate-nodeF
             value = 0.017937219730941704
sub-status-cacherate-nodeG
             value = 0.014539579967689823
sub-status-cacherate-nodeH
             value = 0.02258064516129032
sub-status-cacherate-nodeI
             value = 0.009034051424600417
sub-status-cacherate-nodeK
             value = 0.0

-- Counters --------------------------------------------------------------------
sub-blocks-interestscounter-nodeE
             count = 112
sub-blocks-interestscounter-nodeF
             count = 75
sub-blocks-interestscounter-nodeG
             count = 114
sub-blocks-interestscounter-nodeH
             count = 117
sub-blocks-interestscounter-nodeI
             count = 110
sub-blocks-interestscounter-nodeK
             count = 113
sub-projectiles-interestscounter-nodeE
             count = 133
sub-projectiles-interestscounter-nodeF
             count = 99
sub-projectiles-interestscounter-nodeG
             count = 146
sub-projectiles-interestscounter-nodeH
             count = 121
sub-projectiles-interestscounter-nodeI
             count = 139
sub-projectiles-interestscounter-nodeK
             count = 127
sub-status-interestscounter-nodeE
             count = 760
sub-status-interestscounter-nodeF
             count = 506
sub-status-interestscounter-nodeG
             count = 1307
sub-status-interestscounter-nodeH
             count = 712
sub-status-interestscounter-nodeI
             count = 1495
sub-status-interestscounter-nodeK
             count = 555

-- Histograms ------------------------------------------------------------------
eng-status-delta-nodeE
             count = 670
               min = 0
               max = 2440
              mean = 24.94
            stddev = 129.63
            median = 0.00
              75% <= 11.00
              95% <= 113.00
              98% <= 292.00
              99% <= 352.00
            99.9% <= 2167.00
eng-status-delta-nodeF
             count = 441
               min = 0
               max = 4700
              mean = 53.36
            stddev = 298.46
            median = 0.00
              75% <= 11.00
              95% <= 238.00
              98% <= 809.00
              99% <= 1544.00
            99.9% <= 4700.00
eng-status-delta-nodeG
             count = 1231
               min = 0
               max = 2395
              mean = 24.31
            stddev = 111.40
            median = 0.00
              75% <= 11.00
              95% <= 110.00
              98% <= 270.00
              99% <= 472.00
            99.9% <= 2395.00
eng-status-delta-nodeH
             count = 614
               min = 0
               max = 4640
              mean = 60.86
            stddev = 330.21
            median = 0.00
              75% <= 11.00
              95% <= 214.00
              98% <= 687.00
              99% <= 1674.00
            99.9% <= 4640.00
eng-status-delta-nodeI
             count = 1430
               min = 0
               max = 2397
              mean = 41.73
            stddev = 215.68
            median = 0.00
              75% <= 11.00
              95% <= 70.00
              98% <= 673.00
              99% <= 1182.00
            99.9% <= 2397.00
eng-status-delta-nodeK
             count = 460
               min = 0
               max = 3380
              mean = 74.29
            stddev = 313.38
            median = 0.00
              75% <= 11.00
              95% <= 375.00
              98% <= 973.00
              99% <= 1868.00
            99.9% <= 3380.00
sub-blocks-latency-nodeE
             count = 6
               min = 16
               max = 107
              mean = 26.91
            stddev = 23.64
            median = 17.00
              75% <= 29.00
              95% <= 107.00
              98% <= 107.00
              99% <= 107.00
            99.9% <= 107.00
sub-blocks-latency-nodeF
             count = 6
               min = 1
               max = 15
              mean = 3.70
            stddev = 4.77
            median = 1.00
              75% <= 3.00
              95% <= 15.00
              98% <= 15.00
              99% <= 15.00
            99.9% <= 15.00
sub-blocks-latency-nodeG
             count = 2
               min = 5
               max = 28
              mean = 13.79
            stddev = 11.18
            median = 5.00
              75% <= 28.00
              95% <= 28.00
              98% <= 28.00
              99% <= 28.00
            99.9% <= 28.00
sub-blocks-latency-nodeH
             count = 3
               min = 14
               max = 179
              mean = 35.96
            stddev = 51.71
            median = 19.00
              75% <= 19.00
              95% <= 179.00
              98% <= 179.00
              99% <= 179.00
            99.9% <= 179.00
sub-blocks-latency-nodeI
             count = 6
               min = 6
               max = 57
              mean = 12.41
            stddev = 13.28
            median = 7.00
              75% <= 12.00
              95% <= 57.00
              98% <= 57.00
              99% <= 57.00
            99.9% <= 57.00
sub-blocks-latency-nodeK
             count = 3
               min = 5
               max = 14
              mean = 10.91
            stddev = 4.02
            median = 13.00
              75% <= 14.00
              95% <= 14.00
              98% <= 14.00
              99% <= 14.00
            99.9% <= 14.00
sub-blocks-rtt-nodeE
             count = 6
               min = 1
               max = 457
              mean = 245.58
            stddev = 145.36
            median = 220.00
              75% <= 454.00
              95% <= 457.00
              98% <= 457.00
              99% <= 457.00
            99.9% <= 457.00
sub-blocks-rtt-nodeF
             count = 6
               min = 55
               max = 783
              mean = 563.23
            stddev = 242.80
            median = 632.00
              75% <= 730.00
              95% <= 783.00
              98% <= 783.00
              99% <= 783.00
            99.9% <= 783.00
sub-blocks-rtt-nodeG
             count = 2
               min = 116
               max = 299
              mean = 229.05
            stddev = 88.93
            median = 299.00
              75% <= 299.00
              95% <= 299.00
              98% <= 299.00
              99% <= 299.00
            99.9% <= 299.00
sub-blocks-rtt-nodeH
             count = 3
               min = 3
               max = 395
              mean = 145.06
            stddev = 164.66
            median = 44.00
              75% <= 395.00
              95% <= 395.00
              98% <= 395.00
              99% <= 395.00
            99.9% <= 395.00
sub-blocks-rtt-nodeI
             count = 6
               min = 17
               max = 851
              mean = 260.44
            stddev = 211.39
            median = 172.00
              75% <= 305.00
              95% <= 851.00
              98% <= 851.00
              99% <= 851.00
            99.9% <= 851.00
sub-blocks-rtt-nodeK
             count = 3
               min = 140
               max = 887
              mean = 432.74
            stddev = 320.03
            median = 362.00
              75% <= 887.00
              95% <= 887.00
              98% <= 887.00
              99% <= 887.00
            99.9% <= 887.00
sub-projectiles-latency-nodeE
             count = 24
               min = 14
               max = 39
              mean = 18.52
            stddev = 6.42
            median = 16.00
              75% <= 18.00
              95% <= 37.00
              98% <= 37.00
              99% <= 39.00
            99.9% <= 39.00
sub-projectiles-latency-nodeF
             count = 33
               min = -5
               max = 226
              mean = 8.41
            stddev = 45.37
            median = -4.00
              75% <= 0.00
              95% <= 28.00
              98% <= 226.00
              99% <= 226.00
            99.9% <= 226.00
sub-projectiles-latency-nodeG
             count = 52
               min = 3
               max = 247
              mean = 19.76
            stddev = 55.68
            median = 4.00
              75% <= 6.00
              95% <= 214.00
              98% <= 247.00
              99% <= 247.00
            99.9% <= 247.00
sub-projectiles-latency-nodeH
             count = 1
               min = 4
               max = 4
              mean = 4.00
            stddev = 0.00
            median = 4.00
              75% <= 4.00
              95% <= 4.00
              98% <= 4.00
              99% <= 4.00
            99.9% <= 4.00
sub-projectiles-latency-nodeI
             count = 45
               min = 0
               max = 255
              mean = 11.91
            stddev = 47.39
            median = 1.00
              75% <= 2.00
              95% <= 20.00
              98% <= 255.00
              99% <= 255.00
            99.9% <= 255.00
sub-projectiles-latency-nodeK
             count = 15
               min = -6
               max = 154
              mean = 3.29
            stddev = 30.90
            median = -5.00
              75% <= -4.00
              95% <= 27.00
              98% <= 154.00
              99% <= 154.00
            99.9% <= 154.00
sub-projectiles-rtt-nodeE
             count = 24
               min = 14
               max = 898
              mean = 379.26
            stddev = 272.15
            median = 478.00
              75% <= 600.00
              95% <= 804.00
              98% <= 898.00
              99% <= 898.00
            99.9% <= 898.00
sub-projectiles-rtt-nodeF
             count = 33
               min = 13
               max = 999
              mean = 494.61
            stddev = 280.58
            median = 532.00
              75% <= 649.00
              95% <= 999.00
              98% <= 999.00
              99% <= 999.00
            99.9% <= 999.00
sub-projectiles-rtt-nodeG
             count = 52
               min = 4
               max = 982
              mean = 394.92
            stddev = 260.11
            median = 515.00
              75% <= 533.00
              95% <= 793.00
              98% <= 981.00
              99% <= 982.00
            99.9% <= 982.00
sub-projectiles-rtt-nodeH
             count = 1
               min = 146
               max = 146
              mean = 146.00
            stddev = 0.00
            median = 146.00
              75% <= 146.00
              95% <= 146.00
              98% <= 146.00
              99% <= 146.00
            99.9% <= 146.00
sub-projectiles-rtt-nodeI
             count = 45
               min = 1
               max = 999
              mean = 488.93
            stddev = 262.82
            median = 532.00
              75% <= 611.00
              95% <= 924.00
              98% <= 924.00
              99% <= 961.00
            99.9% <= 999.00
sub-projectiles-rtt-nodeK
             count = 15
               min = 14
               max = 832
              mean = 328.47
            stddev = 270.53
            median = 441.00
              75% <= 583.00
              95% <= 600.00
              98% <= 832.00
              99% <= 832.00
            99.9% <= 832.00
sub-status-latency-nodeE
             count = 674
               min = 15
               max = 72
              mean = 24.80
            stddev = 6.11
            median = 25.00
              75% <= 28.00
              95% <= 33.00
              98% <= 36.00
              99% <= 44.00
            99.9% <= 66.00
sub-status-latency-nodeF
             count = 446
               min = -5
               max = 185
              mean = 6.53
            stddev = 12.83
            median = 5.00
              75% <= 9.00
              95% <= 18.00
              98% <= 29.00
              99% <= 47.00
            99.9% <= 185.00
sub-status-latency-nodeG
             count = 1238
               min = 4
               max = 206
              mean = 13.94
            stddev = 7.75
            median = 14.00
              75% <= 18.00
              95% <= 23.00
              98% <= 29.00
              99% <= 38.00
            99.9% <= 52.00
sub-status-latency-nodeH
             count = 620
               min = 3
               max = 50
              mean = 12.76
            stddev = 6.53
            median = 12.00
              75% <= 17.00
              95% <= 22.00
              98% <= 28.00
              99% <= 37.00
            99.9% <= 50.00
sub-status-latency-nodeI
             count = 1439
               min = 0
               max = 86
              mean = 10.26
            stddev = 6.08
            median = 10.00
              75% <= 14.00
              95% <= 19.00
              98% <= 22.00
              99% <= 26.00
            99.9% <= 56.00
sub-status-latency-nodeK
             count = 462
               min = -5
               max = 49
              mean = 4.45
            stddev = 6.12
            median = 4.00
              75% <= 9.00
              95% <= 13.00
              98% <= 17.00
              99% <= 21.00
            99.9% <= 49.00
sub-status-rtt-nodeE
             count = 674
               min = 7
               max = 117
              mean = 47.61
            stddev = 19.99
            median = 37.00
              75% <= 66.00
              95% <= 83.00
              98% <= 95.00
              99% <= 100.00
            99.9% <= 117.00
sub-status-rtt-nodeF
             count = 446
               min = 5
               max = 123
              mean = 49.62
            stddev = 20.67
            median = 48.00
              75% <= 67.00
              95% <= 84.00
              98% <= 100.00
              99% <= 102.00
            99.9% <= 123.00
sub-status-rtt-nodeG
             count = 1238
               min = 2
               max = 149
              mean = 41.12
            stddev = 17.24
            median = 34.00
              75% <= 50.00
              95% <= 70.00
              98% <= 83.00
              99% <= 85.00
            99.9% <= 149.00
sub-status-rtt-nodeH
             count = 620
               min = 3
               max = 116
              mean = 48.15
            stddev = 20.63
            median = 44.00
              75% <= 66.00
              95% <= 83.00
              98% <= 99.00
              99% <= 100.00
            99.9% <= 116.00
sub-status-rtt-nodeI
             count = 1439
               min = 3
               max = 117
              mean = 48.36
            stddev = 19.25
            median = 39.00
              75% <= 66.00
              95% <= 74.00
              98% <= 99.00
              99% <= 100.00
            99.9% <= 117.00
sub-status-rtt-nodeK
             count = 462
               min = 11
               max = 143
              mean = 51.04
            stddev = 19.66
            median = 50.00
              75% <= 67.00
              95% <= 83.00
              98% <= 97.00
              99% <= 100.00
            99.9% <= 143.00

-- Meters ----------------------------------------------------------------------
pub-interest-rate-nodeL-blocks-sync
             count = 274
         mean rate = 2.36 events/second
     1-minute rate = 2.33 events/second
     5-minute rate = 1.58 events/second
    15-minute rate = 1.34 events/second
pub-interest-rate-nodeL-projectiles-sync
             count = 376
         mean rate = 3.24 events/second
     1-minute rate = 3.40 events/second
     5-minute rate = 3.09 events/second
    15-minute rate = 3.03 events/second
pub-interest-rate-nodeL-status-sync
             count = 3313
         mean rate = 28.56 events/second
     1-minute rate = 28.55 events/second
     5-minute rate = 28.84 events/second
    15-minute rate = 28.94 events/second

-- Timers ----------------------------------------------------------------------
pub-queue-time-nodeL-blocks-sync
             count = 17
         mean rate = 0.09 calls/second
     1-minute rate = 0.10 calls/second
     5-minute rate = 0.04 calls/second
    15-minute rate = 0.02 calls/second
               min = 0.07 milliseconds
               max = 0.27 milliseconds
              mean = 0.11 milliseconds
            stddev = 0.04 milliseconds
            median = 0.10 milliseconds
              75% <= 0.10 milliseconds
              95% <= 0.22 milliseconds
              98% <= 0.27 milliseconds
              99% <= 0.27 milliseconds
            99.9% <= 0.27 milliseconds
pub-queue-time-nodeL-status-sync
             count = 2976
         mean rate = 16.57 calls/second
     1-minute rate = 21.36 calls/second
     5-minute rate = 7.92 calls/second
    15-minute rate = 2.98 calls/second
               min = 0.06 milliseconds
               max = 20.99 milliseconds
              mean = 0.13 milliseconds
            stddev = 0.62 milliseconds
            median = 0.10 milliseconds
              75% <= 0.11 milliseconds
              95% <= 0.13 milliseconds
              98% <= 0.19 milliseconds
              99% <= 0.40 milliseconds
            99.9% <= 3.53 milliseconds


DEBUG [HeadlessApplication] (ProjectileCollisionSystem.java:108) - Bullet hit me, notifying owner and decreasing my health
3/16/19, 6:20:24 PM ============================================================

-- Gauges ----------------------------------------------------------------------
pub-update-percentage-nodeL-blocks-sync
             value = 0.00229597161344187
pub-update-percentage-nodeL-status-sync
             value = 0.49533815752852767
sub-blocks-cacherate-nodeE
             value = 0.16666666666666666
sub-blocks-cacherate-nodeF
             value = 0.0
sub-blocks-cacherate-nodeG
             value = 0.0
sub-blocks-cacherate-nodeH
             value = 0.3333333333333333
sub-blocks-cacherate-nodeI
             value = 0.16666666666666666
sub-blocks-cacherate-nodeK
             value = 0.0
sub-projectiles-cacherate-nodeE
             value = 0.07692307692307693
sub-projectiles-cacherate-nodeF
             value = 0.04878048780487805
sub-projectiles-cacherate-nodeG
             value = 0.0684931506849315
sub-projectiles-cacherate-nodeH
             value = 0.0
sub-projectiles-cacherate-nodeI
             value = 0.039473684210526314
sub-projectiles-cacherate-nodeK
             value = 0.041666666666666664
sub-status-cacherate-nodeE
             value = 0.06290672451193059
sub-status-cacherate-nodeF
             value = 0.011034482758620689
sub-status-cacherate-nodeG
             value = 0.013148283418553688
sub-status-cacherate-nodeH
             value = 0.018867924528301886
sub-status-cacherate-nodeI
             value = 0.007826610475617099
sub-status-cacherate-nodeK
             value = 0.0

-- Counters --------------------------------------------------------------------
sub-blocks-interestscounter-nodeE
             count = 172
sub-blocks-interestscounter-nodeF
             count = 135
sub-blocks-interestscounter-nodeG
             count = 174
sub-blocks-interestscounter-nodeH
             count = 177
sub-blocks-interestscounter-nodeI
             count = 170
sub-blocks-interestscounter-nodeK
             count = 172
sub-projectiles-interestscounter-nodeE
             count = 202
sub-projectiles-interestscounter-nodeF
             count = 164
sub-projectiles-interestscounter-nodeG
             count = 218
sub-projectiles-interestscounter-nodeH
             count = 182
sub-projectiles-interestscounter-nodeI
             count = 216
sub-projectiles-interestscounter-nodeK
             count = 191
sub-status-interestscounter-nodeE
             count = 1056
sub-status-interestscounter-nodeF
             count = 831
sub-status-interestscounter-nodeG
             count = 1491
sub-status-interestscounter-nodeH
             count = 1039
sub-status-interestscounter-nodeI
             count = 1766
sub-status-interestscounter-nodeK
             count = 843

-- Histograms ------------------------------------------------------------------
eng-status-delta-nodeE
             count = 917
               min = 0
               max = 2440
              mean = 45.15
            stddev = 183.98
            median = 0.00
              75% <= 41.00
              95% <= 123.00
              98% <= 468.00
              99% <= 1156.00
            99.9% <= 1924.00
eng-status-delta-nodeF
             count = 719
               min = 0
               max = 5545
              mean = 56.91
            stddev = 328.66
            median = 0.00
              75% <= 11.00
              95% <= 283.00
              98% <= 626.00
              99% <= 1422.00
            99.9% <= 5545.00
eng-status-delta-nodeG
             count = 1362
               min = 0
               max = 3712
              mean = 59.45
            stddev = 271.92
            median = 0.00
              75% <= 17.00
              95% <= 234.00
              98% <= 702.00
              99% <= 753.00
            99.9% <= 3712.00
eng-status-delta-nodeH
             count = 894
               min = 0
               max = 4640
              mean = 68.93
            stddev = 349.79
            median = 0.00
              75% <= 11.00
              95% <= 236.00
              98% <= 1378.00
              99% <= 2260.00
            99.9% <= 3221.00
eng-status-delta-nodeI
             count = 1650
               min = 0
               max = 3182
              mean = 45.98
            stddev = 232.18
            median = 0.00
              75% <= 11.00
              95% <= 178.00
              98% <= 662.00
              99% <= 1182.00
            99.9% <= 3182.00
eng-status-delta-nodeK
             count = 700
               min = 0
               max = 3380
              mean = 64.87
            stddev = 283.28
            median = 0.00
              75% <= 11.00
              95% <= 392.00
              98% <= 665.00
              99% <= 1587.00
            99.9% <= 2647.00
sub-blocks-latency-nodeE
             count = 6
               min = 16
               max = 107
              mean = 26.91
            stddev = 23.64
            median = 17.00
              75% <= 29.00
              95% <= 107.00
              98% <= 107.00
              99% <= 107.00
            99.9% <= 107.00
sub-blocks-latency-nodeF
             count = 6
               min = 1
               max = 15
              mean = 3.70
            stddev = 4.77
            median = 1.00
              75% <= 3.00
              95% <= 15.00
              98% <= 15.00
              99% <= 15.00
            99.9% <= 15.00
sub-blocks-latency-nodeG
             count = 2
               min = 5
               max = 28
              mean = 13.79
            stddev = 11.18
            median = 5.00
              75% <= 28.00
              95% <= 28.00
              98% <= 28.00
              99% <= 28.00
            99.9% <= 28.00
sub-blocks-latency-nodeH
             count = 3
               min = 14
               max = 179
              mean = 35.96
            stddev = 51.71
            median = 19.00
              75% <= 19.00
              95% <= 179.00
              98% <= 179.00
              99% <= 179.00
            99.9% <= 179.00
sub-blocks-latency-nodeI
             count = 6
               min = 6
               max = 57
              mean = 12.41
            stddev = 13.28
            median = 7.00
              75% <= 12.00
              95% <= 57.00
              98% <= 57.00
              99% <= 57.00
            99.9% <= 57.00
sub-blocks-latency-nodeK
             count = 4
               min = 5
               max = 14
              mean = 7.78
            stddev = 3.38
            median = 6.00
              75% <= 6.00
              95% <= 14.00
              98% <= 14.00
              99% <= 14.00
            99.9% <= 14.00
sub-blocks-rtt-nodeE
             count = 6
               min = 1
               max = 457
              mean = 245.58
            stddev = 145.36
            median = 220.00
              75% <= 454.00
              95% <= 457.00
              98% <= 457.00
              99% <= 457.00
            99.9% <= 457.00
sub-blocks-rtt-nodeF
             count = 6
               min = 55
               max = 783
              mean = 563.23
            stddev = 242.80
            median = 632.00
              75% <= 730.00
              95% <= 783.00
              98% <= 783.00
              99% <= 783.00
            99.9% <= 783.00
sub-blocks-rtt-nodeG
             count = 2
               min = 116
               max = 299
              mean = 229.05
            stddev = 88.93
            median = 299.00
              75% <= 299.00
              95% <= 299.00
              98% <= 299.00
              99% <= 299.00
            99.9% <= 299.00
sub-blocks-rtt-nodeH
             count = 3
               min = 3
               max = 395
              mean = 145.06
            stddev = 164.66
            median = 44.00
              75% <= 395.00
              95% <= 395.00
              98% <= 395.00
              99% <= 395.00
            99.9% <= 395.00
sub-blocks-rtt-nodeI
             count = 6
               min = 17
               max = 851
              mean = 260.44
            stddev = 211.39
            median = 172.00
              75% <= 305.00
              95% <= 851.00
              98% <= 851.00
              99% <= 851.00
            99.9% <= 851.00
sub-blocks-rtt-nodeK
             count = 4
               min = 140
               max = 887
              mean = 651.73
            stddev = 253.56
            median = 776.00
              75% <= 776.00
              95% <= 887.00
              98% <= 887.00
              99% <= 887.00
            99.9% <= 887.00
sub-projectiles-latency-nodeE
             count = 39
               min = 13
               max = 271
              mean = 26.73
            stddev = 48.48
            median = 14.00
              75% <= 17.00
              95% <= 41.00
              98% <= 271.00
              99% <= 271.00
            99.9% <= 271.00
sub-projectiles-latency-nodeF
             count = 41
               min = -5
               max = 226
              mean = 4.38
            stddev = 34.15
            median = -4.00
              75% <= 1.00
              95% <= 17.00
              98% <= 189.00
              99% <= 226.00
            99.9% <= 226.00
sub-projectiles-latency-nodeG
             count = 73
               min = 3
               max = 247
              mean = 12.59
            stddev = 38.33
            median = 4.00
              75% <= 5.00
              95% <= 38.00
              98% <= 214.00
              99% <= 247.00
            99.9% <= 247.00
sub-projectiles-latency-nodeH
             count = 4
               min = 4
               max = 33
              mean = 13.43
            stddev = 13.26
            median = 5.00
              75% <= 33.00
              95% <= 33.00
              98% <= 33.00
              99% <= 33.00
            99.9% <= 33.00
sub-projectiles-latency-nodeI
             count = 76
               min = 0
               max = 255
              mean = 6.54
            stddev = 27.40
            median = 1.00
              75% <= 2.00
              95% <= 17.00
              98% <= 25.00
              99% <= 255.00
            99.9% <= 255.00
sub-projectiles-latency-nodeK
             count = 24
               min = -6
               max = 154
              mean = 6.45
            stddev = 23.27
            median = -4.00
              75% <= 3.00
              95% <= 46.00
              98% <= 46.00
              99% <= 154.00
            99.9% <= 154.00
sub-projectiles-rtt-nodeE
             count = 39
               min = 4
               max = 898
              mean = 377.00
            stddev = 260.12
            median = 400.00
              75% <= 600.00
              95% <= 800.00
              98% <= 804.00
              99% <= 898.00
            99.9% <= 898.00
sub-projectiles-rtt-nodeF
             count = 41
               min = 13
               max = 999
              mean = 408.21
            stddev = 275.28
            median = 498.00
              75% <= 535.00
              95% <= 850.00
              98% <= 999.00
              99% <= 999.00
            99.9% <= 999.00
sub-projectiles-rtt-nodeG
             count = 73
               min = 4
               max = 982
              mean = 392.24
            stddev = 282.39
            median = 316.00
              75% <= 679.00
              95% <= 853.00
              98% <= 883.00
              99% <= 981.00
            99.9% <= 982.00
sub-projectiles-rtt-nodeH
             count = 4
               min = 31
               max = 911
              mean = 572.94
            stddev = 403.21
            median = 852.00
              75% <= 911.00
              95% <= 911.00
              98% <= 911.00
              99% <= 911.00
            99.9% <= 911.00
sub-projectiles-rtt-nodeI
             count = 76
               min = 1
               max = 999
              mean = 452.45
            stddev = 246.17
            median = 517.00
              75% <= 564.00
              95% <= 883.00
              98% <= 980.00
              99% <= 980.00
            99.9% <= 999.00
sub-projectiles-rtt-nodeK
             count = 24
               min = 14
               max = 903
              mean = 420.46
            stddev = 272.92
            median = 451.00
              75% <= 600.00
              95% <= 903.00
              98% <= 903.00
              99% <= 903.00
            99.9% <= 903.00
sub-status-latency-nodeE
             count = 922
               min = 13
               max = 72
              mean = 24.21
            stddev = 6.47
            median = 24.00
              75% <= 28.00
              95% <= 33.00
              98% <= 39.00
              99% <= 47.00
            99.9% <= 60.00
sub-status-latency-nodeF
             count = 725
               min = -5
               max = 185
              mean = 5.72
            stddev = 8.94
            median = 5.00
              75% <= 9.00
              95% <= 15.00
              98% <= 24.00
              99% <= 27.00
            99.9% <= 132.00
sub-status-latency-nodeG
             count = 1369
               min = 3
               max = 73
              mean = 14.29
            stddev = 8.07
            median = 14.00
              75% <= 18.00
              95% <= 25.00
              98% <= 31.00
              99% <= 50.00
            99.9% <= 73.00
sub-status-latency-nodeH
             count = 901
               min = 3
               max = 50
              mean = 13.31
            stddev = 6.56
            median = 13.00
              75% <= 17.00
              95% <= 22.00
              98% <= 28.00
              99% <= 36.00
            99.9% <= 48.00
sub-status-latency-nodeI
             count = 1662
               min = 0
               max = 62
              mean = 11.07
            stddev = 6.78
            median = 11.00
              75% <= 15.00
              95% <= 20.00
              98% <= 32.00
              99% <= 35.00
            99.9% <= 62.00
sub-status-latency-nodeK
             count = 702
               min = -5
               max = 49
              mean = 4.66
            stddev = 6.15
            median = 4.00
              75% <= 8.00
              95% <= 13.00
              98% <= 21.00
              99% <= 25.00
            99.9% <= 35.00
sub-status-rtt-nodeE
             count = 922
               min = 7
               max = 117
              mean = 48.53
            stddev = 20.24
            median = 42.00
              75% <= 66.00
              95% <= 83.00
              98% <= 96.00
              99% <= 100.00
            99.9% <= 110.00
sub-status-rtt-nodeF
             count = 725
               min = 5
               max = 123
              mean = 50.82
            stddev = 20.12
            median = 50.00
              75% <= 67.00
              95% <= 83.00
              98% <= 99.00
              99% <= 100.00
            99.9% <= 117.00
sub-status-rtt-nodeG
             count = 1369
               min = 2
               max = 149
              mean = 46.24
            stddev = 19.98
            median = 36.00
              75% <= 65.00
              95% <= 83.00
              98% <= 98.00
              99% <= 102.00
            99.9% <= 140.00
sub-status-rtt-nodeH
             count = 901
               min = 3
               max = 125
              mean = 50.34
            stddev = 21.31
            median = 50.00
              75% <= 67.00
              95% <= 84.00
              98% <= 100.00
              99% <= 107.00
            99.9% <= 125.00
sub-status-rtt-nodeI
             count = 1662
               min = 3
               max = 134
              mean = 51.11
            stddev = 22.05
            median = 50.00
              75% <= 67.00
              95% <= 87.00
              98% <= 100.00
              99% <= 109.00
            99.9% <= 134.00
sub-status-rtt-nodeK
             count = 702
               min = 11
               max = 143
              mean = 51.46
            stddev = 20.96
            median = 50.00
              75% <= 67.00
              95% <= 84.00
              98% <= 100.00
              99% <= 112.00
            99.9% <= 123.00

-- Meters ----------------------------------------------------------------------
pub-interest-rate-nodeL-blocks-sync
             count = 438
         mean rate = 2.49 events/second
     1-minute rate = 2.57 events/second
     5-minute rate = 1.79 events/second
    15-minute rate = 1.43 events/second
pub-interest-rate-nodeL-projectiles-sync
             count = 585
         mean rate = 3.32 events/second
     1-minute rate = 3.48 events/second
     5-minute rate = 3.16 events/second
    15-minute rate = 3.06 events/second
pub-interest-rate-nodeL-status-sync
             count = 4989
         mean rate = 28.35 events/second
     1-minute rate = 28.08 events/second
     5-minute rate = 28.68 events/second
    15-minute rate = 28.88 events/second

-- Timers ----------------------------------------------------------------------
pub-queue-time-nodeL-blocks-sync
             count = 20
         mean rate = 0.08 calls/second
     1-minute rate = 0.09 calls/second
     5-minute rate = 0.05 calls/second
    15-minute rate = 0.02 calls/second
               min = 0.07 milliseconds
               max = 0.27 milliseconds
              mean = 0.13 milliseconds
            stddev = 0.05 milliseconds
            median = 0.10 milliseconds
              75% <= 0.16 milliseconds
              95% <= 0.21 milliseconds
              98% <= 0.22 milliseconds
              99% <= 0.27 milliseconds
            99.9% <= 0.27 milliseconds
pub-queue-time-nodeL-status-sync
             count = 4462
         mean rate = 18.63 calls/second
     1-minute rate = 23.35 calls/second
     5-minute rate = 10.97 calls/second
    15-minute rate = 4.38 calls/second
               min = 0.05 milliseconds
               max = 20.99 milliseconds
              mean = 0.15 milliseconds
            stddev = 0.61 milliseconds
            median = 0.10 milliseconds
              75% <= 0.11 milliseconds
              95% <= 0.19 milliseconds
              98% <= 0.53 milliseconds
              99% <= 1.45 milliseconds
            99.9% <= 11.00 milliseconds


DEBUG [HeadlessApplication] (ProjectileCollisionSystem.java:108) - Bullet hit me, notifying owner and decreasing my health
DEBUG [HeadlessApplication] (ProjectileCollisionSystem.java:108) - Bullet hit me, notifying owner and decreasing my health
