DEBUG [main] (ConfigManager.java:33) - Initialized with properties: {local.player.status.updates.per.sec=30, facemanager.num.sub.threads.per.face=10, linear.interest.zone.filter.inner.radius=10, projectile.cache.size=20, local.player.status.use.dead.reckoning=false, block.publisher.freshness.period.ms=20, player.status.publisher.freshness.period.ms=20, base.publisher.queue.process.per.sec=60, projectile.sub.inter.interest.max.wait.time.ms=2000, linear.interest.zone.filter.outer.radius=20, local.player.dead.reckoning.max.error=0.5, projectile.publisher.queue.process.multithread=true, statistics.logger.log.rate.sec=30, facemanager.max.num.pub.faces=15, facemanager.num.pub.threads.per.face=10, facemanager.max.num.sub.faces=15, block.sub.inter.interest.max.wait.time.ms=2000, projectile.publisher.queue.process.per.sec=60, base.publisher.queue.process.multithread=true, player.sub.inter.interest.max.wait.time.ms=2000, linear.interest.zone.filter.enabled=false, projectile.publisher.freshness.period.ms=20}
WARNING: An illegal reflective access operation has occurred
WARNING: Illegal reflective access by com.google.inject.internal.cglib.core.$ReflectUtils$2 (file:/NdnGame/NdnGameLibGdxDesktop-1.0-SNAPSHOT.jar) to method java.lang.ClassLoader.defineClass(java.lang.String,byte[],int,int,java.security.ProtectionDomain)
WARNING: Please consider reporting this to the maintainers of com.google.inject.internal.cglib.core.$ReflectUtils$2
WARNING: Use --illegal-access=warn to enable warnings of further illegal reflective access operations
WARNING: All illegal access operations will be denied in a future release
DEBUG [main] (BackendModule.java:123) - Writing metrics to /metrics/nodeB
 INFO [main] (BodyFactory.java:30) - Using quadrant size of 80.0 and quadrant gap of 20.0
 INFO [main] (DesktopLauncher.java:49) - Launching headless game
 INFO [main] (DesktopLauncher.java:50) - LocalConfig{playerName='nodeB', isMasterView=false, isAutomated=true, automationType='wsp', isHeadless=true, gameId=0, screenWidth=600, screenHeight=600, targetFrameRate=60}
DEBUG [main] (AutomatedInputController.java:52) - Starting with automation type: wsp
DEBUG [main] (BasePublisher.java:67) - Registering /com/stefanolupo/ndngame/0/nodeB/blocks/sync
DEBUG [main] (BasePublisher.java:67) - Registering /com/stefanolupo/ndngame/0/nodeB/status/sync
Apr 09, 2019 9:54:59 PM net.named_data.jndn.Node$RegisterResponse onData
INFO: Register prefix succeeded with the NFD forwarder for prefix /com/stefanolupo/ndngame/0/nodeB/blocks/sync
Apr 09, 2019 9:54:59 PM net.named_data.jndn.Node$RegisterResponse onData
INFO: Register prefix succeeded with the NFD forwarder for prefix /com/stefanolupo/ndngame/0/nodeB/blocks/interact
Apr 09, 2019 9:54:59 PM net.named_data.jndn.Node$RegisterResponse onData
INFO: Register prefix failed: Expected NFD status code 200, got: 403
Apr 09, 2019 9:54:59 PM net.named_data.jndn.Node$RegisterResponse onData
INFO: Register prefix succeeded with the NFD forwarder for prefix /com/stefanolupo/ndngame/0/nodeB/projectiles/interact
Apr 09, 2019 9:54:59 PM net.named_data.jndn.Node$RegisterResponse onData
INFO: Register prefix succeeded with the NFD forwarder for prefix /com/stefanolupo/ndngame/0/nodeB/status/sync
 WARN [fm-pub-3-1] (FaceManager.java:150) - Failed to register prefix: /com/stefanolupo/ndngame/0/nodeB/projectiles/sync, retrying..
Apr 09, 2019 9:54:59 PM net.named_data.jndn.Node$RegisterResponse onData
INFO: Register prefix succeeded with the NFD forwarder for prefix /com/stefanolupo/ndngame/0/nodeB/projectiles/sync
Apr 09, 2019 9:55:03 PM net.named_data.jndn.Node$RegisterResponse onData
INFO: Register prefix succeeded with the NFD forwarder for prefix /com/stefanolupo/ndngame/0/config/broadcast
 INFO [cs-/com/stefanolupo/ndngame/0/config/nodeB-0] (ChronoSynced.java:93) - Initialized ChronoSyncedMap for /com/stefanolupo/ndngame/0/config/nodeB
Apr 09, 2019 9:55:03 PM net.named_data.jndn.Node$RegisterResponse onData
INFO: Register prefix succeeded with the NFD forwarder for prefix /com/stefanolupo/ndngame/0/config/nodeB
 INFO [cs-/com/stefanolupo/ndngame/0/discovery/nodeB-0] (ChronoSynced.java:93) - Initialized ChronoSyncedMap for /com/stefanolupo/ndngame/0/discovery/nodeB
Apr 09, 2019 9:55:04 PM net.named_data.jndn.Node$RegisterResponse onData
INFO: Register prefix succeeded with the NFD forwarder for prefix /com/stefanolupo/ndngame/0/discovery/broadcast
Apr 09, 2019 9:55:04 PM net.named_data.jndn.Node$RegisterResponse onData
INFO: Register prefix succeeded with the NFD forwarder for prefix /com/stefanolupo/ndngame/0/discovery/nodeB
 INFO [cs-/com/stefanolupo/ndngame/0/discovery/nodeB-0] (PlayerStatusSubscriber.java:59) - Adding subscription for nodeF
 INFO [cs-/com/stefanolupo/ndngame/0/discovery/nodeB-0] (PlayerStatusSubscriber.java:59) - Adding subscription for nodeA
 INFO [cs-/com/stefanolupo/ndngame/0/discovery/nodeB-0] (PlayerStatusSubscriber.java:59) - Adding subscription for nodeG
 INFO [cs-/com/stefanolupo/ndngame/0/discovery/nodeB-0] (PlayerStatusSubscriber.java:59) - Adding subscription for nodeM
 INFO [cs-/com/stefanolupo/ndngame/0/discovery/nodeB-0] (PlayerStatusSubscriber.java:59) - Adding subscription for nodeNN
 INFO [cs-/com/stefanolupo/ndngame/0/discovery/nodeB-0] (PlayerStatusSubscriber.java:59) - Adding subscription for nodeC
 INFO [cs-/com/stefanolupo/ndngame/0/discovery/nodeB-0] (PlayerStatusSubscriber.java:59) - Adding subscription for nodeI
 INFO [cs-/com/stefanolupo/ndngame/0/discovery/nodeB-0] (PlayerStatusSubscriber.java:59) - Adding subscription for nodeO
 INFO [cs-/com/stefanolupo/ndngame/0/discovery/nodeB-0] (PlayerStatusSubscriber.java:59) - Adding subscription for nodeJ
 INFO [cs-/com/stefanolupo/ndngame/0/discovery/nodeB-0] (PlayerStatusSubscriber.java:59) - Adding subscription for nodeE
 INFO [cs-/com/stefanolupo/ndngame/0/discovery/nodeB-0] (BlockSubscriber.java:55) - Adding subscription for /com/stefanolupo/ndngame/0/nodeF/blocks/sync/0/0/0
 INFO [cs-/com/stefanolupo/ndngame/0/discovery/nodeB-0] (BlockSubscriber.java:55) - Adding subscription for /com/stefanolupo/ndngame/0/nodeA/blocks/sync/0/0/0
 INFO [cs-/com/stefanolupo/ndngame/0/discovery/nodeB-0] (BlockSubscriber.java:55) - Adding subscription for /com/stefanolupo/ndngame/0/nodeG/blocks/sync/0/0/0
 INFO [cs-/com/stefanolupo/ndngame/0/discovery/nodeB-0] (BlockSubscriber.java:55) - Adding subscription for /com/stefanolupo/ndngame/0/nodeM/blocks/sync/0/0/0
 INFO [cs-/com/stefanolupo/ndngame/0/discovery/nodeB-0] (BlockSubscriber.java:55) - Adding subscription for /com/stefanolupo/ndngame/0/nodeNN/blocks/sync/0/0/0
 INFO [cs-/com/stefanolupo/ndngame/0/discovery/nodeB-0] (BlockSubscriber.java:55) - Adding subscription for /com/stefanolupo/ndngame/0/nodeC/blocks/sync/0/0/0
 INFO [cs-/com/stefanolupo/ndngame/0/discovery/nodeB-0] (BlockSubscriber.java:55) - Adding subscription for /com/stefanolupo/ndngame/0/nodeI/blocks/sync/0/0/0
 INFO [cs-/com/stefanolupo/ndngame/0/discovery/nodeB-0] (BlockSubscriber.java:55) - Adding subscription for /com/stefanolupo/ndngame/0/nodeO/blocks/sync/0/0/0
 INFO [cs-/com/stefanolupo/ndngame/0/discovery/nodeB-0] (BlockSubscriber.java:55) - Adding subscription for /com/stefanolupo/ndngame/0/nodeJ/blocks/sync/0/0/0
 INFO [cs-/com/stefanolupo/ndngame/0/discovery/nodeB-0] (BlockSubscriber.java:55) - Adding subscription for /com/stefanolupo/ndngame/0/nodeE/blocks/sync/0/0/0
 INFO [cs-/com/stefanolupo/ndngame/0/discovery/nodeB-0] (ProjectileSubscriber.java:53) - Adding subscription for /com/stefanolupo/ndngame/0/nodeF/projectiles/sync/0/0/0
 INFO [cs-/com/stefanolupo/ndngame/0/discovery/nodeB-0] (ProjectileSubscriber.java:53) - Adding subscription for /com/stefanolupo/ndngame/0/nodeA/projectiles/sync/0/0/0
 INFO [cs-/com/stefanolupo/ndngame/0/discovery/nodeB-0] (ProjectileSubscriber.java:53) - Adding subscription for /com/stefanolupo/ndngame/0/nodeG/projectiles/sync/0/0/0
 INFO [cs-/com/stefanolupo/ndngame/0/discovery/nodeB-0] (ProjectileSubscriber.java:53) - Adding subscription for /com/stefanolupo/ndngame/0/nodeM/projectiles/sync/0/0/0
 INFO [cs-/com/stefanolupo/ndngame/0/discovery/nodeB-0] (ProjectileSubscriber.java:53) - Adding subscription for /com/stefanolupo/ndngame/0/nodeNN/projectiles/sync/0/0/0
 INFO [cs-/com/stefanolupo/ndngame/0/discovery/nodeB-0] (ProjectileSubscriber.java:53) - Adding subscription for /com/stefanolupo/ndngame/0/nodeC/projectiles/sync/0/0/0
 INFO [cs-/com/stefanolupo/ndngame/0/discovery/nodeB-0] (ProjectileSubscriber.java:53) - Adding subscription for /com/stefanolupo/ndngame/0/nodeI/projectiles/sync/0/0/0
 INFO [cs-/com/stefanolupo/ndngame/0/discovery/nodeB-0] (ProjectileSubscriber.java:53) - Adding subscription for /com/stefanolupo/ndngame/0/nodeO/projectiles/sync/0/0/0
 INFO [cs-/com/stefanolupo/ndngame/0/discovery/nodeB-0] (ProjectileSubscriber.java:53) - Adding subscription for /com/stefanolupo/ndngame/0/nodeJ/projectiles/sync/0/0/0
 INFO [cs-/com/stefanolupo/ndngame/0/discovery/nodeB-0] (ProjectileSubscriber.java:53) - Adding subscription for /com/stefanolupo/ndngame/0/nodeE/projectiles/sync/0/0/0
 INFO [cs-/com/stefanolupo/ndngame/0/discovery/nodeB-0] (PlayerStatusSubscriber.java:59) - Adding subscription for nodeH
 INFO [cs-/com/stefanolupo/ndngame/0/discovery/nodeB-0] (BlockSubscriber.java:55) - Adding subscription for /com/stefanolupo/ndngame/0/nodeH/blocks/sync/0/0/0
 INFO [cs-/com/stefanolupo/ndngame/0/discovery/nodeB-0] (ProjectileSubscriber.java:53) - Adding subscription for /com/stefanolupo/ndngame/0/nodeH/projectiles/sync/0/0/0
 INFO [fm-pub-3-4] (ProjectilePublisher.java:139) - Creating interest meter
 INFO [cs-/com/stefanolupo/ndngame/0/discovery/nodeB-0] (PlayerStatusSubscriber.java:59) - Adding subscription for nodeK
 INFO [cs-/com/stefanolupo/ndngame/0/discovery/nodeB-0] (BlockSubscriber.java:55) - Adding subscription for /com/stefanolupo/ndngame/0/nodeK/blocks/sync/0/0/0
 INFO [cs-/com/stefanolupo/ndngame/0/discovery/nodeB-0] (ProjectileSubscriber.java:53) - Adding subscription for /com/stefanolupo/ndngame/0/nodeK/projectiles/sync/0/0/0
 INFO [cs-/com/stefanolupo/ndngame/0/discovery/nodeB-0] (PlayerStatusSubscriber.java:59) - Adding subscription for nodeD
 INFO [cs-/com/stefanolupo/ndngame/0/discovery/nodeB-0] (BlockSubscriber.java:55) - Adding subscription for /com/stefanolupo/ndngame/0/nodeD/blocks/sync/0/0/0
 INFO [cs-/com/stefanolupo/ndngame/0/discovery/nodeB-0] (ProjectileSubscriber.java:53) - Adding subscription for /com/stefanolupo/ndngame/0/nodeD/projectiles/sync/0/0/0
 INFO [cs-/com/stefanolupo/ndngame/0/discovery/nodeB-0] (PlayerStatusSubscriber.java:59) - Adding subscription for nodeP
 INFO [cs-/com/stefanolupo/ndngame/0/discovery/nodeB-0] (BlockSubscriber.java:55) - Adding subscription for /com/stefanolupo/ndngame/0/nodeP/blocks/sync/0/0/0
 INFO [cs-/com/stefanolupo/ndngame/0/discovery/nodeB-0] (ProjectileSubscriber.java:53) - Adding subscription for /com/stefanolupo/ndngame/0/nodeP/projectiles/sync/0/0/0
 INFO [cs-/com/stefanolupo/ndngame/0/discovery/nodeB-0] (PlayerStatusSubscriber.java:59) - Adding subscription for nodeL
 INFO [cs-/com/stefanolupo/ndngame/0/discovery/nodeB-0] (BlockSubscriber.java:55) - Adding subscription for /com/stefanolupo/ndngame/0/nodeL/blocks/sync/0/0/0
 INFO [cs-/com/stefanolupo/ndngame/0/discovery/nodeB-0] (ProjectileSubscriber.java:53) - Adding subscription for /com/stefanolupo/ndngame/0/nodeL/projectiles/sync/0/0/0
 WARN [cs-/com/stefanolupo/ndngame/0/discovery/nodeB-0] (ChronoSynced.java:118) - Timeout for interest: /com/stefanolupo/ndngame/0/discovery/nodeB/1?ndn.MustBeFresh=1&ndn.Nonce=%DFW%AC%8B
 WARN [cs-/com/stefanolupo/ndngame/0/discovery/nodeB-0] (ChronoSynced.java:118) - Timeout for interest: /com/stefanolupo/ndngame/0/discovery/nodeB/1?ndn.MustBeFresh=1&ndn.Nonce=%BE%B4%86p
 WARN [cs-/com/stefanolupo/ndngame/0/discovery/nodeB-0] (ChronoSynced.java:118) - Timeout for interest: /com/stefanolupo/ndngame/0/discovery/nodeB/1?ndn.MustBeFresh=1&ndn.Nonce=%16%AA_%3C
 WARN [cs-/com/stefanolupo/ndngame/0/discovery/nodeB-0] (ChronoSynced.java:118) - Timeout for interest: /com/stefanolupo/ndngame/0/discovery/nodeB/1?ndn.MustBeFresh=1&ndn.Nonce=%DB%D7%AB%B3
 WARN [cs-/com/stefanolupo/ndngame/0/discovery/nodeB-0] (ChronoSynced.java:118) - Timeout for interest: /com/stefanolupo/ndngame/0/discovery/nodeB/1?ndn.MustBeFresh=1&ndn.Nonce=%2C%F5%5E%9C
 WARN [cs-/com/stefanolupo/ndngame/0/discovery/nodeB-0] (ChronoSynced.java:118) - Timeout for interest: /com/stefanolupo/ndngame/0/discovery/nodeB/1?ndn.MustBeFresh=1&ndn.Nonce=_8%05%91
 WARN [cs-/com/stefanolupo/ndngame/0/discovery/nodeB-0] (ChronoSynced.java:118) - Timeout for interest: /com/stefanolupo/ndngame/0/discovery/nodeB/1?ndn.MustBeFresh=1&ndn.Nonce=A%98%7D%BD
 WARN [cs-/com/stefanolupo/ndngame/0/discovery/nodeB-0] (ChronoSynced.java:118) - Timeout for interest: /com/stefanolupo/ndngame/0/discovery/nodeB/1?ndn.MustBeFresh=1&ndn.Nonce=%97%84X%C7
 WARN [cs-/com/stefanolupo/ndngame/0/discovery/nodeB-0] (ChronoSynced.java:118) - Timeout for interest: /com/stefanolupo/ndngame/0/discovery/nodeB/1?ndn.MustBeFresh=1&ndn.Nonce=%B3%FBM%CD
 WARN [cs-/com/stefanolupo/ndngame/0/discovery/nodeB-0] (ChronoSynced.java:118) - Timeout for interest: /com/stefanolupo/ndngame/0/discovery/nodeB/1?ndn.MustBeFresh=1&ndn.Nonce=87%17%23
 WARN [cs-/com/stefanolupo/ndngame/0/discovery/nodeB-0] (ChronoSynced.java:118) - Timeout for interest: /com/stefanolupo/ndngame/0/discovery/nodeB/1?ndn.MustBeFresh=1&ndn.Nonce=%B9%21%D9U
 WARN [cs-/com/stefanolupo/ndngame/0/discovery/nodeB-0] (ChronoSynced.java:118) - Timeout for interest: /com/stefanolupo/ndngame/0/discovery/nodeB/1?ndn.MustBeFresh=1&ndn.Nonce=%D5%3B%A2%FE
 WARN [cs-/com/stefanolupo/ndngame/0/discovery/nodeB-0] (ChronoSynced.java:118) - Timeout for interest: /com/stefanolupo/ndngame/0/discovery/nodeB/1?ndn.MustBeFresh=1&ndn.Nonce=%9F%07%27%D5
 WARN [cs-/com/stefanolupo/ndngame/0/discovery/nodeB-0] (ChronoSynced.java:118) - Timeout for interest: /com/stefanolupo/ndngame/0/discovery/nodeB/1?ndn.MustBeFresh=1&ndn.Nonce=%0Ft%20k
 WARN [cs-/com/stefanolupo/ndngame/0/discovery/nodeB-0] (ChronoSynced.java:118) - Timeout for interest: /com/stefanolupo/ndngame/0/discovery/nodeB/1?ndn.MustBeFresh=1&ndn.Nonce=%88%CB%3Em
 WARN [cs-/com/stefanolupo/ndngame/0/discovery/nodeB-0] (ChronoSynced.java:118) - Timeout for interest: /com/stefanolupo/ndngame/0/discovery/nodeB/1?ndn.MustBeFresh=1&ndn.Nonce=%7Ew%D7%EC
 WARN [cs-/com/stefanolupo/ndngame/0/discovery/nodeB-0] (ChronoSynced.java:118) - Timeout for interest: /com/stefanolupo/ndngame/0/discovery/nodeB/1?ndn.MustBeFresh=1&ndn.Nonce=%F3%01%29%8C
 WARN [cs-/com/stefanolupo/ndngame/0/discovery/nodeB-0] (ChronoSynced.java:118) - Timeout for interest: /com/stefanolupo/ndngame/0/discovery/nodeB/1?ndn.MustBeFresh=1&ndn.Nonce=%F1AC%06
 WARN [cs-/com/stefanolupo/ndngame/0/discovery/nodeB-0] (ChronoSynced.java:118) - Timeout for interest: /com/stefanolupo/ndngame/0/discovery/nodeB/1?ndn.MustBeFresh=1&ndn.Nonce=%C5%3F%60%C4
 WARN [cs-/com/stefanolupo/ndngame/0/discovery/nodeB-0] (ChronoSynced.java:118) - Timeout for interest: /com/stefanolupo/ndngame/0/discovery/nodeB/1?ndn.MustBeFresh=1&ndn.Nonce=%23%B7%1B%25
 WARN [cs-/com/stefanolupo/ndngame/0/discovery/nodeB-0] (ChronoSynced.java:118) - Timeout for interest: /com/stefanolupo/ndngame/0/discovery/nodeB/1?ndn.MustBeFresh=1&ndn.Nonce=%95F%B1%F9
 WARN [cs-/com/stefanolupo/ndngame/0/discovery/nodeB-0] (ChronoSynced.java:118) - Timeout for interest: /com/stefanolupo/ndngame/0/discovery/nodeB/1?ndn.MustBeFresh=1&ndn.Nonce=M%7C0%9F
 WARN [cs-/com/stefanolupo/ndngame/0/discovery/nodeB-0] (ChronoSynced.java:118) - Timeout for interest: /com/stefanolupo/ndngame/0/discovery/nodeB/1?ndn.MustBeFresh=1&ndn.Nonce=%00%D41%8D
 WARN [bp-queue-proc-/com/stefanolupo/ndngame/0/nodeB/blocks/sync-1] (BasePublisher.java:98) - /com/stefanolupo/ndngame/0/nodeB/blocks/sync: Saw duplicate sn requests
 WARN [bp-queue-proc-/com/stefanolupo/ndngame/0/nodeB/blocks/sync-1] (BasePublisher.java:99) - [0=13]
 WARN [bp-queue-proc-/com/stefanolupo/ndngame/0/nodeB/status/sync-1] (BasePublisher.java:98) - /com/stefanolupo/ndngame/0/nodeB/status/sync: Saw duplicate sn requests
 WARN [bp-queue-proc-/com/stefanolupo/ndngame/0/nodeB/status/sync-1] (BasePublisher.java:99) - [450=2, 327=2, 427=2, 296=2, 0=11, 489=2, 338=2, 339=2, 368=2, 278=2, 310=2, 406=2, 308=2, 538=2, 475=2, 536=2, 505=2, 319=2, 413=2]
DEBUG [HeadlessApplication] (ProjectileCollisionSystem.java:108) - Bullet hit me, notifying owner and decreasing my health
4/9/19, 9:55:29 PM =============================================================

-- Gauges ----------------------------------------------------------------------
pub-update-percentage-nodeB-blocks-sync
             value = 0.0
pub-update-percentage-nodeB-status-sync
             value = 0.49464788732394366

-- Counters --------------------------------------------------------------------
dr-counter-null
             count = 0
dr-counter-skip
             count = 0
dr-counter-threshold
             count = 0
dr-counter-velocity
             count = 0
sub-blocks-interestscounter-nodeA
             count = 22
sub-blocks-interestscounter-nodeC
             count = 24
sub-blocks-interestscounter-nodeD
             count = 20
sub-blocks-interestscounter-nodeE
             count = 23
sub-blocks-interestscounter-nodeF
             count = 22
sub-blocks-interestscounter-nodeG
             count = 23
sub-blocks-interestscounter-nodeH
             count = 24
sub-blocks-interestscounter-nodeI
             count = 23
sub-blocks-interestscounter-nodeJ
             count = 23
sub-blocks-interestscounter-nodeK
             count = 20
sub-blocks-interestscounter-nodeL
             count = 18
sub-blocks-interestscounter-nodeM
             count = 23
sub-blocks-interestscounter-nodeNN
             count = 23
sub-blocks-interestscounter-nodeO
             count = 23
sub-blocks-interestscounter-nodeP
             count = 19
sub-projectiles-interestscounter-nodeA
             count = 13
sub-projectiles-interestscounter-nodeC
             count = 14
sub-projectiles-interestscounter-nodeD
             count = 12
sub-projectiles-interestscounter-nodeE
             count = 13
sub-projectiles-interestscounter-nodeF
             count = 13
sub-projectiles-interestscounter-nodeG
             count = 14
sub-projectiles-interestscounter-nodeH
             count = 14
sub-projectiles-interestscounter-nodeI
             count = 12
sub-projectiles-interestscounter-nodeJ
             count = 15
sub-projectiles-interestscounter-nodeK
             count = 13
sub-projectiles-interestscounter-nodeL
             count = 11
sub-projectiles-interestscounter-nodeM
             count = 14
sub-projectiles-interestscounter-nodeNN
             count = 14
sub-projectiles-interestscounter-nodeO
             count = 13
sub-projectiles-interestscounter-nodeP
             count = 11
sub-status-interestscounter-nodeA
             count = 616
sub-status-interestscounter-nodeC
             count = 607
sub-status-interestscounter-nodeD
             count = 497
sub-status-interestscounter-nodeE
             count = 626
sub-status-interestscounter-nodeF
             count = 594
sub-status-interestscounter-nodeG
             count = 625
sub-status-interestscounter-nodeH
             count = 591
sub-status-interestscounter-nodeI
             count = 625
sub-status-interestscounter-nodeJ
             count = 615
sub-status-interestscounter-nodeK
             count = 565
sub-status-interestscounter-nodeL
             count = 455
sub-status-interestscounter-nodeM
             count = 603
sub-status-interestscounter-nodeNN
             count = 651
sub-status-interestscounter-nodeO
             count = 618
sub-status-interestscounter-nodeP
             count = 490

-- Histograms ------------------------------------------------------------------
eng-status-delta-nodeA
             count = 597
               min = 0
               max = 166
              mean = 5.07
            stddev = 15.74
            median = 0.00
              75% <= 0.00
              95% <= 22.00
              98% <= 44.00
              99% <= 87.00
            99.9% <= 166.00
eng-status-delta-nodeC
             count = 589
               min = 0
               max = 122
              mean = 5.52
            stddev = 14.45
            median = 0.00
              75% <= 8.00
              95% <= 31.00
              98% <= 63.00
              99% <= 72.00
            99.9% <= 122.00
eng-status-delta-nodeD
             count = 479
               min = 0
               max = 47
              mean = 3.81
            stddev = 7.16
            median = 0.00
              75% <= 11.00
              95% <= 16.00
              98% <= 22.00
              99% <= 33.00
            99.9% <= 47.00
eng-status-delta-nodeE
             count = 603
               min = 0
               max = 122
              mean = 4.73
            stddev = 12.72
            median = 0.00
              75% <= 0.00
              95% <= 22.00
              98% <= 44.00
              99% <= 63.00
            99.9% <= 122.00
eng-status-delta-nodeF
             count = 573
               min = 0
               max = 200
              mean = 10.52
            stddev = 27.08
            median = 0.00
              75% <= 11.00
              95% <= 84.00
              98% <= 122.00
              99% <= 122.00
            99.9% <= 200.00
eng-status-delta-nodeG
             count = 611
               min = 0
               max = 128
              mean = 4.89
            stddev = 12.44
            median = 0.00
              75% <= 0.00
              95% <= 25.00
              98% <= 40.00
              99% <= 44.00
            99.9% <= 128.00
eng-status-delta-nodeH
             count = 571
               min = 0
               max = 90
              mean = 5.25
            stddev = 12.15
            median = 0.00
              75% <= 10.00
              95% <= 31.00
              98% <= 46.00
              99% <= 63.00
            99.9% <= 90.00
eng-status-delta-nodeI
             count = 607
               min = 0
               max = 195
              mean = 6.00
            stddev = 16.86
            median = 0.00
              75% <= 1.00
              95% <= 31.00
              98% <= 56.00
              99% <= 100.00
            99.9% <= 195.00
eng-status-delta-nodeJ
             count = 600
               min = 0
               max = 126
              mean = 5.89
            stddev = 14.04
            median = 0.00
              75% <= 11.00
              95% <= 33.00
              98% <= 44.00
              99% <= 76.00
            99.9% <= 126.00
eng-status-delta-nodeK
             count = 549
               min = 0
               max = 128
              mean = 3.84
            stddev = 10.33
            median = 0.00
              75% <= 0.00
              95% <= 22.00
              98% <= 33.00
              99% <= 50.00
            99.9% <= 128.00
eng-status-delta-nodeL
             count = 452
               min = 0
               max = 67
              mean = 4.03
            stddev = 9.38
            median = 0.00
              75% <= 0.00
              95% <= 22.00
              98% <= 33.00
              99% <= 44.00
            99.9% <= 67.00
eng-status-delta-nodeM
             count = 596
               min = 0
               max = 111
              mean = 4.38
            stddev = 10.88
            median = 0.00
              75% <= 11.00
              95% <= 22.00
              98% <= 33.00
              99% <= 46.00
            99.9% <= 111.00
eng-status-delta-nodeNN
             count = 632
               min = 0
               max = 128
              mean = 4.36
            stddev = 11.00
            median = 0.00
              75% <= 0.00
              95% <= 22.00
              98% <= 33.00
              99% <= 47.00
            99.9% <= 128.00
eng-status-delta-nodeO
             count = 605
               min = 0
               max = 131
              mean = 4.58
            stddev = 12.72
            median = 0.00
              75% <= 0.00
              95% <= 31.00
              98% <= 44.00
              99% <= 58.00
            99.9% <= 131.00
eng-status-delta-nodeP
             count = 485
               min = 0
               max = 73
              mean = 4.31
            stddev = 10.01
            median = 0.00
              75% <= 0.00
              95% <= 22.00
              98% <= 40.00
              99% <= 47.00
            99.9% <= 73.00
packet-size-block
             count = 0
               min = 0
               max = 0
              mean = 0.00
            stddev = 0.00
            median = 0.00
              75% <= 0.00
              95% <= 0.00
              98% <= 0.00
              99% <= 0.00
            99.9% <= 0.00
packet-size-projectile
             count = 96
               min = 89
               max = 1671
              mean = 356.79
            stddev = 315.81
            median = 267.00
              75% <= 440.00
              95% <= 1142.00
              98% <= 1231.00
              99% <= 1231.00
            99.9% <= 1671.00
packet-size-status
             count = 886
               min = 42
               max = 47
              mean = 44.37
            stddev = 2.50
            median = 42.00
              75% <= 47.00
              95% <= 47.00
              98% <= 47.00
              99% <= 47.00
            99.9% <= 47.00
sub-blocks-rtt-nodeA
             count = 2
               min = 661
               max = 878
              mean = 755.74
            stddev = 107.62
            median = 661.00
              75% <= 878.00
              95% <= 878.00
              98% <= 878.00
              99% <= 878.00
            99.9% <= 878.00
sub-blocks-rtt-nodeC
             count = 0
               min = 0
               max = 0
              mean = 0.00
            stddev = 0.00
            median = 0.00
              75% <= 0.00
              95% <= 0.00
              98% <= 0.00
              99% <= 0.00
            99.9% <= 0.00
sub-blocks-rtt-nodeD
             count = 0
               min = 0
               max = 0
              mean = 0.00
            stddev = 0.00
            median = 0.00
              75% <= 0.00
              95% <= 0.00
              98% <= 0.00
              99% <= 0.00
            99.9% <= 0.00
sub-blocks-rtt-nodeE
             count = 1
               min = 648
               max = 648
              mean = 648.00
            stddev = 0.00
            median = 648.00
              75% <= 648.00
              95% <= 648.00
              98% <= 648.00
              99% <= 648.00
            99.9% <= 648.00
sub-blocks-rtt-nodeF
             count = 2
               min = 561
               max = 567
              mean = 563.69
            stddev = 2.98
            median = 561.00
              75% <= 567.00
              95% <= 567.00
              98% <= 567.00
              99% <= 567.00
            99.9% <= 567.00
sub-blocks-rtt-nodeG
             count = 1
               min = 530
               max = 530
              mean = 530.00
            stddev = 0.00
            median = 530.00
              75% <= 530.00
              95% <= 530.00
              98% <= 530.00
              99% <= 530.00
            99.9% <= 530.00
sub-blocks-rtt-nodeH
             count = 0
               min = 0
               max = 0
              mean = 0.00
            stddev = 0.00
            median = 0.00
              75% <= 0.00
              95% <= 0.00
              98% <= 0.00
              99% <= 0.00
            99.9% <= 0.00
sub-blocks-rtt-nodeI
             count = 1
               min = 392
               max = 392
              mean = 392.00
            stddev = 0.00
            median = 392.00
              75% <= 392.00
              95% <= 392.00
              98% <= 392.00
              99% <= 392.00
            99.9% <= 392.00
sub-blocks-rtt-nodeJ
             count = 1
               min = 60
               max = 60
              mean = 60.00
            stddev = 0.00
            median = 60.00
              75% <= 60.00
              95% <= 60.00
              98% <= 60.00
              99% <= 60.00
            99.9% <= 60.00
sub-blocks-rtt-nodeK
             count = 1
               min = 121
               max = 121
              mean = 121.00
            stddev = 0.00
            median = 121.00
              75% <= 121.00
              95% <= 121.00
              98% <= 121.00
              99% <= 121.00
            99.9% <= 121.00
sub-blocks-rtt-nodeL
             count = 0
               min = 0
               max = 0
              mean = 0.00
            stddev = 0.00
            median = 0.00
              75% <= 0.00
              95% <= 0.00
              98% <= 0.00
              99% <= 0.00
            99.9% <= 0.00
sub-blocks-rtt-nodeM
             count = 1
               min = 654
               max = 654
              mean = 654.00
            stddev = 0.00
            median = 654.00
              75% <= 654.00
              95% <= 654.00
              98% <= 654.00
              99% <= 654.00
            99.9% <= 654.00
sub-blocks-rtt-nodeNN
             count = 1
               min = 319
               max = 319
              mean = 319.00
            stddev = 0.00
            median = 319.00
              75% <= 319.00
              95% <= 319.00
              98% <= 319.00
              99% <= 319.00
            99.9% <= 319.00
sub-blocks-rtt-nodeO
             count = 1
               min = 186
               max = 186
              mean = 186.00
            stddev = 0.00
            median = 186.00
              75% <= 186.00
              95% <= 186.00
              98% <= 186.00
              99% <= 186.00
            99.9% <= 186.00
sub-blocks-rtt-nodeP
             count = 0
               min = 0
               max = 0
              mean = 0.00
            stddev = 0.00
            median = 0.00
              75% <= 0.00
              95% <= 0.00
              98% <= 0.00
              99% <= 0.00
            99.9% <= 0.00
sub-projectiles-rtt-nodeA
             count = 12
               min = 6
               max = 803
              mean = 165.66
            stddev = 250.73
            median = 32.00
              75% <= 379.00
              95% <= 803.00
              98% <= 803.00
              99% <= 803.00
            99.9% <= 803.00
sub-projectiles-rtt-nodeC
             count = 11
               min = 10
               max = 389
              mean = 58.97
            stddev = 109.44
            median = 26.00
              75% <= 33.00
              95% <= 389.00
              98% <= 389.00
              99% <= 389.00
            99.9% <= 389.00
sub-projectiles-rtt-nodeD
             count = 8
               min = 15
               max = 539
              mean = 115.44
            stddev = 157.84
            median = 41.00
              75% <= 131.00
              95% <= 539.00
              98% <= 539.00
              99% <= 539.00
            99.9% <= 539.00
sub-projectiles-rtt-nodeE
             count = 11
               min = 2
               max = 559
              mean = 126.05
            stddev = 193.82
            median = 27.00
              75% <= 144.00
              95% <= 559.00
              98% <= 559.00
              99% <= 559.00
            99.9% <= 559.00
sub-projectiles-rtt-nodeF
             count = 12
               min = 7
               max = 658
              mean = 116.89
            stddev = 204.33
            median = 23.00
              75% <= 65.00
              95% <= 658.00
              98% <= 658.00
              99% <= 658.00
            99.9% <= 658.00
sub-projectiles-rtt-nodeG
             count = 11
               min = 2
               max = 414
              mean = 90.39
            stddev = 142.68
            median = 32.00
              75% <= 41.00
              95% <= 414.00
              98% <= 414.00
              99% <= 414.00
            99.9% <= 414.00
sub-projectiles-rtt-nodeH
             count = 11
               min = 10
               max = 172
              mean = 50.40
            stddev = 56.99
            median = 21.00
              75% <= 44.00
              95% <= 172.00
              98% <= 172.00
              99% <= 172.00
            99.9% <= 172.00
sub-projectiles-rtt-nodeI
             count = 12
               min = 11
               max = 531
              mean = 91.93
            stddev = 143.40
            median = 36.00
              75% <= 46.00
              95% <= 531.00
              98% <= 531.00
              99% <= 531.00
            99.9% <= 531.00
sub-projectiles-rtt-nodeJ
             count = 10
               min = 7
               max = 581
              mean = 89.19
            stddev = 172.90
            median = 37.00
              75% <= 43.00
              95% <= 581.00
              98% <= 581.00
              99% <= 581.00
            99.9% <= 581.00
sub-projectiles-rtt-nodeK
             count = 9
               min = 14
               max = 116
              mean = 46.14
            stddev = 37.97
            median = 30.00
              75% <= 43.00
              95% <= 116.00
              98% <= 116.00
              99% <= 116.00
            99.9% <= 116.00
sub-projectiles-rtt-nodeL
             count = 8
               min = 13
               max = 563
              mean = 175.25
            stddev = 236.29
            median = 31.00
              75% <= 535.00
              95% <= 563.00
              98% <= 563.00
              99% <= 563.00
            99.9% <= 563.00
sub-projectiles-rtt-nodeM
             count = 11
               min = 1
               max = 547
              mean = 137.89
            stddev = 193.62
            median = 31.00
              75% <= 164.00
              95% <= 547.00
              98% <= 547.00
              99% <= 547.00
            99.9% <= 547.00
sub-projectiles-rtt-nodeNN
             count = 11
               min = 2
               max = 797
              mean = 206.35
            stddev = 287.47
            median = 13.00
              75% <= 341.00
              95% <= 797.00
              98% <= 797.00
              99% <= 797.00
            99.9% <= 797.00
sub-projectiles-rtt-nodeO
             count = 11
               min = 3
               max = 289
              mean = 50.03
            stddev = 80.15
            median = 25.00
              75% <= 34.00
              95% <= 289.00
              98% <= 289.00
              99% <= 289.00
            99.9% <= 289.00
sub-projectiles-rtt-nodeP
             count = 8
               min = 18
               max = 37
              mean = 25.80
            stddev = 5.73
            median = 26.00
              75% <= 29.00
              95% <= 37.00
              98% <= 37.00
              99% <= 37.00
            99.9% <= 37.00
sub-status-rtt-nodeA
             count = 620
               min = 1
               max = 115
              mean = 38.31
            stddev = 16.09
            median = 35.00
              75% <= 44.00
              95% <= 67.00
              98% <= 77.00
              99% <= 94.00
            99.9% <= 115.00
sub-status-rtt-nodeC
             count = 611
               min = 1
               max = 120
              mean = 38.64
            stddev = 17.40
            median = 34.00
              75% <= 44.00
              95% <= 70.00
              98% <= 88.00
              99% <= 97.00
            99.9% <= 120.00
sub-status-rtt-nodeD
             count = 500
               min = 1
               max = 108
              mean = 39.20
            stddev = 17.00
            median = 35.00
              75% <= 46.00
              95% <= 70.00
              98% <= 85.00
              99% <= 94.00
            99.9% <= 108.00
sub-status-rtt-nodeE
             count = 630
               min = 2
               max = 93
              mean = 37.18
            stddev = 14.59
            median = 34.00
              75% <= 43.00
              95% <= 66.00
              98% <= 70.00
              99% <= 79.00
            99.9% <= 93.00
sub-status-rtt-nodeF
             count = 598
               min = 1
               max = 127
              mean = 39.73
            stddev = 17.02
            median = 35.00
              75% <= 48.00
              95% <= 71.00
              98% <= 80.00
              99% <= 85.00
            99.9% <= 127.00
sub-status-rtt-nodeG
             count = 628
               min = 2
               max = 101
              mean = 37.46
            stddev = 14.96
            median = 34.00
              75% <= 42.00
              95% <= 67.00
              98% <= 75.00
              99% <= 84.00
            99.9% <= 101.00
sub-status-rtt-nodeH
             count = 594
               min = 2
               max = 126
              mean = 39.38
            stddev = 16.63
            median = 35.00
              75% <= 46.00
              95% <= 69.00
              98% <= 80.00
              99% <= 84.00
            99.9% <= 126.00
sub-status-rtt-nodeI
             count = 630
               min = 2
               max = 182
              mean = 37.72
            stddev = 17.74
            median = 34.00
              75% <= 42.00
              95% <= 70.00
              98% <= 81.00
              99% <= 98.00
            99.9% <= 182.00
sub-status-rtt-nodeJ
             count = 618
               min = 1
               max = 219
              mean = 38.12
            stddev = 17.86
            median = 34.00
              75% <= 42.00
              95% <= 67.00
              98% <= 82.00
              99% <= 94.00
            99.9% <= 219.00
sub-status-rtt-nodeK
             count = 569
               min = 2
               max = 220
              mean = 36.36
            stddev = 16.64
            median = 34.00
              75% <= 41.00
              95% <= 65.00
              98% <= 75.00
              99% <= 86.00
            99.9% <= 220.00
sub-status-rtt-nodeL
             count = 458
               min = 2
               max = 183
              mean = 38.87
            stddev = 18.10
            median = 34.00
              75% <= 41.00
              95% <= 69.00
              98% <= 84.00
              99% <= 106.00
            99.9% <= 183.00
sub-status-rtt-nodeM
             count = 607
               min = 2
               max = 112
              mean = 38.83
            stddev = 16.19
            median = 34.00
              75% <= 44.00
              95% <= 69.00
              98% <= 84.00
              99% <= 87.00
            99.9% <= 112.00
sub-status-rtt-nodeNN
             count = 655
               min = 1
               max = 98
              mean = 36.17
            stddev = 13.39
            median = 34.00
              75% <= 41.00
              95% <= 62.00
              98% <= 71.00
              99% <= 83.00
            99.9% <= 98.00
sub-status-rtt-nodeO
             count = 624
               min = 2
               max = 109
              mean = 37.74
            stddev = 14.81
            median = 34.00
              75% <= 42.00
              95% <= 67.00
              98% <= 74.00
              99% <= 82.00
            99.9% <= 109.00
sub-status-rtt-nodeP
             count = 495
               min = 3
               max = 219
              mean = 38.01
            stddev = 17.08
            median = 34.00
              75% <= 42.00
              95% <= 68.00
              98% <= 81.00
              99% <= 89.00
            99.9% <= 219.00

-- Meters ----------------------------------------------------------------------
pub-interest-rate-nodeB-blocks-sync
             count = 22
         mean rate = 0.96 events/second
     1-minute rate = 0.99 events/second
     5-minute rate = 1.00 events/second
    15-minute rate = 1.00 events/second
pub-interest-rate-nodeB-projectiles-sync
             count = 102
         mean rate = 4.44 events/second
     1-minute rate = 6.05 events/second
     5-minute rate = 6.64 events/second
    15-minute rate = 6.74 events/second
pub-interest-rate-nodeB-status-sync
             count = 727
         mean rate = 31.63 events/second
     1-minute rate = 33.18 events/second
     5-minute rate = 33.66 events/second
    15-minute rate = 33.75 events/second


 WARN [HeadlessApplication] (ProjectileCollisionSystem.java:62) - Type component was null for collision with PROJECTILE
 WARN [bp-queue-proc-/com/stefanolupo/ndngame/0/nodeB/blocks/sync-1] (BasePublisher.java:98) - /com/stefanolupo/ndngame/0/nodeB/blocks/sync: Saw duplicate sn requests
 WARN [bp-queue-proc-/com/stefanolupo/ndngame/0/nodeB/blocks/sync-1] (BasePublisher.java:99) - [2=4, 1=8, 0=31]
 WARN [bp-queue-proc-/com/stefanolupo/ndngame/0/nodeB/status/sync-1] (BasePublisher.java:98) - /com/stefanolupo/ndngame/0/nodeB/status/sync: Saw duplicate sn requests
 WARN [bp-queue-proc-/com/stefanolupo/ndngame/0/nodeB/status/sync-1] (BasePublisher.java:99) - [450=2, 835=2, 960=2, 327=2, 967=2, 906=2, 0=11, 655=2, 845=2, 338=2, 339=2, 913=2, 278=2, 406=2, 538=2, 794=2, 1050=2, 475=2, 536=2, 793=2, 863=2, 413=2, 1186=2, 928=2, 614=2, 869=2, 682=2, 427=2, 296=2, 489=2, 684=2, 368=2, 310=2, 1078=2, 308=2, 635=2, 505=2, 319=2, 957=2]
4/9/19, 9:55:59 PM =============================================================

-- Gauges ----------------------------------------------------------------------
pub-update-percentage-nodeB-blocks-sync
             value = 0.0011179429849077697
pub-update-percentage-nodeB-status-sync
             value = 0.491331096196868

-- Counters --------------------------------------------------------------------
dr-counter-null
             count = 0
dr-counter-skip
             count = 0
dr-counter-threshold
             count = 0
dr-counter-velocity
             count = 0
sub-blocks-interestscounter-nodeA
             count = 51
sub-blocks-interestscounter-nodeC
             count = 53
sub-blocks-interestscounter-nodeD
             count = 49
sub-blocks-interestscounter-nodeE
             count = 53
sub-blocks-interestscounter-nodeF
             count = 52
sub-blocks-interestscounter-nodeG
             count = 52
sub-blocks-interestscounter-nodeH
             count = 53
sub-blocks-interestscounter-nodeI
             count = 52
sub-blocks-interestscounter-nodeJ
             count = 53
sub-blocks-interestscounter-nodeK
             count = 49
sub-blocks-interestscounter-nodeL
             count = 45
sub-blocks-interestscounter-nodeM
             count = 53
sub-blocks-interestscounter-nodeNN
             count = 53
sub-blocks-interestscounter-nodeO
             count = 52
sub-blocks-interestscounter-nodeP
             count = 46
sub-projectiles-interestscounter-nodeA
             count = 29
sub-projectiles-interestscounter-nodeC
             count = 30
sub-projectiles-interestscounter-nodeD
             count = 29
sub-projectiles-interestscounter-nodeE
             count = 31
sub-projectiles-interestscounter-nodeF
             count = 30
sub-projectiles-interestscounter-nodeG
             count = 30
sub-projectiles-interestscounter-nodeH
             count = 30
sub-projectiles-interestscounter-nodeI
             count = 30
sub-projectiles-interestscounter-nodeJ
             count = 30
sub-projectiles-interestscounter-nodeK
             count = 30
sub-projectiles-interestscounter-nodeL
             count = 27
sub-projectiles-interestscounter-nodeM
             count = 31
sub-projectiles-interestscounter-nodeNN
             count = 30
sub-projectiles-interestscounter-nodeO
             count = 30
sub-projectiles-interestscounter-nodeP
             count = 28
sub-status-interestscounter-nodeA
             count = 1450
sub-status-interestscounter-nodeC
             count = 1405
sub-status-interestscounter-nodeD
             count = 1319
sub-status-interestscounter-nodeE
             count = 1452
sub-status-interestscounter-nodeF
             count = 1419
sub-status-interestscounter-nodeG
             count = 1461
sub-status-interestscounter-nodeH
             count = 1403
sub-status-interestscounter-nodeI
             count = 1442
sub-status-interestscounter-nodeJ
             count = 1421
sub-status-interestscounter-nodeK
             count = 1383
sub-status-interestscounter-nodeL
             count = 1286
sub-status-interestscounter-nodeM
             count = 1411
sub-status-interestscounter-nodeNN
             count = 1461
sub-status-interestscounter-nodeO
             count = 1392
sub-status-interestscounter-nodeP
             count = 1298

-- Histograms ------------------------------------------------------------------
eng-status-delta-nodeA
             count = 1402
               min = 0
               max = 200
              mean = 5.19
            stddev = 13.85
            median = 0.00
              75% <= 11.00
              95% <= 25.00
              98% <= 44.00
              99% <= 52.00
            99.9% <= 133.00
eng-status-delta-nodeC
             count = 1359
               min = 0
               max = 211
              mean = 8.28
            stddev = 17.13
            median = 0.00
              75% <= 11.00
              95% <= 44.00
              98% <= 48.00
              99% <= 70.00
            99.9% <= 122.00
eng-status-delta-nodeD
             count = 1262
               min = 0
               max = 200
              mean = 5.48
            stddev = 14.26
            median = 0.00
              75% <= 11.00
              95% <= 22.00
              98% <= 40.00
              99% <= 80.00
            99.9% <= 200.00
eng-status-delta-nodeE
             count = 1412
               min = 0
               max = 145
              mean = 4.99
            stddev = 13.82
            median = 0.00
              75% <= 0.00
              95% <= 22.00
              98% <= 38.00
              99% <= 80.00
            99.9% <= 145.00
eng-status-delta-nodeF
             count = 1371
               min = 0
               max = 208
              mean = 6.59
            stddev = 19.28
            median = 0.00
              75% <= 11.00
              95% <= 33.00
              98% <= 84.00
              99% <= 102.00
            99.9% <= 208.00
eng-status-delta-nodeG
             count = 1407
               min = 0
               max = 211
              mean = 5.13
            stddev = 14.31
            median = 0.00
              75% <= 0.00
              95% <= 22.00
              98% <= 42.00
              99% <= 59.00
            99.9% <= 211.00
eng-status-delta-nodeH
             count = 1366
               min = 0
               max = 211
              mean = 5.16
            stddev = 14.31
            median = 0.00
              75% <= 6.00
              95% <= 22.00
              98% <= 40.00
              99% <= 67.00
            99.9% <= 211.00
eng-status-delta-nodeI
             count = 1387
               min = 0
               max = 200
              mean = 6.33
            stddev = 17.55
            median = 0.00
              75% <= 11.00
              95% <= 31.00
              98% <= 53.00
              99% <= 100.00
            99.9% <= 200.00
eng-status-delta-nodeJ
             count = 1390
               min = 0
               max = 128
              mean = 5.62
            stddev = 14.86
            median = 0.00
              75% <= 11.00
              95% <= 25.00
              98% <= 47.00
              99% <= 100.00
            99.9% <= 126.00
eng-status-delta-nodeK
             count = 1341
               min = 0
               max = 200
              mean = 5.53
            stddev = 15.69
            median = 0.00
              75% <= 3.00
              95% <= 23.00
              98% <= 44.00
              99% <= 80.00
            99.9% <= 200.00
eng-status-delta-nodeL
             count = 1245
               min = 0
               max = 200
              mean = 5.07
            stddev = 13.83
            median = 0.00
              75% <= 0.00
              95% <= 22.00
              98% <= 46.00
              99% <= 71.00
            99.9% <= 200.00
eng-status-delta-nodeM
             count = 1370
               min = 0
               max = 211
              mean = 4.49
            stddev = 14.00
            median = 0.00
              75% <= 0.00
              95% <= 22.00
              98% <= 33.00
              99% <= 63.00
            99.9% <= 211.00
eng-status-delta-nodeNN
             count = 1429
               min = 0
               max = 200
              mean = 4.20
            stddev = 12.14
            median = 0.00
              75% <= 0.00
              95% <= 22.00
              98% <= 31.00
              99% <= 40.00
            99.9% <= 200.00
eng-status-delta-nodeO
             count = 1356
               min = 0
               max = 122
              mean = 5.13
            stddev = 13.15
            median = 0.00
              75% <= 0.00
              95% <= 25.00
              98% <= 46.00
              99% <= 72.00
            99.9% <= 111.00
eng-status-delta-nodeP
             count = 1257
               min = 0
               max = 128
              mean = 5.60
            stddev = 14.19
            median = 0.00
              75% <= 11.00
              95% <= 22.00
              98% <= 44.00
              99% <= 78.00
            99.9% <= 128.00
packet-size-block
             count = 4
               min = 76
               max = 304
              mean = 199.32
            stddev = 84.29
            median = 228.00
              75% <= 304.00
              95% <= 304.00
              98% <= 304.00
              99% <= 304.00
            99.9% <= 304.00
packet-size-projectile
             count = 228
               min = 89
               max = 1671
              mean = 329.18
            stddev = 259.93
            median = 351.00
              75% <= 440.00
              95% <= 791.00
              98% <= 1142.00
              99% <= 1142.00
            99.9% <= 1671.00
packet-size-status
             count = 1782
               min = 42
               max = 47
              mean = 44.37
            stddev = 2.50
            median = 42.00
              75% <= 47.00
              95% <= 47.00
              98% <= 47.00
              99% <= 47.00
            99.9% <= 47.00
sub-blocks-rtt-nodeA
             count = 3
               min = 661
               max = 878
              mean = 757.15
            stddev = 81.13
            median = 759.00
              75% <= 759.00
              95% <= 878.00
              98% <= 878.00
              99% <= 878.00
            99.9% <= 878.00
sub-blocks-rtt-nodeC
             count = 1
               min = 322
               max = 322
              mean = 322.00
            stddev = 0.00
            median = 322.00
              75% <= 322.00
              95% <= 322.00
              98% <= 322.00
              99% <= 322.00
            99.9% <= 322.00
sub-blocks-rtt-nodeD
             count = 1
               min = 520
               max = 520
              mean = 520.00
            stddev = 0.00
            median = 520.00
              75% <= 520.00
              95% <= 520.00
              98% <= 520.00
              99% <= 520.00
            99.9% <= 520.00
sub-blocks-rtt-nodeE
             count = 1
               min = 648
               max = 648
              mean = 648.00
            stddev = 0.00
            median = 648.00
              75% <= 648.00
              95% <= 648.00
              98% <= 648.00
              99% <= 648.00
            99.9% <= 648.00
sub-blocks-rtt-nodeF
             count = 2
               min = 561
               max = 567
              mean = 563.69
            stddev = 2.98
            median = 561.00
              75% <= 567.00
              95% <= 567.00
              98% <= 567.00
              99% <= 567.00
            99.9% <= 567.00
sub-blocks-rtt-nodeG
             count = 2
               min = 530
               max = 916
              mean = 748.90
            stddev = 191.25
            median = 916.00
              75% <= 916.00
              95% <= 916.00
              98% <= 916.00
              99% <= 916.00
            99.9% <= 916.00
sub-blocks-rtt-nodeH
             count = 1
               min = 584
               max = 584
              mean = 584.00
            stddev = 0.00
            median = 584.00
              75% <= 584.00
              95% <= 584.00
              98% <= 584.00
              99% <= 584.00
            99.9% <= 584.00
sub-blocks-rtt-nodeI
             count = 2
               min = 392
               max = 547
              mean = 479.33
            stddev = 76.87
            median = 547.00
              75% <= 547.00
              95% <= 547.00
              98% <= 547.00
              99% <= 547.00
            99.9% <= 547.00
sub-blocks-rtt-nodeJ
             count = 1
               min = 60
               max = 60
              mean = 60.00
            stddev = 0.00
            median = 60.00
              75% <= 60.00
              95% <= 60.00
              98% <= 60.00
              99% <= 60.00
            99.9% <= 60.00
sub-blocks-rtt-nodeK
             count = 2
               min = 121
               max = 930
              mean = 576.80
            stddev = 401.23
            median = 930.00
              75% <= 930.00
              95% <= 930.00
              98% <= 930.00
              99% <= 930.00
            99.9% <= 930.00
sub-blocks-rtt-nodeL
             count = 3
               min = 135
               max = 919
              mean = 551.20
            stddev = 328.25
            median = 518.00
              75% <= 919.00
              95% <= 919.00
              98% <= 919.00
              99% <= 919.00
            99.9% <= 919.00
sub-blocks-rtt-nodeM
             count = 1
               min = 654
               max = 654
              mean = 654.00
            stddev = 0.00
            median = 654.00
              75% <= 654.00
              95% <= 654.00
              98% <= 654.00
              99% <= 654.00
            99.9% <= 654.00
sub-blocks-rtt-nodeNN
             count = 1
               min = 319
               max = 319
              mean = 319.00
            stddev = 0.00
            median = 319.00
              75% <= 319.00
              95% <= 319.00
              98% <= 319.00
              99% <= 319.00
            99.9% <= 319.00
sub-blocks-rtt-nodeO
             count = 2
               min = 186
               max = 680
              mean = 492.91
            stddev = 239.62
            median = 680.00
              75% <= 680.00
              95% <= 680.00
              98% <= 680.00
              99% <= 680.00
            99.9% <= 680.00
sub-blocks-rtt-nodeP
             count = 3
               min = 28
               max = 815
              mean = 451.97
            stddev = 312.38
            median = 418.00
              75% <= 815.00
              95% <= 815.00
              98% <= 815.00
              99% <= 815.00
            99.9% <= 815.00
sub-projectiles-rtt-nodeA
             count = 25
               min = 6
               max = 978
              mean = 151.32
            stddev = 270.62
            median = 22.00
              75% <= 36.00
              95% <= 978.00
              98% <= 978.00
              99% <= 978.00
            99.9% <= 978.00
sub-projectiles-rtt-nodeC
             count = 25
               min = 2
               max = 794
              mean = 103.19
            stddev = 184.22
            median = 29.00
              75% <= 35.00
              95% <= 392.00
              98% <= 794.00
              99% <= 794.00
            99.9% <= 794.00
sub-projectiles-rtt-nodeD
             count = 22
               min = 5
               max = 744
              mean = 129.86
            stddev = 218.26
            median = 30.00
              75% <= 126.00
              95% <= 744.00
              98% <= 744.00
              99% <= 744.00
            99.9% <= 744.00
sub-projectiles-rtt-nodeE
             count = 24
               min = 2
               max = 559
              mean = 62.11
            stddev = 125.96
            median = 22.00
              75% <= 40.00
              95% <= 538.00
              98% <= 559.00
              99% <= 559.00
            99.9% <= 559.00
sub-projectiles-rtt-nodeF
             count = 24
               min = 7
               max = 658
              mean = 72.79
            stddev = 143.69
            median = 23.00
              75% <= 31.00
              95% <= 472.00
              98% <= 658.00
              99% <= 658.00
            99.9% <= 658.00
sub-projectiles-rtt-nodeG
             count = 24
               min = 2
               max = 985
              mean = 117.02
            stddev = 234.96
            median = 32.00
              75% <= 36.00
              95% <= 985.00
              98% <= 985.00
              99% <= 985.00
            99.9% <= 985.00
sub-projectiles-rtt-nodeH
             count = 24
               min = 8
               max = 763
              mean = 110.43
            stddev = 202.49
            median = 29.00
              75% <= 40.00
              95% <= 763.00
              98% <= 763.00
              99% <= 763.00
            99.9% <= 763.00
sub-projectiles-rtt-nodeI
             count = 24
               min = 11
               max = 531
              mean = 52.96
            stddev = 95.92
            median = 30.00
              75% <= 37.00
              95% <= 296.00
              98% <= 531.00
              99% <= 531.00
            99.9% <= 531.00
sub-projectiles-rtt-nodeJ
             count = 24
               min = 4
               max = 981
              mean = 116.34
            stddev = 236.46
            median = 23.00
              75% <= 44.00
              95% <= 581.00
              98% <= 981.00
              99% <= 981.00
            99.9% <= 981.00
sub-projectiles-rtt-nodeK
             count = 22
               min = 8
               max = 116
              mean = 34.35
            stddev = 25.69
            median = 30.00
              75% <= 42.00
              95% <= 114.00
              98% <= 116.00
              99% <= 116.00
            99.9% <= 116.00
sub-projectiles-rtt-nodeL
             count = 21
               min = 13
               max = 563
              mean = 80.00
            stddev = 146.77
            median = 28.00
              75% <= 34.00
              95% <= 535.00
              98% <= 563.00
              99% <= 563.00
            99.9% <= 563.00
sub-projectiles-rtt-nodeM
             count = 23
               min = 1
               max = 946
              mean = 138.92
            stddev = 252.35
            median = 21.00
              75% <= 112.00
              95% <= 946.00
              98% <= 946.00
              99% <= 946.00
            99.9% <= 946.00
sub-projectiles-rtt-nodeNN
             count = 25
               min = 2
               max = 797
              mean = 160.18
            stddev = 233.43
            median = 40.00
              75% <= 298.00
              95% <= 754.00
              98% <= 797.00
              99% <= 797.00
            99.9% <= 797.00
sub-projectiles-rtt-nodeO
             count = 24
               min = 3
               max = 688
              mean = 82.73
            stddev = 150.69
            median = 26.00
              75% <= 38.00
              95% <= 291.00
              98% <= 688.00
              99% <= 688.00
            99.9% <= 688.00
sub-projectiles-rtt-nodeP
             count = 22
               min = 13
               max = 614
              mean = 99.29
            stddev = 183.32
            median = 27.00
              75% <= 36.00
              95% <= 600.00
              98% <= 614.00
              99% <= 614.00
            99.9% <= 614.00
sub-status-rtt-nodeA
             count = 1453
               min = 1
               max = 116
              mean = 36.70
            stddev = 15.97
            median = 34.00
              75% <= 43.00
              95% <= 67.00
              98% <= 77.00
              99% <= 85.00
            99.9% <= 116.00
sub-status-rtt-nodeC
             count = 1408
               min = 1
               max = 210
              mean = 37.87
            stddev = 18.34
            median = 35.00
              75% <= 45.00
              95% <= 72.00
              98% <= 82.00
              99% <= 92.00
            99.9% <= 210.00
sub-status-rtt-nodeD
             count = 1319
               min = 1
               max = 144
              mean = 37.16
            stddev = 17.24
            median = 35.00
              75% <= 45.00
              95% <= 68.00
              98% <= 81.00
              99% <= 94.00
            99.9% <= 144.00
sub-status-rtt-nodeE
             count = 1455
               min = 2
               max = 93
              mean = 36.52
            stddev = 13.43
            median = 34.00
              75% <= 42.00
              95% <= 66.00
              98% <= 71.00
              99% <= 76.00
            99.9% <= 91.00
sub-status-rtt-nodeF
             count = 1423
               min = 1
               max = 114
              mean = 36.99
            stddev = 15.30
            median = 34.00
              75% <= 44.00
              95% <= 67.00
              98% <= 76.00
              99% <= 84.00
            99.9% <= 105.00
sub-status-rtt-nodeG
             count = 1463
               min = 1
               max = 118
              mean = 36.18
            stddev = 14.81
            median = 35.00
              75% <= 43.00
              95% <= 65.00
              98% <= 71.00
              99% <= 77.00
            99.9% <= 88.00
sub-status-rtt-nodeH
             count = 1406
               min = 1
               max = 132
              mean = 37.99
            stddev = 16.36
            median = 35.00
              75% <= 44.00
              95% <= 67.00
              98% <= 80.00
              99% <= 87.00
            99.9% <= 132.00
sub-status-rtt-nodeI
             count = 1446
               min = 1
               max = 176
              mean = 36.50
            stddev = 15.86
            median = 35.00
              75% <= 43.00
              95% <= 67.00
              98% <= 73.00
              99% <= 83.00
            99.9% <= 176.00
sub-status-rtt-nodeJ
             count = 1424
               min = 2
               max = 219
              mean = 37.45
            stddev = 16.38
            median = 34.00
              75% <= 43.00
              95% <= 67.00
              98% <= 79.00
              99% <= 87.00
            99.9% <= 198.00
sub-status-rtt-nodeK
             count = 1388
               min = 1
               max = 220
              mean = 37.02
            stddev = 17.09
            median = 34.00
              75% <= 43.00
              95% <= 67.00
              98% <= 76.00
              99% <= 86.00
            99.9% <= 184.00
sub-status-rtt-nodeL
             count = 1289
               min = 2
               max = 184
              mean = 37.16
            stddev = 17.03
            median = 34.00
              75% <= 43.00
              95% <= 66.00
              98% <= 78.00
              99% <= 86.00
            99.9% <= 184.00
sub-status-rtt-nodeM
             count = 1415
               min = 1
               max = 169
              mean = 36.97
            stddev = 16.36
            median = 34.00
              75% <= 43.00
              95% <= 67.00
              98% <= 76.00
              99% <= 84.00
            99.9% <= 169.00
sub-status-rtt-nodeNN
             count = 1465
               min = 1
               max = 98
              mean = 37.15
            stddev = 13.71
            median = 34.00
              75% <= 43.00
              95% <= 64.00
              98% <= 72.00
              99% <= 84.00
            99.9% <= 96.00
sub-status-rtt-nodeO
             count = 1396
               min = 1
               max = 109
              mean = 38.32
            stddev = 15.64
            median = 34.00
              75% <= 44.00
              95% <= 70.00
              98% <= 80.00
              99% <= 83.00
            99.9% <= 106.00
sub-status-rtt-nodeP
             count = 1301
               min = 1
               max = 153
              mean = 37.29
            stddev = 16.99
            median = 34.00
              75% <= 44.00
              95% <= 67.00
              98% <= 81.00
              99% <= 96.00
            99.9% <= 153.00

-- Meters ----------------------------------------------------------------------
pub-interest-rate-nodeB-blocks-sync
             count = 93
         mean rate = 1.76 events/second
     1-minute rate = 1.48 events/second
     5-minute rate = 1.11 events/second
    15-minute rate = 1.04 events/second
pub-interest-rate-nodeB-projectiles-sync
             count = 239
         mean rate = 4.51 events/second
     1-minute rate = 5.51 events/second
     5-minute rate = 6.46 events/second
    15-minute rate = 6.68 events/second
pub-interest-rate-nodeB-status-sync
             count = 1636
         mean rate = 30.88 events/second
     1-minute rate = 32.08 events/second
     5-minute rate = 33.35 events/second
    15-minute rate = 33.64 events/second


 WARN [bp-queue-proc-/com/stefanolupo/ndngame/0/nodeB/blocks/sync-1] (BasePublisher.java:98) - /com/stefanolupo/ndngame/0/nodeB/blocks/sync: Saw duplicate sn requests
 WARN [bp-queue-proc-/com/stefanolupo/ndngame/0/nodeB/blocks/sync-1] (BasePublisher.java:99) - [2=17, 4=7, 1=25, 0=44]
 WARN [bp-queue-proc-/com/stefanolupo/ndngame/0/nodeB/status/sync-1] (BasePublisher.java:98) - /com/stefanolupo/ndngame/0/nodeB/status/sync: Saw duplicate sn requests
 WARN [bp-queue-proc-/com/stefanolupo/ndngame/0/nodeB/status/sync-1] (BasePublisher.java:99) - [1666=2, 1411=2, 1285=2, 906=2, 0=11, 1545=2, 1550=2, 655=2, 1551=2, 1676=2, 1677=2, 1554=2, 1555=2, 913=2, 278=2, 406=2, 538=2, 794=2, 1050=2, 536=2, 793=2, 413=2, 1186=2, 928=2, 1568=2, 1574=2, 682=2, 427=2, 296=2, 1320=2, 1326=2, 1327=2, 684=2, 1714=2, 310=2, 1078=2, 308=2, 1467=2, 319=2, 1212=2, 957=2, 450=2, 835=2, 960=2, 327=2, 967=2, 1739=2, 1480=2, 1231=2, 845=2, 338=2, 339=2, 1747=2, 1744=2, 1750=2, 1236=2, 1754=2, 475=2, 1624=2, 863=2, 1507=2, 1633=2, 614=2, 1511=2, 869=2, 1637=2, 489=2, 1517=2, 1650=2, 368=2, 1268=2, 635=2, 1275=2, 505=2, 1785=2, 1279=2]
DEBUG [bp-queue-proc-/com/stefanolupo/ndngame/0/nodeB/status/sync-0] (BasePublisher.java:156) - Had Update but /com/stefanolupo/ndngame/0/nodeB/status/sync/1965/0/0 already had sn 1965
 WARN [HeadlessApplication] (ProjectileCollisionSystem.java:62) - Type component was null for collision with PROJECTILE
DEBUG [bp-queue-proc-/com/stefanolupo/ndngame/0/nodeB/status/sync-0] (BasePublisher.java:156) - Had Update but /com/stefanolupo/ndngame/0/nodeB/status/sync/2093/0/0 already had sn 2093
