DEBUG [main] (ConfigManager.java:33) - Initialized with properties: {local.player.status.updates.per.sec=30, facemanager.num.sub.threads.per.face=10, linear.interest.zone.filter.inner.radius=7, projectile.cache.size=20, local.player.status.use.dead.reckoning=false, block.publisher.freshness.period.ms=20, player.status.publisher.freshness.period.ms=20, base.publisher.queue.process.per.sec=60, projectile.sub.inter.interest.max.wait.time.ms=30, linear.interest.zone.filter.outer.radius=14, local.player.dead.reckoning.max.error=0.5, projectile.publisher.queue.process.multithread=true, statistics.logger.log.rate.sec=30, facemanager.max.num.pub.faces=1, facemanager.num.pub.threads.per.face=10, facemanager.max.num.sub.faces=1, block.sub.inter.interest.max.wait.time.ms=2000, projectile.publisher.queue.process.per.sec=60, base.publisher.queue.process.multithread=true, player.sub.inter.interest.max.wait.time.ms=30, linear.interest.zone.filter.enabled=false, projectile.publisher.freshness.period.ms=20}
WARNING: An illegal reflective access operation has occurred
WARNING: Illegal reflective access by com.google.inject.internal.cglib.core.$ReflectUtils$2 (file:/NdnGame/NdnGameLibGdxDesktop-1.0-SNAPSHOT.jar) to method java.lang.ClassLoader.defineClass(java.lang.String,byte[],int,int,java.security.ProtectionDomain)
WARNING: Please consider reporting this to the maintainers of com.google.inject.internal.cglib.core.$ReflectUtils$2
WARNING: Use --illegal-access=warn to enable warnings of further illegal reflective access operations
WARNING: All illegal access operations will be denied in a future release
DEBUG [main] (BackendModule.java:123) - Writing metrics to /metrics/nodeC
 INFO [main] (DesktopLauncher.java:49) - Launching headless game
 INFO [main] (DesktopLauncher.java:50) - LocalConfig{playerName='nodeC', isMasterView=false, isAutomated=true, automationType='wsp', isHeadless=true, gameId=0, screenWidth=600, screenHeight=600, targetFrameRate=60}
DEBUG [main] (AutomatedInputController.java:52) - Starting with automation type: wsp
DEBUG [main] (BasePublisher.java:67) - Registering /com/stefanolupo/ndngame/0/nodeC/blocks/sync
DEBUG [main] (BasePublisher.java:67) - Registering /com/stefanolupo/ndngame/0/nodeC/status/sync
Apr 07, 2019 6:51:47 PM net.named_data.jndn.Node$RegisterResponse onData
INFO: Register prefix succeeded with the NFD forwarder for prefix /com/stefanolupo/ndngame/0/nodeC/blocks/sync
Apr 07, 2019 6:51:47 PM net.named_data.jndn.Node$RegisterResponse onData
INFO: Register prefix succeeded with the NFD forwarder for prefix /com/stefanolupo/ndngame/0/nodeC/blocks/interact
Apr 07, 2019 6:51:47 PM net.named_data.jndn.Node$RegisterResponse onData
INFO: Register prefix succeeded with the NFD forwarder for prefix /com/stefanolupo/ndngame/0/nodeC/status/sync
Apr 07, 2019 6:51:47 PM net.named_data.jndn.Node$RegisterResponse onData
INFO: Register prefix succeeded with the NFD forwarder for prefix /com/stefanolupo/ndngame/0/nodeC/projectiles/sync
Apr 07, 2019 6:51:47 PM net.named_data.jndn.Node$RegisterResponse onData
INFO: Register prefix succeeded with the NFD forwarder for prefix /com/stefanolupo/ndngame/0/nodeC/projectiles/interact
Apr 07, 2019 6:51:51 PM net.named_data.jndn.Node$RegisterResponse onData
INFO: Register prefix succeeded with the NFD forwarder for prefix /com/stefanolupo/ndngame/0/config/broadcast
Apr 07, 2019 6:51:51 PM net.named_data.jndn.Node$RegisterResponse onData
INFO: Register prefix succeeded with the NFD forwarder for prefix /com/stefanolupo/ndngame/0/config/nodeC
 INFO [cs-/com/stefanolupo/ndngame/0/config/nodeC-0] (ChronoSynced.java:93) - Initialized ChronoSyncedMap for /com/stefanolupo/ndngame/0/config/nodeC
Apr 07, 2019 6:51:51 PM net.named_data.jndn.Node$RegisterResponse onData
INFO: Register prefix succeeded with the NFD forwarder for prefix /com/stefanolupo/ndngame/0/discovery/broadcast
Apr 07, 2019 6:51:52 PM net.named_data.jndn.Node$RegisterResponse onData
INFO: Register prefix succeeded with the NFD forwarder for prefix /com/stefanolupo/ndngame/0/discovery/nodeC
 INFO [cs-/com/stefanolupo/ndngame/0/discovery/nodeC-0] (ChronoSynced.java:93) - Initialized ChronoSyncedMap for /com/stefanolupo/ndngame/0/discovery/nodeC
DEBUG [bp-queue-proc-/com/stefanolupo/ndngame/0/nodeC/blocks/sync-1] (BasePublisher.java:96) - /com/stefanolupo/ndngame/0/nodeC/blocks/sync: No duplicate SN requests seen
DEBUG [bp-queue-proc-/com/stefanolupo/ndngame/0/nodeC/status/sync-1] (BasePublisher.java:96) - /com/stefanolupo/ndngame/0/nodeC/status/sync: No duplicate SN requests seen
4/7/19, 6:52:16 PM =============================================================

-- Gauges ----------------------------------------------------------------------
pub-update-percentage-nodeC-blocks-sync
             value = 0.0
pub-update-percentage-nodeC-status-sync
             value = 0.4986010072747622


DEBUG [bp-queue-proc-/com/stefanolupo/ndngame/0/nodeC/blocks/sync-1] (BasePublisher.java:96) - /com/stefanolupo/ndngame/0/nodeC/blocks/sync: No duplicate SN requests seen
DEBUG [bp-queue-proc-/com/stefanolupo/ndngame/0/nodeC/status/sync-1] (BasePublisher.java:96) - /com/stefanolupo/ndngame/0/nodeC/status/sync: No duplicate SN requests seen
4/7/19, 6:52:46 PM =============================================================

-- Gauges ----------------------------------------------------------------------
pub-update-percentage-nodeC-blocks-sync
             value = 0.0011148272017837235
pub-update-percentage-nodeC-status-sync
             value = 0.4993030387510454


DEBUG [bp-queue-proc-/com/stefanolupo/ndngame/0/nodeC/blocks/sync-1] (BasePublisher.java:96) - /com/stefanolupo/ndngame/0/nodeC/blocks/sync: No duplicate SN requests seen
DEBUG [bp-queue-proc-/com/stefanolupo/ndngame/0/nodeC/status/sync-1] (BasePublisher.java:96) - /com/stefanolupo/ndngame/0/nodeC/status/sync: No duplicate SN requests seen
 INFO [fm-pub-0-0] (ProjectilePublisher.java:133) - Creating interest meter
 INFO [cs-/com/stefanolupo/ndngame/0/discovery/nodeC-0] (PlayerStatusSubscriber.java:59) - Adding subscription for nodeB
 INFO [cs-/com/stefanolupo/ndngame/0/discovery/nodeC-0] (BlockSubscriber.java:54) - Adding subscription for /com/stefanolupo/ndngame/0/nodeB/blocks/sync/0/0/0
 INFO [cs-/com/stefanolupo/ndngame/0/discovery/nodeC-0] (ProjectileSubscriber.java:53) - Adding subscription for /com/stefanolupo/ndngame/0/nodeB/projectiles/sync/0/0/0
 INFO [cs-/com/stefanolupo/ndngame/0/discovery/nodeC-0] (PlayerStatusSubscriber.java:59) - Adding subscription for nodeA
 INFO [cs-/com/stefanolupo/ndngame/0/discovery/nodeC-0] (BlockSubscriber.java:54) - Adding subscription for /com/stefanolupo/ndngame/0/nodeA/blocks/sync/0/0/0
 INFO [cs-/com/stefanolupo/ndngame/0/discovery/nodeC-0] (ProjectileSubscriber.java:53) - Adding subscription for /com/stefanolupo/ndngame/0/nodeA/projectiles/sync/0/0/0
DEBUG [HeadlessApplication] (ProjectileCollisionSystem.java:108) - Bullet hit me, notifying owner and decreasing my health
DEBUG [HeadlessApplication] (ProjectileCollisionSystem.java:108) - Bullet hit me, notifying owner and decreasing my health
DEBUG [HeadlessApplication] (ProjectileCollisionSystem.java:108) - Bullet hit me, notifying owner and decreasing my health
 INFO [cs-/com/stefanolupo/ndngame/0/discovery/nodeC-0] (PlayerStatusSubscriber.java:59) - Adding subscription for nodeD
 INFO [cs-/com/stefanolupo/ndngame/0/discovery/nodeC-0] (BlockSubscriber.java:54) - Adding subscription for /com/stefanolupo/ndngame/0/nodeD/blocks/sync/0/0/0
 INFO [cs-/com/stefanolupo/ndngame/0/discovery/nodeC-0] (ProjectileSubscriber.java:53) - Adding subscription for /com/stefanolupo/ndngame/0/nodeD/projectiles/sync/0/0/0
 WARN [bp-queue-proc-/com/stefanolupo/ndngame/0/nodeC/blocks/sync-1] (BasePublisher.java:98) - /com/stefanolupo/ndngame/0/nodeC/blocks/sync: Saw duplicate sn requests
 WARN [bp-queue-proc-/com/stefanolupo/ndngame/0/nodeC/blocks/sync-1] (BasePublisher.java:99) - [7=2, 9=3]
 WARN [bp-queue-proc-/com/stefanolupo/ndngame/0/nodeC/status/sync-1] (BasePublisher.java:98) - /com/stefanolupo/ndngame/0/nodeC/status/sync: Saw duplicate sn requests
 WARN [bp-queue-proc-/com/stefanolupo/ndngame/0/nodeC/status/sync-1] (BasePublisher.java:99) - [0=3, 2137=2]
4/7/19, 6:53:16 PM =============================================================

-- Gauges ----------------------------------------------------------------------
pub-update-percentage-nodeC-blocks-sync
             value = 0.0022271714922048997
pub-update-percentage-nodeC-status-sync
             value = 0.4993502877297197

-- Counters --------------------------------------------------------------------
sub-blocks-interestscounter-nodeA
             count = 17
sub-blocks-interestscounter-nodeB
             count = 16
sub-blocks-interestscounter-nodeD
             count = 17
sub-projectiles-interestscounter-nodeA
             count = 26
sub-projectiles-interestscounter-nodeB
             count = 25
sub-projectiles-interestscounter-nodeD
             count = 24
sub-status-interestscounter-nodeA
             count = 530
sub-status-interestscounter-nodeB
             count = 519
sub-status-interestscounter-nodeD
             count = 512

-- Histograms ------------------------------------------------------------------
eng-status-delta-nodeA
             count = 526
               min = 0
               max = 134
              mean = 4.66
            stddev = 15.10
            median = 0.00
              75% <= 0.00
              95% <= 31.00
              98% <= 56.00
              99% <= 70.00
            99.9% <= 134.00
eng-status-delta-nodeB
             count = 513
               min = 0
               max = 122
              mean = 3.81
            stddev = 13.34
            median = 0.00
              75% <= 0.00
              95% <= 22.00
              98% <= 44.00
              99% <= 68.00
            99.9% <= 122.00
eng-status-delta-nodeD
             count = 508
               min = 0
               max = 159
              mean = 2.93
            stddev = 10.65
            median = 0.00
              75% <= 0.00
              95% <= 22.00
              98% <= 31.00
              99% <= 44.00
            99.9% <= 159.00
sub-blocks-rtt-nodeA
             count = 2
               min = 184
               max = 250
              mean = 217.49
            stddev = 33.00
            median = 250.00
              75% <= 250.00
              95% <= 250.00
              98% <= 250.00
              99% <= 250.00
            99.9% <= 250.00
sub-blocks-rtt-nodeB
             count = 3
               min = 219
               max = 851
              mean = 493.73
            stddev = 272.05
            median = 380.00
              75% <= 851.00
              95% <= 851.00
              98% <= 851.00
              99% <= 851.00
            99.9% <= 851.00
sub-blocks-rtt-nodeD
             count = 1
               min = 808
               max = 808
              mean = 808.00
            stddev = 0.00
            median = 808.00
              75% <= 808.00
              95% <= 808.00
              98% <= 808.00
              99% <= 808.00
            99.9% <= 808.00
sub-projectiles-rtt-nodeA
             count = 11
               min = 15
               max = 950
              mean = 400.16
            stddev = 320.86
            median = 449.00
              75% <= 673.00
              95% <= 950.00
              98% <= 950.00
              99% <= 950.00
            99.9% <= 950.00
sub-projectiles-rtt-nodeB
             count = 12
               min = 12
               max = 949
              mean = 563.61
            stddev = 276.03
            median = 568.00
              75% <= 816.00
              95% <= 949.00
              98% <= 949.00
              99% <= 949.00
            99.9% <= 949.00
sub-projectiles-rtt-nodeD
             count = 12
               min = 16
               max = 999
              mean = 529.24
            stddev = 300.37
            median = 517.00
              75% <= 683.00
              95% <= 999.00
              98% <= 999.00
              99% <= 999.00
            99.9% <= 999.00
sub-status-rtt-nodeA
             count = 529
               min = 11
               max = 84
              mean = 35.47
            stddev = 10.04
            median = 33.00
              75% <= 34.00
              95% <= 56.00
              98% <= 67.00
              99% <= 67.00
            99.9% <= 84.00
sub-status-rtt-nodeB
             count = 518
               min = 5
               max = 85
              mean = 36.24
            stddev = 11.56
            median = 33.00
              75% <= 34.00
              95% <= 66.00
              98% <= 67.00
              99% <= 83.00
            99.9% <= 85.00
sub-status-rtt-nodeD
             count = 512
               min = 2
               max = 83
              mean = 34.79
            stddev = 8.83
            median = 33.00
              75% <= 34.00
              95% <= 50.00
              98% <= 66.00
              99% <= 67.00
            99.9% <= 83.00

-- Meters ----------------------------------------------------------------------
pub-interest-rate-nodeC-blocks-sync
             count = 20
         mean rate = 1.05 events/second
     1-minute rate = 0.85 events/second
     5-minute rate = 0.81 events/second
    15-minute rate = 0.80 events/second
pub-interest-rate-nodeC-projectiles-sync
             count = 26
         mean rate = 1.36 events/second
     1-minute rate = 1.55 events/second
     5-minute rate = 1.59 events/second
    15-minute rate = 1.60 events/second
pub-interest-rate-nodeC-status-sync
             count = 548
         mean rate = 28.65 events/second
     1-minute rate = 29.41 events/second
     5-minute rate = 29.56 events/second
    15-minute rate = 29.59 events/second


DEBUG [HeadlessApplication] (ProjectileCollisionSystem.java:108) - Bullet hit me, notifying owner and decreasing my health
DEBUG [HeadlessApplication] (ProjectileCollisionSystem.java:108) - Bullet hit me, notifying owner and decreasing my health
 WARN [bp-queue-proc-/com/stefanolupo/ndngame/0/nodeC/blocks/sync-1] (BasePublisher.java:98) - /com/stefanolupo/ndngame/0/nodeC/blocks/sync: Saw duplicate sn requests
 WARN [bp-queue-proc-/com/stefanolupo/ndngame/0/nodeC/blocks/sync-1] (BasePublisher.java:99) - [11=10, 13=9, 7=2, 9=3, 10=6, 14=3]
 WARN [bp-queue-proc-/com/stefanolupo/ndngame/0/nodeC/status/sync-1] (BasePublisher.java:98) - /com/stefanolupo/ndngame/0/nodeC/status/sync: Saw duplicate sn requests
 WARN [bp-queue-proc-/com/stefanolupo/ndngame/0/nodeC/status/sync-1] (BasePublisher.java:99) - [0=3, 2137=2, 2782=2]
DEBUG [HeadlessApplication] (ProjectileCollisionSystem.java:108) - Bullet hit me, notifying owner and decreasing my health
DEBUG [HeadlessApplication] (ProjectileCollisionSystem.java:108) - Bullet hit me, notifying owner and decreasing my health
4/7/19, 6:53:46 PM =============================================================

-- Gauges ----------------------------------------------------------------------
pub-update-percentage-nodeC-blocks-sync
             value = 0.0026432943795214247
pub-update-percentage-nodeC-status-sync
             value = 0.499373869486573

-- Counters --------------------------------------------------------------------
sub-blocks-interestscounter-nodeA
             count = 47
sub-blocks-interestscounter-nodeB
             count = 43
sub-blocks-interestscounter-nodeD
             count = 46
sub-projectiles-interestscounter-nodeA
             count = 62
sub-projectiles-interestscounter-nodeB
             count = 66
sub-projectiles-interestscounter-nodeD
             count = 63
sub-status-interestscounter-nodeA
             count = 1357
sub-status-interestscounter-nodeB
             count = 1346
sub-status-interestscounter-nodeD
             count = 1359

-- Histograms ------------------------------------------------------------------
eng-status-delta-nodeA
             count = 1353
               min = 0
               max = 134
              mean = 4.23
            stddev = 12.59
            median = 0.00
              75% <= 0.00
              95% <= 25.00
              98% <= 39.00
              99% <= 63.00
            99.9% <= 133.00
eng-status-delta-nodeB
             count = 1336
               min = 0
               max = 122
              mean = 3.81
            stddev = 11.64
            median = 0.00
              75% <= 0.00
              95% <= 22.00
              98% <= 40.00
              99% <= 62.00
            99.9% <= 112.00
eng-status-delta-nodeD
             count = 1355
               min = 0
               max = 126
              mean = 3.95
            stddev = 11.59
            median = 0.00
              75% <= 0.00
              95% <= 22.00
              98% <= 44.00
              99% <= 44.00
            99.9% <= 122.00
sub-blocks-rtt-nodeA
             count = 2
               min = 184
               max = 250
              mean = 217.49
            stddev = 33.00
            median = 250.00
              75% <= 250.00
              95% <= 250.00
              98% <= 250.00
              99% <= 250.00
            99.9% <= 250.00
sub-blocks-rtt-nodeB
             count = 6
               min = 219
               max = 851
              mean = 442.84
            stddev = 195.65
            median = 379.00
              75% <= 545.00
              95% <= 851.00
              98% <= 851.00
              99% <= 851.00
            99.9% <= 851.00
sub-blocks-rtt-nodeD
             count = 2
               min = 708
               max = 808
              mean = 748.73
            stddev = 49.13
            median = 708.00
              75% <= 808.00
              95% <= 808.00
              98% <= 808.00
              99% <= 808.00
            99.9% <= 808.00
sub-projectiles-rtt-nodeA
             count = 26
               min = 15
               max = 999
              mean = 519.19
            stddev = 325.52
            median = 533.00
              75% <= 784.00
              95% <= 992.00
              98% <= 999.00
              99% <= 999.00
            99.9% <= 999.00
sub-projectiles-rtt-nodeB
             count = 26
               min = 12
               max = 949
              mean = 325.73
            stddev = 304.24
            median = 199.00
              75% <= 568.00
              95% <= 817.00
              98% <= 949.00
              99% <= 949.00
            99.9% <= 949.00
sub-projectiles-rtt-nodeD
             count = 26
               min = 16
               max = 999
              mean = 420.45
            stddev = 347.75
            median = 516.00
              75% <= 683.00
              95% <= 986.00
              98% <= 999.00
              99% <= 999.00
            99.9% <= 999.00
sub-status-rtt-nodeA
             count = 1356
               min = 11
               max = 100
              mean = 36.34
            stddev = 11.35
            median = 33.00
              75% <= 34.00
              95% <= 66.00
              98% <= 67.00
              99% <= 68.00
            99.9% <= 100.00
sub-status-rtt-nodeB
             count = 1345
               min = 4
               max = 85
              mean = 36.34
            stddev = 11.29
            median = 33.00
              75% <= 34.00
              95% <= 66.00
              98% <= 67.00
              99% <= 69.00
            99.9% <= 85.00
sub-status-rtt-nodeD
             count = 1358
               min = 16
               max = 84
              mean = 35.30
            stddev = 9.24
            median = 33.00
              75% <= 34.00
              95% <= 50.00
              98% <= 67.00
              99% <= 67.00
            99.9% <= 84.00

-- Meters ----------------------------------------------------------------------
pub-interest-rate-nodeC-blocks-sync
             count = 72
         mean rate = 1.47 events/second
     1-minute rate = 1.15 events/second
     5-minute rate = 0.88 events/second
    15-minute rate = 0.83 events/second
pub-interest-rate-nodeC-projectiles-sync
             count = 70
         mean rate = 1.43 events/second
     1-minute rate = 1.52 events/second
     5-minute rate = 1.58 events/second
    15-minute rate = 1.59 events/second
pub-interest-rate-nodeC-status-sync
             count = 1382
         mean rate = 28.13 events/second
     1-minute rate = 28.81 events/second
     5-minute rate = 29.40 events/second
    15-minute rate = 29.53 events/second


 WARN [bp-queue-proc-/com/stefanolupo/ndngame/0/nodeC/blocks/sync-1] (BasePublisher.java:98) - /com/stefanolupo/ndngame/0/nodeC/blocks/sync: Saw duplicate sn requests
 WARN [bp-queue-proc-/com/stefanolupo/ndngame/0/nodeC/blocks/sync-1] (BasePublisher.java:99) - [11=10, 13=15, 7=2, 18=7, 17=7, 19=4, 9=3, 10=6, 14=3, 16=13]
 WARN [bp-queue-proc-/com/stefanolupo/ndngame/0/nodeC/status/sync-1] (BasePublisher.java:98) - /com/stefanolupo/ndngame/0/nodeC/status/sync: Saw duplicate sn requests
 WARN [bp-queue-proc-/com/stefanolupo/ndngame/0/nodeC/status/sync-1] (BasePublisher.java:99) - [0=3, 2137=2, 2782=2]
DEBUG [HeadlessApplication] (ProjectileCollisionSystem.java:108) - Bullet hit me, notifying owner and decreasing my health
DEBUG [HeadlessApplication] (ProjectileCollisionSystem.java:108) - Bullet hit me, notifying owner and decreasing my health
DEBUG [HeadlessApplication] (ProjectileCollisionSystem.java:108) - Bullet hit me, notifying owner and decreasing my health
DEBUG [HeadlessApplication] (ProjectileCollisionSystem.java:108) - Bullet hit me, notifying owner and decreasing my health
 WARN [bp-queue-proc-/com/stefanolupo/ndngame/0/nodeC/blocks/sync-1] (BasePublisher.java:98) - /com/stefanolupo/ndngame/0/nodeC/blocks/sync: Saw duplicate sn requests
 WARN [bp-queue-proc-/com/stefanolupo/ndngame/0/nodeC/blocks/sync-1] (BasePublisher.java:99) - [11=10, 13=15, 19=17, 20=16, 7=2, 18=7, 17=7, 9=3, 16=27, 10=6, 14=3]
 WARN [bp-queue-proc-/com/stefanolupo/ndngame/0/nodeC/status/sync-1] (BasePublisher.java:98) - /com/stefanolupo/ndngame/0/nodeC/status/sync: Saw duplicate sn requests
 WARN [bp-queue-proc-/com/stefanolupo/ndngame/0/nodeC/status/sync-1] (BasePublisher.java:99) - [0=3, 3898=2, 2137=2, 2782=2]
DEBUG [HeadlessApplication] (ProjectileCollisionSystem.java:108) - Bullet hit me, notifying owner and decreasing my health
DEBUG [HeadlessApplication] (ProjectileCollisionSystem.java:108) - Bullet hit me, notifying owner and decreasing my health
DEBUG [HeadlessApplication] (ProjectileCollisionSystem.java:108) - Bullet hit me, notifying owner and decreasing my health
4/7/19, 6:54:16 PM =============================================================

-- Gauges ----------------------------------------------------------------------
pub-update-percentage-nodeC-blocks-sync
             value = 0.002447708055184691
pub-update-percentage-nodeC-status-sync
             value = 0.49938800489596086

-- Counters --------------------------------------------------------------------
sub-blocks-interestscounter-nodeA
             count = 76
sub-blocks-interestscounter-nodeB
             count = 73
sub-blocks-interestscounter-nodeD
             count = 76
sub-projectiles-interestscounter-nodeA
             count = 100
sub-projectiles-interestscounter-nodeB
             count = 105
sub-projectiles-interestscounter-nodeD
             count = 102
sub-status-interestscounter-nodeA
             count = 2184
sub-status-interestscounter-nodeB
             count = 2173
sub-status-interestscounter-nodeD
             count = 2193

-- Histograms ------------------------------------------------------------------
eng-status-delta-nodeA
             count = 2180
               min = 0
               max = 133
              mean = 3.30
            stddev = 9.89
            median = 0.00
              75% <= 0.00
              95% <= 22.00
              98% <= 31.00
              99% <= 44.00
            99.9% <= 122.00
eng-status-delta-nodeB
             count = 2162
               min = 0
               max = 104
              mean = 2.93
            stddev = 8.78
            median = 0.00
              75% <= 0.00
              95% <= 22.00
              98% <= 31.00
              99% <= 40.00
            99.9% <= 90.00
eng-status-delta-nodeD
             count = 2187
               min = 0
               max = 126
              mean = 3.85
            stddev = 11.01
            median = 0.00
              75% <= 0.00
              95% <= 31.00
              98% <= 44.00
              99% <= 44.00
            99.9% <= 111.00
sub-blocks-rtt-nodeA
             count = 3
               min = 184
               max = 452
              mean = 352.02
            stddev = 117.96
            median = 452.00
              75% <= 452.00
              95% <= 452.00
              98% <= 452.00
              99% <= 452.00
            99.9% <= 452.00
sub-blocks-rtt-nodeB
             count = 6
               min = 219
               max = 851
              mean = 442.84
            stddev = 195.65
            median = 379.00
              75% <= 545.00
              95% <= 851.00
              98% <= 851.00
              99% <= 851.00
            99.9% <= 851.00
sub-blocks-rtt-nodeD
             count = 2
               min = 708
               max = 808
              mean = 748.73
            stddev = 49.13
            median = 708.00
              75% <= 808.00
              95% <= 808.00
              98% <= 808.00
              99% <= 808.00
            99.9% <= 808.00
sub-projectiles-rtt-nodeA
             count = 41
               min = 15
               max = 999
              mean = 508.15
            stddev = 298.83
            median = 516.00
              75% <= 783.00
              95% <= 999.00
              98% <= 999.00
              99% <= 999.00
            99.9% <= 999.00
sub-projectiles-rtt-nodeB
             count = 42
               min = 12
               max = 949
              mean = 377.27
            stddev = 288.78
            median = 516.00
              75% <= 568.00
              95% <= 817.00
              98% <= 820.00
              99% <= 949.00
            99.9% <= 949.00
sub-projectiles-rtt-nodeD
             count = 39
               min = 14
               max = 999
              mean = 381.77
            stddev = 306.99
            median = 483.00
              75% <= 598.00
              95% <= 967.00
              98% <= 986.00
              99% <= 999.00
            99.9% <= 999.00
sub-status-rtt-nodeA
             count = 2183
               min = 5
               max = 85
              mean = 36.37
            stddev = 11.21
            median = 33.00
              75% <= 34.00
              95% <= 66.00
              98% <= 67.00
              99% <= 70.00
            99.9% <= 84.00
sub-status-rtt-nodeB
             count = 2172
DEBUG [HeadlessApplication] (ProjectileCollisionSystem.java:108) - Bullet hit me, notifying owner and decreasing my health
               min = 15
               max = 88
              mean = 35.93
            stddev = 10.69
            median = 33.00
              75% <= 34.00
              95% <= 66.00
              98% <= 67.00
              99% <= 67.00
            99.9% <= 88.00
sub-status-rtt-nodeD
             count = 2192
               min = 16
               max = 84
              mean = 35.75
            stddev = 9.15
            median = 33.00
              75% <= 34.00
              95% <= 51.00
              98% <= 67.00
              99% <= 67.00
            99.9% <= 83.00

-- Meters ----------------------------------------------------------------------
pub-interest-rate-nodeC-blocks-sync
             count = 135
         mean rate = 1.71 events/second
     1-minute rate = 1.52 events/second
     5-minute rate = 1.00 events/second
    15-minute rate = 0.87 events/second
pub-interest-rate-nodeC-projectiles-sync
             count = 101
         mean rate = 1.28 events/second
     1-minute rate = 1.31 events/second
     5-minute rate = 1.52 events/second
    15-minute rate = 1.57 events/second
pub-interest-rate-nodeC-status-sync
             count = 2207
         mean rate = 27.89 events/second
     1-minute rate = 28.32 events/second
     5-minute rate = 29.23 events/second
    15-minute rate = 29.47 events/second


 WARN [bp-queue-proc-/com/stefanolupo/ndngame/0/nodeC/blocks/sync-1] (BasePublisher.java:98) - /com/stefanolupo/ndngame/0/nodeC/blocks/sync: Saw duplicate sn requests
 WARN [bp-queue-proc-/com/stefanolupo/ndngame/0/nodeC/blocks/sync-1] (BasePublisher.java:99) - [11=10, 13=15, 19=23, 7=2, 9=3, 10=6, 14=3, 16=34, 20=32, 18=7, 17=7, 25=4, 22=8]
 WARN [bp-queue-proc-/com/stefanolupo/ndngame/0/nodeC/status/sync-1] (BasePublisher.java:98) - /com/stefanolupo/ndngame/0/nodeC/status/sync: Saw duplicate sn requests
 WARN [bp-queue-proc-/com/stefanolupo/ndngame/0/nodeC/status/sync-1] (BasePublisher.java:99) - [0=3, 3898=2, 4408=2, 2137=2, 2782=2]
DEBUG [HeadlessApplication] (ProjectileCollisionSystem.java:108) - Bullet hit me, notifying owner and decreasing my health
ERROR [HeadlessApplication] (ProjectileCollisionSystem.java:62) - Type component was null for collision with PROJECTILE
DEBUG [HeadlessApplication] (ProjectileCollisionSystem.java:108) - Bullet hit me, notifying owner and decreasing my health
4/7/19, 6:54:46 PM =============================================================

-- Gauges ----------------------------------------------------------------------
pub-update-percentage-nodeC-blocks-sync
             value = 0.002410085279940675
pub-update-percentage-nodeC-status-sync
             value = 0.4990266060999351

-- Counters --------------------------------------------------------------------
sub-blocks-interestscounter-nodeA
             count = 104
sub-blocks-interestscounter-nodeB
             count = 101
sub-blocks-interestscounter-nodeD
             count = 105
sub-projectiles-interestscounter-nodeA
             count = 139
sub-projectiles-interestscounter-nodeB
             count = 145
sub-projectiles-interestscounter-nodeD
             count = 143
sub-status-interestscounter-nodeA
             count = 3007
sub-status-interestscounter-nodeB
             count = 2990
sub-status-interestscounter-nodeD
             count = 3015

-- Histograms ------------------------------------------------------------------
eng-status-delta-nodeA
             count = 3001
               min = 0
               max = 133
              mean = 3.43
            stddev = 12.40
            median = 0.00
              75% <= 0.00
              95% <= 22.00
              98% <= 33.00
              99% <= 59.00
            99.9% <= 122.00
eng-status-delta-nodeB
             count = 2978
               min = 0
               max = 122
              mean = 3.23
            stddev = 10.80
            median = 0.00
              75% <= 0.00
              95% <= 22.00
              98% <= 31.00
              99% <= 46.00
            99.9% <= 122.00
eng-status-delta-nodeD
             count = 3009
               min = 0
               max = 126
              mean = 3.74
            stddev = 10.38
            median = 0.00
              75% <= 0.00
              95% <= 22.00
              98% <= 33.00
              99% <= 44.00
            99.9% <= 111.00
sub-blocks-rtt-nodeA
             count = 5
               min = 184
               max = 766
              mean = 498.72
            stddev = 201.38
            median = 452.00
              75% <= 766.00
              95% <= 766.00
              98% <= 766.00
              99% <= 766.00
            99.9% <= 766.00
sub-blocks-rtt-nodeB
             count = 8
               min = 219
               max = 913
              mean = 566.68
            stddev = 239.16
            median = 478.00
              75% <= 851.00
              95% <= 913.00
              98% <= 913.00
              99% <= 913.00
            99.9% <= 913.00
sub-blocks-rtt-nodeD
             count = 3
               min = 708
               max = 808
              mean = 735.22
            stddev = 32.00
            median = 727.00
              75% <= 727.00
              95% <= 808.00
              98% <= 808.00
              99% <= 808.00
            99.9% <= 808.00
sub-projectiles-rtt-nodeA
             count = 58
               min = 0
               max = 999
              mean = 474.92
            stddev = 292.60
            median = 517.00
              75% <= 667.00
              95% <= 950.00
              98% <= 999.00
              99% <= 999.00
            99.9% <= 999.00
sub-projectiles-rtt-nodeB
             count = 59
               min = 9
               max = 999
              mean = 396.70
            stddev = 277.46
            median = 516.00
              75% <= 534.00
              95% <= 817.00
              98% <= 999.00
              99% <= 999.00
            99.9% <= 999.00
sub-projectiles-rtt-nodeD
             count = 56
               min = 14
               max = 999
              mean = 353.53
            stddev = 300.23
            median = 316.00
              75% <= 532.00
              95% <= 900.00
              98% <= 986.00
              99% <= 986.00
            99.9% <= 999.00
sub-status-rtt-nodeA
             count = 3006
               min = 1
               max = 85
              mean = 36.68
            stddev = 11.47
            median = 33.00
              75% <= 34.00
              95% <= 67.00
              98% <= 67.00
              99% <= 67.00
            99.9% <= 83.00
sub-status-rtt-nodeB
             count = 2989
               min = 12
               max = 91
              mean = 36.44
            stddev = 11.20
            median = 33.00
              75% <= 34.00
              95% <= 66.00
              98% <= 67.00
              99% <= 68.00
            99.9% <= 91.00
sub-status-rtt-nodeD
             count = 3014
               min = 11
               max = 100
              mean = 36.39
            stddev = 10.37
            median = 33.00
              75% <= 34.00
              95% <= 66.00
              98% <= 67.00
              99% <= 67.00
            99.9% <= 100.00

-- Meters ----------------------------------------------------------------------
pub-interest-rate-nodeC-blocks-sync
             count = 198
         mean rate = 1.81 events/second
     1-minute rate = 1.77 events/second
     5-minute rate = 1.11 events/second
    15-minute rate = 0.91 events/second
pub-interest-rate-nodeC-projectiles-sync
             count = 139
         mean rate = 1.27 events/second
     1-minute rate = 1.31 events/second
     5-minute rate = 1.50 events/second
    15-minute rate = 1.56 events/second
pub-interest-rate-nodeC-status-sync
             count = 3036
         mean rate = 27.82 events/second
     1-minute rate = 28.07 events/second
     5-minute rate = 29.08 events/second
    15-minute rate = 29.41 events/second


 WARN [bp-queue-proc-/com/stefanolupo/ndngame/0/nodeC/blocks/sync-1] (BasePublisher.java:98) - /com/stefanolupo/ndngame/0/nodeC/blocks/sync: Saw duplicate sn requests
 WARN [bp-queue-proc-/com/stefanolupo/ndngame/0/nodeC/blocks/sync-1] (BasePublisher.java:99) - [11=10, 22=23, 13=15, 19=23, 7=2, 9=3, 10=6, 14=3, 25=9, 16=34, 27=8, 18=7, 17=7, 20=35, 26=13]
 WARN [bp-queue-proc-/com/stefanolupo/ndngame/0/nodeC/status/sync-1] (BasePublisher.java:98) - /com/stefanolupo/ndngame/0/nodeC/status/sync: Saw duplicate sn requests
 WARN [bp-queue-proc-/com/stefanolupo/ndngame/0/nodeC/status/sync-1] (BasePublisher.java:99) - [0=3, 3898=2, 4408=2, 2137=2, 2782=2]
DEBUG [HeadlessApplication] (ProjectileCollisionSystem.java:108) - Bullet hit me, notifying owner and decreasing my health
 WARN [bp-queue-proc-/com/stefanolupo/ndngame/0/nodeC/blocks/sync-1] (BasePublisher.java:98) - /com/stefanolupo/ndngame/0/nodeC/blocks/sync: Saw duplicate sn requests
 WARN [bp-queue-proc-/com/stefanolupo/ndngame/0/nodeC/blocks/sync-1] (BasePublisher.java:99) - [11=10, 13=15, 19=23, 7=2, 26=28, 9=3, 22=29, 10=6, 14=3, 27=21, 25=9, 16=34, 18=7, 17=7, 28=10, 20=35]
 WARN [bp-queue-proc-/com/stefanolupo/ndngame/0/nodeC/status/sync-1] (BasePublisher.java:98) - /com/stefanolupo/ndngame/0/nodeC/status/sync: Saw duplicate sn requests
 WARN [bp-queue-proc-/com/stefanolupo/ndngame/0/nodeC/status/sync-1] (BasePublisher.java:99) - [0=3, 3898=2, 4408=2, 2137=2, 2782=2]
4/7/19, 6:55:16 PM =============================================================

-- Gauges ----------------------------------------------------------------------
pub-update-percentage-nodeC-blocks-sync
             value = 0.0022243406418811567
pub-update-percentage-nodeC-status-sync
             value = 0.49884801779613885

-- Counters --------------------------------------------------------------------
sub-blocks-interestscounter-nodeA
             count = 133
sub-blocks-interestscounter-nodeB
             count = 131
sub-blocks-interestscounter-nodeD
             count = 135
sub-projectiles-interestscounter-nodeA
             count = 178
sub-projectiles-interestscounter-nodeB
             count = 182
sub-projectiles-interestscounter-nodeD
             count = 181
sub-status-interestscounter-nodeA
             count = 3832
sub-status-interestscounter-nodeB
             count = 3812
sub-status-interestscounter-nodeD
             count = 3836

-- Histograms ------------------------------------------------------------------
eng-status-delta-nodeA
             count = 3825
               min = 0
               max = 133
              mean = 2.96
            stddev = 9.82
            median = 0.00
              75% <= 0.00
              95% <= 22.00
              98% <= 31.00
              99% <= 44.00
            99.9% <= 122.00
eng-status-delta-nodeB
             count = 3801
               min = 0
               max = 122
              mean = 2.79
            stddev = 8.90
            median = 0.00
              75% <= 0.00
              95% <= 22.00
              98% <= 31.00
              99% <= 33.00
            99.9% <= 111.00
eng-status-delta-nodeD
             count = 3831
               min = 0
               max = 111
              mean = 3.77
            stddev = 10.17
            median = 0.00
              75% <= 0.00
              95% <= 31.00
              98% <= 33.00
              99% <= 44.00
            99.9% <= 85.00
sub-blocks-rtt-nodeA
             count = 6
               min = 184
               max = 931
              mean = 619.56
            stddev = 258.55
            median = 766.00
              75% <= 931.00
              95% <= 931.00
              98% <= 931.00
              99% <= 931.00
            99.9% <= 931.00
sub-blocks-rtt-nodeB
             count = 8
               min = 219
               max = 913
              mean = 566.68
            stddev = 239.16
            median = 478.00
              75% <= 851.00
              95% <= 913.00
              98% <= 913.00
              99% <= 913.00
            99.9% <= 913.00
sub-blocks-rtt-nodeD
             count = 3
               min = 708
               max = 808
              mean = 735.22
            stddev = 32.00
            median = 727.00
              75% <= 727.00
              95% <= 808.00
              98% <= 808.00
              99% <= 808.00
            99.9% <= 808.00
sub-projectiles-rtt-nodeA
             count = 73
               min = 0
               max = 999
              mean = 457.45
            stddev = 309.36
            median = 516.00
              75% <= 707.00
              95% <= 996.00
              98% <= 996.00
              99% <= 999.00
            99.9% <= 999.00
sub-projectiles-rtt-nodeB
             count = 72
               min = 9
               max = 999
              mean = 403.80
            stddev = 301.80
            median = 504.00
              75% <= 606.00
              95% <= 883.00
              98% <= 983.00
              99% <= 999.00
            99.9% <= 999.00
sub-projectiles-rtt-nodeD
             count = 71
               min = 14
               max = 999
              mean = 391.26
            stddev = 298.79
            median = 483.00
              75% <= 681.00
              95% <= 866.00
              98% <= 967.00
              99% <= 986.00
            99.9% <= 999.00
sub-status-rtt-nodeA
             count = 3831
               min = 1
               max = 85
              mean = 36.79
            stddev = 11.31
            median = 33.00
              75% <= 34.00
              95% <= 67.00
              98% <= 67.00
              99% <= 67.00
            99.9% <= 83.00
sub-status-rtt-nodeB
             count = 3811
               min = 12
               max = 91
              mean = 36.61
            stddev = 11.27
            median = 33.00
              75% <= 34.00
              95% <= 66.00
              98% <= 67.00
              99% <= 67.00
            99.9% <= 85.00
sub-status-rtt-nodeD
             count = 3835
               min = 11
               max = 100
              mean = 36.32
            stddev = 9.97
            median = 33.00
              75% <= 34.00
              95% <= 66.00
              98% <= 67.00
              99% <= 67.00
            99.9% <= 83.00

-- Meters ----------------------------------------------------------------------
pub-interest-rate-nodeC-blocks-sync
             count = 264
         mean rate = 1.90 events/second
     1-minute rate = 1.92 events/second
     5-minute rate = 1.21 events/second
    15-minute rate = 0.95 events/second
pub-interest-rate-nodeC-projectiles-sync
             count = 182
         mean rate = 1.31 events/second
     1-minute rate = 1.32 events/second
     5-minute rate = 1.49 events/second
    15-minute rate = 1.56 events/second
pub-interest-rate-nodeC-status-sync
             count = 3858
         mean rate = 27.73 events/second
     1-minute rate = 27.73 events/second
     5-minute rate = 28.90 events/second
    15-minute rate = 29.34 events/second


 WARN [bp-queue-proc-/com/stefanolupo/ndngame/0/nodeC/blocks/sync-1] (BasePublisher.java:98) - /com/stefanolupo/ndngame/0/nodeC/blocks/sync: Saw duplicate sn requests
 WARN [bp-queue-proc-/com/stefanolupo/ndngame/0/nodeC/blocks/sync-1] (BasePublisher.java:99) - [11=10, 13=15, 19=23, 7=2, 28=26, 9=3, 22=29, 10=6, 14=3, 25=9, 16=34, 26=41, 18=7, 17=7, 20=35, 27=36]
 WARN [bp-queue-proc-/com/stefanolupo/ndngame/0/nodeC/status/sync-1] (BasePublisher.java:98) - /com/stefanolupo/ndngame/0/nodeC/status/sync: Saw duplicate sn requests
 WARN [bp-queue-proc-/com/stefanolupo/ndngame/0/nodeC/status/sync-1] (BasePublisher.java:99) - [6178=2, 0=3, 3898=2, 4408=2, 2137=2, 2782=2]
4/7/19, 6:55:46 PM =============================================================

-- Gauges ----------------------------------------------------------------------
pub-update-percentage-nodeC-blocks-sync
             value = 0.002363080344731721
pub-update-percentage-nodeC-status-sync
             value = 0.4980885521651491

-- Counters --------------------------------------------------------------------
sub-blocks-interestscounter-nodeA
             count = 160
sub-blocks-interestscounter-nodeB
             count = 160
sub-blocks-interestscounter-nodeD
             count = 165
sub-projectiles-interestscounter-nodeA
             count = 219
sub-projectiles-interestscounter-nodeB
             count = 227
sub-projectiles-interestscounter-nodeD
             count = 224
sub-status-interestscounter-nodeA
             count = 4638
sub-status-interestscounter-nodeB
             count = 4617
sub-status-interestscounter-nodeD
             count = 4651

-- Histograms ------------------------------------------------------------------
eng-status-delta-nodeA
             count = 4630
               min = 0
               max = 133
              mean = 3.27
            stddev = 11.73
            median = 0.00
              75% <= 0.00
              95% <= 22.00
              98% <= 33.00
              99% <= 63.00
            99.9% <= 122.00
eng-status-delta-nodeB
             count = 4606
               min = 0
               max = 126
              mean = 3.19
            stddev = 11.73
            median = 0.00
              75% <= 0.00
              95% <= 22.00
              98% <= 31.00
              99% <= 51.00
            99.9% <= 126.00
eng-status-delta-nodeD
             count = 4644
               min = 0
               max = 122
              mean = 3.69
            stddev = 12.16
            median = 0.00
              75% <= 0.00
              95% <= 22.00
              98% <= 44.00
              99% <= 63.00
            99.9% <= 122.00
sub-blocks-rtt-nodeA
             count = 9
               min = 184
               max = 954
              mean = 560.12
            stddev = 294.77
            median = 422.00
              75% <= 931.00
              95% <= 954.00
              98% <= 954.00
              99% <= 954.00
            99.9% <= 954.00
sub-blocks-rtt-nodeB
             count = 9
               min = 219
               max = 913
              mean = 647.94
            stddev = 217.31
            median = 786.00
              75% <= 786.00
              95% <= 913.00
              98% <= 913.00
              99% <= 913.00
            99.9% <= 913.00
sub-blocks-rtt-nodeD
             count = 3
               min = 708
               max = 808
              mean = 735.22
            stddev = 32.00
            median = 727.00
              75% <= 727.00
              95% <= 808.00
              98% <= 808.00
              99% <= 808.00
            99.9% <= 808.00
sub-projectiles-rtt-nodeA
             count = 91
               min = 0
               max = 999
              mean = 424.94
            stddev = 301.26
            median = 508.00
              75% <= 616.00
              95% <= 967.00
              98% <= 996.00
              99% <= 999.00
            99.9% <= 999.00
sub-projectiles-rtt-nodeB
             count = 92
               min = 9
               max = 999
              mean = 345.28
            stddev = 268.88
            median = 283.00
              75% <= 517.00
              95% <= 800.00
              98% <= 983.00
              99% <= 983.00
            99.9% <= 999.00
sub-projectiles-rtt-nodeD
             count = 93
               min = 14
               max = 999
              mean = 401.63
            stddev = 257.80
            median = 500.00
              75% <= 533.00
              95% <= 802.00
              98% <= 900.00
              99% <= 967.00
            99.9% <= 999.00
sub-status-rtt-nodeA
             count = 4637
               min = 4
               max = 85
              mean = 37.01
            stddev = 11.32
            median = 33.00
              75% <= 34.00
              95% <= 67.00
              98% <= 67.00
              99% <= 67.00
            99.9% <= 83.00
sub-status-rtt-nodeB
             count = 4616
               min = 12
               max = 91
              mean = 36.78
            stddev = 10.97
            median = 33.00
              75% <= 34.00
              95% <= 66.00
              98% <= 67.00
              99% <= 67.00
            99.9% <= 83.00
sub-status-rtt-nodeD
             count = 4650
               min = 2
               max = 105
              mean = 36.52
            stddev = 10.97
            median = 33.00
              75% <= 34.00
              95% <= 66.00
              98% <= 67.00
              99% <= 67.00
            99.9% <= 105.00

-- Meters ----------------------------------------------------------------------
pub-interest-rate-nodeC-blocks-sync
             count = 330
         mean rate = 1.95 events/second
     1-minute rate = 2.03 events/second
     5-minute rate = 1.30 events/second
    15-minute rate = 0.99 events/second
pub-interest-rate-nodeC-projectiles-sync
             count = 226
         mean rate = 1.34 events/second
     1-minute rate = 1.39 events/second
     5-minute rate = 1.49 events/second
    15-minute rate = 1.56 events/second
pub-interest-rate-nodeC-status-sync
             count = 4675
         mean rate = 27.64 events/second
     1-minute rate = 27.57 events/second
     5-minute rate = 28.75 events/second
    15-minute rate = 29.27 events/second


 WARN [bp-queue-proc-/com/stefanolupo/ndngame/0/nodeC/blocks/sync-1] (BasePublisher.java:98) - /com/stefanolupo/ndngame/0/nodeC/blocks/sync: Saw duplicate sn requests
 WARN [bp-queue-proc-/com/stefanolupo/ndngame/0/nodeC/blocks/sync-1] (BasePublisher.java:99) - [11=10, 13=15, 19=23, 7=2, 28=26, 33=9, 32=9, 34=8, 9=3, 22=29, 10=6, 14=3, 25=9, 16=34, 18=7, 17=7, 30=8, 20=35, 26=45, 27=38, 31=2]
 WARN [bp-queue-proc-/com/stefanolupo/ndngame/0/nodeC/status/sync-1] (BasePublisher.java:98) - /com/stefanolupo/ndngame/0/nodeC/status/sync: Saw duplicate sn requests
 WARN [bp-queue-proc-/com/stefanolupo/ndngame/0/nodeC/status/sync-1] (BasePublisher.java:99) - [6178=2, 0=3, 3898=2, 7162=2, 4408=2, 2137=2, 2782=2, 6718=2]
