DEBUG [main] (ConfigManager.java:33) - Initialized with properties: {local.player.status.updates.per.sec=30, facemanager.num.sub.threads.per.face=10, linear.interest.zone.filter.inner.radius=10, projectile.cache.size=20, local.player.status.use.dead.reckoning=false, block.publisher.freshness.period.ms=20, player.status.publisher.freshness.period.ms=20, base.publisher.queue.process.per.sec=60, projectile.sub.inter.interest.max.wait.time.ms=2000, linear.interest.zone.filter.outer.radius=20, local.player.dead.reckoning.max.error=0.5, projectile.publisher.queue.process.multithread=true, statistics.logger.log.rate.sec=30, facemanager.max.num.pub.faces=15, facemanager.num.pub.threads.per.face=10, facemanager.max.num.sub.faces=15, block.sub.inter.interest.max.wait.time.ms=2000, projectile.publisher.queue.process.per.sec=60, base.publisher.queue.process.multithread=true, player.sub.inter.interest.max.wait.time.ms=2000, linear.interest.zone.filter.enabled=false, projectile.publisher.freshness.period.ms=20}
WARNING: An illegal reflective access operation has occurred
WARNING: Illegal reflective access by com.google.inject.internal.cglib.core.$ReflectUtils$2 (file:/NdnGame/NdnGameLibGdxDesktop-1.0-SNAPSHOT.jar) to method java.lang.ClassLoader.defineClass(java.lang.String,byte[],int,int,java.security.ProtectionDomain)
WARNING: Please consider reporting this to the maintainers of com.google.inject.internal.cglib.core.$ReflectUtils$2
WARNING: Use --illegal-access=warn to enable warnings of further illegal reflective access operations
WARNING: All illegal access operations will be denied in a future release
DEBUG [main] (BackendModule.java:123) - Writing metrics to /metrics/nodeK
 INFO [main] (BodyFactory.java:30) - Using quadrant size of 80.0 and quadrant gap of 20.0
 INFO [main] (DesktopLauncher.java:49) - Launching headless game
 INFO [main] (DesktopLauncher.java:50) - LocalConfig{playerName='nodeK', isMasterView=false, isAutomated=true, automationType='wsp', isHeadless=true, gameId=0, screenWidth=600, screenHeight=600, targetFrameRate=60}
DEBUG [main] (AutomatedInputController.java:52) - Starting with automation type: wsp
DEBUG [main] (BasePublisher.java:67) - Registering /com/stefanolupo/ndngame/0/nodeK/blocks/sync
DEBUG [main] (BasePublisher.java:67) - Registering /com/stefanolupo/ndngame/0/nodeK/status/sync
Apr 09, 2019 9:54:56 PM net.named_data.jndn.Node$RegisterResponse onData
INFO: Register prefix succeeded with the NFD forwarder for prefix /com/stefanolupo/ndngame/0/nodeK/blocks/sync
Apr 09, 2019 9:54:56 PM net.named_data.jndn.Node$RegisterResponse onData
INFO: Register prefix failed: Expected NFD status code 200, got: 403
Apr 09, 2019 9:54:56 PM net.named_data.jndn.Node$RegisterResponse onData
INFO: Register prefix succeeded with the NFD forwarder for prefix /com/stefanolupo/ndngame/0/nodeK/projectiles/interact
Apr 09, 2019 9:54:56 PM net.named_data.jndn.Node$RegisterResponse onData
INFO: Register prefix succeeded with the NFD forwarder for prefix /com/stefanolupo/ndngame/0/nodeK/projectiles/sync
Apr 09, 2019 9:54:56 PM net.named_data.jndn.Node$RegisterResponse onData
INFO: Register prefix succeeded with the NFD forwarder for prefix /com/stefanolupo/ndngame/0/nodeK/blocks/interact
 WARN [fm-pub-2-2] (FaceManager.java:150) - Failed to register prefix: /com/stefanolupo/ndngame/0/nodeK/status/sync, retrying..
Apr 09, 2019 9:54:56 PM net.named_data.jndn.Node$RegisterResponse onData
INFO: Register prefix succeeded with the NFD forwarder for prefix /com/stefanolupo/ndngame/0/nodeK/status/sync
Apr 09, 2019 9:55:00 PM net.named_data.jndn.Node$RegisterResponse onData
INFO: Register prefix succeeded with the NFD forwarder for prefix /com/stefanolupo/ndngame/0/config/broadcast
Apr 09, 2019 9:55:00 PM net.named_data.jndn.Node$RegisterResponse onData
INFO: Register prefix succeeded with the NFD forwarder for prefix /com/stefanolupo/ndngame/0/config/nodeK
 INFO [cs-/com/stefanolupo/ndngame/0/config/nodeK-0] (ChronoSynced.java:93) - Initialized ChronoSyncedMap for /com/stefanolupo/ndngame/0/config/nodeK
Apr 09, 2019 9:55:01 PM net.named_data.jndn.Node$RegisterResponse onData
INFO: Register prefix succeeded with the NFD forwarder for prefix /com/stefanolupo/ndngame/0/discovery/broadcast
 INFO [cs-/com/stefanolupo/ndngame/0/discovery/nodeK-0] (ChronoSynced.java:93) - Initialized ChronoSyncedMap for /com/stefanolupo/ndngame/0/discovery/nodeK
Apr 09, 2019 9:55:01 PM net.named_data.jndn.Node$RegisterResponse onData
INFO: Register prefix succeeded with the NFD forwarder for prefix /com/stefanolupo/ndngame/0/discovery/nodeK
 INFO [cs-/com/stefanolupo/ndngame/0/discovery/nodeK-0] (PlayerStatusSubscriber.java:59) - Adding subscription for nodeC
 INFO [cs-/com/stefanolupo/ndngame/0/discovery/nodeK-0] (PlayerStatusSubscriber.java:59) - Adding subscription for nodeNN
 INFO [cs-/com/stefanolupo/ndngame/0/discovery/nodeK-0] (PlayerStatusSubscriber.java:59) - Adding subscription for nodeM
 INFO [cs-/com/stefanolupo/ndngame/0/discovery/nodeK-0] (PlayerStatusSubscriber.java:59) - Adding subscription for nodeG
 INFO [cs-/com/stefanolupo/ndngame/0/discovery/nodeK-0] (PlayerStatusSubscriber.java:59) - Adding subscription for nodeF
 INFO [cs-/com/stefanolupo/ndngame/0/discovery/nodeK-0] (PlayerStatusSubscriber.java:59) - Adding subscription for nodeA
 INFO [cs-/com/stefanolupo/ndngame/0/discovery/nodeK-0] (PlayerStatusSubscriber.java:59) - Adding subscription for nodeJ
 INFO [cs-/com/stefanolupo/ndngame/0/discovery/nodeK-0] (PlayerStatusSubscriber.java:59) - Adding subscription for nodeE
 INFO [cs-/com/stefanolupo/ndngame/0/discovery/nodeK-0] (PlayerStatusSubscriber.java:59) - Adding subscription for nodeO
 INFO [cs-/com/stefanolupo/ndngame/0/discovery/nodeK-0] (PlayerStatusSubscriber.java:59) - Adding subscription for nodeI
 INFO [cs-/com/stefanolupo/ndngame/0/discovery/nodeK-0] (BlockSubscriber.java:55) - Adding subscription for /com/stefanolupo/ndngame/0/nodeC/blocks/sync/0/0/0
 INFO [cs-/com/stefanolupo/ndngame/0/discovery/nodeK-0] (BlockSubscriber.java:55) - Adding subscription for /com/stefanolupo/ndngame/0/nodeNN/blocks/sync/0/0/0
 INFO [cs-/com/stefanolupo/ndngame/0/discovery/nodeK-0] (BlockSubscriber.java:55) - Adding subscription for /com/stefanolupo/ndngame/0/nodeM/blocks/sync/0/0/0
 INFO [cs-/com/stefanolupo/ndngame/0/discovery/nodeK-0] (BlockSubscriber.java:55) - Adding subscription for /com/stefanolupo/ndngame/0/nodeG/blocks/sync/0/0/0
 INFO [cs-/com/stefanolupo/ndngame/0/discovery/nodeK-0] (BlockSubscriber.java:55) - Adding subscription for /com/stefanolupo/ndngame/0/nodeF/blocks/sync/0/0/0
 INFO [cs-/com/stefanolupo/ndngame/0/discovery/nodeK-0] (BlockSubscriber.java:55) - Adding subscription for /com/stefanolupo/ndngame/0/nodeA/blocks/sync/0/0/0
 INFO [cs-/com/stefanolupo/ndngame/0/discovery/nodeK-0] (BlockSubscriber.java:55) - Adding subscription for /com/stefanolupo/ndngame/0/nodeJ/blocks/sync/0/0/0
 INFO [cs-/com/stefanolupo/ndngame/0/discovery/nodeK-0] (BlockSubscriber.java:55) - Adding subscription for /com/stefanolupo/ndngame/0/nodeE/blocks/sync/0/0/0
 INFO [cs-/com/stefanolupo/ndngame/0/discovery/nodeK-0] (BlockSubscriber.java:55) - Adding subscription for /com/stefanolupo/ndngame/0/nodeO/blocks/sync/0/0/0
 INFO [cs-/com/stefanolupo/ndngame/0/discovery/nodeK-0] (BlockSubscriber.java:55) - Adding subscription for /com/stefanolupo/ndngame/0/nodeI/blocks/sync/0/0/0
 INFO [cs-/com/stefanolupo/ndngame/0/discovery/nodeK-0] (ProjectileSubscriber.java:53) - Adding subscription for /com/stefanolupo/ndngame/0/nodeC/projectiles/sync/0/0/0
 INFO [cs-/com/stefanolupo/ndngame/0/discovery/nodeK-0] (ProjectileSubscriber.java:53) - Adding subscription for /com/stefanolupo/ndngame/0/nodeNN/projectiles/sync/0/0/0
 INFO [cs-/com/stefanolupo/ndngame/0/discovery/nodeK-0] (ProjectileSubscriber.java:53) - Adding subscription for /com/stefanolupo/ndngame/0/nodeM/projectiles/sync/0/0/0
 INFO [cs-/com/stefanolupo/ndngame/0/discovery/nodeK-0] (ProjectileSubscriber.java:53) - Adding subscription for /com/stefanolupo/ndngame/0/nodeG/projectiles/sync/0/0/0
 INFO [cs-/com/stefanolupo/ndngame/0/discovery/nodeK-0] (ProjectileSubscriber.java:53) - Adding subscription for /com/stefanolupo/ndngame/0/nodeF/projectiles/sync/0/0/0
 INFO [cs-/com/stefanolupo/ndngame/0/discovery/nodeK-0] (ProjectileSubscriber.java:53) - Adding subscription for /com/stefanolupo/ndngame/0/nodeA/projectiles/sync/0/0/0
 INFO [cs-/com/stefanolupo/ndngame/0/discovery/nodeK-0] (ProjectileSubscriber.java:53) - Adding subscription for /com/stefanolupo/ndngame/0/nodeJ/projectiles/sync/0/0/0
 INFO [cs-/com/stefanolupo/ndngame/0/discovery/nodeK-0] (ProjectileSubscriber.java:53) - Adding subscription for /com/stefanolupo/ndngame/0/nodeE/projectiles/sync/0/0/0
 INFO [cs-/com/stefanolupo/ndngame/0/discovery/nodeK-0] (ProjectileSubscriber.java:53) - Adding subscription for /com/stefanolupo/ndngame/0/nodeO/projectiles/sync/0/0/0
 INFO [cs-/com/stefanolupo/ndngame/0/discovery/nodeK-0] (ProjectileSubscriber.java:53) - Adding subscription for /com/stefanolupo/ndngame/0/nodeI/projectiles/sync/0/0/0
 WARN [HeadlessApplication] (ProjectileCollisionSystem.java:62) - Type component was null for collision with PROJECTILE
 INFO [cs-/com/stefanolupo/ndngame/0/discovery/nodeK-0] (PlayerStatusSubscriber.java:59) - Adding subscription for nodeH
 INFO [cs-/com/stefanolupo/ndngame/0/discovery/nodeK-0] (BlockSubscriber.java:55) - Adding subscription for /com/stefanolupo/ndngame/0/nodeH/blocks/sync/0/0/0
 INFO [cs-/com/stefanolupo/ndngame/0/discovery/nodeK-0] (ProjectileSubscriber.java:53) - Adding subscription for /com/stefanolupo/ndngame/0/nodeH/projectiles/sync/0/0/0
 INFO [fm-pub-3-2] (ProjectilePublisher.java:139) - Creating interest meter
 INFO [cs-/com/stefanolupo/ndngame/0/discovery/nodeK-0] (PlayerStatusSubscriber.java:59) - Adding subscription for nodeB
 INFO [cs-/com/stefanolupo/ndngame/0/discovery/nodeK-0] (BlockSubscriber.java:55) - Adding subscription for /com/stefanolupo/ndngame/0/nodeB/blocks/sync/0/0/0
 INFO [cs-/com/stefanolupo/ndngame/0/discovery/nodeK-0] (ProjectileSubscriber.java:53) - Adding subscription for /com/stefanolupo/ndngame/0/nodeB/projectiles/sync/0/0/0
 WARN [HeadlessApplication] (ProjectileCollisionSystem.java:62) - Type component was null for collision with PROJECTILE
 INFO [cs-/com/stefanolupo/ndngame/0/discovery/nodeK-0] (PlayerStatusSubscriber.java:59) - Adding subscription for nodeD
 INFO [cs-/com/stefanolupo/ndngame/0/discovery/nodeK-0] (BlockSubscriber.java:55) - Adding subscription for /com/stefanolupo/ndngame/0/nodeD/blocks/sync/0/0/0
 INFO [cs-/com/stefanolupo/ndngame/0/discovery/nodeK-0] (ProjectileSubscriber.java:53) - Adding subscription for /com/stefanolupo/ndngame/0/nodeD/projectiles/sync/0/0/0
 INFO [cs-/com/stefanolupo/ndngame/0/discovery/nodeK-0] (PlayerStatusSubscriber.java:59) - Adding subscription for nodeP
 INFO [cs-/com/stefanolupo/ndngame/0/discovery/nodeK-0] (BlockSubscriber.java:55) - Adding subscription for /com/stefanolupo/ndngame/0/nodeP/blocks/sync/0/0/0
 INFO [cs-/com/stefanolupo/ndngame/0/discovery/nodeK-0] (ProjectileSubscriber.java:53) - Adding subscription for /com/stefanolupo/ndngame/0/nodeP/projectiles/sync/0/0/0
 INFO [cs-/com/stefanolupo/ndngame/0/discovery/nodeK-0] (PlayerStatusSubscriber.java:59) - Adding subscription for nodeL
 INFO [cs-/com/stefanolupo/ndngame/0/discovery/nodeK-0] (BlockSubscriber.java:55) - Adding subscription for /com/stefanolupo/ndngame/0/nodeL/blocks/sync/0/0/0
 INFO [cs-/com/stefanolupo/ndngame/0/discovery/nodeK-0] (ProjectileSubscriber.java:53) - Adding subscription for /com/stefanolupo/ndngame/0/nodeL/projectiles/sync/0/0/0
 WARN [cs-/com/stefanolupo/ndngame/0/discovery/nodeK-0] (ChronoSynced.java:118) - Timeout for interest: /com/stefanolupo/ndngame/0/discovery/nodeK/1?ndn.MustBeFresh=1&ndn.Nonce=%3DY6U
 WARN [cs-/com/stefanolupo/ndngame/0/discovery/nodeK-0] (ChronoSynced.java:118) - Timeout for interest: /com/stefanolupo/ndngame/0/discovery/nodeK/1?ndn.MustBeFresh=1&ndn.Nonce=%83%87%AC%12
 WARN [cs-/com/stefanolupo/ndngame/0/discovery/nodeK-0] (ChronoSynced.java:118) - Timeout for interest: /com/stefanolupo/ndngame/0/discovery/nodeK/1?ndn.MustBeFresh=1&ndn.Nonce=%3BjJ%F4
 WARN [cs-/com/stefanolupo/ndngame/0/discovery/nodeK-0] (ChronoSynced.java:118) - Timeout for interest: /com/stefanolupo/ndngame/0/discovery/nodeK/1?ndn.MustBeFresh=1&ndn.Nonce=%15JG%9E
 WARN [cs-/com/stefanolupo/ndngame/0/discovery/nodeK-0] (ChronoSynced.java:118) - Timeout for interest: /com/stefanolupo/ndngame/0/discovery/nodeK/1?ndn.MustBeFresh=1&ndn.Nonce=%CD%16%29%1B
 WARN [bp-queue-proc-/com/stefanolupo/ndngame/0/nodeK/blocks/sync-1] (BasePublisher.java:98) - /com/stefanolupo/ndngame/0/nodeK/blocks/sync: Saw duplicate sn requests
 WARN [bp-queue-proc-/com/stefanolupo/ndngame/0/nodeK/blocks/sync-1] (BasePublisher.java:99) - [0=11]
 WARN [bp-queue-proc-/com/stefanolupo/ndngame/0/nodeK/status/sync-1] (BasePublisher.java:98) - /com/stefanolupo/ndngame/0/nodeK/status/sync: Saw duplicate sn requests
 WARN [bp-queue-proc-/com/stefanolupo/ndngame/0/nodeK/status/sync-1] (BasePublisher.java:99) - [514=2, 374=2, 406=2, 343=2, 407=2, 565=2, 346=2, 392=2, 0=13, 525=2]
 WARN [cs-/com/stefanolupo/ndngame/0/discovery/nodeK-0] (ChronoSynced.java:118) - Timeout for interest: /com/stefanolupo/ndngame/0/discovery/nodeK/1?ndn.MustBeFresh=1&ndn.Nonce=%00%C1%C33
 WARN [cs-/com/stefanolupo/ndngame/0/discovery/nodeK-0] (ChronoSynced.java:118) - Timeout for interest: /com/stefanolupo/ndngame/0/discovery/nodeK/1?ndn.MustBeFresh=1&ndn.Nonce=%1C%8B%D5%EA
DEBUG [HeadlessApplication] (ProjectileCollisionSystem.java:108) - Bullet hit me, notifying owner and decreasing my health
4/9/19, 9:55:25 PM =============================================================

-- Gauges ----------------------------------------------------------------------
pub-update-percentage-nodeK-blocks-sync
             value = 0.0
pub-update-percentage-nodeK-status-sync
             value = 0.49382022471910114

-- Counters --------------------------------------------------------------------
dr-counter-null
             count = 0
dr-counter-skip
             count = 0
dr-counter-threshold
             count = 0
dr-counter-velocity
             count = 0
sub-blocks-interestscounter-nodeA
             count = 23
sub-blocks-interestscounter-nodeB
             count = 19
sub-blocks-interestscounter-nodeC
             count = 24
sub-blocks-interestscounter-nodeD
             count = 18
sub-blocks-interestscounter-nodeE
             count = 23
sub-blocks-interestscounter-nodeF
             count = 21
sub-blocks-interestscounter-nodeG
             count = 24
sub-blocks-interestscounter-nodeH
             count = 20
sub-blocks-interestscounter-nodeI
             count = 23
sub-blocks-interestscounter-nodeJ
             count = 23
sub-blocks-interestscounter-nodeL
             count = 14
sub-blocks-interestscounter-nodeM
             count = 24
sub-blocks-interestscounter-nodeNN
             count = 23
sub-blocks-interestscounter-nodeO
             count = 23
sub-blocks-interestscounter-nodeP
             count = 15
sub-projectiles-interestscounter-nodeA
             count = 12
sub-projectiles-interestscounter-nodeB
             count = 12
sub-projectiles-interestscounter-nodeC
             count = 14
sub-projectiles-interestscounter-nodeD
             count = 11
sub-projectiles-interestscounter-nodeE
             count = 14
sub-projectiles-interestscounter-nodeF
             count = 14
sub-projectiles-interestscounter-nodeG
             count = 14
sub-projectiles-interestscounter-nodeH
             count = 12
sub-projectiles-interestscounter-nodeI
             count = 14
sub-projectiles-interestscounter-nodeJ
             count = 14
sub-projectiles-interestscounter-nodeL
             count = 8
sub-projectiles-interestscounter-nodeM
             count = 13
sub-projectiles-interestscounter-nodeNN
             count = 14
sub-projectiles-interestscounter-nodeO
             count = 14
sub-projectiles-interestscounter-nodeP
             count = 10
sub-status-interestscounter-nodeA
             count = 609
sub-status-interestscounter-nodeB
             count = 489
sub-status-interestscounter-nodeC
             count = 560
sub-status-interestscounter-nodeD
             count = 423
sub-status-interestscounter-nodeE
             count = 607
sub-status-interestscounter-nodeF
             count = 588
sub-status-interestscounter-nodeG
             count = 628
sub-status-interestscounter-nodeH
             count = 509
sub-status-interestscounter-nodeI
             count = 633
sub-status-interestscounter-nodeJ
             count = 595
sub-status-interestscounter-nodeL
             count = 366
sub-status-interestscounter-nodeM
             count = 590
sub-status-interestscounter-nodeNN
             count = 630
sub-status-interestscounter-nodeO
             count = 584
sub-status-interestscounter-nodeP
             count = 390

-- Histograms ------------------------------------------------------------------
eng-status-delta-nodeA
             count = 589
               min = 0
               max = 149
              mean = 5.51
            stddev = 15.63
            median = 0.00
              75% <= 0.00
              95% <= 31.00
              98% <= 52.00
              99% <= 76.00
            99.9% <= 149.00
eng-status-delta-nodeB
             count = 474
               min = 0
               max = 101
              mean = 4.84
            stddev = 10.19
            median = 0.00
              75% <= 11.00
              95% <= 22.00
              98% <= 33.00
              99% <= 56.00
            99.9% <= 101.00
eng-status-delta-nodeC
             count = 539
               min = 0
               max = 133
              mean = 6.52
            stddev = 16.25
            median = 0.00
              75% <= 11.00
              95% <= 33.00
              98% <= 63.00
              99% <= 91.00
            99.9% <= 133.00
eng-status-delta-nodeD
             count = 408
               min = 0
               max = 47
              mean = 4.66
            stddev = 8.43
            median = 0.00
              75% <= 11.00
              95% <= 22.00
              98% <= 33.00
              99% <= 40.00
            99.9% <= 47.00
eng-status-delta-nodeE
             count = 592
               min = 0
               max = 175
              mean = 4.79
            stddev = 12.59
            median = 0.00
              75% <= 11.00
              95% <= 22.00
              98% <= 41.00
              99% <= 56.00
            99.9% <= 175.00
eng-status-delta-nodeF
             count = 566
               min = 0
               max = 200
              mean = 6.57
            stddev = 18.43
            median = 0.00
              75% <= 11.00
              95% <= 33.00
              98% <= 63.00
              99% <= 102.00
            99.9% <= 200.00
eng-status-delta-nodeG
             count = 605
               min = 0
               max = 127
              mean = 4.73
            stddev = 11.25
            median = 0.00
              75% <= 2.00
              95% <= 25.00
              98% <= 33.00
              99% <= 44.00
            99.9% <= 127.00
eng-status-delta-nodeH
             count = 493
               min = 0
               max = 78
              mean = 6.29
            stddev = 13.99
            median = 0.00
              75% <= 11.00
              95% <= 35.00
              98% <= 64.00
              99% <= 67.00
            99.9% <= 78.00
eng-status-delta-nodeI
             count = 612
               min = 0
               max = 133
              mean = 5.92
            stddev = 15.51
            median = 0.00
              75% <= 6.00
              95% <= 31.00
              98% <= 44.00
              99% <= 79.00
            99.9% <= 133.00
eng-status-delta-nodeJ
             count = 579
               min = 0
               max = 126
              mean = 5.39
            stddev = 13.76
            median = 0.00
              75% <= 8.00
              95% <= 28.00
              98% <= 44.00
              99% <= 68.00
            99.9% <= 126.00
eng-status-delta-nodeL
             count = 360
               min = 0
               max = 63
              mean = 3.42
            stddev = 8.53
            median = 0.00
              75% <= 0.00
              95% <= 22.00
              98% <= 31.00
              99% <= 39.00
            99.9% <= 63.00
eng-status-delta-nodeM
             count = 574
               min = 0
               max = 112
              mean = 5.22
            stddev = 13.33
            median = 0.00
              75% <= 3.00
              95% <= 22.00
              98% <= 47.00
              99% <= 73.00
            99.9% <= 112.00
eng-status-delta-nodeNN
             count = 609
               min = 0
               max = 128
              mean = 5.17
            stddev = 12.18
            median = 0.00
              75% <= 11.00
              95% <= 22.00
              98% <= 40.00
              99% <= 56.00
            99.9% <= 128.00
eng-status-delta-nodeO
             count = 561
               min = 0
               max = 122
              mean = 6.08
            stddev = 15.08
            median = 0.00
              75% <= 11.00
              95% <= 33.00
              98% <= 63.00
              99% <= 70.00
            99.9% <= 122.00
eng-status-delta-nodeP
             count = 379
               min = 0
               max = 83
              mean = 3.99
            stddev = 9.56
            median = 0.00
              75% <= 0.00
              95% <= 22.00
              98% <= 40.00
              99% <= 49.00
            99.9% <= 83.00
packet-size-block
             count = 0
               min = 0
               max = 0
              mean = 0.00
            stddev = 0.00
            median = 0.00
              75% <= 0.00
              95% <= 0.00
              98% <= 0.00
              99% <= 0.00
            99.9% <= 0.00
packet-size-projectile
             count = 83
               min = 89
               max = 1765
              mean = 415.19
            stddev = 514.72
            median = 178.00
              75% <= 440.00
              95% <= 1671.00
              98% <= 1671.00
              99% <= 1765.00
            99.9% <= 1765.00
packet-size-status
             count = 885
               min = 42
               max = 52
              mean = 44.44
            stddev = 2.51
            median = 42.00
              75% <= 47.00
              95% <= 47.00
              98% <= 47.00
              99% <= 47.00
            99.9% <= 52.00
sub-blocks-rtt-nodeA
             count = 1
               min = 319
               max = 319
              mean = 319.00
            stddev = 0.00
            median = 319.00
              75% <= 319.00
              95% <= 319.00
              98% <= 319.00
              99% <= 319.00
            99.9% <= 319.00
sub-blocks-rtt-nodeB
             count = 0
               min = 0
               max = 0
              mean = 0.00
            stddev = 0.00
            median = 0.00
              75% <= 0.00
              95% <= 0.00
              98% <= 0.00
              99% <= 0.00
            99.9% <= 0.00
sub-blocks-rtt-nodeC
             count = 0
               min = 0
               max = 0
              mean = 0.00
            stddev = 0.00
            median = 0.00
              75% <= 0.00
              95% <= 0.00
              98% <= 0.00
              99% <= 0.00
            99.9% <= 0.00
sub-blocks-rtt-nodeD
             count = 0
               min = 0
               max = 0
              mean = 0.00
            stddev = 0.00
            median = 0.00
              75% <= 0.00
              95% <= 0.00
              98% <= 0.00
              99% <= 0.00
            99.9% <= 0.00
sub-blocks-rtt-nodeE
             count = 1
               min = 46
               max = 46
              mean = 46.00
            stddev = 0.00
            median = 46.00
              75% <= 46.00
              95% <= 46.00
              98% <= 46.00
              99% <= 46.00
            99.9% <= 46.00
sub-blocks-rtt-nodeF
             count = 3
               min = 82
               max = 786
              mean = 479.41
            stddev = 296.20
            median = 536.00
              75% <= 786.00
              95% <= 786.00
              98% <= 786.00
              99% <= 786.00
            99.9% <= 786.00
sub-blocks-rtt-nodeG
             count = 0
               min = 0
               max = 0
              mean = 0.00
            stddev = 0.00
            median = 0.00
              75% <= 0.00
              95% <= 0.00
              98% <= 0.00
              99% <= 0.00
            99.9% <= 0.00
sub-blocks-rtt-nodeH
             count = 1
               min = 701
               max = 701
              mean = 701.00
            stddev = 0.00
            median = 701.00
              75% <= 701.00
              95% <= 701.00
              98% <= 701.00
              99% <= 701.00
            99.9% <= 701.00
sub-blocks-rtt-nodeI
             count = 1
               min = 812
               max = 812
              mean = 812.00
            stddev = 0.00
            median = 812.00
              75% <= 812.00
              95% <= 812.00
              98% <= 812.00
              99% <= 812.00
            99.9% <= 812.00
sub-blocks-rtt-nodeJ
             count = 1
               min = 887
               max = 887
              mean = 887.00
            stddev = 0.00
            median = 887.00
              75% <= 887.00
              95% <= 887.00
              98% <= 887.00
              99% <= 887.00
            99.9% <= 887.00
sub-blocks-rtt-nodeL
             count = 0
               min = 0
               max = 0
              mean = 0.00
            stddev = 0.00
            median = 0.00
              75% <= 0.00
              95% <= 0.00
              98% <= 0.00
              99% <= 0.00
            99.9% <= 0.00
sub-blocks-rtt-nodeM
             count = 1
               min = 428
               max = 428
              mean = 428.00
            stddev = 0.00
            median = 428.00
              75% <= 428.00
              95% <= 428.00
              98% <= 428.00
              99% <= 428.00
            99.9% <= 428.00
sub-blocks-rtt-nodeNN
             count = 1
               min = 314
               max = 314
              mean = 314.00
            stddev = 0.00
            median = 314.00
              75% <= 314.00
              95% <= 314.00
              98% <= 314.00
              99% <= 314.00
            99.9% <= 314.00
sub-blocks-rtt-nodeO
             count = 1
               min = 175
               max = 175
              mean = 175.00
            stddev = 0.00
            median = 175.00
              75% <= 175.00
              95% <= 175.00
              98% <= 175.00
              99% <= 175.00
            99.9% <= 175.00
sub-blocks-rtt-nodeP
             count = 0
               min = 0
               max = 0
              mean = 0.00
            stddev = 0.00
            median = 0.00
              75% <= 0.00
              95% <= 0.00
              98% <= 0.00
              99% <= 0.00
            99.9% <= 0.00
sub-projectiles-rtt-nodeA
             count = 12
               min = 5
               max = 686
              mean = 75.40
            stddev = 189.95
            median = 11.00
              75% <= 32.00
              95% <= 686.00
              98% <= 686.00
              99% <= 686.00
            99.9% <= 686.00
sub-projectiles-rtt-nodeB
             count = 8
               min = 16
               max = 831
              mean = 303.27
            stddev = 352.94
            median = 36.00
              75% <= 823.00
              95% <= 831.00
              98% <= 831.00
              99% <= 831.00
            99.9% <= 831.00
sub-projectiles-rtt-nodeC
             count = 11
               min = 1
               max = 197
              mean = 49.20
            stddev = 67.29
            median = 22.00
              75% <= 41.00
              95% <= 197.00
              98% <= 197.00
              99% <= 197.00
            99.9% <= 197.00
sub-projectiles-rtt-nodeD
             count = 8
               min = 19
               max = 504
              mean = 162.88
            stddev = 198.48
            median = 60.00
              75% <= 468.00
              95% <= 504.00
              98% <= 504.00
              99% <= 504.00
            99.9% <= 504.00
sub-projectiles-rtt-nodeE
             count = 11
               min = 4
               max = 969
              mean = 268.44
            stddev = 352.21
            median = 28.00
              75% <= 515.00
              95% <= 969.00
              98% <= 969.00
              99% <= 969.00
            99.9% <= 969.00
sub-projectiles-rtt-nodeF
             count = 11
               min = 1
               max = 42
              mean = 12.21
            stddev = 13.41
            median = 9.00
              75% <= 20.00
              95% <= 42.00
              98% <= 42.00
              99% <= 42.00
            99.9% <= 42.00
sub-projectiles-rtt-nodeG
             count = 10
               min = 3
               max = 777
              mean = 223.80
            stddev = 301.30
            median = 26.00
              75% <= 394.00
              95% <= 777.00
              98% <= 777.00
              99% <= 777.00
            99.9% <= 777.00
sub-projectiles-rtt-nodeH
             count = 9
               min = 3
               max = 722
              mean = 268.40
            stddev = 303.12
            median = 24.00
              75% <= 587.00
              95% <= 722.00
              98% <= 722.00
              99% <= 722.00
            99.9% <= 722.00
sub-projectiles-rtt-nodeI
             count = 11
               min = 6
               max = 877
              mean = 191.21
            stddev = 272.60
            median = 36.00
              75% <= 262.00
              95% <= 877.00
              98% <= 877.00
              99% <= 877.00
            99.9% <= 877.00
sub-projectiles-rtt-nodeJ
             count = 11
               min = 1
               max = 380
              mean = 81.04
            stddev = 134.95
            median = 15.00
              75% <= 73.00
              95% <= 380.00
              98% <= 380.00
              99% <= 380.00
            99.9% <= 380.00
sub-projectiles-rtt-nodeL
             count = 6
               min = 20
               max = 49
              mean = 31.50
            stddev = 11.39
            median = 22.00
              75% <= 40.00
              95% <= 49.00
              98% <= 49.00
              99% <= 49.00
            99.9% <= 49.00
sub-projectiles-rtt-nodeM
             count = 11
               min = 1
               max = 944
              mean = 234.18
            stddev = 366.85
            median = 28.00
              75% <= 541.00
              95% <= 944.00
              98% <= 944.00
              99% <= 944.00
            99.9% <= 944.00
sub-projectiles-rtt-nodeNN
             count = 11
               min = 7
               max = 216
              mean = 53.13
            stddev = 66.61
            median = 28.00
              75% <= 46.00
              95% <= 216.00
              98% <= 216.00
              99% <= 216.00
            99.9% <= 216.00
sub-projectiles-rtt-nodeO
             count = 11
               min = 8
               max = 41
              mean = 25.54
            stddev = 10.12
            median = 29.00
              75% <= 33.00
              95% <= 41.00
              98% <= 41.00
              99% <= 41.00
            99.9% <= 41.00
sub-projectiles-rtt-nodeP
             count = 5
               min = 6
               max = 44
              mean = 22.91
            stddev = 13.30
            median = 22.00
              75% <= 30.00
              95% <= 44.00
              98% <= 44.00
              99% <= 44.00
            99.9% <= 44.00
sub-status-rtt-nodeA
             count = 609
               min = 1
               max = 131
              mean = 38.89
            stddev = 17.80
            median = 35.00
              75% <= 45.00
              95% <= 69.00
              98% <= 89.00
              99% <= 97.00
            99.9% <= 131.00
sub-status-rtt-nodeB
             count = 490
               min = 1
               max = 152
              mean = 38.26
            stddev = 17.61
            median = 34.00
              75% <= 44.00
              95% <= 68.00
              98% <= 88.00
              99% <= 92.00
            99.9% <= 152.00
sub-status-rtt-nodeC
             count = 561
               min = 1
               max = 169
              mean = 42.08
            stddev = 21.12
            median = 37.00
              75% <= 51.00
              95% <= 73.00
              98% <= 101.00
              99% <= 115.00
            99.9% <= 169.00
sub-status-rtt-nodeD
             count = 424
               min = 1
               max = 135
              mean = 41.71
            stddev = 19.31
            median = 35.00
              75% <= 49.00
              95% <= 80.00
              98% <= 95.00
              99% <= 103.00
            99.9% <= 135.00
sub-status-rtt-nodeE
             count = 609
               min = 1
               max = 136
              mean = 38.67
            stddev = 16.60
            median = 34.00
              75% <= 44.00
              95% <= 68.00
              98% <= 79.00
              99% <= 90.00
            99.9% <= 136.00
sub-status-rtt-nodeF
             count = 590
               min = 2
               max = 153
              mean = 40.28
            stddev = 18.91
            median = 34.00
              75% <= 48.00
              95% <= 72.00
              98% <= 86.00
              99% <= 93.00
            99.9% <= 153.00
sub-status-rtt-nodeG
             count = 629
               min = 1
               max = 137
              mean = 37.70
            stddev = 16.42
            median = 34.00
              75% <= 42.00
              95% <= 67.00
              98% <= 84.00
              99% <= 97.00
            99.9% <= 137.00
sub-status-rtt-nodeH
             count = 511
               min = 1
               max = 133
              mean = 40.33
            stddev = 18.59
            median = 36.00
              75% <= 47.00
              95% <= 72.00
              98% <= 84.00
              99% <= 112.00
            99.9% <= 133.00
sub-status-rtt-nodeI
             count = 635
               min = 1
               max = 133
              mean = 37.41
            stddev = 16.09
            median = 34.00
              75% <= 43.00
              95% <= 67.00
              98% <= 83.00
              99% <= 92.00
            99.9% <= 133.00
sub-status-rtt-nodeJ
             count = 597
               min = 1
               max = 144
              mean = 39.48
            stddev = 17.55
            median = 34.00
              75% <= 45.00
              95% <= 68.00
              98% <= 86.00
              99% <= 94.00
            99.9% <= 144.00
sub-status-rtt-nodeL
             count = 367
               min = 1
               max = 122
              mean = 37.72
            stddev = 15.55
            median = 34.00
              75% <= 39.00
              95% <= 69.00
              98% <= 86.00
              99% <= 101.00
            99.9% <= 122.00
sub-status-rtt-nodeM
             count = 592
               min = 1
               max = 160
              mean = 40.08
            stddev = 18.91
            median = 34.00
              75% <= 46.00
              95% <= 77.00
              98% <= 93.00
              99% <= 100.00
            99.9% <= 160.00
sub-status-rtt-nodeNN
             count = 632
               min = 1
               max = 167
              mean = 37.48
            stddev = 16.71
            median = 34.00
              75% <= 43.00
              95% <= 67.00
              98% <= 80.00
              99% <= 96.00
            99.9% <= 167.00
sub-status-rtt-nodeO
             count = 586
               min = 1
               max = 144
              mean = 40.18
            stddev = 18.60
            median = 35.00
              75% <= 48.00
              95% <= 70.00
              98% <= 87.00
              99% <= 99.00
            99.9% <= 144.00
sub-status-rtt-nodeP
             count = 392
               min = 1
               max = 160
              mean = 38.08
            stddev = 16.80
            median = 34.00
              75% <= 43.00
              95% <= 68.00
              98% <= 82.00
              99% <= 89.00
            99.9% <= 160.00

-- Meters ----------------------------------------------------------------------
pub-interest-rate-nodeK-blocks-sync
             count = 20
         mean rate = 0.96 events/second
     1-minute rate = 0.98 events/second
     5-minute rate = 1.00 events/second
    15-minute rate = 1.00 events/second
pub-interest-rate-nodeK-projectiles-sync
             count = 88
         mean rate = 4.24 events/second
     1-minute rate = 4.80 events/second
     5-minute rate = 4.95 events/second
    15-minute rate = 4.98 events/second
pub-interest-rate-nodeK-status-sync
             count = 634
         mean rate = 30.54 events/second
     1-minute rate = 31.86 events/second
     5-minute rate = 32.28 events/second
    15-minute rate = 32.36 events/second


DEBUG [HeadlessApplication] (ProjectileCollisionSystem.java:108) - Bullet hit me, notifying owner and decreasing my health
DEBUG [HeadlessApplication] (ProjectileCollisionSystem.java:108) - Bullet hit me, notifying owner and decreasing my health
 WARN [bp-queue-proc-/com/stefanolupo/ndngame/0/nodeK/blocks/sync-1] (BasePublisher.java:98) - /com/stefanolupo/ndngame/0/nodeK/blocks/sync: Saw duplicate sn requests
 WARN [bp-queue-proc-/com/stefanolupo/ndngame/0/nodeK/blocks/sync-1] (BasePublisher.java:99) - [1=7, 2=4, 0=24]
 WARN [bp-queue-proc-/com/stefanolupo/ndngame/0/nodeK/status/sync-1] (BasePublisher.java:98) - /com/stefanolupo/ndngame/0/nodeK/status/sync: Saw duplicate sn requests
 WARN [bp-queue-proc-/com/stefanolupo/ndngame/0/nodeK/status/sync-1] (BasePublisher.java:99) - [514=2, 1026=2, 971=2, 392=2, 713=2, 0=13, 525=2, 781=2, 720=2, 1040=2, 406=2, 343=2, 407=2, 1111=2, 346=2, 1050=2, 611=2, 1062=2, 676=2, 618=2, 374=2, 695=2, 565=2, 634=2, 1087=2, 1148=2]
 WARN [HeadlessApplication] (ProjectileCollisionSystem.java:62) - Type component was null for collision with PROJECTILE
4/9/19, 9:55:55 PM =============================================================

-- Gauges ----------------------------------------------------------------------
pub-update-percentage-nodeK-blocks-sync
             value = 0.0013958682300390843
pub-update-percentage-nodeK-status-sync
             value = 0.49050279329608937

-- Counters --------------------------------------------------------------------
dr-counter-null
             count = 0
dr-counter-skip
             count = 0
dr-counter-threshold
             count = 0
dr-counter-velocity
             count = 0
sub-blocks-interestscounter-nodeA
             count = 51
sub-blocks-interestscounter-nodeB
             count = 49
sub-blocks-interestscounter-nodeC
             count = 54
sub-blocks-interestscounter-nodeD
             count = 46
sub-blocks-interestscounter-nodeE
             count = 53
sub-blocks-interestscounter-nodeF
             count = 51
sub-blocks-interestscounter-nodeG
             count = 52
sub-blocks-interestscounter-nodeH
             count = 49
sub-blocks-interestscounter-nodeI
             count = 52
sub-blocks-interestscounter-nodeJ
             count = 52
sub-blocks-interestscounter-nodeL
             count = 42
sub-blocks-interestscounter-nodeM
             count = 53
sub-blocks-interestscounter-nodeNN
             count = 52
sub-blocks-interestscounter-nodeO
             count = 52
sub-blocks-interestscounter-nodeP
             count = 42
sub-projectiles-interestscounter-nodeA
             count = 30
sub-projectiles-interestscounter-nodeB
             count = 27
sub-projectiles-interestscounter-nodeC
             count = 30
sub-projectiles-interestscounter-nodeD
             count = 27
sub-projectiles-interestscounter-nodeE
             count = 29
sub-projectiles-interestscounter-nodeF
             count = 30
sub-projectiles-interestscounter-nodeG
             count = 30
sub-projectiles-interestscounter-nodeH
             count = 29
sub-projectiles-interestscounter-nodeI
             count = 31
sub-projectiles-interestscounter-nodeJ
             count = 31
sub-projectiles-interestscounter-nodeL
             count = 23
sub-projectiles-interestscounter-nodeM
             count = 28
sub-projectiles-interestscounter-nodeNN
             count = 30
sub-projectiles-interestscounter-nodeO
             count = 30
sub-projectiles-interestscounter-nodeP
             count = 26
sub-status-interestscounter-nodeA
             count = 1420
sub-status-interestscounter-nodeB
             count = 1314
sub-status-interestscounter-nodeC
             count = 1360
sub-status-interestscounter-nodeD
             count = 1238
sub-status-interestscounter-nodeE
             count = 1431
sub-status-interestscounter-nodeF
             count = 1357
sub-status-interestscounter-nodeG
             count = 1455
sub-status-interestscounter-nodeH
             count = 1316
sub-status-interestscounter-nodeI
             count = 1451
sub-status-interestscounter-nodeJ
             count = 1403
sub-status-interestscounter-nodeL
             count = 1181
sub-status-interestscounter-nodeM
             count = 1395
sub-status-interestscounter-nodeNN
             count = 1444
sub-status-interestscounter-nodeO
             count = 1356
sub-status-interestscounter-nodeP
             count = 1196

-- Histograms ------------------------------------------------------------------
eng-status-delta-nodeA
             count = 1373
               min = 0
               max = 221
              mean = 5.43
            stddev = 15.39
            median = 0.00
              75% <= 11.00
              95% <= 22.00
              98% <= 44.00
              99% <= 79.00
            99.9% <= 221.00
eng-status-delta-nodeB
             count = 1271
               min = 0
               max = 200
              mean = 5.76
            stddev = 16.56
            median = 0.00
              75% <= 11.00
              95% <= 25.00
              98% <= 56.00
              99% <= 100.00
            99.9% <= 200.00
eng-status-delta-nodeC
             count = 1310
               min = 0
               max = 211
              mean = 5.63
            stddev = 14.75
            median = 0.00
              75% <= 11.00
              95% <= 31.00
              98% <= 48.00
              99% <= 67.00
            99.9% <= 211.00
eng-status-delta-nodeD
             count = 1183
               min = 0
               max = 208
              mean = 6.05
            stddev = 17.06
            median = 0.00
              75% <= 11.00
              95% <= 22.00
              98% <= 44.00
              99% <= 104.00
            99.9% <= 208.00
eng-status-delta-nodeE
             count = 1398
               min = 0
               max = 133
              mean = 4.41
            stddev = 12.51
            median = 0.00
              75% <= 0.00
              95% <= 22.00
              98% <= 31.00
              99% <= 67.00
            99.9% <= 133.00
eng-status-delta-nodeF
             count = 1304
               min = 0
               max = 208
              mean = 6.34
            stddev = 19.13
            median = 0.00
              75% <= 0.00
              95% <= 33.00
              98% <= 60.00
              99% <= 111.00
            99.9% <= 208.00
eng-status-delta-nodeG
             count = 1403
               min = 0
               max = 211
              mean = 5.82
            stddev = 15.20
            median = 0.00
              75% <= 11.00
              95% <= 25.00
              98% <= 44.00
              99% <= 72.00
            99.9% <= 211.00
eng-status-delta-nodeH
             count = 1279
               min = 0
               max = 211
              mean = 5.61
            stddev = 15.25
            median = 0.00
              75% <= 2.00
              95% <= 31.00
              98% <= 56.00
              99% <= 71.00
            99.9% <= 211.00
eng-status-delta-nodeI
             count = 1399
               min = 0
               max = 200
              mean = 6.18
            stddev = 18.03
            median = 0.00
              75% <= 0.00
              95% <= 31.00
              98% <= 56.00
              99% <= 111.00
            99.9% <= 200.00
eng-status-delta-nodeJ
             count = 1369
               min = 0
               max = 128
              mean = 5.40
            stddev = 13.93
            median = 0.00
              75% <= 11.00
              95% <= 22.00
              98% <= 44.00
              99% <= 68.00
            99.9% <= 128.00
eng-status-delta-nodeL
             count = 1148
               min = 0
               max = 200
              mean = 4.97
            stddev = 15.87
            median = 0.00
              75% <= 0.00
              95% <= 22.00
              98% <= 46.00
              99% <= 78.00
            99.9% <= 200.00
eng-status-delta-nodeM
             count = 1356
               min = 0
               max = 211
              mean = 4.89
            stddev = 14.02
            median = 0.00
              75% <= 0.00
              95% <= 22.00
              98% <= 33.00
              99% <= 56.00
            99.9% <= 211.00
eng-status-delta-nodeNN
             count = 1405
               min = 0
               max = 200
              mean = 4.71
            stddev = 13.29
            median = 0.00
              75% <= 0.00
              95% <= 22.00
              98% <= 40.00
              99% <= 47.00
            99.9% <= 200.00
eng-status-delta-nodeO
             count = 1312
               min = 0
               max = 122
              mean = 5.60
            stddev = 15.03
            median = 0.00
              75% <= 0.00
              95% <= 31.00
              98% <= 56.00
              99% <= 78.00
            99.9% <= 122.00
eng-status-delta-nodeP
             count = 1147
               min = 0
               max = 126
              mean = 5.29
            stddev = 12.62
            median = 0.00
              75% <= 11.00
              95% <= 22.00
              98% <= 44.00
              99% <= 56.00
            99.9% <= 104.00
packet-size-block
             count = 5
               min = 76
               max = 304
              mean = 205.89
            stddev = 75.31
            median = 228.00
              75% <= 228.00
              95% <= 304.00
              98% <= 304.00
              99% <= 304.00
            99.9% <= 304.00
packet-size-projectile
             count = 219
               min = 89
               max = 1765
              mean = 342.21
            stddev = 339.65
            median = 351.00
              75% <= 440.00
              95% <= 791.00
              98% <= 1671.00
              99% <= 1671.00
            99.9% <= 1765.00
packet-size-status
             count = 1784
               min = 42
               max = 52
              mean = 44.37
            stddev = 2.51
            median = 42.00
              75% <= 47.00
              95% <= 47.00
              98% <= 47.00
              99% <= 47.00
            99.9% <= 47.00
sub-blocks-rtt-nodeA
             count = 3
               min = 68
               max = 319
              mean = 172.58
            stddev = 94.00
            median = 166.00
              75% <= 166.00
              95% <= 319.00
              98% <= 319.00
              99% <= 319.00
            99.9% <= 319.00
sub-blocks-rtt-nodeB
             count = 0
               min = 0
               max = 0
              mean = 0.00
            stddev = 0.00
            median = 0.00
              75% <= 0.00
              95% <= 0.00
              98% <= 0.00
              99% <= 0.00
            99.9% <= 0.00
sub-blocks-rtt-nodeC
             count = 0
               min = 0
               max = 0
              mean = 0.00
            stddev = 0.00
            median = 0.00
              75% <= 0.00
              95% <= 0.00
              98% <= 0.00
              99% <= 0.00
            99.9% <= 0.00
sub-blocks-rtt-nodeD
             count = 2
               min = 468
               max = 843
              mean = 682.04
            stddev = 185.61
            median = 843.00
              75% <= 843.00
              95% <= 843.00
              98% <= 843.00
              99% <= 843.00
            99.9% <= 843.00
sub-blocks-rtt-nodeE
             count = 1
               min = 46
               max = 46
              mean = 46.00
            stddev = 0.00
            median = 46.00
              75% <= 46.00
              95% <= 46.00
              98% <= 46.00
              99% <= 46.00
            99.9% <= 46.00
sub-blocks-rtt-nodeF
             count = 3
               min = 82
               max = 786
              mean = 479.41
            stddev = 296.20
            median = 536.00
              75% <= 786.00
              95% <= 786.00
              98% <= 786.00
              99% <= 786.00
            99.9% <= 786.00
sub-blocks-rtt-nodeG
             count = 2
               min = 314
               max = 432
              mean = 382.65
            stddev = 58.21
            median = 432.00
              75% <= 432.00
              95% <= 432.00
              98% <= 432.00
              99% <= 432.00
            99.9% <= 432.00
sub-blocks-rtt-nodeH
             count = 2
               min = 97
               max = 701
              mean = 356.25
            stddev = 298.96
            median = 97.00
              75% <= 701.00
              95% <= 701.00
              98% <= 701.00
              99% <= 701.00
            99.9% <= 701.00
sub-blocks-rtt-nodeI
             count = 2
               min = 812
               max = 969
              mean = 900.45
            stddev = 77.87
            median = 969.00
              75% <= 969.00
              95% <= 969.00
              98% <= 969.00
              99% <= 969.00
            99.9% <= 969.00
sub-blocks-rtt-nodeJ
             count = 2
               min = 301
               max = 887
              mean = 567.70
            stddev = 291.82
            median = 301.00
              75% <= 887.00
              95% <= 887.00
              98% <= 887.00
              99% <= 887.00
            99.9% <= 887.00
sub-blocks-rtt-nodeL
             count = 2
               min = 655
               max = 858
              mean = 744.38
            stddev = 100.77
            median = 655.00
              75% <= 858.00
              95% <= 858.00
              98% <= 858.00
              99% <= 858.00
            99.9% <= 858.00
sub-blocks-rtt-nodeM
             count = 1
               min = 428
               max = 428
              mean = 428.00
            stddev = 0.00
            median = 428.00
              75% <= 428.00
              95% <= 428.00
              98% <= 428.00
              99% <= 428.00
            99.9% <= 428.00
sub-blocks-rtt-nodeNN
             count = 2
               min = 116
               max = 314
              mean = 202.45
            stddev = 98.20
            median = 116.00
              75% <= 314.00
              95% <= 314.00
              98% <= 314.00
              99% <= 314.00
            99.9% <= 314.00
sub-blocks-rtt-nodeO
             count = 2
               min = 175
               max = 851
              mean = 550.87
            stddev = 335.87
            median = 851.00
              75% <= 851.00
              95% <= 851.00
              98% <= 851.00
              99% <= 851.00
            99.9% <= 851.00
sub-blocks-rtt-nodeP
             count = 3
               min = 187
               max = 753
              mean = 452.91
            stddev = 243.20
            median = 397.00
              75% <= 753.00
              95% <= 753.00
              98% <= 753.00
              99% <= 753.00
            99.9% <= 753.00
sub-projectiles-rtt-nodeA
             count = 24
               min = 5
               max = 686
              mean = 74.01
            stddev = 156.40
            median = 31.00
              75% <= 38.00
              95% <= 513.00
              98% <= 686.00
              99% <= 686.00
            99.9% <= 686.00
sub-projectiles-rtt-nodeB
             count = 23
               min = 9
               max = 843
              mean = 176.89
            stddev = 283.77
            median = 27.00
              75% <= 399.00
              95% <= 843.00
              98% <= 843.00
              99% <= 843.00
            99.9% <= 843.00
sub-projectiles-rtt-nodeC
             count = 24
               min = 1
               max = 787
              mean = 73.92
            stddev = 174.41
            median = 20.00
              75% <= 31.00
              95% <= 787.00
              98% <= 787.00
              99% <= 787.00
            99.9% <= 787.00
sub-projectiles-rtt-nodeD
             count = 21
               min = 14
               max = 504
              mean = 93.22
            stddev = 155.98
            median = 30.00
              75% <= 49.00
              95% <= 469.00
              98% <= 504.00
              99% <= 504.00
            99.9% <= 504.00
sub-projectiles-rtt-nodeE
             count = 26
               min = 4
               max = 969
              mean = 180.18
            stddev = 288.57
            median = 27.00
              75% <= 85.00
              95% <= 886.00
              98% <= 969.00
              99% <= 969.00
            99.9% <= 969.00
sub-projectiles-rtt-nodeF
             count = 25
               min = 1
               max = 633
              mean = 50.41
            stddev = 139.03
            median = 17.00
              75% <= 31.00
              95% <= 633.00
              98% <= 633.00
              99% <= 633.00
            99.9% <= 633.00
sub-projectiles-rtt-nodeG
             count = 24
               min = 3
               max = 777
              mean = 172.87
            stddev = 250.03
            median = 30.00
              75% <= 350.00
              95% <= 765.00
              98% <= 777.00
              99% <= 777.00
            99.9% <= 777.00
sub-projectiles-rtt-nodeH
             count = 22
               min = 3
               max = 742
              mean = 188.21
            stddev = 247.28
            median = 30.00
              75% <= 297.00
              95% <= 742.00
              98% <= 742.00
              99% <= 742.00
            99.9% <= 742.00
sub-projectiles-rtt-nodeI
             count = 23
               min = 6
               max = 877
              mean = 128.49
            stddev = 217.97
            median = 35.00
              75% <= 58.00
              95% <= 658.00
              98% <= 877.00
              99% <= 877.00
            99.9% <= 877.00
sub-projectiles-rtt-nodeJ
             count = 24
               min = 1
               max = 767
              mean = 96.75
            stddev = 189.32
            median = 22.00
              75% <= 38.00
              95% <= 767.00
              98% <= 767.00
              99% <= 767.00
            99.9% <= 767.00
sub-projectiles-rtt-nodeL
             count = 21
               min = 1
               max = 912
              mean = 227.99
            stddev = 321.10
            median = 40.00
              75% <= 443.00
              95% <= 912.00
              98% <= 912.00
              99% <= 912.00
            99.9% <= 912.00
sub-projectiles-rtt-nodeM
             count = 26
               min = 1
               max = 983
              mean = 217.94
            stddev = 349.04
            median = 28.00
              75% <= 505.00
              95% <= 983.00
              98% <= 983.00
              99% <= 983.00
            99.9% <= 983.00
sub-projectiles-rtt-nodeNN
             count = 24
               min = 7
               max = 746
              mean = 72.42
            stddev = 168.07
            median = 20.00
              75% <= 32.00
              95% <= 746.00
              98% <= 746.00
              99% <= 746.00
            99.9% <= 746.00
sub-projectiles-rtt-nodeO
             count = 24
               min = 8
               max = 622
              mean = 72.97
            stddev = 150.58
            median = 29.00
              75% <= 36.00
              95% <= 413.00
              98% <= 622.00
              99% <= 622.00
            99.9% <= 622.00
sub-projectiles-rtt-nodeP
             count = 19
               min = 6
               max = 998
              mean = 115.05
            stddev = 251.30
            median = 29.00
              75% <= 39.00
              95% <= 998.00
              98% <= 998.00
              99% <= 998.00
            99.9% <= 998.00
sub-status-rtt-nodeA
             count = 1421
               min = 1
               max = 182
              mean = 37.91
            stddev = 17.87
            median = 35.00
              75% <= 44.00
              95% <= 69.00
              98% <= 84.00
              99% <= 94.00
            99.9% <= 170.00
sub-status-rtt-nodeB
             count = 1314
               min = 1
               max = 168
              mean = 36.31
            stddev = 15.92
            median = 34.00
              75% <= 42.00
              95% <= 66.00
              98% <= 79.00
              99% <= 88.00
            99.9% <= 168.00
sub-status-rtt-nodeC
             count = 1362
               min = 1
               max = 204
              mean = 38.52
            stddev = 18.83
            median = 35.00
              75% <= 45.00
              95% <= 69.00
              98% <= 81.00
              99% <= 96.00
            99.9% <= 204.00
sub-status-rtt-nodeD
             count = 1239
               min = 1
               max = 178
              mean = 37.74
            stddev = 18.31
            median = 35.00
              75% <= 46.00
              95% <= 69.00
              98% <= 84.00
              99% <= 95.00
            99.9% <= 178.00
sub-status-rtt-nodeE
             count = 1433
               min = 1
               max = 184
              mean = 36.91
            stddev = 15.25
            median = 34.00
              75% <= 42.00
              95% <= 67.00
              98% <= 74.00
              99% <= 87.00
            99.9% <= 136.00
sub-status-rtt-nodeF
             count = 1358
               min = 1
               max = 222
              mean = 38.09
            stddev = 18.30
            median = 34.00
              75% <= 45.00
              95% <= 71.00
              98% <= 84.00
              99% <= 90.00
            99.9% <= 153.00
sub-status-rtt-nodeG
             count = 1456
               min = 1
               max = 198
              mean = 36.71
            stddev = 16.22
            median = 34.00
              75% <= 43.00
              95% <= 66.00
              98% <= 79.00
              99% <= 86.00
            99.9% <= 129.00
sub-status-rtt-nodeH
             count = 1319
               min = 1
               max = 127
              mean = 37.85
            stddev = 16.39
            median = 34.00
              75% <= 44.00
              95% <= 70.00
              98% <= 82.00
              99% <= 93.00
            99.9% <= 122.00
sub-status-rtt-nodeI
             count = 1453
               min = 1
               max = 130
              mean = 36.35
            stddev = 15.01
            median = 34.00
              75% <= 42.00
              95% <= 67.00
              98% <= 74.00
              99% <= 85.00
            99.9% <= 130.00
sub-status-rtt-nodeJ
             count = 1405
               min = 1
               max = 216
              mean = 37.86
            stddev = 17.37
            median = 35.00
              75% <= 44.00
              95% <= 67.00
              98% <= 78.00
              99% <= 93.00
            99.9% <= 157.00
sub-status-rtt-nodeL
             count = 1184
               min = 1
               max = 219
              mean = 36.67
            stddev = 16.34
            median = 34.00
              75% <= 42.00
              95% <= 67.00
              98% <= 77.00
              99% <= 86.00
            99.9% <= 172.00
sub-status-rtt-nodeM
             count = 1397
               min = 1
               max = 180
              mean = 37.92
            stddev = 17.81
            median = 34.00
              75% <= 44.00
              95% <= 68.00
              98% <= 81.00
              99% <= 99.00
            99.9% <= 161.00
sub-status-rtt-nodeNN
             count = 1446
               min = 1
               max = 178
              mean = 36.95
            stddev = 14.82
            median = 34.00
              75% <= 43.00
              95% <= 66.00
              98% <= 76.00
              99% <= 86.00
            99.9% <= 178.00
sub-status-rtt-nodeO
             count = 1358
               min = 1
               max = 175
              mean = 38.77
            stddev = 16.52
            median = 35.00
              75% <= 46.00
              95% <= 69.00
              98% <= 81.00
              99% <= 87.00
            99.9% <= 175.00
sub-status-rtt-nodeP
             count = 1199
               min = 1
               max = 195
              mean = 36.93
            stddev = 17.50
            median = 34.00
              75% <= 43.00
              95% <= 67.00
              98% <= 82.00
              99% <= 87.00
            99.9% <= 195.00

-- Meters ----------------------------------------------------------------------
pub-interest-rate-nodeK-blocks-sync
             count = 82
         mean rate = 1.62 events/second
     1-minute rate = 1.45 events/second
     5-minute rate = 1.10 events/second
    15-minute rate = 1.03 events/second
pub-interest-rate-nodeK-projectiles-sync
             count = 229
         mean rate = 4.51 events/second
     1-minute rate = 4.68 events/second
     5-minute rate = 4.92 events/second
    15-minute rate = 4.97 events/second
pub-interest-rate-nodeK-status-sync
             count = 1522
         mean rate = 30.00 events/second
     1-minute rate = 30.99 events/second
     5-minute rate = 32.03 events/second
    15-minute rate = 32.27 events/second


 WARN [bp-queue-proc-/com/stefanolupo/ndngame/0/nodeK/blocks/sync-1] (BasePublisher.java:98) - /com/stefanolupo/ndngame/0/nodeK/blocks/sync: Saw duplicate sn requests
 WARN [bp-queue-proc-/com/stefanolupo/ndngame/0/nodeK/blocks/sync-1] (BasePublisher.java:99) - [2=19, 5=6, 0=24, 3=10, 4=9, 1=15]
 WARN [bp-queue-proc-/com/stefanolupo/ndngame/0/nodeK/status/sync-1] (BasePublisher.java:98) - /com/stefanolupo/ndngame/0/nodeK/status/sync: Saw duplicate sn requests
 WARN [bp-queue-proc-/com/stefanolupo/ndngame/0/nodeK/status/sync-1] (BasePublisher.java:99) - [514=2, 1026=2, 1346=2, 1601=2, 971=2, 1675=2, 392=2, 713=2, 0=13, 1743=2, 525=2, 781=2, 720=2, 1040=2, 406=2, 343=2, 407=2, 1111=2, 346=2, 1050=2, 1626=2, 1371=2, 611=2, 1696=2, 1761=2, 1062=2, 676=2, 1572=2, 1636=2, 1573=2, 618=2, 1578=2, 1641=2, 1772=2, 1714=2, 1651=2, 1328=2, 1329=2, 374=2, 695=2, 565=2, 634=2, 1726=2, 1087=2, 1148=2]
 WARN [HeadlessApplication] (ProjectileCollisionSystem.java:62) - Type component was null for collision with PROJECTILE
 WARN [bp-queue-proc-/com/stefanolupo/ndngame/0/nodeK/blocks/sync-1] (BasePublisher.java:98) - /com/stefanolupo/ndngame/0/nodeK/blocks/sync: Saw duplicate sn requests
 WARN [bp-queue-proc-/com/stefanolupo/ndngame/0/nodeK/blocks/sync-1] (BasePublisher.java:99) - [5=20, 2=33, 7=4, 0=24, 3=26, 1=15, 4=26, 6=8]
 WARN [bp-queue-proc-/com/stefanolupo/ndngame/0/nodeK/status/sync-1] (BasePublisher.java:98) - /com/stefanolupo/ndngame/0/nodeK/status/sync: Saw duplicate sn requests
 WARN [bp-queue-proc-/com/stefanolupo/ndngame/0/nodeK/status/sync-1] (BasePublisher.java:99) - [514=2, 1026=2, 2049=2, 2180=2, 2058=2, 1675=2, 392=2, 1935=3, 0=13, 2063=2, 2191=2, 1932=2, 525=2, 781=2, 1040=2, 2321=2, 406=2, 407=2, 2324=2, 1050=2, 2203=2, 1820=2, 1954=2, 1696=2, 1062=2, 2086=2, 1831=2, 676=2, 1572=2, 1828=2, 1573=2, 1578=2, 2217=2, 2094=2, 1714=2, 2098=2, 1328=2, 2352=2, 1329=2, 695=2, 565=2, 1726=2, 1087=2, 2365=2, 1346=2, 2243=2, 1984=2, 1601=2, 1857=2, 2118=2, 2117=2, 971=2, 713=2, 1870=2, 1743=2, 2255=2, 2125=2, 720=2, 2384=2, 2385=2, 343=2, 1111=2, 346=2, 1626=2, 2138=2, 1371=2, 611=2, 1891=2, 2147=2, 1761=2, 1636=2, 618=2, 1641=2, 1772=2, 1651=2, 2163=2, 374=2, 2038=2, 2167=2, 2295=2, 2037=2, 634=2, 2174=2, 2303=2, 1148=2]
DEBUG [bp-queue-proc-/com/stefanolupo/ndngame/0/nodeK/status/sync-0] (BasePublisher.java:156) - Had Update but /com/stefanolupo/ndngame/0/nodeK/status/sync/2477/0/0 already had sn 2477
DEBUG [bp-queue-proc-/com/stefanolupo/ndngame/0/nodeK/status/sync-0] (BasePublisher.java:156) - Had Update but /com/stefanolupo/ndngame/0/nodeK/status/sync/2490/0/0 already had sn 2490
