DEBUG [main] (ConfigManager.java:33) - Initialized with properties: {local.player.status.updates.per.sec=30, facemanager.num.sub.threads.per.face=10, linear.interest.zone.filter.inner.radius=7, projectile.cache.size=20, local.player.status.use.dead.reckoning=false, block.publisher.freshness.period.ms=20, player.status.publisher.freshness.period.ms=20, base.publisher.queue.process.per.sec=60, projectile.sub.inter.interest.max.wait.time.ms=30, linear.interest.zone.filter.outer.radius=14, local.player.dead.reckoning.max.error=0.5, projectile.publisher.queue.process.multithread=true, statistics.logger.log.rate.sec=30, facemanager.max.num.pub.faces=1, facemanager.num.pub.threads.per.face=10, facemanager.max.num.sub.faces=1, block.sub.inter.interest.max.wait.time.ms=2000, projectile.publisher.queue.process.per.sec=60, base.publisher.queue.process.multithread=true, player.sub.inter.interest.max.wait.time.ms=30, linear.interest.zone.filter.enabled=false, projectile.publisher.freshness.period.ms=20}
WARNING: An illegal reflective access operation has occurred
WARNING: Illegal reflective access by com.google.inject.internal.cglib.core.$ReflectUtils$2 (file:/NdnGame/NdnGameLibGdxDesktop-1.0-SNAPSHOT.jar) to method java.lang.ClassLoader.defineClass(java.lang.String,byte[],int,int,java.security.ProtectionDomain)
WARNING: Please consider reporting this to the maintainers of com.google.inject.internal.cglib.core.$ReflectUtils$2
WARNING: Use --illegal-access=warn to enable warnings of further illegal reflective access operations
WARNING: All illegal access operations will be denied in a future release
DEBUG [main] (BackendModule.java:123) - Writing metrics to /metrics/nodeD
 INFO [main] (DesktopLauncher.java:49) - Launching headless game
 INFO [main] (DesktopLauncher.java:50) - LocalConfig{playerName='nodeD', isMasterView=false, isAutomated=true, automationType='wsp', isHeadless=true, gameId=0, screenWidth=600, screenHeight=600, targetFrameRate=60}
DEBUG [main] (AutomatedInputController.java:52) - Starting with automation type: wsp
DEBUG [main] (BasePublisher.java:67) - Registering /com/stefanolupo/ndngame/0/nodeD/blocks/sync
DEBUG [main] (BasePublisher.java:67) - Registering /com/stefanolupo/ndngame/0/nodeD/status/sync
Apr 07, 2019 6:45:17 PM net.named_data.jndn.Node$RegisterResponse onData
INFO: Register prefix succeeded with the NFD forwarder for prefix /com/stefanolupo/ndngame/0/nodeD/blocks/sync
Apr 07, 2019 6:45:17 PM net.named_data.jndn.Node$RegisterResponse onData
INFO: Register prefix succeeded with the NFD forwarder for prefix /com/stefanolupo/ndngame/0/nodeD/status/sync
Apr 07, 2019 6:45:17 PM net.named_data.jndn.Node$RegisterResponse onData
INFO: Register prefix failed: Expected NFD status code 200, got: 403
 WARN [fm-pub-0-6] (FaceManager.java:150) - Failed to register prefix: /com/stefanolupo/ndngame/0/nodeD/blocks/interact, retrying..
Apr 07, 2019 6:45:17 PM net.named_data.jndn.Node$RegisterResponse onData
INFO: Register prefix succeeded with the NFD forwarder for prefix /com/stefanolupo/ndngame/0/nodeD/projectiles/interact
Apr 07, 2019 6:45:17 PM net.named_data.jndn.Node$RegisterResponse onData
INFO: Register prefix failed: Expected NFD status code 200, got: 403
 WARN [fm-pub-0-5] (FaceManager.java:150) - Failed to register prefix: /com/stefanolupo/ndngame/0/nodeD/projectiles/sync, retrying..
Apr 07, 2019 6:45:17 PM net.named_data.jndn.Node$RegisterResponse onData
INFO: Register prefix succeeded with the NFD forwarder for prefix /com/stefanolupo/ndngame/0/nodeD/blocks/interact
Apr 07, 2019 6:45:17 PM net.named_data.jndn.Node$RegisterResponse onData
INFO: Register prefix succeeded with the NFD forwarder for prefix /com/stefanolupo/ndngame/0/nodeD/projectiles/sync
Apr 07, 2019 6:45:21 PM net.named_data.jndn.Node$RegisterResponse onData
INFO: Register prefix succeeded with the NFD forwarder for prefix /com/stefanolupo/ndngame/0/config/broadcast
Apr 07, 2019 6:45:21 PM net.named_data.jndn.Node$RegisterResponse onData
INFO: Register prefix succeeded with the NFD forwarder for prefix /com/stefanolupo/ndngame/0/config/nodeD
 INFO [cs-/com/stefanolupo/ndngame/0/config/nodeD-0] (ChronoSynced.java:93) - Initialized ChronoSyncedMap for /com/stefanolupo/ndngame/0/config/nodeD
Apr 07, 2019 6:45:22 PM net.named_data.jndn.Node$RegisterResponse onData
INFO: Register prefix succeeded with the NFD forwarder for prefix /com/stefanolupo/ndngame/0/discovery/broadcast
Apr 07, 2019 6:45:22 PM net.named_data.jndn.Node$RegisterResponse onData
INFO: Register prefix succeeded with the NFD forwarder for prefix /com/stefanolupo/ndngame/0/discovery/nodeD
 INFO [cs-/com/stefanolupo/ndngame/0/discovery/nodeD-0] (ChronoSynced.java:93) - Initialized ChronoSyncedMap for /com/stefanolupo/ndngame/0/discovery/nodeD
DEBUG [bp-queue-proc-/com/stefanolupo/ndngame/0/nodeD/blocks/sync-1] (BasePublisher.java:96) - /com/stefanolupo/ndngame/0/nodeD/blocks/sync: No duplicate SN requests seen
DEBUG [bp-queue-proc-/com/stefanolupo/ndngame/0/nodeD/status/sync-1] (BasePublisher.java:96) - /com/stefanolupo/ndngame/0/nodeD/status/sync: No duplicate SN requests seen
4/7/19, 6:45:47 PM =============================================================

-- Gauges ----------------------------------------------------------------------
pub-update-percentage-nodeD-blocks-sync
             value = 0.0
pub-update-percentage-nodeD-status-sync
             value = 0.4965792474344356


DEBUG [bp-queue-proc-/com/stefanolupo/ndngame/0/nodeD/blocks/sync-1] (BasePublisher.java:96) - /com/stefanolupo/ndngame/0/nodeD/blocks/sync: No duplicate SN requests seen
DEBUG [bp-queue-proc-/com/stefanolupo/ndngame/0/nodeD/status/sync-1] (BasePublisher.java:96) - /com/stefanolupo/ndngame/0/nodeD/status/sync: No duplicate SN requests seen
4/7/19, 6:46:17 PM =============================================================

-- Gauges ----------------------------------------------------------------------
pub-update-percentage-nodeD-blocks-sync
             value = 0.0011248593925759281
pub-update-percentage-nodeD-status-sync
             value = 0.49831176139561056


DEBUG [bp-queue-proc-/com/stefanolupo/ndngame/0/nodeD/blocks/sync-1] (BasePublisher.java:96) - /com/stefanolupo/ndngame/0/nodeD/blocks/sync: No duplicate SN requests seen
DEBUG [bp-queue-proc-/com/stefanolupo/ndngame/0/nodeD/status/sync-1] (BasePublisher.java:96) - /com/stefanolupo/ndngame/0/nodeD/status/sync: No duplicate SN requests seen
 INFO [cs-/com/stefanolupo/ndngame/0/discovery/nodeD-0] (PlayerStatusSubscriber.java:59) - Adding subscription for nodeA
 INFO [cs-/com/stefanolupo/ndngame/0/discovery/nodeD-0] (BlockSubscriber.java:54) - Adding subscription for /com/stefanolupo/ndngame/0/nodeA/blocks/sync/0/0/0
 INFO [fm-pub-0-4] (ProjectilePublisher.java:133) - Creating interest meter
 INFO [cs-/com/stefanolupo/ndngame/0/discovery/nodeD-0] (ProjectileSubscriber.java:53) - Adding subscription for /com/stefanolupo/ndngame/0/nodeA/projectiles/sync/0/0/0
 INFO [cs-/com/stefanolupo/ndngame/0/discovery/nodeD-0] (PlayerStatusSubscriber.java:59) - Adding subscription for nodeB
 INFO [cs-/com/stefanolupo/ndngame/0/discovery/nodeD-0] (BlockSubscriber.java:54) - Adding subscription for /com/stefanolupo/ndngame/0/nodeB/blocks/sync/0/0/0
 INFO [cs-/com/stefanolupo/ndngame/0/discovery/nodeD-0] (ProjectileSubscriber.java:53) - Adding subscription for /com/stefanolupo/ndngame/0/nodeB/projectiles/sync/0/0/0
DEBUG [bp-queue-proc-/com/stefanolupo/ndngame/0/nodeD/status/sync-0] (BasePublisher.java:156) - Had Update but /com/stefanolupo/ndngame/0/nodeD/status/sync/2096/0/0 already had sn 2096
DEBUG [HeadlessApplication] (ProjectileCollisionSystem.java:108) - Bullet hit me, notifying owner and decreasing my health
 INFO [cs-/com/stefanolupo/ndngame/0/discovery/nodeD-0] (PlayerStatusSubscriber.java:59) - Adding subscription for nodeC
 INFO [cs-/com/stefanolupo/ndngame/0/discovery/nodeD-0] (BlockSubscriber.java:54) - Adding subscription for /com/stefanolupo/ndngame/0/nodeC/blocks/sync/0/0/0
 INFO [cs-/com/stefanolupo/ndngame/0/discovery/nodeD-0] (ProjectileSubscriber.java:53) - Adding subscription for /com/stefanolupo/ndngame/0/nodeC/projectiles/sync/0/0/0
 WARN [cs-/com/stefanolupo/ndngame/0/discovery/nodeD-0] (ChronoSynced.java:118) - Timeout for interest: /com/stefanolupo/ndngame/0/discovery/nodeD/1?ndn.MustBeFresh=1&ndn.Nonce=%E8%B5%7C%D2
 WARN [cs-/com/stefanolupo/ndngame/0/discovery/nodeD-0] (ChronoSynced.java:118) - Timeout for interest: /com/stefanolupo/ndngame/0/discovery/nodeD/1?ndn.MustBeFresh=1&ndn.Nonce=v%91Sc
 WARN [cs-/com/stefanolupo/ndngame/0/discovery/nodeD-0] (ChronoSynced.java:118) - Timeout for interest: /com/stefanolupo/ndngame/0/discovery/nodeD/1?ndn.MustBeFresh=1&ndn.Nonce=j%A8%DAT
 WARN [cs-/com/stefanolupo/ndngame/0/discovery/nodeD-0] (ChronoSynced.java:118) - Timeout for interest: /com/stefanolupo/ndngame/0/discovery/nodeD/1?ndn.MustBeFresh=1&ndn.Nonce=%06%C0%9A%84
 WARN [bp-queue-proc-/com/stefanolupo/ndngame/0/nodeD/blocks/sync-1] (BasePublisher.java:98) - /com/stefanolupo/ndngame/0/nodeD/blocks/sync: Saw duplicate sn requests
 WARN [bp-queue-proc-/com/stefanolupo/ndngame/0/nodeD/blocks/sync-1] (BasePublisher.java:99) - [6=4, 0=5, 10=2, 11=2, 12=2]
 WARN [bp-queue-proc-/com/stefanolupo/ndngame/0/nodeD/status/sync-1] (BasePublisher.java:98) - /com/stefanolupo/ndngame/0/nodeD/status/sync: Saw duplicate sn requests
 WARN [bp-queue-proc-/com/stefanolupo/ndngame/0/nodeD/status/sync-1] (BasePublisher.java:99) - [0=2, 2326=2]
4/7/19, 6:46:47 PM =============================================================

-- Gauges ----------------------------------------------------------------------
pub-update-percentage-nodeD-blocks-sync
             value = 0.0031740104555638537
pub-update-percentage-nodeD-status-sync
             value = 0.4977586850952559

-- Counters --------------------------------------------------------------------
sub-blocks-interestscounter-nodeA
             count = 18
sub-blocks-interestscounter-nodeB
             count = 18
sub-blocks-interestscounter-nodeC
             count = 15
sub-projectiles-interestscounter-nodeA
             count = 25
sub-projectiles-interestscounter-nodeB
             count = 27
sub-projectiles-interestscounter-nodeC
             count = 22
sub-status-interestscounter-nodeA
             count = 532
sub-status-interestscounter-nodeB
             count = 552
sub-status-interestscounter-nodeC
             count = 503

-- Histograms ------------------------------------------------------------------
eng-status-delta-nodeA
             count = 524
               min = 0
               max = 220
              mean = 13.31
            stddev = 33.25
            median = 0.00
              75% <= 4.00
              95% <= 94.00
              98% <= 122.00
              99% <= 135.00
            99.9% <= 220.00
eng-status-delta-nodeB
             count = 547
               min = 0
               max = 123
              mean = 4.21
            stddev = 14.62
            median = 0.00
              75% <= 0.00
              95% <= 22.00
              98% <= 43.00
              99% <= 111.00
            99.9% <= 123.00
eng-status-delta-nodeC
             count = 499
               min = 0
               max = 126
              mean = 2.92
            stddev = 10.82
            median = 0.00
              75% <= 0.00
              95% <= 16.00
              98% <= 35.00
              99% <= 57.00
            99.9% <= 126.00
sub-blocks-rtt-nodeA
             count = 2
               min = 189
               max = 401
              mean = 297.38
            stddev = 105.97
            median = 401.00
              75% <= 401.00
              95% <= 401.00
              98% <= 401.00
              99% <= 401.00
            99.9% <= 401.00
sub-blocks-rtt-nodeB
             count = 2
               min = 134
               max = 274
              mean = 203.48
            stddev = 70.00
            median = 134.00
              75% <= 274.00
              95% <= 274.00
              98% <= 274.00
              99% <= 274.00
            99.9% <= 274.00
sub-blocks-rtt-nodeC
             count = 3
               min = 613
               max = 945
              mean = 822.06
            stddev = 147.09
            median = 898.00
              75% <= 945.00
              95% <= 945.00
              98% <= 945.00
              99% <= 945.00
            99.9% <= 945.00
sub-projectiles-rtt-nodeA
             count = 13
               min = 50
               max = 982
              mean = 601.50
            stddev = 254.01
            median = 584.00
              75% <= 786.00
              95% <= 982.00
              98% <= 982.00
              99% <= 982.00
            99.9% <= 982.00
sub-projectiles-rtt-nodeB
             count = 13
               min = 15
               max = 967
              mean = 433.77
            stddev = 286.91
            median = 516.00
              75% <= 584.00
              95% <= 967.00
              98% <= 967.00
              99% <= 967.00
            99.9% <= 967.00
sub-projectiles-rtt-nodeC
             count = 12
               min = 21
               max = 1000
              mean = 649.80
            stddev = 239.34
            median = 683.00
              75% <= 802.00
              95% <= 1000.00
              98% <= 1000.00
              99% <= 1000.00
            99.9% <= 1000.00
sub-status-rtt-nodeA
             count = 532
               min = 0
               max = 92
              mean = 36.34
            stddev = 12.69
            median = 33.00
              75% <= 34.00
              95% <= 67.00
              98% <= 67.00
              99% <= 83.00
            99.9% <= 92.00
sub-status-rtt-nodeB
             count = 551
               min = 8
               max = 101
              mean = 35.03
            stddev = 9.57
            median = 33.00
              75% <= 34.00
              95% <= 51.00
              98% <= 67.00
              99% <= 67.00
            99.9% <= 101.00
sub-status-rtt-nodeC
             count = 502
               min = 1
               max = 83
              mean = 34.53
            stddev = 9.03
            median = 33.00
              75% <= 34.00
              95% <= 50.00
              98% <= 67.00
              99% <= 67.00
            99.9% <= 83.00

-- Meters ----------------------------------------------------------------------
pub-interest-rate-nodeD-blocks-sync
             count = 27
         mean rate = 1.39 events/second
     1-minute rate = 1.38 events/second
     5-minute rate = 1.40 events/second
    15-minute rate = 1.40 events/second
pub-interest-rate-nodeD-projectiles-sync
             count = 26
         mean rate = 1.34 events/second
     1-minute rate = 1.38 events/second
     5-minute rate = 1.40 events/second
    15-minute rate = 1.40 events/second
pub-interest-rate-nodeD-status-sync
             count = 554
         mean rate = 28.62 events/second
     1-minute rate = 29.11 events/second
     5-minute rate = 29.18 events/second
    15-minute rate = 29.19 events/second


DEBUG [HeadlessApplication] (ProjectileCollisionSystem.java:108) - Bullet hit me, notifying owner and decreasing my health
DEBUG [bp-queue-proc-/com/stefanolupo/ndngame/0/nodeD/status/sync-0] (BasePublisher.java:156) - Had Update but /com/stefanolupo/ndngame/0/nodeD/status/sync/2975/0/0 already had sn 2975
 WARN [bp-queue-proc-/com/stefanolupo/ndngame/0/nodeD/blocks/sync-1] (BasePublisher.java:98) - /com/stefanolupo/ndngame/0/nodeD/blocks/sync: Saw duplicate sn requests
 WARN [bp-queue-proc-/com/stefanolupo/ndngame/0/nodeD/blocks/sync-1] (BasePublisher.java:99) - [18=2, 6=4, 0=5, 16=7, 17=9, 10=2, 11=2, 12=6, 13=6]
 WARN [bp-queue-proc-/com/stefanolupo/ndngame/0/nodeD/status/sync-1] (BasePublisher.java:98) - /com/stefanolupo/ndngame/0/nodeD/status/sync: Saw duplicate sn requests
 WARN [bp-queue-proc-/com/stefanolupo/ndngame/0/nodeD/status/sync-1] (BasePublisher.java:99) - [0=2, 2326=2, 2477=2]
4/7/19, 6:47:17 PM =============================================================

-- Gauges ----------------------------------------------------------------------
pub-update-percentage-nodeD-blocks-sync
             value = 0.003353828954723309
pub-update-percentage-nodeD-status-sync
             value = 0.4973441431367067

-- Counters --------------------------------------------------------------------
sub-blocks-interestscounter-nodeA
             count = 45
sub-blocks-interestscounter-nodeB
             count = 48
sub-blocks-interestscounter-nodeC
             count = 45
sub-projectiles-interestscounter-nodeA
             count = 63
sub-projectiles-interestscounter-nodeB
             count = 66
sub-projectiles-interestscounter-nodeC
             count = 62
sub-status-interestscounter-nodeA
             count = 1377
sub-status-interestscounter-nodeB
             count = 1396
sub-status-interestscounter-nodeC
             count = 1359

-- Histograms ------------------------------------------------------------------
eng-status-delta-nodeA
             count = 1369
               min = 0
               max = 241
              mean = 6.27
            stddev = 21.89
            median = 0.00
              75% <= 0.00
              95% <= 33.00
              98% <= 94.00
              99% <= 111.00
            99.9% <= 220.00
eng-status-delta-nodeB
             count = 1391
               min = 0
               max = 134
              mean = 3.05
            stddev = 11.17
            median = 0.00
              75% <= 0.00
              95% <= 16.00
              98% <= 23.00
              99% <= 43.00
            99.9% <= 134.00
eng-status-delta-nodeC
             count = 1352
               min = 0
               max = 208
              mean = 2.89
            stddev = 11.85
            median = 0.00
              75% <= 0.00
              95% <= 11.00
              98% <= 22.00
              99% <= 33.00
            99.9% <= 134.00
sub-blocks-rtt-nodeA
             count = 5
               min = 13
               max = 630
              mean = 361.71
            stddev = 233.20
            median = 401.00
              75% <= 529.00
              95% <= 630.00
              98% <= 630.00
              99% <= 630.00
            99.9% <= 630.00
sub-blocks-rtt-nodeB
             count = 2
               min = 134
               max = 274
              mean = 203.48
            stddev = 70.00
            median = 134.00
              75% <= 274.00
              95% <= 274.00
              98% <= 274.00
              99% <= 274.00
            99.9% <= 274.00
sub-blocks-rtt-nodeC
             count = 3
               min = 613
               max = 945
              mean = 822.06
            stddev = 147.09
            median = 898.00
              75% <= 945.00
              95% <= 945.00
              98% <= 945.00
              99% <= 945.00
            99.9% <= 945.00
sub-projectiles-rtt-nodeA
             count = 28
               min = 29
               max = 999
              mean = 506.58
            stddev = 293.16
            median = 520.00
              75% <= 678.00
              95% <= 999.00
              98% <= 999.00
              99% <= 999.00
            99.9% <= 999.00
sub-projectiles-rtt-nodeB
             count = 28
               min = 15
               max = 1000
              mean = 408.24
            stddev = 285.51
            median = 510.00
              75% <= 590.00
              95% <= 967.00
              98% <= 1000.00
              99% <= 1000.00
            99.9% <= 1000.00
sub-projectiles-rtt-nodeC
             count = 26
               min = 6
               max = 1000
              mean = 426.97
            stddev = 299.01
            median = 516.00
              75% <= 616.00
              95% <= 967.00
              98% <= 1000.00
              99% <= 1000.00
            99.9% <= 1000.00
sub-status-rtt-nodeA
             count = 1376
               min = 0
               max = 94
              mean = 35.80
            stddev = 11.24
            median = 33.00
              75% <= 34.00
              95% <= 66.00
              98% <= 67.00
              99% <= 67.00
            99.9% <= 94.00
sub-status-rtt-nodeB
             count = 1395
               min = 8
               max = 67
              mean = 35.53
            stddev = 9.00
            median = 33.00
              75% <= 34.00
              95% <= 66.00
              98% <= 67.00
              99% <= 67.00
            99.9% <= 67.00
sub-status-rtt-nodeC
             count = 1358
               min = 1
               max = 97
              mean = 34.92
            stddev = 9.99
            median = 33.00
              75% <= 34.00
              95% <= 51.00
              98% <= 67.00
              99% <= 67.00
            99.9% <= 88.00

-- Meters ----------------------------------------------------------------------
pub-interest-rate-nodeD-blocks-sync
             count = 66
         mean rate = 1.34 events/second
     1-minute rate = 1.36 events/second
     5-minute rate = 1.39 events/second
    15-minute rate = 1.40 events/second
pub-interest-rate-nodeD-projectiles-sync
             count = 60
         mean rate = 1.22 events/second
     1-minute rate = 1.32 events/second
     5-minute rate = 1.38 events/second
    15-minute rate = 1.39 events/second
pub-interest-rate-nodeD-status-sync
             count = 1406
         mean rate = 28.49 events/second
     1-minute rate = 28.81 events/second
     5-minute rate = 29.10 events/second
    15-minute rate = 29.17 events/second


 WARN [bp-queue-proc-/com/stefanolupo/ndngame/0/nodeD/blocks/sync-1] (BasePublisher.java:98) - /com/stefanolupo/ndngame/0/nodeD/blocks/sync: Saw duplicate sn requests
 WARN [bp-queue-proc-/com/stefanolupo/ndngame/0/nodeD/blocks/sync-1] (BasePublisher.java:99) - [6=4, 23=5, 20=7, 18=6, 0=5, 16=7, 10=2, 11=2, 12=6, 13=6, 17=10, 22=8]
 WARN [bp-queue-proc-/com/stefanolupo/ndngame/0/nodeD/status/sync-1] (BasePublisher.java:98) - /com/stefanolupo/ndngame/0/nodeD/status/sync: Saw duplicate sn requests
 WARN [bp-queue-proc-/com/stefanolupo/ndngame/0/nodeD/status/sync-1] (BasePublisher.java:99) - [0=2, 2326=2, 2477=2]
 WARN [bp-queue-proc-/com/stefanolupo/ndngame/0/nodeD/blocks/sync-1] (BasePublisher.java:98) - /com/stefanolupo/ndngame/0/nodeD/blocks/sync: Saw duplicate sn requests
 WARN [bp-queue-proc-/com/stefanolupo/ndngame/0/nodeD/blocks/sync-1] (BasePublisher.java:99) - [6=4, 0=5, 10=2, 11=2, 12=6, 13=6, 23=6, 27=10, 20=7, 18=6, 26=12, 16=7, 17=10, 25=2, 22=9]
 WARN [bp-queue-proc-/com/stefanolupo/ndngame/0/nodeD/status/sync-1] (BasePublisher.java:98) - /com/stefanolupo/ndngame/0/nodeD/status/sync: Saw duplicate sn requests
 WARN [bp-queue-proc-/com/stefanolupo/ndngame/0/nodeD/status/sync-1] (BasePublisher.java:99) - [0=2, 2326=2, 3654=2, 2477=2]
4/7/19, 6:47:47 PM =============================================================

-- Gauges ----------------------------------------------------------------------
pub-update-percentage-nodeD-blocks-sync
             value = 0.0030147387226440374
pub-update-percentage-nodeD-status-sync
             value = 0.49776636140272507

-- Counters --------------------------------------------------------------------
sub-blocks-interestscounter-nodeA
             count = 75
sub-blocks-interestscounter-nodeB
             count = 78
sub-blocks-interestscounter-nodeC
             count = 75
sub-projectiles-interestscounter-nodeA
             count = 100
sub-projectiles-interestscounter-nodeB
             count = 105
sub-projectiles-interestscounter-nodeC
             count = 98
sub-status-interestscounter-nodeA
             count = 2223
sub-status-interestscounter-nodeB
             count = 2235
sub-status-interestscounter-nodeC
             count = 2216

-- Histograms ------------------------------------------------------------------
eng-status-delta-nodeA
             count = 2215
               min = 0
               max = 220
              mean = 3.43
            stddev = 14.04
            median = 0.00
              75% <= 0.00
              95% <= 16.00
              98% <= 44.00
              99% <= 74.00
            99.9% <= 208.00
eng-status-delta-nodeB
             count = 2230
               min = 0
               max = 123
              mean = 2.62
            stddev = 8.53
            median = 0.00
              75% <= 0.00
              95% <= 16.00
              98% <= 22.00
              99% <= 33.00
            99.9% <= 122.00
eng-status-delta-nodeC
             count = 2207
               min = 0
               max = 111
              mean = 1.84
            stddev = 5.98
            median = 0.00
              75% <= 0.00
              95% <= 11.00
              98% <= 16.00
              99% <= 22.00
            99.9% <= 47.00
sub-blocks-rtt-nodeA
             count = 5
               min = 13
               max = 630
              mean = 361.71
            stddev = 233.20
            median = 401.00
              75% <= 529.00
              95% <= 630.00
              98% <= 630.00
              99% <= 630.00
            99.9% <= 630.00
sub-blocks-rtt-nodeB
             count = 2
               min = 134
               max = 274
              mean = 203.48
            stddev = 70.00
            median = 134.00
              75% <= 274.00
              95% <= 274.00
              98% <= 274.00
              99% <= 274.00
            99.9% <= 274.00
sub-blocks-rtt-nodeC
             count = 3
               min = 613
               max = 945
              mean = 822.06
            stddev = 147.09
            median = 898.00
              75% <= 945.00
              95% <= 945.00
              98% <= 945.00
              99% <= 945.00
            99.9% <= 945.00
sub-projectiles-rtt-nodeA
             count = 41
               min = 15
               max = 999
              mean = 511.43
            stddev = 304.63
            median = 520.00
              75% <= 784.00
              95% <= 998.00
              98% <= 999.00
              99% <= 999.00
            99.9% <= 999.00
sub-projectiles-rtt-nodeB
             count = 42
               min = 15
               max = 1000
              mean = 407.84
            stddev = 289.35
            median = 500.00
              75% <= 584.00
              95% <= 1000.00
              98% <= 1000.00
              99% <= 1000.00
            99.9% <= 1000.00
sub-projectiles-rtt-nodeC
             count = 41
               min = 6
               max = 1000
              mean = 517.87
            stddev = 280.20
            median = 523.00
              75% <= 683.00
              95% <= 983.00
              98% <= 983.00
              99% <= 1000.00
            99.9% <= 1000.00
sub-status-rtt-nodeA
             count = 2222
               min = 0
               max = 92
              mean = 35.27
            stddev = 10.15
            median = 33.00
              75% <= 34.00
              95% <= 66.00
              98% <= 67.00
              99% <= 67.00
            99.9% <= 87.00
sub-status-rtt-nodeB
             count = 2234
               min = 8
               max = 84
              mean = 35.60
            stddev = 9.10
            median = 33.00
              75% <= 34.00
              95% <= 66.00
              98% <= 67.00
              99% <= 67.00
            99.9% <= 84.00
sub-status-rtt-nodeC
             count = 2216
               min = 1
               max = 97
              mean = 35.00
            stddev = 9.59
            median = 33.00
              75% <= 34.00
              95% <= 51.00
              98% <= 67.00
              99% <= 67.00
            99.9% <= 84.00

-- Meters ----------------------------------------------------------------------
pub-interest-rate-nodeD-blocks-sync
             count = 108
         mean rate = 1.36 events/second
     1-minute rate = 1.37 events/second
     5-minute rate = 1.39 events/second
    15-minute rate = 1.40 events/second
pub-interest-rate-nodeD-projectiles-sync
             count = 97
         mean rate = 1.22 events/second
     1-minute rate = 1.24 events/second
     5-minute rate = 1.35 events/second
    15-minute rate = 1.38 events/second
pub-interest-rate-nodeD-status-sync
             count = 2261
         mean rate = 28.50 events/second
     1-minute rate = 28.67 events/second
     5-minute rate = 29.04 events/second
    15-minute rate = 29.14 events/second


 WARN [bp-queue-proc-/com/stefanolupo/ndngame/0/nodeD/blocks/sync-1] (BasePublisher.java:98) - /com/stefanolupo/ndngame/0/nodeD/blocks/sync: Saw duplicate sn requests
 WARN [bp-queue-proc-/com/stefanolupo/ndngame/0/nodeD/blocks/sync-1] (BasePublisher.java:99) - [26=26, 27=26, 6=4, 0=5, 10=2, 11=2, 12=6, 13=6, 23=6, 20=7, 18=6, 16=7, 17=10, 25=2, 22=9]
 WARN [bp-queue-proc-/com/stefanolupo/ndngame/0/nodeD/status/sync-1] (BasePublisher.java:98) - /com/stefanolupo/ndngame/0/nodeD/status/sync: Saw duplicate sn requests
 WARN [bp-queue-proc-/com/stefanolupo/ndngame/0/nodeD/status/sync-1] (BasePublisher.java:99) - [0=2, 2326=2, 3654=2, 2477=2]
4/7/19, 6:48:17 PM =============================================================

-- Gauges ----------------------------------------------------------------------
pub-update-percentage-nodeD-blocks-sync
             value = 0.0030680550390479733
pub-update-percentage-nodeD-status-sync
             value = 0.4980472382369351

-- Counters --------------------------------------------------------------------
sub-blocks-interestscounter-nodeA
             count = 103
sub-blocks-interestscounter-nodeB
             count = 108
sub-blocks-interestscounter-nodeC
             count = 102
sub-projectiles-interestscounter-nodeA
             count = 140
sub-projectiles-interestscounter-nodeB
             count = 145
sub-projectiles-interestscounter-nodeC
             count = 136
sub-status-interestscounter-nodeA
             count = 3070
sub-status-interestscounter-nodeB
             count = 3065
sub-status-interestscounter-nodeC
             count = 3071

-- Histograms ------------------------------------------------------------------
eng-status-delta-nodeA
             count = 3058
               min = 0
               max = 208
              mean = 3.11
            stddev = 12.09
            median = 0.00
              75% <= 0.00
              95% <= 16.00
              98% <= 33.00
              99% <= 51.00
            99.9% <= 122.00
eng-status-delta-nodeB
             count = 3059
               min = 0
               max = 126
              mean = 3.06
            stddev = 10.83
            median = 0.00
              75% <= 0.00
              95% <= 16.00
              98% <= 22.00
              99% <= 44.00
            99.9% <= 126.00
eng-status-delta-nodeC
             count = 3058
               min = 0
               max = 122
              mean = 2.49
            stddev = 9.60
            median = 0.00
              75% <= 0.00
              95% <= 11.00
              98% <= 22.00
              99% <= 44.00
            99.9% <= 122.00
sub-blocks-rtt-nodeA
             count = 7
               min = 13
               max = 983
              mean = 621.52
            stddev = 304.64
            median = 684.00
              75% <= 983.00
              95% <= 983.00
              98% <= 983.00
              99% <= 983.00
            99.9% <= 983.00
sub-blocks-rtt-nodeB
             count = 2
               min = 134
               max = 274
              mean = 203.48
            stddev = 70.00
            median = 134.00
              75% <= 274.00
              95% <= 274.00
              98% <= 274.00
              99% <= 274.00
            99.9% <= 274.00
sub-blocks-rtt-nodeC
             count = 6
               min = 28
               max = 945
              mean = 383.34
            stddev = 364.12
            median = 43.00
              75% <= 692.00
              95% <= 945.00
              98% <= 945.00
              99% <= 945.00
            99.9% <= 945.00
sub-projectiles-rtt-nodeA
             count = 59
               min = 15
               max = 999
              mean = 485.96
            stddev = 299.36
            median = 517.00
              75% <= 783.00
              95% <= 983.00
              98% <= 998.00
              99% <= 999.00
            99.9% <= 999.00
sub-projectiles-rtt-nodeB
             count = 60
               min = 1
               max = 1000
              mean = 429.47
            stddev = 279.03
            median = 515.00
              75% <= 599.00
              95% <= 866.00
              98% <= 1000.00
              99% <= 1000.00
            99.9% <= 1000.00
sub-projectiles-rtt-nodeC
             count = 57
               min = 6
               max = 1000
              mean = 491.49
            stddev = 288.04
            median = 527.00
              75% <= 666.00
              95% <= 983.00
              98% <= 1000.00
              99% <= 1000.00
            99.9% <= 1000.00
sub-status-rtt-nodeA
             count = 3069
               min = 0
               max = 100
              mean = 35.67
            stddev = 10.79
            median = 33.00
              75% <= 34.00
              95% <= 66.00
              98% <= 67.00
              99% <= 67.00
            99.9% <= 100.00
sub-status-rtt-nodeB
             count = 3064
               min = 10
               max = 84
              mean = 35.72
            stddev = 10.24
            median = 33.00
              75% <= 34.00
              95% <= 66.00
              98% <= 67.00
              99% <= 67.00
            99.9% <= 84.00
sub-status-rtt-nodeC
             count = 3071
               min = 2
               max = 67
              mean = 35.33
            stddev = 9.95
            median = 33.00
              75% <= 34.00
              95% <= 66.00
              98% <= 67.00
              99% <= 67.00
            99.9% <= 67.00

-- Meters ----------------------------------------------------------------------
pub-interest-rate-nodeD-blocks-sync
             count = 151
         mean rate = 1.38 events/second
     1-minute rate = 1.39 events/second
     5-minute rate = 1.39 events/second
    15-minute rate = 1.40 events/second
pub-interest-rate-nodeD-projectiles-sync
             count = 136
         mean rate = 1.24 events/second
     1-minute rate = 1.26 events/second
     5-minute rate = 1.35 events/second
    15-minute rate = 1.38 events/second
pub-interest-rate-nodeD-status-sync
             count = 3126
         mean rate = 28.59 events/second
     1-minute rate = 28.75 events/second
     5-minute rate = 29.02 events/second
    15-minute rate = 29.13 events/second


 WARN [bp-queue-proc-/com/stefanolupo/ndngame/0/nodeD/blocks/sync-1] (BasePublisher.java:98) - /com/stefanolupo/ndngame/0/nodeD/blocks/sync: Saw duplicate sn requests
 WARN [bp-queue-proc-/com/stefanolupo/ndngame/0/nodeD/blocks/sync-1] (BasePublisher.java:99) - [6=4, 27=31, 0=5, 26=29, 10=2, 11=2, 12=6, 13=6, 23=6, 20=7, 18=6, 29=8, 16=7, 28=6, 31=5, 17=10, 25=2, 22=9]
 WARN [bp-queue-proc-/com/stefanolupo/ndngame/0/nodeD/status/sync-1] (BasePublisher.java:98) - /com/stefanolupo/ndngame/0/nodeD/status/sync: Saw duplicate sn requests
 WARN [bp-queue-proc-/com/stefanolupo/ndngame/0/nodeD/status/sync-1] (BasePublisher.java:99) - [0=2, 2326=2, 3654=2, 5158=2, 2477=2]
ERROR [HeadlessApplication] (ProjectileCollisionSystem.java:62) - Type component was null for collision with PROJECTILE
 WARN [bp-queue-proc-/com/stefanolupo/ndngame/0/nodeD/blocks/sync-1] (BasePublisher.java:98) - /com/stefanolupo/ndngame/0/nodeD/blocks/sync: Saw duplicate sn requests
 WARN [bp-queue-proc-/com/stefanolupo/ndngame/0/nodeD/blocks/sync-1] (BasePublisher.java:99) - [33=3, 6=4, 38=2, 27=31, 0=5, 37=3, 26=29, 10=2, 11=2, 35=9, 12=6, 13=6, 31=16, 23=6, 20=7, 18=6, 29=8, 16=7, 28=6, 17=10, 25=2, 22=9]
 WARN [bp-queue-proc-/com/stefanolupo/ndngame/0/nodeD/status/sync-1] (BasePublisher.java:98) - /com/stefanolupo/ndngame/0/nodeD/status/sync: Saw duplicate sn requests
 WARN [bp-queue-proc-/com/stefanolupo/ndngame/0/nodeD/status/sync-1] (BasePublisher.java:99) - [5411=2, 0=2, 2326=2, 3654=2, 5158=2, 2477=2]
4/7/19, 6:48:47 PM =============================================================

-- Gauges ----------------------------------------------------------------------
pub-update-percentage-nodeD-blocks-sync
             value = 0.003026441541892322
pub-update-percentage-nodeD-status-sync
             value = 0.49832722638202964

-- Counters --------------------------------------------------------------------
sub-blocks-interestscounter-nodeA
             count = 133
sub-blocks-interestscounter-nodeB
             count = 138
sub-blocks-interestscounter-nodeC
             count = 130
sub-projectiles-interestscounter-nodeA
             count = 177
sub-projectiles-interestscounter-nodeB
             count = 183
sub-projectiles-interestscounter-nodeC
             count = 174
sub-status-interestscounter-nodeA
             count = 3916
sub-status-interestscounter-nodeB
             count = 3912
sub-status-interestscounter-nodeC
             count = 3915

-- Histograms ------------------------------------------------------------------
eng-status-delta-nodeA
             count = 3903
               min = 0
               max = 122
              mean = 2.73
            stddev = 8.30
            median = 0.00
              75% <= 0.00
              95% <= 16.00
              98% <= 31.00
              99% <= 33.00
            99.9% <= 94.00
eng-status-delta-nodeB
             count = 3907
               min = 0
               max = 130
              mean = 2.47
            stddev = 8.18
            median = 0.00
              75% <= 0.00
              95% <= 16.00
              98% <= 22.00
              99% <= 31.00
            99.9% <= 130.00
eng-status-delta-nodeC
             count = 3899
               min = 0
               max = 111
              mean = 2.18
            stddev = 7.10
            median = 0.00
              75% <= 0.00
              95% <= 11.00
              98% <= 16.00
              99% <= 31.00
            99.9% <= 111.00
sub-blocks-rtt-nodeA
             count = 7
               min = 13
               max = 983
              mean = 621.52
            stddev = 304.64
            median = 684.00
              75% <= 983.00
              95% <= 983.00
              98% <= 983.00
              99% <= 983.00
            99.9% <= 983.00
sub-blocks-rtt-nodeB
             count = 2
               min = 134
               max = 274
              mean = 203.48
            stddev = 70.00
            median = 134.00
              75% <= 274.00
              95% <= 274.00
              98% <= 274.00
              99% <= 274.00
            99.9% <= 274.00
sub-blocks-rtt-nodeC
             count = 8
               min = 28
               max = 945
              mean = 432.31
            stddev = 290.72
            median = 474.00
              75% <= 692.00
              95% <= 898.00
              98% <= 945.00
              99% <= 945.00
            99.9% <= 945.00
sub-projectiles-rtt-nodeA
             count = 72
               min = 15
               max = 999
              mean = 467.88
            stddev = 308.84
            median = 516.00
              75% <= 692.00
              95% <= 998.00
              98% <= 999.00
              99% <= 999.00
            99.9% <= 999.00
sub-projectiles-rtt-nodeB
             count = 75
               min = 1
               max = 1000
              mean = 428.91
            stddev = 292.85
            median = 501.00
              75% <= 616.00
              95% <= 883.00
              98% <= 1000.00
              99% <= 1000.00
            99.9% <= 1000.00
sub-projectiles-rtt-nodeC
             count = 68
               min = 6
               max = 1000
              mean = 422.33
            stddev = 308.94
            median = 509.00
              75% <= 666.00
              95% <= 967.00
              98% <= 1000.00
              99% <= 1000.00
            99.9% <= 1000.00
sub-status-rtt-nodeA
             count = 3915
               min = 0
               max = 87
              mean = 35.44
            stddev = 10.58
            median = 33.00
              75% <= 34.00
              95% <= 66.00
              98% <= 67.00
              99% <= 67.00
            99.9% <= 84.00
sub-status-rtt-nodeB
             count = 3911
               min = 16
               max = 84
              mean = 35.54
            stddev = 9.61
            median = 33.00
              75% <= 34.00
              95% <= 66.00
              98% <= 67.00
              99% <= 67.00
            99.9% <= 83.00
sub-status-rtt-nodeC
             count = 3914
               min = 2
               max = 68
              mean = 35.41
            stddev = 9.70
            median = 33.00
              75% <= 34.00
              95% <= 66.00
              98% <= 67.00
              99% <= 67.00
            99.9% <= 68.00

-- Meters ----------------------------------------------------------------------
pub-interest-rate-nodeD-blocks-sync
             count = 192
         mean rate = 1.38 events/second
     1-minute rate = 1.36 events/second
     5-minute rate = 1.39 events/second
    15-minute rate = 1.39 events/second
pub-interest-rate-nodeD-projectiles-sync
             count = 171
         mean rate = 1.23 events/second
     1-minute rate = 1.23 events/second
     5-minute rate = 1.34 events/second
    15-minute rate = 1.38 events/second
pub-interest-rate-nodeD-status-sync
             count = 3991
         mean rate = 28.64 events/second
     1-minute rate = 28.76 events/second
     5-minute rate = 29.00 events/second
    15-minute rate = 29.12 events/second


 WARN [bp-queue-proc-/com/stefanolupo/ndngame/0/nodeD/blocks/sync-1] (BasePublisher.java:98) - /com/stefanolupo/ndngame/0/nodeD/blocks/sync: Saw duplicate sn requests
 WARN [bp-queue-proc-/com/stefanolupo/ndngame/0/nodeD/blocks/sync-1] (BasePublisher.java:99) - [33=3, 6=4, 27=31, 0=5, 26=29, 10=2, 38=15, 11=2, 35=9, 12=6, 13=6, 31=16, 23=6, 20=7, 37=17, 18=6, 29=8, 16=7, 28=6, 17=10, 25=2, 22=9]
 WARN [bp-queue-proc-/com/stefanolupo/ndngame/0/nodeD/status/sync-1] (BasePublisher.java:98) - /com/stefanolupo/ndngame/0/nodeD/status/sync: Saw duplicate sn requests
 WARN [bp-queue-proc-/com/stefanolupo/ndngame/0/nodeD/status/sync-1] (BasePublisher.java:99) - [5411=2, 0=2, 2326=2, 3654=2, 5158=2, 2477=2]
4/7/19, 6:49:17 PM =============================================================

-- Gauges ----------------------------------------------------------------------
pub-update-percentage-nodeD-blocks-sync
             value = 0.0032042351629980497
pub-update-percentage-nodeD-status-sync
             value = 0.4983976591890762

-- Counters --------------------------------------------------------------------
sub-blocks-interestscounter-nodeA
             count = 163
sub-blocks-interestscounter-nodeB
             count = 168
sub-blocks-interestscounter-nodeC
             count = 159
sub-projectiles-interestscounter-nodeA
             count = 221
sub-projectiles-interestscounter-nodeB
             count = 227
sub-projectiles-interestscounter-nodeC
             count = 218
sub-status-interestscounter-nodeA
             count = 4762
sub-status-interestscounter-nodeB
             count = 4761
sub-status-interestscounter-nodeC
             count = 4761

-- Histograms ------------------------------------------------------------------
eng-status-delta-nodeA
             count = 4745
               min = 0
               max = 122
              mean = 2.40
            stddev = 8.31
            median = 0.00
              75% <= 0.00
              95% <= 16.00
              98% <= 31.00
              99% <= 33.00
            99.9% <= 122.00
eng-status-delta-nodeB
             count = 4756
               min = 0
               max = 126
              mean = 2.82
            stddev = 9.51
            median = 0.00
              75% <= 0.00
              95% <= 16.00
              98% <= 33.00
              99% <= 40.00
            99.9% <= 126.00
eng-status-delta-nodeC
             count = 4745
               min = 0
               max = 134
              mean = 2.63
            stddev = 11.08
            median = 0.00
              75% <= 0.00
              95% <= 16.00
              98% <= 31.00
              99% <= 44.00
            99.9% <= 134.00
sub-blocks-rtt-nodeA
             count = 7
               min = 13
               max = 983
              mean = 621.52
            stddev = 304.64
            median = 684.00
              75% <= 983.00
              95% <= 983.00
              98% <= 983.00
              99% <= 983.00
            99.9% <= 983.00
sub-blocks-rtt-nodeB
             count = 2
               min = 134
               max = 274
              mean = 203.48
            stddev = 70.00
            median = 134.00
              75% <= 274.00
              95% <= 274.00
              98% <= 274.00
              99% <= 274.00
            99.9% <= 274.00
sub-blocks-rtt-nodeC
             count = 9
               min = 28
               max = 945
              mean = 409.49
            stddev = 257.68
            median = 474.00
              75% <= 540.00
              95% <= 898.00
              98% <= 945.00
              99% <= 945.00
            99.9% <= 945.00
sub-projectiles-rtt-nodeA
             count = 92
               min = 15
               max = 999
              mean = 395.04
            stddev = 283.79
            median = 466.00
              75% <= 534.00
              95% <= 867.00
              98% <= 999.00
              99% <= 999.00
            99.9% <= 999.00
sub-projectiles-rtt-nodeB
             count = 97
               min = 1
               max = 1000
              mean = 404.04
            stddev = 257.54
            median = 500.00
              75% <= 533.00
              95% <= 850.00
              98% <= 967.00
              99% <= 1000.00
            99.9% <= 1000.00
sub-projectiles-rtt-nodeC
             count = 90
               min = 6
               max = 1000
              mean = 391.97
            stddev = 269.92
            median = 511.00
              75% <= 554.00
              95% <= 800.00
              98% <= 982.00
              99% <= 1000.00
            99.9% <= 1000.00
sub-status-rtt-nodeA
             count = 4761
               min = 0
               max = 87
              mean = 35.51
            stddev = 10.79
            median = 33.00
              75% <= 34.00
              95% <= 66.00
              98% <= 67.00
              99% <= 68.00
            99.9% <= 84.00
sub-status-rtt-nodeB
             count = 4760
               min = 9
               max = 84
              mean = 35.30
            stddev = 9.19
            median = 33.00
              75% <= 34.00
              95% <= 66.00
              98% <= 67.00
              99% <= 67.00
            99.9% <= 83.00
sub-status-rtt-nodeC
             count = 4760
               min = 4
               max = 84
              mean = 35.58
            stddev = 9.30
            median = 33.00
              75% <= 34.00
              95% <= 66.00
              98% <= 67.00
              99% <= 67.00
            99.9% <= 84.00

-- Meters ----------------------------------------------------------------------
pub-interest-rate-nodeD-blocks-sync
             count = 233
         mean rate = 1.38 events/second
     1-minute rate = 1.39 events/second
     5-minute rate = 1.39 events/second
    15-minute rate = 1.40 events/second
pub-interest-rate-nodeD-projectiles-sync
             count = 213
         mean rate = 1.26 events/second
     1-minute rate = 1.25 events/second
     5-minute rate = 1.33 events/second
    15-minute rate = 1.37 events/second
pub-interest-rate-nodeD-status-sync
             count = 4843
         mean rate = 28.60 events/second
     1-minute rate = 28.63 events/second
     5-minute rate = 28.95 events/second
    15-minute rate = 29.10 events/second


 WARN [bp-queue-proc-/com/stefanolupo/ndngame/0/nodeD/blocks/sync-1] (BasePublisher.java:98) - /com/stefanolupo/ndngame/0/nodeD/blocks/sync: Saw duplicate sn requests
 WARN [bp-queue-proc-/com/stefanolupo/ndngame/0/nodeD/blocks/sync-1] (BasePublisher.java:99) - [6=4, 27=31, 0=5, 26=29, 10=2, 11=2, 12=6, 13=6, 31=16, 23=6, 20=7, 18=6, 29=8, 16=7, 28=6, 17=10, 25=2, 22=9, 33=3, 39=4, 45=4, 35=9, 40=4, 41=5, 42=5, 38=20, 37=17]
 WARN [bp-queue-proc-/com/stefanolupo/ndngame/0/nodeD/status/sync-1] (BasePublisher.java:98) - /com/stefanolupo/ndngame/0/nodeD/status/sync: Saw duplicate sn requests
 WARN [bp-queue-proc-/com/stefanolupo/ndngame/0/nodeD/status/sync-1] (BasePublisher.java:99) - [5411=2, 0=2, 2326=2, 3654=2, 5158=2, 2477=2]
ERROR [HeadlessApplication] (ProjectileCollisionSystem.java:62) - Type component was null for collision with PROJECTILE
 WARN [bp-queue-proc-/com/stefanolupo/ndngame/0/nodeD/blocks/sync-1] (BasePublisher.java:98) - /com/stefanolupo/ndngame/0/nodeD/blocks/sync: Saw duplicate sn requests
 WARN [bp-queue-proc-/com/stefanolupo/ndngame/0/nodeD/blocks/sync-1] (BasePublisher.java:99) - [6=4, 27=31, 0=5, 26=29, 10=2, 11=2, 12=6, 13=6, 31=16, 23=6, 20=7, 18=6, 29=8, 16=7, 28=6, 17=10, 25=2, 22=9, 33=3, 39=4, 35=9, 45=7, 40=4, 41=5, 46=3, 47=2, 42=5, 38=20, 54=5, 37=17, 52=2, 53=8]
 WARN [bp-queue-proc-/com/stefanolupo/ndngame/0/nodeD/status/sync-1] (BasePublisher.java:98) - /com/stefanolupo/ndngame/0/nodeD/status/sync: Saw duplicate sn requests
 WARN [bp-queue-proc-/com/stefanolupo/ndngame/0/nodeD/status/sync-1] (BasePublisher.java:99) - [5411=2, 0=2, 2326=2, 3654=2, 5158=2, 2477=2]
DEBUG [HeadlessApplication] (ProjectileCollisionSystem.java:108) - Bullet hit me, notifying owner and decreasing my health
4/7/19, 6:49:47 PM =============================================================

-- Gauges ----------------------------------------------------------------------
pub-update-percentage-nodeD-blocks-sync
             value = 0.0035899975241396385
pub-update-percentage-nodeD-status-sync
             value = 0.49857620403615205

-- Counters --------------------------------------------------------------------
sub-blocks-interestscounter-nodeA
             count = 188
sub-blocks-interestscounter-nodeB
             count = 198
sub-blocks-interestscounter-nodeC
             count = 187
sub-projectiles-interestscounter-nodeA
             count = 257
sub-projectiles-interestscounter-nodeB
             count = 264
sub-projectiles-interestscounter-nodeC
             count = 256
sub-status-interestscounter-nodeA
             count = 5615
sub-status-interestscounter-nodeB
             count = 5606
sub-status-interestscounter-nodeC
             count = 5603

-- Histograms ------------------------------------------------------------------
eng-status-delta-nodeA
             count = 5594
               min = 0
               max = 122
              mean = 2.65
            stddev = 8.90
            median = 0.00
              75% <= 0.00
              95% <= 16.00
              98% <= 31.00
              99% <= 40.00
            99.9% <= 111.00
eng-status-delta-nodeB
             count = 5599
               min = 0
               max = 144
              mean = 3.85
            stddev = 13.78
            median = 0.00
              75% <= 0.00
              95% <= 17.00
              98% <= 40.00
              99% <= 72.00
            99.9% <= 144.00
eng-status-delta-nodeC
             count = 5585
               min = 0
               max = 126
              mean = 3.35
            stddev = 13.15
            median = 0.00
              75% <= 0.00
              95% <= 16.00
              98% <= 33.00
              99% <= 57.00
            99.9% <= 126.00
sub-blocks-rtt-nodeA
             count = 12
               min = 13
               max = 983
              mean = 505.28
            stddev = 296.95
            median = 529.00
              75% <= 684.00
              95% <= 872.00
              98% <= 983.00
              99% <= 983.00
            99.9% <= 983.00
sub-blocks-rtt-nodeB
             count = 2
               min = 134
               max = 274
              mean = 203.48
            stddev = 70.00
            median = 134.00
              75% <= 274.00
              95% <= 274.00
              98% <= 274.00
              99% <= 274.00
            99.9% <= 274.00
sub-blocks-rtt-nodeC
             count = 11
               min = 28
               max = 945
              mean = 537.04
            stddev = 243.89
            median = 646.00
              75% <= 692.00
              95% <= 764.00
              98% <= 898.00
              99% <= 945.00
            99.9% <= 945.00
sub-projectiles-rtt-nodeA
             count = 108
               min = 15
               max = 999
              mean = 477.38
            stddev = 290.77
            median = 517.00
              75% <= 692.00
              95% <= 982.00
              98% <= 998.00
              99% <= 999.00
            99.9% <= 999.00
sub-projectiles-rtt-nodeB
             count = 113
               min = 1
               max = 1000
              mean = 455.31
            stddev = 270.13
            median = 516.00
              75% <= 650.00
              95% <= 866.00
              98% <= 884.00
              99% <= 967.00
            99.9% <= 1000.00
sub-projectiles-rtt-nodeC
             count = 107
               min = 6
               max = 1000
              mean = 456.29
            stddev = 288.71
            median = 522.00
              75% <= 666.00
              95% <= 883.00
              98% <= 993.00
              99% <= 993.00
            99.9% <= 1000.00
sub-status-rtt-nodeA
             count = 5614
               min = 0
               max = 87
              mean = 35.49
            stddev = 10.85
            median = 33.00
              75% <= 34.00
              95% <= 66.00
              98% <= 67.00
              99% <= 67.00
            99.9% <= 84.00
sub-status-rtt-nodeB
             count = 5605
               min = 1
               max = 108
              mean = 35.67
            stddev = 10.22
            median = 33.00
              75% <= 34.00
              95% <= 66.00
              98% <= 67.00
              99% <= 67.00
            99.9% <= 108.00
sub-status-rtt-nodeC
             count = 5602
               min = 16
               max = 84
              mean = 35.81
            stddev = 9.03
            median = 33.00
              75% <= 34.00
              95% <= 66.00
              98% <= 67.00
              99% <= 67.00
            99.9% <= 70.00

-- Meters ----------------------------------------------------------------------
pub-interest-rate-nodeD-blocks-sync
             count = 271
         mean rate = 1.36 events/second
     1-minute rate = 1.35 events/second
     5-minute rate = 1.38 events/second
    15-minute rate = 1.39 events/second
pub-interest-rate-nodeD-projectiles-sync
             count = 248
         mean rate = 1.24 events/second
     1-minute rate = 1.28 events/second
     5-minute rate = 1.33 events/second
    15-minute rate = 1.37 events/second
pub-interest-rate-nodeD-status-sync
             count = 5698
         mean rate = 28.58 events/second
     1-minute rate = 28.60 events/second
     5-minute rate = 28.91 events/second
    15-minute rate = 29.08 events/second


ERROR [HeadlessApplication] (ProjectileCollisionSystem.java:62) - Type component was null for collision with PROJECTILE
 WARN [bp-queue-proc-/com/stefanolupo/ndngame/0/nodeD/blocks/sync-1] (BasePublisher.java:98) - /com/stefanolupo/ndngame/0/nodeD/blocks/sync: Saw duplicate sn requests
 WARN [bp-queue-proc-/com/stefanolupo/ndngame/0/nodeD/blocks/sync-1] (BasePublisher.java:99) - [6=4, 27=31, 0=5, 26=29, 10=2, 11=2, 12=6, 13=6, 31=16, 23=6, 20=7, 18=6, 29=8, 16=7, 28=6, 17=10, 25=2, 22=9, 33=3, 39=4, 54=19, 35=9, 45=7, 40=4, 41=5, 46=3, 47=2, 42=5, 38=20, 37=17, 52=2, 53=8, 59=6, 56=7]
 WARN [bp-queue-proc-/com/stefanolupo/ndngame/0/nodeD/status/sync-1] (BasePublisher.java:98) - /com/stefanolupo/ndngame/0/nodeD/status/sync: Saw duplicate sn requests
 WARN [bp-queue-proc-/com/stefanolupo/ndngame/0/nodeD/status/sync-1] (BasePublisher.java:99) - [5411=2, 0=2, 2326=2, 3654=2, 5158=2, 2477=2]
DEBUG [HeadlessApplication] (ProjectileCollisionSystem.java:108) - Bullet hit me, notifying owner and decreasing my health
DEBUG [HeadlessApplication] (ProjectileCollisionSystem.java:108) - Bullet hit me, notifying owner and decreasing my health
ERROR [HeadlessApplication] (ProjectileCollisionSystem.java:62) - Type component was null for collision with PROJECTILE
4/7/19, 6:50:17 PM =============================================================

-- Gauges ----------------------------------------------------------------------
pub-update-percentage-nodeD-blocks-sync
             value = 0.003842726665181555
pub-update-percentage-nodeD-status-sync
             value = 0.4987189484237496

-- Counters --------------------------------------------------------------------
sub-blocks-interestscounter-nodeA
             count = 215
sub-blocks-interestscounter-nodeB
             count = 227
sub-blocks-interestscounter-nodeC
             count = 216
sub-projectiles-interestscounter-nodeA
             count = 294
sub-projectiles-interestscounter-nodeB
             count = 303
sub-projectiles-interestscounter-nodeC
             count = 293
sub-status-interestscounter-nodeA
             count = 6467
sub-status-interestscounter-nodeB
             count = 6458
sub-status-interestscounter-nodeC
             count = 6449

-- Histograms ------------------------------------------------------------------
eng-status-delta-nodeA
             count = 6442
               min = 0
               max = 240
              mean = 3.12
            stddev = 12.94
            median = 0.00
              75% <= 0.00
              95% <= 16.00
              98% <= 33.00
              99% <= 47.00
            99.9% <= 240.00
eng-status-delta-nodeB
             count = 6451
               min = 0
               max = 144
              mean = 3.85
            stddev = 12.77
            median = 0.00
              75% <= 0.00
              95% <= 16.00
              98% <= 39.00
              99% <= 57.00
            99.9% <= 126.00
eng-status-delta-nodeC
             count = 6432
               min = 0
               max = 126
              mean = 3.34
            stddev = 11.28
            median = 0.00
              75% <= 0.00
              95% <= 16.00
              98% <= 31.00
              99% <= 52.00
            99.9% <= 126.00
sub-blocks-rtt-nodeA
             count = 15
               min = 13
               max = 983
              mean = 366.80
            stddev = 298.04
            median = 370.00
              75% <= 669.00
              95% <= 872.00
              98% <= 983.00
              99% <= 983.00
            99.9% <= 983.00
sub-blocks-rtt-nodeB
             count = 3
               min = 78
               max = 274
              mean = 86.09
            stddev = 35.58
            median = 78.00
              75% <= 78.00
              95% <= 134.00
              98% <= 274.00
              99% <= 274.00
            99.9% <= 274.00
sub-blocks-rtt-nodeC
             count = 12
               min = 28
               max = 945
              mean = 412.31
            stddev = 288.25
            median = 474.00
              75% <= 646.00
              95% <= 764.00
              98% <= 898.00
              99% <= 945.00
            99.9% <= 945.00
sub-projectiles-rtt-nodeA
             count = 123
               min = 15
               max = 999
              mean = 477.60
            stddev = 280.28
            median = 517.00
              75% <= 695.00
              95% <= 867.00
              98% <= 982.00
              99% <= 998.00
            99.9% <= 999.00
sub-projectiles-rtt-nodeB
             count = 127
               min = 1
               max = 1000
              mean = 404.78
            stddev = 280.51
            median = 515.00
              75% <= 568.00
              95% <= 850.00
              98% <= 884.00
              99% <= 967.00
            99.9% <= 1000.00
sub-projectiles-rtt-nodeC
             count = 122
               min = 6
               max = 1000
              mean = 466.09
            stddev = 277.52
            median = 526.00
              75% <= 659.00
              95% <= 932.00
              98% <= 993.00
              99% <= 993.00
            99.9% <= 1000.00
sub-status-rtt-nodeA
             count = 6466
               min = 1
               max = 95
              mean = 35.52
            stddev = 11.14
            median = 33.00
              75% <= 34.00
              95% <= 66.00
              98% <= 67.00
              99% <= 70.00
            99.9% <= 95.00
sub-status-rtt-nodeB
             count = 6457
               min = 9
               max = 108
              mean = 35.30
            stddev = 10.64
            median = 33.00
              75% <= 34.00
              95% <= 51.00
              98% <= 67.00
              99% <= 67.00
            99.9% <= 100.00
sub-status-rtt-nodeC
             count = 6448
               min = 4
               max = 84
              mean = 35.52
            stddev = 9.42
            median = 33.00
              75% <= 34.00
              95% <= 66.00
              98% <= 67.00
              99% <= 67.00
            99.9% <= 83.00

-- Meters ----------------------------------------------------------------------
pub-interest-rate-nodeD-blocks-sync
             count = 316
         mean rate = 1.38 events/second
     1-minute rate = 1.37 events/second
     5-minute rate = 1.38 events/second
    15-minute rate = 1.39 events/second
pub-interest-rate-nodeD-projectiles-sync
             count = 287
         mean rate = 1.25 events/second
     1-minute rate = 1.27 events/second
     5-minute rate = 1.32 events/second
    15-minute rate = 1.37 events/second
pub-interest-rate-nodeD-status-sync
             count = 6559
         mean rate = 28.60 events/second
     1-minute rate = 28.59 events/second
     5-minute rate = 28.88 events/second
    15-minute rate = 29.07 events/second


 WARN [bp-queue-proc-/com/stefanolupo/ndngame/0/nodeD/blocks/sync-1] (BasePublisher.java:98) - /com/stefanolupo/ndngame/0/nodeD/blocks/sync: Saw duplicate sn requests
 WARN [bp-queue-proc-/com/stefanolupo/ndngame/0/nodeD/blocks/sync-1] (BasePublisher.java:99) - [67=2, 64=2, 6=4, 27=31, 0=5, 68=2, 26=29, 10=2, 11=2, 12=6, 13=6, 31=16, 23=6, 20=7, 18=6, 29=8, 16=7, 28=6, 17=10, 25=2, 22=9, 33=3, 54=20, 39=4, 59=19, 35=9, 45=7, 40=4, 41=5, 46=3, 47=2, 42=5, 60=12, 38=20, 37=17, 52=2, 53=8, 56=7]
 WARN [bp-queue-proc-/com/stefanolupo/ndngame/0/nodeD/status/sync-1] (BasePublisher.java:98) - /com/stefanolupo/ndngame/0/nodeD/status/sync: Saw duplicate sn requests
 WARN [bp-queue-proc-/com/stefanolupo/ndngame/0/nodeD/status/sync-1] (BasePublisher.java:99) - [5411=2, 0=2, 2326=2, 3654=2, 5158=2, 8744=2, 2477=2]
DEBUG [HeadlessApplication] (ProjectileCollisionSystem.java:108) - Bullet hit me, notifying owner and decreasing my health
 WARN [bp-queue-proc-/com/stefanolupo/ndngame/0/nodeD/blocks/sync-1] (BasePublisher.java:98) - /com/stefanolupo/ndngame/0/nodeD/blocks/sync: Saw duplicate sn requests
 WARN [bp-queue-proc-/com/stefanolupo/ndngame/0/nodeD/blocks/sync-1] (BasePublisher.java:99) - [68=4, 64=2, 6=4, 72=11, 27=31, 0=5, 67=5, 26=29, 10=2, 11=2, 73=3, 12=6, 71=12, 13=6, 69=9, 77=3, 31=16, 23=6, 20=7, 18=6, 29=8, 16=7, 28=6, 17=10, 25=2, 22=9, 33=3, 54=20, 39=4, 59=19, 35=9, 45=7, 40=4, 41=5, 46=3, 47=2, 42=5, 60=12, 38=20, 37=17, 52=2, 53=8, 56=7]
 WARN [bp-queue-proc-/com/stefanolupo/ndngame/0/nodeD/status/sync-1] (BasePublisher.java:98) - /com/stefanolupo/ndngame/0/nodeD/status/sync: Saw duplicate sn requests
 WARN [bp-queue-proc-/com/stefanolupo/ndngame/0/nodeD/status/sync-1] (BasePublisher.java:99) - [5411=2, 0=2, 2326=2, 3654=2, 5158=2, 9419=2, 8744=2, 9353=2, 2477=2]
4/7/19, 6:50:47 PM =============================================================

-- Gauges ----------------------------------------------------------------------
pub-update-percentage-nodeD-blocks-sync
             value = 0.003948167645272322
pub-update-percentage-nodeD-status-sync
             value = 0.4988356788498532

-- Counters --------------------------------------------------------------------
sub-blocks-interestscounter-nodeA
             count = 244
sub-blocks-interestscounter-nodeB
             count = 256
sub-blocks-interestscounter-nodeC
             count = 245
sub-projectiles-interestscounter-nodeA
             count = 328
sub-projectiles-interestscounter-nodeB
             count = 338
sub-projectiles-interestscounter-nodeC
             count = 328
sub-status-interestscounter-nodeA
             count = 7313
sub-status-interestscounter-nodeB
             count = 7307
sub-status-interestscounter-nodeC
             count = 7282

-- Histograms ------------------------------------------------------------------
eng-status-delta-nodeA
             count = 7285
               min = 0
               max = 240
              mean = 3.71
            stddev = 13.45
            median = 0.00
              75% <= 0.00
              95% <= 16.00
              98% <= 36.00
              99% <= 47.00
            99.9% <= 126.00
eng-status-delta-nodeB
             count = 7297
               min = 0
               max = 126
              mean = 6.07
            stddev = 18.45
            median = 0.00
              75% <= 0.00
              95% <= 27.00
              98% <= 74.00
              99% <= 122.00
            99.9% <= 126.00
eng-status-delta-nodeC
             count = 7261
               min = 0
               max = 126
              mean = 3.88
            stddev = 13.63
            median = 0.00
              75% <= 0.00
              95% <= 16.00
              98% <= 33.00
              99% <= 100.00
            99.9% <= 126.00
sub-blocks-rtt-nodeA
             count = 16
               min = 13
               max = 983
              mean = 457.81
            stddev = 330.02
            median = 383.00
              75% <= 859.00
              95% <= 872.00
              98% <= 983.00
              99% <= 983.00
            99.9% <= 983.00
sub-blocks-rtt-nodeB
             count = 4
               min = 78
               max = 925
              mean = 548.04
            stddev = 417.98
            median = 925.00
              75% <= 925.00
              95% <= 925.00
              98% <= 925.00
              99% <= 925.00
            99.9% <= 925.00
sub-blocks-rtt-nodeC
             count = 13
               min = 28
               max = 945
              mean = 519.45
            stddev = 291.02
            median = 646.00
              75% <= 768.00
              95% <= 768.00
              98% <= 768.00
              99% <= 898.00
            99.9% <= 945.00
sub-projectiles-rtt-nodeA
             count = 130
               min = 15
               max = 999
              mean = 473.61
            stddev = 290.17
            median = 517.00
              75% <= 734.00
              95% <= 882.00
              98% <= 982.00
              99% <= 998.00
            99.9% <= 999.00
sub-projectiles-rtt-nodeB
             count = 134
               min = 1
               max = 1000
              mean = 382.58
            stddev = 287.73
            median = 464.00
              75% <= 534.00
              95% <= 865.00
              98% <= 883.00
              99% <= 884.00
            99.9% <= 1000.00
sub-projectiles-rtt-nodeC
             count = 129
               min = 6
               max = 1000
              mean = 429.76
            stddev = 291.41
            median = 511.00
              75% <= 600.00
              95% <= 888.00
              98% <= 967.00
              99% <= 993.00
            99.9% <= 1000.00
sub-status-rtt-nodeA
             count = 7312
               min = 4
               max = 95
              mean = 35.55
            stddev = 11.70
            median = 33.00
              75% <= 34.00
              95% <= 61.00
              98% <= 67.00
              99% <= 68.00
            99.9% <= 95.00
sub-status-rtt-nodeB
             count = 7306
               min = 9
               max = 108
              mean = 35.00
            stddev = 11.16
            median = 33.00
              75% <= 34.00
              95% <= 51.00
              98% <= 67.00
              99% <= 67.00
            99.9% <= 100.00
sub-status-rtt-nodeC
             count = 7281
               min = 3
               max = 84
              mean = 35.81
            stddev = 11.62
            median = 33.00
              75% <= 34.00
              95% <= 67.00
              98% <= 67.00
              99% <= 67.00
            99.9% <= 84.00

-- Meters ----------------------------------------------------------------------
pub-interest-rate-nodeD-blocks-sync
             count = 380
         mean rate = 1.47 events/second
     1-minute rate = 1.65 events/second
     5-minute rate = 1.45 events/second
    15-minute rate = 1.41 events/second
pub-interest-rate-nodeD-projectiles-sync
             count = 320
         mean rate = 1.23 events/second
     1-minute rate = 1.20 events/second
     5-minute rate = 1.30 events/second
    15-minute rate = 1.36 events/second
pub-interest-rate-nodeD-status-sync
             count = 7413
         mean rate = 28.58 events/second
     1-minute rate = 28.59 events/second
     5-minute rate = 28.85 events/second
    15-minute rate = 29.05 events/second


 WARN [bp-queue-proc-/com/stefanolupo/ndngame/0/nodeD/blocks/sync-1] (BasePublisher.java:98) - /com/stefanolupo/ndngame/0/nodeD/blocks/sync: Saw duplicate sn requests
 WARN [bp-queue-proc-/com/stefanolupo/ndngame/0/nodeD/blocks/sync-1] (BasePublisher.java:99) - [68=4, 64=2, 6=4, 27=31, 0=5, 67=5, 26=29, 10=2, 11=2, 73=3, 12=6, 13=6, 69=9, 31=16, 72=24, 23=6, 20=7, 18=6, 29=8, 16=7, 28=6, 17=10, 25=2, 71=25, 77=18, 22=9, 33=3, 54=20, 39=4, 59=19, 35=9, 45=7, 40=4, 41=5, 46=3, 47=2, 42=5, 60=12, 38=20, 37=17, 52=2, 53=8, 56=7]
 WARN [bp-queue-proc-/com/stefanolupo/ndngame/0/nodeD/status/sync-1] (BasePublisher.java:98) - /com/stefanolupo/ndngame/0/nodeD/status/sync: Saw duplicate sn requests
 WARN [bp-queue-proc-/com/stefanolupo/ndngame/0/nodeD/status/sync-1] (BasePublisher.java:99) - [5411=2, 0=2, 2326=2, 3654=2, 5158=2, 9419=2, 8744=2, 9353=2, 2477=2, 9837=2]
