DEBUG [main] (ConfigManager.java:33) - Initialized with properties: {local.player.status.updates.per.sec=30, facemanager.num.sub.threads.per.face=10, linear.interest.zone.filter.inner.radius=7, projectile.cache.size=20, local.player.status.use.dead.reckoning=false, block.publisher.freshness.period.ms=20, player.status.publisher.freshness.period.ms=20, base.publisher.queue.process.per.sec=60, projectile.sub.inter.interest.max.wait.time.ms=30, linear.interest.zone.filter.outer.radius=14, local.player.dead.reckoning.max.error=0.5, projectile.publisher.queue.process.multithread=true, statistics.logger.log.rate.sec=30, facemanager.max.num.pub.faces=1, facemanager.num.pub.threads.per.face=10, facemanager.max.num.sub.faces=1, block.sub.inter.interest.max.wait.time.ms=2000, projectile.publisher.queue.process.per.sec=60, base.publisher.queue.process.multithread=true, player.sub.inter.interest.max.wait.time.ms=30, linear.interest.zone.filter.enabled=false, projectile.publisher.freshness.period.ms=20}
WARNING: An illegal reflective access operation has occurred
WARNING: Illegal reflective access by com.google.inject.internal.cglib.core.$ReflectUtils$2 (file:/NdnGame/NdnGameLibGdxDesktop-1.0-SNAPSHOT.jar) to method java.lang.ClassLoader.defineClass(java.lang.String,byte[],int,int,java.security.ProtectionDomain)
WARNING: Please consider reporting this to the maintainers of com.google.inject.internal.cglib.core.$ReflectUtils$2
WARNING: Use --illegal-access=warn to enable warnings of further illegal reflective access operations
WARNING: All illegal access operations will be denied in a future release
DEBUG [main] (BackendModule.java:123) - Writing metrics to /metrics/nodeB
 INFO [main] (DesktopLauncher.java:49) - Launching headless game
 INFO [main] (DesktopLauncher.java:50) - LocalConfig{playerName='nodeB', isMasterView=false, isAutomated=true, automationType='wsp', isHeadless=true, gameId=0, screenWidth=600, screenHeight=600, targetFrameRate=60}
DEBUG [main] (AutomatedInputController.java:52) - Starting with automation type: wsp
DEBUG [main] (BasePublisher.java:67) - Registering /com/stefanolupo/ndngame/0/nodeB/blocks/sync
DEBUG [main] (BasePublisher.java:67) - Registering /com/stefanolupo/ndngame/0/nodeB/status/sync
Apr 07, 2019 6:51:46 PM net.named_data.jndn.Node$RegisterResponse onData
INFO: Register prefix succeeded with the NFD forwarder for prefix /com/stefanolupo/ndngame/0/nodeB/blocks/sync
Apr 07, 2019 6:51:46 PM net.named_data.jndn.Node$RegisterResponse onData
INFO: Register prefix succeeded with the NFD forwarder for prefix /com/stefanolupo/ndngame/0/nodeB/blocks/interact
Apr 07, 2019 6:51:46 PM net.named_data.jndn.Node$RegisterResponse onData
INFO: Register prefix succeeded with the NFD forwarder for prefix /com/stefanolupo/ndngame/0/nodeB/status/sync
Apr 07, 2019 6:51:46 PM net.named_data.jndn.Node$RegisterResponse onData
INFO: Register prefix succeeded with the NFD forwarder for prefix /com/stefanolupo/ndngame/0/nodeB/projectiles/sync
Apr 07, 2019 6:51:46 PM net.named_data.jndn.Node$RegisterResponse onData
INFO: Register prefix succeeded with the NFD forwarder for prefix /com/stefanolupo/ndngame/0/nodeB/projectiles/interact
Apr 07, 2019 6:51:50 PM net.named_data.jndn.Node$RegisterResponse onData
INFO: Register prefix succeeded with the NFD forwarder for prefix /com/stefanolupo/ndngame/0/config/broadcast
Apr 07, 2019 6:51:50 PM net.named_data.jndn.Node$RegisterResponse onData
INFO: Register prefix succeeded with the NFD forwarder for prefix /com/stefanolupo/ndngame/0/config/nodeB
 INFO [cs-/com/stefanolupo/ndngame/0/config/nodeB-0] (ChronoSynced.java:93) - Initialized ChronoSyncedMap for /com/stefanolupo/ndngame/0/config/nodeB
Apr 07, 2019 6:51:51 PM net.named_data.jndn.Node$RegisterResponse onData
INFO: Register prefix succeeded with the NFD forwarder for prefix /com/stefanolupo/ndngame/0/discovery/broadcast
Apr 07, 2019 6:51:51 PM net.named_data.jndn.Node$RegisterResponse onData
INFO: Register prefix succeeded with the NFD forwarder for prefix /com/stefanolupo/ndngame/0/discovery/nodeB
 INFO [cs-/com/stefanolupo/ndngame/0/discovery/nodeB-0] (ChronoSynced.java:93) - Initialized ChronoSyncedMap for /com/stefanolupo/ndngame/0/discovery/nodeB
DEBUG [bp-queue-proc-/com/stefanolupo/ndngame/0/nodeB/blocks/sync-1] (BasePublisher.java:96) - /com/stefanolupo/ndngame/0/nodeB/blocks/sync: No duplicate SN requests seen
DEBUG [bp-queue-proc-/com/stefanolupo/ndngame/0/nodeB/status/sync-1] (BasePublisher.java:96) - /com/stefanolupo/ndngame/0/nodeB/status/sync: No duplicate SN requests seen
4/7/19, 6:52:15 PM =============================================================

-- Gauges ----------------------------------------------------------------------
pub-update-percentage-nodeB-blocks-sync
             value = 0.0
pub-update-percentage-nodeB-status-sync
             value = 0.49775028121484816


DEBUG [bp-queue-proc-/com/stefanolupo/ndngame/0/nodeB/blocks/sync-1] (BasePublisher.java:96) - /com/stefanolupo/ndngame/0/nodeB/blocks/sync: No duplicate SN requests seen
DEBUG [bp-queue-proc-/com/stefanolupo/ndngame/0/nodeB/status/sync-1] (BasePublisher.java:96) - /com/stefanolupo/ndngame/0/nodeB/status/sync: No duplicate SN requests seen
4/7/19, 6:52:45 PM =============================================================

-- Gauges ----------------------------------------------------------------------
pub-update-percentage-nodeB-blocks-sync
             value = 0.001117006422786931
pub-update-percentage-nodeB-status-sync
             value = 0.49888205701509225


DEBUG [bp-queue-proc-/com/stefanolupo/ndngame/0/nodeB/blocks/sync-1] (BasePublisher.java:96) - /com/stefanolupo/ndngame/0/nodeB/blocks/sync: No duplicate SN requests seen
DEBUG [bp-queue-proc-/com/stefanolupo/ndngame/0/nodeB/status/sync-1] (BasePublisher.java:96) - /com/stefanolupo/ndngame/0/nodeB/status/sync: No duplicate SN requests seen
 INFO [fm-pub-0-6] (ProjectilePublisher.java:133) - Creating interest meter
 INFO [cs-/com/stefanolupo/ndngame/0/discovery/nodeB-0] (PlayerStatusSubscriber.java:59) - Adding subscription for nodeC
 INFO [cs-/com/stefanolupo/ndngame/0/discovery/nodeB-0] (PlayerStatusSubscriber.java:59) - Adding subscription for nodeA
 INFO [cs-/com/stefanolupo/ndngame/0/discovery/nodeB-0] (BlockSubscriber.java:54) - Adding subscription for /com/stefanolupo/ndngame/0/nodeC/blocks/sync/0/0/0
 INFO [cs-/com/stefanolupo/ndngame/0/discovery/nodeB-0] (BlockSubscriber.java:54) - Adding subscription for /com/stefanolupo/ndngame/0/nodeA/blocks/sync/0/0/0
 INFO [cs-/com/stefanolupo/ndngame/0/discovery/nodeB-0] (ProjectileSubscriber.java:53) - Adding subscription for /com/stefanolupo/ndngame/0/nodeC/projectiles/sync/0/0/0
 INFO [cs-/com/stefanolupo/ndngame/0/discovery/nodeB-0] (ProjectileSubscriber.java:53) - Adding subscription for /com/stefanolupo/ndngame/0/nodeA/projectiles/sync/0/0/0
 INFO [cs-/com/stefanolupo/ndngame/0/discovery/nodeB-0] (PlayerStatusSubscriber.java:59) - Adding subscription for nodeD
 INFO [cs-/com/stefanolupo/ndngame/0/discovery/nodeB-0] (BlockSubscriber.java:54) - Adding subscription for /com/stefanolupo/ndngame/0/nodeD/blocks/sync/0/0/0
 INFO [cs-/com/stefanolupo/ndngame/0/discovery/nodeB-0] (ProjectileSubscriber.java:53) - Adding subscription for /com/stefanolupo/ndngame/0/nodeD/projectiles/sync/0/0/0
 WARN [bp-queue-proc-/com/stefanolupo/ndngame/0/nodeB/blocks/sync-1] (BasePublisher.java:98) - /com/stefanolupo/ndngame/0/nodeB/blocks/sync: Saw duplicate sn requests
 WARN [bp-queue-proc-/com/stefanolupo/ndngame/0/nodeB/blocks/sync-1] (BasePublisher.java:99) - [0=2, 12=4]
 WARN [bp-queue-proc-/com/stefanolupo/ndngame/0/nodeB/status/sync-1] (BasePublisher.java:98) - /com/stefanolupo/ndngame/0/nodeB/status/sync: Saw duplicate sn requests
 WARN [bp-queue-proc-/com/stefanolupo/ndngame/0/nodeB/status/sync-1] (BasePublisher.java:99) - [0=3, 2164=2]
4/7/19, 6:53:15 PM =============================================================

-- Gauges ----------------------------------------------------------------------
pub-update-percentage-nodeB-blocks-sync
             value = 0.0027875859505668093
pub-update-percentage-nodeB-status-sync
             value = 0.4992562290814429

-- Counters --------------------------------------------------------------------
sub-blocks-interestscounter-nodeA
             count = 16
sub-blocks-interestscounter-nodeC
             count = 14
sub-blocks-interestscounter-nodeD
             count = 16
sub-projectiles-interestscounter-nodeA
             count = 24
sub-projectiles-interestscounter-nodeC
             count = 24
sub-projectiles-interestscounter-nodeD
             count = 22
sub-status-interestscounter-nodeA
             count = 500
sub-status-interestscounter-nodeC
             count = 497
sub-status-interestscounter-nodeD
             count = 484

-- Histograms ------------------------------------------------------------------
eng-status-delta-nodeA
             count = 496
               min = 0
               max = 79
              mean = 3.91
            stddev = 11.27
            median = 0.00
              75% <= 0.00
              95% <= 31.00
              98% <= 47.00
              99% <= 56.00
            99.9% <= 79.00
eng-status-delta-nodeC
             count = 492
               min = 0
               max = 219
              mean = 12.34
            stddev = 32.35
            median = 0.00
              75% <= 0.00
              95% <= 97.00
              98% <= 122.00
              99% <= 122.00
            99.9% <= 219.00
eng-status-delta-nodeD
             count = 479
               min = 0
               max = 225
              mean = 3.29
            stddev = 13.04
            median = 0.00
              75% <= 0.00
              95% <= 22.00
              98% <= 33.00
              99% <= 44.00
            99.9% <= 225.00
sub-blocks-rtt-nodeA
             count = 2
               min = 80
               max = 146
              mean = 113.49
            stddev = 33.00
            median = 146.00
              75% <= 146.00
              95% <= 146.00
              98% <= 146.00
              99% <= 146.00
            99.9% <= 146.00
sub-blocks-rtt-nodeC
             count = 4
               min = 68
               max = 953
              mean = 509.16
            stddev = 362.47
            median = 754.00
              75% <= 754.00
              95% <= 953.00
              98% <= 953.00
              99% <= 953.00
            99.9% <= 953.00
sub-blocks-rtt-nodeD
             count = 1
               min = 693
               max = 693
              mean = 693.00
            stddev = 0.00
            median = 693.00
              75% <= 693.00
              95% <= 693.00
              98% <= 693.00
              99% <= 693.00
            99.9% <= 693.00
sub-projectiles-rtt-nodeA
             count = 10
               min = 12
               max = 950
              mean = 391.25
            stddev = 337.73
            median = 527.00
              75% <= 676.00
              95% <= 950.00
              98% <= 950.00
              99% <= 950.00
            99.9% <= 950.00
sub-projectiles-rtt-nodeC
             count = 12
               min = 15
               max = 962
              mean = 506.21
            stddev = 323.08
            median = 533.00
              75% <= 700.00
              95% <= 962.00
              98% <= 962.00
              99% <= 962.00
            99.9% <= 962.00
sub-projectiles-rtt-nodeD
             count = 11
               min = 16
               max = 1000
              mean = 537.50
            stddev = 318.70
            median = 517.00
              75% <= 800.00
              95% <= 1000.00
              98% <= 1000.00
              99% <= 1000.00
            99.9% <= 1000.00
sub-status-rtt-nodeA
             count = 499
               min = 10
               max = 86
              mean = 35.47
            stddev = 9.89
            median = 33.00
              75% <= 34.00
              95% <= 56.00
              98% <= 66.00
              99% <= 67.00
            99.9% <= 86.00
sub-status-rtt-nodeC
             count = 496
               min = 10
               max = 82
              mean = 35.68
            stddev = 10.35
            median = 33.00
              75% <= 34.00
              95% <= 66.00
              98% <= 67.00
              99% <= 67.00
            99.9% <= 82.00
sub-status-rtt-nodeD
             count = 483
               min = 2
               max = 83
              mean = 34.60
            stddev = 8.77
            median = 33.00
              75% <= 34.00
              95% <= 50.00
              98% <= 67.00
              99% <= 67.00
            99.9% <= 83.00

-- Meters ----------------------------------------------------------------------
pub-interest-rate-nodeB-blocks-sync
             count = 24
         mean rate = 1.26 events/second
     1-minute rate = 0.85 events/second
     5-minute rate = 0.81 events/second
    15-minute rate = 0.80 events/second
pub-interest-rate-nodeB-projectiles-sync
             count = 27
         mean rate = 1.41 events/second
     1-minute rate = 1.40 events/second
     5-minute rate = 1.40 events/second
    15-minute rate = 1.40 events/second
pub-interest-rate-nodeB-status-sync
             count = 545
         mean rate = 28.55 events/second
     1-minute rate = 29.56 events/second
     5-minute rate = 29.75 events/second
    15-minute rate = 29.78 events/second


 WARN [bp-queue-proc-/com/stefanolupo/ndngame/0/nodeB/blocks/sync-1] (BasePublisher.java:98) - /com/stefanolupo/ndngame/0/nodeB/blocks/sync: Saw duplicate sn requests
 WARN [bp-queue-proc-/com/stefanolupo/ndngame/0/nodeB/blocks/sync-1] (BasePublisher.java:99) - [18=2, 19=2, 0=2, 16=4, 13=11, 17=6, 12=11, 14=2]
 WARN [bp-queue-proc-/com/stefanolupo/ndngame/0/nodeB/status/sync-1] (BasePublisher.java:98) - /com/stefanolupo/ndngame/0/nodeB/status/sync: Saw duplicate sn requests
 WARN [bp-queue-proc-/com/stefanolupo/ndngame/0/nodeB/status/sync-1] (BasePublisher.java:99) - [0=3, 2164=2, 2590=2]
DEBUG [HeadlessApplication] (ProjectileCollisionSystem.java:108) - Bullet hit me, notifying owner and decreasing my health
4/7/19, 6:53:45 PM =============================================================

-- Gauges ----------------------------------------------------------------------
pub-update-percentage-nodeB-blocks-sync
             value = 0.0037599220164322516
pub-update-percentage-nodeB-status-sync
             value = 0.4993034271384787

-- Counters --------------------------------------------------------------------
sub-blocks-interestscounter-nodeA
             count = 45
sub-blocks-interestscounter-nodeC
             count = 42
sub-blocks-interestscounter-nodeD
             count = 45
sub-projectiles-interestscounter-nodeA
             count = 62
sub-projectiles-interestscounter-nodeC
             count = 65
sub-projectiles-interestscounter-nodeD
             count = 62
sub-status-interestscounter-nodeA
             count = 1329
sub-status-interestscounter-nodeC
             count = 1326
sub-status-interestscounter-nodeD
             count = 1329

-- Histograms ------------------------------------------------------------------
eng-status-delta-nodeA
             count = 1324
               min = 0
               max = 134
              mean = 4.25
            stddev = 12.33
            median = 0.00
              75% <= 0.00
              95% <= 23.00
              98% <= 39.00
              99% <= 56.00
            99.9% <= 126.00
eng-status-delta-nodeC
             count = 1319
               min = 0
               max = 219
              mean = 5.25
            stddev = 17.83
            median = 0.00
              75% <= 0.00
              95% <= 25.00
              98% <= 83.00
              99% <= 108.00
            99.9% <= 128.00
eng-status-delta-nodeD
             count = 1325
               min = 0
               max = 208
              mean = 4.64
            stddev = 13.48
            median = 0.00
              75% <= 0.00
              95% <= 31.00
              98% <= 44.00
              99% <= 52.00
            99.9% <= 122.00
sub-blocks-rtt-nodeA
             count = 3
               min = 80
               max = 176
              mean = 138.46
            stddev = 39.89
            median = 146.00
              75% <= 176.00
              95% <= 176.00
              98% <= 176.00
              99% <= 176.00
            99.9% <= 176.00
sub-blocks-rtt-nodeC
             count = 6
               min = 68
               max = 953
              mean = 388.66
            stddev = 309.26
            median = 327.00
              75% <= 754.00
              95% <= 953.00
              98% <= 953.00
              99% <= 953.00
            99.9% <= 953.00
sub-blocks-rtt-nodeD
             count = 2
               min = 594
               max = 693
              mean = 634.33
            stddev = 48.64
            median = 594.00
              75% <= 693.00
              95% <= 693.00
              98% <= 693.00
              99% <= 693.00
            99.9% <= 693.00
sub-projectiles-rtt-nodeA
             count = 26
               min = 12
               max = 1000
              mean = 478.09
            stddev = 327.85
            median = 527.00
              75% <= 676.00
              95% <= 992.00
              98% <= 1000.00
              99% <= 1000.00
            99.9% <= 1000.00
sub-projectiles-rtt-nodeC
             count = 26
               min = 15
               max = 962
              mean = 331.71
            stddev = 302.15
            median = 347.00
              75% <= 572.00
              95% <= 958.00
              98% <= 962.00
              99% <= 962.00
            99.9% <= 962.00
sub-projectiles-rtt-nodeD
             count = 25
               min = 8
               max = 1000
              mean = 409.18
            stddev = 323.29
            median = 415.00
              75% <= 600.00
              95% <= 985.00
              98% <= 1000.00
              99% <= 1000.00
            99.9% <= 1000.00
sub-status-rtt-nodeA
             count = 1328
               min = 2
               max = 86
              mean = 36.15
            stddev = 11.02
            median = 33.00
              75% <= 34.00
              95% <= 66.00
              98% <= 67.00
              99% <= 67.00
            99.9% <= 83.00
sub-status-rtt-nodeC
             count = 1326
               min = 2
               max = 82
              mean = 35.90
            stddev = 10.44
            median = 33.00
              75% <= 34.00
              95% <= 66.00
              98% <= 67.00
              99% <= 67.00
            99.9% <= 76.00
sub-status-rtt-nodeD
             count = 1328
               min = 2
               max = 83
              mean = 35.17
            stddev = 9.42
            median = 33.00
              75% <= 34.00
              95% <= 51.00
              98% <= 67.00
              99% <= 67.00
            99.9% <= 83.00

-- Meters ----------------------------------------------------------------------
pub-interest-rate-nodeB-blocks-sync
             count = 78
         mean rate = 1.59 events/second
     1-minute rate = 1.23 events/second
     5-minute rate = 0.91 events/second
    15-minute rate = 0.84 events/second
pub-interest-rate-nodeB-projectiles-sync
             count = 67
         mean rate = 1.37 events/second
     1-minute rate = 1.39 events/second
     5-minute rate = 1.40 events/second
    15-minute rate = 1.40 events/second
pub-interest-rate-nodeB-status-sync
             count = 1372
         mean rate = 27.95 events/second
     1-minute rate = 28.80 events/second
     5-minute rate = 29.55 events/second
    15-minute rate = 29.71 events/second


 WARN [bp-queue-proc-/com/stefanolupo/ndngame/0/nodeB/blocks/sync-1] (BasePublisher.java:98) - /com/stefanolupo/ndngame/0/nodeB/blocks/sync: Saw duplicate sn requests
 WARN [bp-queue-proc-/com/stefanolupo/ndngame/0/nodeB/blocks/sync-1] (BasePublisher.java:99) - [18=2, 0=2, 16=4, 17=20, 28=9, 13=11, 12=11, 19=4, 20=3, 27=2, 29=7, 14=2]
 WARN [bp-queue-proc-/com/stefanolupo/ndngame/0/nodeB/status/sync-1] (BasePublisher.java:98) - /com/stefanolupo/ndngame/0/nodeB/status/sync: Saw duplicate sn requests
 WARN [bp-queue-proc-/com/stefanolupo/ndngame/0/nodeB/status/sync-1] (BasePublisher.java:99) - [0=3, 2164=2, 2590=2]
DEBUG [HeadlessApplication] (ProjectileCollisionSystem.java:108) - Bullet hit me, notifying owner and decreasing my health
DEBUG [HeadlessApplication] (ProjectileCollisionSystem.java:108) - Bullet hit me, notifying owner and decreasing my health
 WARN [bp-queue-proc-/com/stefanolupo/ndngame/0/nodeB/blocks/sync-1] (BasePublisher.java:98) - /com/stefanolupo/ndngame/0/nodeB/blocks/sync: Saw duplicate sn requests
 WARN [bp-queue-proc-/com/stefanolupo/ndngame/0/nodeB/blocks/sync-1] (BasePublisher.java:99) - [0=2, 13=11, 12=11, 29=20, 14=2, 18=2, 17=32, 30=13, 16=4, 28=9, 19=4, 20=3, 27=2]
 WARN [bp-queue-proc-/com/stefanolupo/ndngame/0/nodeB/status/sync-1] (BasePublisher.java:98) - /com/stefanolupo/ndngame/0/nodeB/status/sync: Saw duplicate sn requests
 WARN [bp-queue-proc-/com/stefanolupo/ndngame/0/nodeB/status/sync-1] (BasePublisher.java:99) - [0=3, 2164=2, 2590=2, 3823=2]
4/7/19, 6:54:15 PM =============================================================

-- Gauges ----------------------------------------------------------------------
pub-update-percentage-nodeB-blocks-sync
             value = 0.003117692907248636
pub-update-percentage-nodeB-status-sync
             value = 0.4994430830920027

-- Counters --------------------------------------------------------------------
sub-blocks-interestscounter-nodeA
             count = 75
sub-blocks-interestscounter-nodeC
             count = 71
sub-blocks-interestscounter-nodeD
             count = 75
sub-projectiles-interestscounter-nodeA
             count = 99
sub-projectiles-interestscounter-nodeC
             count = 100
sub-projectiles-interestscounter-nodeD
             count = 99
sub-status-interestscounter-nodeA
             count = 2155
sub-status-interestscounter-nodeC
             count = 2147
sub-status-interestscounter-nodeD
             count = 2164

-- Histograms ------------------------------------------------------------------
eng-status-delta-nodeA
             count = 2150
               min = 0
               max = 111
              mean = 3.14
            stddev = 8.50
            median = 0.00
              75% <= 0.00
              95% <= 22.00
              98% <= 31.00
              99% <= 38.00
            99.9% <= 63.00
eng-status-delta-nodeC
             count = 2138
               min = 0
               max = 219
              mean = 4.36
            stddev = 13.47
            median = 0.00
              75% <= 0.00
              95% <= 22.00
              98% <= 44.00
              99% <= 73.00
            99.9% <= 122.00
eng-status-delta-nodeD
             count = 2160
               min = 0
               max = 208
              mean = 4.13
            stddev = 11.64
            median = 0.00
              75% <= 0.00
              95% <= 31.00
              98% <= 40.00
              99% <= 44.00
            99.9% <= 122.00
sub-blocks-rtt-nodeA
             count = 3
               min = 80
               max = 176
              mean = 138.46
            stddev = 39.89
            median = 146.00
              75% <= 176.00
              95% <= 176.00
              98% <= 176.00
              99% <= 176.00
            99.9% <= 176.00
sub-blocks-rtt-nodeC
             count = 7
               min = 68
               max = 953
              mean = 502.00
            stddev = 317.67
            median = 327.00
              75% <= 788.00
              95% <= 953.00
              98% <= 953.00
              99% <= 953.00
            99.9% <= 953.00
sub-blocks-rtt-nodeD
             count = 2
               min = 594
               max = 693
              mean = 634.33
            stddev = 48.64
            median = 594.00
              75% <= 693.00
              95% <= 693.00
              98% <= 693.00
              99% <= 693.00
            99.9% <= 693.00
sub-projectiles-rtt-nodeA
             count = 39
               min = 12
               max = 1000
              mean = 485.63
            stddev = 313.45
            median = 516.00
              75% <= 782.00
              95% <= 999.00
              98% <= 999.00
              99% <= 1000.00
            99.9% <= 1000.00
sub-projectiles-rtt-nodeC
             count = 39
               min = 15
               max = 986
              mean = 461.05
            stddev = 313.95
            median = 529.00
              75% <= 700.00
              95% <= 982.00
              98% <= 986.00
              99% <= 986.00
            99.9% <= 986.00
sub-projectiles-rtt-nodeD
             count = 37
               min = 8
               max = 1000
              mean = 423.14
            stddev = 313.60
            median = 516.00
              75% <= 598.00
              95% <= 985.00
              98% <= 985.00
              99% <= 1000.00
            99.9% <= 1000.00
sub-status-rtt-nodeA
             count = 2154
               min = 2
               max = 86
              mean = 36.00
            stddev = 11.17
            median = 33.00
              75% <= 34.00
              95% <= 66.00
              98% <= 67.00
              99% <= 71.00
            99.9% <= 83.00
sub-status-rtt-nodeC
             count = 2146
               min = 5
               max = 100
              mean = 36.35
            stddev = 11.30
            median = 33.00
              75% <= 34.00
              95% <= 66.00
              98% <= 67.00
              99% <= 67.00
            99.9% <= 100.00
sub-status-rtt-nodeD
             count = 2163
               min = 11
               max = 97
              mean = 35.53
            stddev = 9.30
            median = 33.00
              75% <= 34.00
              95% <= 51.00
              98% <= 67.00
              99% <= 67.00
            99.9% <= 97.00

-- Meters ----------------------------------------------------------------------
pub-interest-rate-nodeB-blocks-sync
             count = 135
         mean rate = 1.71 events/second
     1-minute rate = 1.50 events/second
     5-minute rate = 1.00 events/second
    15-minute rate = 0.87 events/second
pub-interest-rate-nodeB-projectiles-sync
             count = 104
         mean rate = 1.32 events/second
     1-minute rate = 1.28 events/second
     5-minute rate = 1.37 events/second
    15-minute rate = 1.39 events/second
pub-interest-rate-nodeB-status-sync
             count = 2201
         mean rate = 27.83 events/second
     1-minute rate = 28.31 events/second
     5-minute rate = 29.36 events/second
    15-minute rate = 29.64 events/second


 WARN [bp-queue-proc-/com/stefanolupo/ndngame/0/nodeB/blocks/sync-1] (BasePublisher.java:98) - /com/stefanolupo/ndngame/0/nodeB/blocks/sync: Saw duplicate sn requests
 WARN [bp-queue-proc-/com/stefanolupo/ndngame/0/nodeB/blocks/sync-1] (BasePublisher.java:99) - [0=2, 30=26, 13=11, 12=11, 14=2, 18=2, 16=4, 28=9, 19=4, 20=3, 27=2, 17=45, 29=32]
 WARN [bp-queue-proc-/com/stefanolupo/ndngame/0/nodeB/status/sync-1] (BasePublisher.java:98) - /com/stefanolupo/ndngame/0/nodeB/status/sync: Saw duplicate sn requests
 WARN [bp-queue-proc-/com/stefanolupo/ndngame/0/nodeB/status/sync-1] (BasePublisher.java:99) - [0=3, 2164=2, 2590=2, 3823=2]
4/7/19, 6:54:45 PM =============================================================

-- Gauges ----------------------------------------------------------------------
pub-update-percentage-nodeB-blocks-sync
             value = 0.0032464520916427046
pub-update-percentage-nodeB-status-sync
             value = 0.4994433104472073

-- Counters --------------------------------------------------------------------
sub-blocks-interestscounter-nodeA
             count = 104
sub-blocks-interestscounter-nodeC
             count = 101
sub-blocks-interestscounter-nodeD
             count = 104
sub-projectiles-interestscounter-nodeA
             count = 138
sub-projectiles-interestscounter-nodeC
             count = 141
sub-projectiles-interestscounter-nodeD
             count = 139
sub-status-interestscounter-nodeA
             count = 2980
sub-status-interestscounter-nodeC
             count = 2975
sub-status-interestscounter-nodeD
             count = 2988

-- Histograms ------------------------------------------------------------------
eng-status-delta-nodeA
             count = 2975
               min = 0
               max = 126
              mean = 3.24
            stddev = 10.35
            median = 0.00
              75% <= 0.00
              95% <= 22.00
              98% <= 31.00
              99% <= 44.00
            99.9% <= 126.00
eng-status-delta-nodeC
             count = 2966
               min = 0
               max = 122
              mean = 3.74
            stddev = 12.29
            median = 0.00
              75% <= 0.00
              95% <= 22.00
              98% <= 34.00
              99% <= 64.00
            99.9% <= 122.00
eng-status-delta-nodeD
             count = 2984
               min = 0
               max = 253
              mean = 4.10
            stddev = 14.52
            median = 0.00
              75% <= 0.00
              95% <= 22.00
              98% <= 33.00
              99% <= 46.00
            99.9% <= 253.00
sub-blocks-rtt-nodeA
             count = 4
               min = 49
               max = 176
              mean = 94.80
            stddev = 53.05
            median = 80.00
              75% <= 146.00
              95% <= 176.00
              98% <= 176.00
              99% <= 176.00
            99.9% <= 176.00
sub-blocks-rtt-nodeC
             count = 7
               min = 68
               max = 953
              mean = 502.00
            stddev = 317.67
            median = 327.00
              75% <= 788.00
              95% <= 953.00
              98% <= 953.00
              99% <= 953.00
            99.9% <= 953.00
sub-blocks-rtt-nodeD
             count = 3
               min = 594
               max = 693
              mean = 621.69
            stddev = 31.50
            median = 614.00
              75% <= 614.00
              95% <= 693.00
              98% <= 693.00
              99% <= 693.00
            99.9% <= 693.00
sub-projectiles-rtt-nodeA
             count = 57
               min = 0
               max = 1000
              mean = 479.45
            stddev = 286.03
            median = 517.00
              75% <= 667.00
              95% <= 950.00
              98% <= 999.00
              99% <= 1000.00
            99.9% <= 1000.00
sub-projectiles-rtt-nodeC
             count = 58
               min = 15
               max = 986
              mean = 436.39
            stddev = 300.22
            median = 517.00
              75% <= 615.00
              95% <= 958.00
              98% <= 982.00
              99% <= 986.00
            99.9% <= 986.00
sub-projectiles-rtt-nodeD
             count = 54
               min = 8
               max = 1000
              mean = 393.64
            stddev = 304.56
            median = 500.00
              75% <= 598.00
              95% <= 965.00
              98% <= 985.00
              99% <= 985.00
            99.9% <= 1000.00
sub-status-rtt-nodeA
             count = 2979
               min = 14
               max = 93
              mean = 36.30
            stddev = 11.27
            median = 33.00
              75% <= 34.00
              95% <= 66.00
              98% <= 67.00
              99% <= 67.00
            99.9% <= 93.00
sub-status-rtt-nodeC
             count = 2974
               min = 11
               max = 100
              mean = 36.39
            stddev = 11.22
            median = 33.00
              75% <= 34.00
              95% <= 66.00
              98% <= 67.00
              99% <= 67.00
            99.9% <= 100.00
sub-status-rtt-nodeD
             count = 2987
               min = 11
               max = 99
              mean = 35.85
            stddev = 9.75
            median = 33.00
              75% <= 34.00
              95% <= 66.00
              98% <= 67.00
              99% <= 67.00
            99.9% <= 99.00

-- Meters ----------------------------------------------------------------------
pub-interest-rate-nodeB-blocks-sync
             count = 196
         mean rate = 1.80 events/second
     1-minute rate = 1.71 events/second
     5-minute rate = 1.10 events/second
    15-minute rate = 0.91 events/second
pub-interest-rate-nodeB-projectiles-sync
             count = 144
         mean rate = 1.32 events/second
     1-minute rate = 1.30 events/second
     5-minute rate = 1.37 events/second
    15-minute rate = 1.39 events/second
pub-interest-rate-nodeB-status-sync
             count = 3028
         mean rate = 27.76 events/second
     1-minute rate = 28.06 events/second
     5-minute rate = 29.20 events/second
    15-minute rate = 29.58 events/second


 WARN [bp-queue-proc-/com/stefanolupo/ndngame/0/nodeB/blocks/sync-1] (BasePublisher.java:98) - /com/stefanolupo/ndngame/0/nodeB/blocks/sync: Saw duplicate sn requests
 WARN [bp-queue-proc-/com/stefanolupo/ndngame/0/nodeB/blocks/sync-1] (BasePublisher.java:99) - [30=30, 36=5, 0=2, 33=2, 37=6, 34=6, 38=3, 17=52, 35=5, 13=11, 12=11, 14=2, 18=2, 16=4, 28=9, 19=4, 20=3, 27=2, 29=36]
 WARN [bp-queue-proc-/com/stefanolupo/ndngame/0/nodeB/status/sync-1] (BasePublisher.java:98) - /com/stefanolupo/ndngame/0/nodeB/status/sync: Saw duplicate sn requests
 WARN [bp-queue-proc-/com/stefanolupo/ndngame/0/nodeB/status/sync-1] (BasePublisher.java:99) - [0=3, 2164=2, 5002=2, 5035=2, 5214=2, 2590=2, 3823=2]
 WARN [bp-queue-proc-/com/stefanolupo/ndngame/0/nodeB/blocks/sync-1] (BasePublisher.java:98) - /com/stefanolupo/ndngame/0/nodeB/blocks/sync: Saw duplicate sn requests
 WARN [bp-queue-proc-/com/stefanolupo/ndngame/0/nodeB/blocks/sync-1] (BasePublisher.java:99) - [30=30, 0=2, 33=2, 34=6, 17=52, 35=5, 13=11, 12=11, 14=2, 36=10, 39=8, 18=2, 37=22, 16=4, 28=9, 38=17, 19=4, 20=3, 27=2, 29=36]
 WARN [bp-queue-proc-/com/stefanolupo/ndngame/0/nodeB/status/sync-1] (BasePublisher.java:98) - /com/stefanolupo/ndngame/0/nodeB/status/sync: Saw duplicate sn requests
 WARN [bp-queue-proc-/com/stefanolupo/ndngame/0/nodeB/status/sync-1] (BasePublisher.java:99) - [0=3, 2164=2, 5002=2, 5035=2, 2590=2, 5214=2, 3823=2]
4/7/19, 6:55:15 PM =============================================================

-- Gauges ----------------------------------------------------------------------
pub-update-percentage-nodeB-blocks-sync
             value = 0.0029409426913599873
pub-update-percentage-nodeB-status-sync
             value = 0.499284464938782

-- Counters --------------------------------------------------------------------
sub-blocks-interestscounter-nodeA
             count = 134
sub-blocks-interestscounter-nodeC
             count = 130
sub-blocks-interestscounter-nodeD
             count = 134
sub-projectiles-interestscounter-nodeA
             count = 177
sub-projectiles-interestscounter-nodeC
             count = 181
sub-projectiles-interestscounter-nodeD
             count = 178
sub-status-interestscounter-nodeA
             count = 3803
sub-status-interestscounter-nodeC
             count = 3795
sub-status-interestscounter-nodeD
             count = 3806

-- Histograms ------------------------------------------------------------------
eng-status-delta-nodeA
             count = 3798
               min = 0
               max = 126
              mean = 3.13
            stddev = 9.62
            median = 0.00
              75% <= 0.00
              95% <= 22.00
              98% <= 31.00
              99% <= 44.00
            99.9% <= 111.00
eng-status-delta-nodeC
             count = 3785
               min = 0
               max = 122
              mean = 2.89
            stddev = 9.15
            median = 0.00
              75% <= 0.00
              95% <= 16.00
              98% <= 31.00
              99% <= 39.00
            99.9% <= 117.00
eng-status-delta-nodeD
             count = 3802
               min = 0
               max = 208
              mean = 3.52
            stddev = 10.46
            median = 0.00
              75% <= 0.00
              95% <= 22.00
              98% <= 33.00
              99% <= 44.00
            99.9% <= 111.00
sub-blocks-rtt-nodeA
             count = 4
               min = 49
               max = 176
              mean = 94.80
            stddev = 53.05
            median = 80.00
              75% <= 146.00
              95% <= 176.00
              98% <= 176.00
              99% <= 176.00
            99.9% <= 176.00
sub-blocks-rtt-nodeC
             count = 8
               min = 68
               max = 953
              mean = 511.69
            stddev = 259.58
            median = 531.00
              75% <= 788.00
              95% <= 953.00
              98% <= 953.00
              99% <= 953.00
            99.9% <= 953.00
sub-blocks-rtt-nodeD
             count = 3
               min = 594
               max = 693
              mean = 621.69
            stddev = 31.50
            median = 614.00
              75% <= 614.00
              95% <= 693.00
              98% <= 693.00
              99% <= 693.00
            99.9% <= 693.00
sub-projectiles-rtt-nodeA
             count = 72
               min = 0
               max = 1000
              mean = 460.21
            stddev = 310.27
            median = 516.00
              75% <= 684.00
              95% <= 999.00
              98% <= 999.00
              99% <= 999.00
            99.9% <= 1000.00
sub-projectiles-rtt-nodeC
             count = 71
               min = 15
               max = 986
              mean = 372.60
            stddev = 315.05
            median = 367.00
              75% <= 615.00
              95% <= 838.00
              98% <= 982.00
              99% <= 986.00
            99.9% <= 986.00
sub-projectiles-rtt-nodeD
             count = 69
               min = 8
               max = 1000
              mean = 400.80
            stddev = 297.05
            median = 484.00
              75% <= 600.00
              95% <= 935.00
              98% <= 985.00
              99% <= 985.00
            99.9% <= 1000.00
sub-status-rtt-nodeA
             count = 3802
               min = 15
               max = 84
              mean = 36.47
            stddev = 11.11
            median = 33.00
              75% <= 34.00
              95% <= 66.00
              98% <= 67.00
              99% <= 67.00
            99.9% <= 84.00
sub-status-rtt-nodeC
             count = 3794
               min = 16
               max = 100
              mean = 36.37
            stddev = 11.15
            median = 33.00
              75% <= 34.00
              95% <= 66.00
              98% <= 67.00
              99% <= 71.00
            99.9% <= 100.00
sub-status-rtt-nodeD
             count = 3805
               min = 11
               max = 84
              mean = 36.64
            stddev = 10.22
            median = 33.00
              75% <= 34.00
              95% <= 66.00
              98% <= 67.00
              99% <= 67.00
            99.9% <= 84.00

-- Meters ----------------------------------------------------------------------
pub-interest-rate-nodeB-blocks-sync
             count = 261
         mean rate = 1.88 events/second
     1-minute rate = 1.86 events/second
     5-minute rate = 1.20 events/second
    15-minute rate = 0.95 events/second
pub-interest-rate-nodeB-projectiles-sync
             count = 179
         mean rate = 1.29 events/second
     1-minute rate = 1.28 events/second
     5-minute rate = 1.36 events/second
    15-minute rate = 1.39 events/second
pub-interest-rate-nodeB-status-sync
             count = 3852
         mean rate = 27.70 events/second
     1-minute rate = 27.82 events/second
     5-minute rate = 29.03 events/second
    15-minute rate = 29.51 events/second


 WARN [bp-queue-proc-/com/stefanolupo/ndngame/0/nodeB/blocks/sync-1] (BasePublisher.java:98) - /com/stefanolupo/ndngame/0/nodeB/blocks/sync: Saw duplicate sn requests
 WARN [bp-queue-proc-/com/stefanolupo/ndngame/0/nodeB/blocks/sync-1] (BasePublisher.java:99) - [30=30, 0=2, 37=39, 33=2, 34=6, 38=34, 17=52, 35=5, 13=11, 12=11, 14=2, 36=10, 18=2, 39=22, 16=4, 28=9, 19=4, 20=3, 27=2, 29=36]
 WARN [bp-queue-proc-/com/stefanolupo/ndngame/0/nodeB/status/sync-1] (BasePublisher.java:98) - /com/stefanolupo/ndngame/0/nodeB/status/sync: Saw duplicate sn requests
 WARN [bp-queue-proc-/com/stefanolupo/ndngame/0/nodeB/status/sync-1] (BasePublisher.java:99) - [6067=2, 0=3, 6529=2, 6406=2, 2164=2, 5002=2, 6346=2, 5035=2, 2590=2, 5214=2, 3823=2]
DEBUG [HeadlessApplication] (ProjectileCollisionSystem.java:108) - Bullet hit me, notifying owner and decreasing my health
4/7/19, 6:55:45 PM =============================================================

-- Gauges ----------------------------------------------------------------------
pub-update-percentage-nodeB-blocks-sync
             value = 0.002850983937139281
pub-update-percentage-nodeB-status-sync
             value = 0.498539435248296

-- Counters --------------------------------------------------------------------
sub-blocks-interestscounter-nodeA
             count = 163
sub-blocks-interestscounter-nodeC
             count = 158
sub-blocks-interestscounter-nodeD
             count = 164
sub-projectiles-interestscounter-nodeA
             count = 221
sub-projectiles-interestscounter-nodeC
             count = 225
sub-projectiles-interestscounter-nodeD
             count = 221
sub-status-interestscounter-nodeA
             count = 4612
sub-status-interestscounter-nodeC
             count = 4605
sub-status-interestscounter-nodeD
             count = 4615

-- Histograms ------------------------------------------------------------------
eng-status-delta-nodeA
             count = 4602
               min = 0
               max = 126
              mean = 3.08
            stddev = 10.67
            median = 0.00
              75% <= 0.00
              95% <= 22.00
              98% <= 31.00
              99% <= 47.00
            99.9% <= 122.00
eng-status-delta-nodeC
             count = 4594
               min = 0
               max = 126
              mean = 2.58
            stddev = 9.60
            median = 0.00
              75% <= 0.00
              95% <= 16.00
              98% <= 25.00
              99% <= 33.00
            99.9% <= 126.00
eng-status-delta-nodeD
             count = 4608
               min = 0
               max = 208
              mean = 3.80
            stddev = 13.36
            median = 0.00
              75% <= 0.00
              95% <= 22.00
              98% <= 44.00
              99% <= 71.00
            99.9% <= 134.00
sub-blocks-rtt-nodeA
             count = 5
               min = 49
               max = 176
              mean = 70.89
            stddev = 39.61
            median = 54.00
              75% <= 54.00
              95% <= 176.00
              98% <= 176.00
              99% <= 176.00
            99.9% <= 176.00
sub-blocks-rtt-nodeC
             count = 10
               min = 68
               max = 953
              mean = 485.48
            stddev = 251.14
            median = 531.00
              75% <= 726.00
              95% <= 788.00
              98% <= 953.00
              99% <= 953.00
            99.9% <= 953.00
sub-blocks-rtt-nodeD
             count = 3
               min = 594
               max = 693
              mean = 621.69
            stddev = 31.50
            median = 614.00
              75% <= 614.00
              95% <= 693.00
              98% <= 693.00
              99% <= 693.00
            99.9% <= 693.00
sub-projectiles-rtt-nodeA
             count = 94
               min = 0
               max = 1000
              mean = 414.12
            stddev = 272.53
            median = 516.00
              75% <= 534.00
              95% <= 866.00
              98% <= 999.00
              99% <= 999.00
            99.9% <= 1000.00
sub-projectiles-rtt-nodeC
             count = 91
               min = 15
               max = 986
              mean = 345.68
            stddev = 292.83
            median = 285.00
              75% <= 563.00
              95% <= 816.00
              98% <= 925.00
              99% <= 982.00
            99.9% <= 986.00
sub-projectiles-rtt-nodeD
             count = 90
               min = 8
               max = 1000
              mean = 400.61
            stddev = 276.98
            median = 500.00
              75% <= 582.00
              95% <= 867.00
              98% <= 935.00
              99% <= 985.00
            99.9% <= 1000.00
sub-status-rtt-nodeA
             count = 4611
               min = 9
               max = 96
              mean = 36.70
            stddev = 11.06
            median = 33.00
              75% <= 34.00
              95% <= 66.00
              98% <= 67.00
              99% <= 67.00
            99.9% <= 96.00
sub-status-rtt-nodeC
             count = 4605
               min = 16
               max = 100
              mean = 36.85
            stddev = 11.17
            median = 33.00
              75% <= 34.00
              95% <= 67.00
              98% <= 67.00
              99% <= 67.00
            99.9% <= 100.00
sub-status-rtt-nodeD
             count = 4614
               min = 1
               max = 84
              mean = 36.65
            stddev = 10.50
            median = 33.00
              75% <= 34.00
              95% <= 66.00
              98% <= 67.00
              99% <= 67.00
            99.9% <= 83.00

-- Meters ----------------------------------------------------------------------
pub-interest-rate-nodeB-blocks-sync
             count = 332
         mean rate = 1.96 events/second
     1-minute rate = 2.08 events/second
     5-minute rate = 1.31 events/second
    15-minute rate = 1.00 events/second
pub-interest-rate-nodeB-projectiles-sync
             count = 226
         mean rate = 1.34 events/second
     1-minute rate = 1.36 events/second
     5-minute rate = 1.37 events/second
    15-minute rate = 1.39 events/second
pub-interest-rate-nodeB-status-sync
             count = 4672
         mean rate = 27.63 events/second
     1-minute rate = 27.62 events/second
     5-minute rate = 28.87 events/second
    15-minute rate = 29.44 events/second


 WARN [bp-queue-proc-/com/stefanolupo/ndngame/0/nodeB/blocks/sync-1] (BasePublisher.java:98) - /com/stefanolupo/ndngame/0/nodeB/blocks/sync: Saw duplicate sn requests
 WARN [bp-queue-proc-/com/stefanolupo/ndngame/0/nodeB/blocks/sync-1] (BasePublisher.java:99) - [30=30, 42=11, 0=2, 33=2, 39=36, 34=6, 38=34, 17=52, 13=11, 35=5, 12=11, 14=2, 36=10, 37=42, 18=2, 16=4, 28=9, 19=4, 20=3, 41=17, 27=2, 29=36]
 WARN [bp-queue-proc-/com/stefanolupo/ndngame/0/nodeB/status/sync-1] (BasePublisher.java:98) - /com/stefanolupo/ndngame/0/nodeB/status/sync: Saw duplicate sn requests
 WARN [bp-queue-proc-/com/stefanolupo/ndngame/0/nodeB/status/sync-1] (BasePublisher.java:99) - [6067=2, 0=3, 6529=2, 6406=2, 2164=2, 5002=2, 6346=2, 5035=2, 2590=2, 5214=2, 3823=2]
DEBUG [HeadlessApplication] (ProjectileCollisionSystem.java:108) - Bullet hit me, notifying owner and decreasing my health
