DEBUG [main] (ConfigManager.java:33) - Initialized with properties: {local.player.status.updates.per.sec=30, facemanager.num.sub.threads.per.face=10, linear.interest.zone.filter.inner.radius=100, projectile.cache.size=20, local.player.status.use.dead.reckoning=false, block.publisher.freshness.period.ms=20, player.status.publisher.freshness.period.ms=20, base.publisher.queue.process.per.sec=60, projectile.sub.inter.interest.max.wait.time.ms=30, linear.interest.zone.filter.outer.radius=200, local.player.dead.reckoning.max.error=1, projectile.publisher.queue.process.multithread=true, statistics.logger.log.rate.sec=30, facemanager.max.num.pub.faces=1, facemanager.num.pub.threads.per.face=10, facemanager.max.num.sub.faces=1, block.sub.inter.interest.max.wait.time.ms=2000, projectile.publisher.queue.process.per.sec=60, base.publisher.queue.process.multithread=true, player.sub.inter.interest.max.wait.time.ms=30, linear.interest.zone.filter.enabled=false, projectile.publisher.freshness.period.ms=20}
WARNING: An illegal reflective access operation has occurred
WARNING: Illegal reflective access by com.google.inject.internal.cglib.core.$ReflectUtils$2 (file:/NdnGame/NdnGameLibGdxDesktop-1.0-SNAPSHOT.jar) to method java.lang.ClassLoader.defineClass(java.lang.String,byte[],int,int,java.security.ProtectionDomain)
WARNING: Please consider reporting this to the maintainers of com.google.inject.internal.cglib.core.$ReflectUtils$2
WARNING: Use --illegal-access=warn to enable warnings of further illegal reflective access operations
WARNING: All illegal access operations will be denied in a future release
DEBUG [main] (BackendModule.java:123) - Writing metrics to /metrics/nodeB
 INFO [main] (DesktopLauncher.java:49) - Launching headless game
 INFO [main] (DesktopLauncher.java:50) - LocalConfig{playerName='nodeB', isMasterView=false, isAutomated=true, automationType='wsp', isHeadless=true, gameId=0, screenWidth=600, screenHeight=600, targetFrameRate=60}
DEBUG [main] (AutomatedInputController.java:52) - Starting with automation type: wsp
DEBUG [main] (BasePublisher.java:67) - Registering /com/stefanolupo/ndngame/0/nodeB/blocks/sync
DEBUG [main] (BasePublisher.java:67) - Registering /com/stefanolupo/ndngame/0/nodeB/status/sync
Mar 20, 2019 1:56:26 AM net.named_data.jndn.Node$RegisterResponse onData
INFO: Register prefix succeeded with the NFD forwarder for prefix /com/stefanolupo/ndngame/0/nodeB/status/sync
Mar 20, 2019 1:56:26 AM net.named_data.jndn.Node$RegisterResponse onData
INFO: Register prefix succeeded with the NFD forwarder for prefix /com/stefanolupo/ndngame/0/nodeB/projectiles/interact
Mar 20, 2019 1:56:26 AM net.named_data.jndn.Node$RegisterResponse onData
INFO: Register prefix failed: Expected NFD status code 200, got: 403
 WARN [fm-pub-0-2] (FaceManager.java:150) - Failed to register prefix: /com/stefanolupo/ndngame/0/nodeB/projectiles/sync, retrying..
Mar 20, 2019 1:56:26 AM net.named_data.jndn.Node$RegisterResponse onData
INFO: Register prefix failed: Expected NFD status code 200, got: 403
 WARN [fm-pub-0-6] (FaceManager.java:150) - Failed to register prefix: /com/stefanolupo/ndngame/0/nodeB/blocks/sync, retrying..
Mar 20, 2019 1:56:26 AM net.named_data.jndn.Node$RegisterResponse onData
INFO: Register prefix failed: Expected NFD status code 200, got: 403
 WARN [fm-pub-0-3] (FaceManager.java:150) - Failed to register prefix: /com/stefanolupo/ndngame/0/nodeB/blocks/interact, retrying..
Mar 20, 2019 1:56:26 AM net.named_data.jndn.Node$RegisterResponse onData
INFO: Register prefix succeeded with the NFD forwarder for prefix /com/stefanolupo/ndngame/0/nodeB/projectiles/sync
Mar 20, 2019 1:56:26 AM net.named_data.jndn.Node$RegisterResponse onData
INFO: Register prefix succeeded with the NFD forwarder for prefix /com/stefanolupo/ndngame/0/nodeB/blocks/sync
Mar 20, 2019 1:56:26 AM net.named_data.jndn.Node$RegisterResponse onData
INFO: Register prefix succeeded with the NFD forwarder for prefix /com/stefanolupo/ndngame/0/nodeB/blocks/interact
Mar 20, 2019 1:56:30 AM net.named_data.jndn.Node$RegisterResponse onData
INFO: Register prefix succeeded with the NFD forwarder for prefix /com/stefanolupo/ndngame/0/config/broadcast
Mar 20, 2019 1:56:30 AM net.named_data.jndn.Node$RegisterResponse onData
INFO: Register prefix succeeded with the NFD forwarder for prefix /com/stefanolupo/ndngame/0/config/nodeB
 INFO [cs-/com/stefanolupo/ndngame/0/config/nodeB-0] (ChronoSynced.java:93) - Initialized ChronoSyncedMap for /com/stefanolupo/ndngame/0/config/nodeB
Mar 20, 2019 1:56:30 AM net.named_data.jndn.Node$RegisterResponse onData
INFO: Register prefix succeeded with the NFD forwarder for prefix /com/stefanolupo/ndngame/0/discovery/broadcast
Mar 20, 2019 1:56:30 AM net.named_data.jndn.Node$RegisterResponse onData
INFO: Register prefix succeeded with the NFD forwarder for prefix /com/stefanolupo/ndngame/0/discovery/nodeB
 INFO [cs-/com/stefanolupo/ndngame/0/discovery/nodeB-0] (ChronoSynced.java:93) - Initialized ChronoSyncedMap for /com/stefanolupo/ndngame/0/discovery/nodeB
DEBUG [bp-queue-proc-/com/stefanolupo/ndngame/0/nodeB/blocks/sync-1] (BasePublisher.java:96) - /com/stefanolupo/ndngame/0/nodeB/blocks/sync: No duplicate SN requests seen
DEBUG [bp-queue-proc-/com/stefanolupo/ndngame/0/nodeB/status/sync-1] (BasePublisher.java:96) - /com/stefanolupo/ndngame/0/nodeB/status/sync: No duplicate SN requests seen
3/20/19, 1:56:55 AM ============================================================

-- Gauges ----------------------------------------------------------------------
pub-update-percentage-nodeB-blocks-sync
             value = 0.0
pub-update-percentage-nodeB-status-sync
             value = 0.49634214969048956


DEBUG [bp-queue-proc-/com/stefanolupo/ndngame/0/nodeB/blocks/sync-1] (BasePublisher.java:96) - /com/stefanolupo/ndngame/0/nodeB/blocks/sync: No duplicate SN requests seen
DEBUG [bp-queue-proc-/com/stefanolupo/ndngame/0/nodeB/status/sync-1] (BasePublisher.java:96) - /com/stefanolupo/ndngame/0/nodeB/status/sync: No duplicate SN requests seen
3/20/19, 1:57:25 AM ============================================================

-- Gauges ----------------------------------------------------------------------
pub-update-percentage-nodeB-blocks-sync
             value = 0.0011173184357541898
pub-update-percentage-nodeB-status-sync
             value = 0.49790327089740005


DEBUG [bp-queue-proc-/com/stefanolupo/ndngame/0/nodeB/blocks/sync-1] (BasePublisher.java:96) - /com/stefanolupo/ndngame/0/nodeB/blocks/sync: No duplicate SN requests seen
DEBUG [bp-queue-proc-/com/stefanolupo/ndngame/0/nodeB/status/sync-1] (BasePublisher.java:96) - /com/stefanolupo/ndngame/0/nodeB/status/sync: No duplicate SN requests seen
 INFO [fm-pub-0-7] (ProjectilePublisher.java:133) - Creating interest meter
 INFO [cs-/com/stefanolupo/ndngame/0/discovery/nodeB-0] (PlayerStatusSubscriber.java:59) - Adding subscription for nodeA
 INFO [cs-/com/stefanolupo/ndngame/0/discovery/nodeB-0] (BlockSubscriber.java:54) - Adding subscription for /com/stefanolupo/ndngame/0/nodeA/blocks/sync/0/0/0
 INFO [cs-/com/stefanolupo/ndngame/0/discovery/nodeB-0] (ProjectileSubscriber.java:53) - Adding subscription for /com/stefanolupo/ndngame/0/nodeA/projectiles/sync/0/0/0
 INFO [cs-/com/stefanolupo/ndngame/0/discovery/nodeB-0] (PlayerStatusSubscriber.java:59) - Adding subscription for nodeD
 INFO [cs-/com/stefanolupo/ndngame/0/discovery/nodeB-0] (BlockSubscriber.java:54) - Adding subscription for /com/stefanolupo/ndngame/0/nodeD/blocks/sync/0/0/0
 INFO [cs-/com/stefanolupo/ndngame/0/discovery/nodeB-0] (ProjectileSubscriber.java:53) - Adding subscription for /com/stefanolupo/ndngame/0/nodeD/projectiles/sync/0/0/0
 INFO [cs-/com/stefanolupo/ndngame/0/discovery/nodeB-0] (PlayerStatusSubscriber.java:59) - Adding subscription for nodeC
 INFO [cs-/com/stefanolupo/ndngame/0/discovery/nodeB-0] (BlockSubscriber.java:54) - Adding subscription for /com/stefanolupo/ndngame/0/nodeC/blocks/sync/0/0/0
 INFO [cs-/com/stefanolupo/ndngame/0/discovery/nodeB-0] (ProjectileSubscriber.java:53) - Adding subscription for /com/stefanolupo/ndngame/0/nodeC/projectiles/sync/0/0/0
DEBUG [bp-queue-proc-/com/stefanolupo/ndngame/0/nodeB/status/sync-0] (BasePublisher.java:156) - Had Update but /com/stefanolupo/ndngame/0/nodeB/status/sync/2128/0/0 already had sn 2128
 WARN [cs-/com/stefanolupo/ndngame/0/discovery/nodeB-0] (ChronoSynced.java:118) - Timeout for interest: /com/stefanolupo/ndngame/0/discovery/nodeB/1?ndn.MustBeFresh=1&ndn.Nonce=k%0A%FA%E4
 WARN [cs-/com/stefanolupo/ndngame/0/discovery/nodeB-0] (ChronoSynced.java:118) - Timeout for interest: /com/stefanolupo/ndngame/0/discovery/nodeB/1?ndn.MustBeFresh=1&ndn.Nonce=%17%D0%F7%8B
 WARN [cs-/com/stefanolupo/ndngame/0/discovery/nodeB-0] (ChronoSynced.java:118) - Timeout for interest: /com/stefanolupo/ndngame/0/discovery/nodeB/1?ndn.MustBeFresh=1&ndn.Nonce=%2F%89%DE%97
 WARN [cs-/com/stefanolupo/ndngame/0/discovery/nodeB-0] (ChronoSynced.java:118) - Timeout for interest: /com/stefanolupo/ndngame/0/discovery/nodeB/1?ndn.MustBeFresh=1&ndn.Nonce=b%A6Q%13
 WARN [bp-queue-proc-/com/stefanolupo/ndngame/0/nodeB/blocks/sync-1] (BasePublisher.java:98) - /com/stefanolupo/ndngame/0/nodeB/blocks/sync: Saw duplicate sn requests
 WARN [bp-queue-proc-/com/stefanolupo/ndngame/0/nodeB/blocks/sync-1] (BasePublisher.java:99) - [0=2, 7=4, 6=2, 9=3]
 WARN [bp-queue-proc-/com/stefanolupo/ndngame/0/nodeB/status/sync-1] (BasePublisher.java:98) - /com/stefanolupo/ndngame/0/nodeB/status/sync: Saw duplicate sn requests
 WARN [bp-queue-proc-/com/stefanolupo/ndngame/0/nodeB/status/sync-1] (BasePublisher.java:99) - [0=2, 2263=2, 2217=2]
3/20/19, 1:57:55 AM ============================================================

-- Gauges ----------------------------------------------------------------------
pub-update-percentage-nodeB-blocks-sync
             value = 0.0027881040892193307
pub-update-percentage-nodeB-status-sync
             value = 0.49748930630463084

-- Counters --------------------------------------------------------------------
sub-blocks-interestscounter-nodeA
             count = 15
sub-blocks-interestscounter-nodeC
             count = 17
sub-blocks-interestscounter-nodeD
             count = 14
sub-projectiles-interestscounter-nodeA
             count = 23
sub-projectiles-interestscounter-nodeC
             count = 24
sub-projectiles-interestscounter-nodeD
             count = 24
sub-status-interestscounter-nodeA
             count = 532
sub-status-interestscounter-nodeC
             count = 526
sub-status-interestscounter-nodeD
             count = 528

-- Histograms ------------------------------------------------------------------
eng-status-delta-nodeA
             count = 526
               min = 0
               max = 131
              mean = 3.79
            stddev = 14.03
            median = 0.00
              75% <= 0.00
              95% <= 22.00
              98% <= 40.00
              99% <= 100.00
            99.9% <= 131.00
eng-status-delta-nodeC
             count = 520
               min = 0
               max = 138
              mean = 4.19
            stddev = 14.07
            median = 0.00
              75% <= 0.00
              95% <= 25.00
              98% <= 44.00
              99% <= 82.00
            99.9% <= 138.00
eng-status-delta-nodeD
             count = 523
               min = 0
               max = 111
              mean = 4.11
            stddev = 12.35
            median = 0.00
              75% <= 0.00
              95% <= 31.00
              98% <= 44.00
              99% <= 63.00
            99.9% <= 111.00
sub-blocks-rtt-nodeA
             count = 4
               min = 46
               max = 762
              mean = 478.15
            stddev = 296.08
            median = 732.00
              75% <= 762.00
              95% <= 762.00
              98% <= 762.00
              99% <= 762.00
            99.9% <= 762.00
sub-blocks-rtt-nodeC
             count = 2
               min = 75
               max = 84
              mean = 79.60
            stddev = 4.50
            median = 84.00
              75% <= 84.00
              95% <= 84.00
              98% <= 84.00
              99% <= 84.00
            99.9% <= 84.00
sub-blocks-rtt-nodeD
             count = 5
               min = 20
               max = 617
              mean = 254.09
            stddev = 197.97
            median = 225.00
              75% <= 261.00
              95% <= 617.00
              98% <= 617.00
              99% <= 617.00
            99.9% <= 617.00
sub-projectiles-rtt-nodeA
             count = 12
               min = 20
               max = 999
              mean = 656.10
            stddev = 239.68
            median = 667.00
              75% <= 803.00
              95% <= 999.00
              98% <= 999.00
              99% <= 999.00
            99.9% <= 999.00
sub-projectiles-rtt-nodeC
             count = 12
               min = 16
               max = 998
              mean = 564.74
            stddev = 289.79
            median = 601.00
              75% <= 680.00
              95% <= 998.00
              98% <= 998.00
              99% <= 998.00
            99.9% <= 998.00
sub-projectiles-rtt-nodeD
             count = 12
               min = 20
               max = 997
              mean = 576.81
            stddev = 298.05
            median = 600.00
              75% <= 786.00
              95% <= 997.00
              98% <= 997.00
              99% <= 997.00
            99.9% <= 997.00
sub-status-rtt-nodeA
             count = 531
               min = 6
               max = 110
              mean = 35.26
            stddev = 10.22
            median = 33.00
              75% <= 34.00
              95% <= 56.00
              98% <= 67.00
              99% <= 67.00
            99.9% <= 110.00
sub-status-rtt-nodeC
             count = 526
               min = 4
               max = 95
              mean = 35.55
            stddev = 11.30
            median = 33.00
              75% <= 34.00
              95% <= 66.00
              98% <= 67.00
              99% <= 74.00
            99.9% <= 95.00
sub-status-rtt-nodeD
             count = 528
               min = 7
               max = 72
              mean = 35.47
            stddev = 10.75
            median = 33.00
              75% <= 34.00
              95% <= 64.00
              98% <= 67.00
              99% <= 67.00
            99.9% <= 72.00

-- Meters ----------------------------------------------------------------------
pub-interest-rate-nodeB-blocks-sync
             count = 24
         mean rate = 1.28 events/second
     1-minute rate = 1.22 events/second
     5-minute rate = 1.20 events/second
    15-minute rate = 1.20 events/second
pub-interest-rate-nodeB-projectiles-sync
             count = 27
         mean rate = 1.43 events/second
     1-minute rate = 1.58 events/second
     5-minute rate = 1.60 events/second
    15-minute rate = 1.60 events/second
pub-interest-rate-nodeB-status-sync
             count = 530
         mean rate = 28.16 events/second
     1-minute rate = 28.51 events/second
     5-minute rate = 28.58 events/second
    15-minute rate = 28.59 events/second


 WARN [bp-queue-proc-/com/stefanolupo/ndngame/0/nodeB/blocks/sync-1] (BasePublisher.java:98) - /com/stefanolupo/ndngame/0/nodeB/blocks/sync: Saw duplicate sn requests
 WARN [bp-queue-proc-/com/stefanolupo/ndngame/0/nodeB/blocks/sync-1] (BasePublisher.java:99) - [0=2, 16=2, 7=4, 13=14, 6=2, 18=4, 10=2, 14=7, 9=3]
 WARN [bp-queue-proc-/com/stefanolupo/ndngame/0/nodeB/status/sync-1] (BasePublisher.java:98) - /com/stefanolupo/ndngame/0/nodeB/status/sync: Saw duplicate sn requests
 WARN [bp-queue-proc-/com/stefanolupo/ndngame/0/nodeB/status/sync-1] (BasePublisher.java:99) - [0=2, 2263=2, 2217=2]
DEBUG [HeadlessApplication] (ProjectileCollisionSystem.java:108) - Bullet hit me, notifying owner and decreasing my health
DEBUG [HeadlessApplication] (ProjectileCollisionSystem.java:108) - Bullet hit me, notifying owner and decreasing my health
3/20/19, 1:58:25 AM ============================================================

-- Gauges ----------------------------------------------------------------------
pub-update-percentage-nodeB-blocks-sync
             value = 0.003064066852367688
pub-update-percentage-nodeB-status-sync
             value = 0.49797965723840043

-- Counters --------------------------------------------------------------------
sub-blocks-interestscounter-nodeA
             count = 45
sub-blocks-interestscounter-nodeC
             count = 45
sub-blocks-interestscounter-nodeD
             count = 44
sub-projectiles-interestscounter-nodeA
             count = 63
sub-projectiles-interestscounter-nodeC
             count = 64
sub-projectiles-interestscounter-nodeD
             count = 63
sub-status-interestscounter-nodeA
             count = 1354
sub-status-interestscounter-nodeC
             count = 1356
sub-status-interestscounter-nodeD
             count = 1356

-- Histograms ------------------------------------------------------------------
eng-status-delta-nodeA
             count = 1348
               min = 0
               max = 208
              mean = 3.55
            stddev = 12.81
            median = 0.00
              75% <= 0.00
              95% <= 22.00
              98% <= 31.00
              99% <= 40.00
            99.9% <= 131.00
eng-status-delta-nodeC
             count = 1348
               min = 0
               max = 122
              mean = 6.49
            stddev = 16.04
            median = 0.00
              75% <= 0.00
              95% <= 40.00
              98% <= 57.00
              99% <= 82.00
            99.9% <= 110.00
eng-status-delta-nodeD
             count = 1350
               min = 0
               max = 278
              mean = 23.19
            stddev = 43.78
            median = 0.00
              75% <= 28.00
              95% <= 122.00
              98% <= 200.00
              99% <= 237.00
            99.9% <= 278.00
sub-blocks-rtt-nodeA
             count = 4
               min = 46
               max = 762
              mean = 478.15
            stddev = 296.08
            median = 732.00
              75% <= 762.00
              95% <= 762.00
              98% <= 762.00
              99% <= 762.00
            99.9% <= 762.00
sub-blocks-rtt-nodeC
             count = 4
               min = 75
               max = 808
              mean = 460.10
            stddev = 314.72
            median = 512.00
              75% <= 808.00
              95% <= 808.00
              98% <= 808.00
              99% <= 808.00
            99.9% <= 808.00
sub-blocks-rtt-nodeD
             count = 5
               min = 20
               max = 617
              mean = 254.09
            stddev = 197.97
            median = 225.00
              75% <= 261.00
              95% <= 617.00
              98% <= 617.00
              99% <= 617.00
            99.9% <= 617.00
sub-projectiles-rtt-nodeA
             count = 27
               min = 8
               max = 999
              mean = 479.65
            stddev = 282.89
            median = 516.00
              75% <= 681.00
              95% <= 947.00
              98% <= 999.00
              99% <= 999.00
            99.9% <= 999.00
sub-projectiles-rtt-nodeC
             count = 27
               min = 16
               max = 998
              mean = 444.27
            stddev = 282.21
            median = 503.00
              75% <= 680.00
              95% <= 950.00
              98% <= 998.00
              99% <= 998.00
            99.9% <= 998.00
sub-projectiles-rtt-nodeD
             count = 27
               min = 15
               max = 1000
              mean = 495.38
            stddev = 322.22
            median = 518.00
              75% <= 784.00
              95% <= 1000.00
              98% <= 1000.00
              99% <= 1000.00
            99.9% <= 1000.00
sub-status-rtt-nodeA
             count = 1353
               min = 6
               max = 110
              mean = 36.28
            stddev = 10.49
            median = 33.00
              75% <= 34.00
              95% <= 66.00
              98% <= 67.00
              99% <= 67.00
            99.9% <= 90.00
sub-status-rtt-nodeC
             count = 1356
               min = 6
               max = 95
              mean = 35.91
            stddev = 10.74
            median = 33.00
              75% <= 34.00
              95% <= 66.00
              98% <= 67.00
              99% <= 67.00
            99.9% <= 90.00
sub-status-rtt-nodeD
             count = 1356
               min = 2
               max = 91
              mean = 36.04
            stddev = 11.80
            median = 33.00
              75% <= 34.00
              95% <= 67.00
              98% <= 67.00
              99% <= 68.00
            99.9% <= 91.00

-- Meters ----------------------------------------------------------------------
pub-interest-rate-nodeB-blocks-sync
             count = 71
         mean rate = 1.45 events/second
     1-minute rate = 1.35 events/second
     5-minute rate = 1.24 events/second
    15-minute rate = 1.21 events/second
pub-interest-rate-nodeB-projectiles-sync
             count = 64
         mean rate = 1.31 events/second
     1-minute rate = 1.44 events/second
     5-minute rate = 1.56 events/second
    15-minute rate = 1.59 events/second
pub-interest-rate-nodeB-status-sync
             count = 1371
         mean rate = 28.08 events/second
     1-minute rate = 28.28 events/second
     5-minute rate = 28.52 events/second
    15-minute rate = 28.57 events/second


 WARN [bp-queue-proc-/com/stefanolupo/ndngame/0/nodeB/blocks/sync-1] (BasePublisher.java:98) - /com/stefanolupo/ndngame/0/nodeB/blocks/sync: Saw duplicate sn requests
 WARN [bp-queue-proc-/com/stefanolupo/ndngame/0/nodeB/blocks/sync-1] (BasePublisher.java:99) - [0=2, 16=2, 7=4, 13=14, 6=2, 21=16, 18=5, 10=2, 14=7, 9=3, 20=14]
 WARN [bp-queue-proc-/com/stefanolupo/ndngame/0/nodeB/status/sync-1] (BasePublisher.java:98) - /com/stefanolupo/ndngame/0/nodeB/status/sync: Saw duplicate sn requests
 WARN [bp-queue-proc-/com/stefanolupo/ndngame/0/nodeB/status/sync-1] (BasePublisher.java:99) - [0=2, 2263=2, 3274=2, 3499=2, 2217=2]
DEBUG [HeadlessApplication] (ProjectileCollisionSystem.java:108) - Bullet hit me, notifying owner and decreasing my health
 WARN [bp-queue-proc-/com/stefanolupo/ndngame/0/nodeB/blocks/sync-1] (BasePublisher.java:98) - /com/stefanolupo/ndngame/0/nodeB/blocks/sync: Saw duplicate sn requests
 WARN [bp-queue-proc-/com/stefanolupo/ndngame/0/nodeB/blocks/sync-1] (BasePublisher.java:99) - [0=2, 7=4, 13=14, 6=2, 21=18, 10=2, 14=7, 9=3, 16=2, 18=5, 20=14, 23=11, 24=6, 22=9]
 WARN [bp-queue-proc-/com/stefanolupo/ndngame/0/nodeB/status/sync-1] (BasePublisher.java:98) - /com/stefanolupo/ndngame/0/nodeB/status/sync: Saw duplicate sn requests
 WARN [bp-queue-proc-/com/stefanolupo/ndngame/0/nodeB/status/sync-1] (BasePublisher.java:99) - [0=2, 3809=2, 2263=2, 4101=2, 3274=2, 3499=2, 3787=2, 2217=2]
DEBUG [HeadlessApplication] (ProjectileCollisionSystem.java:108) - Bullet hit me, notifying owner and decreasing my health
3/20/19, 1:58:55 AM ============================================================

-- Gauges ----------------------------------------------------------------------
pub-update-percentage-nodeB-blocks-sync
             value = 0.0028953229398663697
pub-update-percentage-nodeB-status-sync
             value = 0.49821786589440853

-- Counters --------------------------------------------------------------------
sub-blocks-interestscounter-nodeA
             count = 74
sub-blocks-interestscounter-nodeC
             count = 73
sub-blocks-interestscounter-nodeD
             count = 74
sub-projectiles-interestscounter-nodeA
             count = 102
sub-projectiles-interestscounter-nodeC
             count = 102
sub-projectiles-interestscounter-nodeD
             count = 100
sub-status-interestscounter-nodeA
             count = 2153
sub-status-interestscounter-nodeC
             count = 2196
sub-status-interestscounter-nodeD
             count = 2200

-- Histograms ------------------------------------------------------------------
eng-status-delta-nodeA
             count = 2148
               min = 0
               max = 122
              mean = 3.01
            stddev = 10.11
            median = 0.00
              75% <= 0.00
              95% <= 22.00
              98% <= 31.00
              99% <= 44.00
            99.9% <= 122.00
eng-status-delta-nodeC
             count = 2187
               min = 0
               max = 112
              mean = 5.34
            stddev = 12.77
            median = 0.00
              75% <= 0.00
              95% <= 31.00
              98% <= 44.00
              99% <= 54.00
            99.9% <= 112.00
eng-status-delta-nodeD
             count = 2192
               min = 0
               max = 271
              mean = 12.41
            stddev = 32.15
            median = 0.00
              75% <= 11.00
              95% <= 63.00
              98% <= 122.00
              99% <= 178.00
            99.9% <= 256.00
sub-blocks-rtt-nodeA
             count = 5
               min = 16
               max = 762
              mean = 313.95
            stddev = 324.72
            median = 46.00
              75% <= 732.00
              95% <= 762.00
              98% <= 762.00
              99% <= 762.00
            99.9% <= 762.00
sub-blocks-rtt-nodeC
             count = 6
               min = 75
               max = 808
              mean = 538.20
            stddev = 255.25
            median = 553.00
              75% <= 722.00
              95% <= 808.00
              98% <= 808.00
              99% <= 808.00
            99.9% <= 808.00
sub-blocks-rtt-nodeD
             count = 5
               min = 20
               max = 617
              mean = 254.09
            stddev = 197.97
            median = 225.00
              75% <= 261.00
              95% <= 617.00
              98% <= 617.00
              99% <= 617.00
            99.9% <= 617.00
sub-projectiles-rtt-nodeA
             count = 41
               min = 6
               max = 999
              mean = 429.97
            stddev = 283.53
            median = 515.00
              75% <= 600.00
              95% <= 803.00
              98% <= 947.00
              99% <= 999.00
            99.9% <= 999.00
sub-projectiles-rtt-nodeC
             count = 42
               min = 16
               max = 999
              mean = 460.95
            stddev = 270.27
            median = 517.00
              75% <= 616.00
              95% <= 998.00
              98% <= 999.00
              99% <= 999.00
            99.9% <= 999.00
sub-projectiles-rtt-nodeD
             count = 42
               min = 15
               max = 1000
              mean = 526.88
            stddev = 289.99
            median = 533.00
              75% <= 784.00
              95% <= 999.00
              98% <= 1000.00
              99% <= 1000.00
            99.9% <= 1000.00
sub-status-rtt-nodeA
             count = 2152
               min = 6
               max = 114
              mean = 36.83
            stddev = 11.18
            median = 33.00
              75% <= 34.00
              95% <= 66.00
              98% <= 67.00
              99% <= 67.00
            99.9% <= 114.00
sub-status-rtt-nodeC
             count = 2196
               min = 6
               max = 84
              mean = 35.67
            stddev = 9.58
            median = 33.00
              75% <= 34.00
              95% <= 66.00
              98% <= 67.00
              99% <= 67.00
            99.9% <= 83.00
sub-status-rtt-nodeD
             count = 2200
               min = 2
               max = 84
              mean = 35.72
            stddev = 11.20
            median = 33.00
              75% <= 34.00
              95% <= 66.00
              98% <= 67.00
              99% <= 68.00
            99.9% <= 84.00

-- Meters ----------------------------------------------------------------------
pub-interest-rate-nodeB-blocks-sync
             count = 113
         mean rate = 1.43 events/second
     1-minute rate = 1.37 events/second
     5-minute rate = 1.25 events/second
    15-minute rate = 1.22 events/second
pub-interest-rate-nodeB-projectiles-sync
             count = 101
         mean rate = 1.28 events/second
     1-minute rate = 1.33 events/second
     5-minute rate = 1.52 events/second
    15-minute rate = 1.57 events/second
pub-interest-rate-nodeB-status-sync
             count = 2222
         mean rate = 28.19 events/second
     1-minute rate = 28.34 events/second
     5-minute rate = 28.51 events/second
    15-minute rate = 28.57 events/second


DEBUG [HeadlessApplication] (ProjectileCollisionSystem.java:108) - Bullet hit me, notifying owner and decreasing my health
 WARN [bp-queue-proc-/com/stefanolupo/ndngame/0/nodeB/blocks/sync-1] (BasePublisher.java:98) - /com/stefanolupo/ndngame/0/nodeB/blocks/sync: Saw duplicate sn requests
 WARN [bp-queue-proc-/com/stefanolupo/ndngame/0/nodeB/blocks/sync-1] (BasePublisher.java:99) - [0=2, 7=4, 13=14, 6=2, 21=18, 10=2, 14=7, 9=3, 24=21, 16=2, 25=13, 18=5, 23=14, 20=14, 22=9]
 WARN [bp-queue-proc-/com/stefanolupo/ndngame/0/nodeB/status/sync-1] (BasePublisher.java:98) - /com/stefanolupo/ndngame/0/nodeB/status/sync: Saw duplicate sn requests
 WARN [bp-queue-proc-/com/stefanolupo/ndngame/0/nodeB/status/sync-1] (BasePublisher.java:99) - [0=2, 3809=2, 2263=2, 4101=2, 3274=2, 3499=2, 3787=2, 2217=2]
DEBUG [HeadlessApplication] (ProjectileCollisionSystem.java:108) - Bullet hit me, notifying owner and decreasing my health
DEBUG [HeadlessApplication] (ProjectileCollisionSystem.java:108) - Bullet hit me, notifying owner and decreasing my health
3/20/19, 1:59:25 AM ============================================================

-- Gauges ----------------------------------------------------------------------
pub-update-percentage-nodeB-blocks-sync
             value = 0.00287569573283859
pub-update-percentage-nodeB-status-sync
             value = 0.49851549452588606

-- Counters --------------------------------------------------------------------
sub-blocks-interestscounter-nodeA
             count = 101
sub-blocks-interestscounter-nodeC
             count = 102
sub-blocks-interestscounter-nodeD
             count = 104
sub-projectiles-interestscounter-nodeA
             count = 142
sub-projectiles-interestscounter-nodeC
             count = 143
sub-projectiles-interestscounter-nodeD
             count = 138
sub-status-interestscounter-nodeA
             count = 2973
sub-status-interestscounter-nodeC
             count = 3009
sub-status-interestscounter-nodeD
             count = 3038

-- Histograms ------------------------------------------------------------------
eng-status-delta-nodeA
             count = 2964
               min = 0
               max = 126
              mean = 3.07
            stddev = 11.35
            median = 0.00
              75% <= 0.00
              95% <= 22.00
              98% <= 40.00
              99% <= 47.00
            99.9% <= 126.00
eng-status-delta-nodeC
             count = 2995
               min = 0
               max = 122
              mean = 5.35
            stddev = 14.08
            median = 0.00
              75% <= 0.00
              95% <= 31.00
              98% <= 44.00
              99% <= 71.00
            99.9% <= 122.00
eng-status-delta-nodeD
             count = 3026
               min = 0
               max = 256
              mean = 7.60
            stddev = 23.81
            median = 0.00
              75% <= 0.00
              95% <= 37.00
              98% <= 77.00
              99% <= 122.00
            99.9% <= 251.00
sub-blocks-rtt-nodeA
             count = 8
               min = 16
               max = 825
              mean = 361.43
            stddev = 306.20
            median = 221.00
              75% <= 762.00
              95% <= 825.00
              98% <= 825.00
              99% <= 825.00
            99.9% <= 825.00
sub-blocks-rtt-nodeC
             count = 7
               min = 75
               max = 808
              mean = 573.78
            stddev = 222.63
            median = 662.00
              75% <= 722.00
              95% <= 808.00
              98% <= 808.00
              99% <= 808.00
            99.9% <= 808.00
sub-blocks-rtt-nodeD
             count = 5
               min = 20
               max = 617
              mean = 254.09
            stddev = 197.97
            median = 225.00
              75% <= 261.00
              95% <= 617.00
              98% <= 617.00
              99% <= 617.00
            99.9% <= 617.00
sub-projectiles-rtt-nodeA
             count = 58
               min = 6
               max = 999
              mean = 409.43
            stddev = 272.21
            median = 515.00
              75% <= 600.00
              95% <= 800.00
              98% <= 816.00
              99% <= 947.00
            99.9% <= 999.00
sub-projectiles-rtt-nodeC
             count = 58
               min = 9
               max = 999
              mean = 395.17
            stddev = 288.79
            median = 503.00
              75% <= 579.00
              95% <= 854.00
              98% <= 998.00
              99% <= 999.00
            99.9% <= 999.00
sub-projectiles-rtt-nodeD
             count = 58
               min = 15
               max = 1000
              mean = 499.88
            stddev = 267.65
            median = 533.00
              75% <= 681.00
              95% <= 997.00
              98% <= 1000.00
              99% <= 1000.00
            99.9% <= 1000.00
sub-status-rtt-nodeA
             count = 2972
               min = 6
               max = 124
              mean = 36.18
            stddev = 11.99
            median = 33.00
              75% <= 34.00
              95% <= 67.00
              98% <= 67.00
              99% <= 70.00
            99.9% <= 124.00
sub-status-rtt-nodeC
             count = 3008
               min = 6
               max = 106
              mean = 36.81
            stddev = 11.54
            median = 33.00
              75% <= 34.00
              95% <= 67.00
              98% <= 67.00
              99% <= 71.00
            99.9% <= 106.00
sub-status-rtt-nodeD
             count = 3037
               min = 4
               max = 84
              mean = 35.60
            stddev = 10.66
            median = 33.00
              75% <= 34.00
              95% <= 66.00
              98% <= 67.00
              99% <= 67.00
            99.9% <= 84.00

-- Meters ----------------------------------------------------------------------
pub-interest-rate-nodeB-blocks-sync
             count = 164
         mean rate = 1.51 events/second
     1-minute rate = 1.48 events/second
     5-minute rate = 1.29 events/second
    15-minute rate = 1.23 events/second
pub-interest-rate-nodeB-projectiles-sync
             count = 140
         mean rate = 1.29 events/second
     1-minute rate = 1.30 events/second
     5-minute rate = 1.50 events/second
    15-minute rate = 1.56 events/second
pub-interest-rate-nodeB-status-sync
             count = 3066
         mean rate = 28.18 events/second
     1-minute rate = 28.30 events/second
     5-minute rate = 28.48 events/second
    15-minute rate = 28.56 events/second


 WARN [bp-queue-proc-/com/stefanolupo/ndngame/0/nodeB/blocks/sync-1] (BasePublisher.java:98) - /com/stefanolupo/ndngame/0/nodeB/blocks/sync: Saw duplicate sn requests
 WARN [bp-queue-proc-/com/stefanolupo/ndngame/0/nodeB/blocks/sync-1] (BasePublisher.java:99) - [24=24, 0=2, 7=4, 13=14, 32=4, 6=2, 21=18, 10=2, 14=7, 9=3, 28=12, 16=2, 18=5, 25=14, 29=5, 23=14, 31=6, 20=14, 22=9, 27=4]
 WARN [bp-queue-proc-/com/stefanolupo/ndngame/0/nodeB/status/sync-1] (BasePublisher.java:98) - /com/stefanolupo/ndngame/0/nodeB/status/sync: Saw duplicate sn requests
 WARN [bp-queue-proc-/com/stefanolupo/ndngame/0/nodeB/status/sync-1] (BasePublisher.java:99) - [0=2, 3809=2, 2263=2, 4101=2, 3274=2, 3499=2, 3787=2, 2217=2]
DEBUG [HeadlessApplication] (ProjectileCollisionSystem.java:108) - Bullet hit me, notifying owner and decreasing my health
 WARN [bp-queue-proc-/com/stefanolupo/ndngame/0/nodeB/blocks/sync-1] (BasePublisher.java:98) - /com/stefanolupo/ndngame/0/nodeB/blocks/sync: Saw duplicate sn requests
 WARN [bp-queue-proc-/com/stefanolupo/ndngame/0/nodeB/blocks/sync-1] (BasePublisher.java:99) - [24=24, 0=2, 7=4, 13=14, 6=2, 28=25, 21=18, 10=2, 14=7, 9=3, 31=21, 32=15, 16=2, 18=5, 25=14, 29=5, 23=14, 20=14, 22=9, 27=4]
 WARN [bp-queue-proc-/com/stefanolupo/ndngame/0/nodeB/status/sync-1] (BasePublisher.java:98) - /com/stefanolupo/ndngame/0/nodeB/status/sync: Saw duplicate sn requests
 WARN [bp-queue-proc-/com/stefanolupo/ndngame/0/nodeB/status/sync-1] (BasePublisher.java:99) - [0=2, 5984=2, 3809=2, 2263=2, 4101=2, 3274=2, 3499=2, 3787=2, 2217=2]
3/20/19, 1:59:55 AM ============================================================

-- Gauges ----------------------------------------------------------------------
pub-update-percentage-nodeB-blocks-sync
             value = 0.0025437201907790143
pub-update-percentage-nodeB-status-sync
             value = 0.4984894259818731

-- Counters --------------------------------------------------------------------
sub-blocks-interestscounter-nodeA
             count = 131
sub-blocks-interestscounter-nodeC
             count = 131
sub-blocks-interestscounter-nodeD
             count = 133
sub-projectiles-interestscounter-nodeA
             count = 180
sub-projectiles-interestscounter-nodeC
             count = 181
sub-projectiles-interestscounter-nodeD
             count = 176
sub-status-interestscounter-nodeA
             count = 3774
sub-status-interestscounter-nodeC
             count = 3818
sub-status-interestscounter-nodeD
             count = 3850

-- Histograms ------------------------------------------------------------------
eng-status-delta-nodeA
             count = 3765
               min = 0
               max = 126
              mean = 3.66
            stddev = 11.39
            median = 0.00
              75% <= 0.00
              95% <= 25.00
              98% <= 44.00
              99% <= 63.00
            99.9% <= 104.00
eng-status-delta-nodeC
             count = 3803
               min = 0
               max = 100
              mean = 3.93
            stddev = 10.03
            median = 0.00
              75% <= 0.00
              95% <= 22.00
              98% <= 37.00
              99% <= 44.00
            99.9% <= 71.00
eng-status-delta-nodeD
             count = 3835
               min = 0
               max = 215
              mean = 5.06
            stddev = 15.53
            median = 0.00
              75% <= 0.00
              95% <= 31.00
              98% <= 47.00
              99% <= 69.00
            99.9% <= 200.00
sub-blocks-rtt-nodeA
             count = 8
               min = 16
               max = 825
              mean = 361.43
            stddev = 306.20
            median = 221.00
              75% <= 762.00
              95% <= 825.00
              98% <= 825.00
              99% <= 825.00
            99.9% <= 825.00
sub-blocks-rtt-nodeC
             count = 8
               min = 40
               max = 808
              mean = 411.34
            stddev = 307.90
            median = 553.00
              75% <= 662.00
              95% <= 808.00
              98% <= 808.00
              99% <= 808.00
            99.9% <= 808.00
sub-blocks-rtt-nodeD
             count = 6
               min = 20
               max = 617
              mean = 142.49
            stddev = 168.86
            median = 48.00
              75% <= 225.00
              95% <= 617.00
              98% <= 617.00
              99% <= 617.00
            99.9% <= 617.00
sub-projectiles-rtt-nodeA
             count = 72
               min = 6
               max = 999
              mean = 401.03
            stddev = 292.09
            median = 500.00
              75% <= 615.00
              95% <= 816.00
              98% <= 967.00
              99% <= 967.00
            99.9% <= 999.00
sub-projectiles-rtt-nodeC
             count = 72
               min = 9
               max = 999
              mean = 382.62
            stddev = 292.44
            median = 385.00
              75% <= 581.00
              95% <= 854.00
              98% <= 950.00
              99% <= 999.00
            99.9% <= 999.00
sub-projectiles-rtt-nodeD
             count = 72
               min = 15
               max = 1000
              mean = 460.35
            stddev = 299.05
            median = 518.00
              75% <= 684.00
              95% <= 968.00
              98% <= 999.00
              99% <= 1000.00
            99.9% <= 1000.00
sub-status-rtt-nodeA
             count = 3773
               min = 8
               max = 90
              mean = 37.09
            stddev = 12.40
            median = 33.00
              75% <= 34.00
              95% <= 67.00
              98% <= 67.00
              99% <= 70.00
            99.9% <= 90.00
sub-status-rtt-nodeC
             count = 3818
               min = 7
               max = 130
              mean = 37.00
            stddev = 12.48
            median = 33.00
              75% <= 34.00
              95% <= 67.00
              98% <= 67.00
              99% <= 77.00
            99.9% <= 130.00
sub-status-rtt-nodeD
             count = 3849
               min = 2
               max = 99
              mean = 36.72
            stddev = 12.35
            median = 33.00
              75% <= 34.00
              95% <= 67.00
              98% <= 67.00
              99% <= 70.00
            99.9% <= 99.00

-- Meters ----------------------------------------------------------------------
pub-interest-rate-nodeB-blocks-sync
             count = 225
         mean rate = 1.62 events/second
     1-minute rate = 1.72 events/second
     5-minute rate = 1.36 events/second
    15-minute rate = 1.26 events/second
pub-interest-rate-nodeB-projectiles-sync
             count = 178
         mean rate = 1.28 events/second
     1-minute rate = 1.31 events/second
     5-minute rate = 1.48 events/second
    15-minute rate = 1.56 events/second
pub-interest-rate-nodeB-status-sync
             count = 3904
         mean rate = 28.12 events/second
     1-minute rate = 28.11 events/second
     5-minute rate = 28.42 events/second
    15-minute rate = 28.53 events/second


DEBUG [HeadlessApplication] (ProjectileCollisionSystem.java:108) - Bullet hit me, notifying owner and decreasing my health
DEBUG [HeadlessApplication] (ProjectileCollisionSystem.java:108) - Bullet hit me, notifying owner and decreasing my health
 WARN [bp-queue-proc-/com/stefanolupo/ndngame/0/nodeB/blocks/sync-1] (BasePublisher.java:98) - /com/stefanolupo/ndngame/0/nodeB/blocks/sync: Saw duplicate sn requests
 WARN [bp-queue-proc-/com/stefanolupo/ndngame/0/nodeB/blocks/sync-1] (BasePublisher.java:99) - [24=24, 0=2, 7=4, 13=14, 6=2, 21=18, 10=2, 31=23, 14=7, 33=11, 9=3, 16=2, 28=40, 18=5, 25=14, 29=5, 23=14, 32=26, 20=14, 22=9, 27=4]
 WARN [bp-queue-proc-/com/stefanolupo/ndngame/0/nodeB/status/sync-1] (BasePublisher.java:98) - /com/stefanolupo/ndngame/0/nodeB/status/sync: Saw duplicate sn requests
 WARN [bp-queue-proc-/com/stefanolupo/ndngame/0/nodeB/status/sync-1] (BasePublisher.java:99) - [0=2, 5984=2, 3809=2, 6198=2, 2263=2, 6180=2, 4101=2, 3274=2, 3499=2, 3787=2, 2217=2]
3/20/19, 2:00:25 AM ============================================================

-- Gauges ----------------------------------------------------------------------
pub-update-percentage-nodeB-blocks-sync
             value = 0.0026425591098748263
pub-update-percentage-nodeB-status-sync
             value = 0.4986785366532202

-- Counters --------------------------------------------------------------------
sub-blocks-interestscounter-nodeA
             count = 160
sub-blocks-interestscounter-nodeC
             count = 159
sub-blocks-interestscounter-nodeD
             count = 161
sub-projectiles-interestscounter-nodeA
             count = 224
sub-projectiles-interestscounter-nodeC
             count = 224
sub-projectiles-interestscounter-nodeD
             count = 217
sub-status-interestscounter-nodeA
             count = 4613
sub-status-interestscounter-nodeC
             count = 4638
sub-status-interestscounter-nodeD
             count = 4683

-- Histograms ------------------------------------------------------------------
eng-status-delta-nodeA
             count = 4602
               min = 0
               max = 126
              mean = 3.33
            stddev = 11.59
            median = 0.00
              75% <= 0.00
              95% <= 22.00
              98% <= 33.00
              99% <= 50.00
            99.9% <= 126.00
eng-status-delta-nodeC
             count = 4620
               min = 0
               max = 125
              mean = 3.69
            stddev = 11.65
            median = 0.00
              75% <= 0.00
              95% <= 22.00
              98% <= 40.00
              99% <= 55.00
            99.9% <= 125.00
eng-status-delta-nodeD
             count = 4665
               min = 0
               max = 215
              mean = 4.20
            stddev = 14.97
            median = 0.00
              75% <= 0.00
              95% <= 22.00
              98% <= 35.00
              99% <= 100.00
            99.9% <= 178.00
sub-blocks-rtt-nodeA
             count = 9
               min = 16
               max = 825
              mean = 468.38
            stddev = 276.75
            median = 642.00
              75% <= 642.00
              95% <= 825.00
              98% <= 825.00
              99% <= 825.00
            99.9% <= 825.00
sub-blocks-rtt-nodeC
             count = 10
               min = 40
               max = 981
              mean = 619.17
            stddev = 311.67
            median = 664.00
              75% <= 808.00
              95% <= 981.00
              98% <= 981.00
              99% <= 981.00
            99.9% <= 981.00
sub-blocks-rtt-nodeD
             count = 8
               min = 20
               max = 809
              mean = 469.06
            stddev = 293.03
            median = 526.00
              75% <= 809.00
              95% <= 809.00
              98% <= 809.00
              99% <= 809.00
            99.9% <= 809.00
sub-projectiles-rtt-nodeA
             count = 91
               min = 6
               max = 999
              mean = 340.63
            stddev = 278.24
            median = 294.00
              75% <= 533.00
              95% <= 800.00
              98% <= 816.00
              99% <= 967.00
            99.9% <= 999.00
sub-projectiles-rtt-nodeC
             count = 93
               min = 9
               max = 999
              mean = 375.67
            stddev = 265.89
            median = 477.00
              75% <= 533.00
              95% <= 800.00
              98% <= 866.00
              99% <= 950.00
            99.9% <= 999.00
sub-projectiles-rtt-nodeD
             count = 89
               min = 12
               max = 1000
              mean = 424.81
            stddev = 285.07
            median = 515.00
              75% <= 618.00
              95% <= 816.00
              98% <= 968.00
              99% <= 999.00
            99.9% <= 1000.00
sub-status-rtt-nodeA
             count = 4612
               min = 5
               max = 84
              mean = 35.82
            stddev = 11.40
            median = 33.00
              75% <= 34.00
              95% <= 66.00
              98% <= 67.00
              99% <= 75.00
            99.9% <= 84.00
sub-status-rtt-nodeC
             count = 4637
               min = 8
               max = 130
              mean = 36.87
            stddev = 13.39
            median = 33.00
              75% <= 34.00
              95% <= 67.00
              98% <= 67.00
              99% <= 76.00
            99.9% <= 130.00
sub-status-rtt-nodeD
             count = 4682
               min = 2
               max = 91
              mean = 36.21
            stddev = 11.95
            median = 33.00
              75% <= 34.00
              95% <= 66.00
              98% <= 67.00
              99% <= 67.00
            99.9% <= 91.00

-- Meters ----------------------------------------------------------------------
pub-interest-rate-nodeB-blocks-sync
             count = 283
         mean rate = 1.68 events/second
     1-minute rate = 1.80 events/second
     5-minute rate = 1.41 events/second
    15-minute rate = 1.28 events/second
pub-interest-rate-nodeB-projectiles-sync
             count = 220
         mean rate = 1.30 events/second
     1-minute rate = 1.33 events/second
     5-minute rate = 1.47 events/second
    15-minute rate = 1.55 events/second
pub-interest-rate-nodeB-status-sync
             count = 4756
         mean rate = 28.17 events/second
     1-minute rate = 28.21 events/second
     5-minute rate = 28.42 events/second
    15-minute rate = 28.53 events/second


 WARN [bp-queue-proc-/com/stefanolupo/ndngame/0/nodeB/blocks/sync-1] (BasePublisher.java:98) - /com/stefanolupo/ndngame/0/nodeB/blocks/sync: Saw duplicate sn requests
 WARN [bp-queue-proc-/com/stefanolupo/ndngame/0/nodeB/blocks/sync-1] (BasePublisher.java:99) - [24=24, 0=2, 7=4, 13=14, 6=2, 21=18, 10=2, 31=23, 14=7, 9=3, 16=2, 18=5, 25=14, 29=5, 23=14, 20=14, 22=9, 27=4, 36=6, 37=7, 34=6, 35=10, 33=18, 28=43, 32=26]
 WARN [bp-queue-proc-/com/stefanolupo/ndngame/0/nodeB/status/sync-1] (BasePublisher.java:98) - /com/stefanolupo/ndngame/0/nodeB/status/sync: Saw duplicate sn requests
 WARN [bp-queue-proc-/com/stefanolupo/ndngame/0/nodeB/status/sync-1] (BasePublisher.java:99) - [0=2, 5984=2, 3809=2, 6726=2, 6180=2, 4101=2, 3274=2, 3499=2, 3787=2, 6696=2, 2217=2, 7058=2, 6198=2, 2263=2, 6814=2]
ERROR [HeadlessApplication] (ProjectileCollisionSystem.java:62) - Type component was null for collision with PROJECTILE
