DEBUG [main] (ConfigManager.java:33) - Initialized with properties: {local.player.status.updates.per.sec=30, facemanager.num.sub.threads.per.face=10, linear.interest.zone.filter.inner.radius=7, projectile.cache.size=20, local.player.status.use.dead.reckoning=false, block.publisher.freshness.period.ms=20, player.status.publisher.freshness.period.ms=20, base.publisher.queue.process.per.sec=60, projectile.sub.inter.interest.max.wait.time.ms=30, linear.interest.zone.filter.outer.radius=14, local.player.dead.reckoning.max.error=0.5, projectile.publisher.queue.process.multithread=true, statistics.logger.log.rate.sec=30, facemanager.max.num.pub.faces=1, facemanager.num.pub.threads.per.face=10, facemanager.max.num.sub.faces=1, block.sub.inter.interest.max.wait.time.ms=2000, projectile.publisher.queue.process.per.sec=60, base.publisher.queue.process.multithread=true, player.sub.inter.interest.max.wait.time.ms=30, linear.interest.zone.filter.enabled=false, projectile.publisher.freshness.period.ms=20}
WARNING: An illegal reflective access operation has occurred
WARNING: Illegal reflective access by com.google.inject.internal.cglib.core.$ReflectUtils$2 (file:/NdnGame/NdnGameLibGdxDesktop-1.0-SNAPSHOT.jar) to method java.lang.ClassLoader.defineClass(java.lang.String,byte[],int,int,java.security.ProtectionDomain)
WARNING: Please consider reporting this to the maintainers of com.google.inject.internal.cglib.core.$ReflectUtils$2
WARNING: Use --illegal-access=warn to enable warnings of further illegal reflective access operations
WARNING: All illegal access operations will be denied in a future release
DEBUG [main] (BackendModule.java:123) - Writing metrics to /metrics/nodeC
 INFO [main] (DesktopLauncher.java:49) - Launching headless game
 INFO [main] (DesktopLauncher.java:50) - LocalConfig{playerName='nodeC', isMasterView=false, isAutomated=true, automationType='wsp', isHeadless=true, gameId=0, screenWidth=600, screenHeight=600, targetFrameRate=60}
DEBUG [main] (AutomatedInputController.java:52) - Starting with automation type: wsp
DEBUG [main] (BasePublisher.java:67) - Registering /com/stefanolupo/ndngame/0/nodeC/blocks/sync
DEBUG [main] (BasePublisher.java:67) - Registering /com/stefanolupo/ndngame/0/nodeC/status/sync
Apr 07, 2019 6:45:17 PM net.named_data.jndn.Node$RegisterResponse onData
INFO: Register prefix succeeded with the NFD forwarder for prefix /com/stefanolupo/ndngame/0/nodeC/blocks/sync
Apr 07, 2019 6:45:17 PM net.named_data.jndn.Node$RegisterResponse onData
INFO: Register prefix succeeded with the NFD forwarder for prefix /com/stefanolupo/ndngame/0/nodeC/blocks/interact
Apr 07, 2019 6:45:17 PM net.named_data.jndn.Node$RegisterResponse onData
INFO: Register prefix succeeded with the NFD forwarder for prefix /com/stefanolupo/ndngame/0/nodeC/status/sync
Apr 07, 2019 6:45:17 PM net.named_data.jndn.Node$RegisterResponse onData
INFO: Register prefix succeeded with the NFD forwarder for prefix /com/stefanolupo/ndngame/0/nodeC/projectiles/sync
Apr 07, 2019 6:45:17 PM net.named_data.jndn.Node$RegisterResponse onData
INFO: Register prefix succeeded with the NFD forwarder for prefix /com/stefanolupo/ndngame/0/nodeC/projectiles/interact
Apr 07, 2019 6:45:21 PM net.named_data.jndn.Node$RegisterResponse onData
INFO: Register prefix succeeded with the NFD forwarder for prefix /com/stefanolupo/ndngame/0/config/broadcast
Apr 07, 2019 6:45:21 PM net.named_data.jndn.Node$RegisterResponse onData
INFO: Register prefix succeeded with the NFD forwarder for prefix /com/stefanolupo/ndngame/0/config/nodeC
 INFO [cs-/com/stefanolupo/ndngame/0/config/nodeC-0] (ChronoSynced.java:93) - Initialized ChronoSyncedMap for /com/stefanolupo/ndngame/0/config/nodeC
Apr 07, 2019 6:45:22 PM net.named_data.jndn.Node$RegisterResponse onData
INFO: Register prefix succeeded with the NFD forwarder for prefix /com/stefanolupo/ndngame/0/discovery/broadcast
Apr 07, 2019 6:45:22 PM net.named_data.jndn.Node$RegisterResponse onData
INFO: Register prefix succeeded with the NFD forwarder for prefix /com/stefanolupo/ndngame/0/discovery/nodeC
 INFO [cs-/com/stefanolupo/ndngame/0/discovery/nodeC-0] (ChronoSynced.java:93) - Initialized ChronoSyncedMap for /com/stefanolupo/ndngame/0/discovery/nodeC
DEBUG [bp-queue-proc-/com/stefanolupo/ndngame/0/nodeC/blocks/sync-1] (BasePublisher.java:96) - /com/stefanolupo/ndngame/0/nodeC/blocks/sync: No duplicate SN requests seen
DEBUG [bp-queue-proc-/com/stefanolupo/ndngame/0/nodeC/status/sync-1] (BasePublisher.java:96) - /com/stefanolupo/ndngame/0/nodeC/status/sync: No duplicate SN requests seen
4/7/19, 6:45:47 PM =============================================================

-- Gauges ----------------------------------------------------------------------
pub-update-percentage-nodeC-blocks-sync
             value = 0.0
pub-update-percentage-nodeC-status-sync
             value = 0.49714937286202965


DEBUG [bp-queue-proc-/com/stefanolupo/ndngame/0/nodeC/blocks/sync-1] (BasePublisher.java:96) - /com/stefanolupo/ndngame/0/nodeC/blocks/sync: No duplicate SN requests seen
DEBUG [bp-queue-proc-/com/stefanolupo/ndngame/0/nodeC/status/sync-1] (BasePublisher.java:96) - /com/stefanolupo/ndngame/0/nodeC/status/sync: No duplicate SN requests seen
4/7/19, 6:46:17 PM =============================================================

-- Gauges ----------------------------------------------------------------------
pub-update-percentage-nodeC-blocks-sync
             value = 0.0011251758087201125
pub-update-percentage-nodeC-status-sync
             value = 0.4985931344963421


DEBUG [bp-queue-proc-/com/stefanolupo/ndngame/0/nodeC/blocks/sync-1] (BasePublisher.java:96) - /com/stefanolupo/ndngame/0/nodeC/blocks/sync: No duplicate SN requests seen
DEBUG [bp-queue-proc-/com/stefanolupo/ndngame/0/nodeC/status/sync-1] (BasePublisher.java:96) - /com/stefanolupo/ndngame/0/nodeC/status/sync: No duplicate SN requests seen
 INFO [cs-/com/stefanolupo/ndngame/0/discovery/nodeC-0] (PlayerStatusSubscriber.java:59) - Adding subscription for nodeD
 INFO [cs-/com/stefanolupo/ndngame/0/discovery/nodeC-0] (BlockSubscriber.java:54) - Adding subscription for /com/stefanolupo/ndngame/0/nodeD/blocks/sync/0/0/0
 INFO [cs-/com/stefanolupo/ndngame/0/discovery/nodeC-0] (ProjectileSubscriber.java:53) - Adding subscription for /com/stefanolupo/ndngame/0/nodeD/projectiles/sync/0/0/0
 INFO [cs-/com/stefanolupo/ndngame/0/discovery/nodeC-0] (PlayerStatusSubscriber.java:59) - Adding subscription for nodeA
 INFO [cs-/com/stefanolupo/ndngame/0/discovery/nodeC-0] (BlockSubscriber.java:54) - Adding subscription for /com/stefanolupo/ndngame/0/nodeA/blocks/sync/0/0/0
 INFO [cs-/com/stefanolupo/ndngame/0/discovery/nodeC-0] (ProjectileSubscriber.java:53) - Adding subscription for /com/stefanolupo/ndngame/0/nodeA/projectiles/sync/0/0/0
ERROR [HeadlessApplication] (ProjectileCollisionSystem.java:62) - Type component was null for collision with PROJECTILE
 INFO [cs-/com/stefanolupo/ndngame/0/discovery/nodeC-0] (PlayerStatusSubscriber.java:59) - Adding subscription for nodeB
 INFO [cs-/com/stefanolupo/ndngame/0/discovery/nodeC-0] (BlockSubscriber.java:54) - Adding subscription for /com/stefanolupo/ndngame/0/nodeB/blocks/sync/0/0/0
 INFO [cs-/com/stefanolupo/ndngame/0/discovery/nodeC-0] (ProjectileSubscriber.java:53) - Adding subscription for /com/stefanolupo/ndngame/0/nodeB/projectiles/sync/0/0/0
 INFO [fm-pub-0-0] (ProjectilePublisher.java:133) - Creating interest meter
 WARN [bp-queue-proc-/com/stefanolupo/ndngame/0/nodeC/blocks/sync-1] (BasePublisher.java:98) - /com/stefanolupo/ndngame/0/nodeC/blocks/sync: Saw duplicate sn requests
 WARN [bp-queue-proc-/com/stefanolupo/ndngame/0/nodeC/blocks/sync-1] (BasePublisher.java:99) - [0=2, 7=4]
DEBUG [bp-queue-proc-/com/stefanolupo/ndngame/0/nodeC/status/sync-1] (BasePublisher.java:96) - /com/stefanolupo/ndngame/0/nodeC/status/sync: No duplicate SN requests seen
4/7/19, 6:46:47 PM =============================================================

-- Gauges ----------------------------------------------------------------------
pub-update-percentage-nodeC-blocks-sync
             value = 0.002054154995331466
pub-update-percentage-nodeC-status-sync
             value = 0.4990661187896899

-- Counters --------------------------------------------------------------------
sub-blocks-interestscounter-nodeA
             count = 17
sub-blocks-interestscounter-nodeB
             count = 16
sub-blocks-interestscounter-nodeD
             count = 16
sub-projectiles-interestscounter-nodeA
             count = 25
sub-projectiles-interestscounter-nodeB
             count = 23
sub-projectiles-interestscounter-nodeD
             count = 24
sub-status-interestscounter-nodeA
             count = 500
sub-status-interestscounter-nodeB
             count = 490
sub-status-interestscounter-nodeD
             count = 504

-- Histograms ------------------------------------------------------------------
eng-status-delta-nodeA
             count = 494
               min = 0
               max = 220
              mean = 14.34
            stddev = 35.19
            median = 0.00
              75% <= 11.00
              95% <= 94.00
              98% <= 122.00
              99% <= 161.00
            99.9% <= 220.00
eng-status-delta-nodeB
             count = 486
               min = 0
               max = 123
              mean = 3.88
            stddev = 14.44
            median = 0.00
              75% <= 0.00
              95% <= 22.00
              98% <= 33.00
              99% <= 111.00
            99.9% <= 123.00
eng-status-delta-nodeD
             count = 501
               min = 0
               max = 249
              mean = 6.50
            stddev = 24.02
            median = 0.00
              75% <= 0.00
              95% <= 33.00
              98% <= 111.00
              99% <= 122.00
            99.9% <= 249.00
sub-blocks-rtt-nodeA
             count = 2
               min = 204
               max = 416
              mean = 312.38
            stddev = 105.97
            median = 416.00
              75% <= 416.00
              95% <= 416.00
              98% <= 416.00
              99% <= 416.00
            99.9% <= 416.00
sub-blocks-rtt-nodeB
             count = 2
               min = 64
               max = 811
              mean = 468.24
            stddev = 372.23
            median = 811.00
              75% <= 811.00
              95% <= 811.00
              98% <= 811.00
              99% <= 811.00
            99.9% <= 811.00
sub-blocks-rtt-nodeD
             count = 3
               min = 102
               max = 913
              mean = 613.04
            stddev = 345.29
            median = 751.00
              75% <= 913.00
              95% <= 913.00
              98% <= 913.00
              99% <= 913.00
            99.9% <= 913.00
sub-projectiles-rtt-nodeA
             count = 12
               min = 32
               max = 983
              mean = 445.10
            stddev = 356.70
            median = 521.00
              75% <= 691.00
              95% <= 983.00
              98% <= 983.00
              99% <= 983.00
            99.9% <= 983.00
sub-projectiles-rtt-nodeB
             count = 12
               min = 16
               max = 966
              mean = 561.91
            stddev = 268.48
            median = 585.00
              75% <= 799.00
              95% <= 966.00
              98% <= 966.00
              99% <= 966.00
            99.9% <= 966.00
sub-projectiles-rtt-nodeD
             count = 12
               min = 32
               max = 999
              mean = 552.85
            stddev = 296.08
            median = 517.00
              75% <= 674.00
              95% <= 999.00
              98% <= 999.00
              99% <= 999.00
            99.9% <= 999.00
sub-status-rtt-nodeA
             count = 500
               min = 2
               max = 110
              mean = 36.65
            stddev = 13.14
            median = 33.00
              75% <= 34.00
              95% <= 67.00
              98% <= 67.00
              99% <= 83.00
            99.9% <= 110.00
sub-status-rtt-nodeB
             count = 489
               min = 15
               max = 101
              mean = 35.42
            stddev = 10.81
            median = 33.00
              75% <= 34.00
              95% <= 66.00
              98% <= 67.00
              99% <= 70.00
            99.9% <= 101.00
sub-status-rtt-nodeD
             count = 504
               min = 10
               max = 108
              mean = 36.36
            stddev = 11.09
            median = 33.00
              75% <= 34.00
              95% <= 67.00
              98% <= 67.00
              99% <= 67.00
            99.9% <= 108.00

-- Meters ----------------------------------------------------------------------
pub-interest-rate-nodeC-blocks-sync
             count = 20
         mean rate = 1.15 events/second
     1-minute rate = 0.88 events/second
     5-minute rate = 0.82 events/second
    15-minute rate = 0.81 events/second
pub-interest-rate-nodeC-projectiles-sync
             count = 23
         mean rate = 1.32 events/second
     1-minute rate = 1.54 events/second
     5-minute rate = 1.59 events/second
    15-minute rate = 1.60 events/second
pub-interest-rate-nodeC-status-sync
             count = 503
         mean rate = 28.93 events/second
     1-minute rate = 29.32 events/second
     5-minute rate = 29.38 events/second
    15-minute rate = 29.39 events/second


 WARN [bp-queue-proc-/com/stefanolupo/ndngame/0/nodeC/blocks/sync-1] (BasePublisher.java:98) - /com/stefanolupo/ndngame/0/nodeC/blocks/sync: Saw duplicate sn requests
 WARN [bp-queue-proc-/com/stefanolupo/ndngame/0/nodeC/blocks/sync-1] (BasePublisher.java:99) - [11=10, 0=2, 7=4, 10=14, 9=6]
DEBUG [bp-queue-proc-/com/stefanolupo/ndngame/0/nodeC/status/sync-1] (BasePublisher.java:96) - /com/stefanolupo/ndngame/0/nodeC/status/sync: No duplicate SN requests seen
4/7/19, 6:47:17 PM =============================================================

-- Gauges ----------------------------------------------------------------------
pub-update-percentage-nodeC-blocks-sync
             value = 0.0016771488469601676
pub-update-percentage-nodeC-status-sync
             value = 0.49930109029913333

-- Counters --------------------------------------------------------------------
sub-blocks-interestscounter-nodeA
             count = 45
sub-blocks-interestscounter-nodeB
             count = 45
sub-blocks-interestscounter-nodeD
             count = 44
sub-projectiles-interestscounter-nodeA
             count = 64
sub-projectiles-interestscounter-nodeB
             count = 61
sub-projectiles-interestscounter-nodeD
             count = 61
sub-status-interestscounter-nodeA
             count = 1345
sub-status-interestscounter-nodeB
             count = 1334
sub-status-interestscounter-nodeD
             count = 1357

-- Histograms ------------------------------------------------------------------
eng-status-delta-nodeA
             count = 1337
               min = 0
               max = 241
              mean = 6.43
            stddev = 22.07
            median = 0.00
              75% <= 0.00
              95% <= 35.00
              98% <= 94.00
              99% <= 122.00
            99.9% <= 220.00
eng-status-delta-nodeB
             count = 1329
               min = 0
               max = 134
              mean = 3.03
            stddev = 11.51
            median = 0.00
              75% <= 0.00
              95% <= 16.00
              98% <= 22.00
              99% <= 34.00
            99.9% <= 134.00
eng-status-delta-nodeD
             count = 1353
               min = 0
               max = 249
              mean = 14.82
            stddev = 37.65
            median = 0.00
              75% <= 11.00
              95% <= 144.00
              98% <= 144.00
              99% <= 144.00
            99.9% <= 180.00
sub-blocks-rtt-nodeA
             count = 4
               min = 29
               max = 646
              mean = 325.57
            stddev = 244.70
            median = 416.00
              75% <= 646.00
              95% <= 646.00
              98% <= 646.00
              99% <= 646.00
            99.9% <= 646.00
sub-blocks-rtt-nodeB
             count = 3
               min = 64
               max = 811
              mean = 581.52
            stddev = 323.54
            median = 759.00
              75% <= 811.00
              95% <= 811.00
              98% <= 811.00
              99% <= 811.00
            99.9% <= 811.00
sub-blocks-rtt-nodeD
             count = 5
               min = 102
               max = 913
              mean = 509.10
            stddev = 277.29
            median = 481.00
              75% <= 751.00
              95% <= 913.00
              98% <= 913.00
              99% <= 913.00
            99.9% <= 913.00
sub-projectiles-rtt-nodeA
             count = 27
               min = 15
               max = 998
              mean = 408.06
            stddev = 327.88
            median = 485.00
              75% <= 679.00
              95% <= 983.00
              98% <= 998.00
              99% <= 998.00
            99.9% <= 998.00
sub-projectiles-rtt-nodeB
             count = 27
               min = 4
               max = 1000
              mean = 489.24
            stddev = 333.27
            median = 533.00
              75% <= 796.00
              95% <= 1000.00
              98% <= 1000.00
              99% <= 1000.00
            99.9% <= 1000.00
sub-projectiles-rtt-nodeD
             count = 25
               min = 10
               max = 1000
              mean = 510.79
            stddev = 325.78
            median = 516.00
              75% <= 682.00
              95% <= 1000.00
              98% <= 1000.00
              99% <= 1000.00
            99.9% <= 1000.00
sub-status-rtt-nodeA
             count = 1344
               min = 4
               max = 93
              mean = 35.67
            stddev = 11.05
            median = 33.00
              75% <= 34.00
              95% <= 66.00
              98% <= 67.00
              99% <= 67.00
            99.9% <= 93.00
sub-status-rtt-nodeB
             count = 1333
               min = 13
               max = 101
              mean = 35.57
            stddev = 9.31
            median = 33.00
              75% <= 34.00
              95% <= 66.00
              98% <= 67.00
              99% <= 67.00
            99.9% <= 97.00
sub-status-rtt-nodeD
             count = 1357
               min = 4
               max = 96
              mean = 35.32
            stddev = 9.43
            median = 33.00
              75% <= 34.00
              95% <= 66.00
              98% <= 67.00
              99% <= 67.00
            99.9% <= 70.00

-- Meters ----------------------------------------------------------------------
pub-interest-rate-nodeC-blocks-sync
             count = 65
         mean rate = 1.37 events/second
     1-minute rate = 1.10 events/second
     5-minute rate = 0.88 events/second
    15-minute rate = 0.83 events/second
pub-interest-rate-nodeC-projectiles-sync
             count = 61
         mean rate = 1.29 events/second
     1-minute rate = 1.44 events/second
     5-minute rate = 1.56 events/second
    15-minute rate = 1.58 events/second
pub-interest-rate-nodeC-status-sync
             count = 1366
         mean rate = 28.83 events/second
     1-minute rate = 29.05 events/second
     5-minute rate = 29.31 events/second
    15-minute rate = 29.37 events/second


 WARN [bp-queue-proc-/com/stefanolupo/ndngame/0/nodeC/blocks/sync-1] (BasePublisher.java:98) - /com/stefanolupo/ndngame/0/nodeC/blocks/sync: Saw duplicate sn requests
 WARN [bp-queue-proc-/com/stefanolupo/ndngame/0/nodeC/blocks/sync-1] (BasePublisher.java:99) - [11=26, 0=2, 7=4, 12=15, 10=14, 9=6]
 WARN [bp-queue-proc-/com/stefanolupo/ndngame/0/nodeC/status/sync-1] (BasePublisher.java:98) - /com/stefanolupo/ndngame/0/nodeC/status/sync: Saw duplicate sn requests
 WARN [bp-queue-proc-/com/stefanolupo/ndngame/0/nodeC/status/sync-1] (BasePublisher.java:99) - [3507=2, 3277=2]
 WARN [bp-queue-proc-/com/stefanolupo/ndngame/0/nodeC/blocks/sync-1] (BasePublisher.java:98) - /com/stefanolupo/ndngame/0/nodeC/blocks/sync: Saw duplicate sn requests
 WARN [bp-queue-proc-/com/stefanolupo/ndngame/0/nodeC/blocks/sync-1] (BasePublisher.java:99) - [0=2, 11=41, 7=4, 12=31, 10=14, 9=6]
 WARN [bp-queue-proc-/com/stefanolupo/ndngame/0/nodeC/status/sync-1] (BasePublisher.java:98) - /com/stefanolupo/ndngame/0/nodeC/status/sync: Saw duplicate sn requests
 WARN [bp-queue-proc-/com/stefanolupo/ndngame/0/nodeC/status/sync-1] (BasePublisher.java:99) - [3507=2, 3277=2]
4/7/19, 6:47:47 PM =============================================================

-- Gauges ----------------------------------------------------------------------
pub-update-percentage-nodeC-blocks-sync
             value = 0.001340033500837521
pub-update-percentage-nodeC-status-sync
             value = 0.49944159035068125

-- Counters --------------------------------------------------------------------
sub-blocks-interestscounter-nodeA
             count = 74
sub-blocks-interestscounter-nodeB
             count = 73
sub-blocks-interestscounter-nodeD
             count = 72
sub-projectiles-interestscounter-nodeA
             count = 102
sub-projectiles-interestscounter-nodeB
             count = 99
sub-projectiles-interestscounter-nodeD
             count = 98
sub-status-interestscounter-nodeA
             count = 2191
sub-status-interestscounter-nodeB
             count = 2173
sub-status-interestscounter-nodeD
             count = 2210

-- Histograms ------------------------------------------------------------------
eng-status-delta-nodeA
             count = 2183
               min = 0
               max = 208
              mean = 3.69
            stddev = 13.29
            median = 0.00
              75% <= 0.00
              95% <= 22.00
              98% <= 41.00
              99% <= 56.00
            99.9% <= 122.00
eng-status-delta-nodeB
             count = 2168
               min = 0
               max = 126
              mean = 2.47
            stddev = 9.20
            median = 0.00
              75% <= 0.00
              95% <= 16.00
              98% <= 22.00
              99% <= 33.00
            99.9% <= 123.00
eng-status-delta-nodeD
             count = 2205
               min = 0
               max = 249
              mean = 5.45
            stddev = 24.08
            median = 0.00
              75% <= 0.00
              95% <= 17.00
              98% <= 144.00
              99% <= 144.00
            99.9% <= 166.00
sub-blocks-rtt-nodeA
             count = 5
               min = 29
               max = 646
              mean = 407.89
            stddev = 224.34
            median = 554.00
              75% <= 554.00
              95% <= 646.00
              98% <= 646.00
              99% <= 646.00
            99.9% <= 646.00
sub-blocks-rtt-nodeB
             count = 5
               min = 64
               max = 811
              mean = 533.84
            stddev = 233.98
            median = 651.00
              75% <= 759.00
              95% <= 811.00
              98% <= 811.00
              99% <= 811.00
            99.9% <= 811.00
sub-blocks-rtt-nodeD
             count = 7
               min = 102
               max = 913
              mean = 514.27
            stddev = 215.23
            median = 518.00
              75% <= 526.00
              95% <= 913.00
              98% <= 913.00
              99% <= 913.00
            99.9% <= 913.00
sub-projectiles-rtt-nodeA
             count = 40
               min = 15
               max = 999
              mean = 418.58
            stddev = 331.19
            median = 512.00
              75% <= 691.00
              95% <= 998.00
              98% <= 999.00
              99% <= 999.00
            99.9% <= 999.00
sub-projectiles-rtt-nodeB
             count = 41
               min = 4
               max = 1000
              mean = 481.42
            stddev = 293.09
            median = 531.00
              75% <= 696.00
              95% <= 966.00
              98% <= 1000.00
              99% <= 1000.00
            99.9% <= 1000.00
sub-projectiles-rtt-nodeD
             count = 39
               min = 10
               max = 1000
              mean = 507.47
            stddev = 289.72
            median = 516.00
              75% <= 767.00
              95% <= 1000.00
              98% <= 1000.00
              99% <= 1000.00
            99.9% <= 1000.00
sub-status-rtt-nodeA
             count = 2190
               min = 4
               max = 91
              mean = 35.37
            stddev = 9.98
            median = 33.00
              75% <= 34.00
              95% <= 66.00
              98% <= 67.00
              99% <= 67.00
            99.9% <= 90.00
sub-status-rtt-nodeB
             count = 2172
               min = 7
               max = 101
              mean = 35.88
            stddev = 9.64
            median = 33.00
              75% <= 34.00
              95% <= 66.00
              98% <= 67.00
              99% <= 67.00
            99.9% <= 85.00
sub-status-rtt-nodeD
             count = 2209
               min = 2
               max = 83
              mean = 35.01
            stddev = 9.10
            median = 33.00
              75% <= 34.00
              95% <= 51.00
              98% <= 67.00
              99% <= 67.00
            99.9% <= 83.00

-- Meters ----------------------------------------------------------------------
pub-interest-rate-nodeC-blocks-sync
             count = 113
         mean rate = 1.46 events/second
     1-minute rate = 1.29 events/second
     5-minute rate = 0.94 events/second
    15-minute rate = 0.85 events/second
pub-interest-rate-nodeC-projectiles-sync
             count = 97
         mean rate = 1.25 events/second
     1-minute rate = 1.33 events/second
     5-minute rate = 1.52 events/second
    15-minute rate = 1.57 events/second
pub-interest-rate-nodeC-status-sync
             count = 2224
         mean rate = 28.74 events/second
     1-minute rate = 28.90 events/second
     5-minute rate = 29.25 events/second
    15-minute rate = 29.35 events/second


 WARN [bp-queue-proc-/com/stefanolupo/ndngame/0/nodeC/blocks/sync-1] (BasePublisher.java:98) - /com/stefanolupo/ndngame/0/nodeC/blocks/sync: Saw duplicate sn requests
 WARN [bp-queue-proc-/com/stefanolupo/ndngame/0/nodeC/blocks/sync-1] (BasePublisher.java:99) - [0=2, 7=4, 10=14, 11=55, 12=48, 9=6]
 WARN [bp-queue-proc-/com/stefanolupo/ndngame/0/nodeC/status/sync-1] (BasePublisher.java:98) - /com/stefanolupo/ndngame/0/nodeC/status/sync: Saw duplicate sn requests
 WARN [bp-queue-proc-/com/stefanolupo/ndngame/0/nodeC/status/sync-1] (BasePublisher.java:99) - [3507=2, 3277=2]
ERROR [HeadlessApplication] (ProjectileCollisionSystem.java:62) - Type component was null for collision with PROJECTILE
ERROR [HeadlessApplication] (ProjectileCollisionSystem.java:62) - Type component was null for collision with PROJECTILE
4/7/19, 6:48:17 PM =============================================================

-- Gauges ----------------------------------------------------------------------
pub-update-percentage-nodeC-blocks-sync
             value = 0.002510460251046025
pub-update-percentage-nodeC-status-sync
             value = 0.49944206806769575

-- Counters --------------------------------------------------------------------
sub-blocks-interestscounter-nodeA
             count = 101
sub-blocks-interestscounter-nodeB
             count = 102
sub-blocks-interestscounter-nodeD
             count = 100
sub-projectiles-interestscounter-nodeA
             count = 142
sub-projectiles-interestscounter-nodeB
             count = 138
sub-projectiles-interestscounter-nodeD
             count = 137
sub-status-interestscounter-nodeA
             count = 3038
sub-status-interestscounter-nodeB
             count = 3003
sub-status-interestscounter-nodeD
             count = 3068

-- Histograms ------------------------------------------------------------------
eng-status-delta-nodeA
             count = 3028
               min = 0
               max = 208
              mean = 3.91
            stddev = 12.15
            median = 0.00
              75% <= 0.00
              95% <= 22.00
              98% <= 43.00
              99% <= 49.00
            99.9% <= 122.00
eng-status-delta-nodeB
             count = 2999
               min = 0
               max = 133
              mean = 3.12
            stddev = 13.03
            median = 0.00
              75% <= 0.00
              95% <= 16.00
              98% <= 22.00
              99% <= 78.00
            99.9% <= 133.00
eng-status-delta-nodeD
             count = 3061
               min = 0
               max = 188
              mean = 10.07
            stddev = 27.96
            median = 0.00
              75% <= 7.00
              95% <= 42.00
              98% <= 144.00
              99% <= 168.00
            99.9% <= 188.00
sub-blocks-rtt-nodeA
             count = 8
               min = 29
               max = 646
              mean = 316.19
            stddev = 159.82
            median = 249.00
              75% <= 416.00
              95% <= 646.00
              98% <= 646.00
              99% <= 646.00
            99.9% <= 646.00
sub-blocks-rtt-nodeB
             count = 6
               min = 64
               max = 811
              mean = 415.39
            stddev = 254.58
            median = 383.00
              75% <= 651.00
              95% <= 811.00
              98% <= 811.00
              99% <= 811.00
            99.9% <= 811.00
sub-blocks-rtt-nodeD
             count = 9
               min = 1
               max = 913
              mean = 341.67
            stddev = 260.03
            median = 249.00
              75% <= 518.00
              95% <= 913.00
              98% <= 913.00
              99% <= 913.00
            99.9% <= 913.00
sub-projectiles-rtt-nodeA
             count = 58
               min = 15
               max = 999
              mean = 439.28
            stddev = 324.57
            median = 515.00
              75% <= 752.00
              95% <= 983.00
              98% <= 998.00
              99% <= 999.00
            99.9% <= 999.00
sub-projectiles-rtt-nodeB
             count = 58
               min = 0
               max = 1000
              mean = 459.56
            stddev = 289.94
            median = 516.00
              75% <= 667.00
              95% <= 867.00
              98% <= 983.00
              99% <= 1000.00
            99.9% <= 1000.00
sub-projectiles-rtt-nodeD
             count = 56
               min = 10
               max = 1000
              mean = 494.58
            stddev = 300.62
            median = 516.00
              75% <= 776.00
              95% <= 983.00
              98% <= 1000.00
              99% <= 1000.00
            99.9% <= 1000.00
sub-status-rtt-nodeA
             count = 3037
               min = 4
               max = 100
              mean = 35.40
            stddev = 10.69
            median = 33.00
              75% <= 34.00
              95% <= 66.00
              98% <= 67.00
              99% <= 67.00
            99.9% <= 100.00
sub-status-rtt-nodeB
             count = 3002
               min = 6
               max = 100
              mean = 36.01
            stddev = 10.56
            median = 33.00
              75% <= 34.00
              95% <= 66.00
              98% <= 67.00
              99% <= 67.00
            99.9% <= 100.00
sub-status-rtt-nodeD
             count = 3067
               min = 4
               max = 83
              mean = 34.81
            stddev = 9.37
            median = 33.00
              75% <= 34.00
              95% <= 51.00
              98% <= 67.00
              99% <= 67.00
            99.9% <= 83.00

-- Meters ----------------------------------------------------------------------
pub-interest-rate-nodeC-blocks-sync
             count = 157
         mean rate = 1.46 events/second
     1-minute rate = 1.36 events/second
     5-minute rate = 0.99 events/second
    15-minute rate = 0.87 events/second
pub-interest-rate-nodeC-projectiles-sync
             count = 137
         mean rate = 1.28 events/second
     1-minute rate = 1.37 events/second
     5-minute rate = 1.51 events/second
    15-minute rate = 1.57 events/second
pub-interest-rate-nodeC-status-sync
             count = 3085
         mean rate = 28.73 events/second
     1-minute rate = 28.84 events/second
     5-minute rate = 29.20 events/second
    15-minute rate = 29.33 events/second


 WARN [bp-queue-proc-/com/stefanolupo/ndngame/0/nodeC/blocks/sync-1] (BasePublisher.java:98) - /com/stefanolupo/ndngame/0/nodeC/blocks/sync: Saw duplicate sn requests
 WARN [bp-queue-proc-/com/stefanolupo/ndngame/0/nodeC/blocks/sync-1] (BasePublisher.java:99) - [22=6, 11=59, 0=2, 7=4, 16=4, 10=14, 12=56, 27=3, 14=2, 15=2, 9=6]
 WARN [bp-queue-proc-/com/stefanolupo/ndngame/0/nodeC/status/sync-1] (BasePublisher.java:98) - /com/stefanolupo/ndngame/0/nodeC/status/sync: Saw duplicate sn requests
 WARN [bp-queue-proc-/com/stefanolupo/ndngame/0/nodeC/status/sync-1] (BasePublisher.java:99) - [3507=2, 5264=2, 5157=2, 3277=2]
 WARN [bp-queue-proc-/com/stefanolupo/ndngame/0/nodeC/blocks/sync-1] (BasePublisher.java:98) - /com/stefanolupo/ndngame/0/nodeC/blocks/sync: Saw duplicate sn requests
 WARN [bp-queue-proc-/com/stefanolupo/ndngame/0/nodeC/blocks/sync-1] (BasePublisher.java:99) - [0=2, 7=4, 10=14, 32=11, 14=2, 15=2, 9=6, 11=59, 22=6, 31=15, 12=56, 16=4, 30=2, 27=5, 29=2]
 WARN [bp-queue-proc-/com/stefanolupo/ndngame/0/nodeC/status/sync-1] (BasePublisher.java:98) - /com/stefanolupo/ndngame/0/nodeC/status/sync: Saw duplicate sn requests
 WARN [bp-queue-proc-/com/stefanolupo/ndngame/0/nodeC/status/sync-1] (BasePublisher.java:99) - [5410=2, 3507=2, 5264=2, 5157=2, 3277=2]
4/7/19, 6:48:47 PM =============================================================

-- Gauges ----------------------------------------------------------------------
pub-update-percentage-nodeC-blocks-sync
             value = 0.0024691358024691358
pub-update-percentage-nodeC-status-sync
             value = 0.4995220646805799

-- Counters --------------------------------------------------------------------
sub-blocks-interestscounter-nodeA
             count = 130
sub-blocks-interestscounter-nodeB
             count = 132
sub-blocks-interestscounter-nodeD
             count = 128
sub-projectiles-interestscounter-nodeA
             count = 179
sub-projectiles-interestscounter-nodeB
             count = 176
sub-projectiles-interestscounter-nodeD
             count = 175
sub-status-interestscounter-nodeA
             count = 3884
sub-status-interestscounter-nodeB
             count = 3851
sub-status-interestscounter-nodeD
             count = 3925

-- Histograms ------------------------------------------------------------------
eng-status-delta-nodeA
             count = 3871
               min = 0
               max = 122
              mean = 3.09
            stddev = 8.83
            median = 0.00
              75% <= 0.00
              95% <= 19.00
              98% <= 31.00
              99% <= 44.00
            99.9% <= 112.00
eng-status-delta-nodeB
             count = 3845
               min = 0
               max = 133
              mean = 3.75
            stddev = 13.85
            median = 0.00
              75% <= 0.00
              95% <= 16.00
              98% <= 33.00
              99% <= 91.00
            99.9% <= 126.00
eng-status-delta-nodeD
             count = 3916
               min = 0
               max = 188
              mean = 5.31
            stddev = 18.34
            median = 0.00
              75% <= 0.00
              95% <= 31.00
              98% <= 47.00
              99% <= 100.00
            99.9% <= 188.00
sub-blocks-rtt-nodeA
             count = 9
               min = 29
               max = 646
              mean = 355.91
            stddev = 163.38
            median = 284.00
              75% <= 514.00
              95% <= 646.00
              98% <= 646.00
              99% <= 646.00
            99.9% <= 646.00
sub-blocks-rtt-nodeB
             count = 6
               min = 64
               max = 811
              mean = 415.39
            stddev = 254.58
            median = 383.00
              75% <= 651.00
              95% <= 811.00
              98% <= 811.00
              99% <= 811.00
            99.9% <= 811.00
sub-blocks-rtt-nodeD
             count = 11
               min = 1
               max = 913
              mean = 354.05
            stddev = 224.26
            median = 249.00
              75% <= 526.00
              95% <= 751.00
              98% <= 913.00
              99% <= 913.00
            99.9% <= 913.00
sub-projectiles-rtt-nodeA
             count = 70
               min = 15
               max = 999
              mean = 422.80
            stddev = 328.59
            median = 466.00
              75% <= 752.00
              95% <= 998.00
              98% <= 999.00
              99% <= 999.00
            99.9% <= 999.00
sub-projectiles-rtt-nodeB
             count = 73
               min = 0
               max = 1000
              mean = 472.81
            stddev = 296.12
            median = 516.00
              75% <= 767.00
              95% <= 966.00
              98% <= 997.00
              99% <= 997.00
            99.9% <= 1000.00
sub-projectiles-rtt-nodeD
             count = 70
               min = 10
               max = 1000
              mean = 452.30
            stddev = 313.35
            median = 516.00
              75% <= 682.00
              95% <= 969.00
              98% <= 999.00
              99% <= 1000.00
            99.9% <= 1000.00
sub-status-rtt-nodeA
             count = 3883
               min = 6
               max = 100
              mean = 35.52
            stddev = 10.75
            median = 33.00
              75% <= 34.00
              95% <= 66.00
              98% <= 67.00
              99% <= 67.00
            99.9% <= 100.00
sub-status-rtt-nodeB
             count = 3850
               min = 2
               max = 100
              mean = 35.55
            stddev = 9.91
            median = 33.00
              75% <= 34.00
              95% <= 66.00
              98% <= 67.00
              99% <= 67.00
            99.9% <= 91.00
sub-status-rtt-nodeD
             count = 3925
               min = 5
               max = 83
              mean = 34.96
            stddev = 9.33
            median = 33.00
              75% <= 34.00
              95% <= 51.00
              98% <= 67.00
              99% <= 67.00
            99.9% <= 83.00

-- Meters ----------------------------------------------------------------------
pub-interest-rate-nodeC-blocks-sync
             count = 203
         mean rate = 1.48 events/second
     1-minute rate = 1.46 events/second
     5-minute rate = 1.05 events/second
    15-minute rate = 0.90 events/second
pub-interest-rate-nodeC-projectiles-sync
             count = 175
         mean rate = 1.27 events/second
     1-minute rate = 1.29 events/second
     5-minute rate = 1.48 events/second
    15-minute rate = 1.55 events/second
pub-interest-rate-nodeC-status-sync
             count = 3941
         mean rate = 28.69 events/second
     1-minute rate = 28.71 events/second
     5-minute rate = 29.14 events/second
    15-minute rate = 29.30 events/second


 WARN [bp-queue-proc-/com/stefanolupo/ndngame/0/nodeC/blocks/sync-1] (BasePublisher.java:98) - /com/stefanolupo/ndngame/0/nodeC/blocks/sync: Saw duplicate sn requests
 WARN [bp-queue-proc-/com/stefanolupo/ndngame/0/nodeC/blocks/sync-1] (BasePublisher.java:99) - [0=2, 7=4, 34=6, 10=14, 31=25, 35=4, 14=2, 15=2, 9=6, 11=59, 22=6, 12=56, 16=4, 32=24, 30=2, 27=5, 29=2]
 WARN [bp-queue-proc-/com/stefanolupo/ndngame/0/nodeC/status/sync-1] (BasePublisher.java:98) - /com/stefanolupo/ndngame/0/nodeC/status/sync: Saw duplicate sn requests
 WARN [bp-queue-proc-/com/stefanolupo/ndngame/0/nodeC/status/sync-1] (BasePublisher.java:99) - [5410=2, 3507=2, 5264=2, 5157=2, 3277=2]
4/7/19, 6:49:17 PM =============================================================

-- Gauges ----------------------------------------------------------------------
pub-update-percentage-nodeC-blocks-sync
             value = 0.002995263304541655
pub-update-percentage-nodeC-status-sync
             value = 0.4990943291068692

-- Counters --------------------------------------------------------------------
sub-blocks-interestscounter-nodeA
             count = 157
sub-blocks-interestscounter-nodeB
             count = 161
sub-blocks-interestscounter-nodeD
             count = 154
sub-projectiles-interestscounter-nodeA
             count = 223
sub-projectiles-interestscounter-nodeB
             count = 219
sub-projectiles-interestscounter-nodeD
             count = 218
sub-status-interestscounter-nodeA
             count = 4730
sub-status-interestscounter-nodeB
             count = 4700
sub-status-interestscounter-nodeD
             count = 4777

-- Histograms ------------------------------------------------------------------
eng-status-delta-nodeA
             count = 4714
               min = 0
               max = 122
              mean = 2.72
            stddev = 8.63
            median = 0.00
              75% <= 0.00
              95% <= 16.00
              98% <= 31.00
              99% <= 44.00
            99.9% <= 83.00
eng-status-delta-nodeB
             count = 4694
               min = 0
               max = 133
              mean = 3.48
            stddev = 12.52
            median = 0.00
              75% <= 0.00
              95% <= 17.00
              98% <= 33.00
              99% <= 60.00
            99.9% <= 126.00
eng-status-delta-nodeD
             count = 4766
               min = 0
               max = 188
              mean = 3.33
            stddev = 13.48
            median = 0.00
              75% <= 0.00
              95% <= 22.00
              98% <= 37.00
              99% <= 55.00
            99.9% <= 175.00
sub-blocks-rtt-nodeA
             count = 12
               min = 29
               max = 891
              mean = 435.54
            stddev = 248.28
            median = 490.00
              75% <= 514.00
              95% <= 891.00
              98% <= 891.00
              99% <= 891.00
            99.9% <= 891.00
sub-blocks-rtt-nodeB
             count = 7
               min = 64
               max = 938
              mean = 629.18
            stddev = 322.99
            median = 759.00
              75% <= 938.00
              95% <= 938.00
              98% <= 938.00
              99% <= 938.00
            99.9% <= 938.00
sub-blocks-rtt-nodeD
             count = 15
               min = 1
               max = 993
              mean = 575.85
            stddev = 301.39
            median = 531.00
              75% <= 892.00
              95% <= 993.00
              98% <= 993.00
              99% <= 993.00
            99.9% <= 993.00
sub-projectiles-rtt-nodeA
             count = 90
               min = 15
               max = 999
              mean = 370.26
            stddev = 289.58
            median = 251.00
              75% <= 533.00
              95% <= 867.00
              98% <= 999.00
              99% <= 999.00
            99.9% <= 999.00
sub-projectiles-rtt-nodeB
             count = 92
               min = 0
               max = 1000
              mean = 396.77
            stddev = 285.26
            median = 499.00
              75% <= 576.00
              95% <= 867.00
              98% <= 997.00
              99% <= 997.00
            99.9% <= 1000.00
sub-projectiles-rtt-nodeD
             count = 91
               min = 10
               max = 1000
              mean = 428.36
            stddev = 269.54
            median = 501.00
              75% <= 550.00
              95% <= 883.00
              98% <= 983.00
              99% <= 999.00
            99.9% <= 1000.00
sub-status-rtt-nodeA
             count = 4729
               min = 1
               max = 91
              mean = 35.16
            stddev = 10.50
            median = 33.00
              75% <= 34.00
              95% <= 66.00
              98% <= 67.00
              99% <= 67.00
            99.9% <= 84.00
sub-status-rtt-nodeB
             count = 4699
               min = 2
               max = 100
              mean = 35.33
            stddev = 9.50
            median = 33.00
              75% <= 34.00
              95% <= 53.00
              98% <= 67.00
              99% <= 67.00
            99.9% <= 83.00
sub-status-rtt-nodeD
             count = 4776
               min = 4
               max = 83
              mean = 35.27
            stddev = 9.21
            median = 33.00
              75% <= 34.00
              95% <= 58.00
              98% <= 67.00
              99% <= 67.00
            99.9% <= 70.00

-- Meters ----------------------------------------------------------------------
pub-interest-rate-nodeC-blocks-sync
             count = 263
         mean rate = 1.57 events/second
     1-minute rate = 1.66 events/second
     5-minute rate = 1.14 events/second
    15-minute rate = 0.93 events/second
pub-interest-rate-nodeC-projectiles-sync
             count = 219
         mean rate = 1.31 events/second
     1-minute rate = 1.37 events/second
     5-minute rate = 1.48 events/second
    15-minute rate = 1.55 events/second
pub-interest-rate-nodeC-status-sync
             count = 4795
         mean rate = 28.65 events/second
     1-minute rate = 28.59 events/second
     5-minute rate = 29.07 events/second
    15-minute rate = 29.27 events/second


 WARN [bp-queue-proc-/com/stefanolupo/ndngame/0/nodeC/blocks/sync-1] (BasePublisher.java:98) - /com/stefanolupo/ndngame/0/nodeC/blocks/sync: Saw duplicate sn requests
 WARN [bp-queue-proc-/com/stefanolupo/ndngame/0/nodeC/blocks/sync-1] (BasePublisher.java:99) - [0=2, 37=7, 7=4, 34=6, 10=14, 31=25, 36=3, 38=12, 14=2, 15=2, 40=6, 9=6, 11=59, 22=6, 35=17, 12=56, 16=4, 32=24, 30=2, 27=5, 29=2]
 WARN [bp-queue-proc-/com/stefanolupo/ndngame/0/nodeC/status/sync-1] (BasePublisher.java:98) - /com/stefanolupo/ndngame/0/nodeC/status/sync: Saw duplicate sn requests
 WARN [bp-queue-proc-/com/stefanolupo/ndngame/0/nodeC/status/sync-1] (BasePublisher.java:99) - [5410=2, 3507=2, 5264=2, 5157=2, 7160=2, 3277=2]
ERROR [HeadlessApplication] (ProjectileCollisionSystem.java:62) - Type component was null for collision with PROJECTILE
 WARN [bp-queue-proc-/com/stefanolupo/ndngame/0/nodeC/blocks/sync-1] (BasePublisher.java:98) - /com/stefanolupo/ndngame/0/nodeC/blocks/sync: Saw duplicate sn requests
 WARN [bp-queue-proc-/com/stefanolupo/ndngame/0/nodeC/blocks/sync-1] (BasePublisher.java:99) - [0=2, 7=4, 10=14, 31=25, 14=2, 15=2, 9=6, 22=6, 16=4, 30=2, 27=5, 29=2, 37=7, 34=6, 45=8, 47=9, 36=3, 44=6, 46=2, 40=6, 11=59, 35=18, 50=3, 48=3, 12=56, 49=5, 38=16, 32=24]
 WARN [bp-queue-proc-/com/stefanolupo/ndngame/0/nodeC/status/sync-1] (BasePublisher.java:98) - /com/stefanolupo/ndngame/0/nodeC/status/sync: Saw duplicate sn requests
 WARN [bp-queue-proc-/com/stefanolupo/ndngame/0/nodeC/status/sync-1] (BasePublisher.java:99) - [5410=2, 3507=2, 5264=2, 7617=2, 5157=2, 7160=2, 3277=2]
DEBUG [HeadlessApplication] (ProjectileCollisionSystem.java:108) - Bullet hit me, notifying owner and decreasing my health
4/7/19, 6:49:47 PM =============================================================

-- Gauges ----------------------------------------------------------------------
pub-update-percentage-nodeC-blocks-sync
             value = 0.0031567219608814065
pub-update-percentage-nodeC-status-sync
             value = 0.49870001238083445

-- Counters --------------------------------------------------------------------
sub-blocks-interestscounter-nodeA
             count = 183
sub-blocks-interestscounter-nodeB
             count = 189
sub-blocks-interestscounter-nodeD
             count = 179
sub-projectiles-interestscounter-nodeA
             count = 260
sub-projectiles-interestscounter-nodeB
             count = 256
sub-projectiles-interestscounter-nodeD
             count = 254
sub-status-interestscounter-nodeA
             count = 5583
sub-status-interestscounter-nodeB
             count = 5548
sub-status-interestscounter-nodeD
             count = 5632

-- Histograms ------------------------------------------------------------------
eng-status-delta-nodeA
             count = 5566
               min = 0
               max = 122
              mean = 3.01
            stddev = 10.85
            median = 0.00
              75% <= 0.00
              95% <= 16.00
              98% <= 31.00
              99% <= 47.00
            99.9% <= 122.00
eng-status-delta-nodeB
             count = 5540
               min = 0
               max = 200
              mean = 3.94
            stddev = 15.46
            median = 0.00
              75% <= 0.00
              95% <= 16.00
              98% <= 44.00
              99% <= 100.00
            99.9% <= 200.00
eng-status-delta-nodeD
             count = 5620
               min = 0
               max = 188
              mean = 3.91
            stddev = 14.98
            median = 0.00
              75% <= 0.00
              95% <= 22.00
              98% <= 37.00
              99% <= 111.00
            99.9% <= 144.00
sub-blocks-rtt-nodeA
             count = 16
               min = 29
               max = 969
              mean = 548.01
            stddev = 290.97
            median = 490.00
              75% <= 883.00
              95% <= 969.00
              98% <= 969.00
              99% <= 969.00
            99.9% <= 969.00
sub-blocks-rtt-nodeB
             count = 9
               min = 64
               max = 938
              mean = 392.18
            stddev = 302.29
            median = 313.00
              75% <= 651.00
              95% <= 938.00
              98% <= 938.00
              99% <= 938.00
            99.9% <= 938.00
sub-blocks-rtt-nodeD
             count = 20
               min = 1
               max = 993
              mean = 439.23
            stddev = 295.54
            median = 320.00
              75% <= 634.00
              95% <= 993.00
              98% <= 993.00
              99% <= 993.00
            99.9% <= 993.00
sub-projectiles-rtt-nodeA
             count = 105
               min = 15
               max = 999
              mean = 429.92
            stddev = 304.61
            median = 512.00
              75% <= 634.00
              95% <= 982.00
              98% <= 983.00
              99% <= 999.00
            99.9% <= 999.00
sub-projectiles-rtt-nodeB
             count = 109
               min = 0
               max = 1000
              mean = 478.63
            stddev = 294.71
            median = 517.00
              75% <= 767.00
              95% <= 885.00
              98% <= 999.00
              99% <= 999.00
            99.9% <= 1000.00
sub-projectiles-rtt-nodeD
             count = 106
               min = 10
               max = 1000
              mean = 486.14
            stddev = 281.48
            median = 516.00
              75% <= 682.00
              95% <= 966.00
              98% <= 999.00
              99% <= 999.00
            99.9% <= 1000.00
sub-status-rtt-nodeA
             count = 5582
               min = 2
               max = 91
              mean = 34.74
            stddev = 10.24
            median = 33.00
              75% <= 34.00
              95% <= 63.00
              98% <= 67.00
              99% <= 67.00
            99.9% <= 84.00
sub-status-rtt-nodeB
             count = 5547
               min = 1
               max = 101
              mean = 35.35
            stddev = 9.76
            median = 33.00
              75% <= 34.00
              95% <= 64.00
              98% <= 67.00
              99% <= 67.00
            99.9% <= 101.00
sub-status-rtt-nodeD
             count = 5631
               min = 2
               max = 93
              mean = 34.87
            stddev = 9.52
            median = 33.00
              75% <= 34.00
              95% <= 51.00
              98% <= 67.00
              99% <= 67.00
            99.9% <= 93.00

-- Meters ----------------------------------------------------------------------
pub-interest-rate-nodeC-blocks-sync
             count = 323
         mean rate = 1.64 events/second
     1-minute rate = 1.78 events/second
     5-minute rate = 1.22 events/second
    15-minute rate = 0.96 events/second
pub-interest-rate-nodeC-projectiles-sync
             count = 255
         mean rate = 1.29 events/second
     1-minute rate = 1.29 events/second
     5-minute rate = 1.45 events/second
    15-minute rate = 1.54 events/second
pub-interest-rate-nodeC-status-sync
             count = 5641
         mean rate = 28.58 events/second
     1-minute rate = 28.50 events/second
     5-minute rate = 29.00 events/second
    15-minute rate = 29.24 events/second


DEBUG [HeadlessApplication] (ProjectileCollisionSystem.java:108) - Bullet hit me, notifying owner and decreasing my health
DEBUG [HeadlessApplication] (ProjectileCollisionSystem.java:108) - Bullet hit me, notifying owner and decreasing my health
 WARN [bp-queue-proc-/com/stefanolupo/ndngame/0/nodeC/blocks/sync-1] (BasePublisher.java:98) - /com/stefanolupo/ndngame/0/nodeC/blocks/sync: Saw duplicate sn requests
 WARN [bp-queue-proc-/com/stefanolupo/ndngame/0/nodeC/blocks/sync-1] (BasePublisher.java:99) - [0=2, 7=4, 10=14, 31=25, 14=2, 15=2, 9=6, 22=6, 16=4, 30=2, 27=5, 29=2, 37=7, 49=18, 34=6, 45=8, 36=3, 44=6, 46=2, 40=6, 11=59, 53=5, 35=18, 48=3, 12=56, 38=16, 47=24, 32=24, 50=11]
 WARN [bp-queue-proc-/com/stefanolupo/ndngame/0/nodeC/status/sync-1] (BasePublisher.java:98) - /com/stefanolupo/ndngame/0/nodeC/status/sync: Saw duplicate sn requests
 WARN [bp-queue-proc-/com/stefanolupo/ndngame/0/nodeC/status/sync-1] (BasePublisher.java:99) - [5410=2, 3507=2, 5264=2, 7617=2, 5157=2, 7160=2, 3277=2]
DEBUG [HeadlessApplication] (ProjectileCollisionSystem.java:108) - Bullet hit me, notifying owner and decreasing my health
DEBUG [HeadlessApplication] (ProjectileCollisionSystem.java:108) - Bullet hit me, notifying owner and decreasing my health
4/7/19, 6:50:17 PM =============================================================

-- Gauges ----------------------------------------------------------------------
pub-update-percentage-nodeC-blocks-sync
             value = 0.00311873468478503
pub-update-percentage-nodeC-status-sync
             value = 0.49855185473989083

-- Counters --------------------------------------------------------------------
sub-blocks-interestscounter-nodeA
             count = 211
sub-blocks-interestscounter-nodeB
             count = 218
sub-blocks-interestscounter-nodeD
             count = 208
sub-projectiles-interestscounter-nodeA
             count = 297
sub-projectiles-interestscounter-nodeB
             count = 293
sub-projectiles-interestscounter-nodeD
             count = 291
sub-status-interestscounter-nodeA
             count = 6436
sub-status-interestscounter-nodeB
             count = 6400
sub-status-interestscounter-nodeD
             count = 6492

-- Histograms ------------------------------------------------------------------
eng-status-delta-nodeA
             count = 6417
               min = 0
               max = 104
              mean = 3.15
            stddev = 9.62
            median = 0.00
              75% <= 0.00
              95% <= 16.00
              98% <= 33.00
              99% <= 54.00
            99.9% <= 104.00
eng-status-delta-nodeB
             count = 6390
               min = 0
               max = 200
              mean = 3.61
            stddev = 13.30
            median = 0.00
              75% <= 0.00
              95% <= 16.00
              98% <= 44.00
              99% <= 63.00
            99.9% <= 126.00
eng-status-delta-nodeD
             count = 6478
               min = 0
               max = 188
              mean = 3.50
            stddev = 12.25
            median = 0.00
              75% <= 0.00
              95% <= 22.00
              98% <= 31.00
              99% <= 44.00
            99.9% <= 133.00
sub-blocks-rtt-nodeA
             count = 18
               min = 27
               max = 969
              mean = 412.81
            stddev = 320.81
            median = 287.00
              75% <= 646.00
              95% <= 969.00
              98% <= 969.00
              99% <= 969.00
            99.9% <= 969.00
sub-blocks-rtt-nodeB
             count = 10
               min = 64
               max = 938
              mean = 438.59
            stddev = 251.90
            median = 525.00
              75% <= 525.00
              95% <= 938.00
              98% <= 938.00
              99% <= 938.00
            99.9% <= 938.00
sub-blocks-rtt-nodeD
             count = 22
               min = 1
               max = 993
              mean = 458.07
            stddev = 301.33
            median = 320.00
              75% <= 691.00
              95% <= 993.00
              98% <= 993.00
              99% <= 993.00
            99.9% <= 993.00
sub-projectiles-rtt-nodeA
             count = 120
               min = 15
               max = 999
              mean = 448.05
            stddev = 290.14
            median = 516.00
              75% <= 682.00
              95% <= 867.00
              98% <= 982.00
              99% <= 999.00
            99.9% <= 999.00
sub-projectiles-rtt-nodeB
             count = 124
               min = 0
               max = 1000
              mean = 478.43
            stddev = 280.09
            median = 517.00
              75% <= 699.00
              95% <= 867.00
              98% <= 997.00
              99% <= 999.00
            99.9% <= 1000.00
sub-projectiles-rtt-nodeD
             count = 121
               min = 10
               max = 1000
              mean = 482.76
            stddev = 282.80
            median = 516.00
              75% <= 682.00
              95% <= 951.00
              98% <= 999.00
              99% <= 999.00
            99.9% <= 1000.00
sub-status-rtt-nodeA
             count = 6436
               min = 2
               max = 91
              mean = 34.83
            stddev = 10.56
            median = 33.00
              75% <= 34.00
              95% <= 52.00
              98% <= 67.00
              99% <= 67.00
            99.9% <= 83.00
sub-status-rtt-nodeB
             count = 6399
               min = 1
               max = 101
              mean = 35.19
            stddev = 11.22
            median = 33.00
              75% <= 34.00
              95% <= 64.00
              98% <= 67.00
              99% <= 83.00
            99.9% <= 100.00
sub-status-rtt-nodeD
             count = 6491
               min = 2
               max = 83
              mean = 35.19
            stddev = 9.80
            median = 33.00
              75% <= 34.00
              95% <= 51.00
              98% <= 67.00
              99% <= 67.00
            99.9% <= 83.00

-- Meters ----------------------------------------------------------------------
pub-interest-rate-nodeC-blocks-sync
             count = 382
         mean rate = 1.68 events/second
     1-minute rate = 1.86 events/second
     5-minute rate = 1.29 events/second
    15-minute rate = 1.00 events/second
pub-interest-rate-nodeC-projectiles-sync
             count = 294
         mean rate = 1.29 events/second
     1-minute rate = 1.29 events/second
     5-minute rate = 1.44 events/second
    15-minute rate = 1.53 events/second
pub-interest-rate-nodeC-status-sync
             count = 6498
         mean rate = 28.58 events/second
     1-minute rate = 28.48 events/second
     5-minute rate = 28.95 events/second
    15-minute rate = 29.22 events/second


 WARN [bp-queue-proc-/com/stefanolupo/ndngame/0/nodeC/blocks/sync-1] (BasePublisher.java:98) - /com/stefanolupo/ndngame/0/nodeC/blocks/sync: Saw duplicate sn requests
 WARN [bp-queue-proc-/com/stefanolupo/ndngame/0/nodeC/blocks/sync-1] (BasePublisher.java:99) - [0=2, 7=4, 10=14, 31=25, 47=38, 14=2, 15=2, 9=6, 22=6, 16=4, 30=2, 27=5, 29=2, 37=7, 34=6, 45=8, 36=3, 49=22, 44=6, 46=2, 40=6, 11=59, 35=18, 48=3, 12=56, 38=16, 32=24, 53=13, 50=11, 56=4, 54=9]
 WARN [bp-queue-proc-/com/stefanolupo/ndngame/0/nodeC/status/sync-1] (BasePublisher.java:98) - /com/stefanolupo/ndngame/0/nodeC/status/sync: Saw duplicate sn requests
 WARN [bp-queue-proc-/com/stefanolupo/ndngame/0/nodeC/status/sync-1] (BasePublisher.java:99) - [5410=2, 8994=2, 3507=2, 5264=2, 7617=2, 5157=2, 8619=2, 7160=2, 3277=2]
 WARN [bp-queue-proc-/com/stefanolupo/ndngame/0/nodeC/blocks/sync-1] (BasePublisher.java:98) - /com/stefanolupo/ndngame/0/nodeC/blocks/sync: Saw duplicate sn requests
 WARN [bp-queue-proc-/com/stefanolupo/ndngame/0/nodeC/blocks/sync-1] (BasePublisher.java:99) - [0=2, 7=4, 10=14, 31=25, 47=39, 14=2, 15=2, 9=6, 22=6, 16=4, 30=2, 27=5, 29=2, 37=7, 34=6, 45=8, 54=19, 36=3, 49=22, 44=6, 46=2, 40=6, 11=59, 58=10, 35=18, 48=3, 12=56, 56=12, 38=16, 32=24, 53=13, 60=4, 50=11, 59=7, 61=3]
 WARN [bp-queue-proc-/com/stefanolupo/ndngame/0/nodeC/status/sync-1] (BasePublisher.java:98) - /com/stefanolupo/ndngame/0/nodeC/status/sync: Saw duplicate sn requests
 WARN [bp-queue-proc-/com/stefanolupo/ndngame/0/nodeC/status/sync-1] (BasePublisher.java:99) - [5410=2, 8994=2, 3507=2, 5264=2, 7617=2, 5157=2, 9354=2, 9546=2, 8619=2, 7160=2, 9369=2, 3277=2]
4/7/19, 6:50:47 PM =============================================================

-- Gauges ----------------------------------------------------------------------
pub-update-percentage-nodeC-blocks-sync
             value = 0.003138287102652359
pub-update-percentage-nodeC-status-sync
             value = 0.49853194289764097

-- Counters --------------------------------------------------------------------
sub-blocks-interestscounter-nodeA
             count = 238
sub-blocks-interestscounter-nodeB
             count = 244
sub-blocks-interestscounter-nodeD
             count = 235
sub-projectiles-interestscounter-nodeA
             count = 331
sub-projectiles-interestscounter-nodeB
             count = 326
sub-projectiles-interestscounter-nodeD
             count = 328
sub-status-interestscounter-nodeA
             count = 7281
sub-status-interestscounter-nodeB
             count = 7247
sub-status-interestscounter-nodeD
             count = 7335

-- Histograms ------------------------------------------------------------------
eng-status-delta-nodeA
             count = 7260
               min = 0
               max = 126
              mean = 4.32
            stddev = 13.52
            median = 0.00
              75% <= 0.00
              95% <= 23.00
              98% <= 44.00
              99% <= 68.00
            99.9% <= 126.00
eng-status-delta-nodeB
             count = 7231
               min = 0
               max = 200
              mean = 5.63
            stddev = 17.77
            median = 0.00
              75% <= 0.00
              95% <= 22.00
              98% <= 74.00
              99% <= 112.00
            99.9% <= 126.00
eng-status-delta-nodeD
             count = 7321
               min = 0
               max = 188
              mean = 4.86
            stddev = 15.71
            median = 0.00
              75% <= 0.00
              95% <= 25.00
              98% <= 47.00
              99% <= 104.00
            99.9% <= 133.00
sub-blocks-rtt-nodeA
             count = 21
               min = 27
               max = 974
              mean = 404.99
            stddev = 353.37
            median = 241.00
              75% <= 883.00
              95% <= 974.00
              98% <= 974.00
              99% <= 974.00
            99.9% <= 974.00
sub-blocks-rtt-nodeB
             count = 14
               min = 64
               max = 938
              mean = 399.05
            stddev = 298.14
            median = 313.00
              75% <= 525.00
              95% <= 889.00
              98% <= 938.00
              99% <= 938.00
            99.9% <= 938.00
sub-blocks-rtt-nodeD
             count = 24
               min = 1
               max = 993
              mean = 450.74
            stddev = 343.02
            median = 320.00
              75% <= 878.00
              95% <= 899.00
              98% <= 993.00
              99% <= 993.00
            99.9% <= 993.00
sub-projectiles-rtt-nodeA
             count = 127
               min = 15
               max = 999
              mean = 450.27
            stddev = 297.81
            median = 516.00
              75% <= 696.00
              95% <= 882.00
              98% <= 982.00
              99% <= 983.00
            99.9% <= 999.00
sub-projectiles-rtt-nodeB
             count = 131
               min = 0
               max = 1000
              mean = 494.21
            stddev = 291.37
            median = 517.00
              75% <= 773.00
              95% <= 907.00
              98% <= 1000.00
              99% <= 1000.00
            99.9% <= 1000.00
sub-projectiles-rtt-nodeD
             count = 130
               min = 10
               max = 1000
              mean = 413.15
            stddev = 312.45
            median = 500.00
              75% <= 616.00
              95% <= 966.00
              98% <= 969.00
              99% <= 999.00
            99.9% <= 1000.00
sub-status-rtt-nodeA
             count = 7281
               min = 2
               max = 122
              mean = 34.84
            stddev = 11.55
            median = 33.00
              75% <= 34.00
              95% <= 51.00
              98% <= 67.00
              99% <= 67.00
            99.9% <= 122.00
sub-status-rtt-nodeB
             count = 7247
               min = 1
               max = 98
              mean = 35.13
            stddev = 12.15
            median = 33.00
              75% <= 34.00
              95% <= 64.00
              98% <= 67.00
              99% <= 83.00
            99.9% <= 98.00
sub-status-rtt-nodeD
             count = 7334
               min = 2
               max = 106
              mean = 35.57
            stddev = 11.84
            median = 33.00
              75% <= 34.00
              95% <= 66.00
              98% <= 67.00
              99% <= 67.00
            99.9% <= 106.00

-- Meters ----------------------------------------------------------------------
pub-interest-rate-nodeC-blocks-sync
             count = 447
         mean rate = 1.74 events/second
     1-minute rate = 1.97 events/second
     5-minute rate = 1.37 events/second
    15-minute rate = 1.03 events/second
pub-interest-rate-nodeC-projectiles-sync
             count = 325
         mean rate = 1.26 events/second
     1-minute rate = 1.22 events/second
     5-minute rate = 1.40 events/second
    15-minute rate = 1.52 events/second
pub-interest-rate-nodeC-status-sync
             count = 7355
         mean rate = 28.58 events/second
     1-minute rate = 28.53 events/second
     5-minute rate = 28.92 events/second
    15-minute rate = 29.20 events/second


DEBUG [HeadlessApplication] (ProjectileCollisionSystem.java:108) - Bullet hit me, notifying owner and decreasing my health
 WARN [bp-queue-proc-/com/stefanolupo/ndngame/0/nodeC/blocks/sync-1] (BasePublisher.java:98) - /com/stefanolupo/ndngame/0/nodeC/blocks/sync: Saw duplicate sn requests
 WARN [bp-queue-proc-/com/stefanolupo/ndngame/0/nodeC/blocks/sync-1] (BasePublisher.java:99) - [0=2, 7=4, 10=14, 64=5, 31=25, 47=39, 14=2, 15=2, 9=6, 22=6, 16=4, 30=2, 27=5, 29=2, 37=7, 34=6, 45=8, 54=19, 36=3, 49=22, 44=6, 46=2, 40=6, 11=59, 58=10, 60=12, 35=18, 59=10, 62=12, 48=3, 12=56, 56=12, 61=9, 38=16, 32=24, 53=13, 63=7, 50=11]
 WARN [bp-queue-proc-/com/stefanolupo/ndngame/0/nodeC/status/sync-1] (BasePublisher.java:98) - /com/stefanolupo/ndngame/0/nodeC/status/sync: Saw duplicate sn requests
 WARN [bp-queue-proc-/com/stefanolupo/ndngame/0/nodeC/status/sync-1] (BasePublisher.java:99) - [5410=2, 8994=2, 7617=2, 5157=2, 9354=2, 9546=2, 8619=2, 3277=2, 3507=2, 10131=2, 5264=2, 10011=2, 7160=2, 9369=2]
