DEBUG [main] (ConfigManager.java:33) - Initialized with properties: {local.player.status.updates.per.sec=30, facemanager.num.sub.threads.per.face=10, linear.interest.zone.filter.inner.radius=10, projectile.cache.size=20, local.player.status.use.dead.reckoning=false, block.publisher.freshness.period.ms=20, player.status.publisher.freshness.period.ms=20, base.publisher.queue.process.per.sec=60, projectile.sub.inter.interest.max.wait.time.ms=30, linear.interest.zone.filter.outer.radius=20, local.player.dead.reckoning.max.error=0.5, projectile.publisher.queue.process.multithread=true, statistics.logger.log.rate.sec=30, facemanager.max.num.pub.faces=1, facemanager.num.pub.threads.per.face=10, facemanager.max.num.sub.faces=1, block.sub.inter.interest.max.wait.time.ms=2000, projectile.publisher.queue.process.per.sec=60, base.publisher.queue.process.multithread=true, player.sub.inter.interest.max.wait.time.ms=30, linear.interest.zone.filter.enabled=false, projectile.publisher.freshness.period.ms=20}
WARNING: An illegal reflective access operation has occurred
WARNING: Illegal reflective access by com.google.inject.internal.cglib.core.$ReflectUtils$2 (file:/NdnGame/NdnGameLibGdxDesktop-1.0-SNAPSHOT.jar) to method java.lang.ClassLoader.defineClass(java.lang.String,byte[],int,int,java.security.ProtectionDomain)
WARNING: Please consider reporting this to the maintainers of com.google.inject.internal.cglib.core.$ReflectUtils$2
WARNING: Use --illegal-access=warn to enable warnings of further illegal reflective access operations
WARNING: All illegal access operations will be denied in a future release
DEBUG [main] (BackendModule.java:123) - Writing metrics to /metrics/nodeB
 INFO [main] (DesktopLauncher.java:49) - Launching headless game
 INFO [main] (DesktopLauncher.java:50) - LocalConfig{playerName='nodeB', isMasterView=false, isAutomated=true, automationType='wsp', isHeadless=true, gameId=0, screenWidth=600, screenHeight=600, targetFrameRate=60}
DEBUG [main] (AutomatedInputController.java:52) - Starting with automation type: wsp
DEBUG [main] (BasePublisher.java:67) - Registering /com/stefanolupo/ndngame/0/nodeB/blocks/sync
DEBUG [main] (BasePublisher.java:67) - Registering /com/stefanolupo/ndngame/0/nodeB/status/sync
Apr 07, 2019 11:43:55 PM net.named_data.jndn.Node$RegisterResponse onData
INFO: Register prefix succeeded with the NFD forwarder for prefix /com/stefanolupo/ndngame/0/nodeB/blocks/sync
Apr 07, 2019 11:43:55 PM net.named_data.jndn.Node$RegisterResponse onData
INFO: Register prefix succeeded with the NFD forwarder for prefix /com/stefanolupo/ndngame/0/nodeB/blocks/interact
Apr 07, 2019 11:43:55 PM net.named_data.jndn.Node$RegisterResponse onData
INFO: Register prefix succeeded with the NFD forwarder for prefix /com/stefanolupo/ndngame/0/nodeB/status/sync
Apr 07, 2019 11:43:55 PM net.named_data.jndn.Node$RegisterResponse onData
INFO: Register prefix succeeded with the NFD forwarder for prefix /com/stefanolupo/ndngame/0/nodeB/projectiles/sync
Apr 07, 2019 11:43:55 PM net.named_data.jndn.Node$RegisterResponse onData
INFO: Register prefix succeeded with the NFD forwarder for prefix /com/stefanolupo/ndngame/0/nodeB/projectiles/interact
Apr 07, 2019 11:43:59 PM net.named_data.jndn.Node$RegisterResponse onData
INFO: Register prefix succeeded with the NFD forwarder for prefix /com/stefanolupo/ndngame/0/config/broadcast
Apr 07, 2019 11:43:59 PM net.named_data.jndn.Node$RegisterResponse onData
INFO: Register prefix succeeded with the NFD forwarder for prefix /com/stefanolupo/ndngame/0/config/nodeB
 INFO [cs-/com/stefanolupo/ndngame/0/config/nodeB-0] (ChronoSynced.java:93) - Initialized ChronoSyncedMap for /com/stefanolupo/ndngame/0/config/nodeB
Apr 07, 2019 11:44:00 PM net.named_data.jndn.Node$RegisterResponse onData
INFO: Register prefix succeeded with the NFD forwarder for prefix /com/stefanolupo/ndngame/0/discovery/broadcast
Apr 07, 2019 11:44:00 PM net.named_data.jndn.Node$RegisterResponse onData
INFO: Register prefix succeeded with the NFD forwarder for prefix /com/stefanolupo/ndngame/0/discovery/nodeB
 INFO [cs-/com/stefanolupo/ndngame/0/discovery/nodeB-0] (ChronoSynced.java:93) - Initialized ChronoSyncedMap for /com/stefanolupo/ndngame/0/discovery/nodeB
DEBUG [bp-queue-proc-/com/stefanolupo/ndngame/0/nodeB/blocks/sync-1] (BasePublisher.java:96) - /com/stefanolupo/ndngame/0/nodeB/blocks/sync: No duplicate SN requests seen
DEBUG [bp-queue-proc-/com/stefanolupo/ndngame/0/nodeB/status/sync-1] (BasePublisher.java:96) - /com/stefanolupo/ndngame/0/nodeB/status/sync: No duplicate SN requests seen
4/7/19, 11:44:25 PM ============================================================

-- Gauges ----------------------------------------------------------------------
pub-update-percentage-nodeB-blocks-sync
             value = 0.0
pub-update-percentage-nodeB-status-sync
             value = 0.4966292134831461

-- Counters --------------------------------------------------------------------
dr-counter-null
             count = 0
dr-counter-skip
             count = 0
dr-counter-threshold
             count = 0
dr-counter-velocity
             count = 0


DEBUG [bp-queue-proc-/com/stefanolupo/ndngame/0/nodeB/blocks/sync-1] (BasePublisher.java:96) - /com/stefanolupo/ndngame/0/nodeB/blocks/sync: No duplicate SN requests seen
DEBUG [bp-queue-proc-/com/stefanolupo/ndngame/0/nodeB/status/sync-1] (BasePublisher.java:96) - /com/stefanolupo/ndngame/0/nodeB/status/sync: No duplicate SN requests seen
4/7/19, 11:44:55 PM ============================================================

-- Gauges ----------------------------------------------------------------------
pub-update-percentage-nodeB-blocks-sync
             value = 0.0011173184357541898
pub-update-percentage-nodeB-status-sync
             value = 0.4977653631284916

-- Counters --------------------------------------------------------------------
dr-counter-null
             count = 0
dr-counter-skip
             count = 0
dr-counter-threshold
             count = 0
dr-counter-velocity
             count = 0


DEBUG [bp-queue-proc-/com/stefanolupo/ndngame/0/nodeB/blocks/sync-1] (BasePublisher.java:96) - /com/stefanolupo/ndngame/0/nodeB/blocks/sync: No duplicate SN requests seen
DEBUG [bp-queue-proc-/com/stefanolupo/ndngame/0/nodeB/status/sync-1] (BasePublisher.java:96) - /com/stefanolupo/ndngame/0/nodeB/status/sync: No duplicate SN requests seen
 INFO [cs-/com/stefanolupo/ndngame/0/discovery/nodeB-0] (PlayerStatusSubscriber.java:59) - Adding subscription for nodeA
 INFO [cs-/com/stefanolupo/ndngame/0/discovery/nodeB-0] (BlockSubscriber.java:54) - Adding subscription for /com/stefanolupo/ndngame/0/nodeA/blocks/sync/0/0/0
 INFO [cs-/com/stefanolupo/ndngame/0/discovery/nodeB-0] (ProjectileSubscriber.java:53) - Adding subscription for /com/stefanolupo/ndngame/0/nodeA/projectiles/sync/0/0/0
 INFO [fm-pub-0-6] (ProjectilePublisher.java:133) - Creating interest meter
 WARN [bp-queue-proc-/com/stefanolupo/ndngame/0/nodeB/blocks/sync-1] (BasePublisher.java:98) - /com/stefanolupo/ndngame/0/nodeB/blocks/sync: Saw duplicate sn requests
 WARN [bp-queue-proc-/com/stefanolupo/ndngame/0/nodeB/blocks/sync-1] (BasePublisher.java:99) - [6=4]
DEBUG [bp-queue-proc-/com/stefanolupo/ndngame/0/nodeB/status/sync-1] (BasePublisher.java:96) - /com/stefanolupo/ndngame/0/nodeB/status/sync: No duplicate SN requests seen
DEBUG [HeadlessApplication] (ProjectileCollisionSystem.java:108) - Bullet hit me, notifying owner and decreasing my health
4/7/19, 11:45:25 PM ============================================================

-- Gauges ----------------------------------------------------------------------
pub-update-percentage-nodeB-blocks-sync
             value = 0.0016728624535315986
pub-update-percentage-nodeB-status-sync
             value = 0.49851301115241636

-- Counters --------------------------------------------------------------------
dr-counter-null
             count = 0
dr-counter-skip
             count = 0
dr-counter-threshold
             count = 0
dr-counter-velocity
             count = 0
sub-blocks-interestscounter-nodeA
             count = 14
sub-projectiles-interestscounter-nodeA
             count = 23
sub-status-interestscounter-nodeA
             count = 482

-- Histograms ------------------------------------------------------------------
eng-status-delta-nodeA
             count = 479
               min = 0
               max = 111
              mean = 2.75
            stddev = 10.24
            median = 0.00
              75% <= 0.00
              95% <= 16.00
              98% <= 33.00
              99% <= 52.00
            99.9% <= 111.00
sub-blocks-rtt-nodeA
             count = 3
               min = 84
               max = 872
              mean = 467.27
            stddev = 330.09
            median = 365.00
              75% <= 872.00
              95% <= 872.00
              98% <= 872.00
              99% <= 872.00
            99.9% <= 872.00
sub-projectiles-rtt-nodeA
             count = 12
               min = 26
               max = 1000
              mean = 563.98
            stddev = 318.14
            median = 583.00
              75% <= 799.00
              95% <= 1000.00
              98% <= 1000.00
              99% <= 1000.00
            99.9% <= 1000.00
sub-status-rtt-nodeA
             count = 481
               min = 13
               max = 84
              mean = 34.65
            stddev = 8.72
            median = 33.00
              75% <= 34.00
              95% <= 50.00
              98% <= 67.00
              99% <= 67.00
            99.9% <= 84.00

-- Meters ----------------------------------------------------------------------
pub-interest-rate-nodeB-blocks-sync
             count = 11
         mean rate = 0.70 events/second
     1-minute rate = 0.78 events/second
     5-minute rate = 0.80 events/second
    15-minute rate = 0.80 events/second
pub-interest-rate-nodeB-projectiles-sync
             count = 20
         mean rate = 1.27 events/second
     1-minute rate = 1.52 events/second
     5-minute rate = 1.58 events/second
    15-minute rate = 1.59 events/second
pub-interest-rate-nodeB-status-sync
             count = 450
         mean rate = 28.60 events/second
     1-minute rate = 28.92 events/second
     5-minute rate = 28.98 events/second
    15-minute rate = 28.99 events/second


 WARN [bp-queue-proc-/com/stefanolupo/ndngame/0/nodeB/blocks/sync-1] (BasePublisher.java:98) - /com/stefanolupo/ndngame/0/nodeB/blocks/sync: Saw duplicate sn requests
 WARN [bp-queue-proc-/com/stefanolupo/ndngame/0/nodeB/blocks/sync-1] (BasePublisher.java:99) - [8=6, 6=9]
DEBUG [bp-queue-proc-/com/stefanolupo/ndngame/0/nodeB/status/sync-1] (BasePublisher.java:96) - /com/stefanolupo/ndngame/0/nodeB/status/sync: No duplicate SN requests seen
4/7/19, 11:45:55 PM ============================================================

-- Gauges ----------------------------------------------------------------------
pub-update-percentage-nodeB-blocks-sync
             value = 0.0022284122562674096
pub-update-percentage-nodeB-status-sync
             value = 0.49888579387186627

-- Counters --------------------------------------------------------------------
dr-counter-null
             count = 0
dr-counter-skip
             count = 0
dr-counter-threshold
             count = 0
dr-counter-velocity
             count = 0
sub-blocks-interestscounter-nodeA
             count = 43
sub-projectiles-interestscounter-nodeA
             count = 61
sub-status-interestscounter-nodeA
             count = 1337

-- Histograms ------------------------------------------------------------------
eng-status-delta-nodeA
             count = 1334
               min = 0
               max = 112
              mean = 4.26
            stddev = 12.00
            median = 0.00
              75% <= 0.00
              95% <= 23.00
              98% <= 41.00
              99% <= 47.00
            99.9% <= 112.00
sub-blocks-rtt-nodeA
             count = 4
               min = 84
               max = 992
              mean = 628.61
            stddev = 366.18
            median = 872.00
              75% <= 992.00
              95% <= 992.00
              98% <= 992.00
              99% <= 992.00
            99.9% <= 992.00
sub-projectiles-rtt-nodeA
             count = 27
               min = 15
               max = 1000
              mean = 485.77
            stddev = 279.09
            median = 517.00
              75% <= 665.00
              95% <= 983.00
              98% <= 1000.00
              99% <= 1000.00
            99.9% <= 1000.00
sub-status-rtt-nodeA
             count = 1336
               min = 9
               max = 84
              mean = 35.11
            stddev = 8.70
            median = 33.00
              75% <= 34.00
              95% <= 66.00
              98% <= 67.00
              99% <= 67.00
            99.9% <= 70.00

-- Meters ----------------------------------------------------------------------
pub-interest-rate-nodeB-blocks-sync
             count = 33
         mean rate = 0.72 events/second
     1-minute rate = 0.76 events/second
     5-minute rate = 0.79 events/second
    15-minute rate = 0.80 events/second
pub-interest-rate-nodeB-projectiles-sync
             count = 53
         mean rate = 1.16 events/second
     1-minute rate = 1.37 events/second
     5-minute rate = 1.54 events/second
    15-minute rate = 1.58 events/second
pub-interest-rate-nodeB-status-sync
             count = 1312
         mean rate = 28.69 events/second
     1-minute rate = 28.82 events/second
     5-minute rate = 28.96 events/second
    15-minute rate = 28.98 events/second


 WARN [bp-queue-proc-/com/stefanolupo/ndngame/0/nodeB/blocks/sync-1] (BasePublisher.java:98) - /com/stefanolupo/ndngame/0/nodeB/blocks/sync: Saw duplicate sn requests
 WARN [bp-queue-proc-/com/stefanolupo/ndngame/0/nodeB/blocks/sync-1] (BasePublisher.java:99) - [16=4, 11=2, 12=5, 15=5, 8=6, 6=9]
DEBUG [bp-queue-proc-/com/stefanolupo/ndngame/0/nodeB/status/sync-1] (BasePublisher.java:96) - /com/stefanolupo/ndngame/0/nodeB/status/sync: No duplicate SN requests seen
 WARN [bp-queue-proc-/com/stefanolupo/ndngame/0/nodeB/blocks/sync-1] (BasePublisher.java:98) - /com/stefanolupo/ndngame/0/nodeB/blocks/sync: Saw duplicate sn requests
 WARN [bp-queue-proc-/com/stefanolupo/ndngame/0/nodeB/blocks/sync-1] (BasePublisher.java:99) - [16=21, 11=2, 12=5, 15=5, 8=6, 6=9]
DEBUG [bp-queue-proc-/com/stefanolupo/ndngame/0/nodeB/status/sync-1] (BasePublisher.java:96) - /com/stefanolupo/ndngame/0/nodeB/status/sync: No duplicate SN requests seen
4/7/19, 11:46:25 PM ============================================================

-- Gauges ----------------------------------------------------------------------
pub-update-percentage-nodeB-blocks-sync
             value = 0.0017817371937639199
pub-update-percentage-nodeB-status-sync
             value = 0.499109131403118

-- Counters --------------------------------------------------------------------
dr-counter-null
             count = 0
dr-counter-skip
             count = 0
dr-counter-threshold
             count = 0
dr-counter-velocity
             count = 0
sub-blocks-interestscounter-nodeA
             count = 73
sub-projectiles-interestscounter-nodeA
             count = 98
sub-status-interestscounter-nodeA
             count = 2203

-- Histograms ------------------------------------------------------------------
eng-status-delta-nodeA
             count = 2200
               min = 0
               max = 112
              mean = 3.36
            stddev = 11.57
            median = 0.00
              75% <= 0.00
              95% <= 22.00
              98% <= 34.00
              99% <= 47.00
            99.9% <= 111.00
sub-blocks-rtt-nodeA
             count = 4
               min = 84
               max = 992
              mean = 628.61
            stddev = 366.18
            median = 872.00
              75% <= 992.00
              95% <= 992.00
              98% <= 992.00
              99% <= 992.00
            99.9% <= 992.00
sub-projectiles-rtt-nodeA
             count = 43
               min = 15
               max = 1000
              mean = 530.83
            stddev = 243.14
            median = 517.00
              75% <= 683.00
              95% <= 1000.00
              98% <= 1000.00
              99% <= 1000.00
            99.9% <= 1000.00
sub-status-rtt-nodeA
             count = 2202
               min = 9
               max = 84
              mean = 34.55
            stddev = 7.50
            median = 33.00
              75% <= 34.00
              95% <= 50.00
              98% <= 67.00
              99% <= 67.00
            99.9% <= 70.00

-- Meters ----------------------------------------------------------------------
pub-interest-rate-nodeB-blocks-sync
             count = 56
         mean rate = 0.74 events/second
     1-minute rate = 0.76 events/second
     5-minute rate = 0.79 events/second
    15-minute rate = 0.79 events/second
pub-interest-rate-nodeB-projectiles-sync
             count = 87
         mean rate = 1.15 events/second
     1-minute rate = 1.28 events/second
     5-minute rate = 1.50 events/second
    15-minute rate = 1.56 events/second
pub-interest-rate-nodeB-status-sync
             count = 2181
         mean rate = 28.80 events/second
     1-minute rate = 28.90 events/second
     5-minute rate = 28.96 events/second
    15-minute rate = 28.98 events/second


 WARN [bp-queue-proc-/com/stefanolupo/ndngame/0/nodeB/blocks/sync-1] (BasePublisher.java:98) - /com/stefanolupo/ndngame/0/nodeB/blocks/sync: Saw duplicate sn requests
 WARN [bp-queue-proc-/com/stefanolupo/ndngame/0/nodeB/blocks/sync-1] (BasePublisher.java:99) - [16=36, 11=2, 12=5, 15=5, 8=6, 6=9]
DEBUG [bp-queue-proc-/com/stefanolupo/ndngame/0/nodeB/status/sync-1] (BasePublisher.java:96) - /com/stefanolupo/ndngame/0/nodeB/status/sync: No duplicate SN requests seen
4/7/19, 11:46:55 PM ============================================================

-- Gauges ----------------------------------------------------------------------
pub-update-percentage-nodeB-blocks-sync
             value = 0.0016696039328448196
pub-update-percentage-nodeB-status-sync
             value = 0.49925788497217066

-- Counters --------------------------------------------------------------------
dr-counter-null
             count = 0
dr-counter-skip
             count = 0
dr-counter-threshold
             count = 0
dr-counter-velocity
             count = 0
sub-blocks-interestscounter-nodeA
             count = 101
sub-projectiles-interestscounter-nodeA
             count = 136
sub-status-interestscounter-nodeA
             count = 3063

-- Histograms ------------------------------------------------------------------
eng-status-delta-nodeA
             count = 3060
               min = 0
               max = 123
              mean = 2.82
            stddev = 10.00
            median = 0.00
              75% <= 0.00
              95% <= 16.00
              98% <= 33.00
              99% <= 40.00
            99.9% <= 123.00
sub-blocks-rtt-nodeA
             count = 6
               min = 84
               max = 992
              mean = 749.54
            stddev = 273.00
            median = 872.00
              75% <= 976.00
              95% <= 992.00
              98% <= 992.00
              99% <= 992.00
            99.9% <= 992.00
sub-projectiles-rtt-nodeA
             count = 61
               min = 15
               max = 1000
              mean = 543.10
            stddev = 232.98
            median = 517.00
              75% <= 682.00
              95% <= 1000.00
              98% <= 1000.00
              99% <= 1000.00
            99.9% <= 1000.00
sub-status-rtt-nodeA
             count = 3062
               min = 16
               max = 84
              mean = 35.15
            stddev = 8.43
            median = 33.00
              75% <= 34.00
              95% <= 50.00
              98% <= 67.00
              99% <= 67.00
            99.9% <= 67.00

-- Meters ----------------------------------------------------------------------
pub-interest-rate-nodeB-blocks-sync
             count = 81
         mean rate = 0.77 events/second
     1-minute rate = 0.79 events/second
     5-minute rate = 0.79 events/second
    15-minute rate = 0.80 events/second
pub-interest-rate-nodeB-projectiles-sync
             count = 124
         mean rate = 1.17 events/second
     1-minute rate = 1.25 events/second
     5-minute rate = 1.47 events/second
    15-minute rate = 1.55 events/second
pub-interest-rate-nodeB-status-sync
             count = 3043
         mean rate = 28.78 events/second
     1-minute rate = 28.85 events/second
     5-minute rate = 28.94 events/second
    15-minute rate = 28.98 events/second


 WARN [bp-queue-proc-/com/stefanolupo/ndngame/0/nodeB/blocks/sync-1] (BasePublisher.java:98) - /com/stefanolupo/ndngame/0/nodeB/blocks/sync: Saw duplicate sn requests
 WARN [bp-queue-proc-/com/stefanolupo/ndngame/0/nodeB/blocks/sync-1] (BasePublisher.java:99) - [17=2, 16=39, 11=2, 12=5, 15=5, 18=12, 8=6, 6=9]
DEBUG [bp-queue-proc-/com/stefanolupo/ndngame/0/nodeB/status/sync-1] (BasePublisher.java:96) - /com/stefanolupo/ndngame/0/nodeB/status/sync: No duplicate SN requests seen
