DEBUG [main] (ConfigManager.java:33) - Initialized with properties: {local.player.status.updates.per.sec=30, facemanager.num.sub.threads.per.face=10, linear.interest.zone.filter.inner.radius=10, projectile.cache.size=20, local.player.status.use.dead.reckoning=true, block.publisher.freshness.period.ms=20, player.status.publisher.freshness.period.ms=20, base.publisher.queue.process.per.sec=60, projectile.sub.inter.interest.max.wait.time.ms=30, linear.interest.zone.filter.outer.radius=20, local.player.dead.reckoning.max.error=0.5, projectile.publisher.queue.process.multithread=true, statistics.logger.log.rate.sec=30, facemanager.max.num.pub.faces=1, facemanager.num.pub.threads.per.face=10, facemanager.max.num.sub.faces=1, block.sub.inter.interest.max.wait.time.ms=2000, projectile.publisher.queue.process.per.sec=60, base.publisher.queue.process.multithread=true, player.sub.inter.interest.max.wait.time.ms=30, linear.interest.zone.filter.enabled=false, projectile.publisher.freshness.period.ms=20}
WARNING: An illegal reflective access operation has occurred
WARNING: Illegal reflective access by com.google.inject.internal.cglib.core.$ReflectUtils$2 (file:/NdnGame/NdnGameLibGdxDesktop-1.0-SNAPSHOT.jar) to method java.lang.ClassLoader.defineClass(java.lang.String,byte[],int,int,java.security.ProtectionDomain)
WARNING: Please consider reporting this to the maintainers of com.google.inject.internal.cglib.core.$ReflectUtils$2
WARNING: Use --illegal-access=warn to enable warnings of further illegal reflective access operations
WARNING: All illegal access operations will be denied in a future release
DEBUG [main] (BackendModule.java:123) - Writing metrics to /metrics/nodeC
 INFO [main] (DesktopLauncher.java:49) - Launching headless game
 INFO [main] (DesktopLauncher.java:50) - LocalConfig{playerName='nodeC', isMasterView=false, isAutomated=true, automationType='wsp', isHeadless=true, gameId=0, screenWidth=600, screenHeight=600, targetFrameRate=60}
DEBUG [main] (AutomatedInputController.java:52) - Starting with automation type: wsp
DEBUG [main] (BasePublisher.java:67) - Registering /com/stefanolupo/ndngame/0/nodeC/blocks/sync
DEBUG [main] (BasePublisher.java:67) - Registering /com/stefanolupo/ndngame/0/nodeC/status/sync
DEBUG [log-schedule-0] (LocalPlayerStatusSystem.java:150) - Null: 0, vel: 0, deadReckoning: 0, deadReckoningSkip: 0, actionable: NaN
Apr 07, 2019 10:42:21 PM net.named_data.jndn.Node$RegisterResponse onData
INFO: Register prefix succeeded with the NFD forwarder for prefix /com/stefanolupo/ndngame/0/nodeC/blocks/sync
Apr 07, 2019 10:42:21 PM net.named_data.jndn.Node$RegisterResponse onData
INFO: Register prefix succeeded with the NFD forwarder for prefix /com/stefanolupo/ndngame/0/nodeC/status/sync
Apr 07, 2019 10:42:21 PM net.named_data.jndn.Node$RegisterResponse onData
INFO: Register prefix failed: Expected NFD status code 200, got: 403
 WARN [fm-pub-0-4] (FaceManager.java:150) - Failed to register prefix: /com/stefanolupo/ndngame/0/nodeC/blocks/interact, retrying..
Apr 07, 2019 10:42:21 PM net.named_data.jndn.Node$RegisterResponse onData
INFO: Register prefix succeeded with the NFD forwarder for prefix /com/stefanolupo/ndngame/0/nodeC/projectiles/interact
Apr 07, 2019 10:42:21 PM net.named_data.jndn.Node$RegisterResponse onData
INFO: Register prefix failed: Expected NFD status code 200, got: 403
 WARN [fm-pub-0-3] (FaceManager.java:150) - Failed to register prefix: /com/stefanolupo/ndngame/0/nodeC/projectiles/sync, retrying..
Apr 07, 2019 10:42:21 PM net.named_data.jndn.Node$RegisterResponse onData
INFO: Register prefix succeeded with the NFD forwarder for prefix /com/stefanolupo/ndngame/0/nodeC/blocks/interact
Apr 07, 2019 10:42:21 PM net.named_data.jndn.Node$RegisterResponse onData
INFO: Register prefix succeeded with the NFD forwarder for prefix /com/stefanolupo/ndngame/0/nodeC/projectiles/sync
Apr 07, 2019 10:42:26 PM net.named_data.jndn.Node$RegisterResponse onData
INFO: Register prefix succeeded with the NFD forwarder for prefix /com/stefanolupo/ndngame/0/config/broadcast
Apr 07, 2019 10:42:26 PM net.named_data.jndn.Node$RegisterResponse onData
INFO: Register prefix succeeded with the NFD forwarder for prefix /com/stefanolupo/ndngame/0/config/nodeC
 INFO [cs-/com/stefanolupo/ndngame/0/config/nodeC-0] (ChronoSynced.java:93) - Initialized ChronoSyncedMap for /com/stefanolupo/ndngame/0/config/nodeC
Apr 07, 2019 10:42:26 PM net.named_data.jndn.Node$RegisterResponse onData
INFO: Register prefix succeeded with the NFD forwarder for prefix /com/stefanolupo/ndngame/0/discovery/broadcast
Apr 07, 2019 10:42:26 PM net.named_data.jndn.Node$RegisterResponse onData
INFO: Register prefix succeeded with the NFD forwarder for prefix /com/stefanolupo/ndngame/0/discovery/nodeC
 INFO [cs-/com/stefanolupo/ndngame/0/discovery/nodeC-0] (ChronoSynced.java:93) - Initialized ChronoSyncedMap for /com/stefanolupo/ndngame/0/discovery/nodeC
DEBUG [log-schedule-0] (LocalPlayerStatusSystem.java:150) - Null: 0, vel: 0, deadReckoning: 0, deadReckoningSkip: 0, actionable: NaN
DEBUG [bp-queue-proc-/com/stefanolupo/ndngame/0/nodeC/blocks/sync-1] (BasePublisher.java:96) - /com/stefanolupo/ndngame/0/nodeC/blocks/sync: No duplicate SN requests seen
DEBUG [bp-queue-proc-/com/stefanolupo/ndngame/0/nodeC/status/sync-1] (BasePublisher.java:96) - /com/stefanolupo/ndngame/0/nodeC/status/sync: No duplicate SN requests seen
DEBUG [log-schedule-0] (LocalPlayerStatusSystem.java:150) - Null: 0, vel: 0, deadReckoning: 0, deadReckoningSkip: 0, actionable: NaN
4/7/19, 10:42:51 PM ============================================================

-- Gauges ----------------------------------------------------------------------
pub-update-percentage-nodeC-blocks-sync
             value = 0.0
pub-update-percentage-nodeC-status-sync
             value = 0.0

-- Counters --------------------------------------------------------------------
dr-counter-null
             count = 0
dr-counter-skip
             count = 0
dr-counter-threshold
             count = 0
dr-counter-velocity
             count = 0


DEBUG [log-schedule-0] (LocalPlayerStatusSystem.java:150) - Null: 0, vel: 0, deadReckoning: 0, deadReckoningSkip: 0, actionable: NaN
DEBUG [bp-queue-proc-/com/stefanolupo/ndngame/0/nodeC/blocks/sync-1] (BasePublisher.java:96) - /com/stefanolupo/ndngame/0/nodeC/blocks/sync: No duplicate SN requests seen
DEBUG [bp-queue-proc-/com/stefanolupo/ndngame/0/nodeC/status/sync-1] (BasePublisher.java:96) - /com/stefanolupo/ndngame/0/nodeC/status/sync: No duplicate SN requests seen
DEBUG [log-schedule-0] (LocalPlayerStatusSystem.java:150) - Null: 0, vel: 0, deadReckoning: 0, deadReckoningSkip: 0, actionable: NaN
DEBUG [log-schedule-0] (LocalPlayerStatusSystem.java:150) - Null: 0, vel: 0, deadReckoning: 0, deadReckoningSkip: 0, actionable: NaN
4/7/19, 10:43:21 PM ============================================================

-- Gauges ----------------------------------------------------------------------
pub-update-percentage-nodeC-blocks-sync
             value = 0.0011154489682097045
pub-update-percentage-nodeC-status-sync
             value = 0.0

-- Counters --------------------------------------------------------------------
dr-counter-null
             count = 0
dr-counter-skip
             count = 0
dr-counter-threshold
             count = 0
dr-counter-velocity
             count = 0


DEBUG [bp-queue-proc-/com/stefanolupo/ndngame/0/nodeC/blocks/sync-1] (BasePublisher.java:96) - /com/stefanolupo/ndngame/0/nodeC/blocks/sync: No duplicate SN requests seen
DEBUG [bp-queue-proc-/com/stefanolupo/ndngame/0/nodeC/status/sync-1] (BasePublisher.java:96) - /com/stefanolupo/ndngame/0/nodeC/status/sync: No duplicate SN requests seen
DEBUG [log-schedule-0] (LocalPlayerStatusSystem.java:150) - Null: 0, vel: 0, deadReckoning: 0, deadReckoningSkip: 0, actionable: NaN
 INFO [cs-/com/stefanolupo/ndngame/0/discovery/nodeC-0] (PlayerStatusSubscriber.java:59) - Adding subscription for nodeD
 INFO [cs-/com/stefanolupo/ndngame/0/discovery/nodeC-0] (BlockSubscriber.java:54) - Adding subscription for /com/stefanolupo/ndngame/0/nodeD/blocks/sync/0/0/0
 INFO [cs-/com/stefanolupo/ndngame/0/discovery/nodeC-0] (ProjectileSubscriber.java:53) - Adding subscription for /com/stefanolupo/ndngame/0/nodeD/projectiles/sync/0/0/0
 INFO [cs-/com/stefanolupo/ndngame/0/discovery/nodeC-0] (PlayerStatusSubscriber.java:59) - Adding subscription for nodeB
 INFO [cs-/com/stefanolupo/ndngame/0/discovery/nodeC-0] (BlockSubscriber.java:54) - Adding subscription for /com/stefanolupo/ndngame/0/nodeB/blocks/sync/0/0/0
 INFO [cs-/com/stefanolupo/ndngame/0/discovery/nodeC-0] (ProjectileSubscriber.java:53) - Adding subscription for /com/stefanolupo/ndngame/0/nodeB/projectiles/sync/0/0/0
DEBUG [log-schedule-0] (LocalPlayerStatusSystem.java:150) - Null: 0, vel: 0, deadReckoning: 0, deadReckoningSkip: 0, actionable: NaN
ERROR [HeadlessApplication] (ProjectileCollisionSystem.java:62) - Type component was null for collision with PROJECTILE
DEBUG [HeadlessApplication] (ProjectileCollisionSystem.java:108) - Bullet hit me, notifying owner and decreasing my health
DEBUG [HeadlessApplication] (ProjectileCollisionSystem.java:108) - Bullet hit me, notifying owner and decreasing my health
 INFO [fm-pub-0-8] (ProjectilePublisher.java:133) - Creating interest meter
 INFO [cs-/com/stefanolupo/ndngame/0/discovery/nodeC-0] (PlayerStatusSubscriber.java:59) - Adding subscription for nodeA
 INFO [cs-/com/stefanolupo/ndngame/0/discovery/nodeC-0] (BlockSubscriber.java:54) - Adding subscription for /com/stefanolupo/ndngame/0/nodeA/blocks/sync/0/0/0
 INFO [cs-/com/stefanolupo/ndngame/0/discovery/nodeC-0] (ProjectileSubscriber.java:53) - Adding subscription for /com/stefanolupo/ndngame/0/nodeA/projectiles/sync/0/0/0
DEBUG [HeadlessApplication] (ProjectileCollisionSystem.java:108) - Bullet hit me, notifying owner and decreasing my health
DEBUG [HeadlessApplication] (ProjectileCollisionSystem.java:108) - Bullet hit me, notifying owner and decreasing my health
DEBUG [HeadlessApplication] (ProjectileCollisionSystem.java:108) - Bullet hit me, notifying owner and decreasing my health
DEBUG [HeadlessApplication] (ProjectileCollisionSystem.java:108) - Bullet hit me, notifying owner and decreasing my health
DEBUG [HeadlessApplication] (ProjectileCollisionSystem.java:108) - Bullet hit me, notifying owner and decreasing my health
 WARN [bp-queue-proc-/com/stefanolupo/ndngame/0/nodeC/blocks/sync-1] (BasePublisher.java:98) - /com/stefanolupo/ndngame/0/nodeC/blocks/sync: Saw duplicate sn requests
 WARN [bp-queue-proc-/com/stefanolupo/ndngame/0/nodeC/blocks/sync-1] (BasePublisher.java:99) - [0=2, 16=2, 14=4, 12=2, 13=3]
 WARN [bp-queue-proc-/com/stefanolupo/ndngame/0/nodeC/status/sync-1] (BasePublisher.java:98) - /com/stefanolupo/ndngame/0/nodeC/status/sync: Saw duplicate sn requests
 WARN [bp-queue-proc-/com/stefanolupo/ndngame/0/nodeC/status/sync-1] (BasePublisher.java:99) - [0=2, 65=2, 90=2]
DEBUG [log-schedule-0] (LocalPlayerStatusSystem.java:150) - Null: 2, vel: 29, deadReckoning: 89, deadReckoningSkip: 155, actionable: 0.43636364
DEBUG [HeadlessApplication] (ProjectileCollisionSystem.java:108) - Bullet hit me, notifying owner and decreasing my health
4/7/19, 10:43:51 PM ============================================================

-- Gauges ----------------------------------------------------------------------
pub-update-percentage-nodeC-blocks-sync
             value = 0.003713330857779428
pub-update-percentage-nodeC-status-sync
             value = 0.05142963238024508

-- Counters --------------------------------------------------------------------
dr-counter-null
             count = 2
dr-counter-skip
             count = 274
dr-counter-threshold
             count = 218
dr-counter-velocity
             count = 58
sub-blocks-interestscounter-nodeA
             count = 16
sub-blocks-interestscounter-nodeB
             count = 18
sub-blocks-interestscounter-nodeD
             count = 16
sub-projectiles-interestscounter-nodeA
             count = 23
sub-projectiles-interestscounter-nodeB
             count = 25
sub-projectiles-interestscounter-nodeD
             count = 26
sub-status-interestscounter-nodeA
             count = 244
sub-status-interestscounter-nodeB
             count = 264
sub-status-interestscounter-nodeD
             count = 269

-- Histograms ------------------------------------------------------------------
eng-status-delta-nodeA
             count = 238
               min = 0
               max = 133
              mean = 16.38
            stddev = 30.46
            median = 0.00
              75% <= 16.00
              95% <= 102.00
              98% <= 122.00
              99% <= 123.00
            99.9% <= 133.00
eng-status-delta-nodeB
             count = 257
               min = 0
               max = 136
              mean = 9.83
            stddev = 20.47
            median = 0.00
              75% <= 11.00
              95% <= 47.00
              98% <= 93.00
              99% <= 104.00
            99.9% <= 136.00
eng-status-delta-nodeD
             count = 263
               min = 0
               max = 142
              mean = 8.91
            stddev = 18.55
            median = 0.00
              75% <= 11.00
              95% <= 44.00
              98% <= 68.00
              99% <= 111.00
            99.9% <= 142.00
sub-blocks-rtt-nodeA
             count = 2
               min = 471
               max = 672
              mean = 568.49
            stddev = 100.45
            median = 471.00
              75% <= 672.00
              95% <= 672.00
              98% <= 672.00
              99% <= 672.00
            99.9% <= 672.00
sub-blocks-rtt-nodeB
             count = 2
               min = 770
               max = 959
              mean = 854.61
            stddev = 93.98
            median = 770.00
              75% <= 959.00
              95% <= 959.00
              98% <= 959.00
              99% <= 959.00
            99.9% <= 959.00
sub-blocks-rtt-nodeD
             count = 4
               min = 37
               max = 985
              mean = 453.58
            stddev = 338.66
            median = 369.00
              75% <= 985.00
              95% <= 985.00
              98% <= 985.00
              99% <= 985.00
            99.9% <= 985.00
sub-projectiles-rtt-nodeA
             count = 12
               min = 53
               max = 999
              mean = 654.13
            stddev = 228.99
            median = 666.00
              75% <= 800.00
              95% <= 999.00
              98% <= 999.00
              99% <= 999.00
            99.9% <= 999.00
sub-projectiles-rtt-nodeB
             count = 12
               min = 26
               max = 966
              mean = 619.82
            stddev = 244.39
            median = 615.00
              75% <= 799.00
              95% <= 966.00
              98% <= 966.00
              99% <= 966.00
            99.9% <= 966.00
sub-projectiles-rtt-nodeD
             count = 12
               min = 12
               max = 1000
              mean = 522.98
            stddev = 306.20
            median = 516.00
              75% <= 666.00
              95% <= 1000.00
              98% <= 1000.00
              99% <= 1000.00
            99.9% <= 1000.00
sub-status-rtt-nodeA
             count = 241
               min = 4
               max = 1000
              mean = 66.03
            stddev = 127.83
            median = 33.00
              75% <= 41.00
              95% <= 391.00
              98% <= 531.00
              99% <= 733.00
            99.9% <= 1000.00
sub-status-rtt-nodeB
             count = 259
               min = 5
               max = 966
              mean = 60.39
            stddev = 112.39
            median = 33.00
              75% <= 43.00
              95% <= 91.00
              98% <= 517.00
              99% <= 722.00
            99.9% <= 966.00
sub-status-rtt-nodeD
             count = 265
               min = 12
               max = 949
              mean = 62.71
            stddev = 116.15
            median = 33.00
              75% <= 49.00
              95% <= 98.00
              98% <= 550.00
              99% <= 667.00
            99.9% <= 949.00

-- Meters ----------------------------------------------------------------------
pub-interest-rate-nodeC-blocks-sync
             count = 31
         mean rate = 1.62 events/second
     1-minute rate = 1.11 events/second
     5-minute rate = 1.02 events/second
    15-minute rate = 1.01 events/second
pub-interest-rate-nodeC-projectiles-sync
             count = 27
         mean rate = 1.41 events/second
     1-minute rate = 1.23 events/second
     5-minute rate = 1.21 events/second
    15-minute rate = 1.20 events/second
pub-interest-rate-nodeC-status-sync
             count = 284
         mean rate = 14.80 events/second
     1-minute rate = 17.79 events/second
     5-minute rate = 18.42 events/second
    15-minute rate = 18.54 events/second


DEBUG [log-schedule-0] (LocalPlayerStatusSystem.java:150) - Null: 2, vel: 59, deadReckoning: 225, deadReckoningSkip: 274, actionable: 0.5107143
DEBUG [HeadlessApplication] (ProjectileCollisionSystem.java:108) - Bullet hit me, notifying owner and decreasing my health
DEBUG [HeadlessApplication] (ProjectileCollisionSystem.java:108) - Bullet hit me, notifying owner and decreasing my health
DEBUG [HeadlessApplication] (ProjectileCollisionSystem.java:108) - Bullet hit me, notifying owner and decreasing my health
 WARN [bp-queue-proc-/com/stefanolupo/ndngame/0/nodeC/blocks/sync-1] (BasePublisher.java:98) - /com/stefanolupo/ndngame/0/nodeC/blocks/sync: Saw duplicate sn requests
 WARN [bp-queue-proc-/com/stefanolupo/ndngame/0/nodeC/blocks/sync-1] (BasePublisher.java:99) - [20=4, 21=4, 0=2, 18=6, 22=2, 13=8, 14=6, 16=14, 12=2]
 WARN [bp-queue-proc-/com/stefanolupo/ndngame/0/nodeC/status/sync-1] (BasePublisher.java:98) - /com/stefanolupo/ndngame/0/nodeC/status/sync: Saw duplicate sn requests
 WARN [bp-queue-proc-/com/stefanolupo/ndngame/0/nodeC/status/sync-1] (BasePublisher.java:99) - [0=2, 65=2, 241=2, 405=2, 90=2, 173=2]
DEBUG [log-schedule-0] (LocalPlayerStatusSystem.java:150) - Null: 2, vel: 81, deadReckoning: 346, deadReckoningSkip: 419, actionable: 0.5058962
DEBUG [log-schedule-0] (LocalPlayerStatusSystem.java:150) - Null: 2, vel: 107, deadReckoning: 511, deadReckoningSkip: 509, actionable: 0.5491586
4/7/19, 10:44:21 PM ============================================================

-- Gauges ----------------------------------------------------------------------
pub-update-percentage-nodeC-blocks-sync
             value = 0.0034789869190091846
pub-update-percentage-nodeC-status-sync
             value = 0.10659615919844141

-- Counters --------------------------------------------------------------------
dr-counter-null
             count = 2
dr-counter-skip
             count = 637
dr-counter-threshold
             count = 637
dr-counter-velocity
             count = 129
sub-blocks-interestscounter-nodeA
             count = 46
sub-blocks-interestscounter-nodeB
             count = 46
sub-blocks-interestscounter-nodeD
             count = 44
sub-projectiles-interestscounter-nodeA
             count = 61
sub-projectiles-interestscounter-nodeB
             count = 65
sub-projectiles-interestscounter-nodeD
             count = 63
sub-status-interestscounter-nodeA
             count = 723
sub-status-interestscounter-nodeB
             count = 751
sub-status-interestscounter-nodeD
             count = 757

-- Histograms ------------------------------------------------------------------
eng-status-delta-nodeA
             count = 712
               min = 0
               max = 133
              mean = 8.37
            stddev = 19.72
            median = 0.00
              75% <= 11.00
              95% <= 39.00
              98% <= 86.00
              99% <= 122.00
            99.9% <= 133.00
eng-status-delta-nodeB
             count = 740
               min = 0
               max = 136
              mean = 6.18
            stddev = 14.40
            median = 0.00
              75% <= 11.00
              95% <= 33.00
              98% <= 47.00
              99% <= 68.00
            99.9% <= 136.00
eng-status-delta-nodeD
             count = 746
               min = 0
               max = 142
              mean = 5.97
            stddev = 14.17
            median = 0.00
              75% <= 11.00
              95% <= 22.00
              98% <= 44.00
              99% <= 78.00
            99.9% <= 131.00
sub-blocks-rtt-nodeA
             count = 2
               min = 471
               max = 672
              mean = 568.49
            stddev = 100.45
            median = 471.00
              75% <= 672.00
              95% <= 672.00
              98% <= 672.00
              99% <= 672.00
            99.9% <= 672.00
sub-blocks-rtt-nodeB
             count = 4
               min = 162
               max = 959
              mean = 573.51
            stddev = 311.59
            median = 700.00
              75% <= 770.00
              95% <= 959.00
              98% <= 959.00
              99% <= 959.00
            99.9% <= 959.00
sub-blocks-rtt-nodeD
             count = 6
               min = 37
               max = 985
              mean = 336.76
            stddev = 296.18
            median = 257.00
              75% <= 369.00
              95% <= 985.00
              98% <= 985.00
              99% <= 985.00
            99.9% <= 985.00
sub-projectiles-rtt-nodeA
             count = 27
               min = 15
               max = 999
              mean = 522.26
            stddev = 323.16
            median = 583.00
              75% <= 732.00
              95% <= 999.00
              98% <= 999.00
              99% <= 999.00
            99.9% <= 999.00
sub-projectiles-rtt-nodeB
             count = 27
               min = 13
               max = 966
              mean = 422.92
            stddev = 283.15
            median = 516.00
              75% <= 615.00
              95% <= 960.00
              98% <= 966.00
              99% <= 966.00
            99.9% <= 966.00
sub-projectiles-rtt-nodeD
             count = 27
               min = 12
               max = 1000
              mean = 520.53
            stddev = 308.79
            median = 517.00
              75% <= 683.00
              95% <= 1000.00
              98% <= 1000.00
              99% <= 1000.00
            99.9% <= 1000.00
sub-status-rtt-nodeA
             count = 716
               min = 4
               max = 1000
              mean = 56.56
            stddev = 105.26
            median = 33.00
              75% <= 34.00
              95% <= 69.00
              98% <= 501.00
              99% <= 574.00
            99.9% <= 1000.00
sub-status-rtt-nodeB
             count = 742
               min = 5
               max = 966
              mean = 55.40
            stddev = 98.48
            median = 33.00
              75% <= 34.00
              95% <= 83.00
              98% <= 450.00
              99% <= 561.00
            99.9% <= 816.00
sub-status-rtt-nodeD
             count = 749
               min = 12
               max = 949
              mean = 56.25
            stddev = 101.94
            median = 33.00
              75% <= 35.00
              95% <= 67.00
              98% <= 517.00
              99% <= 550.00
            99.9% <= 817.00

-- Meters ----------------------------------------------------------------------
pub-interest-rate-nodeC-blocks-sync
             count = 90
         mean rate = 1.83 events/second
     1-minute rate = 1.41 events/second
     5-minute rate = 1.10 events/second
    15-minute rate = 1.04 events/second
pub-interest-rate-nodeC-projectiles-sync
             count = 67
         mean rate = 1.36 events/second
     1-minute rate = 1.29 events/second
     5-minute rate = 1.22 events/second
    15-minute rate = 1.21 events/second
pub-interest-rate-nodeC-status-sync
             count = 777
         mean rate = 15.80 events/second
     1-minute rate = 17.20 events/second
     5-minute rate = 18.21 events/second
    15-minute rate = 18.46 events/second


 WARN [bp-queue-proc-/com/stefanolupo/ndngame/0/nodeC/blocks/sync-1] (BasePublisher.java:98) - /com/stefanolupo/ndngame/0/nodeC/blocks/sync: Saw duplicate sn requests
 WARN [bp-queue-proc-/com/stefanolupo/ndngame/0/nodeC/blocks/sync-1] (BasePublisher.java:99) - [20=4, 0=2, 24=10, 18=6, 13=8, 22=3, 21=18, 14=6, 23=13, 25=4, 12=2, 16=14]
 WARN [bp-queue-proc-/com/stefanolupo/ndngame/0/nodeC/status/sync-1] (BasePublisher.java:98) - /com/stefanolupo/ndngame/0/nodeC/status/sync: Saw duplicate sn requests
 WARN [bp-queue-proc-/com/stefanolupo/ndngame/0/nodeC/status/sync-1] (BasePublisher.java:99) - [0=2, 65=2, 241=2, 405=2, 725=2, 90=2, 447=2, 687=2, 173=2, 429=2]
DEBUG [log-schedule-0] (LocalPlayerStatusSystem.java:150) - Null: 2, vel: 129, deadReckoning: 644, deadReckoningSkip: 637, actionable: 0.54886687
DEBUG [log-schedule-0] (LocalPlayerStatusSystem.java:150) - Null: 2, vel: 153, deadReckoning: 800, deadReckoningSkip: 735, actionable: 0.56508875
 WARN [bp-queue-proc-/com/stefanolupo/ndngame/0/nodeC/blocks/sync-1] (BasePublisher.java:98) - /com/stefanolupo/ndngame/0/nodeC/blocks/sync: Saw duplicate sn requests
 WARN [bp-queue-proc-/com/stefanolupo/ndngame/0/nodeC/blocks/sync-1] (BasePublisher.java:99) - [20=4, 0=2, 24=10, 18=6, 13=8, 22=3, 14=6, 25=16, 21=31, 23=26, 12=2, 16=14]
 WARN [bp-queue-proc-/com/stefanolupo/ndngame/0/nodeC/status/sync-1] (BasePublisher.java:98) - /com/stefanolupo/ndngame/0/nodeC/status/sync: Saw duplicate sn requests
 WARN [bp-queue-proc-/com/stefanolupo/ndngame/0/nodeC/status/sync-1] (BasePublisher.java:99) - [0=2, 65=2, 687=2, 173=2, 429=2, 241=2, 1137=2, 1143=2, 405=2, 725=2, 90=2, 795=2, 824=2, 1144=2, 447=2]
DEBUG [log-schedule-0] (LocalPlayerStatusSystem.java:150) - Null: 2, vel: 176, deadReckoning: 966, deadReckoningSkip: 863, actionable: 0.570005
4/7/19, 10:44:51 PM ============================================================

-- Gauges ----------------------------------------------------------------------
pub-update-percentage-nodeC-blocks-sync
             value = 0.0030046739372357
pub-update-percentage-nodeC-status-sync
             value = 0.14032940129089694

-- Counters --------------------------------------------------------------------
dr-counter-null
             count = 2
dr-counter-skip
             count = 1044
dr-counter-threshold
             count = 1069
dr-counter-velocity
             count = 193
sub-blocks-interestscounter-nodeA
             count = 75
sub-blocks-interestscounter-nodeB
             count = 75
sub-blocks-interestscounter-nodeD
             count = 73
sub-projectiles-interestscounter-nodeA
             count = 97
sub-projectiles-interestscounter-nodeB
             count = 103
sub-projectiles-interestscounter-nodeD
             count = 103
sub-status-interestscounter-nodeA
             count = 1240
sub-status-interestscounter-nodeB
             count = 1245
sub-status-interestscounter-nodeD
             count = 1251

-- Histograms ------------------------------------------------------------------
eng-status-delta-nodeA
             count = 1225
               min = 0
               max = 324
              mean = 6.07
            stddev = 16.72
            median = 0.00
              75% <= 11.00
              95% <= 31.00
              98% <= 40.00
              99% <= 71.00
            99.9% <= 133.00
eng-status-delta-nodeB
             count = 1229
               min = 0
               max = 126
              mean = 4.98
            stddev = 10.29
            median = 0.00
              75% <= 11.00
              95% <= 22.00
              98% <= 33.00
              99% <= 47.00
            99.9% <= 95.00
eng-status-delta-nodeD
             count = 1236
               min = 0
               max = 142
              mean = 4.97
            stddev = 11.57
            median = 0.00
              75% <= 11.00
              95% <= 22.00
              98% <= 38.00
              99% <= 48.00
            99.9% <= 131.00
sub-blocks-rtt-nodeA
             count = 3
               min = 326
               max = 672
              mean = 441.10
            stddev = 139.47
            median = 326.00
              75% <= 471.00
              95% <= 672.00
              98% <= 672.00
              99% <= 672.00
            99.9% <= 672.00
sub-blocks-rtt-nodeB
             count = 5
               min = 162
               max = 959
              mean = 615.54
            stddev = 274.59
            median = 728.00
              75% <= 770.00
              95% <= 959.00
              98% <= 959.00
              99% <= 959.00
            99.9% <= 959.00
sub-blocks-rtt-nodeD
             count = 7
               min = 37
               max = 985
              mean = 345.74
            stddev = 259.61
            median = 368.00
              75% <= 375.00
              95% <= 985.00
              98% <= 985.00
              99% <= 985.00
            99.9% <= 985.00
sub-projectiles-rtt-nodeA
             count = 41
               min = 15
               max = 999
              mean = 554.01
            stddev = 290.97
            median = 532.00
              75% <= 767.00
              95% <= 999.00
              98% <= 999.00
              99% <= 999.00
            99.9% <= 999.00
sub-projectiles-rtt-nodeB
             count = 43
               min = 13
               max = 1000
              mean = 489.01
            stddev = 267.61
            median = 516.00
              75% <= 681.00
              95% <= 960.00
              98% <= 1000.00
              99% <= 1000.00
            99.9% <= 1000.00
sub-projectiles-rtt-nodeD
             count = 44
               min = 12
               max = 1000
              mean = 485.00
            stddev = 285.20
            median = 517.00
              75% <= 633.00
              95% <= 1000.00
              98% <= 1000.00
              99% <= 1000.00
            99.9% <= 1000.00
sub-status-rtt-nodeA
             count = 1229
               min = 5
               max = 1000
              mean = 53.55
            stddev = 96.36
            median = 33.00
              75% <= 34.00
              95% <= 67.00
              98% <= 433.00
              99% <= 533.00
            99.9% <= 966.00
sub-status-rtt-nodeB
             count = 1231
               min = 8
               max = 966
              mean = 54.02
            stddev = 96.90
            median = 33.00
              75% <= 34.00
              95% <= 67.00
              98% <= 417.00
              99% <= 534.00
            99.9% <= 949.00
sub-status-rtt-nodeD
             count = 1238
               min = 5
               max = 967
              mean = 52.68
            stddev = 93.45
            median = 33.00
              75% <= 34.00
              95% <= 67.00
              98% <= 417.00
              99% <= 533.00
            99.9% <= 967.00

-- Meters ----------------------------------------------------------------------
pub-interest-rate-nodeC-blocks-sync
             count = 148
         mean rate = 1.87 events/second
     1-minute rate = 1.64 events/second
     5-minute rate = 1.19 events/second
    15-minute rate = 1.07 events/second
pub-interest-rate-nodeC-projectiles-sync
             count = 104
         mean rate = 1.31 events/second
     1-minute rate = 1.24 events/second
     5-minute rate = 1.22 events/second
    15-minute rate = 1.21 events/second
pub-interest-rate-nodeC-status-sync
             count = 1279
         mean rate = 16.15 events/second
     1-minute rate = 17.49 events/second
     5-minute rate = 18.18 events/second
    15-minute rate = 18.44 events/second


DEBUG [log-schedule-0] (LocalPlayerStatusSystem.java:150) - Null: 2, vel: 195, deadReckoning: 1070, deadReckoningSkip: 1049, actionable: 0.5470639
 WARN [bp-queue-proc-/com/stefanolupo/ndngame/0/nodeC/blocks/sync-1] (BasePublisher.java:98) - /com/stefanolupo/ndngame/0/nodeC/blocks/sync: Saw duplicate sn requests
 WARN [bp-queue-proc-/com/stefanolupo/ndngame/0/nodeC/blocks/sync-1] (BasePublisher.java:99) - [0=2, 25=29, 13=8, 14=6, 12=2, 20=4, 23=39, 24=10, 18=6, 21=33, 22=3, 27=13, 16=14]
 WARN [bp-queue-proc-/com/stefanolupo/ndngame/0/nodeC/status/sync-1] (BasePublisher.java:98) - /com/stefanolupo/ndngame/0/nodeC/status/sync: Saw duplicate sn requests
 WARN [bp-queue-proc-/com/stefanolupo/ndngame/0/nodeC/status/sync-1] (BasePublisher.java:99) - [0=2, 65=2, 687=2, 1327=2, 173=2, 429=2, 241=2, 1137=2, 1264=3, 1206=2, 1143=2, 405=2, 725=2, 90=2, 795=2, 824=2, 1144=2, 1273=2, 447=2]
DEBUG [log-schedule-0] (LocalPlayerStatusSystem.java:150) - Null: 2, vel: 223, deadReckoning: 1229, deadReckoningSkip: 1150, actionable: 0.5583717
DEBUG [HeadlessApplication] (ProjectileCollisionSystem.java:108) - Bullet hit me, notifying owner and decreasing my health
DEBUG [log-schedule-0] (LocalPlayerStatusSystem.java:150) - Null: 2, vel: 245, deadReckoning: 1336, deadReckoningSkip: 1308, actionable: 0.5475614
4/7/19, 10:45:21 PM ============================================================

-- Gauges ----------------------------------------------------------------------
pub-update-percentage-nodeC-blocks-sync
             value = 0.0029668088262562583
pub-update-percentage-nodeC-status-sync
             value = 0.15835342110142778

-- Counters --------------------------------------------------------------------
dr-counter-null
             count = 2
dr-counter-skip
             count = 1454
dr-counter-threshold
             count = 1445
dr-counter-velocity
             count = 265
sub-blocks-interestscounter-nodeA
             count = 104
sub-blocks-interestscounter-nodeB
             count = 104
sub-blocks-interestscounter-nodeD
             count = 103
sub-projectiles-interestscounter-nodeA
             count = 137
sub-projectiles-interestscounter-nodeB
             count = 141
sub-projectiles-interestscounter-nodeD
             count = 141
sub-status-interestscounter-nodeA
             count = 1646
sub-status-interestscounter-nodeB
             count = 1683
sub-status-interestscounter-nodeD
             count = 1690

-- Histograms ------------------------------------------------------------------
eng-status-delta-nodeA
             count = 1622
               min = 0
               max = 385
              mean = 6.27
            stddev = 19.64
            median = 0.00
              75% <= 11.00
              95% <= 31.00
              98% <= 40.00
              99% <= 71.00
            99.9% <= 385.00
eng-status-delta-nodeB
             count = 1661
               min = 0
               max = 212
              mean = 6.52
            stddev = 16.93
            median = 0.00
              75% <= 11.00
              95% <= 31.00
              98% <= 47.00
              99% <= 104.00
            99.9% <= 212.00
eng-status-delta-nodeD
             count = 1670
               min = 0
               max = 269
              mean = 6.08
            stddev = 18.50
            median = 0.00
              75% <= 11.00
              95% <= 22.00
              98% <= 50.00
              99% <= 113.00
            99.9% <= 269.00
sub-blocks-rtt-nodeA
             count = 4
               min = 101
               max = 672
              mean = 274.77
            stddev = 197.08
            median = 326.00
              75% <= 326.00
              95% <= 672.00
              98% <= 672.00
              99% <= 672.00
            99.9% <= 672.00
sub-blocks-rtt-nodeB
             count = 6
               min = 162
               max = 984
              mean = 756.68
            stddev = 280.36
            median = 770.00
              75% <= 984.00
              95% <= 984.00
              98% <= 984.00
              99% <= 984.00
            99.9% <= 984.00
sub-blocks-rtt-nodeD
             count = 7
               min = 37
               max = 985
              mean = 345.74
            stddev = 259.61
            median = 368.00
              75% <= 375.00
              95% <= 985.00
              98% <= 985.00
              99% <= 985.00
            99.9% <= 985.00
sub-projectiles-rtt-nodeA
             count = 59
               min = 14
               max = 1000
              mean = 491.74
            stddev = 289.54
            median = 532.00
              75% <= 666.00
              95% <= 999.00
              98% <= 1000.00
              99% <= 1000.00
            99.9% <= 1000.00
sub-projectiles-rtt-nodeB
             count = 60
               min = 13
               max = 1000
              mean = 495.96
            stddev = 257.35
            median = 517.00
              75% <= 616.00
              95% <= 966.00
              98% <= 999.00
              99% <= 1000.00
            99.9% <= 1000.00
sub-projectiles-rtt-nodeD
             count = 59
               min = 12
               max = 1000
              mean = 460.70
            stddev = 289.50
            median = 517.00
              75% <= 666.00
              95% <= 1000.00
              98% <= 1000.00
              99% <= 1000.00
            99.9% <= 1000.00
sub-status-rtt-nodeA
             count = 1627
               min = 5
               max = 1000
              mean = 56.06
            stddev = 101.36
            median = 33.00
              75% <= 34.00
              95% <= 67.00
              98% <= 500.00
              99% <= 566.00
            99.9% <= 933.00
sub-status-rtt-nodeB
             count = 1663
               min = 8
               max = 966
              mean = 52.41
            stddev = 87.88
            median = 33.00
              75% <= 34.00
              95% <= 83.00
              98% <= 417.00
              99% <= 547.00
            99.9% <= 949.00
sub-status-rtt-nodeD
             count = 1672
               min = 5
               max = 994
              mean = 56.44
            stddev = 107.17
            median = 33.00
              75% <= 34.00
              95% <= 72.00
              98% <= 522.00
              99% <= 720.00
            99.9% <= 994.00

-- Meters ----------------------------------------------------------------------
pub-interest-rate-nodeC-blocks-sync
             count = 207
         mean rate = 1.90 events/second
     1-minute rate = 1.78 events/second
     5-minute rate = 1.27 events/second
    15-minute rate = 1.10 events/second
pub-interest-rate-nodeC-projectiles-sync
             count = 144
         mean rate = 1.32 events/second
     1-minute rate = 1.27 events/second
     5-minute rate = 1.23 events/second
    15-minute rate = 1.21 events/second
pub-interest-rate-nodeC-status-sync
             count = 1737
         mean rate = 15.91 events/second
     1-minute rate = 16.41 events/second
     5-minute rate = 17.85 events/second
    15-minute rate = 18.32 events/second


 WARN [bp-queue-proc-/com/stefanolupo/ndngame/0/nodeC/blocks/sync-1] (BasePublisher.java:98) - /com/stefanolupo/ndngame/0/nodeC/blocks/sync: Saw duplicate sn requests
 WARN [bp-queue-proc-/com/stefanolupo/ndngame/0/nodeC/blocks/sync-1] (BasePublisher.java:99) - [0=2, 13=8, 14=6, 27=23, 12=2, 20=4, 24=10, 18=6, 21=33, 22=3, 29=8, 28=6, 25=34, 31=3, 23=42, 30=3, 16=14]
 WARN [bp-queue-proc-/com/stefanolupo/ndngame/0/nodeC/status/sync-1] (BasePublisher.java:98) - /com/stefanolupo/ndngame/0/nodeC/status/sync: Saw duplicate sn requests
 WARN [bp-queue-proc-/com/stefanolupo/ndngame/0/nodeC/status/sync-1] (BasePublisher.java:99) - [1538=2, 0=2, 65=2, 1488=2, 1616=2, 405=2, 725=2, 90=2, 795=2, 1503=2, 1693=2, 1568=2, 1575=2, 687=2, 1327=2, 1583=2, 173=2, 429=2, 241=2, 1137=2, 1264=3, 1206=2, 1143=2, 824=2, 1144=2, 1273=2, 447=2]
DEBUG [log-schedule-0] (LocalPlayerStatusSystem.java:150) - Null: 2, vel: 265, deadReckoning: 1445, deadReckoningSkip: 1462, actionable: 0.53938246
ERROR [HeadlessApplication] (ProjectileCollisionSystem.java:62) - Type component was null for collision with PROJECTILE
DEBUG [HeadlessApplication] (ProjectileCollisionSystem.java:108) - Bullet hit me, notifying owner and decreasing my health
DEBUG [HeadlessApplication] (ProjectileCollisionSystem.java:108) - Bullet hit me, notifying owner and decreasing my health
DEBUG [HeadlessApplication] (ProjectileCollisionSystem.java:108) - Bullet hit me, notifying owner and decreasing my health
DEBUG [log-schedule-0] (LocalPlayerStatusSystem.java:150) - Null: 2, vel: 288, deadReckoning: 1572, deadReckoningSkip: 1598, actionable: 0.5381503
DEBUG [HeadlessApplication] (ProjectileCollisionSystem.java:108) - Bullet hit me, notifying owner and decreasing my health
 WARN [bp-queue-proc-/com/stefanolupo/ndngame/0/nodeC/blocks/sync-1] (BasePublisher.java:98) - /com/stefanolupo/ndngame/0/nodeC/blocks/sync: Saw duplicate sn requests
 WARN [bp-queue-proc-/com/stefanolupo/ndngame/0/nodeC/blocks/sync-1] (BasePublisher.java:99) - [0=2, 13=8, 14=6, 29=21, 27=23, 31=18, 12=2, 20=4, 30=15, 24=10, 18=6, 21=33, 22=3, 28=6, 25=34, 23=42, 16=14]
 WARN [bp-queue-proc-/com/stefanolupo/ndngame/0/nodeC/status/sync-1] (BasePublisher.java:98) - /com/stefanolupo/ndngame/0/nodeC/status/sync: Saw duplicate sn requests
 WARN [bp-queue-proc-/com/stefanolupo/ndngame/0/nodeC/status/sync-1] (BasePublisher.java:99) - [1538=2, 0=2, 65=2, 1488=2, 1616=2, 405=2, 725=2, 90=2, 795=2, 1755=2, 1881=2, 1503=2, 1693=2, 1568=2, 1825=3, 1575=2, 687=2, 1327=2, 1583=2, 173=2, 429=2, 241=2, 1137=2, 1264=3, 1206=2, 1143=2, 1979=2, 824=2, 1144=2, 1273=2, 447=2]
DEBUG [log-schedule-0] (LocalPlayerStatusSystem.java:150) - Null: 2, vel: 313, deadReckoning: 1726, deadReckoningSkip: 1718, actionable: 0.54296356
4/7/19, 10:45:51 PM ============================================================

-- Gauges ----------------------------------------------------------------------
pub-update-percentage-nodeC-blocks-sync
             value = 0.0025425075480692834
pub-update-percentage-nodeC-status-sync
             value = 0.17702208803432384

-- Counters --------------------------------------------------------------------
dr-counter-null
             count = 2
dr-counter-skip
             count = 1804
dr-counter-threshold
             count = 1895
dr-counter-velocity
             count = 336
sub-blocks-interestscounter-nodeA
             count = 134
sub-blocks-interestscounter-nodeB
             count = 134
sub-blocks-interestscounter-nodeD
             count = 133
sub-projectiles-interestscounter-nodeA
             count = 174
sub-projectiles-interestscounter-nodeB
             count = 178
sub-projectiles-interestscounter-nodeD
             count = 178
sub-status-interestscounter-nodeA
             count = 2137
sub-status-interestscounter-nodeB
             count = 2201
sub-status-interestscounter-nodeD
             count = 2207

-- Histograms ------------------------------------------------------------------
eng-status-delta-nodeA
             count = 2110
               min = 0
               max = 385
              mean = 5.66
            stddev = 18.51
            median = 0.00
              75% <= 11.00
              95% <= 31.00
              98% <= 33.00
              99% <= 40.00
            99.9% <= 303.00
eng-status-delta-nodeB
             count = 2177
               min = 0
               max = 122
              mean = 4.21
            stddev = 10.74
            median = 0.00
              75% <= 0.00
              95% <= 22.00
              98% <= 39.00
              99% <= 47.00
            99.9% <= 111.00
eng-status-delta-nodeD
             count = 2185
               min = 0
               max = 142
              mean = 4.46
            stddev = 11.58
            median = 0.00
              75% <= 0.00
              95% <= 22.00
              98% <= 31.00
              99% <= 48.00
            99.9% <= 126.00
sub-blocks-rtt-nodeA
             count = 4
               min = 101
               max = 672
              mean = 274.77
            stddev = 197.08
            median = 326.00
              75% <= 326.00
              95% <= 672.00
              98% <= 672.00
              99% <= 672.00
            99.9% <= 672.00
sub-blocks-rtt-nodeB
             count = 6
               min = 162
               max = 984
              mean = 756.68
            stddev = 280.36
            median = 770.00
              75% <= 984.00
              95% <= 984.00
              98% <= 984.00
              99% <= 984.00
            99.9% <= 984.00
sub-blocks-rtt-nodeD
             count = 7
               min = 37
               max = 985
              mean = 345.74
            stddev = 259.61
            median = 368.00
              75% <= 375.00
              95% <= 985.00
              98% <= 985.00
              99% <= 985.00
            99.9% <= 985.00
sub-projectiles-rtt-nodeA
             count = 72
               min = 14
               max = 1000
              mean = 463.44
            stddev = 307.18
            median = 516.00
              75% <= 666.00
              95% <= 999.00
              98% <= 999.00
              99% <= 1000.00
            99.9% <= 1000.00
sub-projectiles-rtt-nodeB
             count = 74
               min = 13
               max = 1000
              mean = 501.59
            stddev = 287.27
            median = 517.00
              75% <= 706.00
              95% <= 998.00
              98% <= 999.00
              99% <= 1000.00
            99.9% <= 1000.00
sub-projectiles-rtt-nodeD
             count = 71
               min = 12
               max = 1000
              mean = 450.15
            stddev = 319.03
            median = 516.00
              75% <= 682.00
              95% <= 998.00
              98% <= 1000.00
              99% <= 1000.00
            99.9% <= 1000.00
sub-status-rtt-nodeA
             count = 2115
               min = 5
               max = 933
              mean = 54.49
            stddev = 98.71
            median = 33.00
              75% <= 34.00
              95% <= 67.00
              98% <= 433.00
              99% <= 549.00
            99.9% <= 900.00
sub-status-rtt-nodeB
             count = 2180
               min = 11
               max = 950
              mean = 55.35
            stddev = 101.91
            median = 33.00
              75% <= 34.00
              95% <= 68.00
              98% <= 491.00
              99% <= 550.00
            99.9% <= 950.00
sub-status-rtt-nodeD
             count = 2187
               min = 5
               max = 994
              mean = 55.51
            stddev = 105.70
            median = 33.00
              75% <= 34.00
              95% <= 67.00
              98% <= 515.00
              99% <= 720.00
            99.9% <= 994.00

-- Meters ----------------------------------------------------------------------
pub-interest-rate-nodeC-blocks-sync
             count = 267
         mean rate = 1.92 events/second
     1-minute rate = 1.86 events/second
     5-minute rate = 1.33 events/second
    15-minute rate = 1.13 events/second
pub-interest-rate-nodeC-projectiles-sync
             count = 182
         mean rate = 1.31 events/second
     1-minute rate = 1.28 events/second
     5-minute rate = 1.24 events/second
    15-minute rate = 1.22 events/second
pub-interest-rate-nodeC-status-sync
             count = 2263
         mean rate = 16.26 events/second
     1-minute rate = 16.79 events/second
     5-minute rate = 17.77 events/second
    15-minute rate = 18.28 events/second


DEBUG [log-schedule-0] (LocalPlayerStatusSystem.java:150) - Null: 2, vel: 337, deadReckoning: 1901, deadReckoningSkip: 1804, actionable: 0.55390704
 WARN [bp-queue-proc-/com/stefanolupo/ndngame/0/nodeC/blocks/sync-1] (BasePublisher.java:98) - /com/stefanolupo/ndngame/0/nodeC/blocks/sync: Saw duplicate sn requests
 WARN [bp-queue-proc-/com/stefanolupo/ndngame/0/nodeC/blocks/sync-1] (BasePublisher.java:99) - [0=2, 31=29, 30=29, 13=8, 14=6, 27=23, 12=2, 20=4, 24=10, 18=6, 21=33, 22=3, 28=6, 25=34, 23=42, 16=14, 29=35]
 WARN [bp-queue-proc-/com/stefanolupo/ndngame/0/nodeC/status/sync-1] (BasePublisher.java:98) - /com/stefanolupo/ndngame/0/nodeC/status/sync: Saw duplicate sn requests
 WARN [bp-queue-proc-/com/stefanolupo/ndngame/0/nodeC/status/sync-1] (BasePublisher.java:99) - [1538=2, 0=2, 65=2, 2323=2, 1488=2, 1616=2, 2263=2, 405=2, 725=2, 90=2, 2202=2, 795=2, 1755=2, 1881=2, 1503=2, 1693=2, 1568=2, 1825=3, 1575=2, 687=2, 1327=2, 1583=2, 173=2, 429=2, 241=2, 1137=2, 1264=3, 1206=2, 1143=2, 1979=2, 824=2, 1144=2, 1273=2, 447=2]
DEBUG [log-schedule-0] (LocalPlayerStatusSystem.java:150) - Null: 2, vel: 355, deadReckoning: 1980, deadReckoningSkip: 1997, actionable: 0.53922474
DEBUG [log-schedule-0] (LocalPlayerStatusSystem.java:150) - Null: 2, vel: 373, deadReckoning: 2114, deadReckoningSkip: 2126, actionable: 0.5393283
DEBUG [HeadlessApplication] (ProjectileCollisionSystem.java:108) - Bullet hit me, notifying owner and decreasing my health
4/7/19, 10:46:21 PM ============================================================

-- Gauges ----------------------------------------------------------------------
pub-update-percentage-nodeC-blocks-sync
             value = 0.002710968997636591
pub-update-percentage-nodeC-status-sync
             value = 0.18003614625330183

-- Counters --------------------------------------------------------------------
dr-counter-null
             count = 2
dr-counter-skip
             count = 2298
dr-counter-threshold
             count = 2199
dr-counter-velocity
             count = 396
sub-blocks-interestscounter-nodeA
             count = 161
sub-blocks-interestscounter-nodeB
             count = 164
sub-blocks-interestscounter-nodeD
             count = 163
sub-projectiles-interestscounter-nodeA
             count = 218
sub-projectiles-interestscounter-nodeB
             count = 221
sub-projectiles-interestscounter-nodeD
             count = 219
sub-status-interestscounter-nodeA
             count = 2515
sub-status-interestscounter-nodeB
             count = 2572
sub-status-interestscounter-nodeD
             count = 2576

-- Histograms ------------------------------------------------------------------
eng-status-delta-nodeA
             count = 2480
               min = 0
               max = 303
              mean = 6.89
            stddev = 17.68
            median = 0.00
              75% <= 11.00
              95% <= 31.00
              98% <= 43.00
              99% <= 65.00
            99.9% <= 194.00
eng-status-delta-nodeB
             count = 2540
               min = 0
               max = 276
              mean = 6.28
            stddev = 19.29
            median = 0.00
              75% <= 11.00
              95% <= 31.00
              98% <= 47.00
              99% <= 111.00
            99.9% <= 276.00
eng-status-delta-nodeD
             count = 2545
               min = 0
               max = 276
              mean = 5.66
            stddev = 19.01
            median = 0.00
              75% <= 11.00
              95% <= 22.00
              98% <= 35.00
              99% <= 115.00
            99.9% <= 276.00
sub-blocks-rtt-nodeA
             count = 7
               min = 101
               max = 958
              mean = 417.32
            stddev = 309.96
            median = 305.00
              75% <= 672.00
              95% <= 958.00
              98% <= 958.00
              99% <= 958.00
            99.9% <= 958.00
sub-blocks-rtt-nodeB
             count = 6
               min = 162
               max = 984
              mean = 756.68
            stddev = 280.36
            median = 770.00
              75% <= 984.00
              95% <= 984.00
              98% <= 984.00
              99% <= 984.00
            99.9% <= 984.00
sub-blocks-rtt-nodeD
             count = 7
               min = 37
               max = 985
              mean = 345.74
            stddev = 259.61
            median = 368.00
              75% <= 375.00
              95% <= 985.00
              98% <= 985.00
              99% <= 985.00
            99.9% <= 985.00
sub-projectiles-rtt-nodeA
             count = 93
               min = 14
               max = 1000
              mean = 397.86
            stddev = 272.30
            median = 466.00
              75% <= 533.00
              95% <= 949.00
              98% <= 999.00
              99% <= 999.00
            99.9% <= 1000.00
sub-projectiles-rtt-nodeB
             count = 95
               min = 13
               max = 1000
              mean = 429.93
            stddev = 273.60
            median = 516.00
              75% <= 567.00
              95% <= 960.00
              98% <= 998.00
              99% <= 999.00
            99.9% <= 1000.00
sub-projectiles-rtt-nodeD
             count = 92
               min = 12
               max = 1000
              mean = 445.96
            stddev = 275.56
            median = 516.00
              75% <= 599.00
              95% <= 986.00
              98% <= 1000.00
              99% <= 1000.00
            99.9% <= 1000.00
sub-status-rtt-nodeA
             count = 2485
               min = 5
               max = 966
              mean = 58.62
            stddev = 111.09
            median = 33.00
              75% <= 35.00
              95% <= 71.00
              98% <= 523.00
              99% <= 747.00
            99.9% <= 966.00
sub-status-rtt-nodeB
             count = 2543
               min = 12
               max = 950
              mean = 56.94
            stddev = 104.01
            median = 33.00
              75% <= 34.00
              95% <= 83.00
              98% <= 483.00
              99% <= 550.00
            99.9% <= 950.00
sub-status-rtt-nodeD
             count = 2548
               min = 0
               max = 994
              mean = 58.23
            stddev = 113.07
            median = 33.00
              75% <= 34.00
              95% <= 67.00
              98% <= 534.00
              99% <= 784.00
            99.9% <= 934.00

-- Meters ----------------------------------------------------------------------
pub-interest-rate-nodeC-blocks-sync
             count = 325
         mean rate = 1.92 events/second
     1-minute rate = 1.90 events/second
     5-minute rate = 1.40 events/second
    15-minute rate = 1.16 events/second
pub-interest-rate-nodeC-projectiles-sync
             count = 224
         mean rate = 1.32 events/second
     1-minute rate = 1.32 events/second
     5-minute rate = 1.25 events/second
    15-minute rate = 1.22 events/second
pub-interest-rate-nodeC-status-sync
             count = 2633
         mean rate = 15.56 events/second
     1-minute rate = 15.38 events/second
     5-minute rate = 17.34 events/second
    15-minute rate = 18.11 events/second


 WARN [bp-queue-proc-/com/stefanolupo/ndngame/0/nodeC/blocks/sync-1] (BasePublisher.java:98) - /com/stefanolupo/ndngame/0/nodeC/blocks/sync: Saw duplicate sn requests
 WARN [bp-queue-proc-/com/stefanolupo/ndngame/0/nodeC/blocks/sync-1] (BasePublisher.java:99) - [0=2, 36=6, 31=29, 13=8, 33=7, 34=10, 14=6, 35=8, 27=23, 12=2, 20=4, 24=10, 18=6, 21=33, 22=3, 28=6, 25=34, 29=38, 23=42, 16=14, 30=33]
 WARN [bp-queue-proc-/com/stefanolupo/ndngame/0/nodeC/status/sync-1] (BasePublisher.java:98) - /com/stefanolupo/ndngame/0/nodeC/status/sync: Saw duplicate sn requests
 WARN [bp-queue-proc-/com/stefanolupo/ndngame/0/nodeC/status/sync-1] (BasePublisher.java:99) - [1538=2, 0=2, 65=2, 2323=2, 1488=2, 1616=2, 2577=2, 2263=2, 405=2, 725=2, 90=2, 2202=2, 795=2, 1755=2, 2587=2, 1881=2, 1503=2, 1693=2, 1568=2, 1825=3, 1575=2, 2415=3, 687=2, 1327=2, 1583=2, 173=2, 429=2, 241=2, 1137=2, 1264=3, 1206=2, 1143=2, 1979=2, 824=2, 1144=2, 1273=2, 2489=2, 447=2, 2557=3]
DEBUG [log-schedule-0] (LocalPlayerStatusSystem.java:150) - Null: 2, vel: 396, deadReckoning: 2205, deadReckoningSkip: 2298, actionable: 0.5311161
DEBUG [log-schedule-0] (LocalPlayerStatusSystem.java:150) - Null: 2, vel: 419, deadReckoning: 2289, deadReckoningSkip: 2485, actionable: 0.52165544
 WARN [bp-queue-proc-/com/stefanolupo/ndngame/0/nodeC/blocks/sync-1] (BasePublisher.java:98) - /com/stefanolupo/ndngame/0/nodeC/blocks/sync: Saw duplicate sn requests
 WARN [bp-queue-proc-/com/stefanolupo/ndngame/0/nodeC/blocks/sync-1] (BasePublisher.java:99) - [0=2, 31=29, 13=8, 14=6, 27=23, 12=2, 20=4, 24=10, 18=6, 22=3, 28=6, 16=14, 38=4, 39=2, 45=8, 33=7, 34=10, 44=5, 46=4, 35=8, 41=2, 42=6, 47=3, 36=11, 21=33, 25=34, 29=38, 23=42, 30=33]
 WARN [bp-queue-proc-/com/stefanolupo/ndngame/0/nodeC/status/sync-1] (BasePublisher.java:98) - /com/stefanolupo/ndngame/0/nodeC/status/sync: Saw duplicate sn requests
 WARN [bp-queue-proc-/com/stefanolupo/ndngame/0/nodeC/status/sync-1] (BasePublisher.java:99) - [1538=2, 0=2, 65=2, 2625=2, 2323=2, 1488=2, 1616=2, 2577=2, 2263=2, 2710=3, 405=2, 725=2, 90=2, 2202=2, 795=2, 1755=2, 2587=2, 2651=2, 1881=2, 1503=2, 2716=2, 1693=2, 1568=2, 1825=3, 1575=2, 2415=3, 687=2, 1327=2, 1583=2, 173=2, 429=2, 241=2, 1137=2, 1264=3, 1206=2, 1143=2, 1979=2, 824=2, 1144=2, 1273=2, 2489=2, 447=2, 2557=3]
DEBUG [log-schedule-0] (LocalPlayerStatusSystem.java:150) - Null: 2, vel: 444, deadReckoning: 2437, deadReckoningSkip: 2596, actionable: 0.52619094
DEBUG [HeadlessApplication] (ProjectileCollisionSystem.java:108) - Bullet hit me, notifying owner and decreasing my health
4/7/19, 10:46:51 PM ============================================================

-- Gauges ----------------------------------------------------------------------
pub-update-percentage-nodeC-blocks-sync
             value = 0.0030890893364636106
pub-update-percentage-nodeC-status-sync
             value = 0.18664277770913135

-- Counters --------------------------------------------------------------------
dr-counter-null
             count = 2
dr-counter-skip
             count = 2719
dr-counter-threshold
             count = 2560
dr-counter-velocity
             count = 469
sub-blocks-interestscounter-nodeA
             count = 190
sub-blocks-interestscounter-nodeB
             count = 193
sub-blocks-interestscounter-nodeD
             count = 192
sub-projectiles-interestscounter-nodeA
             count = 257
sub-projectiles-interestscounter-nodeB
             count = 261
sub-projectiles-interestscounter-nodeD
             count = 255
sub-status-interestscounter-nodeA
             count = 2947
sub-status-interestscounter-nodeB
             count = 2995
sub-status-interestscounter-nodeD
             count = 3000

-- Histograms ------------------------------------------------------------------
eng-status-delta-nodeA
             count = 2909
               min = 0
               max = 273
              mean = 9.25
            stddev = 20.92
            median = 0.00
              75% <= 11.00
              95% <= 37.00
              98% <= 64.00
              99% <= 113.00
            99.9% <= 273.00
eng-status-delta-nodeB
             count = 2959
               min = 0
               max = 276
              mean = 7.29
            stddev = 20.87
            median = 0.00
              75% <= 11.00
              95% <= 31.00
              98% <= 54.00
              99% <= 122.00
            99.9% <= 276.00
eng-status-delta-nodeD
             count = 2964
               min = 0
               max = 276
              mean = 6.79
            stddev = 21.16
            median = 0.00
              75% <= 11.00
              95% <= 22.00
              98% <= 67.00
              99% <= 122.00
            99.9% <= 276.00
sub-blocks-rtt-nodeA
             count = 8
               min = 101
               max = 958
              mean = 507.83
            stddev = 303.07
            median = 326.00
              75% <= 750.00
              95% <= 958.00
              98% <= 958.00
              99% <= 958.00
            99.9% <= 958.00
sub-blocks-rtt-nodeB
             count = 7
               min = 162
               max = 984
              mean = 665.47
            stddev = 208.59
            median = 587.00
              75% <= 770.00
              95% <= 984.00
              98% <= 984.00
              99% <= 984.00
            99.9% <= 984.00
sub-blocks-rtt-nodeD
             count = 8
               min = 37
               max = 985
              mean = 203.93
            stddev = 207.23
            median = 101.00
              75% <= 257.00
              95% <= 375.00
              98% <= 985.00
              99% <= 985.00
            99.9% <= 985.00
sub-projectiles-rtt-nodeA
             count = 110
               min = 14
               max = 1000
              mean = 429.13
            stddev = 292.25
            median = 516.00
              75% <= 666.00
              95% <= 899.00
              98% <= 968.00
              99% <= 999.00
            99.9% <= 1000.00
sub-projectiles-rtt-nodeB
             count = 112
               min = 1
               max = 1000
              mean = 438.76
            stddev = 294.95
            median = 516.00
              75% <= 683.00
              95% <= 867.00
              98% <= 998.00
              99% <= 999.00
            99.9% <= 1000.00
sub-projectiles-rtt-nodeD
             count = 108
               min = 12
               max = 1000
              mean = 510.15
            stddev = 279.25
            median = 517.00
              75% <= 749.00
              95% <= 986.00
              98% <= 999.00
              99% <= 1000.00
            99.9% <= 1000.00
sub-status-rtt-nodeA
             count = 2916
               min = 5
               max = 998
              mean = 64.40
            stddev = 124.99
            median = 33.00
              75% <= 44.00
              95% <= 267.00
              98% <= 550.00
              99% <= 747.00
            99.9% <= 998.00
sub-status-rtt-nodeB
             count = 2961
               min = 16
               max = 833
              mean = 57.28
            stddev = 102.68
            median = 33.00
              75% <= 36.00
              95% <= 83.00
              98% <= 516.00
              99% <= 550.00
            99.9% <= 800.00
sub-status-rtt-nodeD
             count = 2968
               min = 5
               max = 994
              mean = 56.17
            stddev = 108.10
            median = 33.00
              75% <= 34.00
              95% <= 67.00
              98% <= 534.00
              99% <= 733.00
            99.9% <= 934.00

-- Meters ----------------------------------------------------------------------
pub-interest-rate-nodeC-blocks-sync
             count = 383
         mean rate = 1.92 events/second
     1-minute rate = 1.90 events/second
     5-minute rate = 1.44 events/second
    15-minute rate = 1.18 events/second
pub-interest-rate-nodeC-projectiles-sync
             count = 262
         mean rate = 1.32 events/second
     1-minute rate = 1.35 events/second
     5-minute rate = 1.26 events/second
    15-minute rate = 1.23 events/second
pub-interest-rate-nodeC-status-sync
             count = 3070
         mean rate = 15.41 events/second
     1-minute rate = 14.98 events/second
     5-minute rate = 17.02 events/second
    15-minute rate = 17.97 events/second


DEBUG [log-schedule-0] (LocalPlayerStatusSystem.java:150) - Null: 2, vel: 469, deadReckoning: 2560, deadReckoningSkip: 2727, actionable: 0.52639806
 WARN [bp-queue-proc-/com/stefanolupo/ndngame/0/nodeC/blocks/sync-1] (BasePublisher.java:98) - /com/stefanolupo/ndngame/0/nodeC/blocks/sync: Saw duplicate sn requests
 WARN [bp-queue-proc-/com/stefanolupo/ndngame/0/nodeC/blocks/sync-1] (BasePublisher.java:99) - [0=2, 31=29, 13=8, 14=6, 27=23, 12=2, 20=4, 24=10, 18=6, 22=3, 28=6, 16=14, 46=14, 47=15, 38=4, 39=2, 33=7, 34=10, 44=5, 35=8, 41=2, 42=6, 36=11, 21=33, 51=4, 52=3, 45=20, 25=34, 29=38, 23=42, 30=33]
 WARN [bp-queue-proc-/com/stefanolupo/ndngame/0/nodeC/status/sync-1] (BasePublisher.java:98) - /com/stefanolupo/ndngame/0/nodeC/status/sync: Saw duplicate sn requests
 WARN [bp-queue-proc-/com/stefanolupo/ndngame/0/nodeC/status/sync-1] (BasePublisher.java:99) - [1538=2, 2883=2, 0=2, 65=2, 2625=2, 2323=2, 1488=2, 1616=2, 2577=2, 2263=2, 2710=3, 3031=2, 3095=2, 405=2, 725=2, 90=2, 2202=2, 795=2, 1755=2, 2587=2, 2651=2, 1881=2, 1503=2, 2716=2, 1693=2, 3101=2, 1568=2, 1825=3, 1575=2, 2415=3, 687=2, 1327=2, 1583=2, 173=2, 429=2, 241=2, 1137=2, 1264=3, 1206=2, 1143=2, 1979=2, 824=2, 1144=2, 1273=2, 2489=2, 447=2, 2557=3]
DEBUG [log-schedule-0] (LocalPlayerStatusSystem.java:150) - Null: 2, vel: 492, deadReckoning: 2734, deadReckoningSkip: 2813, actionable: 0.5343486
