DEBUG [main] (ConfigManager.java:33) - Initialized with properties: {local.player.status.updates.per.sec=30, facemanager.num.sub.threads.per.face=10, linear.interest.zone.filter.inner.radius=50, projectile.cache.size=100, local.player.status.use.dead.reckoning=false, block.publisher.freshness.period.ms=300, player.status.publisher.freshness.period.ms=300, base.publisher.queue.process.per.sec=60, projectile.sub.inter.interest.max.wait.time.ms=30, linear.interest.zone.filter.outer.radius=100, local.player.dead.reckoning.max.error=1, projectile.publisher.queue.process.multithread=true, statistics.logger.log.rate.sec=30, facemanager.max.num.pub.faces=1, facemanager.num.pub.threads.per.face=10, facemanager.max.num.sub.faces=1, block.sub.inter.interest.max.wait.time.ms=2000, projectile.publisher.queue.process.per.sec=60, base.publisher.queue.process.multithread=true, player.sub.inter.interest.max.wait.time.ms=30, linear.interest.zone.filter.enabled=false, projectile.publisher.freshness.period.ms=300}
WARNING: An illegal reflective access operation has occurred
WARNING: Illegal reflective access by com.google.inject.internal.cglib.core.$ReflectUtils$2 (file:/NdnGame/NdnGameLibGdxDesktop-1.0-SNAPSHOT.jar) to method java.lang.ClassLoader.defineClass(java.lang.String,byte[],int,int,java.security.ProtectionDomain)
WARNING: Please consider reporting this to the maintainers of com.google.inject.internal.cglib.core.$ReflectUtils$2
WARNING: Use --illegal-access=warn to enable warnings of further illegal reflective access operations
WARNING: All illegal access operations will be denied in a future release
DEBUG [main] (BackendModule.java:123) - Writing metrics to /metrics/nodeB
 INFO [main] (DesktopLauncher.java:49) - Launching headless game
 INFO [main] (DesktopLauncher.java:50) - LocalConfig{playerName='nodeB', isMasterView=false, isAutomated=true, automationType='wsp', isHeadless=true, gameId=0, screenWidth=600, screenHeight=600, targetFrameRate=60}
DEBUG [main] (AutomatedInputController.java:52) - Starting with automation type: wsp
DEBUG [main] (BasePublisher.java:70) - Registering /com/stefanolupo/ndngame/0/nodeB/blocks/sync
DEBUG [main] (BasePublisher.java:70) - Registering /com/stefanolupo/ndngame/0/nodeB/status/sync
Mar 16, 2019 6:16:27 PM net.named_data.jndn.Node$RegisterResponse onData
INFO: Register prefix succeeded with the NFD forwarder for prefix /com/stefanolupo/ndngame/0/nodeB/blocks/sync
Mar 16, 2019 6:16:27 PM net.named_data.jndn.Node$RegisterResponse onData
INFO: Register prefix succeeded with the NFD forwarder for prefix /com/stefanolupo/ndngame/0/nodeB/projectiles/interact
Mar 16, 2019 6:16:27 PM net.named_data.jndn.Node$RegisterResponse onData
INFO: Register prefix failed: Expected NFD status code 200, got: 403
 WARN [fm-pub-0-3] (FaceManager.java:150) - Failed to register prefix: /com/stefanolupo/ndngame/0/nodeB/projectiles/sync, retrying..
Mar 16, 2019 6:16:27 PM net.named_data.jndn.Node$RegisterResponse onData
INFO: Register prefix failed: Expected NFD status code 200, got: 403
Mar 16, 2019 6:16:27 PM net.named_data.jndn.Node$RegisterResponse onData
INFO: Register prefix failed: Expected NFD status code 200, got: 403
Mar 16, 2019 6:16:27 PM net.named_data.jndn.Node$RegisterResponse onData
INFO: Register prefix succeeded with the NFD forwarder for prefix /com/stefanolupo/ndngame/0/nodeB/projectiles/sync
 WARN [fm-pub-0-6] (FaceManager.java:150) - Failed to register prefix: /com/stefanolupo/ndngame/0/nodeB/status/sync, retrying..
 WARN [fm-pub-0-0] (FaceManager.java:150) - Failed to register prefix: /com/stefanolupo/ndngame/0/nodeB/blocks/interact, retrying..
Mar 16, 2019 6:16:27 PM net.named_data.jndn.Node$RegisterResponse onData
INFO: Register prefix succeeded with the NFD forwarder for prefix /com/stefanolupo/ndngame/0/nodeB/status/sync
Mar 16, 2019 6:16:27 PM net.named_data.jndn.Node$RegisterResponse onData
INFO: Register prefix succeeded with the NFD forwarder for prefix /com/stefanolupo/ndngame/0/nodeB/blocks/interact
Mar 16, 2019 6:16:31 PM net.named_data.jndn.Node$RegisterResponse onData
INFO: Register prefix succeeded with the NFD forwarder for prefix /com/stefanolupo/ndngame/0/config/broadcast
Mar 16, 2019 6:16:31 PM net.named_data.jndn.Node$RegisterResponse onData
INFO: Register prefix succeeded with the NFD forwarder for prefix /com/stefanolupo/ndngame/0/config/nodeB
 INFO [cs-/com/stefanolupo/ndngame/0/config/nodeB-0] (ChronoSynced.java:93) - Initialized ChronoSyncedMap for /com/stefanolupo/ndngame/0/config/nodeB
Mar 16, 2019 6:16:32 PM net.named_data.jndn.Node$RegisterResponse onData
INFO: Register prefix succeeded with the NFD forwarder for prefix /com/stefanolupo/ndngame/0/discovery/broadcast
Mar 16, 2019 6:16:32 PM net.named_data.jndn.Node$RegisterResponse onData
INFO: Register prefix succeeded with the NFD forwarder for prefix /com/stefanolupo/ndngame/0/discovery/nodeB
 INFO [cs-/com/stefanolupo/ndngame/0/discovery/nodeB-0] (ChronoSynced.java:93) - Initialized ChronoSyncedMap for /com/stefanolupo/ndngame/0/discovery/nodeB
3/16/19, 6:17:26 PM ============================================================

-- Gauges ----------------------------------------------------------------------
pub-update-percentage-nodeB-blocks-sync
             value = 0.0011232799775344005
pub-update-percentage-nodeB-status-sync
             value = 0.4981736442821017

-- Timers ----------------------------------------------------------------------
pub-queue-time-nodeB-blocks-sync
             count = 0
         mean rate = 0.00 calls/second
     1-minute rate = 0.00 calls/second
     5-minute rate = 0.00 calls/second
    15-minute rate = 0.00 calls/second
               min = 0.00 milliseconds
               max = 0.00 milliseconds
              mean = 0.00 milliseconds
            stddev = 0.00 milliseconds
            median = 0.00 milliseconds
              75% <= 0.00 milliseconds
              95% <= 0.00 milliseconds
              98% <= 0.00 milliseconds
              99% <= 0.00 milliseconds
            99.9% <= 0.00 milliseconds
pub-queue-time-nodeB-status-sync
             count = 0
         mean rate = 0.00 calls/second
     1-minute rate = 0.00 calls/second
     5-minute rate = 0.00 calls/second
    15-minute rate = 0.00 calls/second
               min = 0.00 milliseconds
               max = 0.00 milliseconds
              mean = 0.00 milliseconds
            stddev = 0.00 milliseconds
            median = 0.00 milliseconds
              75% <= 0.00 milliseconds
              95% <= 0.00 milliseconds
              98% <= 0.00 milliseconds
              99% <= 0.00 milliseconds
            99.9% <= 0.00 milliseconds


3/16/19, 6:18:26 PM ============================================================

-- Gauges ----------------------------------------------------------------------
pub-update-percentage-nodeB-blocks-sync
             value = 0.0011171624074849881
pub-update-percentage-nodeB-status-sync
             value = 0.4988126833356614

-- Timers ----------------------------------------------------------------------
pub-queue-time-nodeB-blocks-sync
             count = 0
         mean rate = 0.00 calls/second
     1-minute rate = 0.00 calls/second
     5-minute rate = 0.00 calls/second
    15-minute rate = 0.00 calls/second
               min = 0.00 milliseconds
               max = 0.00 milliseconds
              mean = 0.00 milliseconds
            stddev = 0.00 milliseconds
            median = 0.00 milliseconds
              75% <= 0.00 milliseconds
              95% <= 0.00 milliseconds
              98% <= 0.00 milliseconds
              99% <= 0.00 milliseconds
            99.9% <= 0.00 milliseconds
pub-queue-time-nodeB-status-sync
             count = 0
         mean rate = 0.00 calls/second
     1-minute rate = 0.00 calls/second
     5-minute rate = 0.00 calls/second
    15-minute rate = 0.00 calls/second
               min = 0.00 milliseconds
               max = 0.00 milliseconds
              mean = 0.00 milliseconds
            stddev = 0.00 milliseconds
            median = 0.00 milliseconds
              75% <= 0.00 milliseconds
              95% <= 0.00 milliseconds
              98% <= 0.00 milliseconds
              99% <= 0.00 milliseconds
            99.9% <= 0.00 milliseconds


3/16/19, 6:19:26 PM ============================================================

-- Gauges ----------------------------------------------------------------------
pub-update-percentage-nodeB-blocks-sync
             value = 9.292816652727441E-4
pub-update-percentage-nodeB-status-sync
             value = 0.49897769516728624

-- Timers ----------------------------------------------------------------------
pub-queue-time-nodeB-blocks-sync
             count = 0
         mean rate = 0.00 calls/second
     1-minute rate = 0.00 calls/second
     5-minute rate = 0.00 calls/second
    15-minute rate = 0.00 calls/second
               min = 0.00 milliseconds
               max = 0.00 milliseconds
              mean = 0.00 milliseconds
            stddev = 0.00 milliseconds
            median = 0.00 milliseconds
              75% <= 0.00 milliseconds
              95% <= 0.00 milliseconds
              98% <= 0.00 milliseconds
              99% <= 0.00 milliseconds
            99.9% <= 0.00 milliseconds
pub-queue-time-nodeB-status-sync
             count = 0
         mean rate = 0.00 calls/second
     1-minute rate = 0.00 calls/second
     5-minute rate = 0.00 calls/second
    15-minute rate = 0.00 calls/second
               min = 0.00 milliseconds
               max = 0.00 milliseconds
              mean = 0.00 milliseconds
            stddev = 0.00 milliseconds
            median = 0.00 milliseconds
              75% <= 0.00 milliseconds
              95% <= 0.00 milliseconds
              98% <= 0.00 milliseconds
              99% <= 0.00 milliseconds
            99.9% <= 0.00 milliseconds


3/16/19, 6:20:26 PM ============================================================

-- Gauges ----------------------------------------------------------------------
pub-update-percentage-nodeB-blocks-sync
             value = 9.052294408467377E-4
pub-update-percentage-nodeB-status-sync
             value = 0.4991643454038997

-- Timers ----------------------------------------------------------------------
pub-queue-time-nodeB-blocks-sync
             count = 0
         mean rate = 0.00 calls/second
     1-minute rate = 0.00 calls/second
     5-minute rate = 0.00 calls/second
    15-minute rate = 0.00 calls/second
               min = 0.00 milliseconds
               max = 0.00 milliseconds
              mean = 0.00 milliseconds
            stddev = 0.00 milliseconds
            median = 0.00 milliseconds
              75% <= 0.00 milliseconds
              95% <= 0.00 milliseconds
              98% <= 0.00 milliseconds
              99% <= 0.00 milliseconds
            99.9% <= 0.00 milliseconds
pub-queue-time-nodeB-status-sync
             count = 0
         mean rate = 0.00 calls/second
     1-minute rate = 0.00 calls/second
     5-minute rate = 0.00 calls/second
    15-minute rate = 0.00 calls/second
               min = 0.00 milliseconds
               max = 0.00 milliseconds
              mean = 0.00 milliseconds
            stddev = 0.00 milliseconds
            median = 0.00 milliseconds
              75% <= 0.00 milliseconds
              95% <= 0.00 milliseconds
              98% <= 0.00 milliseconds
              99% <= 0.00 milliseconds
            99.9% <= 0.00 milliseconds


3/16/19, 6:21:26 PM ============================================================

-- Gauges ----------------------------------------------------------------------
pub-update-percentage-nodeB-blocks-sync
             value = 0.001057847558599187
pub-update-percentage-nodeB-status-sync
             value = 0.49927616926503343

-- Timers ----------------------------------------------------------------------
pub-queue-time-nodeB-blocks-sync
             count = 0
         mean rate = 0.00 calls/second
     1-minute rate = 0.00 calls/second
     5-minute rate = 0.00 calls/second
    15-minute rate = 0.00 calls/second
               min = 0.00 milliseconds
               max = 0.00 milliseconds
              mean = 0.00 milliseconds
            stddev = 0.00 milliseconds
            median = 0.00 milliseconds
              75% <= 0.00 milliseconds
              95% <= 0.00 milliseconds
              98% <= 0.00 milliseconds
              99% <= 0.00 milliseconds
            99.9% <= 0.00 milliseconds
pub-queue-time-nodeB-status-sync
             count = 0
         mean rate = 0.00 calls/second
     1-minute rate = 0.00 calls/second
     5-minute rate = 0.00 calls/second
    15-minute rate = 0.00 calls/second
               min = 0.00 milliseconds
               max = 0.00 milliseconds
              mean = 0.00 milliseconds
            stddev = 0.00 milliseconds
            median = 0.00 milliseconds
              75% <= 0.00 milliseconds
              95% <= 0.00 milliseconds
              98% <= 0.00 milliseconds
              99% <= 0.00 milliseconds
            99.9% <= 0.00 milliseconds


