DEBUG [main] (ConfigManager.java:33) - Initialized with properties: {local.player.status.updates.per.sec=30, facemanager.num.sub.threads.per.face=10, linear.interest.zone.filter.inner.radius=100, projectile.cache.size=20, local.player.status.use.dead.reckoning=false, block.publisher.freshness.period.ms=20, player.status.publisher.freshness.period.ms=20, base.publisher.queue.process.per.sec=60, projectile.sub.inter.interest.max.wait.time.ms=30, linear.interest.zone.filter.outer.radius=200, local.player.dead.reckoning.max.error=1, projectile.publisher.queue.process.multithread=true, statistics.logger.log.rate.sec=30, facemanager.max.num.pub.faces=1, facemanager.num.pub.threads.per.face=10, facemanager.max.num.sub.faces=1, block.sub.inter.interest.max.wait.time.ms=2000, projectile.publisher.queue.process.per.sec=60, base.publisher.queue.process.multithread=true, player.sub.inter.interest.max.wait.time.ms=30, linear.interest.zone.filter.enabled=false, projectile.publisher.freshness.period.ms=20}
WARNING: An illegal reflective access operation has occurred
WARNING: Illegal reflective access by com.google.inject.internal.cglib.core.$ReflectUtils$2 (file:/NdnGame/NdnGameLibGdxDesktop-1.0-SNAPSHOT.jar) to method java.lang.ClassLoader.defineClass(java.lang.String,byte[],int,int,java.security.ProtectionDomain)
WARNING: Please consider reporting this to the maintainers of com.google.inject.internal.cglib.core.$ReflectUtils$2
WARNING: Use --illegal-access=warn to enable warnings of further illegal reflective access operations
WARNING: All illegal access operations will be denied in a future release
DEBUG [main] (BackendModule.java:123) - Writing metrics to /metrics/nodeA
 INFO [main] (DesktopLauncher.java:49) - Launching headless game
 INFO [main] (DesktopLauncher.java:50) - LocalConfig{playerName='nodeA', isMasterView=false, isAutomated=true, automationType='wsp', isHeadless=true, gameId=0, screenWidth=600, screenHeight=600, targetFrameRate=60}
DEBUG [main] (AutomatedInputController.java:52) - Starting with automation type: wsp
DEBUG [main] (BasePublisher.java:67) - Registering /com/stefanolupo/ndngame/0/nodeA/blocks/sync
DEBUG [main] (BasePublisher.java:67) - Registering /com/stefanolupo/ndngame/0/nodeA/status/sync
Mar 20, 2019 1:56:26 AM net.named_data.jndn.Node$RegisterResponse onData
INFO: Register prefix succeeded with the NFD forwarder for prefix /com/stefanolupo/ndngame/0/nodeA/blocks/sync
Mar 20, 2019 1:56:26 AM net.named_data.jndn.Node$RegisterResponse onData
INFO: Register prefix succeeded with the NFD forwarder for prefix /com/stefanolupo/ndngame/0/nodeA/blocks/interact
Mar 20, 2019 1:56:26 AM net.named_data.jndn.Node$RegisterResponse onData
INFO: Register prefix succeeded with the NFD forwarder for prefix /com/stefanolupo/ndngame/0/nodeA/status/sync
Mar 20, 2019 1:56:26 AM net.named_data.jndn.Node$RegisterResponse onData
INFO: Register prefix succeeded with the NFD forwarder for prefix /com/stefanolupo/ndngame/0/nodeA/projectiles/sync
Mar 20, 2019 1:56:26 AM net.named_data.jndn.Node$RegisterResponse onData
INFO: Register prefix succeeded with the NFD forwarder for prefix /com/stefanolupo/ndngame/0/nodeA/projectiles/interact
Mar 20, 2019 1:56:30 AM net.named_data.jndn.Node$RegisterResponse onData
INFO: Register prefix succeeded with the NFD forwarder for prefix /com/stefanolupo/ndngame/0/config/broadcast
Mar 20, 2019 1:56:30 AM net.named_data.jndn.Node$RegisterResponse onData
INFO: Register prefix succeeded with the NFD forwarder for prefix /com/stefanolupo/ndngame/0/config/nodeA
 INFO [cs-/com/stefanolupo/ndngame/0/config/nodeA-0] (ChronoSynced.java:93) - Initialized ChronoSyncedMap for /com/stefanolupo/ndngame/0/config/nodeA
Mar 20, 2019 1:56:30 AM net.named_data.jndn.Node$RegisterResponse onData
INFO: Register prefix succeeded with the NFD forwarder for prefix /com/stefanolupo/ndngame/0/discovery/broadcast
Mar 20, 2019 1:56:30 AM net.named_data.jndn.Node$RegisterResponse onData
INFO: Register prefix succeeded with the NFD forwarder for prefix /com/stefanolupo/ndngame/0/discovery/nodeA
 INFO [cs-/com/stefanolupo/ndngame/0/discovery/nodeA-0] (ChronoSynced.java:93) - Initialized ChronoSyncedMap for /com/stefanolupo/ndngame/0/discovery/nodeA
DEBUG [bp-queue-proc-/com/stefanolupo/ndngame/0/nodeA/blocks/sync-1] (BasePublisher.java:96) - /com/stefanolupo/ndngame/0/nodeA/blocks/sync: No duplicate SN requests seen
DEBUG [bp-queue-proc-/com/stefanolupo/ndngame/0/nodeA/status/sync-1] (BasePublisher.java:96) - /com/stefanolupo/ndngame/0/nodeA/status/sync: No duplicate SN requests seen
3/20/19, 1:56:55 AM ============================================================

-- Gauges ----------------------------------------------------------------------
pub-update-percentage-nodeA-blocks-sync
             value = 0.0
pub-update-percentage-nodeA-status-sync
             value = 0.4971783295711061


DEBUG [bp-queue-proc-/com/stefanolupo/ndngame/0/nodeA/blocks/sync-1] (BasePublisher.java:96) - /com/stefanolupo/ndngame/0/nodeA/blocks/sync: No duplicate SN requests seen
DEBUG [bp-queue-proc-/com/stefanolupo/ndngame/0/nodeA/status/sync-1] (BasePublisher.java:96) - /com/stefanolupo/ndngame/0/nodeA/status/sync: No duplicate SN requests seen
3/20/19, 1:57:25 AM ============================================================

-- Gauges ----------------------------------------------------------------------
pub-update-percentage-nodeA-blocks-sync
             value = 0.001119194180190263
pub-update-percentage-nodeA-status-sync
             value = 0.49860022396416576


DEBUG [bp-queue-proc-/com/stefanolupo/ndngame/0/nodeA/blocks/sync-1] (BasePublisher.java:96) - /com/stefanolupo/ndngame/0/nodeA/blocks/sync: No duplicate SN requests seen
DEBUG [bp-queue-proc-/com/stefanolupo/ndngame/0/nodeA/status/sync-1] (BasePublisher.java:96) - /com/stefanolupo/ndngame/0/nodeA/status/sync: No duplicate SN requests seen
 INFO [fm-pub-0-2] (ProjectilePublisher.java:133) - Creating interest meter
 INFO [cs-/com/stefanolupo/ndngame/0/discovery/nodeA-0] (PlayerStatusSubscriber.java:59) - Adding subscription for nodeD
 INFO [cs-/com/stefanolupo/ndngame/0/discovery/nodeA-0] (BlockSubscriber.java:54) - Adding subscription for /com/stefanolupo/ndngame/0/nodeD/blocks/sync/0/0/0
 INFO [cs-/com/stefanolupo/ndngame/0/discovery/nodeA-0] (ProjectileSubscriber.java:53) - Adding subscription for /com/stefanolupo/ndngame/0/nodeD/projectiles/sync/0/0/0
 INFO [cs-/com/stefanolupo/ndngame/0/discovery/nodeA-0] (PlayerStatusSubscriber.java:59) - Adding subscription for nodeB
 INFO [cs-/com/stefanolupo/ndngame/0/discovery/nodeA-0] (PlayerStatusSubscriber.java:59) - Adding subscription for nodeC
 INFO [cs-/com/stefanolupo/ndngame/0/discovery/nodeA-0] (BlockSubscriber.java:54) - Adding subscription for /com/stefanolupo/ndngame/0/nodeB/blocks/sync/0/0/0
 INFO [cs-/com/stefanolupo/ndngame/0/discovery/nodeA-0] (BlockSubscriber.java:54) - Adding subscription for /com/stefanolupo/ndngame/0/nodeC/blocks/sync/0/0/0
 INFO [cs-/com/stefanolupo/ndngame/0/discovery/nodeA-0] (ProjectileSubscriber.java:53) - Adding subscription for /com/stefanolupo/ndngame/0/nodeB/projectiles/sync/0/0/0
 INFO [cs-/com/stefanolupo/ndngame/0/discovery/nodeA-0] (ProjectileSubscriber.java:53) - Adding subscription for /com/stefanolupo/ndngame/0/nodeC/projectiles/sync/0/0/0
DEBUG [HeadlessApplication] (ProjectileCollisionSystem.java:108) - Bullet hit me, notifying owner and decreasing my health
DEBUG [HeadlessApplication] (ProjectileCollisionSystem.java:108) - Bullet hit me, notifying owner and decreasing my health
ERROR [HeadlessApplication] (ProjectileCollisionSystem.java:62) - Type component was null for collision with PROJECTILE
 WARN [bp-queue-proc-/com/stefanolupo/ndngame/0/nodeA/blocks/sync-1] (BasePublisher.java:98) - /com/stefanolupo/ndngame/0/nodeA/blocks/sync: Saw duplicate sn requests
 WARN [bp-queue-proc-/com/stefanolupo/ndngame/0/nodeA/blocks/sync-1] (BasePublisher.java:99) - [7=3, 15=2]
 WARN [bp-queue-proc-/com/stefanolupo/ndngame/0/nodeA/status/sync-1] (BasePublisher.java:98) - /com/stefanolupo/ndngame/0/nodeA/status/sync: Saw duplicate sn requests
 WARN [bp-queue-proc-/com/stefanolupo/ndngame/0/nodeA/status/sync-1] (BasePublisher.java:99) - [0=2]
DEBUG [HeadlessApplication] (ProjectileCollisionSystem.java:108) - Bullet hit me, notifying owner and decreasing my health
3/20/19, 1:57:55 AM ============================================================

-- Gauges ----------------------------------------------------------------------
pub-update-percentage-nodeA-blocks-sync
             value = 0.003721622627465575
pub-update-percentage-nodeA-status-sync
             value = 0.4983246463142219

-- Counters --------------------------------------------------------------------
sub-blocks-interestscounter-nodeB
             count = 17
sub-blocks-interestscounter-nodeC
             count = 17
sub-blocks-interestscounter-nodeD
             count = 14
sub-projectiles-interestscounter-nodeB
             count = 26
sub-projectiles-interestscounter-nodeC
             count = 26
sub-projectiles-interestscounter-nodeD
             count = 25
sub-status-interestscounter-nodeB
             count = 522
sub-status-interestscounter-nodeC
             count = 525
sub-status-interestscounter-nodeD
             count = 522

-- Histograms ------------------------------------------------------------------
eng-status-delta-nodeB
             count = 517
               min = 0
               max = 126
              mean = 3.70
            stddev = 13.54
            median = 0.00
              75% <= 0.00
              95% <= 22.00
              98% <= 33.00
              99% <= 111.00
            99.9% <= 126.00
eng-status-delta-nodeC
             count = 519
               min = 0
               max = 122
              mean = 5.04
            stddev = 15.18
            median = 0.00
              75% <= 0.00
              95% <= 31.00
              98% <= 56.00
              99% <= 82.00
            99.9% <= 122.00
eng-status-delta-nodeD
             count = 517
               min = 0
               max = 122
              mean = 4.73
            stddev = 13.79
            median = 0.00
              75% <= 0.00
              95% <= 31.00
              98% <= 45.00
              99% <= 74.00
            99.9% <= 122.00
sub-blocks-rtt-nodeB
             count = 2
               min = 361
               max = 625
              mean = 500.91
            stddev = 131.76
            median = 625.00
              75% <= 625.00
              95% <= 625.00
              98% <= 625.00
              99% <= 625.00
            99.9% <= 625.00
sub-blocks-rtt-nodeC
             count = 2
               min = 166
               max = 576
              mean = 384.82
            stddev = 204.53
            median = 576.00
              75% <= 576.00
              95% <= 576.00
              98% <= 576.00
              99% <= 576.00
            99.9% <= 576.00
sub-blocks-rtt-nodeD
             count = 5
               min = 92
               max = 923
              mean = 384.81
            stddev = 328.43
            median = 171.00
              75% <= 519.00
              95% <= 923.00
              98% <= 923.00
              99% <= 923.00
            99.9% <= 923.00
sub-projectiles-rtt-nodeB
             count = 11
               min = 7
               max = 950
              mean = 347.41
            stddev = 337.04
            median = 337.00
              75% <= 676.00
              95% <= 950.00
              98% <= 950.00
              99% <= 950.00
            99.9% <= 950.00
sub-projectiles-rtt-nodeC
             count = 12
               min = 15
               max = 999
              mean = 454.57
            stddev = 357.53
            median = 517.00
              75% <= 682.00
              95% <= 999.00
              98% <= 999.00
              99% <= 999.00
            99.9% <= 999.00
sub-projectiles-rtt-nodeD
             count = 12
               min = 47
               max = 1000
              mean = 565.39
            stddev = 311.04
            median = 600.00
              75% <= 788.00
              95% <= 1000.00
              98% <= 1000.00
              99% <= 1000.00
            99.9% <= 1000.00
sub-status-rtt-nodeB
             count = 521
               min = 10
               max = 89
              mean = 35.71
            stddev = 10.46
            median = 33.00
              75% <= 34.00
              95% <= 66.00
              98% <= 67.00
              99% <= 69.00
            99.9% <= 89.00
sub-status-rtt-nodeC
             count = 525
               min = 10
               max = 90
              mean = 35.44
            stddev = 11.37
            median = 33.00
              75% <= 34.00
              95% <= 66.00
              98% <= 67.00
              99% <= 73.00
            99.9% <= 90.00
sub-status-rtt-nodeD
             count = 522
               min = 6
               max = 110
              mean = 35.76
            stddev = 11.48
            median = 33.00
              75% <= 34.00
              95% <= 66.00
              98% <= 67.00
              99% <= 70.00
            99.9% <= 110.00

-- Meters ----------------------------------------------------------------------
pub-interest-rate-nodeA-blocks-sync
             count = 28
         mean rate = 1.49 events/second
     1-minute rate = 0.93 events/second
     5-minute rate = 0.83 events/second
    15-minute rate = 0.81 events/second
pub-interest-rate-nodeA-projectiles-sync
             count = 24
         mean rate = 1.27 events/second
     1-minute rate = 1.54 events/second
     5-minute rate = 1.59 events/second
    15-minute rate = 1.60 events/second
pub-interest-rate-nodeA-status-sync
             count = 534
         mean rate = 28.32 events/second
     1-minute rate = 28.55 events/second
     5-minute rate = 28.59 events/second
    15-minute rate = 28.60 events/second


 WARN [bp-queue-proc-/com/stefanolupo/ndngame/0/nodeA/blocks/sync-1] (BasePublisher.java:98) - /com/stefanolupo/ndngame/0/nodeA/blocks/sync: Saw duplicate sn requests
 WARN [bp-queue-proc-/com/stefanolupo/ndngame/0/nodeA/blocks/sync-1] (BasePublisher.java:99) - [16=16, 7=3, 20=14, 15=3, 19=14]
 WARN [bp-queue-proc-/com/stefanolupo/ndngame/0/nodeA/status/sync-1] (BasePublisher.java:98) - /com/stefanolupo/ndngame/0/nodeA/status/sync: Saw duplicate sn requests
 WARN [bp-queue-proc-/com/stefanolupo/ndngame/0/nodeA/status/sync-1] (BasePublisher.java:99) - [0=2]
3/20/19, 1:58:25 AM ============================================================

-- Gauges ----------------------------------------------------------------------
pub-update-percentage-nodeA-blocks-sync
             value = 0.0030666294954000556
pub-update-percentage-nodeA-status-sync
             value = 0.4974902398215282

-- Counters --------------------------------------------------------------------
sub-blocks-interestscounter-nodeB
             count = 45
sub-blocks-interestscounter-nodeC
             count = 47
sub-blocks-interestscounter-nodeD
             count = 44
sub-projectiles-interestscounter-nodeB
             count = 65
sub-projectiles-interestscounter-nodeC
             count = 65
sub-projectiles-interestscounter-nodeD
             count = 63
sub-status-interestscounter-nodeB
             count = 1356
sub-status-interestscounter-nodeC
             count = 1354
sub-status-interestscounter-nodeD
             count = 1344

-- Histograms ------------------------------------------------------------------
eng-status-delta-nodeB
             count = 1350
               min = 0
               max = 126
              mean = 3.27
            stddev = 10.13
            median = 0.00
              75% <= 0.00
              95% <= 17.00
              98% <= 27.00
              99% <= 41.00
            99.9% <= 112.00
eng-status-delta-nodeC
             count = 1348
               min = 0
               max = 133
              mean = 6.90
            stddev = 16.98
            median = 0.00
              75% <= 0.00
              95% <= 44.00
              98% <= 68.00
              99% <= 88.00
            99.9% <= 133.00
eng-status-delta-nodeD
             count = 1336
               min = 0
               max = 122
              mean = 4.28
            stddev = 11.83
            median = 0.00
              75% <= 0.00
              95% <= 25.00
              98% <= 46.00
              99% <= 63.00
            99.9% <= 83.00
sub-blocks-rtt-nodeB
             count = 4
               min = 361
               max = 921
              mean = 672.95
            stddev = 184.91
            median = 670.00
              75% <= 921.00
              95% <= 921.00
              98% <= 921.00
              99% <= 921.00
            99.9% <= 921.00
sub-blocks-rtt-nodeC
             count = 2
               min = 166
               max = 576
              mean = 384.82
            stddev = 204.53
            median = 576.00
              75% <= 576.00
              95% <= 576.00
              98% <= 576.00
              99% <= 576.00
            99.9% <= 576.00
sub-blocks-rtt-nodeD
             count = 5
               min = 92
               max = 923
              mean = 384.81
            stddev = 328.43
            median = 171.00
              75% <= 519.00
              95% <= 923.00
              98% <= 923.00
              99% <= 923.00
            99.9% <= 923.00
sub-projectiles-rtt-nodeB
             count = 26
               min = 0
               max = 985
              mean = 390.40
            stddev = 326.40
            median = 488.00
              75% <= 667.00
              95% <= 971.00
              98% <= 985.00
              99% <= 985.00
            99.9% <= 985.00
sub-projectiles-rtt-nodeC
             count = 26
               min = 15
               max = 999
              mean = 379.63
            stddev = 304.89
            median = 462.00
              75% <= 599.00
              95% <= 950.00
              98% <= 999.00
              99% <= 999.00
            99.9% <= 999.00
sub-projectiles-rtt-nodeD
             count = 27
               min = 15
               max = 1000
              mean = 491.44
            stddev = 325.44
            median = 518.00
              75% <= 784.00
              95% <= 1000.00
              98% <= 1000.00
              99% <= 1000.00
            99.9% <= 1000.00
sub-status-rtt-nodeB
             count = 1356
               min = 8
               max = 103
              mean = 35.83
            stddev = 11.22
            median = 33.00
              75% <= 34.00
              95% <= 66.00
              98% <= 67.00
              99% <= 70.00
            99.9% <= 100.00
sub-status-rtt-nodeC
             count = 1354
               min = 5
               max = 120
              mean = 36.15
            stddev = 11.36
            median = 33.00
              75% <= 34.00
              95% <= 66.00
              98% <= 67.00
              99% <= 67.00
            99.9% <= 90.00
sub-status-rtt-nodeD
             count = 1345
               min = 7
               max = 110
              mean = 36.60
            stddev = 12.45
            median = 33.00
              75% <= 34.00
              95% <= 67.00
              98% <= 67.00
              99% <= 83.00
            99.9% <= 93.00

-- Meters ----------------------------------------------------------------------
pub-interest-rate-nodeA-blocks-sync
             count = 100
         mean rate = 2.05 events/second
     1-minute rate = 1.52 events/second
     5-minute rate = 0.98 events/second
    15-minute rate = 0.86 events/second
pub-interest-rate-nodeA-projectiles-sync
             count = 60
         mean rate = 1.23 events/second
     1-minute rate = 1.40 events/second
     5-minute rate = 1.55 events/second
    15-minute rate = 1.58 events/second
pub-interest-rate-nodeA-status-sync
             count = 1356
         mean rate = 27.74 events/second
     1-minute rate = 28.10 events/second
     5-minute rate = 28.48 events/second
    15-minute rate = 28.56 events/second


 WARN [bp-queue-proc-/com/stefanolupo/ndngame/0/nodeA/blocks/sync-1] (BasePublisher.java:98) - /com/stefanolupo/ndngame/0/nodeA/blocks/sync: Saw duplicate sn requests
 WARN [bp-queue-proc-/com/stefanolupo/ndngame/0/nodeA/blocks/sync-1] (BasePublisher.java:99) - [16=32, 7=3, 22=17, 20=14, 15=3, 19=29]
 WARN [bp-queue-proc-/com/stefanolupo/ndngame/0/nodeA/status/sync-1] (BasePublisher.java:98) - /com/stefanolupo/ndngame/0/nodeA/status/sync: Saw duplicate sn requests
 WARN [bp-queue-proc-/com/stefanolupo/ndngame/0/nodeA/status/sync-1] (BasePublisher.java:99) - [0=2]
 WARN [bp-queue-proc-/com/stefanolupo/ndngame/0/nodeA/blocks/sync-1] (BasePublisher.java:98) - /com/stefanolupo/ndngame/0/nodeA/blocks/sync: Saw duplicate sn requests
 WARN [bp-queue-proc-/com/stefanolupo/ndngame/0/nodeA/blocks/sync-1] (BasePublisher.java:99) - [16=32, 25=8, 7=3, 19=37, 22=31, 23=14, 20=14, 15=3]
 WARN [bp-queue-proc-/com/stefanolupo/ndngame/0/nodeA/status/sync-1] (BasePublisher.java:98) - /com/stefanolupo/ndngame/0/nodeA/status/sync: Saw duplicate sn requests
 WARN [bp-queue-proc-/com/stefanolupo/ndngame/0/nodeA/status/sync-1] (BasePublisher.java:99) - [0=2, 3782=2, 4053=2]
3/20/19, 1:58:55 AM ============================================================

-- Gauges ----------------------------------------------------------------------
pub-update-percentage-nodeA-blocks-sync
             value = 0.0030086917762424783
pub-update-percentage-nodeA-status-sync
             value = 0.4971020954079358

-- Counters --------------------------------------------------------------------
sub-blocks-interestscounter-nodeB
             count = 74
sub-blocks-interestscounter-nodeC
             count = 76
sub-blocks-interestscounter-nodeD
             count = 74
sub-projectiles-interestscounter-nodeB
             count = 103
sub-projectiles-interestscounter-nodeC
             count = 103
sub-projectiles-interestscounter-nodeD
             count = 100
sub-status-interestscounter-nodeB
             count = 2187
sub-status-interestscounter-nodeC
             count = 2194
sub-status-interestscounter-nodeD
             count = 2188

-- Histograms ------------------------------------------------------------------
eng-status-delta-nodeB
             count = 2179
               min = 0
               max = 111
              mean = 2.45
            stddev = 7.04
            median = 0.00
              75% <= 0.00
              95% <= 16.00
              98% <= 22.00
              99% <= 31.00
            99.9% <= 52.00
eng-status-delta-nodeC
             count = 2187
               min = 0
               max = 133
              mean = 6.12
            stddev = 14.71
            median = 0.00
              75% <= 0.00
              95% <= 31.00
              98% <= 50.00
              99% <= 67.00
            99.9% <= 126.00
eng-status-delta-nodeD
             count = 2180
               min = 0
               max = 79
              mean = 4.10
            stddev = 10.67
            median = 0.00
              75% <= 0.00
              95% <= 31.00
              98% <= 44.00
              99% <= 56.00
            99.9% <= 74.00
sub-blocks-rtt-nodeB
             count = 5
               min = 361
               max = 921
              mean = 715.14
            stddev = 167.39
            median = 670.00
              75% <= 813.00
              95% <= 921.00
              98% <= 921.00
              99% <= 921.00
            99.9% <= 921.00
sub-blocks-rtt-nodeC
             count = 3
               min = 166
               max = 615
              mean = 502.62
            stddev = 183.48
            median = 615.00
              75% <= 615.00
              95% <= 615.00
              98% <= 615.00
              99% <= 615.00
            99.9% <= 615.00
sub-blocks-rtt-nodeD
             count = 5
               min = 92
               max = 923
              mean = 384.81
            stddev = 328.43
            median = 171.00
              75% <= 519.00
              95% <= 923.00
              98% <= 923.00
              99% <= 923.00
            99.9% <= 923.00
sub-projectiles-rtt-nodeB
             count = 41
               min = 0
               max = 999
              mean = 437.40
            stddev = 308.90
            median = 516.00
              75% <= 667.00
              95% <= 985.00
              98% <= 999.00
              99% <= 999.00
            99.9% <= 999.00
sub-projectiles-rtt-nodeC
             count = 41
               min = 15
               max = 999
              mean = 430.88
            stddev = 286.52
            median = 503.00
              75% <= 599.00
              95% <= 999.00
              98% <= 999.00
              99% <= 999.00
            99.9% <= 999.00
sub-projectiles-rtt-nodeD
             count = 42
               min = 15
               max = 1000
              mean = 525.03
            stddev = 291.99
            median = 533.00
              75% <= 784.00
              95% <= 999.00
              98% <= 1000.00
              99% <= 1000.00
            99.9% <= 1000.00
sub-status-rtt-nodeB
             count = 2186
               min = 2
               max = 103
              mean = 35.67
            stddev = 10.74
            median = 33.00
              75% <= 34.00
              95% <= 66.00
              98% <= 67.00
              99% <= 67.00
            99.9% <= 89.00
sub-status-rtt-nodeC
             count = 2194
               min = 10
               max = 120
              mean = 36.11
            stddev = 10.55
            median = 33.00
              75% <= 34.00
              95% <= 66.00
              98% <= 67.00
              99% <= 67.00
            99.9% <= 114.00
sub-status-rtt-nodeD
             count = 2188
               min = 7
               max = 110
              mean = 35.86
            stddev = 11.07
            median = 33.00
              75% <= 34.00
              95% <= 66.00
              98% <= 67.00
              99% <= 67.00
            99.9% <= 84.00

-- Meters ----------------------------------------------------------------------
pub-interest-rate-nodeA-blocks-sync
             count = 168
         mean rate = 2.13 events/second
     1-minute rate = 1.77 events/second
     5-minute rate = 1.09 events/second
    15-minute rate = 0.90 events/second
pub-interest-rate-nodeA-projectiles-sync
             count = 95
         mean rate = 1.20 events/second
     1-minute rate = 1.26 events/second
     5-minute rate = 1.50 events/second
    15-minute rate = 1.57 events/second
pub-interest-rate-nodeA-status-sync
             count = 2189
         mean rate = 27.76 events/second
     1-minute rate = 27.96 events/second
     5-minute rate = 28.41 events/second
    15-minute rate = 28.53 events/second


 WARN [bp-queue-proc-/com/stefanolupo/ndngame/0/nodeA/blocks/sync-1] (BasePublisher.java:98) - /com/stefanolupo/ndngame/0/nodeA/blocks/sync: Saw duplicate sn requests
 WARN [bp-queue-proc-/com/stefanolupo/ndngame/0/nodeA/blocks/sync-1] (BasePublisher.java:99) - [16=32, 27=11, 25=26, 7=3, 22=34, 28=9, 19=37, 23=16, 20=14, 15=3, 26=5]
 WARN [bp-queue-proc-/com/stefanolupo/ndngame/0/nodeA/status/sync-1] (BasePublisher.java:98) - /com/stefanolupo/ndngame/0/nodeA/status/sync: Saw duplicate sn requests
 WARN [bp-queue-proc-/com/stefanolupo/ndngame/0/nodeA/status/sync-1] (BasePublisher.java:99) - [0=2, 3782=2, 4053=2]
DEBUG [HeadlessApplication] (ProjectileCollisionSystem.java:108) - Bullet hit me, notifying owner and decreasing my health
3/20/19, 1:59:25 AM ============================================================

-- Gauges ----------------------------------------------------------------------
pub-update-percentage-nodeA-blocks-sync
             value = 0.003341377390012994
pub-update-percentage-nodeA-status-sync
             value = 0.4974006683995544

-- Counters --------------------------------------------------------------------
sub-blocks-interestscounter-nodeB
             count = 103
sub-blocks-interestscounter-nodeC
             count = 104
sub-blocks-interestscounter-nodeD
             count = 104
sub-projectiles-interestscounter-nodeB
             count = 143
sub-projectiles-interestscounter-nodeC
             count = 144
sub-projectiles-interestscounter-nodeD
             count = 138
sub-status-interestscounter-nodeB
             count = 3031
sub-status-interestscounter-nodeC
             count = 3004
sub-status-interestscounter-nodeD
             count = 3026

-- Histograms ------------------------------------------------------------------
eng-status-delta-nodeB
             count = 3021
               min = 0
               max = 122
              mean = 3.03
            stddev = 10.51
            median = 0.00
              75% <= 0.00
              95% <= 16.00
              98% <= 31.00
              99% <= 39.00
            99.9% <= 122.00
eng-status-delta-nodeC
             count = 2992
               min = 0
               max = 133
              mean = 5.10
            stddev = 13.94
            median = 0.00
              75% <= 0.00
              95% <= 31.00
              98% <= 44.00
              99% <= 69.00
            99.9% <= 122.00
eng-status-delta-nodeD
             count = 3013
               min = 0
               max = 79
              mean = 3.74
            stddev = 10.15
            median = 0.00
              75% <= 0.00
              95% <= 22.00
              98% <= 34.00
              99% <= 56.00
            99.9% <= 77.00
sub-blocks-rtt-nodeB
             count = 6
               min = 361
               max = 921
              mean = 668.13
            stddev = 152.40
            median = 625.00
              75% <= 813.00
              95% <= 921.00
              98% <= 921.00
              99% <= 921.00
            99.9% <= 921.00
sub-blocks-rtt-nodeC
             count = 5
               min = 166
               max = 952
              mean = 780.56
            stddev = 222.50
            median = 872.00
              75% <= 952.00
              95% <= 952.00
              98% <= 952.00
              99% <= 952.00
            99.9% <= 952.00
sub-blocks-rtt-nodeD
             count = 5
               min = 92
               max = 923
              mean = 384.81
            stddev = 328.43
            median = 171.00
              75% <= 519.00
              95% <= 923.00
              98% <= 923.00
              99% <= 923.00
            99.9% <= 923.00
sub-projectiles-rtt-nodeB
             count = 59
               min = 0
               max = 1000
              mean = 447.21
            stddev = 296.73
            median = 516.00
              75% <= 650.00
              95% <= 985.00
              98% <= 1000.00
              99% <= 1000.00
            99.9% <= 1000.00
sub-projectiles-rtt-nodeC
             count = 57
               min = 9
               max = 999
              mean = 377.92
            stddev = 281.24
            median = 483.00
              75% <= 569.00
              95% <= 783.00
              98% <= 999.00
              99% <= 999.00
            99.9% <= 999.00
sub-projectiles-rtt-nodeD
             count = 58
               min = 15
               max = 1000
              mean = 498.98
            stddev = 268.74
            median = 533.00
              75% <= 683.00
              95% <= 999.00
              98% <= 1000.00
              99% <= 1000.00
            99.9% <= 1000.00
sub-status-rtt-nodeB
             count = 3030
               min = 2
               max = 103
              mean = 35.58
            stddev = 10.60
            median = 33.00
              75% <= 34.00
              95% <= 66.00
              98% <= 67.00
              99% <= 67.00
            99.9% <= 83.00
sub-status-rtt-nodeC
             count = 3004
               min = 2
               max = 120
              mean = 36.63
            stddev = 11.72
            median = 33.00
              75% <= 34.00
              95% <= 66.00
              98% <= 67.00
              99% <= 69.00
            99.9% <= 114.00
sub-status-rtt-nodeD
             count = 3026
               min = 4
               max = 84
              mean = 36.03
            stddev = 10.84
            median = 33.00
              75% <= 34.00
              95% <= 66.00
              98% <= 67.00
              99% <= 68.00
            99.9% <= 84.00

-- Meters ----------------------------------------------------------------------
pub-interest-rate-nodeA-blocks-sync
             count = 235
         mean rate = 2.16 events/second
     1-minute rate = 1.99 events/second
     5-minute rate = 1.21 events/second
    15-minute rate = 0.95 events/second
pub-interest-rate-nodeA-projectiles-sync
             count = 133
         mean rate = 1.22 events/second
     1-minute rate = 1.28 events/second
     5-minute rate = 1.48 events/second
    15-minute rate = 1.56 events/second
pub-interest-rate-nodeA-status-sync
             count = 3009
         mean rate = 27.65 events/second
     1-minute rate = 27.75 events/second
     5-minute rate = 28.32 events/second
    15-minute rate = 28.50 events/second


 WARN [bp-queue-proc-/com/stefanolupo/ndngame/0/nodeA/blocks/sync-1] (BasePublisher.java:98) - /com/stefanolupo/ndngame/0/nodeA/blocks/sync: Saw duplicate sn requests
 WARN [bp-queue-proc-/com/stefanolupo/ndngame/0/nodeA/blocks/sync-1] (BasePublisher.java:99) - [36=5, 38=2, 7=3, 25=28, 34=5, 23=16, 15=3, 27=21, 16=32, 28=14, 22=34, 19=37, 31=7, 20=14, 30=5, 29=3, 26=5]
 WARN [bp-queue-proc-/com/stefanolupo/ndngame/0/nodeA/status/sync-1] (BasePublisher.java:98) - /com/stefanolupo/ndngame/0/nodeA/status/sync: Saw duplicate sn requests
 WARN [bp-queue-proc-/com/stefanolupo/ndngame/0/nodeA/status/sync-1] (BasePublisher.java:99) - [0=2, 3782=2, 4053=2]
DEBUG [HeadlessApplication] (ProjectileCollisionSystem.java:108) - Bullet hit me, notifying owner and decreasing my health
DEBUG [HeadlessApplication] (ProjectileCollisionSystem.java:108) - Bullet hit me, notifying owner and decreasing my health
DEBUG [HeadlessApplication] (ProjectileCollisionSystem.java:108) - Bullet hit me, notifying owner and decreasing my health
 WARN [bp-queue-proc-/com/stefanolupo/ndngame/0/nodeA/blocks/sync-1] (BasePublisher.java:98) - /com/stefanolupo/ndngame/0/nodeA/blocks/sync: Saw duplicate sn requests
 WARN [bp-queue-proc-/com/stefanolupo/ndngame/0/nodeA/blocks/sync-1] (BasePublisher.java:99) - [7=3, 25=28, 23=16, 38=13, 15=3, 27=21, 16=32, 28=14, 36=16, 22=34, 34=23, 19=37, 31=7, 20=14, 30=5, 29=3, 26=5]
 WARN [bp-queue-proc-/com/stefanolupo/ndngame/0/nodeA/status/sync-1] (BasePublisher.java:98) - /com/stefanolupo/ndngame/0/nodeA/status/sync: Saw duplicate sn requests
 WARN [bp-queue-proc-/com/stefanolupo/ndngame/0/nodeA/status/sync-1] (BasePublisher.java:99) - [0=2, 3782=2, 4053=2, 5454=2]
3/20/19, 1:59:55 AM ============================================================

-- Gauges ----------------------------------------------------------------------
pub-update-percentage-nodeA-blocks-sync
             value = 0.002942579926833148
pub-update-percentage-nodeA-status-sync
             value = 0.49769328666878776

-- Counters --------------------------------------------------------------------
sub-blocks-interestscounter-nodeB
             count = 133
sub-blocks-interestscounter-nodeC
             count = 133
sub-blocks-interestscounter-nodeD
             count = 133
sub-projectiles-interestscounter-nodeB
             count = 180
sub-projectiles-interestscounter-nodeC
             count = 181
sub-projectiles-interestscounter-nodeD
             count = 177
sub-status-interestscounter-nodeB
             count = 3837
sub-status-interestscounter-nodeC
             count = 3814
sub-status-interestscounter-nodeD
             count = 3837

-- Histograms ------------------------------------------------------------------
eng-status-delta-nodeB
             count = 3827
               min = 0
               max = 117
              mean = 2.70
            stddev = 8.59
            median = 0.00
              75% <= 0.00
              95% <= 16.00
              98% <= 25.00
              99% <= 33.00
            99.9% <= 111.00
eng-status-delta-nodeC
             count = 3802
               min = 0
               max = 133
              mean = 3.77
            stddev = 10.48
            median = 0.00
              75% <= 0.00
              95% <= 22.00
              98% <= 33.00
              99% <= 49.00
            99.9% <= 103.00
eng-status-delta-nodeD
             count = 3818
               min = 0
               max = 74
              mean = 3.42
            stddev = 8.75
            median = 0.00
              75% <= 0.00
              95% <= 22.00
              98% <= 31.00
              99% <= 40.00
            99.9% <= 63.00
sub-blocks-rtt-nodeB
             count = 6
               min = 361
               max = 921
              mean = 668.13
            stddev = 152.40
            median = 625.00
              75% <= 813.00
              95% <= 921.00
              98% <= 921.00
              99% <= 921.00
            99.9% <= 921.00
sub-blocks-rtt-nodeC
             count = 6
               min = 166
               max = 952
              mean = 831.50
            stddev = 201.64
            median = 950.00
              75% <= 952.00
              95% <= 952.00
              98% <= 952.00
              99% <= 952.00
            99.9% <= 952.00
sub-blocks-rtt-nodeD
             count = 6
               min = 92
               max = 923
              mean = 536.62
            stddev = 284.11
            median = 700.00
              75% <= 700.00
              95% <= 923.00
              98% <= 923.00
              99% <= 923.00
            99.9% <= 923.00
sub-projectiles-rtt-nodeB
             count = 72
               min = 0
               max = 1000
              mean = 424.06
            stddev = 300.37
            median = 488.00
              75% <= 665.00
              95% <= 883.00
              98% <= 999.00
              99% <= 1000.00
            99.9% <= 1000.00
sub-projectiles-rtt-nodeC
             count = 71
               min = 9
               max = 999
              mean = 395.96
            stddev = 284.93
            median = 462.00
              75% <= 599.00
              95% <= 800.00
              98% <= 950.00
              99% <= 999.00
            99.9% <= 999.00
sub-projectiles-rtt-nodeD
             count = 73
               min = 15
               max = 1000
              mean = 447.39
            stddev = 300.02
            median = 517.00
              75% <= 683.00
              95% <= 968.00
              98% <= 999.00
              99% <= 1000.00
            99.9% <= 1000.00
sub-status-rtt-nodeB
             count = 3836
               min = 2
               max = 103
              mean = 37.13
            stddev = 12.66
            median = 33.00
              75% <= 34.00
              95% <= 67.00
              98% <= 67.00
              99% <= 81.00
            99.9% <= 99.00
sub-status-rtt-nodeC
             count = 3814
               min = 2
               max = 120
              mean = 37.22
            stddev = 12.72
            median = 33.00
              75% <= 34.00
              95% <= 67.00
              98% <= 67.00
              99% <= 82.00
            99.9% <= 107.00
sub-status-rtt-nodeD
             count = 3837
               min = 4
               max = 101
              mean = 36.68
            stddev = 12.93
            median = 33.00
              75% <= 34.00
              95% <= 67.00
              98% <= 67.00
              99% <= 83.00
            99.9% <= 101.00

-- Meters ----------------------------------------------------------------------
pub-interest-rate-nodeA-blocks-sync
             count = 295
         mean rate = 2.12 events/second
     1-minute rate = 1.98 events/second
     5-minute rate = 1.28 events/second
    15-minute rate = 0.99 events/second
pub-interest-rate-nodeA-projectiles-sync
             count = 170
         mean rate = 1.22 events/second
     1-minute rate = 1.26 events/second
     5-minute rate = 1.46 events/second
    15-minute rate = 1.55 events/second
pub-interest-rate-nodeA-status-sync
             count = 3842
         mean rate = 27.67 events/second
     1-minute rate = 27.68 events/second
     5-minute rate = 28.25 events/second
    15-minute rate = 28.47 events/second


 WARN [bp-queue-proc-/com/stefanolupo/ndngame/0/nodeA/blocks/sync-1] (BasePublisher.java:98) - /com/stefanolupo/ndngame/0/nodeA/blocks/sync: Saw duplicate sn requests
 WARN [bp-queue-proc-/com/stefanolupo/ndngame/0/nodeA/blocks/sync-1] (BasePublisher.java:99) - [34=35, 7=3, 25=28, 23=16, 15=3, 27=21, 16=32, 28=14, 22=34, 19=37, 36=28, 31=7, 20=14, 30=5, 38=26, 29=3, 26=5]
 WARN [bp-queue-proc-/com/stefanolupo/ndngame/0/nodeA/status/sync-1] (BasePublisher.java:98) - /com/stefanolupo/ndngame/0/nodeA/status/sync: Saw duplicate sn requests
 WARN [bp-queue-proc-/com/stefanolupo/ndngame/0/nodeA/status/sync-1] (BasePublisher.java:99) - [6210=2, 6179=2, 0=2, 6161=2, 3782=2, 4053=2, 5454=2]
ERROR [HeadlessApplication] (ProjectileCollisionSystem.java:62) - Type component was null for collision with PROJECTILE
3/20/19, 2:00:25 AM ============================================================

-- Gauges ----------------------------------------------------------------------
pub-update-percentage-nodeA-blocks-sync
             value = 0.0029915124530402117
pub-update-percentage-nodeA-status-sync
             value = 0.49798218758697466

-- Counters --------------------------------------------------------------------
sub-blocks-interestscounter-nodeB
             count = 162
sub-blocks-interestscounter-nodeC
             count = 161
sub-blocks-interestscounter-nodeD
             count = 162
sub-projectiles-interestscounter-nodeB
             count = 223
sub-projectiles-interestscounter-nodeC
             count = 225
sub-projectiles-interestscounter-nodeD
             count = 218
sub-status-interestscounter-nodeB
             count = 4670
sub-status-interestscounter-nodeC
             count = 4634
sub-status-interestscounter-nodeD
             count = 4669

-- Histograms ------------------------------------------------------------------
eng-status-delta-nodeB
             count = 4659
               min = 0
               max = 122
              mean = 2.93
            stddev = 10.87
            median = 0.00
              75% <= 0.00
              95% <= 16.00
              98% <= 22.00
              99% <= 39.00
            99.9% <= 122.00
eng-status-delta-nodeC
             count = 4622
               min = 0
               max = 100
              mean = 3.84
            stddev = 10.58
            median = 0.00
              75% <= 0.00
              95% <= 24.00
              98% <= 39.00
              99% <= 47.00
            99.9% <= 100.00
eng-status-delta-nodeD
             count = 4646
               min = 0
               max = 128
              mean = 3.25
            stddev = 10.65
            median = 0.00
              75% <= 0.00
              95% <= 22.00
              98% <= 31.00
              99% <= 44.00
            99.9% <= 128.00
sub-blocks-rtt-nodeB
             count = 7
               min = 361
               max = 921
              mean = 627.70
            stddev = 121.72
            median = 578.00
              75% <= 670.00
              95% <= 921.00
              98% <= 921.00
              99% <= 921.00
            99.9% <= 921.00
sub-blocks-rtt-nodeC
             count = 8
               min = 166
               max = 952
              mean = 596.17
            stddev = 272.54
            median = 521.00
              75% <= 950.00
              95% <= 952.00
              98% <= 952.00
              99% <= 952.00
            99.9% <= 952.00
sub-blocks-rtt-nodeD
             count = 7
               min = 92
               max = 923
              mean = 700.99
            stddev = 274.44
            median = 894.00
              75% <= 894.00
              95% <= 923.00
              98% <= 923.00
              99% <= 923.00
            99.9% <= 923.00
sub-projectiles-rtt-nodeB
             count = 94
               min = 0
               max = 1000
              mean = 423.35
            stddev = 262.12
            median = 507.00
              75% <= 549.00
              95% <= 816.00
              98% <= 971.00
              99% <= 999.00
            99.9% <= 1000.00
sub-projectiles-rtt-nodeC
             count = 93
               min = 9
               max = 999
              mean = 384.74
            stddev = 258.74
            median = 466.00
              75% <= 529.00
              95% <= 800.00
              98% <= 866.00
              99% <= 950.00
            99.9% <= 999.00
sub-projectiles-rtt-nodeD
             count = 89
               min = 11
               max = 1000
              mean = 404.54
            stddev = 296.07
            median = 479.00
              75% <= 683.00
              95% <= 816.00
              98% <= 968.00
              99% <= 999.00
            99.9% <= 1000.00
sub-status-rtt-nodeB
             count = 4670
               min = 9
               max = 99
              mean = 36.46
            stddev = 12.06
            median = 33.00
              75% <= 34.00
              95% <= 66.00
              98% <= 67.00
              99% <= 71.00
            99.9% <= 89.00
sub-status-rtt-nodeC
             count = 4634
               min = 2
               max = 120
              mean = 36.60
            stddev = 12.47
            median = 33.00
              75% <= 34.00
              95% <= 67.00
              98% <= 67.00
              99% <= 69.00
            99.9% <= 107.00
sub-status-rtt-nodeD
             count = 4669
               min = 4
               max = 168
              mean = 36.91
            stddev = 13.40
            median = 33.00
              75% <= 34.00
              95% <= 67.00
              98% <= 67.00
              99% <= 83.00
            99.9% <= 168.00

-- Meters ----------------------------------------------------------------------
pub-interest-rate-nodeA-blocks-sync
             count = 354
         mean rate = 2.10 events/second
     1-minute rate = 1.97 events/second
     5-minute rate = 1.34 events/second
    15-minute rate = 1.02 events/second
pub-interest-rate-nodeA-projectiles-sync
             count = 212
         mean rate = 1.26 events/second
     1-minute rate = 1.29 events/second
     5-minute rate = 1.45 events/second
    15-minute rate = 1.54 events/second
pub-interest-rate-nodeA-status-sync
             count = 4686
         mean rate = 27.75 events/second
     1-minute rate = 27.86 events/second
     5-minute rate = 28.24 events/second
    15-minute rate = 28.46 events/second


 WARN [bp-queue-proc-/com/stefanolupo/ndngame/0/nodeA/blocks/sync-1] (BasePublisher.java:98) - /com/stefanolupo/ndngame/0/nodeA/blocks/sync: Saw duplicate sn requests
 WARN [bp-queue-proc-/com/stefanolupo/ndngame/0/nodeA/blocks/sync-1] (BasePublisher.java:99) - [38=36, 7=3, 34=38, 41=13, 25=28, 23=16, 36=35, 15=3, 43=6, 27=21, 16=32, 28=14, 22=34, 19=37, 31=7, 20=14, 30=5, 29=3, 26=5]
 WARN [bp-queue-proc-/com/stefanolupo/ndngame/0/nodeA/status/sync-1] (BasePublisher.java:98) - /com/stefanolupo/ndngame/0/nodeA/status/sync: Saw duplicate sn requests
 WARN [bp-queue-proc-/com/stefanolupo/ndngame/0/nodeA/status/sync-1] (BasePublisher.java:99) - [6210=2, 6179=2, 0=2, 6161=2, 3782=2, 4053=2, 5454=2, 7055=2]
