DEBUG [main] (ConfigManager.java:33) - Initialized with properties: {local.player.status.updates.per.sec=30, facemanager.num.sub.threads.per.face=10, linear.interest.zone.filter.inner.radius=10, projectile.cache.size=20, local.player.status.use.dead.reckoning=false, block.publisher.freshness.period.ms=20, player.status.publisher.freshness.period.ms=20, base.publisher.queue.process.per.sec=60, projectile.sub.inter.interest.max.wait.time.ms=2000, linear.interest.zone.filter.outer.radius=20, local.player.dead.reckoning.max.error=0.5, projectile.publisher.queue.process.multithread=true, statistics.logger.log.rate.sec=30, facemanager.max.num.pub.faces=15, facemanager.num.pub.threads.per.face=10, facemanager.max.num.sub.faces=15, block.sub.inter.interest.max.wait.time.ms=2000, projectile.publisher.queue.process.per.sec=60, base.publisher.queue.process.multithread=true, player.sub.inter.interest.max.wait.time.ms=2000, linear.interest.zone.filter.enabled=false, projectile.publisher.freshness.period.ms=20}
WARNING: An illegal reflective access operation has occurred
WARNING: Illegal reflective access by com.google.inject.internal.cglib.core.$ReflectUtils$2 (file:/NdnGame/NdnGameLibGdxDesktop-1.0-SNAPSHOT.jar) to method java.lang.ClassLoader.defineClass(java.lang.String,byte[],int,int,java.security.ProtectionDomain)
WARNING: Please consider reporting this to the maintainers of com.google.inject.internal.cglib.core.$ReflectUtils$2
WARNING: Use --illegal-access=warn to enable warnings of further illegal reflective access operations
WARNING: All illegal access operations will be denied in a future release
DEBUG [main] (BackendModule.java:123) - Writing metrics to /metrics/nodeL
 INFO [main] (BodyFactory.java:30) - Using quadrant size of 80.0 and quadrant gap of 20.0
 INFO [main] (DesktopLauncher.java:49) - Launching headless game
 INFO [main] (DesktopLauncher.java:50) - LocalConfig{playerName='nodeL', isMasterView=false, isAutomated=true, automationType='wsp', isHeadless=true, gameId=0, screenWidth=600, screenHeight=600, targetFrameRate=60}
DEBUG [main] (AutomatedInputController.java:52) - Starting with automation type: wsp
DEBUG [main] (BasePublisher.java:67) - Registering /com/stefanolupo/ndngame/0/nodeL/blocks/sync
DEBUG [main] (BasePublisher.java:67) - Registering /com/stefanolupo/ndngame/0/nodeL/status/sync
Apr 09, 2019 9:55:04 PM net.named_data.jndn.Node$RegisterResponse onData
INFO: Register prefix succeeded with the NFD forwarder for prefix /com/stefanolupo/ndngame/0/nodeL/blocks/sync
Apr 09, 2019 9:55:04 PM net.named_data.jndn.Node$RegisterResponse onData
INFO: Register prefix failed: Expected NFD status code 200, got: 403
Apr 09, 2019 9:55:04 PM net.named_data.jndn.Node$RegisterResponse onData
INFO: Register prefix succeeded with the NFD forwarder for prefix /com/stefanolupo/ndngame/0/nodeL/status/sync
Apr 09, 2019 9:55:04 PM net.named_data.jndn.Node$RegisterResponse onData
INFO: Register prefix succeeded with the NFD forwarder for prefix /com/stefanolupo/ndngame/0/nodeL/blocks/interact
Apr 09, 2019 9:55:04 PM net.named_data.jndn.Node$RegisterResponse onData
INFO: Register prefix succeeded with the NFD forwarder for prefix /com/stefanolupo/ndngame/0/nodeL/projectiles/interact
 WARN [fm-pub-3-2] (FaceManager.java:150) - Failed to register prefix: /com/stefanolupo/ndngame/0/nodeL/projectiles/sync, retrying..
Apr 09, 2019 9:55:04 PM net.named_data.jndn.Node$RegisterResponse onData
INFO: Register prefix succeeded with the NFD forwarder for prefix /com/stefanolupo/ndngame/0/nodeL/projectiles/sync
Apr 09, 2019 9:55:08 PM net.named_data.jndn.Node$RegisterResponse onData
INFO: Register prefix succeeded with the NFD forwarder for prefix /com/stefanolupo/ndngame/0/config/broadcast
Apr 09, 2019 9:55:08 PM net.named_data.jndn.Node$RegisterResponse onData
INFO: Register prefix succeeded with the NFD forwarder for prefix /com/stefanolupo/ndngame/0/config/nodeL
 INFO [cs-/com/stefanolupo/ndngame/0/config/nodeL-0] (ChronoSynced.java:93) - Initialized ChronoSyncedMap for /com/stefanolupo/ndngame/0/config/nodeL
Apr 09, 2019 9:55:09 PM net.named_data.jndn.Node$RegisterResponse onData
INFO: Register prefix succeeded with the NFD forwarder for prefix /com/stefanolupo/ndngame/0/discovery/broadcast
Apr 09, 2019 9:55:09 PM net.named_data.jndn.Node$RegisterResponse onData
INFO: Register prefix succeeded with the NFD forwarder for prefix /com/stefanolupo/ndngame/0/discovery/nodeL
 INFO [cs-/com/stefanolupo/ndngame/0/discovery/nodeL-0] (ChronoSynced.java:93) - Initialized ChronoSyncedMap for /com/stefanolupo/ndngame/0/discovery/nodeL
 INFO [cs-/com/stefanolupo/ndngame/0/discovery/nodeL-0] (PlayerStatusSubscriber.java:59) - Adding subscription for nodeE
 INFO [cs-/com/stefanolupo/ndngame/0/discovery/nodeL-0] (PlayerStatusSubscriber.java:59) - Adding subscription for nodeF
 INFO [cs-/com/stefanolupo/ndngame/0/discovery/nodeL-0] (PlayerStatusSubscriber.java:59) - Adding subscription for nodeG
 INFO [cs-/com/stefanolupo/ndngame/0/discovery/nodeL-0] (PlayerStatusSubscriber.java:59) - Adding subscription for nodeM
 INFO [cs-/com/stefanolupo/ndngame/0/discovery/nodeL-0] (PlayerStatusSubscriber.java:59) - Adding subscription for nodeC
 INFO [cs-/com/stefanolupo/ndngame/0/discovery/nodeL-0] (PlayerStatusSubscriber.java:59) - Adding subscription for nodeD
 INFO [cs-/com/stefanolupo/ndngame/0/discovery/nodeL-0] (PlayerStatusSubscriber.java:59) - Adding subscription for nodeO
 INFO [cs-/com/stefanolupo/ndngame/0/discovery/nodeL-0] (PlayerStatusSubscriber.java:59) - Adding subscription for nodeK
 INFO [cs-/com/stefanolupo/ndngame/0/discovery/nodeL-0] (PlayerStatusSubscriber.java:59) - Adding subscription for nodeA
 INFO [cs-/com/stefanolupo/ndngame/0/discovery/nodeL-0] (PlayerStatusSubscriber.java:59) - Adding subscription for nodeB
 INFO [cs-/com/stefanolupo/ndngame/0/discovery/nodeL-0] (PlayerStatusSubscriber.java:59) - Adding subscription for nodeH
 INFO [cs-/com/stefanolupo/ndngame/0/discovery/nodeL-0] (PlayerStatusSubscriber.java:59) - Adding subscription for nodeNN
 INFO [cs-/com/stefanolupo/ndngame/0/discovery/nodeL-0] (PlayerStatusSubscriber.java:59) - Adding subscription for nodeI
 INFO [cs-/com/stefanolupo/ndngame/0/discovery/nodeL-0] (PlayerStatusSubscriber.java:59) - Adding subscription for nodeJ
 INFO [cs-/com/stefanolupo/ndngame/0/discovery/nodeL-0] (BlockSubscriber.java:55) - Adding subscription for /com/stefanolupo/ndngame/0/nodeE/blocks/sync/0/0/0
 INFO [cs-/com/stefanolupo/ndngame/0/discovery/nodeL-0] (BlockSubscriber.java:55) - Adding subscription for /com/stefanolupo/ndngame/0/nodeF/blocks/sync/0/0/0
 INFO [cs-/com/stefanolupo/ndngame/0/discovery/nodeL-0] (BlockSubscriber.java:55) - Adding subscription for /com/stefanolupo/ndngame/0/nodeG/blocks/sync/0/0/0
 INFO [cs-/com/stefanolupo/ndngame/0/discovery/nodeL-0] (BlockSubscriber.java:55) - Adding subscription for /com/stefanolupo/ndngame/0/nodeM/blocks/sync/0/0/0
 INFO [cs-/com/stefanolupo/ndngame/0/discovery/nodeL-0] (BlockSubscriber.java:55) - Adding subscription for /com/stefanolupo/ndngame/0/nodeC/blocks/sync/0/0/0
 INFO [cs-/com/stefanolupo/ndngame/0/discovery/nodeL-0] (BlockSubscriber.java:55) - Adding subscription for /com/stefanolupo/ndngame/0/nodeD/blocks/sync/0/0/0
 INFO [cs-/com/stefanolupo/ndngame/0/discovery/nodeL-0] (BlockSubscriber.java:55) - Adding subscription for /com/stefanolupo/ndngame/0/nodeO/blocks/sync/0/0/0
 INFO [cs-/com/stefanolupo/ndngame/0/discovery/nodeL-0] (BlockSubscriber.java:55) - Adding subscription for /com/stefanolupo/ndngame/0/nodeK/blocks/sync/0/0/0
 INFO [cs-/com/stefanolupo/ndngame/0/discovery/nodeL-0] (BlockSubscriber.java:55) - Adding subscription for /com/stefanolupo/ndngame/0/nodeA/blocks/sync/0/0/0
 INFO [cs-/com/stefanolupo/ndngame/0/discovery/nodeL-0] (BlockSubscriber.java:55) - Adding subscription for /com/stefanolupo/ndngame/0/nodeB/blocks/sync/0/0/0
 INFO [cs-/com/stefanolupo/ndngame/0/discovery/nodeL-0] (BlockSubscriber.java:55) - Adding subscription for /com/stefanolupo/ndngame/0/nodeH/blocks/sync/0/0/0
 INFO [cs-/com/stefanolupo/ndngame/0/discovery/nodeL-0] (BlockSubscriber.java:55) - Adding subscription for /com/stefanolupo/ndngame/0/nodeNN/blocks/sync/0/0/0
 INFO [cs-/com/stefanolupo/ndngame/0/discovery/nodeL-0] (BlockSubscriber.java:55) - Adding subscription for /com/stefanolupo/ndngame/0/nodeI/blocks/sync/0/0/0
 INFO [cs-/com/stefanolupo/ndngame/0/discovery/nodeL-0] (BlockSubscriber.java:55) - Adding subscription for /com/stefanolupo/ndngame/0/nodeJ/blocks/sync/0/0/0
 INFO [cs-/com/stefanolupo/ndngame/0/discovery/nodeL-0] (ProjectileSubscriber.java:53) - Adding subscription for /com/stefanolupo/ndngame/0/nodeE/projectiles/sync/0/0/0
 INFO [cs-/com/stefanolupo/ndngame/0/discovery/nodeL-0] (ProjectileSubscriber.java:53) - Adding subscription for /com/stefanolupo/ndngame/0/nodeF/projectiles/sync/0/0/0
 INFO [cs-/com/stefanolupo/ndngame/0/discovery/nodeL-0] (ProjectileSubscriber.java:53) - Adding subscription for /com/stefanolupo/ndngame/0/nodeG/projectiles/sync/0/0/0
 INFO [cs-/com/stefanolupo/ndngame/0/discovery/nodeL-0] (ProjectileSubscriber.java:53) - Adding subscription for /com/stefanolupo/ndngame/0/nodeM/projectiles/sync/0/0/0
 INFO [cs-/com/stefanolupo/ndngame/0/discovery/nodeL-0] (ProjectileSubscriber.java:53) - Adding subscription for /com/stefanolupo/ndngame/0/nodeC/projectiles/sync/0/0/0
 INFO [cs-/com/stefanolupo/ndngame/0/discovery/nodeL-0] (ProjectileSubscriber.java:53) - Adding subscription for /com/stefanolupo/ndngame/0/nodeD/projectiles/sync/0/0/0
 INFO [cs-/com/stefanolupo/ndngame/0/discovery/nodeL-0] (ProjectileSubscriber.java:53) - Adding subscription for /com/stefanolupo/ndngame/0/nodeO/projectiles/sync/0/0/0
 INFO [cs-/com/stefanolupo/ndngame/0/discovery/nodeL-0] (ProjectileSubscriber.java:53) - Adding subscription for /com/stefanolupo/ndngame/0/nodeK/projectiles/sync/0/0/0
 INFO [cs-/com/stefanolupo/ndngame/0/discovery/nodeL-0] (ProjectileSubscriber.java:53) - Adding subscription for /com/stefanolupo/ndngame/0/nodeA/projectiles/sync/0/0/0
 INFO [cs-/com/stefanolupo/ndngame/0/discovery/nodeL-0] (ProjectileSubscriber.java:53) - Adding subscription for /com/stefanolupo/ndngame/0/nodeB/projectiles/sync/0/0/0
 INFO [cs-/com/stefanolupo/ndngame/0/discovery/nodeL-0] (ProjectileSubscriber.java:53) - Adding subscription for /com/stefanolupo/ndngame/0/nodeH/projectiles/sync/0/0/0
 INFO [cs-/com/stefanolupo/ndngame/0/discovery/nodeL-0] (ProjectileSubscriber.java:53) - Adding subscription for /com/stefanolupo/ndngame/0/nodeNN/projectiles/sync/0/0/0
 INFO [cs-/com/stefanolupo/ndngame/0/discovery/nodeL-0] (ProjectileSubscriber.java:53) - Adding subscription for /com/stefanolupo/ndngame/0/nodeI/projectiles/sync/0/0/0
 INFO [cs-/com/stefanolupo/ndngame/0/discovery/nodeL-0] (ProjectileSubscriber.java:53) - Adding subscription for /com/stefanolupo/ndngame/0/nodeJ/projectiles/sync/0/0/0
 INFO [fm-pub-3-5] (ProjectilePublisher.java:139) - Creating interest meter
 INFO [cs-/com/stefanolupo/ndngame/0/discovery/nodeL-0] (PlayerStatusSubscriber.java:59) - Adding subscription for nodeP
 INFO [cs-/com/stefanolupo/ndngame/0/discovery/nodeL-0] (BlockSubscriber.java:55) - Adding subscription for /com/stefanolupo/ndngame/0/nodeP/blocks/sync/0/0/0
 INFO [cs-/com/stefanolupo/ndngame/0/discovery/nodeL-0] (ProjectileSubscriber.java:53) - Adding subscription for /com/stefanolupo/ndngame/0/nodeP/projectiles/sync/0/0/0
DEBUG [HeadlessApplication] (ProjectileCollisionSystem.java:108) - Bullet hit me, notifying owner and decreasing my health
 WARN [cs-/com/stefanolupo/ndngame/0/discovery/nodeL-0] (ChronoSynced.java:118) - Timeout for interest: /com/stefanolupo/ndngame/0/discovery/nodeL/0?ndn.MustBeFresh=1&ndn.Nonce=%CB%10fI
 WARN [cs-/com/stefanolupo/ndngame/0/discovery/nodeL-0] (ChronoSynced.java:118) - Timeout for interest: /com/stefanolupo/ndngame/0/discovery/nodeL/0?ndn.MustBeFresh=1&ndn.Nonce=%E8-%FC%D7
 WARN [cs-/com/stefanolupo/ndngame/0/discovery/nodeL-0] (ChronoSynced.java:118) - Timeout for interest: /com/stefanolupo/ndngame/0/discovery/nodeL/0?ndn.MustBeFresh=1&ndn.Nonce=%868%EC%3C
 WARN [cs-/com/stefanolupo/ndngame/0/discovery/nodeL-0] (ChronoSynced.java:118) - Timeout for interest: /com/stefanolupo/ndngame/0/discovery/nodeL/0?ndn.MustBeFresh=1&ndn.Nonce=%27ku%8F
 WARN [cs-/com/stefanolupo/ndngame/0/discovery/nodeL-0] (ChronoSynced.java:118) - Timeout for interest: /com/stefanolupo/ndngame/0/discovery/nodeL/0?ndn.MustBeFresh=1&ndn.Nonce=%60o%8B%00
 WARN [cs-/com/stefanolupo/ndngame/0/discovery/nodeL-0] (ChronoSynced.java:118) - Timeout for interest: /com/stefanolupo/ndngame/0/discovery/nodeL/0?ndn.MustBeFresh=1&ndn.Nonce=9%3F%1B%88
 WARN [cs-/com/stefanolupo/ndngame/0/discovery/nodeL-0] (ChronoSynced.java:118) - Timeout for interest: /com/stefanolupo/ndngame/0/discovery/nodeL/0?ndn.MustBeFresh=1&ndn.Nonce=%F6T%5EW
 WARN [cs-/com/stefanolupo/ndngame/0/discovery/nodeL-0] (ChronoSynced.java:118) - Timeout for interest: /com/stefanolupo/ndngame/0/discovery/nodeL/0?ndn.MustBeFresh=1&ndn.Nonce=%8A%3A%8D%82
 WARN [cs-/com/stefanolupo/ndngame/0/discovery/nodeL-0] (ChronoSynced.java:118) - Timeout for interest: /com/stefanolupo/ndngame/0/discovery/nodeL/0?ndn.MustBeFresh=1&ndn.Nonce=%3C%8C%E1%14
 WARN [cs-/com/stefanolupo/ndngame/0/discovery/nodeL-0] (ChronoSynced.java:118) - Timeout for interest: /com/stefanolupo/ndngame/0/discovery/nodeL/0?ndn.MustBeFresh=1&ndn.Nonce=w%05%94%06
 WARN [cs-/com/stefanolupo/ndngame/0/discovery/nodeL-0] (ChronoSynced.java:118) - Timeout for interest: /com/stefanolupo/ndngame/0/discovery/nodeL/0?ndn.MustBeFresh=1&ndn.Nonce=%8D%83B%1B
 WARN [cs-/com/stefanolupo/ndngame/0/discovery/nodeL-0] (ChronoSynced.java:118) - Timeout for interest: /com/stefanolupo/ndngame/0/discovery/nodeL/0?ndn.MustBeFresh=1&ndn.Nonce=%11%03%84%96
 WARN [cs-/com/stefanolupo/ndngame/0/discovery/nodeL-0] (ChronoSynced.java:118) - Timeout for interest: /com/stefanolupo/ndngame/0/discovery/nodeL/0?ndn.MustBeFresh=1&ndn.Nonce=%29%10%09%E7
 WARN [cs-/com/stefanolupo/ndngame/0/discovery/nodeL-0] (ChronoSynced.java:118) - Timeout for interest: /com/stefanolupo/ndngame/0/discovery/nodeL/0?ndn.MustBeFresh=1&ndn.Nonce=Q%AD%F8%D8
 WARN [cs-/com/stefanolupo/ndngame/0/discovery/nodeL-0] (ChronoSynced.java:118) - Timeout for interest: /com/stefanolupo/ndngame/0/discovery/nodeL/0?ndn.MustBeFresh=1&ndn.Nonce=%0EYa%2A
 WARN [cs-/com/stefanolupo/ndngame/0/discovery/nodeL-0] (ChronoSynced.java:118) - Timeout for interest: /com/stefanolupo/ndngame/0/discovery/nodeL/0?ndn.MustBeFresh=1&ndn.Nonce=%91%3A%2As
 WARN [cs-/com/stefanolupo/ndngame/0/discovery/nodeL-0] (ChronoSynced.java:118) - Timeout for interest: /com/stefanolupo/ndngame/0/discovery/nodeL/0?ndn.MustBeFresh=1&ndn.Nonce=%B9%0C%8B%89
 WARN [cs-/com/stefanolupo/ndngame/0/discovery/nodeL-0] (ChronoSynced.java:118) - Timeout for interest: /com/stefanolupo/ndngame/0/discovery/nodeL/0?ndn.MustBeFresh=1&ndn.Nonce=%5B%DA%8D%D2
 WARN [cs-/com/stefanolupo/ndngame/0/discovery/nodeL-0] (ChronoSynced.java:118) - Timeout for interest: /com/stefanolupo/ndngame/0/discovery/nodeL/0?ndn.MustBeFresh=1&ndn.Nonce=%B6%16%AB+
 WARN [cs-/com/stefanolupo/ndngame/0/discovery/nodeL-0] (ChronoSynced.java:118) - Timeout for interest: /com/stefanolupo/ndngame/0/discovery/nodeL/0?ndn.MustBeFresh=1&ndn.Nonce=uA%7D%C8
 WARN [cs-/com/stefanolupo/ndngame/0/discovery/nodeL-0] (ChronoSynced.java:118) - Timeout for interest: /com/stefanolupo/ndngame/0/discovery/nodeL/0?ndn.MustBeFresh=1&ndn.Nonce=o%A4%1A%D5
 WARN [cs-/com/stefanolupo/ndngame/0/discovery/nodeL-0] (ChronoSynced.java:118) - Timeout for interest: /com/stefanolupo/ndngame/0/discovery/nodeL/0?ndn.MustBeFresh=1&ndn.Nonce=%B6L%7B%CF
 WARN [cs-/com/stefanolupo/ndngame/0/discovery/nodeL-0] (ChronoSynced.java:118) - Timeout for interest: /com/stefanolupo/ndngame/0/discovery/nodeL/0?ndn.MustBeFresh=1&ndn.Nonce=%FD%9B%BD%40
 WARN [cs-/com/stefanolupo/ndngame/0/discovery/nodeL-0] (ChronoSynced.java:118) - Timeout for interest: /com/stefanolupo/ndngame/0/discovery/nodeL/0?ndn.MustBeFresh=1&ndn.Nonce=%C9%89Z+
 WARN [cs-/com/stefanolupo/ndngame/0/discovery/nodeL-0] (ChronoSynced.java:118) - Timeout for interest: /com/stefanolupo/ndngame/0/discovery/nodeL/0?ndn.MustBeFresh=1&ndn.Nonce=i%C1%BC%28
 WARN [cs-/com/stefanolupo/ndngame/0/discovery/nodeL-0] (ChronoSynced.java:118) - Timeout for interest: /com/stefanolupo/ndngame/0/discovery/nodeL/0?ndn.MustBeFresh=1&ndn.Nonce=%CD%A1H%13
 WARN [cs-/com/stefanolupo/ndngame/0/discovery/nodeL-0] (ChronoSynced.java:118) - Timeout for interest: /com/stefanolupo/ndngame/0/discovery/nodeL/0?ndn.MustBeFresh=1&ndn.Nonce=R%20y%5D
 WARN [cs-/com/stefanolupo/ndngame/0/discovery/nodeL-0] (ChronoSynced.java:118) - Timeout for interest: /com/stefanolupo/ndngame/0/discovery/nodeL/0?ndn.MustBeFresh=1&ndn.Nonce=h%C6%20%7D
 WARN [bp-queue-proc-/com/stefanolupo/ndngame/0/nodeL/blocks/sync-1] (BasePublisher.java:98) - /com/stefanolupo/ndngame/0/nodeL/blocks/sync: Saw duplicate sn requests
 WARN [bp-queue-proc-/com/stefanolupo/ndngame/0/nodeL/blocks/sync-1] (BasePublisher.java:99) - [0=11]
 WARN [bp-queue-proc-/com/stefanolupo/ndngame/0/nodeL/status/sync-1] (BasePublisher.java:98) - /com/stefanolupo/ndngame/0/nodeL/status/sync: Saw duplicate sn requests
 WARN [bp-queue-proc-/com/stefanolupo/ndngame/0/nodeL/status/sync-1] (BasePublisher.java:99) - [464=2, 576=2, 401=2, 277=2, 325=2, 533=2, 0=9, 475=2, 316=2, 556=2]
4/9/19, 9:55:34 PM =============================================================

-- Gauges ----------------------------------------------------------------------
pub-update-percentage-nodeL-blocks-sync
             value = 0.0
pub-update-percentage-nodeL-status-sync
             value = 0.4915635545556805

-- Counters --------------------------------------------------------------------
dr-counter-null
             count = 0
dr-counter-skip
             count = 0
dr-counter-threshold
             count = 0
dr-counter-velocity
             count = 0
sub-blocks-interestscounter-nodeA
             count = 23
sub-blocks-interestscounter-nodeB
             count = 23
sub-blocks-interestscounter-nodeC
             count = 24
sub-blocks-interestscounter-nodeD
             count = 23
sub-blocks-interestscounter-nodeE
             count = 23
sub-blocks-interestscounter-nodeF
             count = 24
sub-blocks-interestscounter-nodeG
             count = 23
sub-blocks-interestscounter-nodeH
             count = 24
sub-blocks-interestscounter-nodeI
             count = 22
sub-blocks-interestscounter-nodeJ
             count = 22
sub-blocks-interestscounter-nodeK
             count = 23
sub-blocks-interestscounter-nodeM
             count = 23
sub-blocks-interestscounter-nodeNN
             count = 23
sub-blocks-interestscounter-nodeO
             count = 21
sub-blocks-interestscounter-nodeP
             count = 20
sub-projectiles-interestscounter-nodeA
             count = 13
sub-projectiles-interestscounter-nodeB
             count = 14
sub-projectiles-interestscounter-nodeC
             count = 13
sub-projectiles-interestscounter-nodeD
             count = 14
sub-projectiles-interestscounter-nodeE
             count = 14
sub-projectiles-interestscounter-nodeF
             count = 13
sub-projectiles-interestscounter-nodeG
             count = 13
sub-projectiles-interestscounter-nodeH
             count = 14
sub-projectiles-interestscounter-nodeI
             count = 13
sub-projectiles-interestscounter-nodeJ
             count = 12
sub-projectiles-interestscounter-nodeK
             count = 15
sub-projectiles-interestscounter-nodeM
             count = 12
sub-projectiles-interestscounter-nodeNN
             count = 12
sub-projectiles-interestscounter-nodeO
             count = 13
sub-projectiles-interestscounter-nodeP
             count = 13
sub-status-interestscounter-nodeA
             count = 631
sub-status-interestscounter-nodeB
             count = 624
sub-status-interestscounter-nodeC
             count = 595
sub-status-interestscounter-nodeD
             count = 607
sub-status-interestscounter-nodeE
             count = 638
sub-status-interestscounter-nodeF
             count = 575
sub-status-interestscounter-nodeG
             count = 647
sub-status-interestscounter-nodeH
             count = 613
sub-status-interestscounter-nodeI
             count = 623
sub-status-interestscounter-nodeJ
             count = 641
sub-status-interestscounter-nodeK
             count = 652
sub-status-interestscounter-nodeM
             count = 604
sub-status-interestscounter-nodeNN
             count = 642
sub-status-interestscounter-nodeO
             count = 626
sub-status-interestscounter-nodeP
             count = 551

-- Histograms ------------------------------------------------------------------
eng-status-delta-nodeA
             count = 606
               min = 0
               max = 200
              mean = 5.71
            stddev = 18.43
            median = 0.00
              75% <= 0.00
              95% <= 25.00
              98% <= 52.00
              99% <= 122.00
            99.9% <= 200.00
eng-status-delta-nodeB
             count = 595
               min = 0
               max = 128
              mean = 4.76
            stddev = 11.76
            median = 0.00
              75% <= 11.00
              95% <= 22.00
              98% <= 34.00
              99% <= 67.00
            99.9% <= 128.00
eng-status-delta-nodeC
             count = 571
               min = 0
               max = 122
              mean = 6.33
            stddev = 15.84
            median = 0.00
              75% <= 11.00
              95% <= 33.00
              98% <= 63.00
              99% <= 91.00
            99.9% <= 122.00
eng-status-delta-nodeD
             count = 582
               min = 0
               max = 104
              mean = 4.45
            stddev = 10.92
            median = 0.00
              75% <= 11.00
              95% <= 22.00
              98% <= 33.00
              99% <= 56.00
            99.9% <= 104.00
eng-status-delta-nodeE
             count = 616
               min = 0
               max = 122
              mean = 4.95
            stddev = 13.68
            median = 0.00
              75% <= 0.00
              95% <= 22.00
              98% <= 44.00
              99% <= 67.00
            99.9% <= 122.00
eng-status-delta-nodeF
             count = 549
               min = 0
               max = 200
              mean = 6.49
            stddev = 18.13
            median = 0.00
              75% <= 11.00
              95% <= 31.00
              98% <= 56.00
              99% <= 111.00
            99.9% <= 200.00
eng-status-delta-nodeG
             count = 623
               min = 0
               max = 128
              mean = 5.47
            stddev = 14.54
            median = 0.00
              75% <= 11.00
              95% <= 31.00
              98% <= 44.00
              99% <= 75.00
            99.9% <= 128.00
eng-status-delta-nodeH
             count = 584
               min = 0
               max = 122
              mean = 6.52
            stddev = 15.24
            median = 0.00
              75% <= 11.00
              95% <= 33.00
              98% <= 63.00
              99% <= 72.00
            99.9% <= 122.00
eng-status-delta-nodeI
             count = 598
               min = 0
               max = 126
              mean = 5.11
            stddev = 13.99
            median = 0.00
              75% <= 0.00
              95% <= 31.00
              98% <= 56.00
              99% <= 66.00
            99.9% <= 126.00
eng-status-delta-nodeJ
             count = 622
               min = 0
               max = 126
              mean = 5.07
            stddev = 13.39
            median = 0.00
              75% <= 5.00
              95% <= 25.00
              98% <= 40.00
              99% <= 86.00
            99.9% <= 126.00
eng-status-delta-nodeK
             count = 633
               min = 0
               max = 128
              mean = 4.81
            stddev = 12.17
            median = 0.00
              75% <= 11.00
              95% <= 22.00
              98% <= 33.00
              99% <= 56.00
            99.9% <= 128.00
eng-status-delta-nodeM
             count = 585
               min = 0
               max = 112
              mean = 5.02
            stddev = 13.44
            median = 0.00
              75% <= 0.00
              95% <= 22.00
              98% <= 44.00
              99% <= 68.00
            99.9% <= 112.00
eng-status-delta-nodeNN
             count = 627
               min = 0
               max = 131
              mean = 5.01
            stddev = 14.85
            median = 0.00
              75% <= 0.00
              95% <= 22.00
              98% <= 56.00
              99% <= 75.00
            99.9% <= 131.00
eng-status-delta-nodeO
             count = 607
               min = 0
               max = 131
              mean = 5.50
            stddev = 14.88
            median = 0.00
              75% <= 0.00
              95% <= 31.00
              98% <= 46.00
              99% <= 75.00
            99.9% <= 131.00
eng-status-delta-nodeP
             count = 537
               min = 0
               max = 156
              mean = 4.38
            stddev = 13.06
            median = 0.00
              75% <= 0.00
              95% <= 22.00
              98% <= 36.00
              99% <= 56.00
            99.9% <= 156.00
packet-size-block
             count = 0
               min = 0
               max = 0
              mean = 0.00
            stddev = 0.00
            median = 0.00
              75% <= 0.00
              95% <= 0.00
              98% <= 0.00
              99% <= 0.00
            99.9% <= 0.00
packet-size-projectile
             count = 96
               min = 89
               max = 1142
              mean = 328.11
            stddev = 237.51
            median = 267.00
              75% <= 440.00
              95% <= 880.00
              98% <= 880.00
              99% <= 880.00
            99.9% <= 1142.00
packet-size-status
             count = 888
               min = 42
               max = 47
              mean = 44.40
            stddev = 2.50
            median = 42.00
              75% <= 47.00
              95% <= 47.00
              98% <= 47.00
              99% <= 47.00
            99.9% <= 47.00
sub-blocks-rtt-nodeA
             count = 1
               min = 895
               max = 895
              mean = 895.00
            stddev = 0.00
            median = 895.00
              75% <= 895.00
              95% <= 895.00
              98% <= 895.00
              99% <= 895.00
            99.9% <= 895.00
sub-blocks-rtt-nodeB
             count = 1
               min = 395
               max = 395
              mean = 395.00
            stddev = 0.00
            median = 395.00
              75% <= 395.00
              95% <= 395.00
              98% <= 395.00
              99% <= 395.00
            99.9% <= 395.00
sub-blocks-rtt-nodeC
             count = 0
               min = 0
               max = 0
              mean = 0.00
            stddev = 0.00
            median = 0.00
              75% <= 0.00
              95% <= 0.00
              98% <= 0.00
              99% <= 0.00
            99.9% <= 0.00
sub-blocks-rtt-nodeD
             count = 1
               min = 35
               max = 35
              mean = 35.00
            stddev = 0.00
            median = 35.00
              75% <= 35.00
              95% <= 35.00
              98% <= 35.00
              99% <= 35.00
            99.9% <= 35.00
sub-blocks-rtt-nodeE
             count = 1
               min = 695
               max = 695
              mean = 695.00
            stddev = 0.00
            median = 695.00
              75% <= 695.00
              95% <= 695.00
              98% <= 695.00
              99% <= 695.00
            99.9% <= 695.00
sub-blocks-rtt-nodeF
             count = 0
               min = 0
               max = 0
              mean = 0.00
            stddev = 0.00
            median = 0.00
              75% <= 0.00
              95% <= 0.00
              98% <= 0.00
              99% <= 0.00
            99.9% <= 0.00
sub-blocks-rtt-nodeG
             count = 1
               min = 569
               max = 569
              mean = 569.00
            stddev = 0.00
            median = 569.00
              75% <= 569.00
              95% <= 569.00
              98% <= 569.00
              99% <= 569.00
            99.9% <= 569.00
sub-blocks-rtt-nodeH
             count = 0
               min = 0
               max = 0
              mean = 0.00
            stddev = 0.00
            median = 0.00
              75% <= 0.00
              95% <= 0.00
              98% <= 0.00
              99% <= 0.00
            99.9% <= 0.00
sub-blocks-rtt-nodeI
             count = 2
               min = 196
               max = 817
              mean = 478.63
            stddev = 309.25
            median = 196.00
              75% <= 817.00
              95% <= 817.00
              98% <= 817.00
              99% <= 817.00
            99.9% <= 817.00
sub-blocks-rtt-nodeJ
             count = 2
               min = 75
               max = 953
              mean = 543.59
            stddev = 438.00
            median = 953.00
              75% <= 953.00
              95% <= 953.00
              98% <= 953.00
              99% <= 953.00
            99.9% <= 953.00
sub-blocks-rtt-nodeK
             count = 1
               min = 29
               max = 29
              mean = 29.00
            stddev = 0.00
            median = 29.00
              75% <= 29.00
              95% <= 29.00
              98% <= 29.00
              99% <= 29.00
            99.9% <= 29.00
sub-blocks-rtt-nodeM
             count = 1
               min = 56
               max = 56
              mean = 56.00
            stddev = 0.00
            median = 56.00
              75% <= 56.00
              95% <= 56.00
              98% <= 56.00
              99% <= 56.00
            99.9% <= 56.00
sub-blocks-rtt-nodeNN
             count = 1
               min = 911
               max = 911
              mean = 911.00
            stddev = 0.00
            median = 911.00
              75% <= 911.00
              95% <= 911.00
              98% <= 911.00
              99% <= 911.00
            99.9% <= 911.00
sub-blocks-rtt-nodeO
             count = 3
               min = 467
               max = 820
              mean = 576.64
            stddev = 152.56
            median = 497.00
              75% <= 820.00
              95% <= 820.00
              98% <= 820.00
              99% <= 820.00
            99.9% <= 820.00
sub-blocks-rtt-nodeP
             count = 1
               min = 971
               max = 971
              mean = 971.00
            stddev = 0.00
            median = 971.00
              75% <= 971.00
              95% <= 971.00
              98% <= 971.00
              99% <= 971.00
            99.9% <= 971.00
sub-projectiles-rtt-nodeA
             count = 11
               min = 2
               max = 655
              mean = 129.29
            stddev = 195.27
            median = 40.00
              75% <= 246.00
              95% <= 655.00
              98% <= 655.00
              99% <= 655.00
            99.9% <= 655.00
sub-projectiles-rtt-nodeB
             count = 11
               min = 12
               max = 153
              mean = 46.66
            stddev = 47.01
            median = 27.00
              75% <= 49.00
              95% <= 153.00
              98% <= 153.00
              99% <= 153.00
            99.9% <= 153.00
sub-projectiles-rtt-nodeC
             count = 11
               min = 15
               max = 631
              mean = 113.70
            stddev = 189.56
            median = 32.00
              75% <= 46.00
              95% <= 631.00
              98% <= 631.00
              99% <= 631.00
            99.9% <= 631.00
sub-projectiles-rtt-nodeD
             count = 10
               min = 10
               max = 879
              mean = 229.17
            stddev = 336.44
            median = 20.00
              75% <= 443.00
              95% <= 879.00
              98% <= 879.00
              99% <= 879.00
            99.9% <= 879.00
sub-projectiles-rtt-nodeE
             count = 11
               min = 10
               max = 480
              mean = 79.39
            stddev = 141.79
            median = 30.00
              75% <= 44.00
              95% <= 480.00
              98% <= 480.00
              99% <= 480.00
            99.9% <= 480.00
sub-projectiles-rtt-nodeF
             count = 12
               min = 8
               max = 978
              mean = 216.13
            stddev = 302.84
            median = 34.00
              75% <= 562.00
              95% <= 978.00
              98% <= 978.00
              99% <= 978.00
            99.9% <= 978.00
sub-projectiles-rtt-nodeG
             count = 11
               min = 15
               max = 351
              mean = 78.08
            stddev = 120.16
            median = 22.00
              75% <= 45.00
              95% <= 351.00
              98% <= 351.00
              99% <= 351.00
            99.9% <= 351.00
sub-projectiles-rtt-nodeH
             count = 10
               min = 9
               max = 90
              mean = 30.29
            stddev = 27.67
            median = 15.00
              75% <= 37.00
              95% <= 90.00
              98% <= 90.00
              99% <= 90.00
            99.9% <= 90.00
sub-projectiles-rtt-nodeI
             count = 12
               min = 7
               max = 921
              mean = 140.64
            stddev = 247.58
            median = 38.00
              75% <= 105.00
              95% <= 921.00
              98% <= 921.00
              99% <= 921.00
            99.9% <= 921.00
sub-projectiles-rtt-nodeJ
             count = 12
               min = 1
               max = 499
              mean = 65.06
            stddev = 135.35
            median = 29.00
              75% <= 36.00
              95% <= 499.00
              98% <= 499.00
              99% <= 499.00
            99.9% <= 499.00
sub-projectiles-rtt-nodeK
             count = 10
               min = 1
               max = 386
              mean = 53.98
            stddev = 119.79
            median = 5.00
              75% <= 21.00
              95% <= 386.00
              98% <= 386.00
              99% <= 386.00
            99.9% <= 386.00
sub-projectiles-rtt-nodeM
             count = 12
               min = 3
               max = 567
              mean = 116.50
            stddev = 189.76
            median = 12.00
              75% <= 140.00
              95% <= 567.00
              98% <= 567.00
              99% <= 567.00
            99.9% <= 567.00
sub-projectiles-rtt-nodeNN
             count = 12
               min = 2
               max = 787
              mean = 188.83
            stddev = 268.80
            median = 39.00
              75% <= 343.00
              95% <= 787.00
              98% <= 787.00
              99% <= 787.00
            99.9% <= 787.00
sub-projectiles-rtt-nodeO
             count = 11
               min = 10
               max = 658
              mean = 128.79
            stddev = 197.42
            median = 29.00
              75% <= 208.00
              95% <= 658.00
              98% <= 658.00
              99% <= 658.00
            99.9% <= 658.00
sub-projectiles-rtt-nodeP
             count = 9
               min = 7
               max = 127
              mean = 36.89
            stddev = 34.82
            median = 26.00
              75% <= 29.00
              95% <= 127.00
              98% <= 127.00
              99% <= 127.00
            99.9% <= 127.00
sub-status-rtt-nodeA
             count = 633
               min = 1
               max = 184
              mean = 37.44
            stddev = 16.89
            median = 34.00
              75% <= 42.00
              95% <= 67.00
              98% <= 77.00
              99% <= 101.00
            99.9% <= 184.00
sub-status-rtt-nodeB
             count = 625
               min = 1
               max = 196
              mean = 37.95
            stddev = 19.15
            median = 34.00
              75% <= 43.00
              95% <= 68.00
              98% <= 85.00
              99% <= 119.00
            99.9% <= 196.00
sub-status-rtt-nodeC
             count = 597
               min = 1
               max = 180
              mean = 39.74
            stddev = 20.46
            median = 35.00
              75% <= 46.00
              95% <= 76.00
              98% <= 94.00
              99% <= 116.00
            99.9% <= 180.00
sub-status-rtt-nodeD
             count = 610
               min = 1
               max = 168
              mean = 38.73
            stddev = 18.21
            median = 35.00
              75% <= 44.00
              95% <= 72.00
              98% <= 85.00
              99% <= 97.00
            99.9% <= 168.00
sub-status-rtt-nodeE
             count = 640
               min = 1
               max = 186
              mean = 37.09
            stddev = 17.44
            median = 34.00
              75% <= 41.00
              95% <= 67.00
              98% <= 84.00
              99% <= 107.00
            99.9% <= 186.00
sub-status-rtt-nodeF
             count = 575
               min = 1
               max = 223
              mean = 41.30
            stddev = 20.96
            median = 35.00
              75% <= 47.00
              95% <= 77.00
              98% <= 88.00
              99% <= 100.00
            99.9% <= 223.00
sub-status-rtt-nodeG
             count = 650
               min = 1
               max = 220
              mean = 36.57
            stddev = 17.09
            median = 34.00
              75% <= 42.00
              95% <= 66.00
              98% <= 80.00
              99% <= 97.00
            99.9% <= 220.00
sub-status-rtt-nodeH
             count = 616
               min = 1
               max = 194
              mean = 38.30
            stddev = 18.56
            median = 34.00
              75% <= 43.00
              95% <= 71.00
              98% <= 97.00
              99% <= 105.00
            99.9% <= 194.00
sub-status-rtt-nodeI
             count = 626
               min = 1
               max = 212
              mean = 37.90
            stddev = 18.70
            median = 34.00
              75% <= 43.00
              95% <= 68.00
              98% <= 85.00
              99% <= 108.00
            99.9% <= 212.00
sub-status-rtt-nodeJ
             count = 644
               min = 1
               max = 176
              mean = 36.75
            stddev = 16.09
            median = 34.00
              75% <= 41.00
              95% <= 67.00
              98% <= 79.00
              99% <= 90.00
            99.9% <= 176.00
sub-status-rtt-nodeK
             count = 654
               min = 1
               max = 221
              mean = 36.27
            stddev = 16.51
            median = 34.00
              75% <= 42.00
              95% <= 65.00
              98% <= 74.00
              99% <= 86.00
            99.9% <= 221.00
sub-status-rtt-nodeM
             count = 605
               min = 1
               max = 177
              mean = 39.03
            stddev = 19.23
            median = 34.00
              75% <= 42.00
              95% <= 73.00
              98% <= 95.00
              99% <= 116.00
            99.9% <= 177.00
sub-status-rtt-nodeNN
             count = 645
               min = 1
               max = 218
              mean = 36.70
            stddev = 17.11
            median = 34.00
              75% <= 41.00
              95% <= 67.00
              98% <= 76.00
              99% <= 90.00
            99.9% <= 218.00
sub-status-rtt-nodeO
             count = 626
               min = 1
               max = 184
              mean = 37.98
            stddev = 17.62
            median = 34.00
              75% <= 41.00
              95% <= 68.00
              98% <= 83.00
              99% <= 104.00
            99.9% <= 184.00
sub-status-rtt-nodeP
             count = 554
               min = 1
               max = 199
              mean = 37.63
            stddev = 17.66
            median = 34.00
              75% <= 41.00
              95% <= 67.00
              98% <= 77.00
              99% <= 106.00
            99.9% <= 199.00

-- Meters ----------------------------------------------------------------------
pub-interest-rate-nodeL-blocks-sync
             count = 21
         mean rate = 0.90 events/second
     1-minute rate = 0.83 events/second
     5-minute rate = 0.81 events/second
    15-minute rate = 0.80 events/second
pub-interest-rate-nodeL-projectiles-sync
             count = 102
         mean rate = 4.38 events/second
     1-minute rate = 5.88 events/second
     5-minute rate = 6.44 events/second
    15-minute rate = 6.55 events/second
pub-interest-rate-nodeL-status-sync
             count = 702
         mean rate = 30.15 events/second
     1-minute rate = 30.45 events/second
     5-minute rate = 30.57 events/second
    15-minute rate = 30.59 events/second


 WARN [bp-queue-proc-/com/stefanolupo/ndngame/0/nodeL/blocks/sync-1] (BasePublisher.java:98) - /com/stefanolupo/ndngame/0/nodeL/blocks/sync: Saw duplicate sn requests
 WARN [bp-queue-proc-/com/stefanolupo/ndngame/0/nodeL/blocks/sync-1] (BasePublisher.java:99) - [3=3, 2=4, 1=9, 0=25]
 WARN [bp-queue-proc-/com/stefanolupo/ndngame/0/nodeL/status/sync-1] (BasePublisher.java:98) - /com/stefanolupo/ndngame/0/nodeL/status/sync: Saw duplicate sn requests
 WARN [bp-queue-proc-/com/stefanolupo/ndngame/0/nodeL/status/sync-1] (BasePublisher.java:99) - [674=2, 962=2, 1186=2, 576=2, 1088=2, 774=2, 1060=2, 325=2, 0=9, 651=2, 556=2, 1068=2, 813=2, 464=2, 401=2, 277=2, 533=2, 1082=2, 475=2, 1083=2, 1145=2, 316=2, 732=2]
 WARN [HeadlessApplication] (ProjectileCollisionSystem.java:62) - Type component was null for collision with PROJECTILE
4/9/19, 9:56:04 PM =============================================================

-- Gauges ----------------------------------------------------------------------
pub-update-percentage-nodeL-blocks-sync
             value = 0.0013966480446927375
pub-update-percentage-nodeL-status-sync
             value = 0.4907769703745109

-- Counters --------------------------------------------------------------------
dr-counter-null
             count = 0
dr-counter-skip
             count = 0
dr-counter-threshold
             count = 0
dr-counter-velocity
             count = 0
sub-blocks-interestscounter-nodeA
             count = 52
sub-blocks-interestscounter-nodeB
             count = 53
sub-blocks-interestscounter-nodeC
             count = 54
sub-blocks-interestscounter-nodeD
             count = 53
sub-blocks-interestscounter-nodeE
             count = 53
sub-blocks-interestscounter-nodeF
             count = 54
sub-blocks-interestscounter-nodeG
             count = 51
sub-blocks-interestscounter-nodeH
             count = 54
sub-blocks-interestscounter-nodeI
             count = 51
sub-blocks-interestscounter-nodeJ
             count = 51
sub-blocks-interestscounter-nodeK
             count = 52
sub-blocks-interestscounter-nodeM
             count = 52
sub-blocks-interestscounter-nodeNN
             count = 52
sub-blocks-interestscounter-nodeO
             count = 49
sub-blocks-interestscounter-nodeP
             count = 49
sub-projectiles-interestscounter-nodeA
             count = 31
sub-projectiles-interestscounter-nodeB
             count = 30
sub-projectiles-interestscounter-nodeC
             count = 30
sub-projectiles-interestscounter-nodeD
             count = 30
sub-projectiles-interestscounter-nodeE
             count = 31
sub-projectiles-interestscounter-nodeF
             count = 29
sub-projectiles-interestscounter-nodeG
             count = 30
sub-projectiles-interestscounter-nodeH
             count = 31
sub-projectiles-interestscounter-nodeI
             count = 29
sub-projectiles-interestscounter-nodeJ
             count = 28
sub-projectiles-interestscounter-nodeK
             count = 30
sub-projectiles-interestscounter-nodeM
             count = 30
sub-projectiles-interestscounter-nodeNN
             count = 28
sub-projectiles-interestscounter-nodeO
             count = 30
sub-projectiles-interestscounter-nodeP
             count = 29
sub-status-interestscounter-nodeA
             count = 1436
sub-status-interestscounter-nodeB
             count = 1447
sub-status-interestscounter-nodeC
             count = 1383
sub-status-interestscounter-nodeD
             count = 1394
sub-status-interestscounter-nodeE
             count = 1455
sub-status-interestscounter-nodeF
             count = 1391
sub-status-interestscounter-nodeG
             count = 1467
sub-status-interestscounter-nodeH
             count = 1398
sub-status-interestscounter-nodeI
             count = 1442
sub-status-interestscounter-nodeJ
             count = 1437
sub-status-interestscounter-nodeK
             count = 1466
sub-status-interestscounter-nodeM
             count = 1407
sub-status-interestscounter-nodeNN
             count = 1434
sub-status-interestscounter-nodeO
             count = 1380
sub-status-interestscounter-nodeP
             count = 1359

-- Histograms ------------------------------------------------------------------
eng-status-delta-nodeA
             count = 1376
               min = 0
               max = 200
              mean = 5.56
            stddev = 15.28
            median = 0.00
              75% <= 11.00
              95% <= 25.00
              98% <= 44.00
              99% <= 86.00
            99.9% <= 145.00
eng-status-delta-nodeB
             count = 1381
               min = 0
               max = 200
              mean = 5.89
            stddev = 15.54
            median = 0.00
              75% <= 11.00
              95% <= 22.00
              98% <= 40.00
              99% <= 100.00
            99.9% <= 200.00
eng-status-delta-nodeC
             count = 1322
               min = 0
               max = 211
              mean = 8.86
            stddev = 17.66
            median = 0.00
              75% <= 11.00
              95% <= 44.00
              98% <= 48.00
              99% <= 57.00
            99.9% <= 174.00
eng-status-delta-nodeD
             count = 1325
               min = 0
               max = 200
              mean = 6.48
            stddev = 16.65
            median = 0.00
              75% <= 11.00
              95% <= 22.00
              98% <= 50.00
              99% <= 104.00
            99.9% <= 200.00
eng-status-delta-nodeE
             count = 1401
               min = 0
               max = 200
              mean = 5.66
            stddev = 15.73
            median = 0.00
              75% <= 11.00
              95% <= 22.00
              98% <= 44.00
              99% <= 104.00
            99.9% <= 145.00
eng-status-delta-nodeF
             count = 1336
               min = 0
               max = 208
              mean = 7.38
            stddev = 19.86
            median = 0.00
              75% <= 11.00
              95% <= 33.00
              98% <= 82.00
              99% <= 111.00
            99.9% <= 208.00
eng-status-delta-nodeG
             count = 1413
               min = 0
               max = 211
              mean = 5.54
            stddev = 15.36
            median = 0.00
              75% <= 8.00
              95% <= 30.00
              98% <= 46.00
              99% <= 75.00
            99.9% <= 126.00
eng-status-delta-nodeH
             count = 1340
               min = 0
               max = 211
              mean = 6.37
            stddev = 17.07
            median = 0.00
              75% <= 11.00
              95% <= 33.00
              98% <= 67.00
              99% <= 100.00
            99.9% <= 211.00
eng-status-delta-nodeI
             count = 1383
               min = 0
               max = 200
              mean = 6.48
            stddev = 17.79
            median = 0.00
              75% <= 11.00
              95% <= 33.00
              98% <= 63.00
              99% <= 93.00
            99.9% <= 200.00
eng-status-delta-nodeJ
             count = 1395
               min = 0
               max = 133
              mean = 6.13
            stddev = 15.19
            median = 0.00
              75% <= 11.00
              95% <= 31.00
              98% <= 56.00
              99% <= 100.00
            99.9% <= 133.00
eng-status-delta-nodeK
             count = 1420
               min = 0
               max = 200
              mean = 5.04
            stddev = 14.13
            median = 0.00
              75% <= 9.00
              95% <= 22.00
              98% <= 40.00
              99% <= 67.00
            99.9% <= 200.00
eng-status-delta-nodeM
             count = 1357
               min = 0
               max = 211
              mean = 5.16
            stddev = 14.56
            median = 0.00
              75% <= 11.00
              95% <= 22.00
              98% <= 44.00
              99% <= 71.00
            99.9% <= 134.00
eng-status-delta-nodeNN
             count = 1397
               min = 0
               max = 200
              mean = 4.69
            stddev = 14.26
            median = 0.00
              75% <= 0.00
              95% <= 22.00
              98% <= 40.00
              99% <= 70.00
            99.9% <= 128.00
eng-status-delta-nodeO
             count = 1349
               min = 0
               max = 122
              mean = 5.32
            stddev = 14.19
            median = 0.00
              75% <= 0.00
              95% <= 31.00
              98% <= 50.00
              99% <= 75.00
            99.9% <= 122.00
eng-status-delta-nodeP
             count = 1309
               min = 0
               max = 156
              mean = 5.45
            stddev = 13.83
            median = 0.00
              75% <= 11.00
              95% <= 25.00
              98% <= 44.00
              99% <= 60.00
            99.9% <= 126.00
packet-size-block
             count = 5
               min = 76
               max = 304
              mean = 190.41
            stddev = 78.16
            median = 152.00
              75% <= 228.00
              95% <= 304.00
              98% <= 304.00
              99% <= 304.00
            99.9% <= 304.00
packet-size-projectile
             count = 224
               min = 89
               max = 1142
              mean = 334.51
            stddev = 232.72
            median = 351.00
              75% <= 440.00
              95% <= 791.00
              98% <= 791.00
              99% <= 880.00
            99.9% <= 1142.00
packet-size-status
             count = 1785
               min = 42
               max = 47
              mean = 44.36
            stddev = 2.50
            median = 42.00
              75% <= 47.00
              95% <= 47.00
              98% <= 47.00
              99% <= 47.00
            99.9% <= 47.00
sub-blocks-rtt-nodeA
             count = 2
               min = 151
               max = 895
              mean = 402.01
            stddev = 351.77
            median = 151.00
              75% <= 895.00
              95% <= 895.00
              98% <= 895.00
              99% <= 895.00
            99.9% <= 895.00
sub-blocks-rtt-nodeB
             count = 1
               min = 395
               max = 395
              mean = 395.00
            stddev = 0.00
            median = 395.00
              75% <= 395.00
              95% <= 395.00
              98% <= 395.00
              99% <= 395.00
            99.9% <= 395.00
sub-blocks-rtt-nodeC
             count = 0
               min = 0
               max = 0
              mean = 0.00
            stddev = 0.00
            median = 0.00
              75% <= 0.00
              95% <= 0.00
              98% <= 0.00
              99% <= 0.00
            99.9% <= 0.00
sub-blocks-rtt-nodeD
             count = 1
               min = 35
               max = 35
              mean = 35.00
            stddev = 0.00
            median = 35.00
              75% <= 35.00
              95% <= 35.00
              98% <= 35.00
              99% <= 35.00
            99.9% <= 35.00
sub-blocks-rtt-nodeE
             count = 1
               min = 695
               max = 695
              mean = 695.00
            stddev = 0.00
            median = 695.00
              75% <= 695.00
              95% <= 695.00
              98% <= 695.00
              99% <= 695.00
            99.9% <= 695.00
sub-blocks-rtt-nodeF
             count = 0
               min = 0
               max = 0
              mean = 0.00
            stddev = 0.00
            median = 0.00
              75% <= 0.00
              95% <= 0.00
              98% <= 0.00
              99% <= 0.00
            99.9% <= 0.00
sub-blocks-rtt-nodeG
             count = 3
               min = 46
               max = 569
              mean = 226.34
            stddev = 206.89
            median = 187.00
              75% <= 187.00
              95% <= 569.00
              98% <= 569.00
              99% <= 569.00
            99.9% <= 569.00
sub-blocks-rtt-nodeH
             count = 0
               min = 0
               max = 0
              mean = 0.00
            stddev = 0.00
            median = 0.00
              75% <= 0.00
              95% <= 0.00
              98% <= 0.00
              99% <= 0.00
            99.9% <= 0.00
sub-blocks-rtt-nodeI
             count = 3
               min = 143
               max = 817
              mean = 350.90
            stddev = 292.91
            median = 196.00
              75% <= 817.00
              95% <= 817.00
              98% <= 817.00
              99% <= 817.00
            99.9% <= 817.00
sub-blocks-rtt-nodeJ
             count = 3
               min = 75
               max = 953
              mean = 380.70
            stddev = 401.51
            median = 118.00
              75% <= 953.00
              95% <= 953.00
              98% <= 953.00
              99% <= 953.00
            99.9% <= 953.00
sub-blocks-rtt-nodeK
             count = 2
               min = 29
               max = 815
              mean = 471.84
            stddev = 389.83
            median = 815.00
              75% <= 815.00
              95% <= 815.00
              98% <= 815.00
              99% <= 815.00
            99.9% <= 815.00
sub-blocks-rtt-nodeM
             count = 2
               min = 35
               max = 56
              mean = 44.40
            stddev = 10.44
            median = 35.00
              75% <= 56.00
              95% <= 56.00
              98% <= 56.00
              99% <= 56.00
            99.9% <= 56.00
sub-blocks-rtt-nodeNN
             count = 2
               min = 703
               max = 911
              mean = 793.81
            stddev = 103.16
            median = 703.00
              75% <= 911.00
              95% <= 911.00
              98% <= 911.00
              99% <= 911.00
            99.9% <= 911.00
sub-blocks-rtt-nodeO
             count = 5
               min = 406
               max = 820
              mean = 513.64
            stddev = 131.80
            median = 497.00
              75% <= 502.00
              95% <= 820.00
              98% <= 820.00
              99% <= 820.00
            99.9% <= 820.00
sub-blocks-rtt-nodeP
             count = 2
               min = 547
               max = 971
              mean = 730.55
            stddev = 210.08
            median = 547.00
              75% <= 971.00
              95% <= 971.00
              98% <= 971.00
              99% <= 971.00
            99.9% <= 971.00
sub-projectiles-rtt-nodeA
             count = 23
               min = 2
               max = 655
              mean = 60.97
            stddev = 131.32
            median = 18.00
              75% <= 41.00
              95% <= 253.00
              98% <= 655.00
              99% <= 655.00
            99.9% <= 655.00
sub-projectiles-rtt-nodeB
             count = 24
               min = 3
               max = 780
              mean = 112.44
            stddev = 232.19
            median = 23.00
              75% <= 49.00
              95% <= 780.00
              98% <= 780.00
              99% <= 780.00
            99.9% <= 780.00
sub-projectiles-rtt-nodeC
             count = 24
               min = 8
               max = 631
              mean = 74.37
            stddev = 130.94
            median = 32.00
              75% <= 42.00
              95% <= 260.00
              98% <= 631.00
              99% <= 631.00
            99.9% <= 631.00
sub-projectiles-rtt-nodeD
             count = 24
               min = 10
               max = 879
              mean = 186.33
            stddev = 271.23
            median = 44.00
              75% <= 389.00
              95% <= 829.00
              98% <= 879.00
              99% <= 879.00
            99.9% <= 879.00
sub-projectiles-rtt-nodeE
             count = 24
               min = 4
               max = 858
              mean = 82.69
            stddev = 189.37
            median = 25.00
              75% <= 44.00
              95% <= 480.00
              98% <= 858.00
              99% <= 858.00
            99.9% <= 858.00
sub-projectiles-rtt-nodeF
             count = 25
               min = 5
               max = 978
              mean = 141.67
            stddev = 230.99
            median = 31.00
              75% <= 151.00
              95% <= 575.00
              98% <= 978.00
              99% <= 978.00
            99.9% <= 978.00
sub-projectiles-rtt-nodeG
             count = 25
               min = 9
               max = 958
              mean = 88.34
            stddev = 206.94
            median = 30.00
              75% <= 36.00
              95% <= 351.00
              98% <= 958.00
              99% <= 958.00
            99.9% <= 958.00
sub-projectiles-rtt-nodeH
             count = 24
               min = 1
               max = 680
              mean = 82.42
            stddev = 169.35
            median = 22.00
              75% <= 47.00
              95% <= 484.00
              98% <= 680.00
              99% <= 680.00
            99.9% <= 680.00
sub-projectiles-rtt-nodeI
             count = 25
               min = 7
               max = 921
              mean = 129.83
            stddev = 228.73
            median = 34.00
              75% <= 105.00
              95% <= 733.00
              98% <= 921.00
              99% <= 921.00
            99.9% <= 921.00
sub-projectiles-rtt-nodeJ
             count = 26
               min = 1
               max = 904
              mean = 112.66
            stddev = 220.83
            median = 29.00
              75% <= 39.00
              95% <= 540.00
              98% <= 904.00
              99% <= 904.00
            99.9% <= 904.00
sub-projectiles-rtt-nodeK
             count = 25
               min = 1
               max = 787
              mean = 98.08
            stddev = 194.63
            median = 19.00
              75% <= 37.00
              95% <= 467.00
              98% <= 787.00
              99% <= 787.00
            99.9% <= 787.00
sub-projectiles-rtt-nodeM
             count = 24
               min = 1
               max = 936
              mean = 133.40
            stddev = 241.66
            median = 27.00
              75% <= 140.00
              95% <= 568.00
              98% <= 936.00
              99% <= 936.00
            99.9% <= 936.00
sub-projectiles-rtt-nodeNN
             count = 26
               min = 2
               max = 787
              mean = 143.67
            stddev = 229.62
            median = 29.00
              75% <= 152.00
              95% <= 777.00
              98% <= 787.00
              99% <= 787.00
            99.9% <= 787.00
sub-projectiles-rtt-nodeO
             count = 25
               min = 1
               max = 789
              mean = 108.82
            stddev = 209.29
            median = 29.00
              75% <= 36.00
              95% <= 789.00
              98% <= 789.00
              99% <= 789.00
            99.9% <= 789.00
sub-projectiles-rtt-nodeP
             count = 22
               min = 4
               max = 958
              mean = 136.72
            stddev = 250.59
            median = 27.00
              75% <= 55.00
              95% <= 958.00
              98% <= 958.00
              99% <= 958.00
            99.9% <= 958.00
sub-status-rtt-nodeA
             count = 1437
               min = 1
               max = 171
              mean = 37.48
            stddev = 18.06
            median = 35.00
              75% <= 44.00
              95% <= 68.00
              98% <= 81.00
              99% <= 102.00
            99.9% <= 171.00
sub-status-rtt-nodeB
             count = 1448
               min = 1
               max = 182
              mean = 37.31
            stddev = 17.83
            median = 35.00
              75% <= 44.00
              95% <= 68.00
              98% <= 82.00
              99% <= 95.00
            99.9% <= 168.00
sub-status-rtt-nodeC
             count = 1385
               min = 1
               max = 233
              mean = 38.49
            stddev = 21.35
            median = 35.00
              75% <= 47.00
              95% <= 74.00
              98% <= 91.00
              99% <= 122.00
            99.9% <= 180.00
sub-status-rtt-nodeD
             count = 1395
               min = 1
               max = 176
              mean = 38.40
            stddev = 21.68
            median = 35.00
              75% <= 46.00
              95% <= 78.00
              98% <= 95.00
              99% <= 117.00
            99.9% <= 168.00
sub-status-rtt-nodeE
             count = 1456
               min = 1
               max = 186
              mean = 37.00
            stddev = 15.30
            median = 35.00
              75% <= 44.00
              95% <= 66.00
              98% <= 73.00
              99% <= 79.00
            99.9% <= 139.00
sub-status-rtt-nodeF
             count = 1393
               min = 0
               max = 193
              mean = 37.06
            stddev = 17.88
            median = 35.00
              75% <= 44.00
              95% <= 67.00
              98% <= 82.00
              99% <= 88.00
            99.9% <= 193.00
sub-status-rtt-nodeG
             count = 1470
               min = 1
               max = 165
              mean = 36.66
            stddev = 16.21
            median = 35.00
              75% <= 44.00
              95% <= 65.00
              98% <= 78.00
              99% <= 86.00
            99.9% <= 146.00
sub-status-rtt-nodeH
             count = 1399
               min = 1
               max = 194
              mean = 38.53
            stddev = 18.15
            median = 35.00
              75% <= 46.00
              95% <= 71.00
              98% <= 82.00
              99% <= 95.00
            99.9% <= 163.00
sub-status-rtt-nodeI
             count = 1444
               min = 1
               max = 212
              mean = 36.91
            stddev = 17.53
            median = 35.00
              75% <= 44.00
              95% <= 67.00
              98% <= 77.00
              99% <= 85.00
            99.9% <= 167.00
sub-status-rtt-nodeJ
             count = 1439
               min = 1
               max = 196
              mean = 37.61
            stddev = 15.66
            median = 35.00
              75% <= 44.00
              95% <= 65.00
              98% <= 78.00
              99% <= 87.00
            99.9% <= 196.00
sub-status-rtt-nodeK
             count = 1468
               min = 1
               max = 221
              mean = 36.63
            stddev = 17.06
            median = 34.00
              75% <= 43.00
              95% <= 66.00
              98% <= 79.00
              99% <= 93.00
            99.9% <= 180.00
sub-status-rtt-nodeM
             count = 1409
               min = 1
               max = 216
              mean = 37.57
            stddev = 18.80
            median = 35.00
              75% <= 44.00
              95% <= 70.00
              98% <= 84.00
              99% <= 93.00
            99.9% <= 216.00
sub-status-rtt-nodeNN
             count = 1435
               min = 1
               max = 218
              mean = 37.78
            stddev = 17.35
            median = 35.00
              75% <= 44.00
              95% <= 67.00
              98% <= 81.00
              99% <= 86.00
            99.9% <= 182.00
sub-status-rtt-nodeO
             count = 1381
               min = 1
               max = 169
              mean = 39.12
            stddev = 16.61
            median = 35.00
              75% <= 47.00
              95% <= 71.00
              98% <= 81.00
              99% <= 87.00
            99.9% <= 144.00
sub-status-rtt-nodeP
             count = 1361
               min = 1
               max = 199
              mean = 37.45
            stddev = 18.13
            median = 34.00
              75% <= 44.00
              95% <= 69.00
              98% <= 79.00
              99% <= 89.00
            99.9% <= 188.00

-- Meters ----------------------------------------------------------------------
pub-interest-rate-nodeL-blocks-sync
             count = 95
         mean rate = 1.78 events/second
     1-minute rate = 1.42 events/second
     5-minute rate = 0.94 events/second
    15-minute rate = 0.85 events/second
pub-interest-rate-nodeL-projectiles-sync
             count = 234
         mean rate = 4.39 events/second
     1-minute rate = 5.35 events/second
     5-minute rate = 6.27 events/second
    15-minute rate = 6.49 events/second
pub-interest-rate-nodeL-status-sync
             count = 1589
         mean rate = 29.83 events/second
     1-minute rate = 30.12 events/second
     5-minute rate = 30.48 events/second
    15-minute rate = 30.56 events/second


 WARN [HeadlessApplication] (ProjectileCollisionSystem.java:62) - Type component was null for collision with PROJECTILE
 WARN [bp-queue-proc-/com/stefanolupo/ndngame/0/nodeL/blocks/sync-1] (BasePublisher.java:98) - /com/stefanolupo/ndngame/0/nodeL/blocks/sync: Saw duplicate sn requests
 WARN [bp-queue-proc-/com/stefanolupo/ndngame/0/nodeL/blocks/sync-1] (BasePublisher.java:99) - [2=18, 3=20, 0=25, 5=9, 4=10, 1=14]
 WARN [bp-queue-proc-/com/stefanolupo/ndngame/0/nodeL/status/sync-1] (BasePublisher.java:98) - /com/stefanolupo/ndngame/0/nodeL/status/sync: Saw duplicate sn requests
 WARN [bp-queue-proc-/com/stefanolupo/ndngame/0/nodeL/status/sync-1] (BasePublisher.java:99) - [962=2, 1666=2, 576=2, 1088=2, 774=2, 1479=2, 1284=2, 325=2, 0=9, 651=2, 1747=2, 464=2, 401=2, 1366=2, 277=2, 533=2, 1493=2, 1685=2, 475=2, 1433=2, 1689=2, 732=2, 1244=2, 674=2, 1186=2, 1060=2, 1514=2, 1579=2, 556=2, 1068=2, 1644=2, 1772=2, 813=2, 1330=2, 1779=2, 1526=2, 1335=2, 1527=2, 1082=2, 1083=2, 1400=2, 1145=2, 316=2]
DEBUG [bp-queue-proc-/com/stefanolupo/ndngame/0/nodeL/status/sync-0] (BasePublisher.java:156) - Had Update but /com/stefanolupo/ndngame/0/nodeL/status/sync/2077/0/0 already had sn 2077
 WARN [HeadlessApplication] (ProjectileCollisionSystem.java:62) - Type component was null for collision with PROJECTILE
