DEBUG [main] (ConfigManager.java:33) - Initialized with properties: {local.player.status.updates.per.sec=30, facemanager.num.sub.threads.per.face=10, linear.interest.zone.filter.inner.radius=10, projectile.cache.size=20, local.player.status.use.dead.reckoning=false, block.publisher.freshness.period.ms=20, player.status.publisher.freshness.period.ms=20, base.publisher.queue.process.per.sec=60, projectile.sub.inter.interest.max.wait.time.ms=2000, linear.interest.zone.filter.outer.radius=20, local.player.dead.reckoning.max.error=0.5, projectile.publisher.queue.process.multithread=true, statistics.logger.log.rate.sec=30, facemanager.max.num.pub.faces=15, facemanager.num.pub.threads.per.face=10, facemanager.max.num.sub.faces=15, block.sub.inter.interest.max.wait.time.ms=2000, projectile.publisher.queue.process.per.sec=60, base.publisher.queue.process.multithread=true, player.sub.inter.interest.max.wait.time.ms=2000, linear.interest.zone.filter.enabled=false, projectile.publisher.freshness.period.ms=20}
WARNING: An illegal reflective access operation has occurred
WARNING: Illegal reflective access by com.google.inject.internal.cglib.core.$ReflectUtils$2 (file:/NdnGame/NdnGameLibGdxDesktop-1.0-SNAPSHOT.jar) to method java.lang.ClassLoader.defineClass(java.lang.String,byte[],int,int,java.security.ProtectionDomain)
WARNING: Please consider reporting this to the maintainers of com.google.inject.internal.cglib.core.$ReflectUtils$2
WARNING: Use --illegal-access=warn to enable warnings of further illegal reflective access operations
WARNING: All illegal access operations will be denied in a future release
DEBUG [main] (BackendModule.java:123) - Writing metrics to /metrics/nodeP
 INFO [main] (BodyFactory.java:30) - Using quadrant size of 80.0 and quadrant gap of 20.0
 INFO [main] (DesktopLauncher.java:49) - Launching headless game
 INFO [main] (DesktopLauncher.java:50) - LocalConfig{playerName='nodeP', isMasterView=false, isAutomated=true, automationType='wsp', isHeadless=true, gameId=0, screenWidth=600, screenHeight=600, targetFrameRate=60}
DEBUG [main] (AutomatedInputController.java:52) - Starting with automation type: wsp
DEBUG [main] (BasePublisher.java:67) - Registering /com/stefanolupo/ndngame/0/nodeP/blocks/sync
DEBUG [main] (BasePublisher.java:67) - Registering /com/stefanolupo/ndngame/0/nodeP/status/sync
Apr 09, 2019 9:55:01 PM net.named_data.jndn.Node$RegisterResponse onData
INFO: Register prefix failed: Expected NFD status code 200, got: 403
Apr 09, 2019 9:55:01 PM net.named_data.jndn.Node$RegisterResponse onData
INFO: Register prefix failed: Expected NFD status code 200, got: 403
Apr 09, 2019 9:55:01 PM net.named_data.jndn.Node$RegisterResponse onData
INFO: Register prefix succeeded with the NFD forwarder for prefix /com/stefanolupo/ndngame/0/nodeP/projectiles/interact
 WARN [fm-pub-3-0] (FaceManager.java:150) - Failed to register prefix: /com/stefanolupo/ndngame/0/nodeP/projectiles/sync, retrying..
Apr 09, 2019 9:55:01 PM net.named_data.jndn.Node$RegisterResponse onData
INFO: Register prefix succeeded with the NFD forwarder for prefix /com/stefanolupo/ndngame/0/nodeP/status/sync
Apr 09, 2019 9:55:01 PM net.named_data.jndn.Node$RegisterResponse onData
INFO: Register prefix succeeded with the NFD forwarder for prefix /com/stefanolupo/ndngame/0/nodeP/blocks/interact
 WARN [fm-pub-0-0] (FaceManager.java:150) - Failed to register prefix: /com/stefanolupo/ndngame/0/nodeP/blocks/sync, retrying..
Apr 09, 2019 9:55:01 PM net.named_data.jndn.Node$RegisterResponse onData
INFO: Register prefix succeeded with the NFD forwarder for prefix /com/stefanolupo/ndngame/0/nodeP/projectiles/sync
Apr 09, 2019 9:55:01 PM net.named_data.jndn.Node$RegisterResponse onData
INFO: Register prefix succeeded with the NFD forwarder for prefix /com/stefanolupo/ndngame/0/nodeP/blocks/sync
Apr 09, 2019 9:55:05 PM net.named_data.jndn.Node$RegisterResponse onData
INFO: Register prefix succeeded with the NFD forwarder for prefix /com/stefanolupo/ndngame/0/config/broadcast
Apr 09, 2019 9:55:05 PM net.named_data.jndn.Node$RegisterResponse onData
INFO: Register prefix succeeded with the NFD forwarder for prefix /com/stefanolupo/ndngame/0/config/nodeP
 INFO [cs-/com/stefanolupo/ndngame/0/config/nodeP-0] (ChronoSynced.java:93) - Initialized ChronoSyncedMap for /com/stefanolupo/ndngame/0/config/nodeP
Apr 09, 2019 9:55:06 PM net.named_data.jndn.Node$RegisterResponse onData
INFO: Register prefix succeeded with the NFD forwarder for prefix /com/stefanolupo/ndngame/0/discovery/broadcast
 INFO [cs-/com/stefanolupo/ndngame/0/discovery/nodeP-0] (ChronoSynced.java:93) - Initialized ChronoSyncedMap for /com/stefanolupo/ndngame/0/discovery/nodeP
Apr 09, 2019 9:55:06 PM net.named_data.jndn.Node$RegisterResponse onData
INFO: Register prefix succeeded with the NFD forwarder for prefix /com/stefanolupo/ndngame/0/discovery/nodeP
 INFO [cs-/com/stefanolupo/ndngame/0/discovery/nodeP-0] (PlayerStatusSubscriber.java:59) - Adding subscription for nodeE
 INFO [cs-/com/stefanolupo/ndngame/0/discovery/nodeP-0] (PlayerStatusSubscriber.java:59) - Adding subscription for nodeJ
 INFO [cs-/com/stefanolupo/ndngame/0/discovery/nodeP-0] (PlayerStatusSubscriber.java:59) - Adding subscription for nodeO
 INFO [cs-/com/stefanolupo/ndngame/0/discovery/nodeP-0] (PlayerStatusSubscriber.java:59) - Adding subscription for nodeA
 INFO [cs-/com/stefanolupo/ndngame/0/discovery/nodeP-0] (PlayerStatusSubscriber.java:59) - Adding subscription for nodeF
 INFO [cs-/com/stefanolupo/ndngame/0/discovery/nodeP-0] (PlayerStatusSubscriber.java:59) - Adding subscription for nodeNN
 INFO [cs-/com/stefanolupo/ndngame/0/discovery/nodeP-0] (PlayerStatusSubscriber.java:59) - Adding subscription for nodeH
 INFO [cs-/com/stefanolupo/ndngame/0/discovery/nodeP-0] (PlayerStatusSubscriber.java:59) - Adding subscription for nodeM
 INFO [cs-/com/stefanolupo/ndngame/0/discovery/nodeP-0] (PlayerStatusSubscriber.java:59) - Adding subscription for nodeG
 INFO [cs-/com/stefanolupo/ndngame/0/discovery/nodeP-0] (PlayerStatusSubscriber.java:59) - Adding subscription for nodeI
 INFO [cs-/com/stefanolupo/ndngame/0/discovery/nodeP-0] (PlayerStatusSubscriber.java:59) - Adding subscription for nodeC
 INFO [cs-/com/stefanolupo/ndngame/0/discovery/nodeP-0] (BlockSubscriber.java:55) - Adding subscription for /com/stefanolupo/ndngame/0/nodeE/blocks/sync/0/0/0
 INFO [cs-/com/stefanolupo/ndngame/0/discovery/nodeP-0] (BlockSubscriber.java:55) - Adding subscription for /com/stefanolupo/ndngame/0/nodeJ/blocks/sync/0/0/0
 INFO [cs-/com/stefanolupo/ndngame/0/discovery/nodeP-0] (BlockSubscriber.java:55) - Adding subscription for /com/stefanolupo/ndngame/0/nodeO/blocks/sync/0/0/0
 INFO [cs-/com/stefanolupo/ndngame/0/discovery/nodeP-0] (BlockSubscriber.java:55) - Adding subscription for /com/stefanolupo/ndngame/0/nodeA/blocks/sync/0/0/0
 INFO [cs-/com/stefanolupo/ndngame/0/discovery/nodeP-0] (BlockSubscriber.java:55) - Adding subscription for /com/stefanolupo/ndngame/0/nodeF/blocks/sync/0/0/0
 INFO [cs-/com/stefanolupo/ndngame/0/discovery/nodeP-0] (BlockSubscriber.java:55) - Adding subscription for /com/stefanolupo/ndngame/0/nodeNN/blocks/sync/0/0/0
 INFO [cs-/com/stefanolupo/ndngame/0/discovery/nodeP-0] (BlockSubscriber.java:55) - Adding subscription for /com/stefanolupo/ndngame/0/nodeH/blocks/sync/0/0/0
 INFO [cs-/com/stefanolupo/ndngame/0/discovery/nodeP-0] (BlockSubscriber.java:55) - Adding subscription for /com/stefanolupo/ndngame/0/nodeM/blocks/sync/0/0/0
 INFO [cs-/com/stefanolupo/ndngame/0/discovery/nodeP-0] (BlockSubscriber.java:55) - Adding subscription for /com/stefanolupo/ndngame/0/nodeG/blocks/sync/0/0/0
 INFO [cs-/com/stefanolupo/ndngame/0/discovery/nodeP-0] (BlockSubscriber.java:55) - Adding subscription for /com/stefanolupo/ndngame/0/nodeI/blocks/sync/0/0/0
 INFO [cs-/com/stefanolupo/ndngame/0/discovery/nodeP-0] (BlockSubscriber.java:55) - Adding subscription for /com/stefanolupo/ndngame/0/nodeC/blocks/sync/0/0/0
 INFO [cs-/com/stefanolupo/ndngame/0/discovery/nodeP-0] (ProjectileSubscriber.java:53) - Adding subscription for /com/stefanolupo/ndngame/0/nodeE/projectiles/sync/0/0/0
 INFO [cs-/com/stefanolupo/ndngame/0/discovery/nodeP-0] (ProjectileSubscriber.java:53) - Adding subscription for /com/stefanolupo/ndngame/0/nodeJ/projectiles/sync/0/0/0
 INFO [cs-/com/stefanolupo/ndngame/0/discovery/nodeP-0] (ProjectileSubscriber.java:53) - Adding subscription for /com/stefanolupo/ndngame/0/nodeO/projectiles/sync/0/0/0
 INFO [cs-/com/stefanolupo/ndngame/0/discovery/nodeP-0] (ProjectileSubscriber.java:53) - Adding subscription for /com/stefanolupo/ndngame/0/nodeA/projectiles/sync/0/0/0
 INFO [cs-/com/stefanolupo/ndngame/0/discovery/nodeP-0] (ProjectileSubscriber.java:53) - Adding subscription for /com/stefanolupo/ndngame/0/nodeF/projectiles/sync/0/0/0
 INFO [cs-/com/stefanolupo/ndngame/0/discovery/nodeP-0] (ProjectileSubscriber.java:53) - Adding subscription for /com/stefanolupo/ndngame/0/nodeNN/projectiles/sync/0/0/0
 INFO [cs-/com/stefanolupo/ndngame/0/discovery/nodeP-0] (ProjectileSubscriber.java:53) - Adding subscription for /com/stefanolupo/ndngame/0/nodeH/projectiles/sync/0/0/0
 INFO [cs-/com/stefanolupo/ndngame/0/discovery/nodeP-0] (ProjectileSubscriber.java:53) - Adding subscription for /com/stefanolupo/ndngame/0/nodeM/projectiles/sync/0/0/0
 INFO [cs-/com/stefanolupo/ndngame/0/discovery/nodeP-0] (ProjectileSubscriber.java:53) - Adding subscription for /com/stefanolupo/ndngame/0/nodeG/projectiles/sync/0/0/0
 INFO [cs-/com/stefanolupo/ndngame/0/discovery/nodeP-0] (ProjectileSubscriber.java:53) - Adding subscription for /com/stefanolupo/ndngame/0/nodeI/projectiles/sync/0/0/0
 INFO [cs-/com/stefanolupo/ndngame/0/discovery/nodeP-0] (ProjectileSubscriber.java:53) - Adding subscription for /com/stefanolupo/ndngame/0/nodeC/projectiles/sync/0/0/0
 INFO [cs-/com/stefanolupo/ndngame/0/discovery/nodeP-0] (PlayerStatusSubscriber.java:59) - Adding subscription for nodeK
 INFO [cs-/com/stefanolupo/ndngame/0/discovery/nodeP-0] (BlockSubscriber.java:55) - Adding subscription for /com/stefanolupo/ndngame/0/nodeK/blocks/sync/0/0/0
 INFO [cs-/com/stefanolupo/ndngame/0/discovery/nodeP-0] (ProjectileSubscriber.java:53) - Adding subscription for /com/stefanolupo/ndngame/0/nodeK/projectiles/sync/0/0/0
 INFO [cs-/com/stefanolupo/ndngame/0/discovery/nodeP-0] (PlayerStatusSubscriber.java:59) - Adding subscription for nodeB
 INFO [cs-/com/stefanolupo/ndngame/0/discovery/nodeP-0] (BlockSubscriber.java:55) - Adding subscription for /com/stefanolupo/ndngame/0/nodeB/blocks/sync/0/0/0
 INFO [cs-/com/stefanolupo/ndngame/0/discovery/nodeP-0] (ProjectileSubscriber.java:53) - Adding subscription for /com/stefanolupo/ndngame/0/nodeB/projectiles/sync/0/0/0
 INFO [cs-/com/stefanolupo/ndngame/0/discovery/nodeP-0] (PlayerStatusSubscriber.java:59) - Adding subscription for nodeD
 INFO [cs-/com/stefanolupo/ndngame/0/discovery/nodeP-0] (BlockSubscriber.java:55) - Adding subscription for /com/stefanolupo/ndngame/0/nodeD/blocks/sync/0/0/0
 INFO [cs-/com/stefanolupo/ndngame/0/discovery/nodeP-0] (ProjectileSubscriber.java:53) - Adding subscription for /com/stefanolupo/ndngame/0/nodeD/projectiles/sync/0/0/0
 INFO [fm-pub-3-5] (ProjectilePublisher.java:139) - Creating interest meter
 INFO [cs-/com/stefanolupo/ndngame/0/discovery/nodeP-0] (PlayerStatusSubscriber.java:59) - Adding subscription for nodeL
 INFO [cs-/com/stefanolupo/ndngame/0/discovery/nodeP-0] (BlockSubscriber.java:55) - Adding subscription for /com/stefanolupo/ndngame/0/nodeL/blocks/sync/0/0/0
 INFO [cs-/com/stefanolupo/ndngame/0/discovery/nodeP-0] (ProjectileSubscriber.java:53) - Adding subscription for /com/stefanolupo/ndngame/0/nodeL/projectiles/sync/0/0/0
DEBUG [HeadlessApplication] (ProjectileCollisionSystem.java:108) - Bullet hit me, notifying owner and decreasing my health
 WARN [cs-/com/stefanolupo/ndngame/0/discovery/nodeP-0] (ChronoSynced.java:118) - Timeout for interest: /com/stefanolupo/ndngame/0/discovery/nodeP/1?ndn.MustBeFresh=1&ndn.Nonce=+q%D1%24
 WARN [cs-/com/stefanolupo/ndngame/0/discovery/nodeP-0] (ChronoSynced.java:118) - Timeout for interest: /com/stefanolupo/ndngame/0/discovery/nodeP/1?ndn.MustBeFresh=1&ndn.Nonce=%EC%1B%29%BA
 WARN [cs-/com/stefanolupo/ndngame/0/discovery/nodeP-0] (ChronoSynced.java:118) - Timeout for interest: /com/stefanolupo/ndngame/0/discovery/nodeP/1?ndn.MustBeFresh=1&ndn.Nonce=3%1AQA
 WARN [cs-/com/stefanolupo/ndngame/0/discovery/nodeP-0] (ChronoSynced.java:118) - Timeout for interest: /com/stefanolupo/ndngame/0/discovery/nodeP/1?ndn.MustBeFresh=1&ndn.Nonce=%A9%25xw
 WARN [cs-/com/stefanolupo/ndngame/0/discovery/nodeP-0] (ChronoSynced.java:118) - Timeout for interest: /com/stefanolupo/ndngame/0/discovery/nodeP/1?ndn.MustBeFresh=1&ndn.Nonce=%C5%CB%C1%97
 WARN [cs-/com/stefanolupo/ndngame/0/discovery/nodeP-0] (ChronoSynced.java:118) - Timeout for interest: /com/stefanolupo/ndngame/0/discovery/nodeP/1?ndn.MustBeFresh=1&ndn.Nonce=%A1%D2%E0d
 WARN [cs-/com/stefanolupo/ndngame/0/discovery/nodeP-0] (ChronoSynced.java:118) - Timeout for interest: /com/stefanolupo/ndngame/0/discovery/nodeP/1?ndn.MustBeFresh=1&ndn.Nonce=E%B1%83i
 WARN [cs-/com/stefanolupo/ndngame/0/discovery/nodeP-0] (ChronoSynced.java:118) - Timeout for interest: /com/stefanolupo/ndngame/0/discovery/nodeP/1?ndn.MustBeFresh=1&ndn.Nonce=%15.%7Bt
 WARN [cs-/com/stefanolupo/ndngame/0/discovery/nodeP-0] (ChronoSynced.java:118) - Timeout for interest: /com/stefanolupo/ndngame/0/discovery/nodeP/1?ndn.MustBeFresh=1&ndn.Nonce=.%E5%AAY
DEBUG [HeadlessApplication] (ProjectileCollisionSystem.java:108) - Bullet hit me, notifying owner and decreasing my health
 WARN [cs-/com/stefanolupo/ndngame/0/discovery/nodeP-0] (ChronoSynced.java:118) - Timeout for interest: /com/stefanolupo/ndngame/0/discovery/nodeP/1?ndn.MustBeFresh=1&ndn.Nonce=%F7%EA%F4%15
 WARN [cs-/com/stefanolupo/ndngame/0/discovery/nodeP-0] (ChronoSynced.java:118) - Timeout for interest: /com/stefanolupo/ndngame/0/discovery/nodeP/1?ndn.MustBeFresh=1&ndn.Nonce=%B1%04%7DU
 WARN [cs-/com/stefanolupo/ndngame/0/discovery/nodeP-0] (ChronoSynced.java:118) - Timeout for interest: /com/stefanolupo/ndngame/0/discovery/nodeP/1?ndn.MustBeFresh=1&ndn.Nonce=%8EJ9%81
 WARN [cs-/com/stefanolupo/ndngame/0/discovery/nodeP-0] (ChronoSynced.java:118) - Timeout for interest: /com/stefanolupo/ndngame/0/discovery/nodeP/1?ndn.MustBeFresh=1&ndn.Nonce=%2FA%94%F3
 WARN [cs-/com/stefanolupo/ndngame/0/discovery/nodeP-0] (ChronoSynced.java:118) - Timeout for interest: /com/stefanolupo/ndngame/0/discovery/nodeP/1?ndn.MustBeFresh=1&ndn.Nonce=%B7%03l4
 WARN [cs-/com/stefanolupo/ndngame/0/discovery/nodeP-0] (ChronoSynced.java:118) - Timeout for interest: /com/stefanolupo/ndngame/0/discovery/nodeP/1?ndn.MustBeFresh=1&ndn.Nonce=%F1Z%AB%E5
 WARN [cs-/com/stefanolupo/ndngame/0/discovery/nodeP-0] (ChronoSynced.java:118) - Timeout for interest: /com/stefanolupo/ndngame/0/discovery/nodeP/1?ndn.MustBeFresh=1&ndn.Nonce=%83%21%19%D0
 WARN [bp-queue-proc-/com/stefanolupo/ndngame/0/nodeP/blocks/sync-1] (BasePublisher.java:98) - /com/stefanolupo/ndngame/0/nodeP/blocks/sync: Saw duplicate sn requests
 WARN [bp-queue-proc-/com/stefanolupo/ndngame/0/nodeP/blocks/sync-1] (BasePublisher.java:99) - [0=9]
 WARN [bp-queue-proc-/com/stefanolupo/ndngame/0/nodeP/status/sync-1] (BasePublisher.java:98) - /com/stefanolupo/ndngame/0/nodeP/status/sync: Saw duplicate sn requests
 WARN [bp-queue-proc-/com/stefanolupo/ndngame/0/nodeP/status/sync-1] (BasePublisher.java:99) - [582=2, 294=2, 330=2, 0=9, 569=2, 383=2, 431=2, 495=2, 317=2, 493=2]
4/9/19, 9:55:30 PM =============================================================

-- Gauges ----------------------------------------------------------------------
pub-update-percentage-nodeP-blocks-sync
             value = 0.0
pub-update-percentage-nodeP-status-sync
             value = 0.4952274003368894

-- Counters --------------------------------------------------------------------
dr-counter-null
             count = 0
dr-counter-skip
             count = 0
dr-counter-threshold
             count = 0
dr-counter-velocity
             count = 0
sub-blocks-interestscounter-nodeA
             count = 23
sub-blocks-interestscounter-nodeB
             count = 24
sub-blocks-interestscounter-nodeC
             count = 23
sub-blocks-interestscounter-nodeD
             count = 20
sub-blocks-interestscounter-nodeE
             count = 23
sub-blocks-interestscounter-nodeF
             count = 22
sub-blocks-interestscounter-nodeG
             count = 23
sub-blocks-interestscounter-nodeH
             count = 23
sub-blocks-interestscounter-nodeI
             count = 23
sub-blocks-interestscounter-nodeJ
             count = 23
sub-blocks-interestscounter-nodeK
             count = 23
sub-blocks-interestscounter-nodeL
             count = 20
sub-blocks-interestscounter-nodeM
             count = 23
sub-blocks-interestscounter-nodeNN
             count = 23
sub-blocks-interestscounter-nodeO
             count = 23
sub-projectiles-interestscounter-nodeA
             count = 14
sub-projectiles-interestscounter-nodeB
             count = 15
sub-projectiles-interestscounter-nodeC
             count = 12
sub-projectiles-interestscounter-nodeD
             count = 12
sub-projectiles-interestscounter-nodeE
             count = 13
sub-projectiles-interestscounter-nodeF
             count = 14
sub-projectiles-interestscounter-nodeG
             count = 14
sub-projectiles-interestscounter-nodeH
             count = 14
sub-projectiles-interestscounter-nodeI
             count = 12
sub-projectiles-interestscounter-nodeJ
             count = 13
sub-projectiles-interestscounter-nodeK
             count = 14
sub-projectiles-interestscounter-nodeL
             count = 12
sub-projectiles-interestscounter-nodeM
             count = 14
sub-projectiles-interestscounter-nodeNN
             count = 14
sub-projectiles-interestscounter-nodeO
             count = 13
sub-status-interestscounter-nodeA
             count = 623
sub-status-interestscounter-nodeB
             count = 609
sub-status-interestscounter-nodeC
             count = 596
sub-status-interestscounter-nodeD
             count = 520
sub-status-interestscounter-nodeE
             count = 626
sub-status-interestscounter-nodeF
             count = 585
sub-status-interestscounter-nodeG
             count = 628
sub-status-interestscounter-nodeH
             count = 594
sub-status-interestscounter-nodeI
             count = 618
sub-status-interestscounter-nodeJ
             count = 633
sub-status-interestscounter-nodeK
             count = 641
sub-status-interestscounter-nodeL
             count = 505
sub-status-interestscounter-nodeM
             count = 593
sub-status-interestscounter-nodeNN
             count = 642
sub-status-interestscounter-nodeO
             count = 612

-- Histograms ------------------------------------------------------------------
eng-status-delta-nodeA
             count = 602
               min = 0
               max = 133
              mean = 4.95
            stddev = 14.94
            median = 0.00
              75% <= 0.00
              95% <= 22.00
              98% <= 50.00
              99% <= 101.00
            99.9% <= 133.00
eng-status-delta-nodeB
             count = 586
               min = 0
               max = 127
              mean = 4.27
            stddev = 9.55
            median = 0.00
              75% <= 11.00
              95% <= 22.00
              98% <= 31.00
              99% <= 35.00
            99.9% <= 127.00
eng-status-delta-nodeC
             count = 578
               min = 0
               max = 133
              mean = 6.13
            stddev = 16.55
            median = 0.00
              75% <= 11.00
              95% <= 31.00
              98% <= 56.00
              99% <= 113.00
            99.9% <= 133.00
eng-status-delta-nodeD
             count = 505
               min = 0
               max = 175
              mean = 4.43
            stddev = 12.48
            median = 0.00
              75% <= 11.00
              95% <= 22.00
              98% <= 22.00
              99% <= 33.00
            99.9% <= 175.00
eng-status-delta-nodeE
             count = 602
               min = 0
               max = 111
              mean = 4.54
            stddev = 12.85
            median = 0.00
              75% <= 0.00
              95% <= 22.00
              98% <= 44.00
              99% <= 68.00
            99.9% <= 111.00
eng-status-delta-nodeF
             count = 566
               min = 0
               max = 200
              mean = 6.60
            stddev = 17.76
            median = 0.00
              75% <= 11.00
              95% <= 33.00
              98% <= 63.00
              99% <= 100.00
            99.9% <= 200.00
eng-status-delta-nodeG
             count = 607
               min = 0
               max = 127
              mean = 4.87
            stddev = 12.31
            median = 0.00
              75% <= 9.00
              95% <= 25.00
              98% <= 33.00
              99% <= 44.00
            99.9% <= 127.00
eng-status-delta-nodeH
             count = 579
               min = 0
               max = 111
              mean = 5.35
            stddev = 13.67
            median = 0.00
              75% <= 0.00
              95% <= 33.00
              98% <= 60.00
              99% <= 67.00
            99.9% <= 111.00
eng-status-delta-nodeI
             count = 600
               min = 0
               max = 126
              mean = 5.68
            stddev = 15.11
            median = 0.00
              75% <= 0.00
              95% <= 31.00
              98% <= 46.00
              99% <= 68.00
            99.9% <= 126.00
eng-status-delta-nodeJ
             count = 612
               min = 0
               max = 126
              mean = 5.78
            stddev = 14.41
            median = 0.00
              75% <= 11.00
              95% <= 25.00
              98% <= 47.00
              99% <= 79.00
            99.9% <= 126.00
eng-status-delta-nodeK
             count = 617
               min = 0
               max = 127
              mean = 4.49
            stddev = 10.33
            median = 0.00
              75% <= 11.00
              95% <= 22.00
              98% <= 35.00
              99% <= 44.00
            99.9% <= 127.00
eng-status-delta-nodeL
             count = 492
               min = 0
               max = 67
              mean = 4.78
            stddev = 9.63
            median = 0.00
              75% <= 11.00
              95% <= 22.00
              98% <= 39.00
              99% <= 44.00
            99.9% <= 67.00
eng-status-delta-nodeM
             count = 576
               min = 0
               max = 112
              mean = 5.51
            stddev = 14.68
            median = 0.00
              75% <= 11.00
              95% <= 25.00
              98% <= 47.00
              99% <= 104.00
            99.9% <= 112.00
eng-status-delta-nodeNN
             count = 628
               min = 0
               max = 131
              mean = 4.59
            stddev = 11.87
            median = 0.00
              75% <= 0.00
              95% <= 22.00
              98% <= 44.00
              99% <= 56.00
            99.9% <= 131.00
eng-status-delta-nodeO
             count = 589
               min = 0
               max = 128
              mean = 5.38
            stddev = 14.44
            median = 0.00
              75% <= 0.00
              95% <= 31.00
              98% <= 56.00
              99% <= 71.00
            99.9% <= 128.00
packet-size-block
             count = 0
               min = 0
               max = 0
              mean = 0.00
            stddev = 0.00
            median = 0.00
              75% <= 0.00
              95% <= 0.00
              98% <= 0.00
              99% <= 0.00
            99.9% <= 0.00
packet-size-projectile
             count = 81
               min = 89
               max = 1671
              mean = 355.80
            stddev = 431.24
            median = 178.00
              75% <= 440.00
              95% <= 1671.00
              98% <= 1671.00
              99% <= 1671.00
            99.9% <= 1671.00
packet-size-status
             count = 887
               min = 42
               max = 47
              mean = 44.36
            stddev = 2.50
            median = 42.00
              75% <= 47.00
              95% <= 47.00
              98% <= 47.00
              99% <= 47.00
            99.9% <= 47.00
sub-blocks-rtt-nodeA
             count = 1
               min = 384
               max = 384
              mean = 384.00
            stddev = 0.00
            median = 384.00
              75% <= 384.00
              95% <= 384.00
              98% <= 384.00
              99% <= 384.00
            99.9% <= 384.00
sub-blocks-rtt-nodeB
             count = 0
               min = 0
               max = 0
              mean = 0.00
            stddev = 0.00
            median = 0.00
              75% <= 0.00
              95% <= 0.00
              98% <= 0.00
              99% <= 0.00
            99.9% <= 0.00
sub-blocks-rtt-nodeC
             count = 1
               min = 398
               max = 398
              mean = 398.00
            stddev = 0.00
            median = 398.00
              75% <= 398.00
              95% <= 398.00
              98% <= 398.00
              99% <= 398.00
            99.9% <= 398.00
sub-blocks-rtt-nodeD
             count = 1
               min = 559
               max = 559
              mean = 559.00
            stddev = 0.00
            median = 559.00
              75% <= 559.00
              95% <= 559.00
              98% <= 559.00
              99% <= 559.00
            99.9% <= 559.00
sub-blocks-rtt-nodeE
             count = 1
               min = 551
               max = 551
              mean = 551.00
            stddev = 0.00
            median = 551.00
              75% <= 551.00
              95% <= 551.00
              98% <= 551.00
              99% <= 551.00
            99.9% <= 551.00
sub-blocks-rtt-nodeF
             count = 2
               min = 46
               max = 49
              mean = 47.34
            stddev = 1.49
            median = 46.00
              75% <= 49.00
              95% <= 49.00
              98% <= 49.00
              99% <= 49.00
            99.9% <= 49.00
sub-blocks-rtt-nodeG
             count = 1
               min = 26
               max = 26
              mean = 26.00
            stddev = 0.00
            median = 26.00
              75% <= 26.00
              95% <= 26.00
              98% <= 26.00
              99% <= 26.00
            99.9% <= 26.00
sub-blocks-rtt-nodeH
             count = 1
               min = 788
               max = 788
              mean = 788.00
            stddev = 0.00
            median = 788.00
              75% <= 788.00
              95% <= 788.00
              98% <= 788.00
              99% <= 788.00
            99.9% <= 788.00
sub-blocks-rtt-nodeI
             count = 1
               min = 929
               max = 929
              mean = 929.00
            stddev = 0.00
            median = 929.00
              75% <= 929.00
              95% <= 929.00
              98% <= 929.00
              99% <= 929.00
            99.9% <= 929.00
sub-blocks-rtt-nodeJ
             count = 1
               min = 996
               max = 996
              mean = 996.00
            stddev = 0.00
            median = 996.00
              75% <= 996.00
              95% <= 996.00
              98% <= 996.00
              99% <= 996.00
            99.9% <= 996.00
sub-blocks-rtt-nodeK
             count = 1
               min = 393
               max = 393
              mean = 393.00
            stddev = 0.00
            median = 393.00
              75% <= 393.00
              95% <= 393.00
              98% <= 393.00
              99% <= 393.00
            99.9% <= 393.00
sub-blocks-rtt-nodeL
             count = 0
               min = 0
               max = 0
              mean = 0.00
            stddev = 0.00
            median = 0.00
              75% <= 0.00
              95% <= 0.00
              98% <= 0.00
              99% <= 0.00
            99.9% <= 0.00
sub-blocks-rtt-nodeM
             count = 1
               min = 529
               max = 529
              mean = 529.00
            stddev = 0.00
            median = 529.00
              75% <= 529.00
              95% <= 529.00
              98% <= 529.00
              99% <= 529.00
            99.9% <= 529.00
sub-blocks-rtt-nodeNN
             count = 1
               min = 817
               max = 817
              mean = 817.00
            stddev = 0.00
            median = 817.00
              75% <= 817.00
              95% <= 817.00
              98% <= 817.00
              99% <= 817.00
            99.9% <= 817.00
sub-blocks-rtt-nodeO
             count = 2
               min = 2
               max = 308
              mean = 137.86
            stddev = 152.04
            median = 2.00
              75% <= 308.00
              95% <= 308.00
              98% <= 308.00
              99% <= 308.00
            99.9% <= 308.00
sub-projectiles-rtt-nodeA
             count = 11
               min = 4
               max = 45
              mean = 23.62
            stddev = 11.43
            median = 24.00
              75% <= 27.00
              95% <= 45.00
              98% <= 45.00
              99% <= 45.00
            99.9% <= 45.00
sub-projectiles-rtt-nodeB
             count = 9
               min = 2
               max = 674
              mean = 200.60
            stddev = 275.30
            median = 36.00
              75% <= 276.00
              95% <= 674.00
              98% <= 674.00
              99% <= 674.00
            99.9% <= 674.00
sub-projectiles-rtt-nodeC
             count = 12
               min = 8
               max = 286
              mean = 61.00
            stddev = 93.74
            median = 24.00
              75% <= 28.00
              95% <= 286.00
              98% <= 286.00
              99% <= 286.00
            99.9% <= 286.00
sub-projectiles-rtt-nodeD
             count = 9
               min = 3
               max = 590
              mean = 174.00
            stddev = 226.63
            median = 56.00
              75% <= 160.00
              95% <= 590.00
              98% <= 590.00
              99% <= 590.00
            99.9% <= 590.00
sub-projectiles-rtt-nodeE
             count = 12
               min = 5
               max = 116
              mean = 32.15
            stddev = 31.63
            median = 20.00
              75% <= 37.00
              95% <= 116.00
              98% <= 116.00
              99% <= 116.00
            99.9% <= 116.00
sub-projectiles-rtt-nodeF
             count = 10
               min = 11
               max = 858
              mean = 176.51
            stddev = 280.09
            median = 43.00
              75% <= 63.00
              95% <= 858.00
              98% <= 858.00
              99% <= 858.00
            99.9% <= 858.00
sub-projectiles-rtt-nodeG
             count = 11
               min = 7
               max = 875
              mean = 260.18
            stddev = 328.17
            median = 33.00
              75% <= 493.00
              95% <= 875.00
              98% <= 875.00
              99% <= 875.00
            99.9% <= 875.00
sub-projectiles-rtt-nodeH
             count = 11
               min = 2
               max = 633
              mean = 164.09
            stddev = 224.62
            median = 30.00
              75% <= 223.00
              95% <= 633.00
              98% <= 633.00
              99% <= 633.00
            99.9% <= 633.00
sub-projectiles-rtt-nodeI
             count = 12
               min = 13
               max = 368
              mean = 53.37
            stddev = 97.11
            median = 28.00
              75% <= 30.00
              95% <= 368.00
              98% <= 368.00
              99% <= 368.00
            99.9% <= 368.00
sub-projectiles-rtt-nodeJ
             count = 11
               min = 13
               max = 539
              mean = 119.73
            stddev = 184.28
            median = 32.00
              75% <= 96.00
              95% <= 539.00
              98% <= 539.00
              99% <= 539.00
            99.9% <= 539.00
sub-projectiles-rtt-nodeK
             count = 11
               min = 2
               max = 334
              mean = 74.14
            stddev = 122.89
            median = 19.00
              75% <= 47.00
              95% <= 334.00
              98% <= 334.00
              99% <= 334.00
            99.9% <= 334.00
sub-projectiles-rtt-nodeL
             count = 8
               min = 18
               max = 324
              mean = 61.60
            stddev = 97.75
            median = 20.00
              75% <= 34.00
              95% <= 324.00
              98% <= 324.00
              99% <= 324.00
            99.9% <= 324.00
sub-projectiles-rtt-nodeM
             count = 11
               min = 3
               max = 958
              mean = 268.47
            stddev = 369.96
            median = 15.00
              75% <= 557.00
              95% <= 958.00
              98% <= 958.00
              99% <= 958.00
            99.9% <= 958.00
sub-projectiles-rtt-nodeNN
             count = 10
               min = 1
               max = 256
              mean = 57.43
            stddev = 89.25
            median = 15.00
              75% <= 42.00
              95% <= 256.00
              98% <= 256.00
              99% <= 256.00
            99.9% <= 256.00
sub-projectiles-rtt-nodeO
             count = 11
               min = 1
               max = 33
              mean = 14.27
            stddev = 11.72
            median = 14.00
              75% <= 26.00
              95% <= 33.00
              98% <= 33.00
              99% <= 33.00
            99.9% <= 33.00
sub-status-rtt-nodeA
             count = 624
               min = 1
               max = 165
              mean = 38.07
            stddev = 17.30
            median = 35.00
              75% <= 44.00
              95% <= 67.00
              98% <= 82.00
              99% <= 99.00
            99.9% <= 165.00
sub-status-rtt-nodeB
             count = 610
               min = 1
               max = 162
              mean = 38.51
            stddev = 17.24
            median = 35.00
              75% <= 44.00
              95% <= 70.00
              98% <= 84.00
              99% <= 87.00
            99.9% <= 162.00
sub-status-rtt-nodeC
             count = 598
               min = 1
               max = 221
              mean = 39.64
            stddev = 20.68
            median = 34.00
              75% <= 46.00
              95% <= 77.00
              98% <= 95.00
              99% <= 109.00
            99.9% <= 221.00
sub-status-rtt-nodeD
             count = 522
               min = 2
               max = 222
              mean = 39.55
            stddev = 19.04
            median = 35.00
              75% <= 44.00
              95% <= 71.00
              98% <= 93.00
              99% <= 105.00
            99.9% <= 222.00
sub-status-rtt-nodeE
             count = 626
               min = 1
               max = 168
              mean = 37.66
            stddev = 17.68
            median = 34.00
              75% <= 42.00
              95% <= 67.00
              98% <= 75.00
              99% <= 91.00
            99.9% <= 168.00
sub-status-rtt-nodeF
             count = 587
               min = 1
               max = 207
              mean = 40.41
            stddev = 19.56
            median = 35.00
              75% <= 47.00
              95% <= 77.00
              98% <= 89.00
              99% <= 98.00
            99.9% <= 207.00
sub-status-rtt-nodeG
             count = 630
               min = 1
               max = 205
              mean = 37.57
            stddev = 17.81
            median = 34.00
              75% <= 42.00
              95% <= 67.00
              98% <= 87.00
              99% <= 96.00
            99.9% <= 205.00
sub-status-rtt-nodeH
             count = 595
               min = 1
               max = 186
              mean = 39.73
            stddev = 19.19
            median = 34.00
              75% <= 44.00
              95% <= 71.00
              98% <= 93.00
              99% <= 112.00
            99.9% <= 186.00
sub-status-rtt-nodeI
             count = 621
               min = 1
               max = 184
              mean = 38.29
            stddev = 17.33
            median = 34.00
              75% <= 43.00
              95% <= 69.00
              98% <= 82.00
              99% <= 101.00
            99.9% <= 184.00
sub-status-rtt-nodeJ
             count = 634
               min = 1
               max = 205
              mean = 37.35
            stddev = 17.41
            median = 34.00
              75% <= 42.00
              95% <= 67.00
              98% <= 85.00
              99% <= 94.00
            99.9% <= 205.00
sub-status-rtt-nodeK
             count = 642
               min = 2
               max = 225
              mean = 36.58
            stddev = 17.39
            median = 34.00
              75% <= 41.00
              95% <= 68.00
              98% <= 81.00
              99% <= 90.00
            99.9% <= 225.00
sub-status-rtt-nodeL
             count = 506
               min = 2
               max = 184
              mean = 39.04
            stddev = 18.85
            median = 34.00
              75% <= 43.00
              95% <= 70.00
              98% <= 90.00
              99% <= 101.00
            99.9% <= 184.00
sub-status-rtt-nodeM
             count = 594
               min = 2
               max = 191
              mean = 39.57
            stddev = 17.92
            median = 34.00
              75% <= 45.00
              95% <= 70.00
              98% <= 83.00
              99% <= 90.00
            99.9% <= 191.00
sub-status-rtt-nodeNN
             count = 643
               min = 2
               max = 218
              mean = 36.81
            stddev = 16.12
            median = 34.00
              75% <= 41.00
              95% <= 66.00
              98% <= 80.00
              99% <= 103.00
            99.9% <= 218.00
sub-status-rtt-nodeO
             count = 613
               min = 2
               max = 181
              mean = 38.57
            stddev = 17.29
            median = 34.00
              75% <= 43.00
              95% <= 69.00
              98% <= 88.00
              99% <= 93.00
            99.9% <= 181.00

-- Meters ----------------------------------------------------------------------
pub-interest-rate-nodeP-blocks-sync
             count = 18
         mean rate = 0.88 events/second
     1-minute rate = 0.97 events/second
     5-minute rate = 0.99 events/second
    15-minute rate = 1.00 events/second
pub-interest-rate-nodeP-projectiles-sync
             count = 86
         mean rate = 4.19 events/second
     1-minute rate = 4.93 events/second
     5-minute rate = 5.14 events/second
    15-minute rate = 5.18 events/second
pub-interest-rate-nodeP-status-sync
             count = 624
         mean rate = 30.36 events/second
     1-minute rate = 31.39 events/second
     5-minute rate = 31.71 events/second
    15-minute rate = 31.77 events/second


DEBUG [HeadlessApplication] (ProjectileCollisionSystem.java:108) - Bullet hit me, notifying owner and decreasing my health
 WARN [bp-queue-proc-/com/stefanolupo/ndngame/0/nodeP/blocks/sync-1] (BasePublisher.java:98) - /com/stefanolupo/ndngame/0/nodeP/blocks/sync: Saw duplicate sn requests
 WARN [bp-queue-proc-/com/stefanolupo/ndngame/0/nodeP/blocks/sync-1] (BasePublisher.java:99) - [4=3, 1=9, 0=27]
 WARN [bp-queue-proc-/com/stefanolupo/ndngame/0/nodeP/status/sync-1] (BasePublisher.java:98) - /com/stefanolupo/ndngame/0/nodeP/status/sync: Saw duplicate sn requests
 WARN [bp-queue-proc-/com/stefanolupo/ndngame/0/nodeP/status/sync-1] (BasePublisher.java:99) - [1186=2, 1025=2, 294=2, 582=2, 775=2, 330=2, 0=9, 1003=2, 431=2, 495=2, 876=2, 493=2, 945=2, 790=2, 692=2, 852=2, 1179=2, 1176=2, 569=2, 638=2, 383=2, 317=2]
DEBUG [HeadlessApplication] (ProjectileCollisionSystem.java:108) - Bullet hit me, notifying owner and decreasing my health
 WARN [HeadlessApplication] (ProjectileCollisionSystem.java:62) - Type component was null for collision with PROJECTILE
DEBUG [bp-queue-proc-/com/stefanolupo/ndngame/0/nodeP/status/sync-0] (BasePublisher.java:156) - Had Update but /com/stefanolupo/ndngame/0/nodeP/status/sync/1600/0/0 already had sn 1600
 WARN [HeadlessApplication] (ProjectileCollisionSystem.java:62) - Type component was null for collision with PROJECTILE
4/9/19, 9:56:00 PM =============================================================

-- Gauges ----------------------------------------------------------------------
pub-update-percentage-nodeP-blocks-sync
             value = 0.0030709101060859855
pub-update-percentage-nodeP-status-sync
             value = 0.4886903099692823

-- Counters --------------------------------------------------------------------
dr-counter-null
             count = 0
dr-counter-skip
             count = 0
dr-counter-threshold
             count = 0
dr-counter-velocity
             count = 0
sub-blocks-interestscounter-nodeA
             count = 52
sub-blocks-interestscounter-nodeB
             count = 53
sub-blocks-interestscounter-nodeC
             count = 52
sub-blocks-interestscounter-nodeD
             count = 49
sub-blocks-interestscounter-nodeE
             count = 51
sub-blocks-interestscounter-nodeF
             count = 52
sub-blocks-interestscounter-nodeG
             count = 51
sub-blocks-interestscounter-nodeH
             count = 52
sub-blocks-interestscounter-nodeI
             count = 51
sub-blocks-interestscounter-nodeJ
             count = 53
sub-blocks-interestscounter-nodeK
             count = 52
sub-blocks-interestscounter-nodeL
             count = 47
sub-blocks-interestscounter-nodeM
             count = 52
sub-blocks-interestscounter-nodeNN
             count = 53
sub-blocks-interestscounter-nodeO
             count = 49
sub-projectiles-interestscounter-nodeA
             count = 30
sub-projectiles-interestscounter-nodeB
             count = 32
sub-projectiles-interestscounter-nodeC
             count = 29
sub-projectiles-interestscounter-nodeD
             count = 29
sub-projectiles-interestscounter-nodeE
             count = 30
sub-projectiles-interestscounter-nodeF
             count = 31
sub-projectiles-interestscounter-nodeG
             count = 30
sub-projectiles-interestscounter-nodeH
             count = 31
sub-projectiles-interestscounter-nodeI
             count = 29
sub-projectiles-interestscounter-nodeJ
             count = 31
sub-projectiles-interestscounter-nodeK
             count = 31
sub-projectiles-interestscounter-nodeL
             count = 28
sub-projectiles-interestscounter-nodeM
             count = 29
sub-projectiles-interestscounter-nodeNN
             count = 31
sub-projectiles-interestscounter-nodeO
             count = 30
sub-status-interestscounter-nodeA
             count = 1447
sub-status-interestscounter-nodeB
             count = 1436
sub-status-interestscounter-nodeC
             count = 1395
sub-status-interestscounter-nodeD
             count = 1322
sub-status-interestscounter-nodeE
             count = 1444
sub-status-interestscounter-nodeF
             count = 1394
sub-status-interestscounter-nodeG
             count = 1459
sub-status-interestscounter-nodeH
             count = 1393
sub-status-interestscounter-nodeI
             count = 1438
sub-status-interestscounter-nodeJ
             count = 1433
sub-status-interestscounter-nodeK
             count = 1461
sub-status-interestscounter-nodeL
             count = 1340
sub-status-interestscounter-nodeM
             count = 1399
sub-status-interestscounter-nodeNN
             count = 1440
sub-status-interestscounter-nodeO
             count = 1380

-- Histograms ------------------------------------------------------------------
eng-status-delta-nodeA
             count = 1385
               min = 0
               max = 200
              mean = 5.40
            stddev = 15.53
            median = 0.00
              75% <= 8.00
              95% <= 22.00
              98% <= 44.00
              99% <= 67.00
            99.9% <= 170.00
eng-status-delta-nodeB
             count = 1381
               min = 0
               max = 200
              mean = 5.06
            stddev = 14.29
            median = 0.00
              75% <= 11.00
              95% <= 22.00
              98% <= 44.00
              99% <= 56.00
            99.9% <= 200.00
eng-status-delta-nodeC
             count = 1350
               min = 0
               max = 211
              mean = 8.58
            stddev = 16.74
            median = 0.00
              75% <= 11.00
              95% <= 44.00
              98% <= 48.00
              99% <= 57.00
            99.9% <= 122.00
eng-status-delta-nodeD
             count = 1273
               min = 0
               max = 200
              mean = 6.09
            stddev = 17.09
            median = 0.00
              75% <= 11.00
              95% <= 22.00
              98% <= 47.00
              99% <= 104.00
            99.9% <= 200.00
eng-status-delta-nodeE
             count = 1389
               min = 0
               max = 200
              mean = 5.14
            stddev = 13.64
            median = 0.00
              75% <= 11.00
              95% <= 22.00
              98% <= 40.00
              99% <= 63.00
            99.9% <= 126.00
eng-status-delta-nodeF
             count = 1347
               min = 0
               max = 208
              mean = 6.83
            stddev = 18.09
            median = 0.00
              75% <= 11.00
              95% <= 31.00
              98% <= 64.00
              99% <= 102.00
            99.9% <= 208.00
eng-status-delta-nodeG
             count = 1408
               min = 0
               max = 211
              mean = 5.00
            stddev = 14.35
            median = 0.00
              75% <= 0.00
              95% <= 22.00
              98% <= 33.00
              99% <= 56.00
            99.9% <= 211.00
eng-status-delta-nodeH
             count = 1355
               min = 0
               max = 144
              mean = 4.98
            stddev = 13.42
            median = 0.00
              75% <= 0.00
              95% <= 25.00
              98% <= 47.00
              99% <= 63.00
            99.9% <= 144.00
eng-status-delta-nodeI
             count = 1381
               min = 0
               max = 205
              mean = 7.03
            stddev = 19.70
            median = 0.00
              75% <= 11.00
              95% <= 33.00
              98% <= 68.00
              99% <= 122.00
            99.9% <= 205.00
eng-status-delta-nodeJ
             count = 1393
               min = 0
               max = 200
              mean = 5.77
            stddev = 16.66
            median = 0.00
              75% <= 11.00
              95% <= 22.00
              98% <= 47.00
              99% <= 104.00
            99.9% <= 200.00
eng-status-delta-nodeK
             count = 1404
               min = 0
               max = 144
              mean = 5.39
            stddev = 14.20
            median = 0.00
              75% <= 11.00
              95% <= 25.00
              98% <= 47.00
              99% <= 63.00
            99.9% <= 144.00
eng-status-delta-nodeL
             count = 1295
               min = 0
               max = 200
              mean = 5.14
            stddev = 14.02
            median = 0.00
              75% <= 11.00
              95% <= 22.00
              98% <= 40.00
              99% <= 72.00
            99.9% <= 200.00
eng-status-delta-nodeM
             count = 1357
               min = 0
               max = 211
              mean = 4.76
            stddev = 13.99
            median = 0.00
              75% <= 11.00
              95% <= 22.00
              98% <= 33.00
              99% <= 58.00
            99.9% <= 211.00
eng-status-delta-nodeNN
             count = 1412
               min = 0
               max = 200
              mean = 5.04
            stddev = 15.06
            median = 0.00
              75% <= 0.00
              95% <= 22.00
              98% <= 40.00
              99% <= 68.00
            99.9% <= 200.00
eng-status-delta-nodeO
             count = 1335
               min = 0
               max = 128
              mean = 5.94
            stddev = 14.72
            median = 0.00
              75% <= 11.00
              95% <= 31.00
              98% <= 56.00
              99% <= 72.00
            99.9% <= 122.00
packet-size-block
             count = 12
               min = 76
               max = 304
              mean = 184.96
            stddev = 77.16
            median = 152.00
              75% <= 228.00
              95% <= 304.00
              98% <= 304.00
              99% <= 304.00
            99.9% <= 304.00
packet-size-projectile
             count = 195
               min = 89
               max = 1671
              mean = 338.54
            stddev = 310.82
            median = 351.00
              75% <= 440.00
              95% <= 791.00
              98% <= 1671.00
              99% <= 1671.00
            99.9% <= 1671.00
packet-size-status
             count = 1787
               min = 42
               max = 47
              mean = 44.45
            stddev = 2.50
            median = 42.00
              75% <= 47.00
              95% <= 47.00
              98% <= 47.00
              99% <= 47.00
            99.9% <= 47.00
sub-blocks-rtt-nodeA
             count = 2
               min = 384
               max = 658
              mean = 565.56
            stddev = 129.55
            median = 658.00
              75% <= 658.00
              95% <= 658.00
              98% <= 658.00
              99% <= 658.00
            99.9% <= 658.00
sub-blocks-rtt-nodeB
             count = 1
               min = 61
               max = 61
              mean = 61.00
            stddev = 0.00
            median = 61.00
              75% <= 61.00
              95% <= 61.00
              98% <= 61.00
              99% <= 61.00
            99.9% <= 61.00
sub-blocks-rtt-nodeC
             count = 2
               min = 398
               max = 772
              mean = 610.09
            stddev = 185.31
            median = 772.00
              75% <= 772.00
              95% <= 772.00
              98% <= 772.00
              99% <= 772.00
            99.9% <= 772.00
sub-blocks-rtt-nodeD
             count = 2
               min = 559
               max = 952
              mean = 783.31
            stddev = 194.52
            median = 952.00
              75% <= 952.00
              95% <= 952.00
              98% <= 952.00
              99% <= 952.00
            99.9% <= 952.00
sub-blocks-rtt-nodeE
             count = 3
               min = 73
               max = 579
              mean = 357.51
            stddev = 244.05
            median = 551.00
              75% <= 579.00
              95% <= 579.00
              98% <= 579.00
              99% <= 579.00
            99.9% <= 579.00
sub-blocks-rtt-nodeF
             count = 2
               min = 46
               max = 49
              mean = 47.34
            stddev = 1.49
            median = 46.00
              75% <= 49.00
              95% <= 49.00
              98% <= 49.00
              99% <= 49.00
            99.9% <= 49.00
sub-blocks-rtt-nodeG
             count = 3
               min = 26
               max = 970
              mean = 418.22
            stddev = 403.69
            median = 201.00
              75% <= 970.00
              95% <= 970.00
              98% <= 970.00
              99% <= 970.00
            99.9% <= 970.00
sub-blocks-rtt-nodeH
             count = 2
               min = 606
               max = 788
              mean = 685.46
            stddev = 90.27
            median = 606.00
              75% <= 788.00
              95% <= 788.00
              98% <= 788.00
              99% <= 788.00
            99.9% <= 788.00
sub-blocks-rtt-nodeI
             count = 3
               min = 67
               max = 929
              mean = 600.40
            stddev = 361.29
            median = 792.00
              75% <= 792.00
              95% <= 929.00
              98% <= 929.00
              99% <= 929.00
            99.9% <= 929.00
sub-blocks-rtt-nodeJ
             count = 1
               min = 996
               max = 996
              mean = 996.00
            stddev = 0.00
            median = 996.00
              75% <= 996.00
              95% <= 996.00
              98% <= 996.00
              99% <= 996.00
            99.9% <= 996.00
sub-blocks-rtt-nodeK
             count = 2
               min = 199
               max = 393
              mean = 283.70
            stddev = 96.22
            median = 199.00
              75% <= 393.00
              95% <= 393.00
              98% <= 393.00
              99% <= 393.00
            99.9% <= 393.00
sub-blocks-rtt-nodeL
             count = 3
               min = 311
               max = 893
              mean = 538.79
            stddev = 240.73
            median = 487.00
              75% <= 893.00
              95% <= 893.00
              98% <= 893.00
              99% <= 893.00
            99.9% <= 893.00
sub-blocks-rtt-nodeM
             count = 2
               min = 517
               max = 529
              mean = 522.37
            stddev = 5.97
            median = 517.00
              75% <= 529.00
              95% <= 529.00
              98% <= 529.00
              99% <= 529.00
            99.9% <= 529.00
sub-blocks-rtt-nodeNN
             count = 1
               min = 817
               max = 817
              mean = 817.00
            stddev = 0.00
            median = 817.00
              75% <= 817.00
              95% <= 817.00
              98% <= 817.00
              99% <= 817.00
            99.9% <= 817.00
sub-blocks-rtt-nodeO
             count = 5
               min = 2
               max = 990
              mean = 677.54
            stddev = 387.48
            median = 896.00
              75% <= 951.00
              95% <= 990.00
              98% <= 990.00
              99% <= 990.00
            99.9% <= 990.00
sub-projectiles-rtt-nodeA
             count = 25
               min = 4
               max = 802
              mean = 89.48
            stddev = 195.73
            median = 25.00
              75% <= 28.00
              95% <= 578.00
              98% <= 802.00
              99% <= 802.00
            99.9% <= 802.00
sub-projectiles-rtt-nodeB
             count = 22
               min = 1
               max = 674
              mean = 147.45
            stddev = 224.66
            median = 21.00
              75% <= 271.00
              95% <= 674.00
              98% <= 674.00
              99% <= 674.00
            99.9% <= 674.00
sub-projectiles-rtt-nodeC
             count = 25
               min = 5
               max = 921
              mean = 126.68
            stddev = 257.53
            median = 25.00
              75% <= 29.00
              95% <= 875.00
              98% <= 921.00
              99% <= 921.00
            99.9% <= 921.00
sub-projectiles-rtt-nodeD
             count = 22
               min = 3
               max = 969
              mean = 171.80
            stddev = 268.44
            median = 26.00
              75% <= 145.00
              95% <= 969.00
              98% <= 969.00
              99% <= 969.00
            99.9% <= 969.00
sub-projectiles-rtt-nodeE
             count = 24
               min = 5
               max = 490
              mean = 50.65
            stddev = 99.59
            median = 27.00
              75% <= 33.00
              95% <= 116.00
              98% <= 490.00
              99% <= 490.00
            99.9% <= 490.00
sub-projectiles-rtt-nodeF
             count = 23
               min = 11
               max = 858
              mean = 114.86
            stddev = 218.01
            median = 34.00
              75% <= 45.00
              95% <= 657.00
              98% <= 858.00
              99% <= 858.00
            99.9% <= 858.00
sub-projectiles-rtt-nodeG
             count = 25
               min = 7
               max = 875
              mean = 132.09
            stddev = 233.98
            median = 30.00
              75% <= 35.00
              95% <= 858.00
              98% <= 875.00
              99% <= 875.00
            99.9% <= 875.00
sub-projectiles-rtt-nodeH
             count = 24
               min = 2
               max = 633
              mean = 87.32
            stddev = 151.34
            median = 32.00
              75% <= 47.00
              95% <= 611.00
              98% <= 633.00
              99% <= 633.00
            99.9% <= 633.00
sub-projectiles-rtt-nodeI
             count = 25
               min = 6
               max = 761
              mean = 102.07
            stddev = 185.68
            median = 19.00
              75% <= 30.00
              95% <= 483.00
              98% <= 761.00
              99% <= 761.00
            99.9% <= 761.00
sub-projectiles-rtt-nodeJ
             count = 24
               min = 10
               max = 908
              mean = 122.55
            stddev = 230.52
            median = 25.00
              75% <= 82.00
              95% <= 539.00
              98% <= 908.00
              99% <= 908.00
            99.9% <= 908.00
sub-projectiles-rtt-nodeK
             count = 24
               min = 2
               max = 747
              mean = 97.54
            stddev = 182.29
            median = 29.00
              75% <= 47.00
              95% <= 747.00
              98% <= 747.00
              99% <= 747.00
            99.9% <= 747.00
sub-projectiles-rtt-nodeL
             count = 23
               min = 10
               max = 915
              mean = 132.50
            stddev = 235.47
            median = 21.00
              75% <= 76.00
              95% <= 915.00
              98% <= 915.00
              99% <= 915.00
            99.9% <= 915.00
sub-projectiles-rtt-nodeM
             count = 26
               min = 3
               max = 959
              mean = 195.52
            stddev = 319.44
            median = 21.00
              75% <= 175.00
              95% <= 958.00
              98% <= 959.00
              99% <= 959.00
            99.9% <= 959.00
sub-projectiles-rtt-nodeNN
             count = 23
               min = 1
               max = 626
              mean = 70.91
            stddev = 144.81
            median = 13.00
              75% <= 41.00
              95% <= 256.00
              98% <= 626.00
              99% <= 626.00
            99.9% <= 626.00
sub-projectiles-rtt-nodeO
             count = 25
               min = 1
               max = 741
              mean = 95.22
            stddev = 190.15
            median = 21.00
              75% <= 32.00
              95% <= 544.00
              98% <= 741.00
              99% <= 741.00
            99.9% <= 741.00
sub-status-rtt-nodeA
             count = 1447
               min = 1
               max = 119
              mean = 36.55
            stddev = 16.43
            median = 35.00
              75% <= 44.00
              95% <= 66.00
              98% <= 80.00
              99% <= 87.00
            99.9% <= 119.00
sub-status-rtt-nodeB
             count = 1436
               min = 1
               max = 150
              mean = 36.94
            stddev = 16.06
            median = 35.00
              75% <= 44.00
              95% <= 67.00
              98% <= 78.00
              99% <= 84.00
            99.9% <= 150.00
sub-status-rtt-nodeC
             count = 1396
               min = 1
               max = 221
              mean = 38.44
            stddev = 19.10
            median = 35.00
              75% <= 46.00
              95% <= 70.00
              98% <= 86.00
              99% <= 102.00
            99.9% <= 175.00
sub-status-rtt-nodeD
             count = 1323
               min = 1
               max = 155
              mean = 38.01
            stddev = 19.35
            median = 36.00
              75% <= 44.00
              95% <= 71.00
              98% <= 93.00
              99% <= 114.00
            99.9% <= 155.00
sub-status-rtt-nodeE
             count = 1445
               min = 1
               max = 188
              mean = 37.08
            stddev = 16.84
            median = 35.00
              75% <= 43.00
              95% <= 66.00
              98% <= 74.00
              99% <= 82.00
            99.9% <= 188.00
sub-status-rtt-nodeF
             count = 1395
               min = 1
               max = 207
              mean = 37.49
            stddev = 18.35
            median = 34.00
              75% <= 43.00
              95% <= 67.00
              98% <= 84.00
              99% <= 91.00
            99.9% <= 194.00
sub-status-rtt-nodeG
             count = 1460
               min = 1
               max = 172
              mean = 36.86
            stddev = 16.20
            median = 34.00
              75% <= 43.00
              95% <= 66.00
              98% <= 83.00
              99% <= 87.00
            99.9% <= 172.00
sub-status-rtt-nodeH
             count = 1394
               min = 1
               max = 186
              mean = 38.32
            stddev = 17.04
            median = 35.00
              75% <= 45.00
              95% <= 67.00
              98% <= 79.00
              99% <= 96.00
            99.9% <= 160.00
sub-status-rtt-nodeI
             count = 1440
               min = 1
               max = 184
              mean = 37.00
            stddev = 16.91
            median = 34.00
              75% <= 44.00
              95% <= 68.00
              98% <= 82.00
              99% <= 90.00
            99.9% <= 141.00
sub-status-rtt-nodeJ
             count = 1434
               min = 1
               max = 205
              mean = 37.48
            stddev = 17.37
            median = 35.00
              75% <= 43.00
              95% <= 66.00
              98% <= 80.00
              99% <= 94.00
            99.9% <= 203.00
sub-status-rtt-nodeK
             count = 1463
               min = 2
               max = 225
              mean = 36.12
            stddev = 16.18
            median = 34.00
              75% <= 43.00
              95% <= 65.00
              98% <= 73.00
              99% <= 81.00
            99.9% <= 168.00
sub-status-rtt-nodeL
             count = 1342
               min = 1
               max = 189
              mean = 36.44
            stddev = 17.10
            median = 34.00
              75% <= 42.00
              95% <= 67.00
              98% <= 82.00
              99% <= 87.00
            99.9% <= 175.00
sub-status-rtt-nodeM
             count = 1401
               min = 2
               max = 181
              mean = 37.90
            stddev = 17.07
            median = 34.00
              75% <= 44.00
              95% <= 67.00
              98% <= 81.00
              99% <= 92.00
            99.9% <= 181.00
sub-status-rtt-nodeNN
             count = 1442
               min = 1
               max = 218
              mean = 38.00
            stddev = 15.76
            median = 35.00
              75% <= 44.00
              95% <= 66.00
              98% <= 75.00
              99% <= 88.00
            99.9% <= 192.00
sub-status-rtt-nodeO
             count = 1381
               min = 1
               max = 181
              mean = 38.74
            stddev = 17.00
            median = 35.00
              75% <= 46.00
              95% <= 68.00
              98% <= 83.00
              99% <= 91.00
            99.9% <= 146.00

-- Meters ----------------------------------------------------------------------
pub-interest-rate-nodeP-blocks-sync
             count = 118
         mean rate = 2.34 events/second
     1-minute rate = 1.91 events/second
     5-minute rate = 1.21 events/second
    15-minute rate = 1.07 events/second
pub-interest-rate-nodeP-projectiles-sync
             count = 206
         mean rate = 4.08 events/second
     1-minute rate = 4.47 events/second
     5-minute rate = 5.02 events/second
    15-minute rate = 5.14 events/second
pub-interest-rate-nodeP-status-sync
             count = 1515
         mean rate = 29.97 events/second
     1-minute rate = 30.72 events/second
     5-minute rate = 31.52 events/second
    15-minute rate = 31.70 events/second


 WARN [bp-queue-proc-/com/stefanolupo/ndngame/0/nodeP/blocks/sync-1] (BasePublisher.java:98) - /com/stefanolupo/ndngame/0/nodeP/blocks/sync: Saw duplicate sn requests
 WARN [bp-queue-proc-/com/stefanolupo/ndngame/0/nodeP/blocks/sync-1] (BasePublisher.java:99) - [8=8, 1=16, 9=8, 10=8, 4=17, 7=2, 0=39, 12=5, 11=7, 5=8]
 WARN [bp-queue-proc-/com/stefanolupo/ndngame/0/nodeP/status/sync-1] (BasePublisher.java:98) - /com/stefanolupo/ndngame/0/nodeP/status/sync: Saw duplicate sn requests
 WARN [bp-queue-proc-/com/stefanolupo/ndngame/0/nodeP/status/sync-1] (BasePublisher.java:99) - [1280=2, 1408=2, 1025=2, 1793=2, 1670=2, 775=2, 1671=2, 0=9, 1294=2, 1676=2, 1682=2, 1555=2, 790=2, 1687=2, 1434=2, 1179=2, 1176=2, 1688=2, 1186=2, 294=2, 431=2, 945=2, 692=2, 569=2, 317=2, 1341=2, 1344=2, 1473=2, 582=2, 1476=2, 330=2, 1614=2, 1362=2, 1491=2, 1233=2, 1617=2, 1238=2, 852=2, 1501=2, 1765=2, 1770=2, 1003=2, 1771=2, 1262=2, 495=2, 876=2, 493=2, 1266=2, 1779=2, 1655=2, 1269=2, 1530=2, 1272=2, 1529=2, 638=2, 1662=2, 383=2, 1533=2]
 WARN [HeadlessApplication] (ProjectileCollisionSystem.java:62) - Type component was null for collision with PROJECTILE
