DEBUG [main] (ConfigManager.java:33) - Initialized with properties: {local.player.status.updates.per.sec=30, facemanager.num.sub.threads.per.face=10, linear.interest.zone.filter.inner.radius=10, projectile.cache.size=20, local.player.status.use.dead.reckoning=true, block.publisher.freshness.period.ms=20, player.status.publisher.freshness.period.ms=20, base.publisher.queue.process.per.sec=60, projectile.sub.inter.interest.max.wait.time.ms=30, linear.interest.zone.filter.outer.radius=20, local.player.dead.reckoning.max.error=0.5, projectile.publisher.queue.process.multithread=true, statistics.logger.log.rate.sec=30, facemanager.max.num.pub.faces=1, facemanager.num.pub.threads.per.face=10, facemanager.max.num.sub.faces=1, block.sub.inter.interest.max.wait.time.ms=2000, projectile.publisher.queue.process.per.sec=60, base.publisher.queue.process.multithread=true, player.sub.inter.interest.max.wait.time.ms=30, linear.interest.zone.filter.enabled=false, projectile.publisher.freshness.period.ms=20}
WARNING: An illegal reflective access operation has occurred
WARNING: Illegal reflective access by com.google.inject.internal.cglib.core.$ReflectUtils$2 (file:/NdnGame/NdnGameLibGdxDesktop-1.0-SNAPSHOT.jar) to method java.lang.ClassLoader.defineClass(java.lang.String,byte[],int,int,java.security.ProtectionDomain)
WARNING: Please consider reporting this to the maintainers of com.google.inject.internal.cglib.core.$ReflectUtils$2
WARNING: Use --illegal-access=warn to enable warnings of further illegal reflective access operations
WARNING: All illegal access operations will be denied in a future release
DEBUG [main] (BackendModule.java:123) - Writing metrics to /metrics/nodeD
 INFO [main] (DesktopLauncher.java:49) - Launching headless game
 INFO [main] (DesktopLauncher.java:50) - LocalConfig{playerName='nodeD', isMasterView=false, isAutomated=true, automationType='wsp', isHeadless=true, gameId=0, screenWidth=600, screenHeight=600, targetFrameRate=60}
DEBUG [main] (AutomatedInputController.java:52) - Starting with automation type: wsp
DEBUG [main] (BasePublisher.java:67) - Registering /com/stefanolupo/ndngame/0/nodeD/blocks/sync
DEBUG [main] (BasePublisher.java:67) - Registering /com/stefanolupo/ndngame/0/nodeD/status/sync
DEBUG [log-schedule-0] (LocalPlayerStatusSystem.java:150) - Null: 0, vel: 0, deadReckoning: 0, deadReckoningSkip: 0, actionable: NaN
Apr 07, 2019 10:42:21 PM net.named_data.jndn.Node$RegisterResponse onData
INFO: Register prefix succeeded with the NFD forwarder for prefix /com/stefanolupo/ndngame/0/nodeD/blocks/sync
Apr 07, 2019 10:42:21 PM net.named_data.jndn.Node$RegisterResponse onData
INFO: Register prefix succeeded with the NFD forwarder for prefix /com/stefanolupo/ndngame/0/nodeD/projectiles/sync
Apr 07, 2019 10:42:21 PM net.named_data.jndn.Node$RegisterResponse onData
INFO: Register prefix failed: Expected NFD status code 200, got: 403
 WARN [fm-pub-0-4] (FaceManager.java:150) - Failed to register prefix: /com/stefanolupo/ndngame/0/nodeD/status/sync, retrying..
Apr 07, 2019 10:42:21 PM net.named_data.jndn.Node$RegisterResponse onData
INFO: Register prefix failed: Expected NFD status code 200, got: 403
 WARN [fm-pub-0-7] (FaceManager.java:150) - Failed to register prefix: /com/stefanolupo/ndngame/0/nodeD/blocks/interact, retrying..
Apr 07, 2019 10:42:21 PM net.named_data.jndn.Node$RegisterResponse onData
INFO: Register prefix succeeded with the NFD forwarder for prefix /com/stefanolupo/ndngame/0/nodeD/projectiles/interact
Apr 07, 2019 10:42:21 PM net.named_data.jndn.Node$RegisterResponse onData
INFO: Register prefix succeeded with the NFD forwarder for prefix /com/stefanolupo/ndngame/0/nodeD/status/sync
Apr 07, 2019 10:42:21 PM net.named_data.jndn.Node$RegisterResponse onData
INFO: Register prefix succeeded with the NFD forwarder for prefix /com/stefanolupo/ndngame/0/nodeD/blocks/interact
Apr 07, 2019 10:42:25 PM net.named_data.jndn.Node$RegisterResponse onData
INFO: Register prefix succeeded with the NFD forwarder for prefix /com/stefanolupo/ndngame/0/config/broadcast
Apr 07, 2019 10:42:25 PM net.named_data.jndn.Node$RegisterResponse onData
INFO: Register prefix succeeded with the NFD forwarder for prefix /com/stefanolupo/ndngame/0/config/nodeD
 INFO [cs-/com/stefanolupo/ndngame/0/config/nodeD-0] (ChronoSynced.java:93) - Initialized ChronoSyncedMap for /com/stefanolupo/ndngame/0/config/nodeD
Apr 07, 2019 10:42:26 PM net.named_data.jndn.Node$RegisterResponse onData
INFO: Register prefix succeeded with the NFD forwarder for prefix /com/stefanolupo/ndngame/0/discovery/broadcast
Apr 07, 2019 10:42:26 PM net.named_data.jndn.Node$RegisterResponse onData
INFO: Register prefix succeeded with the NFD forwarder for prefix /com/stefanolupo/ndngame/0/discovery/nodeD
 INFO [cs-/com/stefanolupo/ndngame/0/discovery/nodeD-0] (ChronoSynced.java:93) - Initialized ChronoSyncedMap for /com/stefanolupo/ndngame/0/discovery/nodeD
DEBUG [log-schedule-0] (LocalPlayerStatusSystem.java:150) - Null: 0, vel: 0, deadReckoning: 0, deadReckoningSkip: 0, actionable: NaN
DEBUG [bp-queue-proc-/com/stefanolupo/ndngame/0/nodeD/blocks/sync-1] (BasePublisher.java:96) - /com/stefanolupo/ndngame/0/nodeD/blocks/sync: No duplicate SN requests seen
DEBUG [bp-queue-proc-/com/stefanolupo/ndngame/0/nodeD/status/sync-1] (BasePublisher.java:96) - /com/stefanolupo/ndngame/0/nodeD/status/sync: No duplicate SN requests seen
DEBUG [log-schedule-0] (LocalPlayerStatusSystem.java:150) - Null: 0, vel: 0, deadReckoning: 0, deadReckoningSkip: 0, actionable: NaN
4/7/19, 10:42:51 PM ============================================================

-- Gauges ----------------------------------------------------------------------
pub-update-percentage-nodeD-blocks-sync
             value = 0.0
pub-update-percentage-nodeD-status-sync
             value = 0.0

-- Counters --------------------------------------------------------------------
dr-counter-null
             count = 0
dr-counter-skip
             count = 0
dr-counter-threshold
             count = 0
dr-counter-velocity
             count = 0


DEBUG [log-schedule-0] (LocalPlayerStatusSystem.java:150) - Null: 0, vel: 0, deadReckoning: 0, deadReckoningSkip: 0, actionable: NaN
DEBUG [bp-queue-proc-/com/stefanolupo/ndngame/0/nodeD/blocks/sync-1] (BasePublisher.java:96) - /com/stefanolupo/ndngame/0/nodeD/blocks/sync: No duplicate SN requests seen
DEBUG [bp-queue-proc-/com/stefanolupo/ndngame/0/nodeD/status/sync-1] (BasePublisher.java:96) - /com/stefanolupo/ndngame/0/nodeD/status/sync: No duplicate SN requests seen
DEBUG [log-schedule-0] (LocalPlayerStatusSystem.java:150) - Null: 0, vel: 0, deadReckoning: 0, deadReckoningSkip: 0, actionable: NaN
DEBUG [log-schedule-0] (LocalPlayerStatusSystem.java:150) - Null: 0, vel: 0, deadReckoning: 0, deadReckoningSkip: 0, actionable: NaN
4/7/19, 10:43:21 PM ============================================================

-- Gauges ----------------------------------------------------------------------
pub-update-percentage-nodeD-blocks-sync
             value = 0.0011160714285714285
pub-update-percentage-nodeD-status-sync
             value = 0.0

-- Counters --------------------------------------------------------------------
dr-counter-null
             count = 0
dr-counter-skip
             count = 0
dr-counter-threshold
             count = 0
dr-counter-velocity
             count = 0


DEBUG [bp-queue-proc-/com/stefanolupo/ndngame/0/nodeD/blocks/sync-1] (BasePublisher.java:96) - /com/stefanolupo/ndngame/0/nodeD/blocks/sync: No duplicate SN requests seen
DEBUG [bp-queue-proc-/com/stefanolupo/ndngame/0/nodeD/status/sync-1] (BasePublisher.java:96) - /com/stefanolupo/ndngame/0/nodeD/status/sync: No duplicate SN requests seen
DEBUG [log-schedule-0] (LocalPlayerStatusSystem.java:150) - Null: 0, vel: 0, deadReckoning: 0, deadReckoningSkip: 0, actionable: NaN
 INFO [fm-pub-0-2] (ProjectilePublisher.java:133) - Creating interest meter
DEBUG [log-schedule-0] (LocalPlayerStatusSystem.java:150) - Null: 1, vel: 0, deadReckoning: 0, deadReckoningSkip: 1, actionable: 0.5
 INFO [cs-/com/stefanolupo/ndngame/0/discovery/nodeD-0] (PlayerStatusSubscriber.java:59) - Adding subscription for nodeB
 INFO [cs-/com/stefanolupo/ndngame/0/discovery/nodeD-0] (BlockSubscriber.java:54) - Adding subscription for /com/stefanolupo/ndngame/0/nodeB/blocks/sync/0/0/0
 INFO [cs-/com/stefanolupo/ndngame/0/discovery/nodeD-0] (ProjectileSubscriber.java:53) - Adding subscription for /com/stefanolupo/ndngame/0/nodeB/projectiles/sync/0/0/0
 INFO [cs-/com/stefanolupo/ndngame/0/discovery/nodeD-0] (PlayerStatusSubscriber.java:59) - Adding subscription for nodeC
 INFO [cs-/com/stefanolupo/ndngame/0/discovery/nodeD-0] (BlockSubscriber.java:54) - Adding subscription for /com/stefanolupo/ndngame/0/nodeC/blocks/sync/0/0/0
 INFO [cs-/com/stefanolupo/ndngame/0/discovery/nodeD-0] (ProjectileSubscriber.java:53) - Adding subscription for /com/stefanolupo/ndngame/0/nodeC/projectiles/sync/0/0/0
 INFO [cs-/com/stefanolupo/ndngame/0/discovery/nodeD-0] (PlayerStatusSubscriber.java:59) - Adding subscription for nodeA
 INFO [cs-/com/stefanolupo/ndngame/0/discovery/nodeD-0] (BlockSubscriber.java:54) - Adding subscription for /com/stefanolupo/ndngame/0/nodeA/blocks/sync/0/0/0
 INFO [cs-/com/stefanolupo/ndngame/0/discovery/nodeD-0] (ProjectileSubscriber.java:53) - Adding subscription for /com/stefanolupo/ndngame/0/nodeA/projectiles/sync/0/0/0
ERROR [HeadlessApplication] (ProjectileCollisionSystem.java:62) - Type component was null for collision with PROJECTILE
DEBUG [HeadlessApplication] (ProjectileCollisionSystem.java:108) - Bullet hit me, notifying owner and decreasing my health
DEBUG [HeadlessApplication] (ProjectileCollisionSystem.java:108) - Bullet hit me, notifying owner and decreasing my health
 WARN [bp-queue-proc-/com/stefanolupo/ndngame/0/nodeD/blocks/sync-1] (BasePublisher.java:98) - /com/stefanolupo/ndngame/0/nodeD/blocks/sync: Saw duplicate sn requests
 WARN [bp-queue-proc-/com/stefanolupo/ndngame/0/nodeD/blocks/sync-1] (BasePublisher.java:99) - [0=3, 6=5, 9=3]
 WARN [bp-queue-proc-/com/stefanolupo/ndngame/0/nodeD/status/sync-1] (BasePublisher.java:98) - /com/stefanolupo/ndngame/0/nodeD/status/sync: Saw duplicate sn requests
 WARN [bp-queue-proc-/com/stefanolupo/ndngame/0/nodeD/status/sync-1] (BasePublisher.java:99) - [0=3, 75=2, 90=3, 111=2]
DEBUG [log-schedule-0] (LocalPlayerStatusSystem.java:150) - Null: 3, vel: 24, deadReckoning: 89, deadReckoningSkip: 178, actionable: 0.39455783
4/7/19, 10:43:51 PM ============================================================

-- Gauges ----------------------------------------------------------------------
pub-update-percentage-nodeD-blocks-sync
             value = 0.0035289747399702824
pub-update-percentage-nodeD-status-sync
             value = 0.05034367453093071

-- Counters --------------------------------------------------------------------
dr-counter-null
             count = 3
dr-counter-skip
             count = 302
dr-counter-threshold
             count = 216
dr-counter-velocity
             count = 53
sub-blocks-interestscounter-nodeA
             count = 15
sub-blocks-interestscounter-nodeB
             count = 17
sub-blocks-interestscounter-nodeC
             count = 16
sub-projectiles-interestscounter-nodeA
             count = 23
sub-projectiles-interestscounter-nodeB
             count = 26
sub-projectiles-interestscounter-nodeC
             count = 27
sub-status-interestscounter-nodeA
             count = 244
sub-status-interestscounter-nodeB
             count = 242
sub-status-interestscounter-nodeC
             count = 267

-- Histograms ------------------------------------------------------------------
eng-status-delta-nodeA
             count = 236
               min = 0
               max = 134
              mean = 7.24
            stddev = 16.50
            median = 0.00
              75% <= 11.00
              95% <= 31.00
              98% <= 56.00
              99% <= 109.00
            99.9% <= 134.00
eng-status-delta-nodeB
             count = 232
               min = 0
               max = 136
              mean = 9.92
            stddev = 20.44
            median = 0.00
              75% <= 11.00
              95% <= 47.00
              98% <= 95.00
              99% <= 104.00
            99.9% <= 136.00
eng-status-delta-nodeC
             count = 262
               min = 0
               max = 269
              mean = 12.23
            stddev = 30.72
            median = 0.00
              75% <= 11.00
              95% <= 56.00
              98% <= 122.00
              99% <= 126.00
            99.9% <= 269.00
sub-blocks-rtt-nodeA
             count = 3
               min = 59
               max = 988
              mean = 549.50
            stddev = 380.94
            median = 524.00
              75% <= 988.00
              95% <= 988.00
              98% <= 988.00
              99% <= 988.00
            99.9% <= 988.00
sub-blocks-rtt-nodeB
             count = 2
               min = 128
               max = 317
              mean = 212.61
            stddev = 93.98
            median = 128.00
              75% <= 317.00
              95% <= 317.00
              98% <= 317.00
              99% <= 317.00
            99.9% <= 317.00
sub-blocks-rtt-nodeC
             count = 3
               min = 15
               max = 591
              mean = 352.11
            stddev = 245.08
            median = 442.00
              75% <= 591.00
              95% <= 591.00
              98% <= 591.00
              99% <= 591.00
            99.9% <= 591.00
sub-projectiles-rtt-nodeA
             count = 12
               min = 29
               max = 999
              mean = 603.40
            stddev = 273.45
            median = 600.00
              75% <= 799.00
              95% <= 999.00
              98% <= 999.00
              99% <= 999.00
            99.9% <= 999.00
sub-projectiles-rtt-nodeB
             count = 12
               min = 8
               max = 982
              mean = 471.54
            stddev = 340.39
            median = 532.00
              75% <= 683.00
              95% <= 982.00
              98% <= 982.00
              99% <= 982.00
            99.9% <= 982.00
sub-projectiles-rtt-nodeC
             count = 12
               min = 5
               max = 950
              mean = 360.57
            stddev = 326.86
            median = 335.00
              75% <= 533.00
              95% <= 950.00
              98% <= 950.00
              99% <= 950.00
            99.9% <= 950.00
sub-status-rtt-nodeA
             count = 241
               min = 7
               max = 1000
              mean = 64.06
            stddev = 123.63
            median = 33.00
              75% <= 34.00
              95% <= 383.00
              98% <= 517.00
              99% <= 733.00
            99.9% <= 1000.00
sub-status-rtt-nodeB
             count = 237
               min = 5
               max = 784
              mean = 58.32
            stddev = 101.30
            median = 33.00
              75% <= 49.00
              95% <= 83.00
              98% <= 550.00
              99% <= 551.00
            99.9% <= 784.00
sub-status-rtt-nodeC
             count = 264
               min = 13
               max = 983
              mean = 63.49
            stddev = 123.23
            median = 33.00
              75% <= 42.00
              95% <= 289.00
              98% <= 533.00
              99% <= 754.00
            99.9% <= 983.00

-- Meters ----------------------------------------------------------------------
pub-interest-rate-nodeD-blocks-sync
             count = 23
         mean rate = 1.16 events/second
     1-minute rate = 1.01 events/second
     5-minute rate = 1.00 events/second
    15-minute rate = 1.00 events/second
pub-interest-rate-nodeD-projectiles-sync
             count = 25
         mean rate = 1.26 events/second
     1-minute rate = 1.38 events/second
     5-minute rate = 1.40 events/second
    15-minute rate = 1.40 events/second
pub-interest-rate-nodeD-status-sync
             count = 281
         mean rate = 14.21 events/second
     1-minute rate = 16.53 events/second
     5-minute rate = 17.05 events/second
    15-minute rate = 17.15 events/second


DEBUG [log-schedule-0] (LocalPlayerStatusSystem.java:150) - Null: 3, vel: 54, deadReckoning: 224, deadReckoningSkip: 302, actionable: 0.4819897
 WARN [bp-queue-proc-/com/stefanolupo/ndngame/0/nodeD/blocks/sync-1] (BasePublisher.java:98) - /com/stefanolupo/ndngame/0/nodeD/blocks/sync: Saw duplicate sn requests
 WARN [bp-queue-proc-/com/stefanolupo/ndngame/0/nodeD/blocks/sync-1] (BasePublisher.java:99) - [0=3, 17=2, 6=5, 18=5, 20=3, 19=9, 15=2, 9=6]
 WARN [bp-queue-proc-/com/stefanolupo/ndngame/0/nodeD/status/sync-1] (BasePublisher.java:98) - /com/stefanolupo/ndngame/0/nodeD/status/sync: Saw duplicate sn requests
 WARN [bp-queue-proc-/com/stefanolupo/ndngame/0/nodeD/status/sync-1] (BasePublisher.java:99) - [192=2, 0=3, 372=3, 75=2, 90=3, 235=2, 424=2, 111=3]
DEBUG [log-schedule-0] (LocalPlayerStatusSystem.java:150) - Null: 3, vel: 74, deadReckoning: 347, deadReckoningSkip: 450, actionable: 0.48512587
DEBUG [log-schedule-0] (LocalPlayerStatusSystem.java:150) - Null: 3, vel: 97, deadReckoning: 517, deadReckoningSkip: 540, actionable: 0.5332757
DEBUG [HeadlessApplication] (ProjectileCollisionSystem.java:108) - Bullet hit me, notifying owner and decreasing my health
4/7/19, 10:44:21 PM ============================================================

-- Gauges ----------------------------------------------------------------------
pub-update-percentage-nodeD-blocks-sync
             value = 0.0037583518930957684
pub-update-percentage-nodeD-status-sync
             value = 0.10664067938187387

-- Counters --------------------------------------------------------------------
dr-counter-null
             count = 3
dr-counter-skip
             count = 667
dr-counter-threshold
             count = 642
dr-counter-velocity
             count = 122
sub-blocks-interestscounter-nodeA
             count = 43
sub-blocks-interestscounter-nodeB
             count = 45
sub-blocks-interestscounter-nodeC
             count = 45
sub-projectiles-interestscounter-nodeA
             count = 61
sub-projectiles-interestscounter-nodeB
             count = 66
sub-projectiles-interestscounter-nodeC
             count = 66
sub-status-interestscounter-nodeA
             count = 744
sub-status-interestscounter-nodeB
             count = 693
sub-status-interestscounter-nodeC
             count = 753

-- Histograms ------------------------------------------------------------------
eng-status-delta-nodeA
             count = 731
               min = 0
               max = 134
              mean = 6.11
            stddev = 13.44
            median = 0.00
              75% <= 11.00
              95% <= 31.00
              98% <= 44.00
              99% <= 61.00
            99.9% <= 134.00
eng-status-delta-nodeB
             count = 674
               min = 0
               max = 281
              mean = 7.45
            stddev = 21.41
            median = 0.00
              75% <= 11.00
              95% <= 33.00
              98% <= 50.00
              99% <= 104.00
            99.9% <= 281.00
eng-status-delta-nodeC
             count = 744
               min = 0
               max = 279
              mean = 9.67
            stddev = 25.01
            median = 0.00
              75% <= 11.00
              95% <= 44.00
              98% <= 86.00
              99% <= 122.00
            99.9% <= 279.00
sub-blocks-rtt-nodeA
             count = 5
               min = 59
               max = 988
              mean = 407.28
            stddev = 318.89
            median = 452.00
              75% <= 524.00
              95% <= 988.00
              98% <= 988.00
              99% <= 988.00
            99.9% <= 988.00
sub-blocks-rtt-nodeB
             count = 4
               min = 59
               max = 921
              mean = 422.86
            stddev = 377.91
            median = 317.00
              75% <= 921.00
              95% <= 921.00
              98% <= 921.00
              99% <= 921.00
            99.9% <= 921.00
sub-blocks-rtt-nodeC
             count = 4
               min = 15
               max = 591
              mean = 344.92
            stddev = 201.56
            median = 330.00
              75% <= 442.00
              95% <= 591.00
              98% <= 591.00
              99% <= 591.00
            99.9% <= 591.00
sub-projectiles-rtt-nodeA
             count = 26
               min = 16
               max = 999
              mean = 492.23
            stddev = 282.40
            median = 517.00
              75% <= 666.00
              95% <= 999.00
              98% <= 999.00
              99% <= 999.00
            99.9% <= 999.00
sub-projectiles-rtt-nodeB
             count = 27
               min = 8
               max = 982
              mean = 371.23
            stddev = 289.76
            median = 460.00
              75% <= 582.00
              95% <= 966.00
              98% <= 982.00
              99% <= 982.00
            99.9% <= 982.00
sub-projectiles-rtt-nodeC
             count = 27
               min = 5
               max = 985
              mean = 401.16
            stddev = 336.39
            median = 491.00
              75% <= 616.00
              95% <= 983.00
              98% <= 985.00
              99% <= 985.00
            99.9% <= 985.00
sub-status-rtt-nodeA
             count = 737
               min = 7
               max = 1000
              mean = 55.96
            stddev = 103.81
            median = 33.00
              75% <= 34.00
              95% <= 71.00
              98% <= 500.00
              99% <= 574.00
            99.9% <= 1000.00
sub-status-rtt-nodeB
             count = 681
               min = 0
               max = 816
              mean = 55.09
            stddev = 96.30
            median = 33.00
              75% <= 40.00
              95% <= 83.00
              98% <= 491.00
              99% <= 564.00
            99.9% <= 816.00
sub-status-rtt-nodeC
             count = 747
               min = 1
               max = 983
              mean = 57.88
            stddev = 106.11
            median = 33.00
              75% <= 38.00
              95% <= 83.00
              98% <= 516.00
              99% <= 733.00
            99.9% <= 817.00

-- Meters ----------------------------------------------------------------------
pub-interest-rate-nodeD-blocks-sync
             count = 73
         mean rate = 1.47 events/second
     1-minute rate = 1.26 events/second
     5-minute rate = 1.06 events/second
    15-minute rate = 1.02 events/second
pub-interest-rate-nodeD-projectiles-sync
             count = 69
         mean rate = 1.39 events/second
     1-minute rate = 1.40 events/second
     5-minute rate = 1.39 events/second
    15-minute rate = 1.40 events/second
pub-interest-rate-nodeD-status-sync
             count = 782
         mean rate = 15.71 events/second
     1-minute rate = 16.58 events/second
     5-minute rate = 17.00 events/second
    15-minute rate = 17.13 events/second


 WARN [bp-queue-proc-/com/stefanolupo/ndngame/0/nodeD/blocks/sync-1] (BasePublisher.java:98) - /com/stefanolupo/ndngame/0/nodeD/blocks/sync: Saw duplicate sn requests
 WARN [bp-queue-proc-/com/stefanolupo/ndngame/0/nodeD/blocks/sync-1] (BasePublisher.java:99) - [0=3, 6=5, 17=2, 23=4, 18=5, 19=10, 26=3, 21=14, 15=2, 25=7, 9=6, 20=11]
 WARN [bp-queue-proc-/com/stefanolupo/ndngame/0/nodeD/status/sync-1] (BasePublisher.java:98) - /com/stefanolupo/ndngame/0/nodeD/status/sync: Saw duplicate sn requests
 WARN [bp-queue-proc-/com/stefanolupo/ndngame/0/nodeD/status/sync-1] (BasePublisher.java:99) - [192=2, 0=3, 726=2, 758=2, 372=3, 75=2, 90=3, 235=2, 424=2, 440=2, 649=2, 111=3]
DEBUG [log-schedule-0] (LocalPlayerStatusSystem.java:150) - Null: 3, vel: 123, deadReckoning: 649, deadReckoningSkip: 667, actionable: 0.537448
DEBUG [HeadlessApplication] (ProjectileCollisionSystem.java:108) - Bullet hit me, notifying owner and decreasing my health
DEBUG [log-schedule-0] (LocalPlayerStatusSystem.java:150) - Null: 3, vel: 148, deadReckoning: 813, deadReckoningSkip: 765, actionable: 0.5575477
 WARN [bp-queue-proc-/com/stefanolupo/ndngame/0/nodeD/blocks/sync-1] (BasePublisher.java:98) - /com/stefanolupo/ndngame/0/nodeD/blocks/sync: Saw duplicate sn requests
 WARN [bp-queue-proc-/com/stefanolupo/ndngame/0/nodeD/blocks/sync-1] (BasePublisher.java:99) - [0=3, 6=5, 25=19, 15=2, 9=6, 26=10, 17=2, 23=4, 28=8, 27=13, 18=5, 19=10, 21=14, 20=11]
 WARN [bp-queue-proc-/com/stefanolupo/ndngame/0/nodeD/status/sync-1] (BasePublisher.java:98) - /com/stefanolupo/ndngame/0/nodeD/status/sync: Saw duplicate sn requests
 WARN [bp-queue-proc-/com/stefanolupo/ndngame/0/nodeD/status/sync-1] (BasePublisher.java:99) - [192=2, 1024=2, 0=3, 1159=2, 938=2, 75=2, 235=2, 424=2, 649=2, 111=3, 979=2, 1040=2, 726=2, 758=2, 372=3, 1050=2, 90=3, 440=2, 797=2]
DEBUG [log-schedule-0] (LocalPlayerStatusSystem.java:150) - Null: 3, vel: 173, deadReckoning: 983, deadReckoningSkip: 867, actionable: 0.5720632
4/7/19, 10:44:51 PM ============================================================

-- Gauges ----------------------------------------------------------------------
pub-update-percentage-nodeD-blocks-sync
             value = 0.0033392698130008903
pub-update-percentage-nodeD-status-sync
             value = 0.14271401536235112

-- Counters --------------------------------------------------------------------
dr-counter-null
             count = 3
dr-counter-skip
             count = 1024
dr-counter-threshold
             count = 1092
dr-counter-velocity
             count = 190
sub-blocks-interestscounter-nodeA
             count = 73
sub-blocks-interestscounter-nodeB
             count = 74
sub-blocks-interestscounter-nodeC
             count = 75
sub-projectiles-interestscounter-nodeA
             count = 97
sub-projectiles-interestscounter-nodeB
             count = 103
sub-projectiles-interestscounter-nodeC
             count = 102
sub-status-interestscounter-nodeA
             count = 1273
sub-status-interestscounter-nodeB
             count = 1190
sub-status-interestscounter-nodeC
             count = 1251

-- Histograms ------------------------------------------------------------------
eng-status-delta-nodeA
             count = 1257
               min = 0
               max = 134
              mean = 5.02
            stddev = 10.90
            median = 0.00
              75% <= 11.00
              95% <= 25.00
              98% <= 31.00
              99% <= 44.00
            99.9% <= 122.00
eng-status-delta-nodeB
             count = 1167
               min = 0
               max = 281
              mean = 5.34
            stddev = 13.46
            median = 0.00
              75% <= 11.00
              95% <= 25.00
              98% <= 40.00
              99% <= 47.00
            99.9% <= 112.00
eng-status-delta-nodeC
             count = 1236
               min = 0
               max = 279
              mean = 8.45
            stddev = 23.66
            median = 0.00
              75% <= 11.00
              95% <= 40.00
              98% <= 75.00
              99% <= 112.00
            99.9% <= 269.00
sub-blocks-rtt-nodeA
             count = 5
               min = 59
               max = 988
              mean = 407.28
            stddev = 318.89
            median = 452.00
              75% <= 524.00
              95% <= 988.00
              98% <= 988.00
              99% <= 988.00
            99.9% <= 988.00
sub-blocks-rtt-nodeB
             count = 5
               min = 59
               max = 921
              mean = 343.11
            stddev = 345.56
            median = 137.00
              75% <= 921.00
              95% <= 921.00
              98% <= 921.00
              99% <= 921.00
            99.9% <= 921.00
sub-blocks-rtt-nodeC
             count = 4
               min = 15
               max = 591
              mean = 344.92
            stddev = 201.56
            median = 330.00
              75% <= 442.00
              95% <= 591.00
              98% <= 591.00
              99% <= 591.00
            99.9% <= 591.00
sub-projectiles-rtt-nodeA
             count = 39
               min = 15
               max = 999
              mean = 540.16
            stddev = 276.63
            median = 517.00
              75% <= 767.00
              95% <= 999.00
              98% <= 999.00
              99% <= 999.00
            99.9% <= 999.00
sub-projectiles-rtt-nodeB
             count = 42
               min = 8
               max = 999
              mean = 459.00
            stddev = 281.60
            median = 516.00
              75% <= 616.00
              95% <= 982.00
              98% <= 999.00
              99% <= 999.00
            99.9% <= 999.00
sub-projectiles-rtt-nodeC
             count = 41
               min = 5
               max = 985
              mean = 476.54
            stddev = 299.94
            median = 516.00
              75% <= 666.00
              95% <= 983.00
              98% <= 983.00
              99% <= 985.00
            99.9% <= 985.00
sub-status-rtt-nodeA
             count = 1263
               min = 8
               max = 953
              mean = 52.83
            stddev = 94.75
            median = 33.00
              75% <= 34.00
              95% <= 67.00
              98% <= 433.00
              99% <= 533.00
            99.9% <= 953.00
sub-status-rtt-nodeB
             count = 1174
               min = 0
               max = 950
              mean = 52.40
            stddev = 91.90
            median = 33.00
              75% <= 34.00
              95% <= 67.00
              98% <= 417.00
              99% <= 533.00
            99.9% <= 950.00
sub-status-rtt-nodeC
             count = 1241
               min = 7
               max = 933
              mean = 52.08
            stddev = 89.18
            median = 33.00
              75% <= 35.00
              95% <= 73.00
              98% <= 400.00
              99% <= 532.00
            99.9% <= 933.00

-- Meters ----------------------------------------------------------------------
pub-interest-rate-nodeD-blocks-sync
             count = 132
         mean rate = 1.65 events/second
     1-minute rate = 1.54 events/second
     5-minute rate = 1.15 events/second
    15-minute rate = 1.05 events/second
pub-interest-rate-nodeD-projectiles-sync
             count = 108
         mean rate = 1.35 events/second
     1-minute rate = 1.32 events/second
     5-minute rate = 1.38 events/second
    15-minute rate = 1.39 events/second
pub-interest-rate-nodeD-status-sync
             count = 1308
         mean rate = 16.40 events/second
     1-minute rate = 17.33 events/second
     5-minute rate = 17.14 events/second
    15-minute rate = 17.17 events/second


DEBUG [log-schedule-0] (LocalPlayerStatusSystem.java:150) - Null: 3, vel: 192, deadReckoning: 1093, deadReckoningSkip: 1029, actionable: 0.5558912
 WARN [bp-queue-proc-/com/stefanolupo/ndngame/0/nodeD/blocks/sync-1] (BasePublisher.java:98) - /com/stefanolupo/ndngame/0/nodeD/blocks/sync: Saw duplicate sn requests
 WARN [bp-queue-proc-/com/stefanolupo/ndngame/0/nodeD/blocks/sync-1] (BasePublisher.java:99) - [27=26, 0=3, 6=5, 28=21, 15=2, 9=6, 26=10, 17=2, 23=4, 18=5, 19=10, 21=14, 25=34, 20=11]
 WARN [bp-queue-proc-/com/stefanolupo/ndngame/0/nodeD/status/sync-1] (BasePublisher.java:98) - /com/stefanolupo/ndngame/0/nodeD/status/sync: Saw duplicate sn requests
 WARN [bp-queue-proc-/com/stefanolupo/ndngame/0/nodeD/status/sync-1] (BasePublisher.java:99) - [192=2, 1024=2, 0=3, 1159=2, 1285=3, 938=2, 75=2, 235=2, 424=2, 649=2, 111=3, 1164=2, 979=2, 1040=2, 726=2, 758=2, 372=3, 1050=2, 90=3, 440=2, 797=2]
DEBUG [log-schedule-0] (LocalPlayerStatusSystem.java:150) - Null: 3, vel: 216, deadReckoning: 1257, deadReckoningSkip: 1127, actionable: 0.56703806
DEBUG [log-schedule-0] (LocalPlayerStatusSystem.java:150) - Null: 3, vel: 239, deadReckoning: 1366, deadReckoningSkip: 1282, actionable: 0.5564014
ERROR [HeadlessApplication] (ProjectileCollisionSystem.java:62) - Type component was null for collision with PROJECTILE
4/7/19, 10:45:21 PM ============================================================

-- Gauges ----------------------------------------------------------------------
pub-update-percentage-nodeD-blocks-sync
             value = 0.003060089020771513
pub-update-percentage-nodeD-status-sync
             value = 0.16108689604006307

-- Counters --------------------------------------------------------------------
dr-counter-null
             count = 3
dr-counter-skip
             count = 1428
dr-counter-threshold
             count = 1478
dr-counter-velocity
             count = 260
sub-blocks-interestscounter-nodeA
             count = 101
sub-blocks-interestscounter-nodeB
             count = 104
sub-blocks-interestscounter-nodeC
             count = 103
sub-projectiles-interestscounter-nodeA
             count = 137
sub-projectiles-interestscounter-nodeB
             count = 142
sub-projectiles-interestscounter-nodeC
             count = 142
sub-status-interestscounter-nodeA
             count = 1678
sub-status-interestscounter-nodeB
             count = 1631
sub-status-interestscounter-nodeC
             count = 1685

-- Histograms ------------------------------------------------------------------
eng-status-delta-nodeA
             count = 1654
               min = 0
               max = 401
              mean = 6.01
            stddev = 20.31
            median = 0.00
              75% <= 11.00
              95% <= 31.00
              98% <= 35.00
              99% <= 71.00
            99.9% <= 401.00
eng-status-delta-nodeB
             count = 1600
               min = 0
               max = 212
              mean = 6.31
            stddev = 15.97
            median = 0.00
              75% <= 11.00
              95% <= 31.00
              98% <= 47.00
              99% <= 70.00
            99.9% <= 212.00
eng-status-delta-nodeC
             count = 1662
               min = 0
               max = 279
              mean = 8.40
            stddev = 21.15
            median = 0.00
              75% <= 11.00
              95% <= 35.00
              98% <= 75.00
              99% <= 111.00
            99.9% <= 266.00
sub-blocks-rtt-nodeA
             count = 7
               min = 59
               max = 988
              mean = 336.27
            stddev = 243.55
            median = 401.00
              75% <= 401.00
              95% <= 988.00
              98% <= 988.00
              99% <= 988.00
            99.9% <= 988.00
sub-blocks-rtt-nodeB
             count = 5
               min = 59
               max = 921
              mean = 343.11
            stddev = 345.56
            median = 137.00
              75% <= 921.00
              95% <= 921.00
              98% <= 921.00
              99% <= 921.00
            99.9% <= 921.00
sub-blocks-rtt-nodeC
             count = 6
               min = 1
               max = 723
              mean = 375.47
            stddev = 314.80
            median = 442.00
              75% <= 723.00
              95% <= 723.00
              98% <= 723.00
              99% <= 723.00
            99.9% <= 723.00
sub-projectiles-rtt-nodeA
             count = 58
               min = 15
               max = 999
              mean = 510.65
            stddev = 259.23
            median = 533.00
              75% <= 616.00
              95% <= 999.00
              98% <= 999.00
              99% <= 999.00
            99.9% <= 999.00
sub-projectiles-rtt-nodeB
             count = 60
               min = 8
               max = 999
              mean = 482.92
            stddev = 264.21
            median = 517.00
              75% <= 616.00
              95% <= 982.00
              98% <= 999.00
              99% <= 999.00
            99.9% <= 999.00
sub-projectiles-rtt-nodeC
             count = 59
               min = 5
               max = 1000
              mean = 467.22
            stddev = 290.38
            median = 517.00
              75% <= 633.00
              95% <= 983.00
              98% <= 1000.00
              99% <= 1000.00
            99.9% <= 1000.00
sub-status-rtt-nodeA
             count = 1661
               min = 5
               max = 953
              mean = 56.93
            stddev = 104.02
            median = 33.00
              75% <= 34.00
              95% <= 67.00
              98% <= 516.00
              99% <= 574.00
            99.9% <= 816.00
sub-status-rtt-nodeB
             count = 1608
               min = 0
               max = 950
              mean = 53.25
            stddev = 89.55
            median = 33.00
              75% <= 35.00
              95% <= 83.00
              98% <= 417.00
              99% <= 550.00
            99.9% <= 817.00
sub-status-rtt-nodeC
             count = 1668
               min = 7
               max = 933
              mean = 54.43
            stddev = 93.99
            median = 33.00
              75% <= 36.00
              95% <= 83.00
              98% <= 417.00
              99% <= 549.00
            99.9% <= 917.00

-- Meters ----------------------------------------------------------------------
pub-interest-rate-nodeD-blocks-sync
             count = 194
         mean rate = 1.77 events/second
     1-minute rate = 1.75 events/second
     5-minute rate = 1.23 events/second
    15-minute rate = 1.09 events/second
pub-interest-rate-nodeD-projectiles-sync
             count = 148
         mean rate = 1.35 events/second
     1-minute rate = 1.35 events/second
     5-minute rate = 1.38 events/second
    15-minute rate = 1.39 events/second
pub-interest-rate-nodeD-status-sync
             count = 1769
         mean rate = 16.12 events/second
     1-minute rate = 16.46 events/second
     5-minute rate = 16.94 events/second
    15-minute rate = 17.10 events/second


 WARN [bp-queue-proc-/com/stefanolupo/ndngame/0/nodeD/blocks/sync-1] (BasePublisher.java:98) - /com/stefanolupo/ndngame/0/nodeD/blocks/sync: Saw duplicate sn requests
 WARN [bp-queue-proc-/com/stefanolupo/ndngame/0/nodeD/blocks/sync-1] (BasePublisher.java:99) - [0=3, 6=5, 27=31, 32=8, 15=2, 9=6, 26=10, 17=2, 23=4, 31=12, 18=5, 19=10, 21=14, 25=37, 28=34, 20=11]
 WARN [bp-queue-proc-/com/stefanolupo/ndngame/0/nodeD/status/sync-1] (BasePublisher.java:98) - /com/stefanolupo/ndngame/0/nodeD/status/sync: Saw duplicate sn requests
 WARN [bp-queue-proc-/com/stefanolupo/ndngame/0/nodeD/status/sync-1] (BasePublisher.java:99) - [192=2, 1024=2, 0=3, 1159=2, 1285=3, 75=2, 1608=2, 649=2, 1164=2, 979=2, 1040=2, 726=2, 1050=2, 90=3, 1563=2, 797=2, 1511=2, 938=2, 235=2, 1642=3, 424=2, 111=3, 758=2, 372=3, 440=2]
DEBUG [log-schedule-0] (LocalPlayerStatusSystem.java:150) - Null: 3, vel: 260, deadReckoning: 1478, deadReckoningSkip: 1437, actionable: 0.5478288
DEBUG [HeadlessApplication] (ProjectileCollisionSystem.java:108) - Bullet hit me, notifying owner and decreasing my health
DEBUG [HeadlessApplication] (ProjectileCollisionSystem.java:108) - Bullet hit me, notifying owner and decreasing my health
DEBUG [log-schedule-0] (LocalPlayerStatusSystem.java:150) - Null: 3, vel: 285, deadReckoning: 1600, deadReckoningSkip: 1575, actionable: 0.545192
 WARN [bp-queue-proc-/com/stefanolupo/ndngame/0/nodeD/blocks/sync-1] (BasePublisher.java:98) - /com/stefanolupo/ndngame/0/nodeD/blocks/sync: Saw duplicate sn requests
 WARN [bp-queue-proc-/com/stefanolupo/ndngame/0/nodeD/blocks/sync-1] (BasePublisher.java:99) - [0=3, 6=5, 27=31, 34=11, 15=2, 9=6, 26=10, 28=46, 31=13, 17=2, 23=4, 32=21, 18=5, 19=10, 21=14, 25=37, 20=11]
 WARN [bp-queue-proc-/com/stefanolupo/ndngame/0/nodeD/status/sync-1] (BasePublisher.java:98) - /com/stefanolupo/ndngame/0/nodeD/status/sync: Saw duplicate sn requests
 WARN [bp-queue-proc-/com/stefanolupo/ndngame/0/nodeD/status/sync-1] (BasePublisher.java:99) - [192=2, 1024=2, 0=3, 1159=2, 1285=3, 75=2, 1608=2, 649=2, 1164=2, 1741=2, 979=2, 1040=2, 726=2, 1050=2, 90=3, 1563=2, 797=2, 1511=2, 938=2, 235=2, 1642=3, 424=2, 111=3, 758=2, 372=3, 1850=3, 440=2]
DEBUG [log-schedule-0] (LocalPlayerStatusSystem.java:150) - Null: 3, vel: 308, deadReckoning: 1748, deadReckoningSkip: 1687, actionable: 0.54965293
4/7/19, 10:45:51 PM ============================================================

-- Gauges ----------------------------------------------------------------------
pub-update-percentage-nodeD-blocks-sync
             value = 0.00270184361093452
pub-update-percentage-nodeD-status-sync
             value = 0.17825637765238814

-- Counters --------------------------------------------------------------------
dr-counter-null
             count = 3
dr-counter-skip
             count = 1769
dr-counter-threshold
             count = 1913
dr-counter-velocity
             count = 331
sub-blocks-interestscounter-nodeA
             count = 130
sub-blocks-interestscounter-nodeB
             count = 134
sub-blocks-interestscounter-nodeC
             count = 133
sub-projectiles-interestscounter-nodeA
             count = 174
sub-projectiles-interestscounter-nodeB
             count = 179
sub-projectiles-interestscounter-nodeC
             count = 179
sub-status-interestscounter-nodeA
             count = 2194
sub-status-interestscounter-nodeB
             count = 2139
sub-status-interestscounter-nodeC
             count = 2186

-- Histograms ------------------------------------------------------------------
eng-status-delta-nodeA
             count = 2166
               min = 0
               max = 401
              mean = 4.81
            stddev = 15.80
            median = 0.00
              75% <= 3.00
              95% <= 22.00
              98% <= 31.00
              99% <= 33.00
            99.9% <= 122.00
eng-status-delta-nodeB
             count = 2105
               min = 0
               max = 134
              mean = 4.66
            stddev = 10.82
            median = 0.00
              75% <= 11.00
              95% <= 22.00
              98% <= 34.00
              99% <= 47.00
            99.9% <= 133.00
eng-status-delta-nodeC
             count = 2159
               min = 0
               max = 279
              mean = 5.95
            stddev = 15.90
            median = 0.00
              75% <= 11.00
              95% <= 25.00
              98% <= 43.00
              99% <= 75.00
            99.9% <= 235.00
sub-blocks-rtt-nodeA
             count = 8
               min = 59
               max = 988
              mean = 483.72
            stddev = 328.85
            median = 401.00
              75% <= 917.00
              95% <= 988.00
              98% <= 988.00
              99% <= 988.00
            99.9% <= 988.00
sub-blocks-rtt-nodeB
             count = 5
               min = 59
               max = 921
              mean = 343.11
            stddev = 345.56
            median = 137.00
              75% <= 921.00
              95% <= 921.00
              98% <= 921.00
              99% <= 921.00
            99.9% <= 921.00
sub-blocks-rtt-nodeC
             count = 6
               min = 1
               max = 723
              mean = 375.47
            stddev = 314.80
            median = 442.00
              75% <= 723.00
              95% <= 723.00
              98% <= 723.00
              99% <= 723.00
            99.9% <= 723.00
sub-projectiles-rtt-nodeA
             count = 71
               min = 15
               max = 999
              mean = 484.87
            stddev = 286.43
            median = 517.00
              75% <= 666.00
              95% <= 990.00
              98% <= 999.00
              99% <= 999.00
            99.9% <= 999.00
sub-projectiles-rtt-nodeB
             count = 74
               min = 2
               max = 999
              mean = 460.26
            stddev = 289.96
            median = 516.00
              75% <= 683.00
              95% <= 968.00
              98% <= 999.00
              99% <= 999.00
            99.9% <= 999.00
sub-projectiles-rtt-nodeC
             count = 73
               min = 5
               max = 1000
              mean = 471.05
            stddev = 307.21
            median = 516.00
              75% <= 700.00
              95% <= 999.00
              98% <= 999.00
              99% <= 1000.00
            99.9% <= 1000.00
sub-status-rtt-nodeA
             count = 2174
               min = 5
               max = 953
              mean = 56.57
            stddev = 103.90
            median = 33.00
              75% <= 34.00
              95% <= 67.00
              98% <= 500.00
              99% <= 552.00
            99.9% <= 816.00
sub-status-rtt-nodeB
             count = 2114
               min = 0
               max = 950
              mean = 54.54
            stddev = 100.12
            median = 33.00
              75% <= 34.00
              95% <= 68.00
              98% <= 434.00
              99% <= 547.00
            99.9% <= 950.00
sub-status-rtt-nodeC
             count = 2166
               min = 5
               max = 933
              mean = 54.09
            stddev = 96.47
            median = 33.00
              75% <= 34.00
              95% <= 68.00
              98% <= 449.00
              99% <= 549.00
            99.9% <= 933.00

-- Meters ----------------------------------------------------------------------
pub-interest-rate-nodeD-blocks-sync
             count = 254
         mean rate = 1.82 events/second
     1-minute rate = 1.83 events/second
     5-minute rate = 1.30 events/second
    15-minute rate = 1.11 events/second
pub-interest-rate-nodeD-projectiles-sync
             count = 188
         mean rate = 1.35 events/second
     1-minute rate = 1.35 events/second
     5-minute rate = 1.38 events/second
    15-minute rate = 1.39 events/second
pub-interest-rate-nodeD-status-sync
             count = 2278
         mean rate = 16.30 events/second
     1-minute rate = 16.47 events/second
     5-minute rate = 16.87 events/second
    15-minute rate = 17.07 events/second


DEBUG [log-schedule-0] (LocalPlayerStatusSystem.java:150) - Null: 3, vel: 332, deadReckoning: 1920, deadReckoningSkip: 1769, actionable: 0.5603877
 WARN [bp-queue-proc-/com/stefanolupo/ndngame/0/nodeD/blocks/sync-1] (BasePublisher.java:98) - /com/stefanolupo/ndngame/0/nodeD/blocks/sync: Saw duplicate sn requests
 WARN [bp-queue-proc-/com/stefanolupo/ndngame/0/nodeD/blocks/sync-1] (BasePublisher.java:99) - [28=60, 0=3, 32=35, 6=5, 27=31, 15=2, 9=6, 26=10, 31=13, 17=2, 23=4, 18=5, 34=27, 19=10, 21=14, 25=37, 20=11]
 WARN [bp-queue-proc-/com/stefanolupo/ndngame/0/nodeD/status/sync-1] (BasePublisher.java:98) - /com/stefanolupo/ndngame/0/nodeD/status/sync: Saw duplicate sn requests
 WARN [bp-queue-proc-/com/stefanolupo/ndngame/0/nodeD/status/sync-1] (BasePublisher.java:99) - [192=2, 1024=2, 0=3, 1159=2, 1285=3, 75=2, 1608=2, 649=2, 1164=2, 1741=2, 979=2, 1040=2, 726=2, 1050=2, 90=3, 1563=2, 797=2, 2338=2, 1511=2, 2277=2, 938=2, 235=2, 1642=3, 424=2, 111=3, 758=2, 372=3, 1850=3, 440=2]
DEBUG [log-schedule-0] (LocalPlayerStatusSystem.java:150) - Null: 3, vel: 351, deadReckoning: 2000, deadReckoningSkip: 1974, actionable: 0.5439002
DEBUG [HeadlessApplication] (ProjectileCollisionSystem.java:108) - Bullet hit me, notifying owner and decreasing my health
DEBUG [HeadlessApplication] (ProjectileCollisionSystem.java:108) - Bullet hit me, notifying owner and decreasing my health
DEBUG [log-schedule-0] (LocalPlayerStatusSystem.java:150) - Null: 3, vel: 368, deadReckoning: 2141, deadReckoningSkip: 2101, actionable: 0.54454803
4/7/19, 10:46:21 PM ============================================================

-- Gauges ----------------------------------------------------------------------
pub-update-percentage-nodeD-blocks-sync
             value = 0.0027113459399332593
pub-update-percentage-nodeD-status-sync
             value = 0.18208996732253355

-- Counters --------------------------------------------------------------------
dr-counter-null
             count = 3
dr-counter-skip
             count = 2273
dr-counter-threshold
             count = 2235
dr-counter-velocity
             count = 386
sub-blocks-interestscounter-nodeA
             count = 158
sub-blocks-interestscounter-nodeB
             count = 162
sub-blocks-interestscounter-nodeC
             count = 161
sub-projectiles-interestscounter-nodeA
             count = 217
sub-projectiles-interestscounter-nodeB
             count = 223
sub-projectiles-interestscounter-nodeC
             count = 222
sub-status-interestscounter-nodeA
             count = 2572
sub-status-interestscounter-nodeB
             count = 2489
sub-status-interestscounter-nodeC
             count = 2546

-- Histograms ------------------------------------------------------------------
eng-status-delta-nodeA
             count = 2536
               min = 0
               max = 131
              mean = 5.96
            stddev = 14.32
            median = 0.00
              75% <= 11.00
              95% <= 31.00
              98% <= 42.00
              99% <= 71.00
            99.9% <= 131.00
eng-status-delta-nodeB
             count = 2445
               min = 0
               max = 310
              mean = 6.35
            stddev = 21.47
            median = 0.00
              75% <= 11.00
              95% <= 31.00
              98% <= 47.00
              99% <= 71.00
            99.9% <= 310.00
eng-status-delta-nodeC
             count = 2509
               min = 0
               max = 303
              mean = 6.97
            stddev = 21.11
            median = 0.00
              75% <= 11.00
              95% <= 29.00
              98% <= 67.00
              99% <= 112.00
            99.9% <= 303.00
sub-blocks-rtt-nodeA
             count = 10
               min = 8
               max = 988
              mean = 311.12
            stddev = 302.90
            median = 292.00
              75% <= 401.00
              95% <= 917.00
              98% <= 988.00
              99% <= 988.00
            99.9% <= 988.00
sub-blocks-rtt-nodeB
             count = 7
               min = 59
               max = 921
              mean = 441.21
            stddev = 254.81
            median = 296.00
              75% <= 700.00
              95% <= 921.00
              98% <= 921.00
              99% <= 921.00
            99.9% <= 921.00
sub-blocks-rtt-nodeC
             count = 8
               min = 1
               max = 806
              mean = 423.90
            stddev = 323.33
            median = 330.00
              75% <= 806.00
              95% <= 806.00
              98% <= 806.00
              99% <= 806.00
            99.9% <= 806.00
sub-projectiles-rtt-nodeA
             count = 92
               min = 15
               max = 999
              mean = 434.14
            stddev = 263.44
            median = 516.00
              75% <= 583.00
              95% <= 949.00
              98% <= 999.00
              99% <= 999.00
            99.9% <= 999.00
sub-projectiles-rtt-nodeB
             count = 95
               min = 2
               max = 999
              mean = 407.89
            stddev = 270.07
            median = 516.00
              75% <= 534.00
              95% <= 883.00
              98% <= 968.00
              99% <= 999.00
            99.9% <= 999.00
sub-projectiles-rtt-nodeC
             count = 94
               min = 5
               max = 1000
              mean = 438.30
            stddev = 269.32
            median = 516.00
              75% <= 558.00
              95% <= 953.00
              98% <= 999.00
              99% <= 999.00
            99.9% <= 1000.00
sub-status-rtt-nodeA
             count = 2544
               min = 5
               max = 967
              mean = 60.46
            stddev = 115.82
            median = 33.00
              75% <= 34.00
              95% <= 83.00
              98% <= 533.00
              99% <= 748.00
            99.9% <= 967.00
sub-status-rtt-nodeB
             count = 2454
               min = 0
               max = 950
              mean = 56.61
            stddev = 106.19
            median = 33.00
              75% <= 34.00
              95% <= 69.00
              98% <= 481.00
              99% <= 759.00
            99.9% <= 950.00
sub-status-rtt-nodeC
             count = 2517
               min = 5
               max = 967
              mean = 56.20
            stddev = 101.55
            median = 33.00
              75% <= 34.00
              95% <= 83.00
              98% <= 516.00
              99% <= 549.00
            99.9% <= 967.00

-- Meters ----------------------------------------------------------------------
pub-interest-rate-nodeD-blocks-sync
             count = 317
         mean rate = 1.87 events/second
     1-minute rate = 1.91 events/second
     5-minute rate = 1.37 events/second
    15-minute rate = 1.14 events/second
pub-interest-rate-nodeD-projectiles-sync
             count = 232
         mean rate = 1.37 events/second
     1-minute rate = 1.39 events/second
     5-minute rate = 1.39 events/second
    15-minute rate = 1.39 events/second
pub-interest-rate-nodeD-status-sync
             count = 2663
         mean rate = 15.69 events/second
     1-minute rate = 15.61 events/second
     5-minute rate = 16.62 events/second
    15-minute rate = 16.98 events/second


 WARN [bp-queue-proc-/com/stefanolupo/ndngame/0/nodeD/blocks/sync-1] (BasePublisher.java:98) - /com/stefanolupo/ndngame/0/nodeD/blocks/sync: Saw duplicate sn requests
 WARN [bp-queue-proc-/com/stefanolupo/ndngame/0/nodeD/blocks/sync-1] (BasePublisher.java:99) - [39=7, 36=5, 0=3, 6=5, 27=31, 32=38, 37=3, 15=2, 38=8, 9=6, 26=10, 31=13, 17=2, 23=4, 28=74, 18=5, 19=10, 21=14, 25=37, 34=28, 20=11]
 WARN [bp-queue-proc-/com/stefanolupo/ndngame/0/nodeD/status/sync-1] (BasePublisher.java:98) - /com/stefanolupo/ndngame/0/nodeD/status/sync: Saw duplicate sn requests
 WARN [bp-queue-proc-/com/stefanolupo/ndngame/0/nodeD/status/sync-1] (BasePublisher.java:99) - [2434=2, 192=2, 1024=2, 0=3, 1159=2, 1285=3, 75=2, 1608=2, 649=2, 1164=2, 1741=2, 2573=2, 979=2, 1040=2, 2512=2, 726=2, 1050=2, 90=3, 1563=2, 2586=3, 797=2, 2338=2, 1511=2, 2277=2, 938=2, 235=2, 1642=3, 424=2, 111=3, 2607=2, 758=2, 372=3, 1850=3, 440=2, 2556=2]
DEBUG [log-schedule-0] (LocalPlayerStatusSystem.java:150) - Null: 3, vel: 388, deadReckoning: 2242, deadReckoningSkip: 2273, actionable: 0.53668976
DEBUG [log-schedule-0] (LocalPlayerStatusSystem.java:150) - Null: 3, vel: 410, deadReckoning: 2327, deadReckoningSkip: 2458, actionable: 0.52712584
 WARN [bp-queue-proc-/com/stefanolupo/ndngame/0/nodeD/blocks/sync-1] (BasePublisher.java:98) - /com/stefanolupo/ndngame/0/nodeD/blocks/sync: Saw duplicate sn requests
 WARN [bp-queue-proc-/com/stefanolupo/ndngame/0/nodeD/blocks/sync-1] (BasePublisher.java:99) - [36=5, 0=3, 6=5, 27=31, 32=38, 37=3, 43=3, 15=2, 42=7, 9=6, 26=10, 31=13, 17=2, 23=4, 28=79, 39=19, 18=5, 38=17, 19=10, 21=14, 25=37, 34=28, 20=11]
 WARN [bp-queue-proc-/com/stefanolupo/ndngame/0/nodeD/status/sync-1] (BasePublisher.java:98) - /com/stefanolupo/ndngame/0/nodeD/status/sync: Saw duplicate sn requests
 WARN [bp-queue-proc-/com/stefanolupo/ndngame/0/nodeD/status/sync-1] (BasePublisher.java:99) - [2434=2, 192=2, 1024=2, 0=3, 1159=2, 1285=3, 75=2, 1608=2, 649=2, 1164=2, 1741=2, 2573=2, 979=2, 1040=2, 2512=2, 726=2, 1050=2, 90=3, 1563=2, 2586=3, 797=2, 2338=2, 1511=2, 2277=2, 938=2, 235=2, 1642=3, 424=2, 111=3, 2607=2, 758=2, 2740=2, 372=3, 1850=3, 440=2, 2681=2, 2556=2]
DEBUG [log-schedule-0] (LocalPlayerStatusSystem.java:150) - Null: 3, vel: 433, deadReckoning: 2477, deadReckoningSkip: 2570, actionable: 0.5312785
DEBUG [HeadlessApplication] (ProjectileCollisionSystem.java:108) - Bullet hit me, notifying owner and decreasing my health
4/7/19, 10:46:51 PM ============================================================

-- Gauges ----------------------------------------------------------------------
pub-update-percentage-nodeD-blocks-sync
             value = 0.002842313395946614
pub-update-percentage-nodeD-status-sync
             value = 0.18853117468948896

-- Counters --------------------------------------------------------------------
dr-counter-null
             count = 3
dr-counter-skip
             count = 2678
dr-counter-threshold
             count = 2601
dr-counter-velocity
             count = 454
sub-blocks-interestscounter-nodeA
             count = 184
sub-blocks-interestscounter-nodeB
             count = 191
sub-blocks-interestscounter-nodeC
             count = 189
sub-projectiles-interestscounter-nodeA
             count = 257
sub-projectiles-interestscounter-nodeB
             count = 262
sub-projectiles-interestscounter-nodeC
             count = 259
sub-status-interestscounter-nodeA
             count = 2992
sub-status-interestscounter-nodeB
             count = 2917
sub-status-interestscounter-nodeC
             count = 2966

-- Histograms ------------------------------------------------------------------
eng-status-delta-nodeA
             count = 2949
               min = 0
               max = 272
              mean = 7.86
            stddev = 19.14
            median = 0.00
              75% <= 11.00
              95% <= 31.00
              98% <= 47.00
              99% <= 92.00
            99.9% <= 272.00
eng-status-delta-nodeB
             count = 2868
               min = 0
               max = 310
              mean = 7.52
            stddev = 22.74
            median = 0.00
              75% <= 11.00
              95% <= 31.00
              98% <= 63.00
              99% <= 111.00
            99.9% <= 310.00
eng-status-delta-nodeC
             count = 2923
               min = 0
               max = 303
              mean = 7.92
            stddev = 23.35
            median = 0.00
              75% <= 11.00
              95% <= 31.00
              98% <= 104.00
              99% <= 123.00
            99.9% <= 286.00
sub-blocks-rtt-nodeA
             count = 14
               min = 8
               max = 988
              mean = 358.67
            stddev = 204.11
            median = 354.00
              75% <= 422.00
              95% <= 917.00
              98% <= 917.00
              99% <= 988.00
            99.9% <= 988.00
sub-blocks-rtt-nodeB
             count = 8
               min = 59
               max = 921
              mean = 619.73
            stddev = 301.44
            median = 700.00
              75% <= 905.00
              95% <= 905.00
              98% <= 921.00
              99% <= 921.00
            99.9% <= 921.00
sub-blocks-rtt-nodeC
             count = 10
               min = 1
               max = 806
              mean = 344.10
            stddev = 284.66
            median = 330.00
              75% <= 591.00
              95% <= 806.00
              98% <= 806.00
              99% <= 806.00
            99.9% <= 806.00
sub-projectiles-rtt-nodeA
             count = 109
               min = 15
               max = 999
              mean = 432.84
            stddev = 285.82
            median = 516.00
              75% <= 633.00
              95% <= 900.00
              98% <= 990.00
              99% <= 999.00
            99.9% <= 999.00
sub-projectiles-rtt-nodeB
             count = 110
               min = 1
               max = 999
              mean = 401.54
            stddev = 292.02
            median = 483.00
              75% <= 599.00
              95% <= 866.00
              98% <= 968.00
              99% <= 999.00
            99.9% <= 999.00
sub-projectiles-rtt-nodeC
             count = 109
               min = 5
               max = 1000
              mean = 467.95
            stddev = 277.22
            median = 516.00
              75% <= 682.00
              95% <= 884.00
              98% <= 983.00
              99% <= 999.00
            99.9% <= 1000.00
sub-status-rtt-nodeA
             count = 2963
               min = 0
               max = 997
              mean = 62.57
            stddev = 122.30
            median = 33.00
              75% <= 43.00
              95% <= 84.00
              98% <= 550.00
              99% <= 731.00
            99.9% <= 997.00
sub-status-rtt-nodeB
             count = 2878
               min = 0
               max = 950
              mean = 57.47
            stddev = 105.93
            median = 33.00
              75% <= 41.00
              95% <= 76.00
              98% <= 509.00
              99% <= 720.00
            99.9% <= 934.00
sub-status-rtt-nodeC
             count = 2933
               min = 5
               max = 800
              mean = 58.75
            stddev = 105.92
            median = 33.00
              75% <= 35.00
              95% <= 83.00
              98% <= 532.00
              99% <= 552.00
            99.9% <= 800.00

-- Meters ----------------------------------------------------------------------
pub-interest-rate-nodeD-blocks-sync
             count = 373
         mean rate = 1.87 events/second
     1-minute rate = 1.92 events/second
     5-minute rate = 1.43 events/second
    15-minute rate = 1.17 events/second
pub-interest-rate-nodeD-projectiles-sync
             count = 267
         mean rate = 1.34 events/second
     1-minute rate = 1.33 events/second
     5-minute rate = 1.38 events/second
    15-minute rate = 1.39 events/second
pub-interest-rate-nodeD-status-sync
             count = 3098
         mean rate = 15.51 events/second
     1-minute rate = 14.83 events/second
     5-minute rate = 16.31 events/second
    15-minute rate = 16.86 events/second


DEBUG [log-schedule-0] (LocalPlayerStatusSystem.java:150) - Null: 3, vel: 454, deadReckoning: 2601, deadReckoningSkip: 2687, actionable: 0.53228897
DEBUG [HeadlessApplication] (ProjectileCollisionSystem.java:108) - Bullet hit me, notifying owner and decreasing my health
 WARN [bp-queue-proc-/com/stefanolupo/ndngame/0/nodeD/blocks/sync-1] (BasePublisher.java:98) - /com/stefanolupo/ndngame/0/nodeD/blocks/sync: Saw duplicate sn requests
 WARN [bp-queue-proc-/com/stefanolupo/ndngame/0/nodeD/blocks/sync-1] (BasePublisher.java:99) - [0=3, 6=5, 27=31, 32=38, 15=2, 9=6, 26=10, 31=13, 17=2, 23=4, 28=79, 18=5, 19=10, 21=14, 20=11, 36=5, 43=9, 45=8, 37=3, 46=5, 47=2, 48=3, 38=17, 42=17, 25=37, 34=28, 39=24]
 WARN [bp-queue-proc-/com/stefanolupo/ndngame/0/nodeD/status/sync-1] (BasePublisher.java:98) - /com/stefanolupo/ndngame/0/nodeD/status/sync: Saw duplicate sn requests
 WARN [bp-queue-proc-/com/stefanolupo/ndngame/0/nodeD/status/sync-1] (BasePublisher.java:99) - [2434=2, 192=2, 1024=2, 0=3, 1159=2, 1285=3, 75=2, 1608=2, 649=2, 1164=2, 1741=2, 2573=2, 979=2, 1040=2, 2512=2, 726=2, 1050=2, 90=3, 1563=2, 2586=3, 797=2, 2338=2, 2913=2, 1511=2, 2277=2, 3109=2, 938=2, 235=2, 1642=3, 2923=2, 3115=2, 424=2, 111=3, 2607=2, 3058=2, 758=2, 2740=2, 372=3, 1850=3, 440=2, 2681=2, 2556=2, 3068=2]
DEBUG [log-schedule-0] (LocalPlayerStatusSystem.java:150) - Null: 3, vel: 479, deadReckoning: 2760, deadReckoningSkip: 2770, actionable: 0.53925484
