DEBUG [main] (ConfigManager.java:33) - Initialized with properties: {local.player.status.updates.per.sec=30, facemanager.num.sub.threads.per.face=10, linear.interest.zone.filter.inner.radius=10, projectile.cache.size=20, local.player.status.use.dead.reckoning=false, block.publisher.freshness.period.ms=20, player.status.publisher.freshness.period.ms=20, base.publisher.queue.process.per.sec=60, projectile.sub.inter.interest.max.wait.time.ms=2000, linear.interest.zone.filter.outer.radius=20, local.player.dead.reckoning.max.error=0.5, projectile.publisher.queue.process.multithread=true, statistics.logger.log.rate.sec=30, facemanager.max.num.pub.faces=15, facemanager.num.pub.threads.per.face=10, facemanager.max.num.sub.faces=15, block.sub.inter.interest.max.wait.time.ms=2000, projectile.publisher.queue.process.per.sec=60, base.publisher.queue.process.multithread=true, player.sub.inter.interest.max.wait.time.ms=2000, linear.interest.zone.filter.enabled=false, projectile.publisher.freshness.period.ms=20}
WARNING: An illegal reflective access operation has occurred
WARNING: Illegal reflective access by com.google.inject.internal.cglib.core.$ReflectUtils$2 (file:/NdnGame/NdnGameLibGdxDesktop-1.0-SNAPSHOT.jar) to method java.lang.ClassLoader.defineClass(java.lang.String,byte[],int,int,java.security.ProtectionDomain)
WARNING: Please consider reporting this to the maintainers of com.google.inject.internal.cglib.core.$ReflectUtils$2
WARNING: Use --illegal-access=warn to enable warnings of further illegal reflective access operations
WARNING: All illegal access operations will be denied in a future release
DEBUG [main] (BackendModule.java:123) - Writing metrics to /metrics/nodeH
 INFO [main] (BodyFactory.java:30) - Using quadrant size of 80.0 and quadrant gap of 20.0
 INFO [main] (DesktopLauncher.java:49) - Launching headless game
 INFO [main] (DesktopLauncher.java:50) - LocalConfig{playerName='nodeH', isMasterView=false, isAutomated=true, automationType='wsp', isHeadless=true, gameId=0, screenWidth=600, screenHeight=600, targetFrameRate=60}
DEBUG [main] (AutomatedInputController.java:52) - Starting with automation type: wsp
DEBUG [main] (BasePublisher.java:67) - Registering /com/stefanolupo/ndngame/0/nodeH/blocks/sync
DEBUG [main] (BasePublisher.java:67) - Registering /com/stefanolupo/ndngame/0/nodeH/status/sync
Apr 09, 2019 9:54:54 PM net.named_data.jndn.Node$RegisterResponse onData
INFO: Register prefix succeeded with the NFD forwarder for prefix /com/stefanolupo/ndngame/0/nodeH/blocks/sync
Apr 09, 2019 9:54:54 PM net.named_data.jndn.Node$RegisterResponse onData
INFO: Register prefix failed: Expected NFD status code 200, got: 403
Apr 09, 2019 9:54:54 PM net.named_data.jndn.Node$RegisterResponse onData
INFO: Register prefix succeeded with the NFD forwarder for prefix /com/stefanolupo/ndngame/0/nodeH/projectiles/interact
Apr 09, 2019 9:54:54 PM net.named_data.jndn.Node$RegisterResponse onData
INFO: Register prefix succeeded with the NFD forwarder for prefix /com/stefanolupo/ndngame/0/nodeH/status/sync
Apr 09, 2019 9:54:54 PM net.named_data.jndn.Node$RegisterResponse onData
INFO: Register prefix succeeded with the NFD forwarder for prefix /com/stefanolupo/ndngame/0/nodeH/blocks/interact
 WARN [fm-pub-3-0] (FaceManager.java:150) - Failed to register prefix: /com/stefanolupo/ndngame/0/nodeH/projectiles/sync, retrying..
Apr 09, 2019 9:54:54 PM net.named_data.jndn.Node$RegisterResponse onData
INFO: Register prefix succeeded with the NFD forwarder for prefix /com/stefanolupo/ndngame/0/nodeH/projectiles/sync
Apr 09, 2019 9:54:58 PM net.named_data.jndn.Node$RegisterResponse onData
INFO: Register prefix succeeded with the NFD forwarder for prefix /com/stefanolupo/ndngame/0/config/broadcast
 INFO [cs-/com/stefanolupo/ndngame/0/config/nodeH-0] (ChronoSynced.java:93) - Initialized ChronoSyncedMap for /com/stefanolupo/ndngame/0/config/nodeH
Apr 09, 2019 9:54:58 PM net.named_data.jndn.Node$RegisterResponse onData
INFO: Register prefix succeeded with the NFD forwarder for prefix /com/stefanolupo/ndngame/0/config/nodeH
 INFO [cs-/com/stefanolupo/ndngame/0/discovery/nodeH-0] (ChronoSynced.java:93) - Initialized ChronoSyncedMap for /com/stefanolupo/ndngame/0/discovery/nodeH
Apr 09, 2019 9:54:59 PM net.named_data.jndn.Node$RegisterResponse onData
INFO: Register prefix succeeded with the NFD forwarder for prefix /com/stefanolupo/ndngame/0/discovery/broadcast
Apr 09, 2019 9:54:59 PM net.named_data.jndn.Node$RegisterResponse onData
INFO: Register prefix succeeded with the NFD forwarder for prefix /com/stefanolupo/ndngame/0/discovery/nodeH
 INFO [cs-/com/stefanolupo/ndngame/0/discovery/nodeH-0] (PlayerStatusSubscriber.java:59) - Adding subscription for nodeO
 INFO [cs-/com/stefanolupo/ndngame/0/discovery/nodeH-0] (PlayerStatusSubscriber.java:59) - Adding subscription for nodeE
 INFO [cs-/com/stefanolupo/ndngame/0/discovery/nodeH-0] (PlayerStatusSubscriber.java:59) - Adding subscription for nodeJ
 INFO [cs-/com/stefanolupo/ndngame/0/discovery/nodeH-0] (PlayerStatusSubscriber.java:59) - Adding subscription for nodeC
 INFO [cs-/com/stefanolupo/ndngame/0/discovery/nodeH-0] (PlayerStatusSubscriber.java:59) - Adding subscription for nodeI
 INFO [cs-/com/stefanolupo/ndngame/0/discovery/nodeH-0] (PlayerStatusSubscriber.java:59) - Adding subscription for nodeG
 INFO [cs-/com/stefanolupo/ndngame/0/discovery/nodeH-0] (PlayerStatusSubscriber.java:59) - Adding subscription for nodeM
 INFO [cs-/com/stefanolupo/ndngame/0/discovery/nodeH-0] (PlayerStatusSubscriber.java:59) - Adding subscription for nodeA
 INFO [cs-/com/stefanolupo/ndngame/0/discovery/nodeH-0] (PlayerStatusSubscriber.java:59) - Adding subscription for nodeF
 INFO [cs-/com/stefanolupo/ndngame/0/discovery/nodeH-0] (BlockSubscriber.java:55) - Adding subscription for /com/stefanolupo/ndngame/0/nodeO/blocks/sync/0/0/0
 INFO [cs-/com/stefanolupo/ndngame/0/discovery/nodeH-0] (BlockSubscriber.java:55) - Adding subscription for /com/stefanolupo/ndngame/0/nodeE/blocks/sync/0/0/0
 INFO [cs-/com/stefanolupo/ndngame/0/discovery/nodeH-0] (BlockSubscriber.java:55) - Adding subscription for /com/stefanolupo/ndngame/0/nodeJ/blocks/sync/0/0/0
 INFO [cs-/com/stefanolupo/ndngame/0/discovery/nodeH-0] (BlockSubscriber.java:55) - Adding subscription for /com/stefanolupo/ndngame/0/nodeC/blocks/sync/0/0/0
 INFO [cs-/com/stefanolupo/ndngame/0/discovery/nodeH-0] (BlockSubscriber.java:55) - Adding subscription for /com/stefanolupo/ndngame/0/nodeI/blocks/sync/0/0/0
 INFO [cs-/com/stefanolupo/ndngame/0/discovery/nodeH-0] (BlockSubscriber.java:55) - Adding subscription for /com/stefanolupo/ndngame/0/nodeG/blocks/sync/0/0/0
 INFO [cs-/com/stefanolupo/ndngame/0/discovery/nodeH-0] (BlockSubscriber.java:55) - Adding subscription for /com/stefanolupo/ndngame/0/nodeM/blocks/sync/0/0/0
 INFO [cs-/com/stefanolupo/ndngame/0/discovery/nodeH-0] (BlockSubscriber.java:55) - Adding subscription for /com/stefanolupo/ndngame/0/nodeA/blocks/sync/0/0/0
 INFO [cs-/com/stefanolupo/ndngame/0/discovery/nodeH-0] (BlockSubscriber.java:55) - Adding subscription for /com/stefanolupo/ndngame/0/nodeF/blocks/sync/0/0/0
 INFO [cs-/com/stefanolupo/ndngame/0/discovery/nodeH-0] (ProjectileSubscriber.java:53) - Adding subscription for /com/stefanolupo/ndngame/0/nodeO/projectiles/sync/0/0/0
 INFO [cs-/com/stefanolupo/ndngame/0/discovery/nodeH-0] (ProjectileSubscriber.java:53) - Adding subscription for /com/stefanolupo/ndngame/0/nodeE/projectiles/sync/0/0/0
 INFO [cs-/com/stefanolupo/ndngame/0/discovery/nodeH-0] (ProjectileSubscriber.java:53) - Adding subscription for /com/stefanolupo/ndngame/0/nodeJ/projectiles/sync/0/0/0
 INFO [cs-/com/stefanolupo/ndngame/0/discovery/nodeH-0] (ProjectileSubscriber.java:53) - Adding subscription for /com/stefanolupo/ndngame/0/nodeC/projectiles/sync/0/0/0
 INFO [cs-/com/stefanolupo/ndngame/0/discovery/nodeH-0] (ProjectileSubscriber.java:53) - Adding subscription for /com/stefanolupo/ndngame/0/nodeI/projectiles/sync/0/0/0
 INFO [cs-/com/stefanolupo/ndngame/0/discovery/nodeH-0] (ProjectileSubscriber.java:53) - Adding subscription for /com/stefanolupo/ndngame/0/nodeG/projectiles/sync/0/0/0
 INFO [cs-/com/stefanolupo/ndngame/0/discovery/nodeH-0] (ProjectileSubscriber.java:53) - Adding subscription for /com/stefanolupo/ndngame/0/nodeM/projectiles/sync/0/0/0
 INFO [cs-/com/stefanolupo/ndngame/0/discovery/nodeH-0] (ProjectileSubscriber.java:53) - Adding subscription for /com/stefanolupo/ndngame/0/nodeA/projectiles/sync/0/0/0
 INFO [cs-/com/stefanolupo/ndngame/0/discovery/nodeH-0] (ProjectileSubscriber.java:53) - Adding subscription for /com/stefanolupo/ndngame/0/nodeF/projectiles/sync/0/0/0
 INFO [cs-/com/stefanolupo/ndngame/0/discovery/nodeH-0] (PlayerStatusSubscriber.java:59) - Adding subscription for nodeNN
 INFO [cs-/com/stefanolupo/ndngame/0/discovery/nodeH-0] (BlockSubscriber.java:55) - Adding subscription for /com/stefanolupo/ndngame/0/nodeNN/blocks/sync/0/0/0
 INFO [cs-/com/stefanolupo/ndngame/0/discovery/nodeH-0] (ProjectileSubscriber.java:53) - Adding subscription for /com/stefanolupo/ndngame/0/nodeNN/projectiles/sync/0/0/0
 INFO [fm-pub-3-7] (ProjectilePublisher.java:139) - Creating interest meter
 WARN [HeadlessApplication] (ProjectileCollisionSystem.java:62) - Type component was null for collision with PROJECTILE
 INFO [cs-/com/stefanolupo/ndngame/0/discovery/nodeH-0] (PlayerStatusSubscriber.java:59) - Adding subscription for nodeK
 INFO [cs-/com/stefanolupo/ndngame/0/discovery/nodeH-0] (BlockSubscriber.java:55) - Adding subscription for /com/stefanolupo/ndngame/0/nodeK/blocks/sync/0/0/0
 INFO [cs-/com/stefanolupo/ndngame/0/discovery/nodeH-0] (ProjectileSubscriber.java:53) - Adding subscription for /com/stefanolupo/ndngame/0/nodeK/projectiles/sync/0/0/0
 INFO [cs-/com/stefanolupo/ndngame/0/discovery/nodeH-0] (PlayerStatusSubscriber.java:59) - Adding subscription for nodeB
 INFO [cs-/com/stefanolupo/ndngame/0/discovery/nodeH-0] (BlockSubscriber.java:55) - Adding subscription for /com/stefanolupo/ndngame/0/nodeB/blocks/sync/0/0/0
 INFO [cs-/com/stefanolupo/ndngame/0/discovery/nodeH-0] (ProjectileSubscriber.java:53) - Adding subscription for /com/stefanolupo/ndngame/0/nodeB/projectiles/sync/0/0/0
 INFO [cs-/com/stefanolupo/ndngame/0/discovery/nodeH-0] (PlayerStatusSubscriber.java:59) - Adding subscription for nodeD
 INFO [cs-/com/stefanolupo/ndngame/0/discovery/nodeH-0] (BlockSubscriber.java:55) - Adding subscription for /com/stefanolupo/ndngame/0/nodeD/blocks/sync/0/0/0
 INFO [cs-/com/stefanolupo/ndngame/0/discovery/nodeH-0] (ProjectileSubscriber.java:53) - Adding subscription for /com/stefanolupo/ndngame/0/nodeD/projectiles/sync/0/0/0
 INFO [cs-/com/stefanolupo/ndngame/0/discovery/nodeH-0] (PlayerStatusSubscriber.java:59) - Adding subscription for nodeP
 INFO [cs-/com/stefanolupo/ndngame/0/discovery/nodeH-0] (BlockSubscriber.java:55) - Adding subscription for /com/stefanolupo/ndngame/0/nodeP/blocks/sync/0/0/0
 INFO [cs-/com/stefanolupo/ndngame/0/discovery/nodeH-0] (ProjectileSubscriber.java:53) - Adding subscription for /com/stefanolupo/ndngame/0/nodeP/projectiles/sync/0/0/0
 INFO [cs-/com/stefanolupo/ndngame/0/discovery/nodeH-0] (PlayerStatusSubscriber.java:59) - Adding subscription for nodeL
 INFO [cs-/com/stefanolupo/ndngame/0/discovery/nodeH-0] (BlockSubscriber.java:55) - Adding subscription for /com/stefanolupo/ndngame/0/nodeL/blocks/sync/0/0/0
 INFO [cs-/com/stefanolupo/ndngame/0/discovery/nodeH-0] (ProjectileSubscriber.java:53) - Adding subscription for /com/stefanolupo/ndngame/0/nodeL/projectiles/sync/0/0/0
 WARN [bp-queue-proc-/com/stefanolupo/ndngame/0/nodeH/blocks/sync-1] (BasePublisher.java:98) - /com/stefanolupo/ndngame/0/nodeH/blocks/sync: Saw duplicate sn requests
 WARN [bp-queue-proc-/com/stefanolupo/ndngame/0/nodeH/blocks/sync-1] (BasePublisher.java:99) - [0=9]
 WARN [bp-queue-proc-/com/stefanolupo/ndngame/0/nodeH/status/sync-1] (BasePublisher.java:98) - /com/stefanolupo/ndngame/0/nodeH/status/sync: Saw duplicate sn requests
 WARN [bp-queue-proc-/com/stefanolupo/ndngame/0/nodeH/status/sync-1] (BasePublisher.java:99) - [323=2, 400=2, 593=2, 566=2, 406=2, 341=2, 522=2, 376=2, 0=11, 345=2, 431=2, 492=2]
DEBUG [HeadlessApplication] (ProjectileCollisionSystem.java:108) - Bullet hit me, notifying owner and decreasing my health
4/9/19, 9:55:24 PM =============================================================

-- Gauges ----------------------------------------------------------------------
pub-update-percentage-nodeH-blocks-sync
             value = 0.0
pub-update-percentage-nodeH-status-sync
             value = 0.4952220348510399

-- Counters --------------------------------------------------------------------
dr-counter-null
             count = 0
dr-counter-skip
             count = 0
dr-counter-threshold
             count = 0
dr-counter-velocity
             count = 0
sub-blocks-interestscounter-nodeA
             count = 23
sub-blocks-interestscounter-nodeB
             count = 18
sub-blocks-interestscounter-nodeC
             count = 23
sub-blocks-interestscounter-nodeD
             count = 16
sub-blocks-interestscounter-nodeE
             count = 23
sub-blocks-interestscounter-nodeF
             count = 23
sub-blocks-interestscounter-nodeG
             count = 23
sub-blocks-interestscounter-nodeI
             count = 23
sub-blocks-interestscounter-nodeJ
             count = 23
sub-blocks-interestscounter-nodeK
             count = 19
sub-blocks-interestscounter-nodeL
             count = 13
sub-blocks-interestscounter-nodeM
             count = 24
sub-blocks-interestscounter-nodeNN
             count = 20
sub-blocks-interestscounter-nodeO
             count = 23
sub-blocks-interestscounter-nodeP
             count = 14
sub-projectiles-interestscounter-nodeA
             count = 12
sub-projectiles-interestscounter-nodeB
             count = 11
sub-projectiles-interestscounter-nodeC
             count = 14
sub-projectiles-interestscounter-nodeD
             count = 10
sub-projectiles-interestscounter-nodeE
             count = 14
sub-projectiles-interestscounter-nodeF
             count = 13
sub-projectiles-interestscounter-nodeG
             count = 14
sub-projectiles-interestscounter-nodeI
             count = 14
sub-projectiles-interestscounter-nodeJ
             count = 14
sub-projectiles-interestscounter-nodeK
             count = 11
sub-projectiles-interestscounter-nodeL
             count = 7
sub-projectiles-interestscounter-nodeM
             count = 15
sub-projectiles-interestscounter-nodeNN
             count = 13
sub-projectiles-interestscounter-nodeO
             count = 13
sub-projectiles-interestscounter-nodeP
             count = 9
sub-status-interestscounter-nodeA
             count = 614
sub-status-interestscounter-nodeB
             count = 466
sub-status-interestscounter-nodeC
             count = 568
sub-status-interestscounter-nodeD
             count = 376
sub-status-interestscounter-nodeE
             count = 604
sub-status-interestscounter-nodeF
             count = 584
sub-status-interestscounter-nodeG
             count = 616
sub-status-interestscounter-nodeI
             count = 621
sub-status-interestscounter-nodeJ
             count = 582
sub-status-interestscounter-nodeK
             count = 491
sub-status-interestscounter-nodeL
             count = 328
sub-status-interestscounter-nodeM
             count = 584
sub-status-interestscounter-nodeNN
             count = 523
sub-status-interestscounter-nodeO
             count = 569
sub-status-interestscounter-nodeP
             count = 366

-- Histograms ------------------------------------------------------------------
eng-status-delta-nodeA
             count = 594
               min = 0
               max = 134
              mean = 5.31
            stddev = 14.85
            median = 0.00
              75% <= 0.00
              95% <= 25.00
              98% <= 49.00
              99% <= 79.00
            99.9% <= 134.00
eng-status-delta-nodeB
             count = 449
               min = 0
               max = 56
              mean = 3.67
            stddev = 6.93
            median = 0.00
              75% <= 11.00
              95% <= 16.00
              98% <= 22.00
              99% <= 31.00
            99.9% <= 56.00
eng-status-delta-nodeC
             count = 547
               min = 0
               max = 113
              mean = 5.97
            stddev = 13.33
            median = 0.00
              75% <= 11.00
              95% <= 33.00
              98% <= 56.00
              99% <= 69.00
            99.9% <= 113.00
eng-status-delta-nodeD
             count = 366
               min = 0
               max = 44
              mean = 4.88
            stddev = 8.14
            median = 0.00
              75% <= 11.00
              95% <= 22.00
              98% <= 33.00
              99% <= 40.00
            99.9% <= 44.00
eng-status-delta-nodeE
             count = 592
               min = 0
               max = 111
              mean = 4.13
            stddev = 10.70
            median = 0.00
              75% <= 0.00
              95% <= 22.00
              98% <= 33.00
              99% <= 46.00
            99.9% <= 111.00
eng-status-delta-nodeF
             count = 564
               min = 0
               max = 126
              mean = 5.09
            stddev = 14.62
            median = 0.00
              75% <= 0.00
              95% <= 22.00
              98% <= 56.00
              99% <= 89.00
            99.9% <= 126.00
eng-status-delta-nodeG
             count = 600
               min = 0
               max = 65
              mean = 4.38
            stddev = 9.53
            median = 0.00
              75% <= 0.00
              95% <= 22.00
              98% <= 34.00
              99% <= 50.00
            99.9% <= 65.00
eng-status-delta-nodeI
             count = 604
               min = 0
               max = 126
              mean = 5.50
            stddev = 14.53
            median = 0.00
              75% <= 0.00
              95% <= 33.00
              98% <= 44.00
              99% <= 63.00
            99.9% <= 126.00
eng-status-delta-nodeJ
             count = 561
               min = 0
               max = 126
              mean = 5.26
            stddev = 11.66
            median = 0.00
              75% <= 11.00
              95% <= 31.00
              98% <= 40.00
              99% <= 47.00
            99.9% <= 126.00
eng-status-delta-nodeK
             count = 477
               min = 0
               max = 67
              mean = 4.34
            stddev = 9.18
            median = 0.00
              75% <= 11.00
              95% <= 22.00
              98% <= 33.00
              99% <= 44.00
            99.9% <= 67.00
eng-status-delta-nodeL
             count = 318
               min = 0
               max = 71
              mean = 4.39
            stddev = 10.00
            median = 0.00
              75% <= 0.00
              95% <= 22.00
              98% <= 39.00
              99% <= 44.00
            99.9% <= 71.00
eng-status-delta-nodeM
             count = 562
               min = 0
               max = 104
              mean = 4.47
            stddev = 11.26
            median = 0.00
              75% <= 0.00
              95% <= 22.00
              98% <= 35.00
              99% <= 56.00
            99.9% <= 104.00
eng-status-delta-nodeNN
             count = 507
               min = 0
               max = 315
              mean = 4.53
            stddev = 16.71
            median = 0.00
              75% <= 0.00
              95% <= 22.00
              98% <= 44.00
              99% <= 47.00
            99.9% <= 315.00
eng-status-delta-nodeO
             count = 548
               min = 0
               max = 128
              mean = 5.86
            stddev = 15.07
            median = 0.00
              75% <= 0.00
              95% <= 31.00
              98% <= 50.00
              99% <= 71.00
            99.9% <= 128.00
eng-status-delta-nodeP
             count = 356
               min = 0
               max = 86
              mean = 5.14
            stddev = 11.42
            median = 0.00
              75% <= 11.00
              95% <= 22.00
              98% <= 44.00
              99% <= 67.00
            99.9% <= 86.00
packet-size-block
             count = 0
               min = 0
               max = 0
              mean = 0.00
            stddev = 0.00
            median = 0.00
              75% <= 0.00
              95% <= 0.00
              98% <= 0.00
              99% <= 0.00
            99.9% <= 0.00
packet-size-projectile
             count = 89
               min = 89
               max = 1765
              mean = 385.26
            stddev = 466.92
            median = 178.00
              75% <= 440.00
              95% <= 1671.00
              98% <= 1671.00
              99% <= 1765.00
            99.9% <= 1765.00
packet-size-status
             count = 888
               min = 42
               max = 52
              mean = 44.39
            stddev = 2.51
            median = 42.00
              75% <= 47.00
              95% <= 47.00
              98% <= 47.00
              99% <= 47.00
            99.9% <= 52.00
sub-blocks-rtt-nodeA
             count = 1
               min = 14
               max = 14
              mean = 14.00
            stddev = 0.00
            median = 14.00
              75% <= 14.00
              95% <= 14.00
              98% <= 14.00
              99% <= 14.00
            99.9% <= 14.00
sub-blocks-rtt-nodeB
             count = 0
               min = 0
               max = 0
              mean = 0.00
            stddev = 0.00
            median = 0.00
              75% <= 0.00
              95% <= 0.00
              98% <= 0.00
              99% <= 0.00
            99.9% <= 0.00
sub-blocks-rtt-nodeC
             count = 1
               min = 65
               max = 65
              mean = 65.00
            stddev = 0.00
            median = 65.00
              75% <= 65.00
              95% <= 65.00
              98% <= 65.00
              99% <= 65.00
            99.9% <= 65.00
sub-blocks-rtt-nodeD
             count = 0
               min = 0
               max = 0
              mean = 0.00
            stddev = 0.00
            median = 0.00
              75% <= 0.00
              95% <= 0.00
              98% <= 0.00
              99% <= 0.00
            99.9% <= 0.00
sub-blocks-rtt-nodeE
             count = 1
               min = 823
               max = 823
              mean = 823.00
            stddev = 0.00
            median = 823.00
              75% <= 823.00
              95% <= 823.00
              98% <= 823.00
              99% <= 823.00
            99.9% <= 823.00
sub-blocks-rtt-nodeF
             count = 1
               min = 292
               max = 292
              mean = 292.00
            stddev = 0.00
            median = 292.00
              75% <= 292.00
              95% <= 292.00
              98% <= 292.00
              99% <= 292.00
            99.9% <= 292.00
sub-blocks-rtt-nodeG
             count = 1
               min = 615
               max = 615
              mean = 615.00
            stddev = 0.00
            median = 615.00
              75% <= 615.00
              95% <= 615.00
              98% <= 615.00
              99% <= 615.00
            99.9% <= 615.00
sub-blocks-rtt-nodeI
             count = 1
               min = 570
               max = 570
              mean = 570.00
            stddev = 0.00
            median = 570.00
              75% <= 570.00
              95% <= 570.00
              98% <= 570.00
              99% <= 570.00
            99.9% <= 570.00
sub-blocks-rtt-nodeJ
             count = 1
               min = 235
               max = 235
              mean = 235.00
            stddev = 0.00
            median = 235.00
              75% <= 235.00
              95% <= 235.00
              98% <= 235.00
              99% <= 235.00
            99.9% <= 235.00
sub-blocks-rtt-nodeK
             count = 0
               min = 0
               max = 0
              mean = 0.00
            stddev = 0.00
            median = 0.00
              75% <= 0.00
              95% <= 0.00
              98% <= 0.00
              99% <= 0.00
            99.9% <= 0.00
sub-blocks-rtt-nodeL
             count = 0
               min = 0
               max = 0
              mean = 0.00
            stddev = 0.00
            median = 0.00
              75% <= 0.00
              95% <= 0.00
              98% <= 0.00
              99% <= 0.00
            99.9% <= 0.00
sub-blocks-rtt-nodeM
             count = 0
               min = 0
               max = 0
              mean = 0.00
            stddev = 0.00
            median = 0.00
              75% <= 0.00
              95% <= 0.00
              98% <= 0.00
              99% <= 0.00
            99.9% <= 0.00
sub-blocks-rtt-nodeNN
             count = 1
               min = 92
               max = 92
              mean = 92.00
            stddev = 0.00
            median = 92.00
              75% <= 92.00
              95% <= 92.00
              98% <= 92.00
              99% <= 92.00
            99.9% <= 92.00
sub-blocks-rtt-nodeO
             count = 1
               min = 952
               max = 952
              mean = 952.00
            stddev = 0.00
            median = 952.00
              75% <= 952.00
              95% <= 952.00
              98% <= 952.00
              99% <= 952.00
            99.9% <= 952.00
sub-blocks-rtt-nodeP
             count = 0
               min = 0
               max = 0
              mean = 0.00
            stddev = 0.00
            median = 0.00
              75% <= 0.00
              95% <= 0.00
              98% <= 0.00
              99% <= 0.00
            99.9% <= 0.00
sub-projectiles-rtt-nodeA
             count = 12
               min = 17
               max = 962
              mean = 256.07
            stddev = 342.43
            median = 45.00
              75% <= 539.00
              95% <= 962.00
              98% <= 962.00
              99% <= 962.00
            99.9% <= 962.00
sub-projectiles-rtt-nodeB
             count = 7
               min = 6
               max = 52
              mean = 16.13
            stddev = 15.08
            median = 10.00
              75% <= 25.00
              95% <= 52.00
              98% <= 52.00
              99% <= 52.00
            99.9% <= 52.00
sub-projectiles-rtt-nodeC
             count = 10
               min = 9
               max = 561
              mean = 95.96
            stddev = 171.26
            median = 25.00
              75% <= 52.00
              95% <= 561.00
              98% <= 561.00
              99% <= 561.00
            99.9% <= 561.00
sub-projectiles-rtt-nodeD
             count = 7
               min = 5
               max = 305
              mean = 109.41
            stddev = 124.77
            median = 37.00
              75% <= 278.00
              95% <= 305.00
              98% <= 305.00
              99% <= 305.00
            99.9% <= 305.00
sub-projectiles-rtt-nodeE
             count = 11
               min = 7
               max = 725
              mean = 211.70
            stddev = 266.55
            median = 35.00
              75% <= 339.00
              95% <= 725.00
              98% <= 725.00
              99% <= 725.00
            99.9% <= 725.00
sub-projectiles-rtt-nodeF
             count = 11
               min = 3
               max = 240
              mean = 41.75
            stddev = 68.43
            median = 21.00
              75% <= 31.00
              95% <= 240.00
              98% <= 240.00
              99% <= 240.00
            99.9% <= 240.00
sub-projectiles-rtt-nodeG
             count = 10
               min = 16
               max = 980
              mean = 252.29
            stddev = 315.61
            median = 42.00
              75% <= 579.00
              95% <= 980.00
              98% <= 980.00
              99% <= 980.00
            99.9% <= 980.00
sub-projectiles-rtt-nodeI
             count = 11
               min = 6
               max = 723
              mean = 138.49
            stddev = 218.86
            median = 42.00
              75% <= 89.00
              95% <= 723.00
              98% <= 723.00
              99% <= 723.00
            99.9% <= 723.00
sub-projectiles-rtt-nodeJ
             count = 11
               min = 9
               max = 197
              mean = 56.43
            stddev = 70.59
            median = 18.00
              75% <= 111.00
              95% <= 197.00
              98% <= 197.00
              99% <= 197.00
            99.9% <= 197.00
sub-projectiles-rtt-nodeK
             count = 8
               min = 10
               max = 181
              mean = 64.59
            stddev = 70.62
            median = 25.00
              75% <= 178.00
              95% <= 181.00
              98% <= 181.00
              99% <= 181.00
            99.9% <= 181.00
sub-projectiles-rtt-nodeL
             count = 6
               min = 16
               max = 47
              mean = 26.07
            stddev = 10.62
            median = 22.00
              75% <= 29.00
              95% <= 47.00
              98% <= 47.00
              99% <= 47.00
            99.9% <= 47.00
sub-projectiles-rtt-nodeM
             count = 9
               min = 5
               max = 703
              mean = 209.94
            stddev = 280.98
            median = 26.00
              75% <= 308.00
              95% <= 703.00
              98% <= 703.00
              99% <= 703.00
            99.9% <= 703.00
sub-projectiles-rtt-nodeNN
             count = 9
               min = 13
               max = 95
              mean = 39.28
            stddev = 26.70
            median = 30.00
              75% <= 32.00
              95% <= 95.00
              98% <= 95.00
              99% <= 95.00
            99.9% <= 95.00
sub-projectiles-rtt-nodeO
             count = 11
               min = 7
               max = 914
              mean = 278.09
            stddev = 348.39
            median = 43.00
              75% <= 548.00
              95% <= 914.00
              98% <= 914.00
              99% <= 914.00
            99.9% <= 914.00
sub-projectiles-rtt-nodeP
             count = 5
               min = 19
               max = 46
              mean = 25.31
            stddev = 10.01
            median = 21.00
              75% <= 22.00
              95% <= 46.00
              98% <= 46.00
              99% <= 46.00
            99.9% <= 46.00
sub-status-rtt-nodeA
             count = 617
               min = 1
               max = 188
              mean = 38.49
            stddev = 17.15
            median = 34.00
              75% <= 45.00
              95% <= 67.00
              98% <= 80.00
              99% <= 86.00
            99.9% <= 188.00
sub-status-rtt-nodeB
             count = 468
               min = 1
               max = 120
              mean = 38.14
            stddev = 16.55
            median = 35.00
              75% <= 44.00
              95% <= 68.00
              98% <= 84.00
              99% <= 89.00
            99.9% <= 120.00
sub-status-rtt-nodeC
             count = 570
               min = 1
               max = 181
              mean = 41.72
            stddev = 19.47
            median = 37.00
              75% <= 51.00
              95% <= 75.00
              98% <= 86.00
              99% <= 98.00
            99.9% <= 181.00
sub-status-rtt-nodeD
             count = 378
               min = 1
               max = 118
              mean = 41.88
            stddev = 18.41
            median = 39.00
              75% <= 52.00
              95% <= 75.00
              98% <= 82.00
              99% <= 99.00
            99.9% <= 118.00
sub-status-rtt-nodeE
             count = 607
               min = 1
               max = 146
              mean = 38.99
            stddev = 15.76
            median = 34.00
              75% <= 46.00
              95% <= 67.00
              98% <= 74.00
              99% <= 83.00
            99.9% <= 146.00
sub-status-rtt-nodeF
             count = 585
               min = 1
               max = 184
              mean = 40.84
            stddev = 18.31
            median = 35.00
              75% <= 50.00
              95% <= 70.00
              98% <= 82.00
              99% <= 86.00
            99.9% <= 184.00
sub-status-rtt-nodeG
             count = 619
               min = 1
               max = 231
              mean = 38.28
            stddev = 17.33
            median = 34.00
              75% <= 43.00
              95% <= 67.00
              98% <= 83.00
              99% <= 89.00
            99.9% <= 231.00
sub-status-rtt-nodeI
             count = 624
               min = 2
               max = 158
              mean = 38.13
            stddev = 16.54
            median = 34.00
              75% <= 44.00
              95% <= 67.00
              98% <= 75.00
              99% <= 87.00
            99.9% <= 158.00
sub-status-rtt-nodeJ
             count = 585
               min = 1
               max = 169
              mean = 40.48
            stddev = 18.62
            median = 36.00
              75% <= 49.00
              95% <= 75.00
              98% <= 86.00
              99% <= 92.00
            99.9% <= 169.00
sub-status-rtt-nodeK
             count = 494
               min = 2
               max = 136
              mean = 37.94
            stddev = 16.54
            median = 34.00
              75% <= 44.00
              95% <= 68.00
              98% <= 84.00
              99% <= 93.00
            99.9% <= 136.00
sub-status-rtt-nodeL
             count = 331
               min = 1
               max = 157
              mean = 39.06
            stddev = 18.36
            median = 34.00
              75% <= 42.00
              95% <= 78.00
              98% <= 92.00
              99% <= 103.00
            99.9% <= 157.00
sub-status-rtt-nodeM
             count = 587
               min = 1
               max = 160
              mean = 40.51
            stddev = 19.30
            median = 35.00
              75% <= 48.00
              95% <= 72.00
              98% <= 90.00
              99% <= 100.00
            99.9% <= 160.00
sub-status-rtt-nodeNN
             count = 525
               min = 1
               max = 164
              mean = 37.61
            stddev = 16.34
            median = 34.00
              75% <= 43.00
              95% <= 67.00
              98% <= 76.00
              99% <= 83.00
            99.9% <= 164.00
sub-status-rtt-nodeO
             count = 571
               min = 2
               max = 144
              mean = 41.34
            stddev = 18.55
            median = 36.00
              75% <= 51.00
              95% <= 69.00
              98% <= 80.00
              99% <= 97.00
            99.9% <= 144.00
sub-status-rtt-nodeP
             count = 369
               min = 1
               max = 176
              mean = 37.78
            stddev = 17.25
            median = 34.00
              75% <= 43.00
              95% <= 68.00
              98% <= 83.00
              99% <= 91.00
            99.9% <= 176.00

-- Meters ----------------------------------------------------------------------
pub-interest-rate-nodeH-blocks-sync
             count = 19
         mean rate = 0.92 events/second
     1-minute rate = 0.83 events/second
     5-minute rate = 0.81 events/second
    15-minute rate = 0.80 events/second
pub-interest-rate-nodeH-projectiles-sync
             count = 95
         mean rate = 4.59 events/second
     1-minute rate = 5.27 events/second
     5-minute rate = 5.53 events/second
    15-minute rate = 5.57 events/second
pub-interest-rate-nodeH-status-sync
             count = 646
         mean rate = 31.22 events/second
     1-minute rate = 32.48 events/second
     5-minute rate = 32.89 events/second
    15-minute rate = 32.96 events/second


 WARN [bp-queue-proc-/com/stefanolupo/ndngame/0/nodeH/blocks/sync-1] (BasePublisher.java:98) - /com/stefanolupo/ndngame/0/nodeH/blocks/sync: Saw duplicate sn requests
 WARN [bp-queue-proc-/com/stefanolupo/ndngame/0/nodeH/blocks/sync-1] (BasePublisher.java:99) - [2=4, 1=8, 0=26]
 WARN [bp-queue-proc-/com/stefanolupo/ndngame/0/nodeH/status/sync-1] (BasePublisher.java:98) - /com/stefanolupo/ndngame/0/nodeH/status/sync: Saw duplicate sn requests
 WARN [bp-queue-proc-/com/stefanolupo/ndngame/0/nodeH/status/sync-1] (BasePublisher.java:99) - [323=2, 835=2, 837=2, 522=2, 842=2, 648=2, 0=11, 400=2, 593=2, 406=2, 341=2, 730=2, 667=2, 345=2, 988=2, 1181=2, 875=2, 431=2, 492=2, 690=2, 946=2, 566=2, 1143=2, 376=2, 1081=2, 1022=2, 767=2]
 WARN [HeadlessApplication] (ProjectileCollisionSystem.java:62) - Type component was null for collision with PROJECTILE
DEBUG [HeadlessApplication] (ProjectileCollisionSystem.java:108) - Bullet hit me, notifying owner and decreasing my health
 WARN [HeadlessApplication] (ProjectileCollisionSystem.java:62) - Type component was null for collision with PROJECTILE
 WARN [HeadlessApplication] (ProjectileCollisionSystem.java:62) - Type component was null for collision with PROJECTILE
4/9/19, 9:55:54 PM =============================================================

-- Gauges ----------------------------------------------------------------------
pub-update-percentage-nodeH-blocks-sync
             value = 0.001117006422786931
pub-update-percentage-nodeH-status-sync
             value = 0.48924280525286395

-- Counters --------------------------------------------------------------------
dr-counter-null
             count = 0
dr-counter-skip
             count = 0
dr-counter-threshold
             count = 0
dr-counter-velocity
             count = 0
sub-blocks-interestscounter-nodeA
             count = 52
sub-blocks-interestscounter-nodeB
             count = 47
sub-blocks-interestscounter-nodeC
             count = 52
sub-blocks-interestscounter-nodeD
             count = 44
sub-blocks-interestscounter-nodeE
             count = 53
sub-blocks-interestscounter-nodeF
             count = 53
sub-blocks-interestscounter-nodeG
             count = 51
sub-blocks-interestscounter-nodeI
             count = 52
sub-blocks-interestscounter-nodeJ
             count = 51
sub-blocks-interestscounter-nodeK
             count = 47
sub-blocks-interestscounter-nodeL
             count = 41
sub-blocks-interestscounter-nodeM
             count = 53
sub-blocks-interestscounter-nodeNN
             count = 49
sub-blocks-interestscounter-nodeO
             count = 50
sub-blocks-interestscounter-nodeP
             count = 42
sub-projectiles-interestscounter-nodeA
             count = 28
sub-projectiles-interestscounter-nodeB
             count = 28
sub-projectiles-interestscounter-nodeC
             count = 29
sub-projectiles-interestscounter-nodeD
             count = 26
sub-projectiles-interestscounter-nodeE
             count = 30
sub-projectiles-interestscounter-nodeF
             count = 30
sub-projectiles-interestscounter-nodeG
             count = 31
sub-projectiles-interestscounter-nodeI
             count = 31
sub-projectiles-interestscounter-nodeJ
             count = 30
sub-projectiles-interestscounter-nodeK
             count = 28
sub-projectiles-interestscounter-nodeL
             count = 24
sub-projectiles-interestscounter-nodeM
             count = 33
sub-projectiles-interestscounter-nodeNN
             count = 29
sub-projectiles-interestscounter-nodeO
             count = 28
sub-projectiles-interestscounter-nodeP
             count = 25
sub-status-interestscounter-nodeA
             count = 1433
sub-status-interestscounter-nodeB
             count = 1302
sub-status-interestscounter-nodeC
             count = 1383
sub-status-interestscounter-nodeD
             count = 1210
sub-status-interestscounter-nodeE
             count = 1445
sub-status-interestscounter-nodeF
             count = 1403
sub-status-interestscounter-nodeG
             count = 1459
sub-status-interestscounter-nodeI
             count = 1439
sub-status-interestscounter-nodeJ
             count = 1393
sub-status-interestscounter-nodeK
             count = 1322
sub-status-interestscounter-nodeL
             count = 1151
sub-status-interestscounter-nodeM
             count = 1387
sub-status-interestscounter-nodeNN
             count = 1342
sub-status-interestscounter-nodeO
             count = 1346
sub-status-interestscounter-nodeP
             count = 1169

-- Histograms ------------------------------------------------------------------
eng-status-delta-nodeA
             count = 1393
               min = 0
               max = 145
              mean = 4.89
            stddev = 14.19
            median = 0.00
              75% <= 0.00
              95% <= 22.00
              98% <= 40.00
              99% <= 79.00
            99.9% <= 145.00
eng-status-delta-nodeB
             count = 1256
               min = 0
               max = 200
              mean = 5.33
            stddev = 15.56
            median = 0.00
              75% <= 11.00
              95% <= 22.00
              98% <= 39.00
              99% <= 70.00
            99.9% <= 200.00
eng-status-delta-nodeC
             count = 1333
               min = 0
               max = 211
              mean = 5.59
            stddev = 13.87
            median = 0.00
              75% <= 11.00
              95% <= 22.00
              98% <= 44.00
              99% <= 67.00
            99.9% <= 211.00
eng-status-delta-nodeD
             count = 1159
               min = 0
               max = 205
              mean = 5.46
            stddev = 14.69
            median = 0.00
              75% <= 11.00
              95% <= 22.00
              98% <= 44.00
              99% <= 71.00
            99.9% <= 205.00
eng-status-delta-nodeE
             count = 1414
               min = 0
               max = 200
              mean = 3.95
            stddev = 12.57
            median = 0.00
              75% <= 0.00
              95% <= 22.00
              98% <= 33.00
              99% <= 44.00
            99.9% <= 200.00
eng-status-delta-nodeF
             count = 1345
               min = 0
               max = 208
              mean = 6.70
            stddev = 19.28
            median = 0.00
              75% <= 11.00
              95% <= 33.00
              98% <= 73.00
              99% <= 104.00
            99.9% <= 208.00
eng-status-delta-nodeG
             count = 1413
               min = 0
               max = 211
              mean = 4.83
            stddev = 13.29
            median = 0.00
              75% <= 11.00
              95% <= 22.00
              98% <= 35.00
              99% <= 47.00
            99.9% <= 211.00
eng-status-delta-nodeI
             count = 1388
               min = 0
               max = 201
              mean = 6.33
            stddev = 17.11
            median = 0.00
              75% <= 11.00
              95% <= 31.00
              98% <= 51.00
              99% <= 89.00
            99.9% <= 201.00
eng-status-delta-nodeJ
             count = 1353
               min = 0
               max = 128
              mean = 5.13
            stddev = 12.36
            median = 0.00
              75% <= 11.00
              95% <= 22.00
              98% <= 44.00
              99% <= 56.00
            99.9% <= 128.00
eng-status-delta-nodeK
             count = 1285
               min = 0
               max = 200
              mean = 5.55
            stddev = 15.47
            median = 0.00
              75% <= 11.00
              95% <= 25.00
              98% <= 47.00
              99% <= 78.00
            99.9% <= 200.00
eng-status-delta-nodeL
             count = 1118
               min = 0
               max = 89
              mean = 4.55
            stddev = 10.79
            median = 0.00
              75% <= 0.00
              95% <= 22.00
              98% <= 40.00
              99% <= 56.00
            99.9% <= 89.00
eng-status-delta-nodeM
             count = 1337
               min = 0
               max = 211
              mean = 4.84
            stddev = 13.26
            median = 0.00
              75% <= 11.00
              95% <= 22.00
              98% <= 33.00
              99% <= 47.00
            99.9% <= 211.00
eng-status-delta-nodeNN
             count = 1313
               min = 0
               max = 315
              mean = 5.39
            stddev = 17.22
            median = 0.00
              75% <= 0.00
              95% <= 22.00
              98% <= 44.00
              99% <= 100.00
            99.9% <= 200.00
eng-status-delta-nodeO
             count = 1309
               min = 0
               max = 133
              mean = 5.02
            stddev = 13.49
            median = 0.00
              75% <= 0.00
              95% <= 22.00
              98% <= 44.00
              99% <= 71.00
            99.9% <= 133.00
eng-status-delta-nodeP
             count = 1134
               min = 0
               max = 156
              mean = 5.92
            stddev = 14.22
            median = 0.00
              75% <= 11.00
              95% <= 25.00
              98% <= 47.00
              99% <= 76.00
            99.9% <= 126.00
packet-size-block
             count = 4
               min = 76
               max = 304
              mean = 199.72
            stddev = 84.13
            median = 228.00
              75% <= 304.00
              95% <= 304.00
              98% <= 304.00
              99% <= 304.00
            99.9% <= 304.00
packet-size-projectile
             count = 218
               min = 89
               max = 1765
              mean = 362.61
            stddev = 328.51
            median = 351.00
              75% <= 440.00
              95% <= 791.00
              98% <= 1671.00
              99% <= 1671.00
            99.9% <= 1765.00
packet-size-status
             count = 1788
               min = 42
               max = 47
              mean = 44.42
            stddev = 2.50
            median = 42.00
              75% <= 47.00
              95% <= 47.00
              98% <= 47.00
              99% <= 47.00
            99.9% <= 47.00
sub-blocks-rtt-nodeA
             count = 2
               min = 14
               max = 798
              mean = 455.71
            stddev = 388.84
            median = 798.00
              75% <= 798.00
              95% <= 798.00
              98% <= 798.00
              99% <= 798.00
            99.9% <= 798.00
sub-blocks-rtt-nodeB
             count = 1
               min = 591
               max = 591
              mean = 591.00
            stddev = 0.00
            median = 591.00
              75% <= 591.00
              95% <= 591.00
              98% <= 591.00
              99% <= 591.00
            99.9% <= 591.00
sub-blocks-rtt-nodeC
             count = 2
               min = 65
               max = 437
              mean = 275.96
            stddev = 184.32
            median = 437.00
              75% <= 437.00
              95% <= 437.00
              98% <= 437.00
              99% <= 437.00
            99.9% <= 437.00
sub-blocks-rtt-nodeD
             count = 2
               min = 263
               max = 630
              mean = 472.47
            stddev = 181.65
            median = 630.00
              75% <= 630.00
              95% <= 630.00
              98% <= 630.00
              99% <= 630.00
            99.9% <= 630.00
sub-blocks-rtt-nodeE
             count = 1
               min = 823
               max = 823
              mean = 823.00
            stddev = 0.00
            median = 823.00
              75% <= 823.00
              95% <= 823.00
              98% <= 823.00
              99% <= 823.00
            99.9% <= 823.00
sub-blocks-rtt-nodeF
             count = 1
               min = 292
               max = 292
              mean = 292.00
            stddev = 0.00
            median = 292.00
              75% <= 292.00
              95% <= 292.00
              98% <= 292.00
              99% <= 292.00
            99.9% <= 292.00
sub-blocks-rtt-nodeG
             count = 3
               min = 571
               max = 802
              mean = 674.23
            stddev = 105.08
            median = 615.00
              75% <= 802.00
              95% <= 802.00
              98% <= 802.00
              99% <= 802.00
            99.9% <= 802.00
sub-blocks-rtt-nodeI
             count = 3
               min = 570
               max = 960
              mean = 759.44
            stddev = 149.88
            median = 718.00
              75% <= 960.00
              95% <= 960.00
              98% <= 960.00
              99% <= 960.00
            99.9% <= 960.00
sub-blocks-rtt-nodeJ
             count = 3
               min = 117
               max = 277
              mean = 212.20
            stddev = 68.87
            median = 235.00
              75% <= 277.00
              95% <= 277.00
              98% <= 277.00
              99% <= 277.00
            99.9% <= 277.00
sub-blocks-rtt-nodeK
             count = 2
               min = 90
               max = 200
              mean = 137.62
            stddev = 54.50
            median = 90.00
              75% <= 200.00
              95% <= 200.00
              98% <= 200.00
              99% <= 200.00
            99.9% <= 200.00
sub-blocks-rtt-nodeL
             count = 2
               min = 231
               max = 635
              mean = 425.43
            stddev = 201.86
            median = 231.00
              75% <= 635.00
              95% <= 635.00
              98% <= 635.00
              99% <= 635.00
            99.9% <= 635.00
sub-blocks-rtt-nodeM
             count = 1
               min = 579
               max = 579
              mean = 579.00
            stddev = 0.00
            median = 579.00
              75% <= 579.00
              95% <= 579.00
              98% <= 579.00
              99% <= 579.00
            99.9% <= 579.00
sub-blocks-rtt-nodeNN
             count = 2
               min = 92
               max = 885
              mean = 538.78
            stddev = 393.30
            median = 885.00
              75% <= 885.00
              95% <= 885.00
              98% <= 885.00
              99% <= 885.00
            99.9% <= 885.00
sub-blocks-rtt-nodeO
             count = 4
               min = 552
               max = 952
              mean = 729.04
            stddev = 138.99
            median = 743.00
              75% <= 775.00
              95% <= 952.00
              98% <= 952.00
              99% <= 952.00
            99.9% <= 952.00
sub-blocks-rtt-nodeP
             count = 2
               min = 507
               max = 801
              mean = 666.10
            stddev = 146.50
            median = 801.00
              75% <= 801.00
              95% <= 801.00
              98% <= 801.00
              99% <= 801.00
            99.9% <= 801.00
sub-projectiles-rtt-nodeA
             count = 26
               min = 9
               max = 962
              mean = 130.32
            stddev = 248.12
            median = 35.00
              75% <= 48.00
              95% <= 923.00
              98% <= 962.00
              99% <= 962.00
            99.9% <= 962.00
sub-projectiles-rtt-nodeB
             count = 20
               min = 3
               max = 197
              mean = 25.54
            stddev = 42.28
            median = 15.00
              75% <= 20.00
              95% <= 197.00
              98% <= 197.00
              99% <= 197.00
            99.9% <= 197.00
sub-projectiles-rtt-nodeC
             count = 25
               min = 7
               max = 972
              mean = 145.92
            stddev = 251.58
            median = 29.00
              75% <= 52.00
              95% <= 576.00
              98% <= 972.00
              99% <= 972.00
            99.9% <= 972.00
sub-projectiles-rtt-nodeD
             count = 21
               min = 5
               max = 688
              mean = 102.65
            stddev = 179.52
            median = 29.00
              75% <= 40.00
              95% <= 688.00
              98% <= 688.00
              99% <= 688.00
            99.9% <= 688.00
sub-projectiles-rtt-nodeE
             count = 25
               min = 3
               max = 725
              mean = 152.08
            stddev = 226.77
            median = 25.00
              75% <= 333.00
              95% <= 724.00
              98% <= 725.00
              99% <= 725.00
            99.9% <= 725.00
sub-projectiles-rtt-nodeF
             count = 25
               min = 3
               max = 829
              mean = 107.79
            stddev = 214.51
            median = 22.00
              75% <= 28.00
              95% <= 640.00
              98% <= 829.00
              99% <= 829.00
            99.9% <= 829.00
sub-projectiles-rtt-nodeG
             count = 23
               min = 6
               max = 980
              mean = 118.59
            stddev = 212.93
            median = 34.00
              75% <= 66.00
              95% <= 583.00
              98% <= 980.00
              99% <= 980.00
            99.9% <= 980.00
sub-projectiles-rtt-nodeI
             count = 23
               min = 6
               max = 901
              mean = 139.40
            stddev = 245.52
            median = 31.00
              75% <= 88.00
              95% <= 901.00
              98% <= 901.00
              99% <= 901.00
            99.9% <= 901.00
sub-projectiles-rtt-nodeJ
             count = 24
               min = 5
               max = 830
              mean = 116.80
            stddev = 220.38
            median = 24.00
              75% <= 32.00
              95% <= 830.00
              98% <= 830.00
              99% <= 830.00
            99.9% <= 830.00
sub-projectiles-rtt-nodeK
             count = 21
               min = 7
               max = 585
              mean = 80.40
            stddev = 145.43
            median = 25.00
              75% <= 32.00
              95% <= 585.00
              98% <= 585.00
              99% <= 585.00
            99.9% <= 585.00
sub-projectiles-rtt-nodeL
             count = 19
               min = 11
               max = 684
              mean = 168.55
            stddev = 238.82
            median = 27.00
              75% <= 247.00
              95% <= 675.00
              98% <= 684.00
              99% <= 684.00
            99.9% <= 684.00
sub-projectiles-rtt-nodeM
             count = 21
               min = 5
               max = 703
              mean = 105.47
            stddev = 189.89
            median = 26.00
              75% <= 64.00
              95% <= 703.00
              98% <= 703.00
              99% <= 703.00
            99.9% <= 703.00
sub-projectiles-rtt-nodeNN
             count = 22
               min = 7
               max = 700
              mean = 68.45
            stddev = 161.77
            median = 26.00
              75% <= 31.00
              95% <= 700.00
              98% <= 700.00
              99% <= 700.00
            99.9% <= 700.00
sub-projectiles-rtt-nodeO
             count = 26
               min = 6
               max = 920
              mean = 191.22
            stddev = 291.77
            median = 38.00
              75% <= 134.00
              95% <= 914.00
              98% <= 920.00
              99% <= 920.00
            99.9% <= 920.00
sub-projectiles-rtt-nodeP
             count = 19
               min = 12
               max = 754
              mean = 97.28
            stddev = 181.11
            median = 30.00
              75% <= 43.00
              95% <= 754.00
              98% <= 754.00
              99% <= 754.00
            99.9% <= 754.00
sub-status-rtt-nodeA
             count = 1435
               min = 1
               max = 188
              mean = 37.14
            stddev = 15.84
            median = 34.00
              75% <= 44.00
              95% <= 67.00
              98% <= 78.00
              99% <= 82.00
            99.9% <= 100.00
sub-status-rtt-nodeB
             count = 1304
               min = 1
               max = 120
              mean = 36.66
            stddev = 15.74
            median = 34.00
              75% <= 43.00
              95% <= 67.00
              98% <= 81.00
              99% <= 87.00
            99.9% <= 111.00
sub-status-rtt-nodeC
             count = 1384
               min = 1
               max = 222
              mean = 38.05
            stddev = 18.08
            median = 35.00
              75% <= 45.00
              95% <= 70.00
              98% <= 83.00
              99% <= 95.00
            99.9% <= 222.00
sub-status-rtt-nodeD
             count = 1211
               min = 1
               max = 141
              mean = 37.15
            stddev = 17.16
            median = 35.00
              75% <= 45.00
              95% <= 68.00
              98% <= 81.00
              99% <= 87.00
            99.9% <= 141.00
sub-status-rtt-nodeE
             count = 1447
               min = 1
               max = 146
              mean = 36.59
            stddev = 13.93
            median = 34.00
              75% <= 42.00
              95% <= 66.00
              98% <= 71.00
              99% <= 78.00
            99.9% <= 90.00
sub-status-rtt-nodeF
             count = 1405
               min = 1
               max = 99
              mean = 37.10
            stddev = 15.48
            median = 35.00
              75% <= 44.00
              95% <= 67.00
              98% <= 75.00
              99% <= 85.00
            99.9% <= 99.00
sub-status-rtt-nodeG
             count = 1460
               min = 1
               max = 106
              mean = 36.31
            stddev = 14.78
            median = 34.00
              75% <= 43.00
              95% <= 66.00
              98% <= 75.00
              99% <= 83.00
            99.9% <= 105.00
sub-status-rtt-nodeI
             count = 1442
               min = 1
               max = 180
              mean = 36.51
            stddev = 16.71
            median = 34.00
              75% <= 43.00
              95% <= 67.00
              98% <= 78.00
              99% <= 86.00
            99.9% <= 167.00
sub-status-rtt-nodeJ
             count = 1396
               min = 1
               max = 201
              mean = 38.06
            stddev = 16.25
            median = 35.00
              75% <= 44.00
              95% <= 67.00
              98% <= 79.00
              99% <= 89.00
            99.9% <= 128.00
sub-status-rtt-nodeK
             count = 1323
               min = 1
               max = 175
              mean = 36.41
            stddev = 15.48
            median = 34.00
              75% <= 42.00
              95% <= 66.00
              98% <= 74.00
              99% <= 85.00
            99.9% <= 175.00
sub-status-rtt-nodeL
             count = 1153
               min = 1
               max = 179
              mean = 36.76
            stddev = 16.02
            median = 34.00
              75% <= 41.00
              95% <= 67.00
              98% <= 80.00
              99% <= 92.00
            99.9% <= 172.00
sub-status-rtt-nodeM
             count = 1390
               min = 1
               max = 199
              mean = 38.31
            stddev = 18.80
            median = 35.00
              75% <= 45.00
              95% <= 68.00
              98% <= 80.00
              99% <= 100.00
            99.9% <= 199.00
sub-status-rtt-nodeNN
             count = 1344
               min = 1
               max = 213
              mean = 36.86
            stddev = 15.25
            median = 34.00
              75% <= 42.00
              95% <= 63.00
              98% <= 72.00
              99% <= 85.00
            99.9% <= 175.00
sub-status-rtt-nodeO
             count = 1348
               min = 1
               max = 180
              mean = 39.69
            stddev = 17.70
            median = 35.00
              75% <= 47.00
              95% <= 69.00
              98% <= 83.00
              99% <= 87.00
            99.9% <= 173.00
sub-status-rtt-nodeP
             count = 1172
               min = 1
               max = 207
              mean = 37.54
            stddev = 18.70
            median = 34.00
              75% <= 43.00
              95% <= 68.00
              98% <= 84.00
              99% <= 105.00
            99.9% <= 207.00

-- Meters ----------------------------------------------------------------------
pub-interest-rate-nodeH-blocks-sync
             count = 101
         mean rate = 1.99 events/second
     1-minute rate = 1.62 events/second
     5-minute rate = 0.99 events/second
    15-minute rate = 0.86 events/second
pub-interest-rate-nodeH-projectiles-sync
             count = 229
         mean rate = 4.52 events/second
     1-minute rate = 4.86 events/second
     5-minute rate = 5.41 events/second
    15-minute rate = 5.53 events/second
pub-interest-rate-nodeH-status-sync
             count = 1540
         mean rate = 30.39 events/second
     1-minute rate = 31.40 events/second
     5-minute rate = 32.59 events/second
    15-minute rate = 32.86 events/second


 WARN [bp-queue-proc-/com/stefanolupo/ndngame/0/nodeH/blocks/sync-1] (BasePublisher.java:98) - /com/stefanolupo/ndngame/0/nodeH/blocks/sync: Saw duplicate sn requests
 WARN [bp-queue-proc-/com/stefanolupo/ndngame/0/nodeH/blocks/sync-1] (BasePublisher.java:99) - [2=19, 1=23, 0=40, 3=10, 4=10]
 WARN [bp-queue-proc-/com/stefanolupo/ndngame/0/nodeH/status/sync-1] (BasePublisher.java:98) - /com/stefanolupo/ndngame/0/nodeH/status/sync: Saw duplicate sn requests
 WARN [bp-queue-proc-/com/stefanolupo/ndngame/0/nodeH/status/sync-1] (BasePublisher.java:99) - [522=2, 1675=2, 648=2, 0=11, 1422=2, 400=2, 406=2, 1558=2, 1428=2, 667=2, 1181=2, 1693=2, 1697=2, 431=2, 1455=2, 690=2, 946=2, 1459=2, 1200=2, 566=2, 1081=2, 323=2, 835=2, 1219=2, 837=2, 842=2, 1740=2, 1490=2, 593=2, 1366=2, 341=2, 730=2, 1370=2, 345=2, 1502=2, 988=2, 1634=2, 1376=2, 1764=2, 875=2, 1384=2, 492=2, 1143=2, 1275=2, 376=2, 1022=2, 1534=2, 767=2, 1661=2]
 WARN [HeadlessApplication] (ProjectileCollisionSystem.java:62) - Type component was null for collision with PROJECTILE
 WARN [HeadlessApplication] (ProjectileCollisionSystem.java:62) - Type component was null for collision with PROJECTILE
 WARN [HeadlessApplication] (ProjectileCollisionSystem.java:62) - Type component was null for collision with PROJECTILE
