DEBUG [main] (ConfigManager.java:33) - Initialized with properties: {local.player.status.updates.per.sec=30, facemanager.num.sub.threads.per.face=10, linear.interest.zone.filter.inner.radius=100, projectile.cache.size=20, local.player.status.use.dead.reckoning=false, block.publisher.freshness.period.ms=40, player.status.publisher.freshness.period.ms=40, base.publisher.queue.process.per.sec=60, projectile.sub.inter.interest.max.wait.time.ms=30, linear.interest.zone.filter.outer.radius=200, local.player.dead.reckoning.max.error=1, projectile.publisher.queue.process.multithread=true, statistics.logger.log.rate.sec=30, facemanager.max.num.pub.faces=1, facemanager.num.pub.threads.per.face=10, facemanager.max.num.sub.faces=1, block.sub.inter.interest.max.wait.time.ms=2000, projectile.publisher.queue.process.per.sec=60, base.publisher.queue.process.multithread=true, player.sub.inter.interest.max.wait.time.ms=30, linear.interest.zone.filter.enabled=false, projectile.publisher.freshness.period.ms=40}
WARNING: An illegal reflective access operation has occurred
WARNING: Illegal reflective access by com.google.inject.internal.cglib.core.$ReflectUtils$2 (file:/NdnGame/NdnGameLibGdxDesktop-1.0-SNAPSHOT.jar) to method java.lang.ClassLoader.defineClass(java.lang.String,byte[],int,int,java.security.ProtectionDomain)
WARNING: Please consider reporting this to the maintainers of com.google.inject.internal.cglib.core.$ReflectUtils$2
WARNING: Use --illegal-access=warn to enable warnings of further illegal reflective access operations
WARNING: All illegal access operations will be denied in a future release
DEBUG [main] (BackendModule.java:123) - Writing metrics to /metrics/nodeB
 INFO [main] (DesktopLauncher.java:49) - Launching headless game
 INFO [main] (DesktopLauncher.java:50) - LocalConfig{playerName='nodeB', isMasterView=false, isAutomated=true, automationType='wsp', isHeadless=true, gameId=0, screenWidth=600, screenHeight=600, targetFrameRate=60}
DEBUG [main] (AutomatedInputController.java:52) - Starting with automation type: wsp
DEBUG [main] (BasePublisher.java:67) - Registering /com/stefanolupo/ndngame/0/nodeB/blocks/sync
DEBUG [main] (BasePublisher.java:67) - Registering /com/stefanolupo/ndngame/0/nodeB/status/sync
Mar 20, 2019 1:51:51 AM net.named_data.jndn.Node$RegisterResponse onData
INFO: Register prefix succeeded with the NFD forwarder for prefix /com/stefanolupo/ndngame/0/nodeB/blocks/sync
Mar 20, 2019 1:51:51 AM net.named_data.jndn.Node$RegisterResponse onData
INFO: Register prefix succeeded with the NFD forwarder for prefix /com/stefanolupo/ndngame/0/nodeB/blocks/interact
Mar 20, 2019 1:51:51 AM net.named_data.jndn.Node$RegisterResponse onData
INFO: Register prefix succeeded with the NFD forwarder for prefix /com/stefanolupo/ndngame/0/nodeB/status/sync
Mar 20, 2019 1:51:51 AM net.named_data.jndn.Node$RegisterResponse onData
INFO: Register prefix succeeded with the NFD forwarder for prefix /com/stefanolupo/ndngame/0/nodeB/projectiles/interact
Mar 20, 2019 1:51:51 AM net.named_data.jndn.Node$RegisterResponse onData
INFO: Register prefix failed: Expected NFD status code 200, got: 403
 WARN [fm-pub-0-7] (FaceManager.java:150) - Failed to register prefix: /com/stefanolupo/ndngame/0/nodeB/projectiles/sync, retrying..
Mar 20, 2019 1:51:51 AM net.named_data.jndn.Node$RegisterResponse onData
INFO: Register prefix succeeded with the NFD forwarder for prefix /com/stefanolupo/ndngame/0/nodeB/projectiles/sync
Mar 20, 2019 1:51:54 AM net.named_data.jndn.Node$RegisterResponse onData
INFO: Register prefix succeeded with the NFD forwarder for prefix /com/stefanolupo/ndngame/0/config/broadcast
Mar 20, 2019 1:51:54 AM net.named_data.jndn.Node$RegisterResponse onData
INFO: Register prefix succeeded with the NFD forwarder for prefix /com/stefanolupo/ndngame/0/config/nodeB
 INFO [cs-/com/stefanolupo/ndngame/0/config/nodeB-0] (ChronoSynced.java:93) - Initialized ChronoSyncedMap for /com/stefanolupo/ndngame/0/config/nodeB
Mar 20, 2019 1:51:55 AM net.named_data.jndn.Node$RegisterResponse onData
INFO: Register prefix succeeded with the NFD forwarder for prefix /com/stefanolupo/ndngame/0/discovery/broadcast
Mar 20, 2019 1:51:55 AM net.named_data.jndn.Node$RegisterResponse onData
INFO: Register prefix succeeded with the NFD forwarder for prefix /com/stefanolupo/ndngame/0/discovery/nodeB
 INFO [cs-/com/stefanolupo/ndngame/0/discovery/nodeB-0] (ChronoSynced.java:93) - Initialized ChronoSyncedMap for /com/stefanolupo/ndngame/0/discovery/nodeB
DEBUG [bp-queue-proc-/com/stefanolupo/ndngame/0/nodeB/blocks/sync-1] (BasePublisher.java:96) - /com/stefanolupo/ndngame/0/nodeB/blocks/sync: No duplicate SN requests seen
DEBUG [bp-queue-proc-/com/stefanolupo/ndngame/0/nodeB/status/sync-1] (BasePublisher.java:96) - /com/stefanolupo/ndngame/0/nodeB/status/sync: No duplicate SN requests seen
3/20/19, 1:52:20 AM ============================================================

-- Gauges ----------------------------------------------------------------------
pub-update-percentage-nodeB-blocks-sync
             value = 0.0
pub-update-percentage-nodeB-status-sync
             value = 0.49714285714285716


DEBUG [bp-queue-proc-/com/stefanolupo/ndngame/0/nodeB/blocks/sync-1] (BasePublisher.java:96) - /com/stefanolupo/ndngame/0/nodeB/blocks/sync: No duplicate SN requests seen
DEBUG [bp-queue-proc-/com/stefanolupo/ndngame/0/nodeB/status/sync-1] (BasePublisher.java:96) - /com/stefanolupo/ndngame/0/nodeB/status/sync: No duplicate SN requests seen
3/20/19, 1:52:50 AM ============================================================

-- Gauges ----------------------------------------------------------------------
pub-update-percentage-nodeB-blocks-sync
             value = 0.0011261261261261261
pub-update-percentage-nodeB-status-sync
             value = 0.49859154929577465


DEBUG [bp-queue-proc-/com/stefanolupo/ndngame/0/nodeB/blocks/sync-1] (BasePublisher.java:96) - /com/stefanolupo/ndngame/0/nodeB/blocks/sync: No duplicate SN requests seen
DEBUG [bp-queue-proc-/com/stefanolupo/ndngame/0/nodeB/status/sync-1] (BasePublisher.java:96) - /com/stefanolupo/ndngame/0/nodeB/status/sync: No duplicate SN requests seen
 INFO [cs-/com/stefanolupo/ndngame/0/discovery/nodeB-0] (PlayerStatusSubscriber.java:59) - Adding subscription for nodeD
 INFO [cs-/com/stefanolupo/ndngame/0/discovery/nodeB-0] (BlockSubscriber.java:54) - Adding subscription for /com/stefanolupo/ndngame/0/nodeD/blocks/sync/0/0/0
 INFO [cs-/com/stefanolupo/ndngame/0/discovery/nodeB-0] (ProjectileSubscriber.java:53) - Adding subscription for /com/stefanolupo/ndngame/0/nodeD/projectiles/sync/0/0/0
 INFO [cs-/com/stefanolupo/ndngame/0/discovery/nodeB-0] (PlayerStatusSubscriber.java:59) - Adding subscription for nodeA
 INFO [cs-/com/stefanolupo/ndngame/0/discovery/nodeB-0] (BlockSubscriber.java:54) - Adding subscription for /com/stefanolupo/ndngame/0/nodeA/blocks/sync/0/0/0
 INFO [cs-/com/stefanolupo/ndngame/0/discovery/nodeB-0] (ProjectileSubscriber.java:53) - Adding subscription for /com/stefanolupo/ndngame/0/nodeA/projectiles/sync/0/0/0
 INFO [fm-pub-0-9] (ProjectilePublisher.java:133) - Creating interest meter
 INFO [cs-/com/stefanolupo/ndngame/0/discovery/nodeB-0] (PlayerStatusSubscriber.java:59) - Adding subscription for nodeC
 INFO [cs-/com/stefanolupo/ndngame/0/discovery/nodeB-0] (BlockSubscriber.java:54) - Adding subscription for /com/stefanolupo/ndngame/0/nodeC/blocks/sync/0/0/0
 INFO [cs-/com/stefanolupo/ndngame/0/discovery/nodeB-0] (ProjectileSubscriber.java:53) - Adding subscription for /com/stefanolupo/ndngame/0/nodeC/projectiles/sync/0/0/0
ERROR [HeadlessApplication] (ProjectileCollisionSystem.java:62) - Type component was null for collision with PROJECTILE
DEBUG [HeadlessApplication] (ProjectileCollisionSystem.java:108) - Bullet hit me, notifying owner and decreasing my health
 WARN [bp-queue-proc-/com/stefanolupo/ndngame/0/nodeB/blocks/sync-1] (BasePublisher.java:98) - /com/stefanolupo/ndngame/0/nodeB/blocks/sync: Saw duplicate sn requests
 WARN [bp-queue-proc-/com/stefanolupo/ndngame/0/nodeB/blocks/sync-1] (BasePublisher.java:99) - [0=2, 7=4, 6=2, 8=2]
 WARN [bp-queue-proc-/com/stefanolupo/ndngame/0/nodeB/status/sync-1] (BasePublisher.java:98) - /com/stefanolupo/ndngame/0/nodeB/status/sync: Saw duplicate sn requests
 WARN [bp-queue-proc-/com/stefanolupo/ndngame/0/nodeB/status/sync-1] (BasePublisher.java:99) - [0=2]
DEBUG [HeadlessApplication] (ProjectileCollisionSystem.java:108) - Bullet hit me, notifying owner and decreasing my health
3/20/19, 1:53:20 AM ============================================================

-- Gauges ----------------------------------------------------------------------
pub-update-percentage-nodeB-blocks-sync
             value = 0.002615844544095665
pub-update-percentage-nodeB-status-sync
             value = 0.4988785046728972

-- Counters --------------------------------------------------------------------
sub-blocks-interestscounter-nodeA
             count = 12
sub-blocks-interestscounter-nodeC
             count = 17
sub-blocks-interestscounter-nodeD
             count = 17
sub-projectiles-interestscounter-nodeA
             count = 26
sub-projectiles-interestscounter-nodeC
             count = 22
sub-projectiles-interestscounter-nodeD
             count = 24
sub-status-interestscounter-nodeA
             count = 526
sub-status-interestscounter-nodeC
             count = 495
sub-status-interestscounter-nodeD
             count = 526

-- Histograms ------------------------------------------------------------------
eng-status-delta-nodeA
             count = 521
               min = 0
               max = 311
              mean = 7.31
            stddev = 38.03
            median = 0.00
              75% <= 0.00
              95% <= 22.00
              98% <= 39.00
              99% <= 311.00
            99.9% <= 311.00
eng-status-delta-nodeC
             count = 491
               min = 0
               max = 84
              mean = 3.34
            stddev = 9.52
            median = 0.00
              75% <= 0.00
              95% <= 22.00
              98% <= 33.00
              99% <= 40.00
            99.9% <= 84.00
eng-status-delta-nodeD
             count = 522
               min = 0
               max = 175
              mean = 3.48
            stddev = 14.07
            median = 0.00
              75% <= 0.00
              95% <= 22.00
              98% <= 31.00
              99% <= 100.00
            99.9% <= 175.00
sub-blocks-rtt-nodeA
             count = 7
               min = 8
               max = 750
              mean = 276.97
            stddev = 295.13
            median = 148.00
              75% <= 748.00
              95% <= 750.00
              98% <= 750.00
              99% <= 750.00
            99.9% <= 750.00
sub-blocks-rtt-nodeC
             count = 1
               min = 174
               max = 174
              mean = 174.00
            stddev = 0.00
            median = 174.00
              75% <= 174.00
              95% <= 174.00
              98% <= 174.00
              99% <= 174.00
            99.9% <= 174.00
sub-blocks-rtt-nodeD
             count = 2
               min = 184
               max = 681
              mean = 449.25
            stddev = 247.93
            median = 681.00
              75% <= 681.00
              95% <= 681.00
              98% <= 681.00
              99% <= 681.00
            99.9% <= 681.00
sub-projectiles-rtt-nodeA
             count = 12
               min = 15
               max = 939
              mean = 387.07
            stddev = 314.12
            median = 335.00
              75% <= 578.00
              95% <= 939.00
              98% <= 939.00
              99% <= 939.00
            99.9% <= 939.00
sub-projectiles-rtt-nodeC
             count = 12
               min = 74
               max = 978
              mean = 651.49
            stddev = 226.94
            median = 703.00
              75% <= 798.00
              95% <= 978.00
              98% <= 978.00
              99% <= 978.00
            99.9% <= 978.00
sub-projectiles-rtt-nodeD
             count = 12
               min = 30
               max = 999
              mean = 559.21
            stddev = 294.00
            median = 535.00
              75% <= 719.00
              95% <= 999.00
              98% <= 999.00
              99% <= 999.00
            99.9% <= 999.00
sub-status-rtt-nodeA
             count = 528
               min = 2
               max = 84
              mean = 34.85
            stddev = 10.57
            median = 33.00
              75% <= 34.00
              95% <= 62.00
              98% <= 66.00
              99% <= 67.00
            99.9% <= 84.00
sub-status-rtt-nodeC
             count = 497
               min = 2
               max = 85
              mean = 35.04
            stddev = 10.12
            median = 33.00
              75% <= 34.00
              95% <= 56.00
              98% <= 67.00
              99% <= 68.00
            99.9% <= 85.00
sub-status-rtt-nodeD
             count = 527
               min = 7
               max = 75
              mean = 34.86
            stddev = 9.39
            median = 33.00
              75% <= 34.00
              95% <= 52.00
              98% <= 66.00
              99% <= 67.00
            99.9% <= 75.00

-- Meters ----------------------------------------------------------------------
pub-interest-rate-nodeB-blocks-sync
             count = 24
         mean rate = 1.30 events/second
     1-minute rate = 1.37 events/second
     5-minute rate = 1.39 events/second
    15-minute rate = 1.40 events/second
pub-interest-rate-nodeB-projectiles-sync
             count = 25
         mean rate = 1.36 events/second
     1-minute rate = 1.55 events/second
     5-minute rate = 1.59 events/second
    15-minute rate = 1.60 events/second
pub-interest-rate-nodeB-status-sync
             count = 523
         mean rate = 28.44 events/second
     1-minute rate = 28.77 events/second
     5-minute rate = 28.79 events/second
    15-minute rate = 28.80 events/second


DEBUG [HeadlessApplication] (ProjectileCollisionSystem.java:108) - Bullet hit me, notifying owner and decreasing my health
DEBUG [HeadlessApplication] (ProjectileCollisionSystem.java:108) - Bullet hit me, notifying owner and decreasing my health
DEBUG [HeadlessApplication] (ProjectileCollisionSystem.java:108) - Bullet hit me, notifying owner and decreasing my health
 WARN [bp-queue-proc-/com/stefanolupo/ndngame/0/nodeB/blocks/sync-1] (BasePublisher.java:98) - /com/stefanolupo/ndngame/0/nodeB/blocks/sync: Saw duplicate sn requests
 WARN [bp-queue-proc-/com/stefanolupo/ndngame/0/nodeB/blocks/sync-1] (BasePublisher.java:99) - [0=2, 7=4, 6=2, 12=10, 14=6, 8=2, 10=4, 11=5, 13=2]
 WARN [bp-queue-proc-/com/stefanolupo/ndngame/0/nodeB/status/sync-1] (BasePublisher.java:98) - /com/stefanolupo/ndngame/0/nodeB/status/sync: Saw duplicate sn requests
 WARN [bp-queue-proc-/com/stefanolupo/ndngame/0/nodeB/status/sync-1] (BasePublisher.java:99) - [0=2]
DEBUG [HeadlessApplication] (ProjectileCollisionSystem.java:108) - Bullet hit me, notifying owner and decreasing my health
3/20/19, 1:53:50 AM ============================================================

-- Gauges ----------------------------------------------------------------------
pub-update-percentage-nodeB-blocks-sync
             value = 0.002656599552572707
pub-update-percentage-nodeB-status-sync
             value = 0.499020979020979

-- Counters --------------------------------------------------------------------
sub-blocks-interestscounter-nodeA
             count = 39
sub-blocks-interestscounter-nodeC
             count = 45
sub-blocks-interestscounter-nodeD
             count = 44
sub-projectiles-interestscounter-nodeA
             count = 67
sub-projectiles-interestscounter-nodeC
             count = 60
sub-projectiles-interestscounter-nodeD
             count = 62
sub-status-interestscounter-nodeA
             count = 1365
sub-status-interestscounter-nodeC
             count = 1334
sub-status-interestscounter-nodeD
             count = 1375

-- Histograms ------------------------------------------------------------------
eng-status-delta-nodeA
             count = 1355
               min = 0
               max = 311
              mean = 6.17
            stddev = 39.90
            median = 0.00
              75% <= 0.00
              95% <= 11.00
              98% <= 39.00
              99% <= 311.00
            99.9% <= 311.00
eng-status-delta-nodeC
             count = 1326
               min = 0
               max = 311
              mean = 28.13
            stddev = 85.20
            median = 0.00
              75% <= 1.00
              95% <= 311.00
              98% <= 311.00
              99% <= 311.00
            99.9% <= 311.00
eng-status-delta-nodeD
             count = 1369
               min = 0
               max = 175
              mean = 2.95
            stddev = 11.69
            median = 0.00
              75% <= 0.00
              95% <= 22.00
              98% <= 31.00
              99% <= 44.00
            99.9% <= 122.00
sub-blocks-rtt-nodeA
             count = 10
               min = 8
               max = 904
              mean = 358.19
            stddev = 340.51
            median = 246.00
              75% <= 748.00
              95% <= 904.00
              98% <= 904.00
              99% <= 904.00
            99.9% <= 904.00
sub-blocks-rtt-nodeC
             count = 3
               min = 105
               max = 592
              mean = 283.70
            stddev = 219.73
            median = 174.00
              75% <= 592.00
              95% <= 592.00
              98% <= 592.00
              99% <= 592.00
            99.9% <= 592.00
sub-blocks-rtt-nodeD
             count = 5
               min = 101
               max = 908
              mean = 533.39
            stddev = 317.60
            median = 632.00
              75% <= 908.00
              95% <= 908.00
              98% <= 908.00
              99% <= 908.00
            99.9% <= 908.00
sub-projectiles-rtt-nodeA
             count = 26
               min = 15
               max = 939
              mean = 252.86
            stddev = 271.70
            median = 95.00
              75% <= 516.00
              95% <= 799.00
              98% <= 939.00
              99% <= 939.00
            99.9% <= 939.00
sub-projectiles-rtt-nodeC
             count = 27
               min = 15
               max = 1000
              mean = 511.97
            stddev = 302.03
            median = 548.00
              75% <= 703.00
              95% <= 982.00
              98% <= 1000.00
              99% <= 1000.00
            99.9% <= 1000.00
sub-projectiles-rtt-nodeD
             count = 26
               min = 2
               max = 999
              mean = 462.16
            stddev = 305.64
            median = 532.00
              75% <= 667.00
              95% <= 967.00
              98% <= 999.00
              99% <= 999.00
            99.9% <= 999.00
sub-status-rtt-nodeA
             count = 1364
               min = 2
               max = 97
              mean = 35.49
            stddev = 10.76
            median = 33.00
              75% <= 34.00
              95% <= 66.00
              98% <= 67.00
              99% <= 67.00
            99.9% <= 84.00
sub-status-rtt-nodeC
             count = 1333
               min = 2
               max = 85
              mean = 35.71
            stddev = 10.43
            median = 33.00
              75% <= 34.00
              95% <= 66.00
              98% <= 67.00
              99% <= 67.00
            99.9% <= 84.00
sub-status-rtt-nodeD
             count = 1374
               min = 5
               max = 91
              mean = 35.17
            stddev = 9.12
            median = 33.00
              75% <= 34.00
              95% <= 51.00
              98% <= 66.00
              99% <= 67.00
            99.9% <= 84.00

-- Meters ----------------------------------------------------------------------
pub-interest-rate-nodeB-blocks-sync
             count = 74
         mean rate = 1.53 events/second
     1-minute rate = 1.48 events/second
     5-minute rate = 1.41 events/second
    15-minute rate = 1.40 events/second
pub-interest-rate-nodeB-projectiles-sync
             count = 61
         mean rate = 1.26 events/second
     1-minute rate = 1.43 events/second
     5-minute rate = 1.56 events/second
    15-minute rate = 1.58 events/second
pub-interest-rate-nodeB-status-sync
             count = 1362
         mean rate = 28.20 events/second
     1-minute rate = 28.45 events/second
     5-minute rate = 28.71 events/second
    15-minute rate = 28.77 events/second


 WARN [bp-queue-proc-/com/stefanolupo/ndngame/0/nodeB/blocks/sync-1] (BasePublisher.java:98) - /com/stefanolupo/ndngame/0/nodeB/blocks/sync: Saw duplicate sn requests
 WARN [bp-queue-proc-/com/stefanolupo/ndngame/0/nodeB/blocks/sync-1] (BasePublisher.java:99) - [0=2, 7=4, 15=12, 6=2, 12=11, 14=6, 8=2, 10=4, 11=5, 13=2, 19=3, 17=11, 18=12]
 WARN [bp-queue-proc-/com/stefanolupo/ndngame/0/nodeB/status/sync-1] (BasePublisher.java:98) - /com/stefanolupo/ndngame/0/nodeB/status/sync: Saw duplicate sn requests
 WARN [bp-queue-proc-/com/stefanolupo/ndngame/0/nodeB/status/sync-1] (BasePublisher.java:99) - [0=2]
DEBUG [HeadlessApplication] (ProjectileCollisionSystem.java:108) - Bullet hit me, notifying owner and decreasing my health
 WARN [bp-queue-proc-/com/stefanolupo/ndngame/0/nodeB/blocks/sync-1] (BasePublisher.java:98) - /com/stefanolupo/ndngame/0/nodeB/blocks/sync: Saw duplicate sn requests
 WARN [bp-queue-proc-/com/stefanolupo/ndngame/0/nodeB/blocks/sync-1] (BasePublisher.java:99) - [0=2, 7=4, 15=12, 6=2, 17=23, 12=11, 14=6, 8=2, 10=4, 11=5, 13=2, 19=5, 20=13, 21=12, 18=13]
 WARN [bp-queue-proc-/com/stefanolupo/ndngame/0/nodeB/status/sync-1] (BasePublisher.java:98) - /com/stefanolupo/ndngame/0/nodeB/status/sync: Saw duplicate sn requests
 WARN [bp-queue-proc-/com/stefanolupo/ndngame/0/nodeB/status/sync-1] (BasePublisher.java:99) - [0=2]
DEBUG [HeadlessApplication] (ProjectileCollisionSystem.java:108) - Bullet hit me, notifying owner and decreasing my health
DEBUG [HeadlessApplication] (ProjectileCollisionSystem.java:108) - Bullet hit me, notifying owner and decreasing my health
3/20/19, 1:54:20 AM ============================================================

-- Gauges ----------------------------------------------------------------------
pub-update-percentage-nodeB-blocks-sync
             value = 0.002680965147453083
pub-update-percentage-nodeB-status-sync
             value = 0.4991061452513966

-- Counters --------------------------------------------------------------------
sub-blocks-interestscounter-nodeA
             count = 69
sub-blocks-interestscounter-nodeC
             count = 75
sub-blocks-interestscounter-nodeD
             count = 73
sub-projectiles-interestscounter-nodeA
             count = 105
sub-projectiles-interestscounter-nodeC
             count = 99
sub-projectiles-interestscounter-nodeD
             count = 101
sub-status-interestscounter-nodeA
             count = 2216
sub-status-interestscounter-nodeC
             count = 2186
sub-status-interestscounter-nodeD
             count = 2229

-- Histograms ------------------------------------------------------------------
eng-status-delta-nodeA
             count = 2204
               min = 0
               max = 311
              mean = 2.24
            stddev = 24.23
            median = 0.00
              75% <= 0.00
              95% <= 0.00
              98% <= 11.00
              99% <= 25.00
            99.9% <= 311.00
eng-status-delta-nodeC
             count = 2178
               min = 0
               max = 311
              mean = 25.61
            stddev = 57.69
            median = 1.00
              75% <= 31.00
              95% <= 122.00
              98% <= 311.00
              99% <= 311.00
            99.9% <= 311.00
eng-status-delta-nodeD
             count = 2222
               min = 0
               max = 175
              mean = 2.61
            stddev = 8.83
            median = 0.00
              75% <= 0.00
              95% <= 22.00
              98% <= 31.00
              99% <= 31.00
            99.9% <= 122.00
sub-blocks-rtt-nodeA
             count = 10
               min = 8
               max = 904
              mean = 358.19
            stddev = 340.51
            median = 246.00
              75% <= 748.00
              95% <= 904.00
              98% <= 904.00
              99% <= 904.00
            99.9% <= 904.00
sub-blocks-rtt-nodeC
             count = 3
               min = 105
               max = 592
              mean = 283.70
            stddev = 219.73
            median = 174.00
              75% <= 592.00
              95% <= 592.00
              98% <= 592.00
              99% <= 592.00
            99.9% <= 592.00
sub-blocks-rtt-nodeD
             count = 6
               min = 101
               max = 908
              mean = 499.70
            stddev = 281.42
            median = 398.00
              75% <= 681.00
              95% <= 908.00
              98% <= 908.00
              99% <= 908.00
            99.9% <= 908.00
sub-projectiles-rtt-nodeA
             count = 40
               min = 14
               max = 1000
              mean = 359.84
            stddev = 309.09
            median = 319.00
              75% <= 533.00
              95% <= 939.00
              98% <= 1000.00
              99% <= 1000.00
            99.9% <= 1000.00
sub-projectiles-rtt-nodeC
             count = 40
               min = 14
               max = 1000
              mean = 433.95
            stddev = 298.43
            median = 516.00
              75% <= 582.00
              95% <= 978.00
              98% <= 1000.00
              99% <= 1000.00
            99.9% <= 1000.00
sub-projectiles-rtt-nodeD
             count = 41
               min = 2
               max = 999
              mean = 446.18
            stddev = 272.89
            median = 515.00
              75% <= 584.00
              95% <= 950.00
              98% <= 967.00
              99% <= 999.00
            99.9% <= 999.00
sub-status-rtt-nodeA
             count = 2216
               min = 1
               max = 97
              mean = 35.59
            stddev = 9.96
            median = 33.00
              75% <= 34.00
              95% <= 66.00
              98% <= 67.00
              99% <= 67.00
            99.9% <= 85.00
sub-status-rtt-nodeC
             count = 2186
               min = 2
               max = 85
              mean = 35.44
            stddev = 9.93
            median = 33.00
              75% <= 34.00
              95% <= 66.00
              98% <= 67.00
              99% <= 67.00
            99.9% <= 84.00
sub-status-rtt-nodeD
             count = 2229
               min = 5
               max = 92
              mean = 34.89
            stddev = 8.86
            median = 33.00
              75% <= 34.00
              95% <= 51.00
              98% <= 66.00
              99% <= 67.00
            99.9% <= 92.00

-- Meters ----------------------------------------------------------------------
pub-interest-rate-nodeB-blocks-sync
             count = 133
         mean rate = 1.70 events/second
     1-minute rate = 1.70 events/second
     5-minute rate = 1.47 events/second
    15-minute rate = 1.43 events/second
pub-interest-rate-nodeB-projectiles-sync
             count = 92
         mean rate = 1.17 events/second
     1-minute rate = 1.23 events/second
     5-minute rate = 1.50 events/second
    15-minute rate = 1.56 events/second
pub-interest-rate-nodeB-status-sync
             count = 2201
         mean rate = 28.10 events/second
     1-minute rate = 28.26 events/second
     5-minute rate = 28.64 events/second
    15-minute rate = 28.74 events/second


DEBUG [HeadlessApplication] (ProjectileCollisionSystem.java:108) - Bullet hit me, notifying owner and decreasing my health
DEBUG [HeadlessApplication] (ProjectileCollisionSystem.java:108) - Bullet hit me, notifying owner and decreasing my health
 WARN [bp-queue-proc-/com/stefanolupo/ndngame/0/nodeB/blocks/sync-1] (BasePublisher.java:98) - /com/stefanolupo/ndngame/0/nodeB/blocks/sync: Saw duplicate sn requests
 WARN [bp-queue-proc-/com/stefanolupo/ndngame/0/nodeB/blocks/sync-1] (BasePublisher.java:99) - [0=2, 7=4, 15=12, 6=2, 12=11, 14=6, 8=2, 21=24, 10=4, 11=5, 20=26, 13=2, 17=37, 19=5, 18=13]
 WARN [bp-queue-proc-/com/stefanolupo/ndngame/0/nodeB/status/sync-1] (BasePublisher.java:98) - /com/stefanolupo/ndngame/0/nodeB/status/sync: Saw duplicate sn requests
 WARN [bp-queue-proc-/com/stefanolupo/ndngame/0/nodeB/status/sync-1] (BasePublisher.java:99) - [0=2]
DEBUG [HeadlessApplication] (ProjectileCollisionSystem.java:108) - Bullet hit me, notifying owner and decreasing my health
3/20/19, 1:54:50 AM ============================================================

-- Gauges ----------------------------------------------------------------------
pub-update-percentage-nodeB-blocks-sync
             value = 0.0025111607142857145
pub-update-percentage-nodeB-status-sync
             value = 0.4992558139534884

-- Counters --------------------------------------------------------------------
sub-blocks-interestscounter-nodeA
             count = 98
sub-blocks-interestscounter-nodeC
             count = 104
sub-blocks-interestscounter-nodeD
             count = 102
sub-projectiles-interestscounter-nodeA
             count = 144
sub-projectiles-interestscounter-nodeC
             count = 138
sub-projectiles-interestscounter-nodeD
             count = 141
sub-status-interestscounter-nodeA
             count = 3059
sub-status-interestscounter-nodeC
             count = 3043
sub-status-interestscounter-nodeD
             count = 3089

-- Histograms ------------------------------------------------------------------
eng-status-delta-nodeA
             count = 3046
               min = 0
               max = 311
              mean = 3.43
            stddev = 22.52
            median = 0.00
              75% <= 0.00
              95% <= 11.00
              98% <= 39.00
              99% <= 100.00
            99.9% <= 311.00
eng-status-delta-nodeC
             count = 3033
               min = 0
               max = 311
              mean = 17.41
            stddev = 42.02
            median = 0.00
              75% <= 11.00
              95% <= 97.00
              98% <= 123.00
              99% <= 289.00
            99.9% <= 311.00
eng-status-delta-nodeD
             count = 3078
               min = 0
               max = 122
              mean = 3.68
            stddev = 12.73
            median = 0.00
              75% <= 0.00
              95% <= 22.00
              98% <= 33.00
              99% <= 51.00
            99.9% <= 122.00
sub-blocks-rtt-nodeA
             count = 11
               min = 8
               max = 904
              mean = 291.86
            stddev = 308.64
            median = 119.00
              75% <= 359.00
              95% <= 904.00
              98% <= 904.00
              99% <= 904.00
            99.9% <= 904.00
sub-blocks-rtt-nodeC
             count = 4
               min = 75
               max = 592
              mean = 180.30
            stddev = 187.75
            median = 105.00
              75% <= 174.00
              95% <= 592.00
              98% <= 592.00
              99% <= 592.00
            99.9% <= 592.00
sub-blocks-rtt-nodeD
             count = 7
               min = 101
               max = 908
              mean = 417.58
            stddev = 259.74
            median = 247.00
              75% <= 632.00
              95% <= 908.00
              98% <= 908.00
              99% <= 908.00
            99.9% <= 908.00
sub-projectiles-rtt-nodeA
             count = 57
               min = 14
               max = 1000
              mean = 398.86
            stddev = 306.12
            median = 482.00
              75% <= 598.00
              95% <= 939.00
              98% <= 1000.00
              99% <= 1000.00
            99.9% <= 1000.00
sub-projectiles-rtt-nodeC
             count = 57
               min = 14
               max = 1000
              mean = 437.96
            stddev = 319.98
            median = 516.00
              75% <= 667.00
              95% <= 978.00
              98% <= 1000.00
              99% <= 1000.00
            99.9% <= 1000.00
sub-projectiles-rtt-nodeD
             count = 59
               min = 2
               max = 999
              mean = 448.89
            stddev = 266.82
            median = 516.00
              75% <= 601.00
              95% <= 900.00
              98% <= 950.00
              99% <= 967.00
            99.9% <= 999.00
sub-status-rtt-nodeA
             count = 3058
               min = 1
               max = 85
              mean = 35.77
            stddev = 9.90
            median = 33.00
              75% <= 34.00
              95% <= 66.00
              98% <= 67.00
              99% <= 67.00
            99.9% <= 83.00
sub-status-rtt-nodeC
             count = 3042
               min = 2
               max = 94
              mean = 35.23
            stddev = 10.09
            median = 33.00
              75% <= 34.00
              95% <= 66.00
              98% <= 67.00
              99% <= 67.00
            99.9% <= 94.00
sub-status-rtt-nodeD
             count = 3088
               min = 5
               max = 92
              mean = 35.08
            stddev = 9.28
            median = 33.00
              75% <= 34.00
              95% <= 51.00
              98% <= 67.00
              99% <= 67.00
            99.9% <= 67.00

-- Meters ----------------------------------------------------------------------
pub-interest-rate-nodeB-blocks-sync
             count = 193
         mean rate = 1.78 events/second
     1-minute rate = 1.81 events/second
     5-minute rate = 1.52 events/second
    15-minute rate = 1.44 events/second
pub-interest-rate-nodeB-projectiles-sync
             count = 132
         mean rate = 1.22 events/second
     1-minute rate = 1.27 events/second
     5-minute rate = 1.48 events/second
    15-minute rate = 1.56 events/second
pub-interest-rate-nodeB-status-sync
             count = 3051
         mean rate = 28.18 events/second
     1-minute rate = 28.32 events/second
     5-minute rate = 28.62 events/second
    15-minute rate = 28.73 events/second


 WARN [bp-queue-proc-/com/stefanolupo/ndngame/0/nodeB/blocks/sync-1] (BasePublisher.java:98) - /com/stefanolupo/ndngame/0/nodeB/blocks/sync: Saw duplicate sn requests
 WARN [bp-queue-proc-/com/stefanolupo/ndngame/0/nodeB/blocks/sync-1] (BasePublisher.java:99) - [0=2, 17=51, 7=4, 15=12, 6=2, 12=11, 14=6, 8=2, 10=4, 11=5, 13=2, 20=38, 21=38, 19=5, 18=13]
 WARN [bp-queue-proc-/com/stefanolupo/ndngame/0/nodeB/status/sync-1] (BasePublisher.java:98) - /com/stefanolupo/ndngame/0/nodeB/status/sync: Saw duplicate sn requests
 WARN [bp-queue-proc-/com/stefanolupo/ndngame/0/nodeB/status/sync-1] (BasePublisher.java:99) - [0=2]
DEBUG [HeadlessApplication] (ProjectileCollisionSystem.java:108) - Bullet hit me, notifying owner and decreasing my health
DEBUG [HeadlessApplication] (ProjectileCollisionSystem.java:108) - Bullet hit me, notifying owner and decreasing my health
DEBUG [HeadlessApplication] (ProjectileCollisionSystem.java:108) - Bullet hit me, notifying owner and decreasing my health
