DEBUG [main] (ConfigManager.java:33) - Initialized with properties: {local.player.status.updates.per.sec=30, facemanager.num.sub.threads.per.face=10, linear.interest.zone.filter.inner.radius=10, projectile.cache.size=20, local.player.status.use.dead.reckoning=false, block.publisher.freshness.period.ms=20, player.status.publisher.freshness.period.ms=20, base.publisher.queue.process.per.sec=60, projectile.sub.inter.interest.max.wait.time.ms=2000, linear.interest.zone.filter.outer.radius=20, local.player.dead.reckoning.max.error=0.5, projectile.publisher.queue.process.multithread=true, statistics.logger.log.rate.sec=30, facemanager.max.num.pub.faces=15, facemanager.num.pub.threads.per.face=10, facemanager.max.num.sub.faces=15, block.sub.inter.interest.max.wait.time.ms=2000, projectile.publisher.queue.process.per.sec=60, base.publisher.queue.process.multithread=true, player.sub.inter.interest.max.wait.time.ms=2000, linear.interest.zone.filter.enabled=false, projectile.publisher.freshness.period.ms=20}
WARNING: An illegal reflective access operation has occurred
WARNING: Illegal reflective access by com.google.inject.internal.cglib.core.$ReflectUtils$2 (file:/NdnGame/NdnGameLibGdxDesktop-1.0-SNAPSHOT.jar) to method java.lang.ClassLoader.defineClass(java.lang.String,byte[],int,int,java.security.ProtectionDomain)
WARNING: Please consider reporting this to the maintainers of com.google.inject.internal.cglib.core.$ReflectUtils$2
WARNING: Use --illegal-access=warn to enable warnings of further illegal reflective access operations
WARNING: All illegal access operations will be denied in a future release
DEBUG [main] (BackendModule.java:123) - Writing metrics to /metrics/nodeA
 INFO [main] (BodyFactory.java:30) - Using quadrant size of 80.0 and quadrant gap of 20.0
 INFO [main] (DesktopLauncher.java:49) - Launching headless game
 INFO [main] (DesktopLauncher.java:50) - LocalConfig{playerName='nodeA', isMasterView=false, isAutomated=true, automationType='wsp', isHeadless=true, gameId=0, screenWidth=600, screenHeight=600, targetFrameRate=60}
DEBUG [main] (AutomatedInputController.java:52) - Starting with automation type: wsp
DEBUG [main] (BasePublisher.java:67) - Registering /com/stefanolupo/ndngame/0/nodeA/blocks/sync
DEBUG [main] (BasePublisher.java:67) - Registering /com/stefanolupo/ndngame/0/nodeA/status/sync
Apr 09, 2019 9:54:41 PM net.named_data.jndn.Node$RegisterResponse onData
INFO: Register prefix failed: Expected NFD status code 200, got: 403
Apr 09, 2019 9:54:41 PM net.named_data.jndn.Node$RegisterResponse onData
INFO: Register prefix succeeded with the NFD forwarder for prefix /com/stefanolupo/ndngame/0/nodeA/projectiles/sync
Apr 09, 2019 9:54:41 PM net.named_data.jndn.Node$RegisterResponse onData
INFO: Register prefix failed: Expected NFD status code 200, got: 403
Apr 09, 2019 9:54:41 PM net.named_data.jndn.Node$RegisterResponse onData
INFO: Register prefix succeeded with the NFD forwarder for prefix /com/stefanolupo/ndngame/0/nodeA/projectiles/interact
Apr 09, 2019 9:54:41 PM net.named_data.jndn.Node$RegisterResponse onData
INFO: Register prefix succeeded with the NFD forwarder for prefix /com/stefanolupo/ndngame/0/nodeA/blocks/interact
 WARN [fm-pub-0-1] (FaceManager.java:150) - Failed to register prefix: /com/stefanolupo/ndngame/0/nodeA/blocks/sync, retrying..
 WARN [fm-pub-2-2] (FaceManager.java:150) - Failed to register prefix: /com/stefanolupo/ndngame/0/nodeA/status/sync, retrying..
Apr 09, 2019 9:54:41 PM net.named_data.jndn.Node$RegisterResponse onData
INFO: Register prefix succeeded with the NFD forwarder for prefix /com/stefanolupo/ndngame/0/nodeA/blocks/sync
Apr 09, 2019 9:54:41 PM net.named_data.jndn.Node$RegisterResponse onData
INFO: Register prefix succeeded with the NFD forwarder for prefix /com/stefanolupo/ndngame/0/nodeA/status/sync
Apr 09, 2019 9:54:45 PM net.named_data.jndn.Node$RegisterResponse onData
INFO: Register prefix succeeded with the NFD forwarder for prefix /com/stefanolupo/ndngame/0/config/broadcast
Apr 09, 2019 9:54:45 PM net.named_data.jndn.Node$RegisterResponse onData
INFO: Register prefix succeeded with the NFD forwarder for prefix /com/stefanolupo/ndngame/0/config/nodeA
 INFO [cs-/com/stefanolupo/ndngame/0/config/nodeA-0] (ChronoSynced.java:93) - Initialized ChronoSyncedMap for /com/stefanolupo/ndngame/0/config/nodeA
Apr 09, 2019 9:54:46 PM net.named_data.jndn.Node$RegisterResponse onData
INFO: Register prefix succeeded with the NFD forwarder for prefix /com/stefanolupo/ndngame/0/discovery/broadcast
Apr 09, 2019 9:54:46 PM net.named_data.jndn.Node$RegisterResponse onData
INFO: Register prefix succeeded with the NFD forwarder for prefix /com/stefanolupo/ndngame/0/discovery/nodeA
 INFO [cs-/com/stefanolupo/ndngame/0/discovery/nodeA-0] (ChronoSynced.java:93) - Initialized ChronoSyncedMap for /com/stefanolupo/ndngame/0/discovery/nodeA
 INFO [cs-/com/stefanolupo/ndngame/0/discovery/nodeA-0] (PlayerStatusSubscriber.java:59) - Adding subscription for nodeF
 INFO [cs-/com/stefanolupo/ndngame/0/discovery/nodeA-0] (BlockSubscriber.java:55) - Adding subscription for /com/stefanolupo/ndngame/0/nodeF/blocks/sync/0/0/0
 INFO [cs-/com/stefanolupo/ndngame/0/discovery/nodeA-0] (ProjectileSubscriber.java:53) - Adding subscription for /com/stefanolupo/ndngame/0/nodeF/projectiles/sync/0/0/0
 INFO [fm-pub-3-1] (ProjectilePublisher.java:139) - Creating interest meter
 INFO [cs-/com/stefanolupo/ndngame/0/discovery/nodeA-0] (PlayerStatusSubscriber.java:59) - Adding subscription for nodeC
 INFO [cs-/com/stefanolupo/ndngame/0/discovery/nodeA-0] (BlockSubscriber.java:55) - Adding subscription for /com/stefanolupo/ndngame/0/nodeC/blocks/sync/0/0/0
 INFO [cs-/com/stefanolupo/ndngame/0/discovery/nodeA-0] (ProjectileSubscriber.java:53) - Adding subscription for /com/stefanolupo/ndngame/0/nodeC/projectiles/sync/0/0/0
 INFO [cs-/com/stefanolupo/ndngame/0/discovery/nodeA-0] (PlayerStatusSubscriber.java:59) - Adding subscription for nodeO
 INFO [cs-/com/stefanolupo/ndngame/0/discovery/nodeA-0] (BlockSubscriber.java:55) - Adding subscription for /com/stefanolupo/ndngame/0/nodeO/blocks/sync/0/0/0
 INFO [cs-/com/stefanolupo/ndngame/0/discovery/nodeA-0] (ProjectileSubscriber.java:53) - Adding subscription for /com/stefanolupo/ndngame/0/nodeO/projectiles/sync/0/0/0
 INFO [cs-/com/stefanolupo/ndngame/0/discovery/nodeA-0] (PlayerStatusSubscriber.java:59) - Adding subscription for nodeI
 INFO [cs-/com/stefanolupo/ndngame/0/discovery/nodeA-0] (BlockSubscriber.java:55) - Adding subscription for /com/stefanolupo/ndngame/0/nodeI/blocks/sync/0/0/0
 INFO [cs-/com/stefanolupo/ndngame/0/discovery/nodeA-0] (ProjectileSubscriber.java:53) - Adding subscription for /com/stefanolupo/ndngame/0/nodeI/projectiles/sync/0/0/0
 INFO [cs-/com/stefanolupo/ndngame/0/discovery/nodeA-0] (PlayerStatusSubscriber.java:59) - Adding subscription for nodeE
 INFO [cs-/com/stefanolupo/ndngame/0/discovery/nodeA-0] (BlockSubscriber.java:55) - Adding subscription for /com/stefanolupo/ndngame/0/nodeE/blocks/sync/0/0/0
 INFO [cs-/com/stefanolupo/ndngame/0/discovery/nodeA-0] (ProjectileSubscriber.java:53) - Adding subscription for /com/stefanolupo/ndngame/0/nodeE/projectiles/sync/0/0/0
 WARN [HeadlessApplication] (ProjectileCollisionSystem.java:62) - Type component was null for collision with PROJECTILE
 INFO [cs-/com/stefanolupo/ndngame/0/discovery/nodeA-0] (PlayerStatusSubscriber.java:59) - Adding subscription for nodeJ
 INFO [cs-/com/stefanolupo/ndngame/0/discovery/nodeA-0] (BlockSubscriber.java:55) - Adding subscription for /com/stefanolupo/ndngame/0/nodeJ/blocks/sync/0/0/0
 INFO [cs-/com/stefanolupo/ndngame/0/discovery/nodeA-0] (ProjectileSubscriber.java:53) - Adding subscription for /com/stefanolupo/ndngame/0/nodeJ/projectiles/sync/0/0/0
 INFO [cs-/com/stefanolupo/ndngame/0/discovery/nodeA-0] (PlayerStatusSubscriber.java:59) - Adding subscription for nodeM
 INFO [cs-/com/stefanolupo/ndngame/0/discovery/nodeA-0] (BlockSubscriber.java:55) - Adding subscription for /com/stefanolupo/ndngame/0/nodeM/blocks/sync/0/0/0
 INFO [cs-/com/stefanolupo/ndngame/0/discovery/nodeA-0] (ProjectileSubscriber.java:53) - Adding subscription for /com/stefanolupo/ndngame/0/nodeM/projectiles/sync/0/0/0
 WARN [cs-/com/stefanolupo/ndngame/0/config/nodeA-0] (ChronoSynced.java:118) - Timeout for interest: /com/stefanolupo/ndngame/0/config/nodeA/0?ndn.MustBeFresh=1&ndn.Nonce=%A4%AB%B8%D4
 INFO [cs-/com/stefanolupo/ndngame/0/discovery/nodeA-0] (PlayerStatusSubscriber.java:59) - Adding subscription for nodeG
 INFO [cs-/com/stefanolupo/ndngame/0/discovery/nodeA-0] (BlockSubscriber.java:55) - Adding subscription for /com/stefanolupo/ndngame/0/nodeG/blocks/sync/0/0/0
 INFO [cs-/com/stefanolupo/ndngame/0/discovery/nodeA-0] (ProjectileSubscriber.java:53) - Adding subscription for /com/stefanolupo/ndngame/0/nodeG/projectiles/sync/0/0/0
 INFO [cs-/com/stefanolupo/ndngame/0/discovery/nodeA-0] (PlayerStatusSubscriber.java:59) - Adding subscription for nodeNN
 INFO [cs-/com/stefanolupo/ndngame/0/discovery/nodeA-0] (BlockSubscriber.java:55) - Adding subscription for /com/stefanolupo/ndngame/0/nodeNN/blocks/sync/0/0/0
 INFO [cs-/com/stefanolupo/ndngame/0/discovery/nodeA-0] (ProjectileSubscriber.java:53) - Adding subscription for /com/stefanolupo/ndngame/0/nodeNN/projectiles/sync/0/0/0
 WARN [bp-queue-proc-/com/stefanolupo/ndngame/0/nodeA/blocks/sync-1] (BasePublisher.java:98) - /com/stefanolupo/ndngame/0/nodeA/blocks/sync: Saw duplicate sn requests
 WARN [bp-queue-proc-/com/stefanolupo/ndngame/0/nodeA/blocks/sync-1] (BasePublisher.java:99) - [0=8]
 WARN [bp-queue-proc-/com/stefanolupo/ndngame/0/nodeA/status/sync-1] (BasePublisher.java:98) - /com/stefanolupo/ndngame/0/nodeA/status/sync: Saw duplicate sn requests
 WARN [bp-queue-proc-/com/stefanolupo/ndngame/0/nodeA/status/sync-1] (BasePublisher.java:99) - [0=10, 591=2, 495=2]
DEBUG [HeadlessApplication] (ProjectileCollisionSystem.java:108) - Bullet hit me, notifying owner and decreasing my health
 INFO [cs-/com/stefanolupo/ndngame/0/discovery/nodeA-0] (PlayerStatusSubscriber.java:59) - Adding subscription for nodeH
 INFO [cs-/com/stefanolupo/ndngame/0/discovery/nodeA-0] (BlockSubscriber.java:55) - Adding subscription for /com/stefanolupo/ndngame/0/nodeH/blocks/sync/0/0/0
 INFO [cs-/com/stefanolupo/ndngame/0/discovery/nodeA-0] (ProjectileSubscriber.java:53) - Adding subscription for /com/stefanolupo/ndngame/0/nodeH/projectiles/sync/0/0/0
 INFO [cs-/com/stefanolupo/ndngame/0/discovery/nodeA-0] (PlayerStatusSubscriber.java:59) - Adding subscription for nodeK
 INFO [cs-/com/stefanolupo/ndngame/0/discovery/nodeA-0] (BlockSubscriber.java:55) - Adding subscription for /com/stefanolupo/ndngame/0/nodeK/blocks/sync/0/0/0
 INFO [cs-/com/stefanolupo/ndngame/0/discovery/nodeA-0] (ProjectileSubscriber.java:53) - Adding subscription for /com/stefanolupo/ndngame/0/nodeK/projectiles/sync/0/0/0
 WARN [HeadlessApplication] (ProjectileCollisionSystem.java:62) - Type component was null for collision with PROJECTILE
 INFO [cs-/com/stefanolupo/ndngame/0/discovery/nodeA-0] (PlayerStatusSubscriber.java:59) - Adding subscription for nodeB
 INFO [cs-/com/stefanolupo/ndngame/0/discovery/nodeA-0] (BlockSubscriber.java:55) - Adding subscription for /com/stefanolupo/ndngame/0/nodeB/blocks/sync/0/0/0
 INFO [cs-/com/stefanolupo/ndngame/0/discovery/nodeA-0] (ProjectileSubscriber.java:53) - Adding subscription for /com/stefanolupo/ndngame/0/nodeB/projectiles/sync/0/0/0
 INFO [cs-/com/stefanolupo/ndngame/0/discovery/nodeA-0] (PlayerStatusSubscriber.java:59) - Adding subscription for nodeD
 INFO [cs-/com/stefanolupo/ndngame/0/discovery/nodeA-0] (BlockSubscriber.java:55) - Adding subscription for /com/stefanolupo/ndngame/0/nodeD/blocks/sync/0/0/0
 INFO [cs-/com/stefanolupo/ndngame/0/discovery/nodeA-0] (ProjectileSubscriber.java:53) - Adding subscription for /com/stefanolupo/ndngame/0/nodeD/projectiles/sync/0/0/0
4/9/19, 9:55:10 PM =============================================================

-- Gauges ----------------------------------------------------------------------
pub-update-percentage-nodeA-blocks-sync
             value = 0.0
pub-update-percentage-nodeA-status-sync
             value = 0.4971973094170404

-- Counters --------------------------------------------------------------------
dr-counter-null
             count = 0
dr-counter-skip
             count = 0
dr-counter-threshold
             count = 0
dr-counter-velocity
             count = 0
sub-blocks-interestscounter-nodeB
             count = 4
sub-blocks-interestscounter-nodeC
             count = 17
sub-blocks-interestscounter-nodeD
             count = 2
sub-blocks-interestscounter-nodeE
             count = 14
sub-blocks-interestscounter-nodeF
             count = 23
sub-blocks-interestscounter-nodeG
             count = 11
sub-blocks-interestscounter-nodeH
             count = 7
sub-blocks-interestscounter-nodeI
             count = 16
sub-blocks-interestscounter-nodeJ
             count = 12
sub-blocks-interestscounter-nodeK
             count = 5
sub-blocks-interestscounter-nodeM
             count = 12
sub-blocks-interestscounter-nodeNN
             count = 10
sub-blocks-interestscounter-nodeO
             count = 16
sub-projectiles-interestscounter-nodeB
             count = 2
sub-projectiles-interestscounter-nodeC
             count = 10
sub-projectiles-interestscounter-nodeD
             count = 1
sub-projectiles-interestscounter-nodeE
             count = 9
sub-projectiles-interestscounter-nodeF
             count = 14
sub-projectiles-interestscounter-nodeG
             count = 6
sub-projectiles-interestscounter-nodeH
             count = 4
sub-projectiles-interestscounter-nodeI
             count = 10
sub-projectiles-interestscounter-nodeJ
             count = 9
sub-projectiles-interestscounter-nodeK
             count = 3
sub-projectiles-interestscounter-nodeM
             count = 7
sub-projectiles-interestscounter-nodeNN
             count = 6
sub-projectiles-interestscounter-nodeO
             count = 10
sub-status-interestscounter-nodeB
             count = 85
sub-status-interestscounter-nodeC
             count = 393
sub-status-interestscounter-nodeD
             count = 35
sub-status-interestscounter-nodeE
             count = 316
sub-status-interestscounter-nodeF
             count = 612
sub-status-interestscounter-nodeG
             count = 260
sub-status-interestscounter-nodeH
             count = 147
sub-status-interestscounter-nodeI
             count = 382
sub-status-interestscounter-nodeJ
             count = 272
sub-status-interestscounter-nodeK
             count = 114
sub-status-interestscounter-nodeM
             count = 285
sub-status-interestscounter-nodeNN
             count = 250
sub-status-interestscounter-nodeO
             count = 349

-- Histograms ------------------------------------------------------------------
eng-status-delta-nodeB
             count = 78
               min = 0
               max = 31
              mean = 3.54
            stddev = 6.86
            median = 0.00
              75% <= 0.00
              95% <= 22.00
              98% <= 22.00
              99% <= 31.00
            99.9% <= 31.00
eng-status-delta-nodeC
             count = 384
               min = 0
               max = 63
              mean = 4.84
            stddev = 10.79
            median = 0.00
              75% <= 0.00
              95% <= 25.00
              98% <= 44.00
              99% <= 56.00
            99.9% <= 63.00
eng-status-delta-nodeD
             count = 32
               min = 0
               max = 44
              mean = 8.72
            stddev = 12.02
            median = 0.00
              75% <= 11.00
              95% <= 44.00
              98% <= 44.00
              99% <= 44.00
            99.9% <= 44.00
eng-status-delta-nodeE
             count = 307
               min = 0
               max = 80
              mean = 4.35
            stddev = 9.27
            median = 0.00
              75% <= 11.00
              95% <= 22.00
              98% <= 31.00
              99% <= 40.00
            99.9% <= 80.00
eng-status-delta-nodeF
             count = 601
               min = 0
               max = 117
              mean = 3.64
            stddev = 10.44
            median = 0.00
              75% <= 0.00
              95% <= 22.00
              98% <= 33.00
              99% <= 44.00
            99.9% <= 117.00
eng-status-delta-nodeG
             count = 248
               min = 0
               max = 58
              mean = 4.15
            stddev = 9.68
            median = 0.00
              75% <= 0.00
              95% <= 25.00
              98% <= 39.00
              99% <= 45.00
            99.9% <= 58.00
eng-status-delta-nodeH
             count = 142
               min = 0
               max = 150
              mean = 5.28
            stddev = 16.73
            median = 0.00
              75% <= 0.00
              95% <= 31.00
              98% <= 71.00
              99% <= 71.00
            99.9% <= 150.00
eng-status-delta-nodeI
             count = 374
               min = 0
               max = 105
              mean = 5.96
            stddev = 12.45
            median = 0.00
              75% <= 11.00
              95% <= 31.00
              98% <= 44.00
              99% <= 63.00
            99.9% <= 105.00
eng-status-delta-nodeJ
             count = 264
               min = 0
               max = 47
              mean = 4.68
            stddev = 9.07
            median = 0.00
              75% <= 11.00
              95% <= 22.00
              98% <= 35.00
              99% <= 47.00
            99.9% <= 47.00
eng-status-delta-nodeK
             count = 105
               min = 0
               max = 89
              mean = 4.42
            stddev = 11.47
            median = 0.00
              75% <= 0.00
              95% <= 25.00
              98% <= 33.00
              99% <= 40.00
            99.9% <= 89.00
eng-status-delta-nodeM
             count = 278
               min = 0
               max = 63
              mean = 3.70
            stddev = 8.13
            median = 0.00
              75% <= 0.00
              95% <= 22.00
              98% <= 25.00
              99% <= 40.00
            99.9% <= 63.00
eng-status-delta-nodeNN
             count = 243
               min = 0
               max = 56
              mean = 4.70
            stddev = 8.41
            median = 0.00
              75% <= 11.00
              95% <= 22.00
              98% <= 25.00
              99% <= 31.00
            99.9% <= 56.00
eng-status-delta-nodeO
             count = 339
               min = 0
               max = 63
              mean = 4.99
            stddev = 11.07
            median = 0.00
              75% <= 0.00
              95% <= 31.00
              98% <= 44.00
              99% <= 56.00
            99.9% <= 63.00
packet-size-block
             count = 0
               min = 0
               max = 0
              mean = 0.00
            stddev = 0.00
            median = 0.00
              75% <= 0.00
              95% <= 0.00
              98% <= 0.00
              99% <= 0.00
            99.9% <= 0.00
packet-size-projectile
             count = 55
               min = 89
               max = 1770
              mean = 623.52
            stddev = 677.63
            median = 440.00
              75% <= 1671.00
              95% <= 1770.00
              98% <= 1770.00
              99% <= 1770.00
            99.9% <= 1770.00
packet-size-status
             count = 890
               min = 42
               max = 52
              mean = 44.40
            stddev = 2.51
            median = 42.00
              75% <= 47.00
              95% <= 47.00
              98% <= 47.00
              99% <= 47.00
            99.9% <= 52.00
sub-blocks-rtt-nodeB
             count = 0
               min = 0
               max = 0
              mean = 0.00
            stddev = 0.00
            median = 0.00
              75% <= 0.00
              95% <= 0.00
              98% <= 0.00
              99% <= 0.00
            99.9% <= 0.00
sub-blocks-rtt-nodeC
             count = 0
               min = 0
               max = 0
              mean = 0.00
            stddev = 0.00
            median = 0.00
              75% <= 0.00
              95% <= 0.00
              98% <= 0.00
              99% <= 0.00
            99.9% <= 0.00
sub-blocks-rtt-nodeD
             count = 0
               min = 0
               max = 0
              mean = 0.00
            stddev = 0.00
            median = 0.00
              75% <= 0.00
              95% <= 0.00
              98% <= 0.00
              99% <= 0.00
            99.9% <= 0.00
sub-blocks-rtt-nodeE
             count = 0
               min = 0
               max = 0
              mean = 0.00
            stddev = 0.00
            median = 0.00
              75% <= 0.00
              95% <= 0.00
              98% <= 0.00
              99% <= 0.00
            99.9% <= 0.00
sub-blocks-rtt-nodeF
             count = 2
               min = 274
               max = 728
              mean = 490.79
            stddev = 226.77
            median = 274.00
              75% <= 728.00
              95% <= 728.00
              98% <= 728.00
              99% <= 728.00
            99.9% <= 728.00
sub-blocks-rtt-nodeG
             count = 0
               min = 0
               max = 0
              mean = 0.00
            stddev = 0.00
            median = 0.00
              75% <= 0.00
              95% <= 0.00
              98% <= 0.00
              99% <= 0.00
            99.9% <= 0.00
sub-blocks-rtt-nodeH
             count = 0
               min = 0
               max = 0
              mean = 0.00
            stddev = 0.00
            median = 0.00
              75% <= 0.00
              95% <= 0.00
              98% <= 0.00
              99% <= 0.00
            99.9% <= 0.00
sub-blocks-rtt-nodeI
             count = 0
               min = 0
               max = 0
              mean = 0.00
            stddev = 0.00
            median = 0.00
              75% <= 0.00
              95% <= 0.00
              98% <= 0.00
              99% <= 0.00
            99.9% <= 0.00
sub-blocks-rtt-nodeJ
             count = 0
               min = 0
               max = 0
              mean = 0.00
            stddev = 0.00
            median = 0.00
              75% <= 0.00
              95% <= 0.00
              98% <= 0.00
              99% <= 0.00
            99.9% <= 0.00
sub-blocks-rtt-nodeK
             count = 0
               min = 0
               max = 0
              mean = 0.00
            stddev = 0.00
            median = 0.00
              75% <= 0.00
              95% <= 0.00
              98% <= 0.00
              99% <= 0.00
            99.9% <= 0.00
sub-blocks-rtt-nodeM
             count = 0
               min = 0
               max = 0
              mean = 0.00
            stddev = 0.00
            median = 0.00
              75% <= 0.00
              95% <= 0.00
              98% <= 0.00
              99% <= 0.00
            99.9% <= 0.00
sub-blocks-rtt-nodeNN
             count = 0
               min = 0
               max = 0
              mean = 0.00
            stddev = 0.00
            median = 0.00
              75% <= 0.00
              95% <= 0.00
              98% <= 0.00
              99% <= 0.00
            99.9% <= 0.00
sub-blocks-rtt-nodeO
             count = 0
               min = 0
               max = 0
              mean = 0.00
            stddev = 0.00
            median = 0.00
              75% <= 0.00
              95% <= 0.00
              98% <= 0.00
              99% <= 0.00
            99.9% <= 0.00
sub-projectiles-rtt-nodeB
             count = 2
               min = 34
               max = 44
              mean = 39.07
            stddev = 5.00
            median = 44.00
              75% <= 44.00
              95% <= 44.00
              98% <= 44.00
              99% <= 44.00
            99.9% <= 44.00
sub-projectiles-rtt-nodeC
             count = 7
               min = 11
               max = 527
              mean = 100.70
            stddev = 187.66
            median = 12.00
              75% <= 32.00
              95% <= 527.00
              98% <= 527.00
              99% <= 527.00
            99.9% <= 527.00
sub-projectiles-rtt-nodeD
             count = 1
               min = 82
               max = 82
              mean = 82.00
            stddev = 0.00
            median = 82.00
              75% <= 82.00
              95% <= 82.00
              98% <= 82.00
              99% <= 82.00
            99.9% <= 82.00
sub-projectiles-rtt-nodeE
             count = 6
               min = 7
               max = 297
              mean = 78.16
            stddev = 105.73
            median = 45.00
              75% <= 48.00
              95% <= 297.00
              98% <= 297.00
              99% <= 297.00
            99.9% <= 297.00
sub-projectiles-rtt-nodeF
             count = 11
               min = 14
               max = 718
              mean = 199.08
            stddev = 258.63
            median = 42.00
              75% <= 303.00
              95% <= 718.00
              98% <= 718.00
              99% <= 718.00
            99.9% <= 718.00
sub-projectiles-rtt-nodeG
             count = 6
               min = 13
               max = 80
              mean = 39.87
            stddev = 21.25
            median = 36.00
              75% <= 47.00
              95% <= 80.00
              98% <= 80.00
              99% <= 80.00
            99.9% <= 80.00
sub-projectiles-rtt-nodeH
             count = 4
               min = 5
               max = 46
              mean = 18.51
            stddev = 16.96
            median = 16.00
              75% <= 46.00
              95% <= 46.00
              98% <= 46.00
              99% <= 46.00
            99.9% <= 46.00
sub-projectiles-rtt-nodeI
             count = 7
               min = 22
               max = 265
              mean = 72.20
            stddev = 83.48
            median = 40.00
              75% <= 51.00
              95% <= 265.00
              98% <= 265.00
              99% <= 265.00
            99.9% <= 265.00
sub-projectiles-rtt-nodeJ
             count = 3
               min = 16
               max = 30
              mean = 23.07
            stddev = 5.79
            median = 23.00
              75% <= 30.00
              95% <= 30.00
              98% <= 30.00
              99% <= 30.00
            99.9% <= 30.00
sub-projectiles-rtt-nodeK
             count = 2
               min = 8
               max = 45
              mean = 26.92
            stddev = 18.50
            median = 45.00
              75% <= 45.00
              95% <= 45.00
              98% <= 45.00
              99% <= 45.00
            99.9% <= 45.00
sub-projectiles-rtt-nodeM
             count = 5
               min = 18
               max = 625
              mean = 151.01
            stddev = 237.10
            median = 40.00
              75% <= 48.00
              95% <= 625.00
              98% <= 625.00
              99% <= 625.00
            99.9% <= 625.00
sub-projectiles-rtt-nodeNN
             count = 4
               min = 8
               max = 60
              mean = 41.87
            stddev = 20.34
            median = 55.00
              75% <= 60.00
              95% <= 60.00
              98% <= 60.00
              99% <= 60.00
            99.9% <= 60.00
sub-projectiles-rtt-nodeO
             count = 6
               min = 19
               max = 818
              mean = 295.39
            stddev = 285.44
            median = 416.00
              75% <= 419.00
              95% <= 818.00
              98% <= 818.00
              99% <= 818.00
            99.9% <= 818.00
sub-status-rtt-nodeB
             count = 86
               min = 5
               max = 108
              mean = 44.94
            stddev = 21.57
            median = 42.00
              75% <= 58.00
              95% <= 86.00
              98% <= 105.00
              99% <= 108.00
            99.9% <= 108.00
sub-status-rtt-nodeC
             count = 394
               min = 2
               max = 104
              mean = 42.74
            stddev = 18.07
            median = 35.00
              75% <= 60.00
              95% <= 69.00
              98% <= 83.00
              99% <= 89.00
            99.9% <= 104.00
sub-status-rtt-nodeD
             count = 36
               min = 5
               max = 102
              mean = 52.30
            stddev = 23.30
            median = 53.00
              75% <= 68.00
              95% <= 93.00
              98% <= 102.00
              99% <= 102.00
            99.9% <= 102.00
sub-status-rtt-nodeE
             count = 317
               min = 2
               max = 102
              mean = 43.78
            stddev = 19.03
            median = 35.00
              75% <= 62.00
              95% <= 74.00
              98% <= 86.00
              99% <= 95.00
            99.9% <= 102.00
sub-status-rtt-nodeF
             count = 613
               min = 2
               max = 93
              mean = 39.07
            stddev = 15.35
            median = 33.00
              75% <= 44.00
              95% <= 67.00
              98% <= 72.00
              99% <= 84.00
            99.9% <= 93.00
sub-status-rtt-nodeG
             count = 261
               min = 2
               max = 89
              mean = 41.63
            stddev = 18.33
            median = 35.00
              75% <= 54.00
              95% <= 68.00
              98% <= 83.00
              99% <= 85.00
            99.9% <= 89.00
sub-status-rtt-nodeH
             count = 150
               min = 1
               max = 122
              mean = 46.02
            stddev = 20.33
            median = 45.00
              75% <= 66.00
              95% <= 69.00
              98% <= 84.00
              99% <= 88.00
            99.9% <= 122.00
sub-status-rtt-nodeI
             count = 385
               min = 2
               max = 94
              mean = 41.04
            stddev = 17.08
            median = 34.00
              75% <= 50.00
              95% <= 68.00
              98% <= 85.00
              99% <= 88.00
            99.9% <= 94.00
sub-status-rtt-nodeJ
             count = 273
               min = 2
               max = 103
              mean = 43.66
            stddev = 19.46
            median = 41.00
              75% <= 62.00
              95% <= 74.00
              98% <= 85.00
              99% <= 88.00
            99.9% <= 103.00
sub-status-rtt-nodeK
             count = 115
               min = 2
               max = 119
              mean = 42.38
            stddev = 23.82
            median = 42.00
              75% <= 53.00
              95% <= 92.00
              98% <= 103.00
              99% <= 110.00
            99.9% <= 119.00
sub-status-rtt-nodeM
             count = 286
               min = 3
               max = 103
              mean = 41.51
            stddev = 17.74
            median = 34.00
              75% <= 51.00
              95% <= 69.00
              98% <= 84.00
              99% <= 97.00
            99.9% <= 103.00
sub-status-rtt-nodeNN
             count = 252
               min = 2
               max = 98
              mean = 39.15
            stddev = 15.72
            median = 34.00
              75% <= 48.00
              95% <= 67.00
              98% <= 83.00
              99% <= 85.00
            99.9% <= 98.00
sub-status-rtt-nodeO
             count = 350
               min = 1
               max = 110
              mean = 45.34
            stddev = 19.05
            median = 42.00
              75% <= 66.00
              95% <= 69.00
              98% <= 78.00
              99% <= 81.00
            99.9% <= 110.00

-- Meters ----------------------------------------------------------------------
pub-interest-rate-nodeA-blocks-sync
             count = 17
         mean rate = 0.87 events/second
     1-minute rate = 0.82 events/second
     5-minute rate = 0.80 events/second
    15-minute rate = 0.80 events/second
pub-interest-rate-nodeA-projectiles-sync
             count = 59
         mean rate = 3.01 events/second
     1-minute rate = 2.20 events/second
     5-minute rate = 2.20 events/second
    15-minute rate = 2.20 events/second
pub-interest-rate-nodeA-status-sync
             count = 612
         mean rate = 31.16 events/second
     1-minute rate = 31.32 events/second
     5-minute rate = 31.38 events/second
    15-minute rate = 31.39 events/second


 INFO [cs-/com/stefanolupo/ndngame/0/discovery/nodeA-0] (PlayerStatusSubscriber.java:59) - Adding subscription for nodeP
 INFO [cs-/com/stefanolupo/ndngame/0/discovery/nodeA-0] (BlockSubscriber.java:55) - Adding subscription for /com/stefanolupo/ndngame/0/nodeP/blocks/sync/0/0/0
 INFO [cs-/com/stefanolupo/ndngame/0/discovery/nodeA-0] (ProjectileSubscriber.java:53) - Adding subscription for /com/stefanolupo/ndngame/0/nodeP/projectiles/sync/0/0/0
 INFO [cs-/com/stefanolupo/ndngame/0/discovery/nodeA-0] (PlayerStatusSubscriber.java:59) - Adding subscription for nodeL
 INFO [cs-/com/stefanolupo/ndngame/0/discovery/nodeA-0] (BlockSubscriber.java:55) - Adding subscription for /com/stefanolupo/ndngame/0/nodeL/blocks/sync/0/0/0
 INFO [cs-/com/stefanolupo/ndngame/0/discovery/nodeA-0] (ProjectileSubscriber.java:53) - Adding subscription for /com/stefanolupo/ndngame/0/nodeL/projectiles/sync/0/0/0
 WARN [cs-/com/stefanolupo/ndngame/0/discovery/nodeA-0] (ChronoSynced.java:118) - Timeout for interest: /com/stefanolupo/ndngame/0/discovery/nodeA/1?ndn.MustBeFresh=1&ndn.Nonce=%D4%13%1B%8D
 WARN [cs-/com/stefanolupo/ndngame/0/discovery/nodeA-0] (ChronoSynced.java:118) - Timeout for interest: /com/stefanolupo/ndngame/0/discovery/nodeA/1?ndn.MustBeFresh=1&ndn.Nonce=%FD%91%98%B0
 WARN [cs-/com/stefanolupo/ndngame/0/discovery/nodeA-0] (ChronoSynced.java:118) - Timeout for interest: /com/stefanolupo/ndngame/0/discovery/nodeA/1?ndn.MustBeFresh=1&ndn.Nonce=%96d%DCN
 WARN [cs-/com/stefanolupo/ndngame/0/discovery/nodeA-0] (ChronoSynced.java:118) - Timeout for interest: /com/stefanolupo/ndngame/0/discovery/nodeA/1?ndn.MustBeFresh=1&ndn.Nonce=%9D%9A%EC%01
 WARN [cs-/com/stefanolupo/ndngame/0/discovery/nodeA-0] (ChronoSynced.java:118) - Timeout for interest: /com/stefanolupo/ndngame/0/discovery/nodeA/1?ndn.MustBeFresh=1&ndn.Nonce=c%05%24z
 WARN [cs-/com/stefanolupo/ndngame/0/discovery/nodeA-0] (ChronoSynced.java:118) - Timeout for interest: /com/stefanolupo/ndngame/0/discovery/nodeA/1?ndn.MustBeFresh=1&ndn.Nonce=1%7E%8Ba
 WARN [cs-/com/stefanolupo/ndngame/0/discovery/nodeA-0] (ChronoSynced.java:118) - Timeout for interest: /com/stefanolupo/ndngame/0/discovery/nodeA/1?ndn.MustBeFresh=1&ndn.Nonce=%AF%93%0Do
 WARN [cs-/com/stefanolupo/ndngame/0/discovery/nodeA-0] (ChronoSynced.java:118) - Timeout for interest: /com/stefanolupo/ndngame/0/discovery/nodeA/1?ndn.MustBeFresh=1&ndn.Nonce=%E2%06%1E%A9
 WARN [cs-/com/stefanolupo/ndngame/0/discovery/nodeA-0] (ChronoSynced.java:118) - Timeout for interest: /com/stefanolupo/ndngame/0/discovery/nodeA/1?ndn.MustBeFresh=1&ndn.Nonce=I%B8%07%AD
 WARN [cs-/com/stefanolupo/ndngame/0/discovery/nodeA-0] (ChronoSynced.java:118) - Timeout for interest: /com/stefanolupo/ndngame/0/discovery/nodeA/1?ndn.MustBeFresh=1&ndn.Nonce=%07%8B%A0%5C
 WARN [cs-/com/stefanolupo/ndngame/0/discovery/nodeA-0] (ChronoSynced.java:118) - Timeout for interest: /com/stefanolupo/ndngame/0/discovery/nodeA/1?ndn.MustBeFresh=1&ndn.Nonce=%ED%B6%E3%DD
 WARN [cs-/com/stefanolupo/ndngame/0/discovery/nodeA-0] (ChronoSynced.java:118) - Timeout for interest: /com/stefanolupo/ndngame/0/discovery/nodeA/1?ndn.MustBeFresh=1&ndn.Nonce=v%BB%5C%AE
 WARN [cs-/com/stefanolupo/ndngame/0/discovery/nodeA-0] (ChronoSynced.java:118) - Timeout for interest: /com/stefanolupo/ndngame/0/discovery/nodeA/1?ndn.MustBeFresh=1&ndn.Nonce=%09%C5%01%E6
 WARN [cs-/com/stefanolupo/ndngame/0/discovery/nodeA-0] (ChronoSynced.java:118) - Timeout for interest: /com/stefanolupo/ndngame/0/discovery/nodeA/1?ndn.MustBeFresh=1&ndn.Nonce=%17%14B%C3
 WARN [cs-/com/stefanolupo/ndngame/0/discovery/nodeA-0] (ChronoSynced.java:118) - Timeout for interest: /com/stefanolupo/ndngame/0/discovery/nodeA/1?ndn.MustBeFresh=1&ndn.Nonce=3%14%DC%08
 WARN [cs-/com/stefanolupo/ndngame/0/discovery/nodeA-0] (ChronoSynced.java:118) - Timeout for interest: /com/stefanolupo/ndngame/0/discovery/nodeA/1?ndn.MustBeFresh=1&ndn.Nonce=%0E8Z6
 WARN [cs-/com/stefanolupo/ndngame/0/discovery/nodeA-0] (ChronoSynced.java:118) - Timeout for interest: /com/stefanolupo/ndngame/0/discovery/nodeA/1?ndn.MustBeFresh=1&ndn.Nonce=cY%EC%15
 WARN [cs-/com/stefanolupo/ndngame/0/discovery/nodeA-0] (ChronoSynced.java:118) - Timeout for interest: /com/stefanolupo/ndngame/0/discovery/nodeA/1?ndn.MustBeFresh=1&ndn.Nonce=%3A%F7%3D%A4
 WARN [cs-/com/stefanolupo/ndngame/0/discovery/nodeA-0] (ChronoSynced.java:118) - Timeout for interest: /com/stefanolupo/ndngame/0/discovery/nodeA/1?ndn.MustBeFresh=1&ndn.Nonce=%89b%F4%F6
 WARN [cs-/com/stefanolupo/ndngame/0/discovery/nodeA-0] (ChronoSynced.java:118) - Timeout for interest: /com/stefanolupo/ndngame/0/discovery/nodeA/1?ndn.MustBeFresh=1&ndn.Nonce=%21%22%17%2F
 WARN [HeadlessApplication] (ProjectileCollisionSystem.java:62) - Type component was null for collision with PROJECTILE
 WARN [cs-/com/stefanolupo/ndngame/0/discovery/nodeA-0] (ChronoSynced.java:118) - Timeout for interest: /com/stefanolupo/ndngame/0/discovery/nodeA/1?ndn.MustBeFresh=1&ndn.Nonce=%E9%E0i%BF
 WARN [cs-/com/stefanolupo/ndngame/0/discovery/nodeA-0] (ChronoSynced.java:118) - Timeout for interest: /com/stefanolupo/ndngame/0/discovery/nodeA/1?ndn.MustBeFresh=1&ndn.Nonce=%E3%10x%8E
 WARN [cs-/com/stefanolupo/ndngame/0/discovery/nodeA-0] (ChronoSynced.java:118) - Timeout for interest: /com/stefanolupo/ndngame/0/discovery/nodeA/1?ndn.MustBeFresh=1&ndn.Nonce=K%10QM
 WARN [cs-/com/stefanolupo/ndngame/0/discovery/nodeA-0] (ChronoSynced.java:118) - Timeout for interest: /com/stefanolupo/ndngame/0/discovery/nodeA/1?ndn.MustBeFresh=1&ndn.Nonce=R%8A%CD%06
 WARN [cs-/com/stefanolupo/ndngame/0/discovery/nodeA-0] (ChronoSynced.java:118) - Timeout for interest: /com/stefanolupo/ndngame/0/discovery/nodeA/1?ndn.MustBeFresh=1&ndn.Nonce=%E0yD%E9
 WARN [cs-/com/stefanolupo/ndngame/0/discovery/nodeA-0] (ChronoSynced.java:118) - Timeout for interest: /com/stefanolupo/ndngame/0/discovery/nodeA/1?ndn.MustBeFresh=1&ndn.Nonce=%D1t%BD%A1
 WARN [bp-queue-proc-/com/stefanolupo/ndngame/0/nodeA/blocks/sync-1] (BasePublisher.java:98) - /com/stefanolupo/ndngame/0/nodeA/blocks/sync: Saw duplicate sn requests
 WARN [bp-queue-proc-/com/stefanolupo/ndngame/0/nodeA/blocks/sync-1] (BasePublisher.java:99) - [3=2, 0=24, 1=8]
 WARN [bp-queue-proc-/com/stefanolupo/ndngame/0/nodeA/status/sync-1] (BasePublisher.java:98) - /com/stefanolupo/ndngame/0/nodeA/status/sync: Saw duplicate sn requests
 WARN [bp-queue-proc-/com/stefanolupo/ndngame/0/nodeA/status/sync-1] (BasePublisher.java:99) - [866=2, 1186=2, 641=2, 865=2, 1094=2, 1035=2, 872=2, 969=2, 495=2, 591=2, 751=2, 879=2, 780=2, 940=2, 0=15, 850=2, 1171=2, 726=2, 730=2, 984=2, 894=2, 861=2, 925=2]
4/9/19, 9:55:40 PM =============================================================

-- Gauges ----------------------------------------------------------------------
pub-update-percentage-nodeA-blocks-sync
             value = 0.0016736401673640166
pub-update-percentage-nodeA-status-sync
             value = 0.497069494836729

-- Counters --------------------------------------------------------------------
dr-counter-null
             count = 0
dr-counter-skip
             count = 0
dr-counter-threshold
             count = 0
dr-counter-velocity
             count = 0
sub-blocks-interestscounter-nodeB
             count = 34
sub-blocks-interestscounter-nodeC
             count = 45
sub-blocks-interestscounter-nodeD
             count = 31
sub-blocks-interestscounter-nodeE
             count = 43
sub-blocks-interestscounter-nodeF
             count = 51
sub-blocks-interestscounter-nodeG
             count = 40
sub-blocks-interestscounter-nodeH
             count = 37
sub-blocks-interestscounter-nodeI
             count = 45
sub-blocks-interestscounter-nodeJ
             count = 40
sub-blocks-interestscounter-nodeK
             count = 34
sub-blocks-interestscounter-nodeL
             count = 28
sub-blocks-interestscounter-nodeM
             count = 40
sub-blocks-interestscounter-nodeNN
             count = 38
sub-blocks-interestscounter-nodeO
             count = 46
sub-blocks-interestscounter-nodeP
             count = 29
sub-projectiles-interestscounter-nodeB
             count = 19
sub-projectiles-interestscounter-nodeC
             count = 26
sub-projectiles-interestscounter-nodeD
             count = 19
sub-projectiles-interestscounter-nodeE
             count = 25
sub-projectiles-interestscounter-nodeF
             count = 31
sub-projectiles-interestscounter-nodeG
             count = 24
sub-projectiles-interestscounter-nodeH
             count = 21
sub-projectiles-interestscounter-nodeI
             count = 26
sub-projectiles-interestscounter-nodeJ
             count = 25
sub-projectiles-interestscounter-nodeK
             count = 20
sub-projectiles-interestscounter-nodeL
             count = 17
sub-projectiles-interestscounter-nodeM
             count = 25
sub-projectiles-interestscounter-nodeNN
             count = 23
sub-projectiles-interestscounter-nodeO
             count = 27
sub-projectiles-interestscounter-nodeP
             count = 17
sub-status-interestscounter-nodeB
             count = 911
sub-status-interestscounter-nodeC
             count = 1195
sub-status-interestscounter-nodeD
             count = 837
sub-status-interestscounter-nodeE
             count = 1155
sub-status-interestscounter-nodeF
             count = 1385
sub-status-interestscounter-nodeG
             count = 1106
sub-status-interestscounter-nodeH
             count = 964
sub-status-interestscounter-nodeI
             count = 1187
sub-status-interestscounter-nodeJ
             count = 1103
sub-status-interestscounter-nodeK
             count = 955
sub-status-interestscounter-nodeL
             count = 773
sub-status-interestscounter-nodeM
             count = 1084
sub-status-interestscounter-nodeNN
             count = 1094
sub-status-interestscounter-nodeO
             count = 1161
sub-status-interestscounter-nodeP
             count = 792

-- Histograms ------------------------------------------------------------------
eng-status-delta-nodeB
             count = 882
               min = 0
               max = 131
              mean = 5.02
            stddev = 13.10
            median = 0.00
              75% <= 11.00
              95% <= 22.00
              98% <= 44.00
              99% <= 68.00
            99.9% <= 131.00
eng-status-delta-nodeC
             count = 1164
               min = 0
               max = 211
              mean = 5.62
            stddev = 15.64
            median = 0.00
              75% <= 11.00
              95% <= 25.00
              98% <= 44.00
              99% <= 79.00
            99.9% <= 211.00
eng-status-delta-nodeD
             count = 805
               min = 0
               max = 175
              mean = 4.66
            stddev = 13.35
            median = 0.00
              75% <= 0.00
              95% <= 22.00
              98% <= 33.00
              99% <= 56.00
            99.9% <= 175.00
eng-status-delta-nodeE
             count = 1127
               min = 0
               max = 200
              mean = 4.84
            stddev = 14.80
            median = 0.00
              75% <= 0.00
              95% <= 22.00
              98% <= 40.00
              99% <= 71.00
            99.9% <= 200.00
eng-status-delta-nodeF
             count = 1356
               min = 0
               max = 200
              mean = 5.04
            stddev = 15.02
            median = 0.00
              75% <= 0.00
              95% <= 22.00
              98% <= 40.00
              99% <= 88.00
            99.9% <= 200.00
eng-status-delta-nodeG
             count = 1072
               min = 0
               max = 126
              mean = 4.75
            stddev = 12.32
            median = 0.00
              75% <= 0.00
              95% <= 25.00
              98% <= 40.00
              99% <= 44.00
            99.9% <= 126.00
eng-status-delta-nodeH
             count = 941
               min = 0
               max = 150
              mean = 5.05
            stddev = 13.57
            median = 0.00
              75% <= 0.00
              95% <= 31.00
              98% <= 44.00
              99% <= 71.00
            99.9% <= 122.00
eng-status-delta-nodeI
             count = 1157
               min = 0
               max = 200
              mean = 6.05
            stddev = 17.12
            median = 0.00
              75% <= 11.00
              95% <= 31.00
              98% <= 63.00
              99% <= 100.00
            99.9% <= 200.00
eng-status-delta-nodeJ
             count = 1077
               min = 0
               max = 188
              mean = 5.26
            stddev = 15.11
            median = 0.00
              75% <= 0.00
              95% <= 25.00
              98% <= 47.00
              99% <= 78.00
            99.9% <= 133.00
eng-status-delta-nodeK
             count = 922
               min = 0
               max = 127
              mean = 4.54
            stddev = 11.62
            median = 0.00
              75% <= 0.00
              95% <= 22.00
              98% <= 40.00
              99% <= 56.00
            99.9% <= 127.00
eng-status-delta-nodeL
             count = 753
               min = 0
               max = 95
              mean = 4.18
            stddev = 11.09
            median = 0.00
              75% <= 0.00
              95% <= 22.00
              98% <= 33.00
              99% <= 63.00
            99.9% <= 95.00
eng-status-delta-nodeM
             count = 1060
               min = 0
               max = 128
              mean = 4.28
            stddev = 12.76
            median = 0.00
              75% <= 0.00
              95% <= 22.00
              98% <= 40.00
              99% <= 68.00
            99.9% <= 128.00
eng-status-delta-nodeNN
             count = 1065
               min = 0
               max = 128
              mean = 4.46
            stddev = 13.01
            median = 0.00
              75% <= 0.00
              95% <= 22.00
              98% <= 33.00
              99% <= 47.00
            99.9% <= 127.00
eng-status-delta-nodeO
             count = 1137
               min = 0
               max = 122
              mean = 5.46
            stddev = 14.26
            median = 0.00
              75% <= 8.00
              95% <= 31.00
              98% <= 47.00
              99% <= 75.00
            99.9% <= 122.00
eng-status-delta-nodeP
             count = 769
               min = 0
               max = 126
              mean = 5.31
            stddev = 13.57
            median = 0.00
              75% <= 6.00
              95% <= 25.00
              98% <= 49.00
              99% <= 60.00
            99.9% <= 126.00
packet-size-block
             count = 6
               min = 76
               max = 304
              mean = 213.75
            stddev = 83.31
            median = 228.00
              75% <= 304.00
              95% <= 304.00
              98% <= 304.00
              99% <= 304.00
            99.9% <= 304.00
packet-size-projectile
             count = 174
               min = 89
               max = 1770
              mean = 380.76
            stddev = 417.22
            median = 351.00
              75% <= 440.00
              95% <= 1765.00
              98% <= 1765.00
              99% <= 1770.00
            99.9% <= 1770.00
packet-size-status
             count = 1790
               min = 42
               max = 52
              mean = 44.45
            stddev = 2.51
            median = 42.00
              75% <= 47.00
              95% <= 47.00
              98% <= 47.00
              99% <= 47.00
            99.9% <= 47.00
sub-blocks-rtt-nodeB
             count = 0
               min = 0
               max = 0
              mean = 0.00
            stddev = 0.00
            median = 0.00
              75% <= 0.00
              95% <= 0.00
              98% <= 0.00
              99% <= 0.00
            99.9% <= 0.00
sub-blocks-rtt-nodeC
             count = 2
               min = 314
               max = 534
              mean = 410.05
            stddev = 109.11
            median = 314.00
              75% <= 534.00
              95% <= 534.00
              98% <= 534.00
              99% <= 534.00
            99.9% <= 534.00
sub-blocks-rtt-nodeD
             count = 1
               min = 646
               max = 646
              mean = 646.00
            stddev = 0.00
            median = 646.00
              75% <= 646.00
              95% <= 646.00
              98% <= 646.00
              99% <= 646.00
            99.9% <= 646.00
sub-blocks-rtt-nodeE
             count = 1
               min = 279
               max = 279
              mean = 279.00
            stddev = 0.00
            median = 279.00
              75% <= 279.00
              95% <= 279.00
              98% <= 279.00
              99% <= 279.00
            99.9% <= 279.00
sub-blocks-rtt-nodeF
             count = 3
               min = 274
               max = 974
              mean = 701.26
            stddev = 293.99
            median = 728.00
              75% <= 974.00
              95% <= 974.00
              98% <= 974.00
              99% <= 974.00
            99.9% <= 974.00
sub-blocks-rtt-nodeG
             count = 1
               min = 116
               max = 116
              mean = 116.00
            stddev = 0.00
            median = 116.00
              75% <= 116.00
              95% <= 116.00
              98% <= 116.00
              99% <= 116.00
            99.9% <= 116.00
sub-blocks-rtt-nodeH
             count = 0
               min = 0
               max = 0
              mean = 0.00
            stddev = 0.00
            median = 0.00
              75% <= 0.00
              95% <= 0.00
              98% <= 0.00
              99% <= 0.00
            99.9% <= 0.00
sub-blocks-rtt-nodeI
             count = 1
               min = 184
               max = 184
              mean = 184.00
            stddev = 0.00
            median = 184.00
              75% <= 184.00
              95% <= 184.00
              98% <= 184.00
              99% <= 184.00
            99.9% <= 184.00
sub-blocks-rtt-nodeJ
             count = 2
               min = 595
               max = 704
              mean = 645.83
            stddev = 54.38
            median = 595.00
              75% <= 704.00
              95% <= 704.00
              98% <= 704.00
              99% <= 704.00
            99.9% <= 704.00
sub-blocks-rtt-nodeK
             count = 1
               min = 59
               max = 59
              mean = 59.00
            stddev = 0.00
            median = 59.00
              75% <= 59.00
              95% <= 59.00
              98% <= 59.00
              99% <= 59.00
            99.9% <= 59.00
sub-blocks-rtt-nodeL
             count = 2
               min = 586
               max = 996
              mean = 783.32
            stddev = 204.86
            median = 586.00
              75% <= 996.00
              95% <= 996.00
              98% <= 996.00
              99% <= 996.00
            99.9% <= 996.00
sub-blocks-rtt-nodeM
             count = 2
               min = 614
               max = 638
              mean = 624.74
            stddev = 11.93
            median = 614.00
              75% <= 638.00
              95% <= 638.00
              98% <= 638.00
              99% <= 638.00
            99.9% <= 638.00
sub-blocks-rtt-nodeNN
             count = 2
               min = 324
               max = 509
              mean = 404.77
            stddev = 91.75
            median = 324.00
              75% <= 509.00
              95% <= 509.00
              98% <= 509.00
              99% <= 509.00
            99.9% <= 509.00
sub-blocks-rtt-nodeO
             count = 0
               min = 0
               max = 0
              mean = 0.00
            stddev = 0.00
            median = 0.00
              75% <= 0.00
              95% <= 0.00
              98% <= 0.00
              99% <= 0.00
            99.9% <= 0.00
sub-blocks-rtt-nodeP
             count = 1
               min = 519
               max = 519
              mean = 519.00
            stddev = 0.00
            median = 519.00
              75% <= 519.00
              95% <= 519.00
              98% <= 519.00
              99% <= 519.00
            99.9% <= 519.00
sub-projectiles-rtt-nodeB
             count = 15
               min = 1
               max = 572
              mean = 66.61
            stddev = 148.39
            median = 29.00
              75% <= 37.00
              95% <= 572.00
              98% <= 572.00
              99% <= 572.00
            99.9% <= 572.00
sub-projectiles-rtt-nodeC
             count = 21
               min = 11
               max = 527
              mean = 112.42
            stddev = 171.37
            median = 37.00
              75% <= 95.00
              95% <= 524.00
              98% <= 527.00
              99% <= 527.00
            99.9% <= 527.00
sub-projectiles-rtt-nodeD
             count = 13
               min = 13
               max = 271
              mean = 56.10
            stddev = 71.97
            median = 35.00
              75% <= 44.00
              95% <= 271.00
              98% <= 271.00
              99% <= 271.00
            99.9% <= 271.00
sub-projectiles-rtt-nodeE
             count = 20
               min = 7
               max = 297
              mean = 63.34
            stddev = 92.11
            median = 22.00
              75% <= 45.00
              95% <= 280.00
              98% <= 297.00
              99% <= 297.00
            99.9% <= 297.00
sub-projectiles-rtt-nodeF
             count = 23
               min = 6
               max = 718
              mean = 139.93
            stddev = 221.17
            median = 31.00
              75% <= 125.00
              95% <= 702.00
              98% <= 718.00
              99% <= 718.00
            99.9% <= 718.00
sub-projectiles-rtt-nodeG
             count = 18
               min = 5
               max = 150
              mean = 38.01
            stddev = 36.78
            median = 28.00
              75% <= 47.00
              95% <= 150.00
              98% <= 150.00
              99% <= 150.00
            99.9% <= 150.00
sub-projectiles-rtt-nodeH
             count = 16
               min = 2
               max = 500
              mean = 48.88
            stddev = 124.60
            median = 8.00
              75% <= 32.00
              95% <= 500.00
              98% <= 500.00
              99% <= 500.00
            99.9% <= 500.00
sub-projectiles-rtt-nodeI
             count = 20
               min = 11
               max = 265
              mean = 47.83
            stddev = 52.90
            median = 37.00
              75% <= 44.00
              95% <= 124.00
              98% <= 265.00
              99% <= 265.00
            99.9% <= 265.00
sub-projectiles-rtt-nodeJ
             count = 17
               min = 2
               max = 720
              mean = 109.18
            stddev = 196.96
            median = 27.00
              75% <= 49.00
              95% <= 720.00
              98% <= 720.00
              99% <= 720.00
            99.9% <= 720.00
sub-projectiles-rtt-nodeK
             count = 15
               min = 2
               max = 648
              mean = 125.05
            stddev = 205.09
            median = 30.00
              75% <= 216.00
              95% <= 648.00
              98% <= 648.00
              99% <= 648.00
            99.9% <= 648.00
sub-projectiles-rtt-nodeL
             count = 12
               min = 2
               max = 50
              mean = 18.53
            stddev = 15.41
            median = 19.00
              75% <= 21.00
              95% <= 50.00
              98% <= 50.00
              99% <= 50.00
            99.9% <= 50.00
sub-projectiles-rtt-nodeM
             count = 18
               min = 2
               max = 625
              mean = 72.64
            stddev = 134.33
            median = 24.00
              75% <= 40.00
              95% <= 242.00
              98% <= 625.00
              99% <= 625.00
            99.9% <= 625.00
sub-projectiles-rtt-nodeNN
             count = 17
               min = 8
               max = 546
              mean = 128.14
            stddev = 182.97
            median = 43.00
              75% <= 102.00
              95% <= 546.00
              98% <= 546.00
              99% <= 546.00
            99.9% <= 546.00
sub-projectiles-rtt-nodeO
             count = 19
               min = 8
               max = 818
              mean = 113.32
            stddev = 200.06
            median = 25.00
              75% <= 30.00
              95% <= 419.00
              98% <= 818.00
              99% <= 818.00
            99.9% <= 818.00
sub-projectiles-rtt-nodeP
             count = 13
               min = 6
               max = 912
              mean = 165.24
            stddev = 257.06
            median = 36.00
              75% <= 109.00
              95% <= 912.00
              98% <= 912.00
              99% <= 912.00
            99.9% <= 912.00
sub-status-rtt-nodeB
             count = 912
               min = 1
               max = 108
              mean = 36.85
            stddev = 15.37
            median = 34.00
              75% <= 43.00
              95% <= 67.00
              98% <= 80.00
              99% <= 89.00
            99.9% <= 107.00
sub-status-rtt-nodeC
             count = 1196
               min = 2
               max = 113
              mean = 38.13
            stddev = 15.74
            median = 34.00
              75% <= 44.00
              95% <= 67.00
              98% <= 78.00
              99% <= 84.00
            99.9% <= 110.00
sub-status-rtt-nodeD
             count = 838
               min = 1
               max = 117
              mean = 37.58
            stddev = 16.38
            median = 34.00
              75% <= 44.00
              95% <= 69.00
              98% <= 83.00
              99% <= 93.00
            99.9% <= 117.00
sub-status-rtt-nodeE
             count = 1156
               min = 2
               max = 102
              mean = 37.24
            stddev = 14.77
            median = 34.00
              75% <= 42.00
              95% <= 67.00
              98% <= 74.00
              99% <= 83.00
            99.9% <= 102.00
sub-status-rtt-nodeF
             count = 1385
               min = 2
               max = 112
              mean = 38.34
            stddev = 15.76
            median = 34.00
              75% <= 43.00
              95% <= 69.00
              98% <= 81.00
              99% <= 85.00
            99.9% <= 112.00
sub-status-rtt-nodeG
             count = 1107
               min = 2
               max = 112
              mean = 36.22
            stddev = 13.92
            median = 34.00
              75% <= 41.00
              95% <= 66.00
              98% <= 68.00
              99% <= 79.00
            99.9% <= 112.00
sub-status-rtt-nodeH
             count = 964
               min = 1
               max = 122
              mean = 37.56
            stddev = 15.63
            median = 34.00
              75% <= 43.00
              95% <= 67.00
              98% <= 78.00
              99% <= 84.00
            99.9% <= 118.00
sub-status-rtt-nodeI
             count = 1189
               min = 2
               max = 179
              mean = 38.07
            stddev = 16.35
            median = 34.00
              75% <= 43.00
              95% <= 67.00
              98% <= 81.00
              99% <= 89.00
            99.9% <= 179.00
sub-status-rtt-nodeJ
             count = 1104
               min = 2
               max = 217
              mean = 37.13
            stddev = 16.17
            median = 34.00
              75% <= 43.00
              95% <= 67.00
              98% <= 76.00
              99% <= 85.00
            99.9% <= 217.00
sub-status-rtt-nodeK
             count = 956
               min = 2
               max = 220
              mean = 36.20
            stddev = 16.18
            median = 34.00
              75% <= 42.00
              95% <= 66.00
              98% <= 76.00
              99% <= 87.00
            99.9% <= 220.00
sub-status-rtt-nodeL
             count = 775
               min = 2
               max = 180
              mean = 37.07
            stddev = 15.68
            median = 34.00
              75% <= 40.00
              95% <= 67.00
              98% <= 82.00
              99% <= 87.00
            99.9% <= 180.00
sub-status-rtt-nodeM
             count = 1085
               min = 2
               max = 148
              mean = 38.14
            stddev = 15.98
            median = 34.00
              75% <= 43.00
              95% <= 68.00
              98% <= 79.00
              99% <= 87.00
            99.9% <= 148.00
sub-status-rtt-nodeNN
             count = 1097
               min = 1
               max = 117
              mean = 35.86
            stddev = 13.00
            median = 34.00
              75% <= 41.00
              95% <= 63.00
              98% <= 68.00
              99% <= 84.00
            99.9% <= 96.00
sub-status-rtt-nodeO
             count = 1163
               min = 1
               max = 115
              mean = 38.34
            stddev = 15.59
            median = 34.00
              75% <= 44.00
              95% <= 67.00
              98% <= 78.00
              99% <= 83.00
            99.9% <= 115.00
sub-status-rtt-nodeP
             count = 793
               min = 1
               max = 178
              mean = 37.62
            stddev = 17.19
            median = 34.00
              75% <= 42.00
              95% <= 70.00
              98% <= 85.00
              99% <= 98.00
            99.9% <= 178.00

-- Meters ----------------------------------------------------------------------
pub-interest-rate-nodeA-blocks-sync
             count = 92
         mean rate = 1.85 events/second
     1-minute rate = 1.36 events/second
     5-minute rate = 0.93 events/second
    15-minute rate = 0.84 events/second
pub-interest-rate-nodeA-projectiles-sync
             count = 183
         mean rate = 3.69 events/second
     1-minute rate = 3.05 events/second
     5-minute rate = 2.41 events/second
    15-minute rate = 2.27 events/second
pub-interest-rate-nodeA-status-sync
             count = 1515
         mean rate = 30.51 events/second
     1-minute rate = 30.95 events/second
     5-minute rate = 31.29 events/second
    15-minute rate = 31.36 events/second


 WARN [bp-queue-proc-/com/stefanolupo/ndngame/0/nodeA/blocks/sync-1] (BasePublisher.java:98) - /com/stefanolupo/ndngame/0/nodeA/blocks/sync: Saw duplicate sn requests
 WARN [bp-queue-proc-/com/stefanolupo/ndngame/0/nodeA/blocks/sync-1] (BasePublisher.java:99) - [3=17, 6=2, 0=37, 1=25, 4=11]
 WARN [bp-queue-proc-/com/stefanolupo/ndngame/0/nodeA/status/sync-1] (BasePublisher.java:98) - /com/stefanolupo/ndngame/0/nodeA/status/sync: Saw duplicate sn requests
 WARN [bp-queue-proc-/com/stefanolupo/ndngame/0/nodeA/status/sync-1] (BasePublisher.java:99) - [1792=2, 641=2, 1094=2, 1035=2, 969=2, 591=2, 780=2, 0=15, 850=2, 1171=2, 726=2, 1239=2, 730=2, 1690=2, 984=2, 861=2, 925=2, 866=2, 1186=2, 865=2, 1254=2, 1380=2, 1258=2, 872=2, 495=2, 751=2, 879=2, 940=2, 1394=2, 1392=2, 1332=2, 894=2, 1406=2]
 WARN [HeadlessApplication] (ProjectileCollisionSystem.java:62) - Type component was null for collision with PROJECTILE
 WARN [HeadlessApplication] (ProjectileCollisionSystem.java:62) - Type component was null for collision with PROJECTILE
 WARN [bp-queue-proc-/com/stefanolupo/ndngame/0/nodeA/blocks/sync-1] (BasePublisher.java:98) - /com/stefanolupo/ndngame/0/nodeA/blocks/sync: Saw duplicate sn requests
 WARN [bp-queue-proc-/com/stefanolupo/ndngame/0/nodeA/blocks/sync-1] (BasePublisher.java:99) - [8=8, 10=10, 11=11, 16=2, 6=4, 1=37, 0=37, 3=20, 4=28, 14=2]
 WARN [bp-queue-proc-/com/stefanolupo/ndngame/0/nodeA/status/sync-1] (BasePublisher.java:98) - /com/stefanolupo/ndngame/0/nodeA/status/sync: Saw duplicate sn requests
 WARN [bp-queue-proc-/com/stefanolupo/ndngame/0/nodeA/status/sync-1] (BasePublisher.java:99) - [2050=2, 1792=2, 641=2, 1796=2, 1035=2, 1931=2, 1935=2, 2319=2, 780=2, 0=15, 1171=2, 2065=2, 2193=2, 1690=2, 925=2, 1186=2, 1824=2, 1952=2, 2337=2, 2346=2, 2217=2, 2222=2, 2350=2, 2095=2, 940=2, 1969=2, 2353=2, 1332=2, 2101=2, 1850=2, 2108=2, 2240=2, 1094=2, 969=2, 2121=2, 2382=2, 591=2, 2124=2, 850=2, 726=2, 1239=2, 730=2, 984=2, 2008=2, 2268=2, 861=2, 866=2, 865=2, 1254=2, 1894=2, 1380=2, 1258=2, 872=2, 495=2, 751=2, 879=2, 1394=2, 2034=2, 1392=2, 2289=2, 1910=2, 2295=2, 2037=2, 2296=2, 894=2, 1406=2, 2172=2]
 WARN [HeadlessApplication] (ProjectileCollisionSystem.java:62) - Type component was null for collision with PROJECTILE
 WARN [HeadlessApplication] (ProjectileCollisionSystem.java:62) - Type component was null for collision with PROJECTILE
 WARN [HeadlessApplication] (ProjectileCollisionSystem.java:62) - Type component was null for collision with PROJECTILE
4/9/19, 9:56:10 PM =============================================================

-- Gauges ----------------------------------------------------------------------
pub-update-percentage-nodeA-blocks-sync
             value = 0.003342618384401114
pub-update-percentage-nodeA-status-sync
             value = 0.4918276374442793

-- Counters --------------------------------------------------------------------
dr-counter-null
             count = 0
dr-counter-skip
             count = 0
dr-counter-threshold
             count = 0
dr-counter-velocity
             count = 0
sub-blocks-interestscounter-nodeB
             count = 64
sub-blocks-interestscounter-nodeC
             count = 74
sub-blocks-interestscounter-nodeD
             count = 60
sub-blocks-interestscounter-nodeE
             count = 73
sub-blocks-interestscounter-nodeF
             count = 81
sub-blocks-interestscounter-nodeG
             count = 69
sub-blocks-interestscounter-nodeH
             count = 67
sub-blocks-interestscounter-nodeI
             count = 73
sub-blocks-interestscounter-nodeJ
             count = 69
sub-blocks-interestscounter-nodeK
             count = 64
sub-blocks-interestscounter-nodeL
             count = 57
sub-blocks-interestscounter-nodeM
             count = 69
sub-blocks-interestscounter-nodeNN
             count = 68
sub-blocks-interestscounter-nodeO
             count = 75
sub-blocks-interestscounter-nodeP
             count = 57
sub-projectiles-interestscounter-nodeB
             count = 34
sub-projectiles-interestscounter-nodeC
             count = 43
sub-projectiles-interestscounter-nodeD
             count = 36
sub-projectiles-interestscounter-nodeE
             count = 41
sub-projectiles-interestscounter-nodeF
             count = 48
sub-projectiles-interestscounter-nodeG
             count = 40
sub-projectiles-interestscounter-nodeH
             count = 37
sub-projectiles-interestscounter-nodeI
             count = 42
sub-projectiles-interestscounter-nodeJ
             count = 42
sub-projectiles-interestscounter-nodeK
             count = 37
sub-projectiles-interestscounter-nodeL
             count = 34
sub-projectiles-interestscounter-nodeM
             count = 42
sub-projectiles-interestscounter-nodeNN
             count = 41
sub-projectiles-interestscounter-nodeO
             count = 43
sub-projectiles-interestscounter-nodeP
             count = 35
sub-status-interestscounter-nodeB
             count = 1711
sub-status-interestscounter-nodeC
             count = 1954
sub-status-interestscounter-nodeD
             count = 1606
sub-status-interestscounter-nodeE
             count = 1966
sub-status-interestscounter-nodeF
             count = 2202
sub-status-interestscounter-nodeG
             count = 1915
sub-status-interestscounter-nodeH
             count = 1748
sub-status-interestscounter-nodeI
             count = 1996
sub-status-interestscounter-nodeJ
             count = 1867
sub-status-interestscounter-nodeK
             count = 1733
sub-status-interestscounter-nodeL
             count = 1571
sub-status-interestscounter-nodeM
             count = 1880
sub-status-interestscounter-nodeNN
             count = 1858
sub-status-interestscounter-nodeO
             count = 1909
sub-status-interestscounter-nodeP
             count = 1586

-- Histograms ------------------------------------------------------------------
eng-status-delta-nodeB
             count = 1633
               min = 0
               max = 200
              mean = 5.30
            stddev = 15.31
            median = 0.00
              75% <= 11.00
              95% <= 22.00
              98% <= 44.00
              99% <= 71.00
            99.9% <= 200.00
eng-status-delta-nodeC
             count = 1868
               min = 0
               max = 166
              mean = 9.38
            stddev = 17.68
            median = 0.00
              75% <= 11.00
              95% <= 44.00
              98% <= 56.00
              99% <= 66.00
            99.9% <= 166.00
eng-status-delta-nodeD
             count = 1527
               min = 0
               max = 200
              mean = 5.78
            stddev = 14.89
            median = 0.00
              75% <= 11.00
              95% <= 22.00
              98% <= 35.00
              99% <= 89.00
            99.9% <= 200.00
eng-status-delta-nodeE
             count = 1910
               min = 0
               max = 133
              mean = 5.40
            stddev = 13.73
            median = 0.00
              75% <= 11.00
              95% <= 23.00
              98% <= 44.00
              99% <= 67.00
            99.9% <= 111.00
eng-status-delta-nodeF
             count = 2121
               min = 0
               max = 208
              mean = 10.86
            stddev = 23.77
            median = 0.00
              75% <= 11.00
              95% <= 53.00
              98% <= 102.00
              99% <= 122.00
            99.9% <= 208.00
eng-status-delta-nodeG
             count = 1842
               min = 0
               max = 126
              mean = 5.10
            stddev = 12.38
            median = 0.00
              75% <= 11.00
              95% <= 25.00
              98% <= 44.00
              99% <= 56.00
            99.9% <= 122.00
eng-status-delta-nodeH
             count = 1688
               min = 0
               max = 211
              mean = 5.79
            stddev = 15.27
            median = 0.00
              75% <= 11.00
              95% <= 25.00
              98% <= 44.00
              99% <= 79.00
            99.9% <= 135.00
eng-status-delta-nodeI
             count = 1911
               min = 0
               max = 200
              mean = 7.13
            stddev = 17.40
            median = 0.00
              75% <= 11.00
              95% <= 39.00
              98% <= 63.00
              99% <= 97.00
            99.9% <= 200.00
eng-status-delta-nodeJ
             count = 1811
               min = 0
               max = 221
              mean = 7.01
            stddev = 19.30
            median = 0.00
              75% <= 11.00
              95% <= 33.00
              98% <= 80.00
              99% <= 111.00
            99.9% <= 221.00
eng-status-delta-nodeK
             count = 1662
               min = 0
               max = 200
              mean = 5.90
            stddev = 14.95
            median = 0.00
              75% <= 11.00
              95% <= 23.00
              98% <= 50.00
              99% <= 75.00
            99.9% <= 200.00
eng-status-delta-nodeL
             count = 1513
               min = 0
               max = 200
              mean = 5.41
            stddev = 14.50
            median = 0.00
              75% <= 0.00
              95% <= 31.00
              98% <= 44.00
              99% <= 75.00
            99.9% <= 200.00
eng-status-delta-nodeM
             count = 1819
               min = 0
               max = 128
              mean = 4.52
            stddev = 11.83
            median = 0.00
              75% <= 0.00
              95% <= 22.00
              98% <= 33.00
              99% <= 55.00
            99.9% <= 112.00
eng-status-delta-nodeNN
             count = 1803
               min = 0
               max = 133
              mean = 5.56
            stddev = 14.72
            median = 0.00
              75% <= 11.00
              95% <= 22.00
              98% <= 40.00
              99% <= 79.00
            99.9% <= 128.00
eng-status-delta-nodeO
             count = 1857
               min = 0
               max = 133
              mean = 6.02
            stddev = 13.86
            median = 0.00
              75% <= 11.00
              95% <= 31.00
              98% <= 47.00
              99% <= 67.00
            99.9% <= 133.00
eng-status-delta-nodeP
             count = 1514
               min = 0
               max = 134
              mean = 5.75
            stddev = 14.06
            median = 0.00
              75% <= 11.00
              95% <= 22.00
              98% <= 47.00
              99% <= 87.00
            99.9% <= 134.00
packet-size-block
             count = 20
               min = 76
               max = 304
              mean = 246.10
            stddev = 64.17
            median = 228.00
              75% <= 304.00
              95% <= 304.00
              98% <= 304.00
              99% <= 304.00
            99.9% <= 304.00
packet-size-projectile
             count = 316
               min = 89
               max = 1770
              mean = 400.61
            stddev = 347.26
            median = 351.00
              75% <= 440.00
              95% <= 1053.00
              98% <= 1765.00
              99% <= 1765.00
            99.9% <= 1770.00
packet-size-status
             count = 2688
               min = 42
               max = 47
              mean = 44.33
            stddev = 2.49
            median = 42.00
              75% <= 47.00
              95% <= 47.00
              98% <= 47.00
              99% <= 47.00
            99.9% <= 47.00
sub-blocks-rtt-nodeB
             count = 0
               min = 0
               max = 0
              mean = 0.00
            stddev = 0.00
            median = 0.00
              75% <= 0.00
              95% <= 0.00
              98% <= 0.00
              99% <= 0.00
            99.9% <= 0.00
sub-blocks-rtt-nodeC
             count = 3
               min = 314
               max = 933
              mean = 624.49
            stddev = 270.52
            median = 534.00
              75% <= 933.00
              95% <= 933.00
              98% <= 933.00
              99% <= 933.00
            99.9% <= 933.00
sub-blocks-rtt-nodeD
             count = 2
               min = 20
               max = 646
              mean = 288.70
            stddev = 309.85
            median = 20.00
              75% <= 646.00
              95% <= 646.00
              98% <= 646.00
              99% <= 646.00
            99.9% <= 646.00
sub-blocks-rtt-nodeE
             count = 1
               min = 279
               max = 279
              mean = 279.00
            stddev = 0.00
            median = 279.00
              75% <= 279.00
              95% <= 279.00
              98% <= 279.00
              99% <= 279.00
            99.9% <= 279.00
sub-blocks-rtt-nodeF
             count = 3
               min = 274
               max = 974
              mean = 701.26
            stddev = 293.99
            median = 728.00
              75% <= 974.00
              95% <= 974.00
              98% <= 974.00
              99% <= 974.00
            99.9% <= 974.00
sub-blocks-rtt-nodeG
             count = 2
               min = 116
               max = 498
              mean = 332.63
            stddev = 189.27
            median = 498.00
              75% <= 498.00
              95% <= 498.00
              98% <= 498.00
              99% <= 498.00
            99.9% <= 498.00
sub-blocks-rtt-nodeH
             count = 0
               min = 0
               max = 0
              mean = 0.00
            stddev = 0.00
            median = 0.00
              75% <= 0.00
              95% <= 0.00
              98% <= 0.00
              99% <= 0.00
            99.9% <= 0.00
sub-blocks-rtt-nodeI
             count = 3
               min = 184
               max = 929
              mean = 534.77
            stddev = 297.60
            median = 404.00
              75% <= 929.00
              95% <= 929.00
              98% <= 929.00
              99% <= 929.00
            99.9% <= 929.00
sub-blocks-rtt-nodeJ
             count = 3
               min = 291
               max = 704
              mean = 477.54
            stddev = 181.51
            median = 595.00
              75% <= 595.00
              95% <= 704.00
              98% <= 704.00
              99% <= 704.00
            99.9% <= 704.00
sub-blocks-rtt-nodeK
             count = 1
               min = 59
               max = 59
              mean = 59.00
            stddev = 0.00
            median = 59.00
              75% <= 59.00
              95% <= 59.00
              98% <= 59.00
              99% <= 59.00
            99.9% <= 59.00
sub-blocks-rtt-nodeL
             count = 2
               min = 586
               max = 996
              mean = 783.32
            stddev = 204.86
            median = 586.00
              75% <= 996.00
              95% <= 996.00
              98% <= 996.00
              99% <= 996.00
            99.9% <= 996.00
sub-blocks-rtt-nodeM
             count = 3
               min = 614
               max = 816
              mean = 709.96
            stddev = 95.47
            median = 638.00
              75% <= 816.00
              95% <= 816.00
              98% <= 816.00
              99% <= 816.00
            99.9% <= 816.00
sub-blocks-rtt-nodeNN
             count = 2
               min = 324
               max = 509
              mean = 404.77
            stddev = 91.75
            median = 324.00
              75% <= 509.00
              95% <= 509.00
              98% <= 509.00
              99% <= 509.00
            99.9% <= 509.00
sub-blocks-rtt-nodeO
             count = 1
               min = 23
               max = 23
              mean = 23.00
            stddev = 0.00
            median = 23.00
              75% <= 23.00
              95% <= 23.00
              98% <= 23.00
              99% <= 23.00
            99.9% <= 23.00
sub-blocks-rtt-nodeP
             count = 3
               min = 307
               max = 927
              mean = 595.14
            stddev = 268.07
            median = 519.00
              75% <= 927.00
              95% <= 927.00
              98% <= 927.00
              99% <= 927.00
            99.9% <= 927.00
sub-projectiles-rtt-nodeB
             count = 30
               min = 1
               max = 935
              mean = 113.04
            stddev = 224.10
            median = 25.00
              75% <= 42.00
              95% <= 572.00
              98% <= 935.00
              99% <= 935.00
            99.9% <= 935.00
sub-projectiles-rtt-nodeC
             count = 34
               min = 3
               max = 940
              mean = 96.10
            stddev = 200.99
            median = 22.00
              75% <= 42.00
              95% <= 527.00
              98% <= 940.00
              99% <= 940.00
            99.9% <= 940.00
sub-projectiles-rtt-nodeD
             count = 26
               min = 5
               max = 656
              mean = 80.65
            stddev = 137.61
            median = 23.00
              75% <= 72.00
              95% <= 271.00
              98% <= 656.00
              99% <= 656.00
            99.9% <= 656.00
sub-projectiles-rtt-nodeE
             count = 33
               min = 7
               max = 871
              mean = 113.48
            stddev = 210.84
            median = 26.00
              75% <= 52.00
              95% <= 680.00
              98% <= 871.00
              99% <= 871.00
            99.9% <= 871.00
sub-projectiles-rtt-nodeF
             count = 36
               min = 6
               max = 888
              mean = 117.12
            stddev = 221.23
            median = 35.00
              75% <= 45.00
              95% <= 718.00
              98% <= 888.00
              99% <= 888.00
            99.9% <= 888.00
sub-projectiles-rtt-nodeG
             count = 32
               min = 3
               max = 717
              mean = 65.89
            stddev = 146.84
            median = 17.00
              75% <= 38.00
              95% <= 332.00
              98% <= 717.00
              99% <= 717.00
            99.9% <= 717.00
sub-projectiles-rtt-nodeH
             count = 31
               min = 2
               max = 921
              mean = 101.12
            stddev = 208.96
            median = 19.00
              75% <= 35.00
              95% <= 509.00
              98% <= 921.00
              99% <= 921.00
            99.9% <= 921.00
sub-projectiles-rtt-nodeI
             count = 34
               min = 11
               max = 753
              mean = 68.78
            stddev = 137.33
            median = 33.00
              75% <= 48.00
              95% <= 265.00
              98% <= 753.00
              99% <= 753.00
            99.9% <= 753.00
sub-projectiles-rtt-nodeJ
             count = 31
               min = 2
               max = 915
              mean = 130.49
            stddev = 252.95
            median = 26.00
              75% <= 49.00
              95% <= 749.00
              98% <= 915.00
              99% <= 915.00
            99.9% <= 915.00
sub-projectiles-rtt-nodeK
             count = 28
               min = 2
               max = 648
              mean = 111.91
            stddev = 200.50
            median = 17.00
              75% <= 47.00
              95% <= 629.00
              98% <= 648.00
              99% <= 648.00
            99.9% <= 648.00
sub-projectiles-rtt-nodeL
             count = 25
               min = 1
               max = 399
              mean = 39.77
            stddev = 86.49
            median = 18.00
              75% <= 20.00
              95% <= 399.00
              98% <= 399.00
              99% <= 399.00
            99.9% <= 399.00
sub-projectiles-rtt-nodeM
             count = 31
               min = 2
               max = 625
              mean = 64.77
            stddev = 126.29
            median = 18.00
              75% <= 40.00
              95% <= 434.00
              98% <= 434.00
              99% <= 625.00
            99.9% <= 625.00
sub-projectiles-rtt-nodeNN
             count = 30
               min = 8
               max = 782
              mean = 105.55
            stddev = 203.67
            median = 25.00
              75% <= 55.00
              95% <= 782.00
              98% <= 782.00
              99% <= 782.00
            99.9% <= 782.00
sub-projectiles-rtt-nodeO
             count = 34
               min = 3
               max = 818
              mean = 82.04
            stddev = 171.24
            median = 19.00
              75% <= 29.00
              95% <= 576.00
              98% <= 576.00
              99% <= 818.00
            99.9% <= 818.00
sub-projectiles-rtt-nodeP
             count = 25
               min = 3
               max = 912
              mean = 144.42
            stddev = 256.27
            median = 31.00
              75% <= 77.00
              95% <= 890.00
              98% <= 912.00
              99% <= 912.00
            99.9% <= 912.00
sub-status-rtt-nodeB
             count = 1711
               min = 1
               max = 112
              mean = 37.38
            stddev = 16.98
            median = 36.00
              75% <= 45.00
              95% <= 70.00
              98% <= 84.00
              99% <= 88.00
            99.9% <= 112.00
sub-status-rtt-nodeC
             count = 1955
               min = 1
               max = 200
              mean = 38.43
            stddev = 21.31
            median = 35.00
              75% <= 46.00
              95% <= 78.00
              98% <= 91.00
              99% <= 121.00
            99.9% <= 200.00
sub-status-rtt-nodeD
             count = 1606
               min = 1
               max = 158
              mean = 38.25
            stddev = 20.18
            median = 36.00
              75% <= 46.00
              95% <= 75.00
              98% <= 91.00
              99% <= 110.00
            99.9% <= 158.00
sub-status-rtt-nodeE
             count = 1967
               min = 1
               max = 106
              mean = 37.44
            stddev = 14.76
            median = 36.00
              75% <= 44.00
              95% <= 66.00
              98% <= 73.00
              99% <= 83.00
            99.9% <= 106.00
sub-status-rtt-nodeF
             count = 2203
               min = 1
               max = 120
              mean = 37.67
            stddev = 16.93
            median = 35.00
              75% <= 45.00
              95% <= 68.00
              98% <= 81.00
              99% <= 86.00
            99.9% <= 120.00
sub-status-rtt-nodeG
             count = 1916
               min = 1
               max = 112
              mean = 37.13
            stddev = 15.76
            median = 36.00
              75% <= 46.00
              95% <= 67.00
              98% <= 80.00
              99% <= 84.00
            99.9% <= 97.00
sub-status-rtt-nodeH
             count = 1749
               min = 1
               max = 128
              mean = 37.99
            stddev = 16.88
            median = 36.00
              75% <= 45.00
              95% <= 67.00
              98% <= 80.00
              99% <= 95.00
            99.9% <= 128.00
sub-status-rtt-nodeI
             count = 1998
               min = 1
               max = 179
              mean = 37.53
            stddev = 17.00
            median = 35.00
              75% <= 44.00
              95% <= 68.00
              98% <= 82.00
              99% <= 88.00
            99.9% <= 102.00
sub-status-rtt-nodeJ
             count = 1868
               min = 1
               max = 217
              mean = 38.31
            stddev = 19.36
            median = 36.00
              75% <= 45.00
              95% <= 71.00
              98% <= 83.00
              99% <= 99.00
            99.9% <= 194.00
sub-status-rtt-nodeK
             count = 1734
               min = 1
               max = 220
              mean = 38.14
            stddev = 18.31
            median = 35.00
              75% <= 46.00
              95% <= 69.00
              98% <= 80.00
              99% <= 87.00
            99.9% <= 194.00
sub-status-rtt-nodeL
             count = 1572
               min = 1
               max = 195
              mean = 38.01
            stddev = 18.16
            median = 35.00
              75% <= 44.00
              95% <= 70.00
              98% <= 83.00
              99% <= 90.00
            99.9% <= 195.00
sub-status-rtt-nodeM
             count = 1883
               min = 1
               max = 157
              mean = 37.94
            stddev = 17.53
            median = 35.00
              75% <= 46.00
              95% <= 70.00
              98% <= 83.00
              99% <= 88.00
            99.9% <= 157.00
sub-status-rtt-nodeNN
             count = 1858
               min = 1
               max = 117
              mean = 38.51
            stddev = 15.18
            median = 36.00
              75% <= 47.00
              95% <= 67.00
              98% <= 81.00
              99% <= 86.00
            99.9% <= 104.00
sub-status-rtt-nodeO
             count = 1910
               min = 1
               max = 115
              mean = 39.52
            stddev = 16.99
            median = 36.00
              75% <= 48.00
              95% <= 75.00
              98% <= 82.00
              99% <= 86.00
            99.9% <= 109.00
sub-status-rtt-nodeP
             count = 1588
               min = 1
               max = 178
              mean = 37.87
            stddev = 18.29
            median = 36.00
              75% <= 46.00
              95% <= 70.00
              98% <= 85.00
              99% <= 100.00
            99.9% <= 130.00

-- Meters ----------------------------------------------------------------------
pub-interest-rate-nodeA-blocks-sync
             count = 199
         mean rate = 2.50 events/second
     1-minute rate = 2.19 events/second
     5-minute rate = 1.17 events/second
    15-minute rate = 0.93 events/second
pub-interest-rate-nodeA-projectiles-sync
             count = 329
         mean rate = 4.13 events/second
     1-minute rate = 3.83 events/second
     5-minute rate = 2.66 events/second
    15-minute rate = 2.36 events/second
pub-interest-rate-nodeA-status-sync
             count = 2421
         mean rate = 30.40 events/second
     1-minute rate = 30.61 events/second
     5-minute rate = 31.18 events/second
    15-minute rate = 31.32 events/second


DEBUG [bp-queue-proc-/com/stefanolupo/ndngame/0/nodeA/status/sync-0] (BasePublisher.java:156) - Had Update but /com/stefanolupo/ndngame/0/nodeA/status/sync/2703/0/0 already had sn 2703
 WARN [HeadlessApplication] (ProjectileCollisionSystem.java:62) - Type component was null for collision with PROJECTILE
DEBUG [bp-queue-proc-/com/stefanolupo/ndngame/0/nodeA/status/sync-0] (BasePublisher.java:156) - Had Update but /com/stefanolupo/ndngame/0/nodeA/status/sync/2757/0/0 already had sn 2757
