DEBUG [main] (ConfigManager.java:33) - Initialized with properties: {local.player.status.updates.per.sec=30, facemanager.num.sub.threads.per.face=10, linear.interest.zone.filter.inner.radius=10, projectile.cache.size=20, local.player.status.use.dead.reckoning=true, block.publisher.freshness.period.ms=20, player.status.publisher.freshness.period.ms=20, base.publisher.queue.process.per.sec=60, projectile.sub.inter.interest.max.wait.time.ms=30, linear.interest.zone.filter.outer.radius=20, local.player.dead.reckoning.max.error=0.5, projectile.publisher.queue.process.multithread=true, statistics.logger.log.rate.sec=30, facemanager.max.num.pub.faces=1, facemanager.num.pub.threads.per.face=10, facemanager.max.num.sub.faces=1, block.sub.inter.interest.max.wait.time.ms=2000, projectile.publisher.queue.process.per.sec=60, base.publisher.queue.process.multithread=true, player.sub.inter.interest.max.wait.time.ms=30, linear.interest.zone.filter.enabled=false, projectile.publisher.freshness.period.ms=20}
WARNING: An illegal reflective access operation has occurred
WARNING: Illegal reflective access by com.google.inject.internal.cglib.core.$ReflectUtils$2 (file:/NdnGame/NdnGameLibGdxDesktop-1.0-SNAPSHOT.jar) to method java.lang.ClassLoader.defineClass(java.lang.String,byte[],int,int,java.security.ProtectionDomain)
WARNING: Please consider reporting this to the maintainers of com.google.inject.internal.cglib.core.$ReflectUtils$2
WARNING: Use --illegal-access=warn to enable warnings of further illegal reflective access operations
WARNING: All illegal access operations will be denied in a future release
DEBUG [main] (BackendModule.java:123) - Writing metrics to /metrics/nodeC
 INFO [main] (DesktopLauncher.java:49) - Launching headless game
 INFO [main] (DesktopLauncher.java:50) - LocalConfig{playerName='nodeC', isMasterView=false, isAutomated=true, automationType='wsp', isHeadless=true, gameId=0, screenWidth=600, screenHeight=600, targetFrameRate=60}
DEBUG [main] (AutomatedInputController.java:52) - Starting with automation type: wsp
DEBUG [main] (BasePublisher.java:67) - Registering /com/stefanolupo/ndngame/0/nodeC/blocks/sync
DEBUG [main] (BasePublisher.java:67) - Registering /com/stefanolupo/ndngame/0/nodeC/status/sync
DEBUG [log-schedule-0] (LocalPlayerStatusSystem.java:150) - Null: 0, vel: 0, deadReckoning: 0, deadReckoningSkip: 0, actionable: NaN
Apr 07, 2019 10:19:51 PM net.named_data.jndn.Node$RegisterResponse onData
INFO: Register prefix succeeded with the NFD forwarder for prefix /com/stefanolupo/ndngame/0/nodeC/blocks/sync
Apr 07, 2019 10:19:51 PM net.named_data.jndn.Node$RegisterResponse onData
INFO: Register prefix succeeded with the NFD forwarder for prefix /com/stefanolupo/ndngame/0/nodeC/projectiles/interact
Apr 07, 2019 10:19:51 PM net.named_data.jndn.Node$RegisterResponse onData
INFO: Register prefix failed: Expected NFD status code 200, got: 403
 WARN [fm-pub-0-4] (FaceManager.java:150) - Failed to register prefix: /com/stefanolupo/ndngame/0/nodeC/projectiles/sync, retrying..
Apr 07, 2019 10:19:51 PM net.named_data.jndn.Node$RegisterResponse onData
INFO: Register prefix failed: Expected NFD status code 200, got: 403
Apr 07, 2019 10:19:51 PM net.named_data.jndn.Node$RegisterResponse onData
INFO: Register prefix failed: Expected NFD status code 200, got: 403
 WARN [fm-pub-0-0] (FaceManager.java:150) - Failed to register prefix: /com/stefanolupo/ndngame/0/nodeC/status/sync, retrying..
 WARN [fm-pub-0-0] (FaceManager.java:150) - Failed to register prefix: /com/stefanolupo/ndngame/0/nodeC/blocks/interact, retrying..
Apr 07, 2019 10:19:51 PM net.named_data.jndn.Node$RegisterResponse onData
INFO: Register prefix succeeded with the NFD forwarder for prefix /com/stefanolupo/ndngame/0/nodeC/projectiles/sync
Apr 07, 2019 10:19:51 PM net.named_data.jndn.Node$RegisterResponse onData
INFO: Register prefix succeeded with the NFD forwarder for prefix /com/stefanolupo/ndngame/0/nodeC/status/sync
Apr 07, 2019 10:19:51 PM net.named_data.jndn.Node$RegisterResponse onData
INFO: Register prefix failed: Expected NFD status code 200, got: 403
 WARN [fm-pub-0-2] (FaceManager.java:150) - Failed to register prefix: /com/stefanolupo/ndngame/0/nodeC/blocks/interact, retrying..
Apr 07, 2019 10:19:51 PM net.named_data.jndn.Node$RegisterResponse onData
INFO: Register prefix succeeded with the NFD forwarder for prefix /com/stefanolupo/ndngame/0/nodeC/blocks/interact
Apr 07, 2019 10:19:54 PM net.named_data.jndn.Node$RegisterResponse onData
INFO: Register prefix succeeded with the NFD forwarder for prefix /com/stefanolupo/ndngame/0/config/broadcast
Apr 07, 2019 10:19:54 PM net.named_data.jndn.Node$RegisterResponse onData
INFO: Register prefix succeeded with the NFD forwarder for prefix /com/stefanolupo/ndngame/0/config/nodeC
 INFO [cs-/com/stefanolupo/ndngame/0/config/nodeC-0] (ChronoSynced.java:93) - Initialized ChronoSyncedMap for /com/stefanolupo/ndngame/0/config/nodeC
Apr 07, 2019 10:19:55 PM net.named_data.jndn.Node$RegisterResponse onData
INFO: Register prefix succeeded with the NFD forwarder for prefix /com/stefanolupo/ndngame/0/discovery/broadcast
Apr 07, 2019 10:19:55 PM net.named_data.jndn.Node$RegisterResponse onData
INFO: Register prefix succeeded with the NFD forwarder for prefix /com/stefanolupo/ndngame/0/discovery/nodeC
 INFO [cs-/com/stefanolupo/ndngame/0/discovery/nodeC-0] (ChronoSynced.java:93) - Initialized ChronoSyncedMap for /com/stefanolupo/ndngame/0/discovery/nodeC
DEBUG [log-schedule-0] (LocalPlayerStatusSystem.java:150) - Null: 0, vel: 0, deadReckoning: 0, deadReckoningSkip: 0, actionable: NaN
DEBUG [bp-queue-proc-/com/stefanolupo/ndngame/0/nodeC/blocks/sync-1] (BasePublisher.java:96) - /com/stefanolupo/ndngame/0/nodeC/blocks/sync: No duplicate SN requests seen
DEBUG [bp-queue-proc-/com/stefanolupo/ndngame/0/nodeC/status/sync-1] (BasePublisher.java:96) - /com/stefanolupo/ndngame/0/nodeC/status/sync: No duplicate SN requests seen
DEBUG [log-schedule-0] (LocalPlayerStatusSystem.java:150) - Null: 0, vel: 0, deadReckoning: 0, deadReckoningSkip: 0, actionable: NaN
4/7/19, 10:20:20 PM ============================================================

-- Gauges ----------------------------------------------------------------------
pub-update-percentage-nodeC-blocks-sync
             value = 0.0
pub-update-percentage-nodeC-status-sync
             value = 0.0

-- Counters --------------------------------------------------------------------
dr-counter-null
             count = 0
dr-counter-skip
             count = 0
dr-counter-threshold
             count = 0
dr-counter-velocity
             count = 0


DEBUG [log-schedule-0] (LocalPlayerStatusSystem.java:150) - Null: 0, vel: 0, deadReckoning: 0, deadReckoningSkip: 0, actionable: NaN
DEBUG [bp-queue-proc-/com/stefanolupo/ndngame/0/nodeC/blocks/sync-1] (BasePublisher.java:96) - /com/stefanolupo/ndngame/0/nodeC/blocks/sync: No duplicate SN requests seen
DEBUG [bp-queue-proc-/com/stefanolupo/ndngame/0/nodeC/status/sync-1] (BasePublisher.java:96) - /com/stefanolupo/ndngame/0/nodeC/status/sync: No duplicate SN requests seen
DEBUG [log-schedule-0] (LocalPlayerStatusSystem.java:150) - Null: 0, vel: 0, deadReckoning: 0, deadReckoningSkip: 0, actionable: NaN
DEBUG [log-schedule-0] (LocalPlayerStatusSystem.java:150) - Null: 0, vel: 0, deadReckoning: 0, deadReckoningSkip: 0, actionable: NaN
4/7/19, 10:20:50 PM ============================================================

-- Gauges ----------------------------------------------------------------------
pub-update-percentage-nodeC-blocks-sync
             value = 0.0011270780501549732
pub-update-percentage-nodeC-status-sync
             value = 0.0

-- Counters --------------------------------------------------------------------
dr-counter-null
             count = 0
dr-counter-skip
             count = 0
dr-counter-threshold
             count = 0
dr-counter-velocity
             count = 0


DEBUG [bp-queue-proc-/com/stefanolupo/ndngame/0/nodeC/blocks/sync-1] (BasePublisher.java:96) - /com/stefanolupo/ndngame/0/nodeC/blocks/sync: No duplicate SN requests seen
DEBUG [bp-queue-proc-/com/stefanolupo/ndngame/0/nodeC/status/sync-1] (BasePublisher.java:96) - /com/stefanolupo/ndngame/0/nodeC/status/sync: No duplicate SN requests seen
DEBUG [log-schedule-0] (LocalPlayerStatusSystem.java:150) - Null: 0, vel: 0, deadReckoning: 0, deadReckoningSkip: 0, actionable: NaN
 INFO [cs-/com/stefanolupo/ndngame/0/discovery/nodeC-0] (PlayerStatusSubscriber.java:59) - Adding subscription for nodeD
 INFO [cs-/com/stefanolupo/ndngame/0/discovery/nodeC-0] (BlockSubscriber.java:54) - Adding subscription for /com/stefanolupo/ndngame/0/nodeD/blocks/sync/0/0/0
 INFO [cs-/com/stefanolupo/ndngame/0/discovery/nodeC-0] (ProjectileSubscriber.java:53) - Adding subscription for /com/stefanolupo/ndngame/0/nodeD/projectiles/sync/0/0/0
 INFO [cs-/com/stefanolupo/ndngame/0/discovery/nodeC-0] (PlayerStatusSubscriber.java:59) - Adding subscription for nodeB
 INFO [cs-/com/stefanolupo/ndngame/0/discovery/nodeC-0] (BlockSubscriber.java:54) - Adding subscription for /com/stefanolupo/ndngame/0/nodeB/blocks/sync/0/0/0
 INFO [cs-/com/stefanolupo/ndngame/0/discovery/nodeC-0] (ProjectileSubscriber.java:53) - Adding subscription for /com/stefanolupo/ndngame/0/nodeB/projectiles/sync/0/0/0
DEBUG [log-schedule-0] (LocalPlayerStatusSystem.java:150) - Null: 0, vel: 0, deadReckoning: 0, deadReckoningSkip: 0, actionable: NaN
 INFO [fm-pub-0-8] (ProjectilePublisher.java:133) - Creating interest meter
 INFO [cs-/com/stefanolupo/ndngame/0/discovery/nodeC-0] (PlayerStatusSubscriber.java:59) - Adding subscription for nodeA
 INFO [cs-/com/stefanolupo/ndngame/0/discovery/nodeC-0] (BlockSubscriber.java:54) - Adding subscription for /com/stefanolupo/ndngame/0/nodeA/blocks/sync/0/0/0
 INFO [cs-/com/stefanolupo/ndngame/0/discovery/nodeC-0] (ProjectileSubscriber.java:53) - Adding subscription for /com/stefanolupo/ndngame/0/nodeA/projectiles/sync/0/0/0
 WARN [cs-/com/stefanolupo/ndngame/0/discovery/nodeC-0] (ChronoSynced.java:118) - Timeout for interest: /com/stefanolupo/ndngame/0/discovery/nodeC/1?ndn.MustBeFresh=1&ndn.Nonce=%D5%26%95%A9
 WARN [cs-/com/stefanolupo/ndngame/0/discovery/nodeC-0] (ChronoSynced.java:118) - Timeout for interest: /com/stefanolupo/ndngame/0/discovery/nodeC/1?ndn.MustBeFresh=1&ndn.Nonce=%60_%CA%DB
 WARN [cs-/com/stefanolupo/ndngame/0/discovery/nodeC-0] (ChronoSynced.java:118) - Timeout for interest: /com/stefanolupo/ndngame/0/discovery/nodeC/1?ndn.MustBeFresh=1&ndn.Nonce=%3Bb9U
 WARN [bp-queue-proc-/com/stefanolupo/ndngame/0/nodeC/blocks/sync-1] (BasePublisher.java:98) - /com/stefanolupo/ndngame/0/nodeC/blocks/sync: Saw duplicate sn requests
 WARN [bp-queue-proc-/com/stefanolupo/ndngame/0/nodeC/blocks/sync-1] (BasePublisher.java:99) - [7=4, 0=4, 10=3]
 WARN [bp-queue-proc-/com/stefanolupo/ndngame/0/nodeC/status/sync-1] (BasePublisher.java:98) - /com/stefanolupo/ndngame/0/nodeC/status/sync: Saw duplicate sn requests
 WARN [bp-queue-proc-/com/stefanolupo/ndngame/0/nodeC/status/sync-1] (BasePublisher.java:99) - [50=2, 28=2]
DEBUG [log-schedule-0] (LocalPlayerStatusSystem.java:150) - Null: 1, vel: 25, deadReckoning: 30, deadReckoningSkip: 216, actionable: 0.20588236
4/7/19, 10:21:20 PM ============================================================

-- Gauges ----------------------------------------------------------------------
pub-update-percentage-nodeC-blocks-sync
             value = 0.0029912133108992334
pub-update-percentage-nodeC-status-sync
             value = 0.03645541222658441

-- Counters --------------------------------------------------------------------
dr-counter-null
             count = 1
dr-counter-skip
             count = 339
dr-counter-threshold
             count = 143
dr-counter-velocity
             count = 51
sub-blocks-interestscounter-nodeA
             count = 18
sub-blocks-interestscounter-nodeB
             count = 16
sub-blocks-interestscounter-nodeD
             count = 19
sub-projectiles-interestscounter-nodeA
             count = 25
sub-projectiles-interestscounter-nodeB
             count = 27
sub-projectiles-interestscounter-nodeD
             count = 27
sub-status-interestscounter-nodeA
             count = 248
sub-status-interestscounter-nodeB
             count = 249
sub-status-interestscounter-nodeD
             count = 256

-- Histograms ------------------------------------------------------------------
eng-status-delta-nodeA
             count = 240
               min = 0
               max = 126
              mean = 12.63
            stddev = 23.99
            median = 0.00
              75% <= 22.00
              95% <= 66.00
              98% <= 102.00
              99% <= 122.00
            99.9% <= 126.00
eng-status-delta-nodeB
             count = 242
               min = 0
               max = 134
              mean = 8.31
            stddev = 20.43
            median = 0.00
              75% <= 11.00
              95% <= 44.00
              98% <= 71.00
              99% <= 122.00
            99.9% <= 134.00
eng-status-delta-nodeD
             count = 249
               min = 0
               max = 131
              mean = 9.36
            stddev = 21.52
            median = 0.00
              75% <= 11.00
              95% <= 44.00
              98% <= 100.00
              99% <= 122.00
            99.9% <= 131.00
sub-blocks-rtt-nodeA
             count = 1
               min = 764
               max = 764
              mean = 764.00
            stddev = 0.00
            median = 764.00
              75% <= 764.00
              95% <= 764.00
              98% <= 764.00
              99% <= 764.00
            99.9% <= 764.00
sub-blocks-rtt-nodeB
             count = 4
               min = 13
               max = 554
              mean = 240.33
            stddev = 216.56
            median = 329.00
              75% <= 329.00
              95% <= 554.00
              98% <= 554.00
              99% <= 554.00
            99.9% <= 554.00
sub-blocks-rtt-nodeD
             count = 1
               min = 531
               max = 531
              mean = 531.00
            stddev = 0.00
            median = 531.00
              75% <= 531.00
              95% <= 531.00
              98% <= 531.00
              99% <= 531.00
            99.9% <= 531.00
sub-projectiles-rtt-nodeA
             count = 12
               min = 7
               max = 1000
              mean = 472.48
            stddev = 340.55
            median = 533.00
              75% <= 683.00
              95% <= 1000.00
              98% <= 1000.00
              99% <= 1000.00
            99.9% <= 1000.00
sub-projectiles-rtt-nodeB
             count = 13
               min = 24
               max = 950
              mean = 476.42
            stddev = 298.84
            median = 517.00
              75% <= 700.00
              95% <= 950.00
              98% <= 950.00
              99% <= 950.00
            99.9% <= 950.00
sub-projectiles-rtt-nodeD
             count = 13
               min = 14
               max = 999
              mean = 468.47
            stddev = 329.62
            median = 516.00
              75% <= 684.00
              95% <= 999.00
              98% <= 999.00
              99% <= 999.00
            99.9% <= 999.00
sub-status-rtt-nodeA
             count = 243
               min = 1
               max = 800
              mean = 59.00
            stddev = 102.69
            median = 33.00
              75% <= 35.00
              95% <= 84.00
              98% <= 517.00
              99% <= 565.00
            99.9% <= 800.00
sub-status-rtt-nodeB
             count = 245
               min = 9
               max = 783
              mean = 62.33
            stddev = 111.04
            median = 33.00
              75% <= 42.00
              95% <= 102.00
              98% <= 517.00
              99% <= 726.00
            99.9% <= 783.00
sub-status-rtt-nodeD
             count = 252
               min = 10
               max = 798
              mean = 60.71
            stddev = 112.43
            median = 33.00
              75% <= 35.00
              95% <= 76.00
              98% <= 534.00
              99% <= 735.00
            99.9% <= 798.00

-- Meters ----------------------------------------------------------------------
pub-interest-rate-nodeC-blocks-sync
             count = 23
         mean rate = 1.25 events/second
     1-minute rate = 1.20 events/second
     5-minute rate = 1.20 events/second
    15-minute rate = 1.20 events/second
pub-interest-rate-nodeC-projectiles-sync
             count = 27
         mean rate = 1.47 events/second
     1-minute rate = 1.09 events/second
     5-minute rate = 1.02 events/second
    15-minute rate = 1.01 events/second
pub-interest-rate-nodeC-status-sync
             count = 198
         mean rate = 10.80 events/second
     1-minute rate = 7.00 events/second
     5-minute rate = 6.05 events/second
    15-minute rate = 5.88 events/second


DEBUG [log-schedule-0] (LocalPlayerStatusSystem.java:150) - Null: 1, vel: 54, deadReckoning: 164, deadReckoningSkip: 339, actionable: 0.39247313
 WARN [bp-queue-proc-/com/stefanolupo/ndngame/0/nodeC/blocks/sync-1] (BasePublisher.java:98) - /com/stefanolupo/ndngame/0/nodeC/blocks/sync: Saw duplicate sn requests
 WARN [bp-queue-proc-/com/stefanolupo/ndngame/0/nodeC/blocks/sync-1] (BasePublisher.java:99) - [18=2, 19=2, 7=4, 0=4, 20=2, 15=9, 14=9, 10=3]
 WARN [bp-queue-proc-/com/stefanolupo/ndngame/0/nodeC/status/sync-1] (BasePublisher.java:98) - /com/stefanolupo/ndngame/0/nodeC/status/sync: Saw duplicate sn requests
 WARN [bp-queue-proc-/com/stefanolupo/ndngame/0/nodeC/status/sync-1] (BasePublisher.java:99) - [50=2, 274=2, 308=3, 363=2, 174=2, 28=2]
DEBUG [log-schedule-0] (LocalPlayerStatusSystem.java:150) - Null: 1, vel: 75, deadReckoning: 287, deadReckoningSkip: 486, actionable: 0.42756185
DEBUG [log-schedule-0] (LocalPlayerStatusSystem.java:150) - Null: 1, vel: 97, deadReckoning: 443, deadReckoningSkip: 566, actionable: 0.48870823
4/7/19, 10:21:50 PM ============================================================

-- Gauges ----------------------------------------------------------------------
pub-update-percentage-nodeC-blocks-sync
             value = 0.0027975940691005734
pub-update-percentage-nodeC-status-sync
             value = 0.0951181983494195

-- Counters --------------------------------------------------------------------
dr-counter-null
             count = 1
dr-counter-skip
             count = 692
dr-counter-threshold
             count = 562
dr-counter-velocity
             count = 118
sub-blocks-interestscounter-nodeA
             count = 48
sub-blocks-interestscounter-nodeB
             count = 45
sub-blocks-interestscounter-nodeD
             count = 48
sub-projectiles-interestscounter-nodeA
             count = 64
sub-projectiles-interestscounter-nodeB
             count = 65
sub-projectiles-interestscounter-nodeD
             count = 64
sub-status-interestscounter-nodeA
             count = 744
sub-status-interestscounter-nodeB
             count = 725
sub-status-interestscounter-nodeD
             count = 723

-- Histograms ------------------------------------------------------------------
eng-status-delta-nodeA
             count = 732
               min = 0
               max = 126
              mean = 7.50
            stddev = 16.76
            median = 0.00
              75% <= 11.00
              95% <= 31.00
              98% <= 63.00
              99% <= 102.00
            99.9% <= 126.00
eng-status-delta-nodeB
             count = 714
               min = 0
               max = 305
              mean = 6.19
            stddev = 17.79
            median = 0.00
              75% <= 11.00
              95% <= 31.00
              98% <= 44.00
              99% <= 70.00
            99.9% <= 305.00
eng-status-delta-nodeD
             count = 712
               min = 0
               max = 310
              mean = 7.28
            stddev = 20.78
            median = 0.00
              75% <= 11.00
              95% <= 31.00
              98% <= 71.00
              99% <= 102.00
            99.9% <= 310.00
sub-blocks-rtt-nodeA
             count = 1
               min = 764
               max = 764
              mean = 764.00
            stddev = 0.00
            median = 764.00
              75% <= 764.00
              95% <= 764.00
              98% <= 764.00
              99% <= 764.00
            99.9% <= 764.00
sub-blocks-rtt-nodeB
             count = 5
               min = 13
               max = 858
              mean = 407.12
            stddev = 330.81
            median = 329.00
              75% <= 858.00
              95% <= 858.00
              98% <= 858.00
              99% <= 858.00
            99.9% <= 858.00
sub-blocks-rtt-nodeD
             count = 2
               min = 73
               max = 531
              mean = 259.56
            stddev = 225.03
            median = 73.00
              75% <= 531.00
              95% <= 531.00
              98% <= 531.00
              99% <= 531.00
            99.9% <= 531.00
sub-projectiles-rtt-nodeA
             count = 26
               min = 1
               max = 1000
              mean = 383.68
            stddev = 320.91
            median = 486.00
              75% <= 598.00
              95% <= 953.00
              98% <= 1000.00
              99% <= 1000.00
            99.9% <= 1000.00
sub-projectiles-rtt-nodeB
             count = 28
               min = 8
               max = 999
              mean = 438.90
            stddev = 311.82
            median = 517.00
              75% <= 682.00
              95% <= 950.00
              98% <= 999.00
              99% <= 999.00
            99.9% <= 999.00
sub-projectiles-rtt-nodeD
             count = 28
               min = 14
               max = 999
              mean = 486.83
            stddev = 315.61
            median = 516.00
              75% <= 666.00
              95% <= 991.00
              98% <= 999.00
              99% <= 999.00
            99.9% <= 999.00
sub-status-rtt-nodeA
             count = 735
               min = 1
               max = 818
              mean = 53.81
            stddev = 95.50
            median = 33.00
              75% <= 34.00
              95% <= 69.00
              98% <= 433.00
              99% <= 547.00
            99.9% <= 818.00
sub-status-rtt-nodeB
             count = 716
               min = 9
               max = 815
              mean = 56.43
            stddev = 102.79
            median = 33.00
              75% <= 35.00
              95% <= 67.00
              98% <= 500.00
              99% <= 742.00
            99.9% <= 815.00
sub-status-rtt-nodeD
             count = 714
               min = 10
               max = 834
              mean = 56.78
            stddev = 105.14
            median = 33.00
              75% <= 35.00
              95% <= 68.00
              98% <= 500.00
              99% <= 773.00
            99.9% <= 834.00

-- Meters ----------------------------------------------------------------------
pub-interest-rate-nodeC-blocks-sync
             count = 63
         mean rate = 1.30 events/second
     1-minute rate = 1.26 events/second
     5-minute rate = 1.21 events/second
    15-minute rate = 1.20 events/second
pub-interest-rate-nodeC-projectiles-sync
             count = 66
         mean rate = 1.37 events/second
     1-minute rate = 1.17 events/second
     5-minute rate = 1.05 events/second
    15-minute rate = 1.02 events/second
pub-interest-rate-nodeC-status-sync
             count = 688
         mean rate = 14.23 events/second
     1-minute rate = 10.55 events/second
     5-minute rate = 6.99 events/second
    15-minute rate = 6.21 events/second


 WARN [bp-queue-proc-/com/stefanolupo/ndngame/0/nodeC/blocks/sync-1] (BasePublisher.java:98) - /com/stefanolupo/ndngame/0/nodeC/blocks/sync: Saw duplicate sn requests
 WARN [bp-queue-proc-/com/stefanolupo/ndngame/0/nodeC/blocks/sync-1] (BasePublisher.java:99) - [18=2, 19=2, 7=4, 0=4, 20=16, 15=9, 14=9, 21=13, 10=3]
 WARN [bp-queue-proc-/com/stefanolupo/ndngame/0/nodeC/status/sync-1] (BasePublisher.java:98) - /com/stefanolupo/ndngame/0/nodeC/status/sync: Saw duplicate sn requests
 WARN [bp-queue-proc-/com/stefanolupo/ndngame/0/nodeC/status/sync-1] (BasePublisher.java:99) - [50=2, 274=2, 308=3, 363=2, 174=2, 28=2, 381=2, 653=2]
DEBUG [log-schedule-0] (LocalPlayerStatusSystem.java:150) - Null: 1, vel: 121, deadReckoning: 583, deadReckoningSkip: 693, actionable: 0.50429183
DEBUG [log-schedule-0] (LocalPlayerStatusSystem.java:150) - Null: 1, vel: 145, deadReckoning: 747, deadReckoningSkip: 790, actionable: 0.53060013
 WARN [bp-queue-proc-/com/stefanolupo/ndngame/0/nodeC/blocks/sync-1] (BasePublisher.java:98) - /com/stefanolupo/ndngame/0/nodeC/blocks/sync: Saw duplicate sn requests
 WARN [bp-queue-proc-/com/stefanolupo/ndngame/0/nodeC/blocks/sync-1] (BasePublisher.java:99) - [18=2, 19=2, 7=4, 0=4, 20=16, 15=9, 14=9, 10=3, 21=25, 22=11]
 WARN [bp-queue-proc-/com/stefanolupo/ndngame/0/nodeC/status/sync-1] (BasePublisher.java:98) - /com/stefanolupo/ndngame/0/nodeC/status/sync: Saw duplicate sn requests
 WARN [bp-queue-proc-/com/stefanolupo/ndngame/0/nodeC/status/sync-1] (BasePublisher.java:99) - [50=2, 274=2, 727=3, 308=3, 363=2, 174=2, 28=2, 381=2, 653=2]
DEBUG [log-schedule-0] (LocalPlayerStatusSystem.java:150) - Null: 1, vel: 167, deadReckoning: 919, deadReckoningSkip: 885, actionable: 0.551217
4/7/19, 10:22:20 PM ============================================================

-- Gauges ----------------------------------------------------------------------
pub-update-percentage-nodeC-blocks-sync
             value = 0.002458375237456699
pub-update-percentage-nodeC-status-sync
             value = 0.13465191641524193

-- Counters --------------------------------------------------------------------
dr-counter-null
             count = 1
dr-counter-skip
             count = 1026
dr-counter-threshold
             count = 1026
dr-counter-velocity
             count = 183
sub-blocks-interestscounter-nodeA
             count = 78
sub-blocks-interestscounter-nodeB
             count = 74
sub-blocks-interestscounter-nodeD
             count = 77
sub-projectiles-interestscounter-nodeA
             count = 103
sub-projectiles-interestscounter-nodeB
             count = 103
sub-projectiles-interestscounter-nodeD
             count = 101
sub-status-interestscounter-nodeA
             count = 1270
sub-status-interestscounter-nodeB
             count = 1252
sub-status-interestscounter-nodeD
             count = 1235

-- Histograms ------------------------------------------------------------------
eng-status-delta-nodeA
             count = 1253
               min = 0
               max = 126
              mean = 5.37
            stddev = 12.25
            median = 0.00
              75% <= 11.00
              95% <= 31.00
              98% <= 31.00
              99% <= 50.00
            99.9% <= 122.00
eng-status-delta-nodeB
             count = 1235
               min = 0
               max = 305
              mean = 4.92
            stddev = 12.80
            median = 0.00
              75% <= 11.00
              95% <= 25.00
              98% <= 31.00
              99% <= 35.00
            99.9% <= 122.00
eng-status-delta-nodeD
             count = 1219
               min = 0
               max = 310
              mean = 6.03
            stddev = 19.44
            median = 0.00
              75% <= 0.00
              95% <= 31.00
              98% <= 44.00
              99% <= 70.00
            99.9% <= 270.00
sub-blocks-rtt-nodeA
             count = 1
               min = 764
               max = 764
              mean = 764.00
            stddev = 0.00
            median = 764.00
              75% <= 764.00
              95% <= 764.00
              98% <= 764.00
              99% <= 764.00
            99.9% <= 764.00
sub-blocks-rtt-nodeB
             count = 6
               min = 13
               max = 858
              mean = 475.31
            stddev = 288.62
            median = 616.00
              75% <= 616.00
              95% <= 858.00
              98% <= 858.00
              99% <= 858.00
            99.9% <= 858.00
sub-blocks-rtt-nodeD
             count = 3
               min = 15
               max = 531
              mean = 139.92
            stddev = 202.02
            median = 73.00
              75% <= 73.00
              95% <= 531.00
              98% <= 531.00
              99% <= 531.00
            99.9% <= 531.00
sub-projectiles-rtt-nodeA
             count = 41
               min = 1
               max = 1000
              mean = 421.01
            stddev = 308.01
            median = 516.00
              75% <= 563.00
              95% <= 1000.00
              98% <= 1000.00
              99% <= 1000.00
            99.9% <= 1000.00
sub-projectiles-rtt-nodeB
             count = 42
               min = 8
               max = 999
              mean = 462.66
            stddev = 298.55
            median = 517.00
              75% <= 682.00
              95% <= 999.00
              98% <= 999.00
              99% <= 999.00
            99.9% <= 999.00
sub-projectiles-rtt-nodeD
             count = 41
               min = 14
               max = 999
              mean = 500.09
            stddev = 302.81
            median = 517.00
              75% <= 733.00
              95% <= 999.00
              98% <= 999.00
              99% <= 999.00
            99.9% <= 999.00
sub-status-rtt-nodeA
             count = 1256
               min = 8
               max = 933
              mean = 49.79
            stddev = 83.85
            median = 33.00
              75% <= 34.00
              95% <= 67.00
              98% <= 400.00
              99% <= 473.00
            99.9% <= 933.00
sub-status-rtt-nodeB
             count = 1238
               min = 13
               max = 916
              mean = 51.56
            stddev = 89.28
            median = 33.00
              75% <= 34.00
              95% <= 67.00
              98% <= 400.00
              99% <= 517.00
            99.9% <= 916.00
sub-status-rtt-nodeD
             count = 1221
               min = 13
               max = 932
              mean = 52.66
            stddev = 89.30
            median = 33.00
              75% <= 34.00
              95% <= 67.00
              98% <= 401.00
              99% <= 500.00
            99.9% <= 932.00

-- Meters ----------------------------------------------------------------------
pub-interest-rate-nodeC-blocks-sync
             count = 98
         mean rate = 1.25 events/second
     1-minute rate = 1.24 events/second
     5-minute rate = 1.21 events/second
    15-minute rate = 1.20 events/second
pub-interest-rate-nodeC-projectiles-sync
             count = 105
         mean rate = 1.34 events/second
     1-minute rate = 1.20 events/second
     5-minute rate = 1.07 events/second
    15-minute rate = 1.03 events/second
pub-interest-rate-nodeC-status-sync
             count = 1217
         mean rate = 15.53 events/second
     1-minute rate = 13.55 events/second
     5-minute rate = 8.06 events/second
    15-minute rate = 6.61 events/second


DEBUG [log-schedule-0] (LocalPlayerStatusSystem.java:150) - Null: 1, vel: 185, deadReckoning: 1027, deadReckoningSkip: 1049, actionable: 0.5362511
 WARN [bp-queue-proc-/com/stefanolupo/ndngame/0/nodeC/blocks/sync-1] (BasePublisher.java:98) - /com/stefanolupo/ndngame/0/nodeC/blocks/sync: Saw duplicate sn requests
 WARN [bp-queue-proc-/com/stefanolupo/ndngame/0/nodeC/blocks/sync-1] (BasePublisher.java:99) - [18=2, 19=2, 7=4, 0=4, 20=16, 21=33, 15=9, 14=9, 10=3, 26=6, 22=24]
 WARN [bp-queue-proc-/com/stefanolupo/ndngame/0/nodeC/status/sync-1] (BasePublisher.java:98) - /com/stefanolupo/ndngame/0/nodeC/status/sync: Saw duplicate sn requests
 WARN [bp-queue-proc-/com/stefanolupo/ndngame/0/nodeC/status/sync-1] (BasePublisher.java:99) - [50=2, 274=2, 727=3, 308=3, 363=2, 174=2, 1087=2, 28=2, 1210=4, 381=2, 653=2]
DEBUG [log-schedule-0] (LocalPlayerStatusSystem.java:150) - Null: 1, vel: 209, deadReckoning: 1190, deadReckoningSkip: 1147, actionable: 0.5496663
DEBUG [log-schedule-0] (LocalPlayerStatusSystem.java:150) - Null: 1, vel: 231, deadReckoning: 1303, deadReckoningSkip: 1322, actionable: 0.53727686
4/7/19, 10:22:50 PM ============================================================

-- Gauges ----------------------------------------------------------------------
pub-update-percentage-nodeC-blocks-sync
             value = 0.0027906976744186047
pub-update-percentage-nodeC-status-sync
             value = 0.15303749185970789

-- Counters --------------------------------------------------------------------
dr-counter-null
             count = 1
dr-counter-skip
             count = 1453
dr-counter-threshold
             count = 1402
dr-counter-velocity
             count = 249
sub-blocks-interestscounter-nodeA
             count = 108
sub-blocks-interestscounter-nodeB
             count = 104
sub-blocks-interestscounter-nodeD
             count = 107
sub-projectiles-interestscounter-nodeA
             count = 143
sub-projectiles-interestscounter-nodeB
             count = 142
sub-projectiles-interestscounter-nodeD
             count = 140
sub-status-interestscounter-nodeA
             count = 1697
sub-status-interestscounter-nodeB
             count = 1698
sub-status-interestscounter-nodeD
             count = 1649

-- Histograms ------------------------------------------------------------------
eng-status-delta-nodeA
             count = 1672
               min = 0
               max = 269
              mean = 7.06
            stddev = 19.20
            median = 0.00
              75% <= 11.00
              95% <= 31.00
              98% <= 50.00
              99% <= 122.00
            99.9% <= 269.00
eng-status-delta-nodeB
             count = 1675
               min = 0
               max = 133
              mean = 5.80
            stddev = 13.65
            median = 0.00
              75% <= 11.00
              95% <= 31.00
              98% <= 40.00
              99% <= 63.00
            99.9% <= 133.00
eng-status-delta-nodeD
             count = 1626
               min = 0
               max = 310
              mean = 7.47
            stddev = 23.30
            median = 0.00
              75% <= 11.00
              95% <= 31.00
              98% <= 63.00
              99% <= 122.00
            99.9% <= 270.00
sub-blocks-rtt-nodeA
             count = 1
               min = 764
               max = 764
              mean = 764.00
            stddev = 0.00
            median = 764.00
              75% <= 764.00
              95% <= 764.00
              98% <= 764.00
              99% <= 764.00
            99.9% <= 764.00
sub-blocks-rtt-nodeB
             count = 6
               min = 13
               max = 858
              mean = 475.31
            stddev = 288.62
            median = 616.00
              75% <= 616.00
              95% <= 858.00
              98% <= 858.00
              99% <= 858.00
            99.9% <= 858.00
sub-blocks-rtt-nodeD
             count = 3
               min = 15
               max = 531
              mean = 139.92
            stddev = 202.02
            median = 73.00
              75% <= 73.00
              95% <= 531.00
              98% <= 531.00
              99% <= 531.00
            99.9% <= 531.00
sub-projectiles-rtt-nodeA
             count = 58
               min = 1
               max = 1000
              mean = 420.70
            stddev = 298.79
            median = 517.00
              75% <= 599.00
              95% <= 1000.00
              98% <= 1000.00
              99% <= 1000.00
            99.9% <= 1000.00
sub-projectiles-rtt-nodeB
             count = 60
               min = 8
               max = 999
              mean = 483.77
            stddev = 285.00
            median = 517.00
              75% <= 666.00
              95% <= 999.00
              98% <= 999.00
              99% <= 999.00
            99.9% <= 999.00
sub-projectiles-rtt-nodeD
             count = 59
               min = 14
               max = 999
              mean = 504.13
            stddev = 284.20
            median = 517.00
              75% <= 683.00
              95% <= 982.00
              98% <= 999.00
              99% <= 999.00
            99.9% <= 999.00
sub-status-rtt-nodeA
             count = 1676
               min = 15
               max = 818
              mean = 53.14
            stddev = 91.56
            median = 33.00
              75% <= 35.00
              95% <= 67.00
              98% <= 417.00
              99% <= 541.00
            99.9% <= 816.00
sub-status-rtt-nodeB
             count = 1678
               min = 10
               max = 801
              mean = 52.56
            stddev = 92.80
            median = 33.00
              75% <= 34.00
              95% <= 74.00
              98% <= 420.00
              99% <= 544.00
            99.9% <= 800.00
sub-status-rtt-nodeD
             count = 1628
               min = 8
               max = 932
              mean = 53.35
            stddev = 94.67
            median = 33.00
              75% <= 34.00
              95% <= 67.00
              98% <= 417.00
              99% <= 549.00
            99.9% <= 834.00

-- Meters ----------------------------------------------------------------------
pub-interest-rate-nodeC-blocks-sync
             count = 139
         mean rate = 1.28 events/second
     1-minute rate = 1.28 events/second
     5-minute rate = 1.22 events/second
    15-minute rate = 1.21 events/second
pub-interest-rate-nodeC-projectiles-sync
             count = 149
         mean rate = 1.38 events/second
     1-minute rate = 1.29 events/second
     5-minute rate = 1.10 events/second
    15-minute rate = 1.04 events/second
pub-interest-rate-nodeC-status-sync
             count = 1663
         mean rate = 15.35 events/second
     1-minute rate = 14.06 events/second
     5-minute rate = 8.70 events/second
    15-minute rate = 6.87 events/second


 WARN [bp-queue-proc-/com/stefanolupo/ndngame/0/nodeC/blocks/sync-1] (BasePublisher.java:98) - /com/stefanolupo/ndngame/0/nodeC/blocks/sync: Saw duplicate sn requests
 WARN [bp-queue-proc-/com/stefanolupo/ndngame/0/nodeC/blocks/sync-1] (BasePublisher.java:99) - [7=4, 0=4, 20=16, 15=9, 14=9, 10=3, 22=26, 18=2, 19=2, 27=10, 21=33, 26=15, 29=6]
 WARN [bp-queue-proc-/com/stefanolupo/ndngame/0/nodeC/status/sync-1] (BasePublisher.java:98) - /com/stefanolupo/ndngame/0/nodeC/status/sync: Saw duplicate sn requests
 WARN [bp-queue-proc-/com/stefanolupo/ndngame/0/nodeC/status/sync-1] (BasePublisher.java:99) - [1568=2, 363=2, 174=2, 653=2, 50=2, 274=2, 1651=2, 1489=2, 727=3, 308=3, 1435=3, 1535=3, 1087=2, 28=2, 1210=4, 381=2]
DEBUG [log-schedule-0] (LocalPlayerStatusSystem.java:150) - Null: 1, vel: 249, deadReckoning: 1403, deadReckoningSkip: 1464, actionable: 0.5303176
DEBUG [log-schedule-0] (LocalPlayerStatusSystem.java:150) - Null: 1, vel: 269, deadReckoning: 1525, deadReckoningSkip: 1602, actionable: 0.5284074
 WARN [bp-queue-proc-/com/stefanolupo/ndngame/0/nodeC/blocks/sync-1] (BasePublisher.java:98) - /com/stefanolupo/ndngame/0/nodeC/blocks/sync: Saw duplicate sn requests
 WARN [bp-queue-proc-/com/stefanolupo/ndngame/0/nodeC/blocks/sync-1] (BasePublisher.java:99) - [7=4, 0=4, 20=16, 15=9, 14=9, 10=3, 22=26, 32=14, 34=12, 18=2, 19=2, 27=10, 21=33, 26=15, 29=6, 31=3]
 WARN [bp-queue-proc-/com/stefanolupo/ndngame/0/nodeC/status/sync-1] (BasePublisher.java:98) - /com/stefanolupo/ndngame/0/nodeC/status/sync: Saw duplicate sn requests
 WARN [bp-queue-proc-/com/stefanolupo/ndngame/0/nodeC/status/sync-1] (BasePublisher.java:99) - [1763=2, 1568=2, 1861=2, 363=2, 174=2, 653=2, 50=2, 274=2, 1651=2, 1489=2, 727=3, 308=3, 1435=3, 1535=3, 1087=2, 28=2, 1210=4, 381=2]
DEBUG [log-schedule-0] (LocalPlayerStatusSystem.java:150) - Null: 1, vel: 294, deadReckoning: 1678, deadReckoningSkip: 1712, actionable: 0.53541386
4/7/19, 10:23:20 PM ============================================================

-- Gauges ----------------------------------------------------------------------
pub-update-percentage-nodeC-blocks-sync
             value = 0.0027888446215139444
pub-update-percentage-nodeC-status-sync
             value = 0.1707705793290302

-- Counters --------------------------------------------------------------------
dr-counter-null
             count = 1
dr-counter-skip
             count = 1793
dr-counter-threshold
             count = 1835
dr-counter-velocity
             count = 315
sub-blocks-interestscounter-nodeA
             count = 138
sub-blocks-interestscounter-nodeB
             count = 134
sub-blocks-interestscounter-nodeD
             count = 137
sub-projectiles-interestscounter-nodeA
             count = 179
sub-projectiles-interestscounter-nodeB
             count = 179
sub-projectiles-interestscounter-nodeD
             count = 178
sub-status-interestscounter-nodeA
             count = 2203
sub-status-interestscounter-nodeB
             count = 2216
sub-status-interestscounter-nodeD
             count = 2146

-- Histograms ------------------------------------------------------------------
eng-status-delta-nodeA
             count = 2175
               min = 0
               max = 269
              mean = 5.85
            stddev = 16.51
            median = 0.00
              75% <= 11.00
              95% <= 31.00
              98% <= 33.00
              99% <= 56.00
            99.9% <= 269.00
eng-status-delta-nodeB
             count = 2190
               min = 0
               max = 126
              mean = 5.16
            stddev = 12.11
            median = 0.00
              75% <= 11.00
              95% <= 30.00
              98% <= 33.00
              99% <= 44.00
            99.9% <= 122.00
eng-status-delta-nodeD
             count = 2121
               min = 0
               max = 310
              mean = 6.31
            stddev = 18.50
            median = 0.00
              75% <= 11.00
              95% <= 31.00
              98% <= 44.00
              99% <= 71.00
            99.9% <= 269.00
sub-blocks-rtt-nodeA
             count = 1
               min = 764
               max = 764
              mean = 764.00
            stddev = 0.00
            median = 764.00
              75% <= 764.00
              95% <= 764.00
              98% <= 764.00
              99% <= 764.00
            99.9% <= 764.00
sub-blocks-rtt-nodeB
             count = 6
               min = 13
               max = 858
              mean = 475.31
            stddev = 288.62
            median = 616.00
              75% <= 616.00
              95% <= 858.00
              98% <= 858.00
              99% <= 858.00
            99.9% <= 858.00
sub-blocks-rtt-nodeD
             count = 3
               min = 15
               max = 531
              mean = 139.92
            stddev = 202.02
            median = 73.00
              75% <= 73.00
              95% <= 531.00
              98% <= 531.00
              99% <= 531.00
            99.9% <= 531.00
sub-projectiles-rtt-nodeA
             count = 72
               min = 1
               max = 1000
              mean = 463.54
            stddev = 311.65
            median = 517.00
              75% <= 682.00
              95% <= 978.00
              98% <= 1000.00
              99% <= 1000.00
            99.9% <= 1000.00
sub-projectiles-rtt-nodeB
             count = 73
               min = 8
               max = 999
              mean = 457.91
            stddev = 294.66
            median = 516.00
              75% <= 667.00
              95% <= 884.00
              98% <= 999.00
              99% <= 999.00
            99.9% <= 999.00
sub-projectiles-rtt-nodeD
             count = 73
               min = 14
               max = 999
              mean = 462.15
            stddev = 301.74
            median = 516.00
              75% <= 699.00
              95% <= 967.00
              98% <= 991.00
              99% <= 999.00
            99.9% <= 999.00
sub-status-rtt-nodeA
             count = 2179
               min = 15
               max = 818
              mean = 51.11
            stddev = 85.56
            median = 33.00
              75% <= 34.00
              95% <= 67.00
              98% <= 400.00
              99% <= 534.00
            99.9% <= 800.00
sub-status-rtt-nodeB
             count = 2194
               min = 14
               max = 978
              mean = 52.98
            stddev = 96.63
            median = 33.00
              75% <= 34.00
              95% <= 67.00
              98% <= 417.00
              99% <= 548.00
            99.9% <= 978.00
sub-status-rtt-nodeD
             count = 2123
               min = 8
               max = 900
              mean = 52.57
            stddev = 89.49
            median = 33.00
              75% <= 34.00
              95% <= 67.00
              98% <= 400.00
              99% <= 533.00
            99.9% <= 900.00

-- Meters ----------------------------------------------------------------------
pub-interest-rate-nodeC-blocks-sync
             count = 183
         mean rate = 1.32 events/second
     1-minute rate = 1.34 events/second
     5-minute rate = 1.24 events/second
    15-minute rate = 1.22 events/second
pub-interest-rate-nodeC-projectiles-sync
             count = 182
         mean rate = 1.32 events/second
     1-minute rate = 1.24 events/second
     5-minute rate = 1.11 events/second
    15-minute rate = 1.04 events/second
pub-interest-rate-nodeC-status-sync
             count = 2163
         mean rate = 15.64 events/second
     1-minute rate = 15.10 events/second
     5-minute rate = 9.42 events/second
    15-minute rate = 7.18 events/second


DEBUG [log-schedule-0] (LocalPlayerStatusSystem.java:150) - Null: 1, vel: 318, deadReckoning: 1850, deadReckoningSkip: 1798, actionable: 0.5467608
 WARN [bp-queue-proc-/com/stefanolupo/ndngame/0/nodeC/blocks/sync-1] (BasePublisher.java:98) - /com/stefanolupo/ndngame/0/nodeC/blocks/sync: Saw duplicate sn requests
 WARN [bp-queue-proc-/com/stefanolupo/ndngame/0/nodeC/blocks/sync-1] (BasePublisher.java:99) - [7=4, 0=4, 38=2, 20=16, 37=3, 15=9, 14=9, 10=3, 22=26, 18=2, 19=2, 27=10, 21=33, 26=15, 32=24, 34=24, 29=6, 31=3]
 WARN [bp-queue-proc-/com/stefanolupo/ndngame/0/nodeC/status/sync-1] (BasePublisher.java:98) - /com/stefanolupo/ndngame/0/nodeC/status/sync: Saw duplicate sn requests
 WARN [bp-queue-proc-/com/stefanolupo/ndngame/0/nodeC/status/sync-1] (BasePublisher.java:99) - [1763=2, 1568=2, 1861=2, 363=2, 174=2, 2254=2, 653=2, 50=2, 274=2, 1651=2, 1489=2, 2192=3, 727=3, 308=3, 1435=3, 1535=3, 1087=2, 28=2, 1210=4, 381=2]
DEBUG [log-schedule-0] (LocalPlayerStatusSystem.java:150) - Null: 1, vel: 337, deadReckoning: 1930, deadReckoningSkip: 1974, actionable: 0.5346535
DEBUG [log-schedule-0] (LocalPlayerStatusSystem.java:150) - Null: 1, vel: 354, deadReckoning: 2069, deadReckoningSkip: 2103, actionable: 0.5354539
4/7/19, 10:23:50 PM ============================================================

-- Gauges ----------------------------------------------------------------------
pub-update-percentage-nodeC-blocks-sync
             value = 0.0030662020905923345
pub-update-percentage-nodeC-status-sync
             value = 0.17590075963481774

-- Counters --------------------------------------------------------------------
dr-counter-null
             count = 1
dr-counter-skip
             count = 2258
dr-counter-threshold
             count = 2161
dr-counter-velocity
             count = 370
sub-blocks-interestscounter-nodeA
             count = 168
sub-blocks-interestscounter-nodeB
             count = 164
sub-blocks-interestscounter-nodeD
             count = 165
sub-projectiles-interestscounter-nodeA
             count = 222
sub-projectiles-interestscounter-nodeB
             count = 223
sub-projectiles-interestscounter-nodeD
             count = 221
sub-status-interestscounter-nodeA
             count = 2587
sub-status-interestscounter-nodeB
             count = 2618
sub-status-interestscounter-nodeD
             count = 2537

-- Histograms ------------------------------------------------------------------
eng-status-delta-nodeA
             count = 2550
               min = 0
               max = 269
              mean = 6.28
            stddev = 17.45
            median = 0.00
              75% <= 11.00
              95% <= 31.00
              98% <= 44.00
              99% <= 100.00
            99.9% <= 134.00
eng-status-delta-nodeB
             count = 2583
               min = 0
               max = 134
              mean = 6.05
            stddev = 15.23
            median = 0.00
              75% <= 11.00
              95% <= 31.00
              98% <= 37.00
              99% <= 82.00
            99.9% <= 134.00
eng-status-delta-nodeD
             count = 2502
               min = 0
               max = 310
              mean = 6.63
            stddev = 16.94
            median = 0.00
              75% <= 11.00
              95% <= 31.00
              98% <= 47.00
              99% <= 100.00
            99.9% <= 134.00
sub-blocks-rtt-nodeA
             count = 1
               min = 764
               max = 764
              mean = 764.00
            stddev = 0.00
            median = 764.00
              75% <= 764.00
              95% <= 764.00
              98% <= 764.00
              99% <= 764.00
            99.9% <= 764.00
sub-blocks-rtt-nodeB
             count = 6
               min = 13
               max = 858
              mean = 475.31
            stddev = 288.62
            median = 616.00
              75% <= 616.00
              95% <= 858.00
              98% <= 858.00
              99% <= 858.00
            99.9% <= 858.00
sub-blocks-rtt-nodeD
             count = 5
               min = 15
               max = 710
              mean = 370.50
            stddev = 272.22
            median = 190.00
              75% <= 710.00
              95% <= 710.00
              98% <= 710.00
              99% <= 710.00
            99.9% <= 710.00
sub-projectiles-rtt-nodeA
             count = 91
               min = 1
               max = 1000
              mean = 400.81
            stddev = 295.91
            median = 483.00
              75% <= 566.00
              95% <= 968.00
              98% <= 978.00
              99% <= 1000.00
            99.9% <= 1000.00
sub-projectiles-rtt-nodeB
             count = 92
               min = 8
               max = 999
              mean = 371.52
            stddev = 286.23
            median = 367.00
              75% <= 533.00
              95% <= 865.00
              98% <= 999.00
              99% <= 999.00
            99.9% <= 999.00
sub-projectiles-rtt-nodeD
             count = 91
               min = 7
               max = 999
              mean = 378.61
            stddev = 298.04
            median = 395.00
              75% <= 583.00
              95% <= 884.00
              98% <= 982.00
              99% <= 999.00
            99.9% <= 999.00
sub-status-rtt-nodeA
             count = 2554
               min = 15
               max = 953
              mean = 51.45
            stddev = 88.04
            median = 33.00
              75% <= 34.00
              95% <= 67.00
              98% <= 401.00
              99% <= 533.00
            99.9% <= 953.00
sub-status-rtt-nodeB
             count = 2588
               min = 13
               max = 942
              mean = 55.58
            stddev = 101.44
            median = 33.00
              75% <= 34.00
              95% <= 83.00
              98% <= 473.00
              99% <= 548.00
            99.9% <= 942.00
sub-status-rtt-nodeD
             count = 2506
               min = 8
               max = 917
              mean = 54.47
            stddev = 96.31
            median = 33.00
              75% <= 34.00
              95% <= 69.00
              98% <= 400.00
              99% <= 533.00
            99.9% <= 917.00

-- Meters ----------------------------------------------------------------------
pub-interest-rate-nodeC-blocks-sync
             count = 237
         mean rate = 1.41 events/second
     1-minute rate = 1.50 events/second
     5-minute rate = 1.29 events/second
    15-minute rate = 1.23 events/second
pub-interest-rate-nodeC-projectiles-sync
             count = 226
         mean rate = 1.34 events/second
     1-minute rate = 1.31 events/second
     5-minute rate = 1.14 events/second
    15-minute rate = 1.06 events/second
pub-interest-rate-nodeC-status-sync
             count = 2551
         mean rate = 15.15 events/second
     1-minute rate = 14.34 events/second
     5-minute rate = 9.78 events/second
    15-minute rate = 7.38 events/second


 WARN [bp-queue-proc-/com/stefanolupo/ndngame/0/nodeC/blocks/sync-1] (BasePublisher.java:98) - /com/stefanolupo/ndngame/0/nodeC/blocks/sync: Saw duplicate sn requests
 WARN [bp-queue-proc-/com/stefanolupo/ndngame/0/nodeC/blocks/sync-1] (BasePublisher.java:99) - [7=4, 43=8, 0=4, 20=16, 38=2, 15=9, 37=3, 42=12, 14=9, 41=14, 10=3, 22=26, 40=6, 18=2, 19=2, 27=10, 21=33, 26=15, 32=24, 34=24, 29=6, 31=3]
 WARN [bp-queue-proc-/com/stefanolupo/ndngame/0/nodeC/status/sync-1] (BasePublisher.java:98) - /com/stefanolupo/ndngame/0/nodeC/status/sync: Saw duplicate sn requests
 WARN [bp-queue-proc-/com/stefanolupo/ndngame/0/nodeC/status/sync-1] (BasePublisher.java:99) - [1763=2, 1568=2, 1861=2, 363=2, 174=2, 2254=2, 2351=2, 653=2, 50=2, 274=2, 1651=2, 1489=2, 2192=3, 727=3, 308=3, 2516=3, 1435=3, 2424=2, 1535=3, 1087=2, 2494=3, 28=2, 1210=4, 381=2]
DEBUG [log-schedule-0] (LocalPlayerStatusSystem.java:150) - Null: 1, vel: 373, deadReckoning: 2169, deadReckoningSkip: 2272, actionable: 0.5281412
DEBUG [log-schedule-0] (LocalPlayerStatusSystem.java:150) - Null: 1, vel: 395, deadReckoning: 2256, deadReckoningSkip: 2458, actionable: 0.5189824
 WARN [bp-queue-proc-/com/stefanolupo/ndngame/0/nodeC/blocks/sync-1] (BasePublisher.java:98) - /com/stefanolupo/ndngame/0/nodeC/blocks/sync: Saw duplicate sn requests
 WARN [bp-queue-proc-/com/stefanolupo/ndngame/0/nodeC/blocks/sync-1] (BasePublisher.java:99) - [7=4, 0=4, 20=16, 15=9, 14=9, 10=3, 22=26, 18=2, 19=2, 27=10, 26=15, 29=6, 31=3, 43=8, 38=2, 37=3, 41=15, 45=4, 46=5, 47=3, 40=6, 42=27, 52=7, 21=33, 49=4, 53=3, 32=24, 34=24]
 WARN [bp-queue-proc-/com/stefanolupo/ndngame/0/nodeC/status/sync-1] (BasePublisher.java:98) - /com/stefanolupo/ndngame/0/nodeC/status/sync: Saw duplicate sn requests
 WARN [bp-queue-proc-/com/stefanolupo/ndngame/0/nodeC/status/sync-1] (BasePublisher.java:99) - [1861=2, 2698=2, 2632=2, 2254=2, 653=2, 274=2, 1489=2, 2192=3, 727=3, 2516=3, 1435=3, 28=2, 2652=2, 2594=2, 1763=2, 1568=2, 363=2, 174=2, 2351=2, 50=2, 1651=2, 308=3, 2424=2, 1535=3, 1087=2, 2494=3, 1210=4, 381=2]
DEBUG [log-schedule-0] (LocalPlayerStatusSystem.java:150) - Null: 1, vel: 419, deadReckoning: 2387, deadReckoningSkip: 2556, actionable: 0.5234011
4/7/19, 10:24:20 PM ============================================================

-- Gauges ----------------------------------------------------------------------
pub-update-percentage-nodeC-blocks-sync
             value = 0.003343653250773994
pub-update-percentage-nodeC-status-sync
             value = 0.18255000309616695

-- Counters --------------------------------------------------------------------
dr-counter-null
             count = 1
dr-counter-skip
             count = 2665
dr-counter-threshold
             count = 2515
dr-counter-velocity
             count = 440
sub-blocks-interestscounter-nodeA
             count = 196
sub-blocks-interestscounter-nodeB
             count = 193
sub-blocks-interestscounter-nodeD
             count = 194
sub-projectiles-interestscounter-nodeA
             count = 259
sub-projectiles-interestscounter-nodeB
             count = 259
sub-projectiles-interestscounter-nodeD
             count = 258
sub-status-interestscounter-nodeA
             count = 3016
sub-status-interestscounter-nodeB
             count = 3063
sub-status-interestscounter-nodeD
             count = 2969

-- Histograms ------------------------------------------------------------------
eng-status-delta-nodeA
             count = 2973
               min = 0
               max = 286
              mean = 7.55
            stddev = 21.37
            median = 0.00
              75% <= 11.00
              95% <= 31.00
              98% <= 62.00
              99% <= 122.00
            99.9% <= 286.00
eng-status-delta-nodeB
             count = 3024
               min = 0
               max = 224
              mean = 7.64
            stddev = 20.78
            median = 0.00
              75% <= 11.00
              95% <= 31.00
              98% <= 71.00
              99% <= 122.00
            99.9% <= 224.00
eng-status-delta-nodeD
             count = 2928
               min = 0
               max = 310
              mean = 7.39
            stddev = 19.01
            median = 0.00
              75% <= 11.00
              95% <= 31.00
              98% <= 55.00
              99% <= 100.00
            99.9% <= 283.00
sub-blocks-rtt-nodeA
             count = 3
               min = 2
               max = 764
              mean = 153.75
            stddev = 174.94
            median = 270.00
              75% <= 270.00
              95% <= 270.00
              98% <= 764.00
              99% <= 764.00
            99.9% <= 764.00
sub-blocks-rtt-nodeB
             count = 7
               min = 13
               max = 858
              mean = 372.47
            stddev = 185.60
            median = 318.00
              75% <= 329.00
              95% <= 858.00
              98% <= 858.00
              99% <= 858.00
            99.9% <= 858.00
sub-blocks-rtt-nodeD
             count = 6
               min = 15
               max = 710
              mean = 272.20
            stddev = 252.00
            median = 190.00
              75% <= 531.00
              95% <= 710.00
              98% <= 710.00
              99% <= 710.00
            99.9% <= 710.00
sub-projectiles-rtt-nodeA
             count = 105
               min = 1
               max = 1000
              mean = 426.41
            stddev = 314.24
            median = 483.00
              75% <= 716.00
              95% <= 978.00
              98% <= 1000.00
              99% <= 1000.00
            99.9% <= 1000.00
sub-projectiles-rtt-nodeB
             count = 109
               min = 8
               max = 999
              mean = 463.96
            stddev = 300.69
            median = 516.00
              75% <= 765.00
              95% <= 899.00
              98% <= 982.00
              99% <= 999.00
            99.9% <= 999.00
sub-projectiles-rtt-nodeD
             count = 108
               min = 7
               max = 999
              mean = 444.04
            stddev = 305.28
            median = 516.00
              75% <= 699.00
              95% <= 949.00
              98% <= 999.00
              99% <= 999.00
            99.9% <= 999.00
sub-status-rtt-nodeA
             count = 2979
               min = 1
               max = 953
              mean = 57.28
            stddev = 104.88
            median = 33.00
              75% <= 34.00
              95% <= 83.00
              98% <= 500.00
              99% <= 551.00
            99.9% <= 953.00
sub-status-rtt-nodeB
             count = 3029
               min = 5
               max = 942
              mean = 56.68
            stddev = 102.46
            median = 33.00
              75% <= 34.00
              95% <= 84.00
              98% <= 484.00
              99% <= 533.00
            99.9% <= 942.00
sub-status-rtt-nodeD
             count = 2933
               min = 7
               max = 900
              mean = 56.11
            stddev = 97.27
            median = 33.00
              75% <= 37.00
              95% <= 83.00
              98% <= 417.00
              99% <= 533.00
            99.9% <= 899.00

-- Meters ----------------------------------------------------------------------
pub-interest-rate-nodeC-blocks-sync
             count = 298
         mean rate = 1.50 events/second
     1-minute rate = 1.73 events/second
     5-minute rate = 1.36 events/second
    15-minute rate = 1.26 events/second
pub-interest-rate-nodeC-projectiles-sync
             count = 259
         mean rate = 1.31 events/second
     1-minute rate = 1.25 events/second
     5-minute rate = 1.15 events/second
    15-minute rate = 1.06 events/second
pub-interest-rate-nodeC-status-sync
             count = 2980
         mean rate = 15.03 events/second
     1-minute rate = 14.35 events/second
     5-minute rate = 10.18 events/second
    15-minute rate = 7.59 events/second


DEBUG [log-schedule-0] (LocalPlayerStatusSystem.java:150) - Null: 1, vel: 441, deadReckoning: 2517, deadReckoningSkip: 2687, actionable: 0.52408785
DEBUG [HeadlessApplication] (ProjectileCollisionSystem.java:108) - Bullet hit me, notifying owner and decreasing my health
 WARN [bp-queue-proc-/com/stefanolupo/ndngame/0/nodeC/blocks/sync-1] (BasePublisher.java:98) - /com/stefanolupo/ndngame/0/nodeC/blocks/sync: Saw duplicate sn requests
 WARN [bp-queue-proc-/com/stefanolupo/ndngame/0/nodeC/blocks/sync-1] (BasePublisher.java:99) - [7=4, 0=4, 20=16, 15=9, 14=9, 42=34, 10=3, 22=26, 18=2, 19=2, 27=10, 26=15, 29=6, 31=3, 43=8, 38=2, 53=16, 37=3, 41=15, 45=4, 46=5, 47=3, 40=6, 54=7, 21=33, 49=4, 32=24, 34=24, 57=2, 52=8, 56=4, 61=3, 60=3]
 WARN [bp-queue-proc-/com/stefanolupo/ndngame/0/nodeC/status/sync-1] (BasePublisher.java:98) - /com/stefanolupo/ndngame/0/nodeC/status/sync: Saw duplicate sn requests
 WARN [bp-queue-proc-/com/stefanolupo/ndngame/0/nodeC/status/sync-1] (BasePublisher.java:99) - [1861=2, 2698=2, 2632=2, 2254=2, 2959=3, 3021=3, 653=2, 274=2, 1489=2, 2192=3, 727=3, 2516=3, 1435=3, 28=2, 2652=2, 2594=2, 1763=2, 1568=2, 363=2, 174=2, 2990=2, 2351=2, 50=2, 1651=2, 2807=2, 308=3, 2424=2, 1535=3, 1087=2, 2494=3, 1210=4, 381=2]
DEBUG [log-schedule-0] (LocalPlayerStatusSystem.java:150) - Null: 1, vel: 471, deadReckoning: 2679, deadReckoningSkip: 2770, actionable: 0.53217363
DEBUG [HeadlessApplication] (ProjectileCollisionSystem.java:108) - Bullet hit me, notifying owner and decreasing my health
DEBUG [log-schedule-0] (LocalPlayerStatusSystem.java:150) - Null: 1, vel: 494, deadReckoning: 2816, deadReckoningSkip: 2896, actionable: 0.53343
DEBUG [HeadlessApplication] (ProjectileCollisionSystem.java:108) - Bullet hit me, notifying owner and decreasing my health
DEBUG [HeadlessApplication] (ProjectileCollisionSystem.java:108) - Bullet hit me, notifying owner and decreasing my health
4/7/19, 10:24:50 PM ============================================================

-- Gauges ----------------------------------------------------------------------
pub-update-percentage-nodeC-blocks-sync
             value = 0.0038997214484679664
pub-update-percentage-nodeC-status-sync
             value = 0.18920274109978272

-- Counters --------------------------------------------------------------------
dr-counter-null
             count = 1
dr-counter-skip
             count = 3069
dr-counter-threshold
             count = 2889
dr-counter-velocity
             count = 515
sub-blocks-interestscounter-nodeA
             count = 225
sub-blocks-interestscounter-nodeB
             count = 223
sub-blocks-interestscounter-nodeD
             count = 223
sub-projectiles-interestscounter-nodeA
             count = 297
sub-projectiles-interestscounter-nodeB
             count = 298
sub-projectiles-interestscounter-nodeD
             count = 296
sub-status-interestscounter-nodeA
             count = 3431
sub-status-interestscounter-nodeB
             count = 3514
sub-status-interestscounter-nodeD
             count = 3370

-- Histograms ------------------------------------------------------------------
eng-status-delta-nodeA
             count = 3381
               min = 0
               max = 349
              mean = 8.17
            stddev = 21.60
            median = 0.00
              75% <= 11.00
              95% <= 33.00
              98% <= 62.00
              99% <= 104.00
            99.9% <= 349.00
eng-status-delta-nodeB
             count = 3468
               min = 0
               max = 303
              mean = 8.31
            stddev = 21.07
            median = 0.00
              75% <= 11.00
              95% <= 33.00
              98% <= 63.00
              99% <= 111.00
            99.9% <= 303.00
eng-status-delta-nodeD
             count = 3320
               min = 0
               max = 330
              mean = 10.08
            stddev = 28.99
            median = 0.00
              75% <= 11.00
              95% <= 40.00
              98% <= 67.00
              99% <= 125.00
            99.9% <= 330.00
sub-blocks-rtt-nodeA
             count = 4
               min = 2
               max = 764
              mean = 274.25
            stddev = 172.29
            median = 394.00
              75% <= 394.00
              95% <= 394.00
              98% <= 394.00
              99% <= 764.00
            99.9% <= 764.00
sub-blocks-rtt-nodeB
             count = 7
               min = 13
               max = 858
              mean = 372.47
            stddev = 185.60
            median = 318.00
              75% <= 329.00
              95% <= 858.00
              98% <= 858.00
              99% <= 858.00
            99.9% <= 858.00
sub-blocks-rtt-nodeD
             count = 7
               min = 15
               max = 710
              mean = 280.02
            stddev = 208.86
            median = 190.00
              75% <= 297.00
              95% <= 710.00
              98% <= 710.00
              99% <= 710.00
            99.9% <= 710.00
sub-projectiles-rtt-nodeA
             count = 119
               min = 1
               max = 1000
              mean = 428.67
            stddev = 296.70
            median = 509.00
              75% <= 616.00
              95% <= 882.00
              98% <= 1000.00
              99% <= 1000.00
            99.9% <= 1000.00
sub-projectiles-rtt-nodeB
             count = 122
               min = 8
               max = 999
              mean = 418.13
            stddev = 305.93
            median = 516.00
              75% <= 649.00
              95% <= 882.00
              98% <= 982.00
              99% <= 982.00
            99.9% <= 999.00
sub-projectiles-rtt-nodeD
             count = 123
               min = 7
               max = 999
              mean = 457.34
            stddev = 298.92
            median = 516.00
              75% <= 683.00
              95% <= 949.00
              98% <= 991.00
              99% <= 999.00
            99.9% <= 999.00
sub-status-rtt-nodeA
             count = 3386
               min = 1
               max = 967
              mean = 56.51
            stddev = 104.61
            median = 33.00
              75% <= 36.00
              95% <= 83.00
              98% <= 466.00
              99% <= 700.00
            99.9% <= 967.00
sub-status-rtt-nodeB
             count = 3473
               min = 5
               max = 942
              mean = 53.37
            stddev = 92.68
            median = 33.00
              75% <= 43.00
              95% <= 83.00
              98% <= 416.00
              99% <= 548.00
            99.9% <= 917.00
sub-status-rtt-nodeD
             count = 3326
               min = 7
               max = 983
              mean = 58.86
            stddev = 109.53
            median = 34.00
              75% <= 49.00
              95% <= 88.00
              98% <= 417.00
              99% <= 700.00
            99.9% <= 983.00

-- Meters ----------------------------------------------------------------------
pub-interest-rate-nodeC-blocks-sync
             count = 354
         mean rate = 1.55 events/second
     1-minute rate = 1.81 events/second
     5-minute rate = 1.42 events/second
    15-minute rate = 1.28 events/second
pub-interest-rate-nodeC-projectiles-sync
             count = 295
         mean rate = 1.29 events/second
     1-minute rate = 1.18 events/second
     5-minute rate = 1.14 events/second
    15-minute rate = 1.06 events/second
pub-interest-rate-nodeC-status-sync
             count = 3440
         mean rate = 15.07 events/second
     1-minute rate = 15.05 events/second
     5-minute rate = 10.76 events/second
    15-minute rate = 7.88 events/second


 WARN [bp-queue-proc-/com/stefanolupo/ndngame/0/nodeC/blocks/sync-1] (BasePublisher.java:98) - /com/stefanolupo/ndngame/0/nodeC/blocks/sync: Saw duplicate sn requests
 WARN [bp-queue-proc-/com/stefanolupo/ndngame/0/nodeC/blocks/sync-1] (BasePublisher.java:99) - [68=6, 7=4, 0=4, 20=16, 71=2, 15=9, 65=6, 14=9, 42=34, 64=9, 10=3, 22=26, 18=2, 19=2, 27=10, 26=15, 29=6, 31=3, 43=8, 38=2, 53=17, 37=3, 41=15, 45=4, 46=5, 47=3, 40=6, 54=7, 21=33, 49=4, 32=24, 62=6, 34=24, 57=2, 60=7, 61=6, 52=8, 56=4]
 WARN [bp-queue-proc-/com/stefanolupo/ndngame/0/nodeC/status/sync-1] (BasePublisher.java:98) - /com/stefanolupo/ndngame/0/nodeC/status/sync: Saw duplicate sn requests
 WARN [bp-queue-proc-/com/stefanolupo/ndngame/0/nodeC/status/sync-1] (BasePublisher.java:99) - [1861=2, 2698=2, 2632=2, 2254=2, 2959=3, 3021=3, 3404=2, 653=2, 274=2, 1489=2, 2192=3, 727=3, 2516=3, 1435=3, 3291=2, 28=2, 2652=2, 3164=2, 2594=2, 1763=2, 1568=2, 363=2, 3307=2, 3370=3, 174=2, 2990=2, 2351=2, 50=2, 1651=2, 2807=2, 308=3, 2424=2, 1535=3, 1087=2, 2494=3, 1210=4, 3325=3, 3388=2, 381=2]
DEBUG [log-schedule-0] (LocalPlayerStatusSystem.java:150) - Null: 1, vel: 516, deadReckoning: 2889, deadReckoningSkip: 3069, actionable: 0.52602315
DEBUG [log-schedule-0] (LocalPlayerStatusSystem.java:150) - Null: 1, vel: 540, deadReckoning: 3052, deadReckoningSkip: 3160, actionable: 0.53205985
 WARN [bp-queue-proc-/com/stefanolupo/ndngame/0/nodeC/blocks/sync-1] (BasePublisher.java:98) - /com/stefanolupo/ndngame/0/nodeC/blocks/sync: Saw duplicate sn requests
 WARN [bp-queue-proc-/com/stefanolupo/ndngame/0/nodeC/blocks/sync-1] (BasePublisher.java:99) - [73=11, 7=4, 0=4, 20=16, 71=2, 15=9, 65=6, 14=9, 42=34, 10=3, 68=8, 74=6, 22=26, 72=7, 18=2, 19=2, 27=10, 26=15, 64=22, 29=6, 31=3, 43=8, 38=2, 53=17, 37=3, 41=15, 45=4, 46=5, 47=3, 40=6, 54=7, 21=33, 49=4, 32=24, 62=6, 34=24, 57=2, 60=7, 61=6, 52=8, 56=4]
 WARN [bp-queue-proc-/com/stefanolupo/ndngame/0/nodeC/status/sync-1] (BasePublisher.java:98) - /com/stefanolupo/ndngame/0/nodeC/status/sync: Saw duplicate sn requests
 WARN [bp-queue-proc-/com/stefanolupo/ndngame/0/nodeC/status/sync-1] (BasePublisher.java:99) - [3651=2, 1861=2, 2698=2, 3594=2, 3659=2, 2632=2, 2254=2, 2959=3, 3021=3, 3404=2, 653=2, 274=2, 1489=2, 2192=3, 727=3, 2516=3, 1435=3, 3291=2, 28=2, 2652=2, 3164=2, 3741=2, 2594=2, 1763=2, 1568=2, 3493=2, 363=2, 3307=2, 3370=3, 174=2, 2990=2, 2351=2, 50=2, 1651=2, 2807=2, 308=3, 2424=2, 1535=3, 1087=2, 2494=3, 1210=4, 3325=3, 3388=2, 3644=2, 381=2]
DEBUG [log-schedule-0] (LocalPlayerStatusSystem.java:150) - Null: 1, vel: 565, deadReckoning: 3200, deadReckoningSkip: 3244, actionable: 0.5372325
DEBUG [HeadlessApplication] (ProjectileCollisionSystem.java:108) - Bullet hit me, notifying owner and decreasing my health
4/7/19, 10:25:20 PM ============================================================

-- Gauges ----------------------------------------------------------------------
pub-update-percentage-nodeC-blocks-sync
             value = 0.00389873417721519
pub-update-percentage-nodeC-status-sync
             value = 0.19763025975998785

-- Counters --------------------------------------------------------------------
dr-counter-null
             count = 1
dr-counter-skip
             count = 3355
dr-counter-threshold
             count = 3333
dr-counter-velocity
             count = 581
sub-blocks-interestscounter-nodeA
             count = 254
sub-blocks-interestscounter-nodeB
             count = 253
sub-blocks-interestscounter-nodeD
             count = 253
sub-projectiles-interestscounter-nodeA
             count = 330
sub-projectiles-interestscounter-nodeB
             count = 333
sub-projectiles-interestscounter-nodeD
             count = 329
sub-status-interestscounter-nodeA
             count = 3942
sub-status-interestscounter-nodeB
             count = 4040
sub-status-interestscounter-nodeD
             count = 3892

-- Histograms ------------------------------------------------------------------
eng-status-delta-nodeA
             count = 3887
               min = 0
               max = 288
              mean = 8.48
            stddev = 23.35
            median = 0.00
              75% <= 11.00
              95% <= 31.00
              98% <= 57.00
              99% <= 122.00
            99.9% <= 288.00
eng-status-delta-nodeB
             count = 3991
               min = 0
               max = 171
              mean = 8.84
            stddev = 18.63
            median = 0.00
              75% <= 11.00
              95% <= 40.00
              98% <= 71.00
              99% <= 104.00
            99.9% <= 154.00
eng-status-delta-nodeD
             count = 3837
               min = 0
               max = 330
              mean = 9.46
            stddev = 22.38
            median = 0.00
              75% <= 11.00
              95% <= 41.00
              98% <= 71.00
              99% <= 104.00
            99.9% <= 330.00
sub-blocks-rtt-nodeA
             count = 5
               min = 2
               max = 764
              mean = 220.05
            stddev = 148.45
            median = 140.00
              75% <= 394.00
              95% <= 394.00
              98% <= 394.00
              99% <= 764.00
            99.9% <= 764.00
sub-blocks-rtt-nodeB
             count = 7
               min = 13
               max = 858
              mean = 372.47
            stddev = 185.60
            median = 318.00
              75% <= 329.00
              95% <= 858.00
              98% <= 858.00
              99% <= 858.00
            99.9% <= 858.00
sub-blocks-rtt-nodeD
             count = 7
               min = 15
               max = 710
              mean = 280.02
            stddev = 208.86
            median = 190.00
              75% <= 297.00
              95% <= 710.00
              98% <= 710.00
              99% <= 710.00
            99.9% <= 710.00
sub-projectiles-rtt-nodeA
             count = 126
               min = 1
               max = 1000
              mean = 464.36
            stddev = 296.40
            median = 516.00
              75% <= 761.00
              95% <= 867.00
              98% <= 978.00
              99% <= 1000.00
            99.9% <= 1000.00
sub-projectiles-rtt-nodeB
             count = 129
               min = 8
               max = 999
              mean = 390.12
            stddev = 299.80
            median = 499.00
              75% <= 600.00
              95% <= 865.00
              98% <= 950.00
              99% <= 982.00
            99.9% <= 999.00
sub-projectiles-rtt-nodeD
             count = 130
               min = 7
               max = 999
              mean = 483.11
            stddev = 295.43
            median = 516.00
              75% <= 779.00
              95% <= 883.00
              98% <= 981.00
              99% <= 999.00
            99.9% <= 999.00
sub-status-rtt-nodeA
             count = 3894
               min = 1
               max = 917
              mean = 56.49
            stddev = 104.52
            median = 33.00
              75% <= 50.00
              95% <= 69.00
              98% <= 416.00
              99% <= 717.00
            99.9% <= 917.00
sub-status-rtt-nodeB
             count = 3997
               min = 5
               max = 933
              mean = 51.87
            stddev = 87.14
            median = 33.00
              75% <= 49.00
              95% <= 72.00
              98% <= 400.00
              99% <= 509.00
            99.9% <= 933.00
sub-status-rtt-nodeD
             count = 3846
               min = 8
               max = 983
              mean = 54.66
            stddev = 98.40
            median = 34.00
              75% <= 50.00
              95% <= 83.00
              98% <= 399.00
              99% <= 700.00
            99.9% <= 983.00

-- Meters ----------------------------------------------------------------------
pub-interest-rate-nodeC-blocks-sync
             count = 413
         mean rate = 1.60 events/second
     1-minute rate = 1.84 events/second
     5-minute rate = 1.46 events/second
    15-minute rate = 1.30 events/second
pub-interest-rate-nodeC-projectiles-sync
             count = 327
         mean rate = 1.27 events/second
     1-minute rate = 1.14 events/second
     5-minute rate = 1.13 events/second
    15-minute rate = 1.06 events/second
pub-interest-rate-nodeC-status-sync
             count = 3956
         mean rate = 15.31 events/second
     1-minute rate = 16.07 events/second
     5-minute rate = 11.38 events/second
    15-minute rate = 8.18 events/second


DEBUG [log-schedule-0] (LocalPlayerStatusSystem.java:150) - Null: 1, vel: 583, deadReckoning: 3353, deadReckoningSkip: 3355, actionable: 0.53990674
 WARN [bp-queue-proc-/com/stefanolupo/ndngame/0/nodeC/blocks/sync-1] (BasePublisher.java:98) - /com/stefanolupo/ndngame/0/nodeC/blocks/sync: Saw duplicate sn requests
 WARN [bp-queue-proc-/com/stefanolupo/ndngame/0/nodeC/blocks/sync-1] (BasePublisher.java:99) - [74=11, 7=4, 75=8, 0=4, 20=16, 71=2, 15=9, 65=6, 14=9, 42=34, 10=3, 78=7, 79=6, 68=8, 22=26, 72=7, 18=2, 19=2, 27=10, 26=15, 64=25, 73=19, 29=6, 31=3, 43=8, 38=2, 53=17, 37=3, 41=15, 45=4, 46=5, 47=3, 40=6, 54=7, 21=33, 49=4, 32=24, 62=6, 34=24, 57=2, 60=7, 61=6, 52=8, 56=4]
 WARN [bp-queue-proc-/com/stefanolupo/ndngame/0/nodeC/status/sync-1] (BasePublisher.java:98) - /com/stefanolupo/ndngame/0/nodeC/status/sync: Saw duplicate sn requests
 WARN [bp-queue-proc-/com/stefanolupo/ndngame/0/nodeC/status/sync-1] (BasePublisher.java:99) - [2698=2, 3594=2, 2959=3, 653=2, 274=2, 2192=3, 1435=3, 28=2, 3868=2, 3741=2, 2594=2, 1568=2, 3876=2, 3493=2, 3370=3, 174=2, 2990=2, 2351=2, 50=2, 308=3, 3898=2, 1087=2, 2494=3, 1210=4, 3388=2, 3644=2, 3651=2, 1861=2, 3659=2, 2632=2, 2254=2, 3021=3, 3404=2, 1489=2, 727=3, 2516=3, 3291=2, 2652=2, 3164=2, 1763=2, 363=2, 3307=2, 4078=2, 3949=2, 1651=2, 2807=2, 2424=2, 1535=3, 3325=3, 381=2]
DEBUG [log-schedule-0] (LocalPlayerStatusSystem.java:150) - Null: 1, vel: 604, deadReckoning: 3542, deadReckoningSkip: 3424, actionable: 0.54774797
