DEBUG [main] (ConfigManager.java:33) - Initialized with properties: {local.player.status.updates.per.sec=30, facemanager.num.sub.threads.per.face=10, linear.interest.zone.filter.inner.radius=100, projectile.cache.size=20, local.player.status.use.dead.reckoning=false, block.publisher.freshness.period.ms=20, player.status.publisher.freshness.period.ms=20, base.publisher.queue.process.per.sec=60, projectile.sub.inter.interest.max.wait.time.ms=30, linear.interest.zone.filter.outer.radius=200, local.player.dead.reckoning.max.error=1, projectile.publisher.queue.process.multithread=true, statistics.logger.log.rate.sec=30, facemanager.max.num.pub.faces=1, facemanager.num.pub.threads.per.face=10, facemanager.max.num.sub.faces=1, block.sub.inter.interest.max.wait.time.ms=2000, projectile.publisher.queue.process.per.sec=60, base.publisher.queue.process.multithread=true, player.sub.inter.interest.max.wait.time.ms=30, linear.interest.zone.filter.enabled=false, projectile.publisher.freshness.period.ms=20}
WARNING: An illegal reflective access operation has occurred
WARNING: Illegal reflective access by com.google.inject.internal.cglib.core.$ReflectUtils$2 (file:/NdnGame/NdnGameLibGdxDesktop-1.0-SNAPSHOT.jar) to method java.lang.ClassLoader.defineClass(java.lang.String,byte[],int,int,java.security.ProtectionDomain)
WARNING: Please consider reporting this to the maintainers of com.google.inject.internal.cglib.core.$ReflectUtils$2
WARNING: Use --illegal-access=warn to enable warnings of further illegal reflective access operations
WARNING: All illegal access operations will be denied in a future release
DEBUG [main] (BackendModule.java:123) - Writing metrics to /metrics/nodeD
 INFO [main] (DesktopLauncher.java:49) - Launching headless game
 INFO [main] (DesktopLauncher.java:50) - LocalConfig{playerName='nodeD', isMasterView=false, isAutomated=true, automationType='wsp', isHeadless=true, gameId=0, screenWidth=600, screenHeight=600, targetFrameRate=60}
DEBUG [main] (AutomatedInputController.java:52) - Starting with automation type: wsp
DEBUG [main] (BasePublisher.java:67) - Registering /com/stefanolupo/ndngame/0/nodeD/blocks/sync
DEBUG [main] (BasePublisher.java:67) - Registering /com/stefanolupo/ndngame/0/nodeD/status/sync
Mar 20, 2019 1:56:26 AM net.named_data.jndn.Node$RegisterResponse onData
INFO: Register prefix succeeded with the NFD forwarder for prefix /com/stefanolupo/ndngame/0/nodeD/blocks/sync
Mar 20, 2019 1:56:26 AM net.named_data.jndn.Node$RegisterResponse onData
INFO: Register prefix succeeded with the NFD forwarder for prefix /com/stefanolupo/ndngame/0/nodeD/projectiles/sync
Mar 20, 2019 1:56:26 AM net.named_data.jndn.Node$RegisterResponse onData
INFO: Register prefix succeeded with the NFD forwarder for prefix /com/stefanolupo/ndngame/0/nodeD/projectiles/interact
Mar 20, 2019 1:56:26 AM net.named_data.jndn.Node$RegisterResponse onData
INFO: Register prefix failed: Expected NFD status code 200, got: 403
 WARN [fm-pub-0-6] (FaceManager.java:150) - Failed to register prefix: /com/stefanolupo/ndngame/0/nodeD/blocks/interact, retrying..
Mar 20, 2019 1:56:26 AM net.named_data.jndn.Node$RegisterResponse onData
INFO: Register prefix failed: Expected NFD status code 200, got: 403
 WARN [fm-pub-0-4] (FaceManager.java:150) - Failed to register prefix: /com/stefanolupo/ndngame/0/nodeD/status/sync, retrying..
Mar 20, 2019 1:56:26 AM net.named_data.jndn.Node$RegisterResponse onData
INFO: Register prefix succeeded with the NFD forwarder for prefix /com/stefanolupo/ndngame/0/nodeD/blocks/interact
Mar 20, 2019 1:56:26 AM net.named_data.jndn.Node$RegisterResponse onData
INFO: Register prefix succeeded with the NFD forwarder for prefix /com/stefanolupo/ndngame/0/nodeD/status/sync
Mar 20, 2019 1:56:30 AM net.named_data.jndn.Node$RegisterResponse onData
INFO: Register prefix succeeded with the NFD forwarder for prefix /com/stefanolupo/ndngame/0/config/broadcast
Mar 20, 2019 1:56:30 AM net.named_data.jndn.Node$RegisterResponse onData
INFO: Register prefix succeeded with the NFD forwarder for prefix /com/stefanolupo/ndngame/0/config/nodeD
 INFO [cs-/com/stefanolupo/ndngame/0/config/nodeD-0] (ChronoSynced.java:93) - Initialized ChronoSyncedMap for /com/stefanolupo/ndngame/0/config/nodeD
Mar 20, 2019 1:56:30 AM net.named_data.jndn.Node$RegisterResponse onData
INFO: Register prefix succeeded with the NFD forwarder for prefix /com/stefanolupo/ndngame/0/discovery/broadcast
Mar 20, 2019 1:56:30 AM net.named_data.jndn.Node$RegisterResponse onData
INFO: Register prefix succeeded with the NFD forwarder for prefix /com/stefanolupo/ndngame/0/discovery/nodeD
 INFO [cs-/com/stefanolupo/ndngame/0/discovery/nodeD-0] (ChronoSynced.java:93) - Initialized ChronoSyncedMap for /com/stefanolupo/ndngame/0/discovery/nodeD
DEBUG [bp-queue-proc-/com/stefanolupo/ndngame/0/nodeD/blocks/sync-1] (BasePublisher.java:96) - /com/stefanolupo/ndngame/0/nodeD/blocks/sync: No duplicate SN requests seen
DEBUG [bp-queue-proc-/com/stefanolupo/ndngame/0/nodeD/status/sync-1] (BasePublisher.java:96) - /com/stefanolupo/ndngame/0/nodeD/status/sync: No duplicate SN requests seen
3/20/19, 1:56:55 AM ============================================================

-- Gauges ----------------------------------------------------------------------
pub-update-percentage-nodeD-blocks-sync
             value = 0.0
pub-update-percentage-nodeD-status-sync
             value = 0.4977452085682074


DEBUG [bp-queue-proc-/com/stefanolupo/ndngame/0/nodeD/blocks/sync-1] (BasePublisher.java:96) - /com/stefanolupo/ndngame/0/nodeD/blocks/sync: No duplicate SN requests seen
DEBUG [bp-queue-proc-/com/stefanolupo/ndngame/0/nodeD/status/sync-1] (BasePublisher.java:96) - /com/stefanolupo/ndngame/0/nodeD/status/sync: No duplicate SN requests seen
3/20/19, 1:57:25 AM ============================================================

-- Gauges ----------------------------------------------------------------------
pub-update-percentage-nodeD-blocks-sync
             value = 0.0011185682326621924
pub-update-percentage-nodeD-status-sync
             value = 0.49888080581980976


DEBUG [bp-queue-proc-/com/stefanolupo/ndngame/0/nodeD/blocks/sync-1] (BasePublisher.java:96) - /com/stefanolupo/ndngame/0/nodeD/blocks/sync: No duplicate SN requests seen
DEBUG [bp-queue-proc-/com/stefanolupo/ndngame/0/nodeD/status/sync-1] (BasePublisher.java:96) - /com/stefanolupo/ndngame/0/nodeD/status/sync: No duplicate SN requests seen
 INFO [fm-pub-0-9] (ProjectilePublisher.java:133) - Creating interest meter
 INFO [cs-/com/stefanolupo/ndngame/0/discovery/nodeD-0] (PlayerStatusSubscriber.java:59) - Adding subscription for nodeA
 INFO [cs-/com/stefanolupo/ndngame/0/discovery/nodeD-0] (BlockSubscriber.java:54) - Adding subscription for /com/stefanolupo/ndngame/0/nodeA/blocks/sync/0/0/0
 INFO [cs-/com/stefanolupo/ndngame/0/discovery/nodeD-0] (ProjectileSubscriber.java:53) - Adding subscription for /com/stefanolupo/ndngame/0/nodeA/projectiles/sync/0/0/0
 INFO [cs-/com/stefanolupo/ndngame/0/discovery/nodeD-0] (PlayerStatusSubscriber.java:59) - Adding subscription for nodeB
 INFO [cs-/com/stefanolupo/ndngame/0/discovery/nodeD-0] (PlayerStatusSubscriber.java:59) - Adding subscription for nodeC
 INFO [cs-/com/stefanolupo/ndngame/0/discovery/nodeD-0] (BlockSubscriber.java:54) - Adding subscription for /com/stefanolupo/ndngame/0/nodeB/blocks/sync/0/0/0
 INFO [cs-/com/stefanolupo/ndngame/0/discovery/nodeD-0] (BlockSubscriber.java:54) - Adding subscription for /com/stefanolupo/ndngame/0/nodeC/blocks/sync/0/0/0
 INFO [cs-/com/stefanolupo/ndngame/0/discovery/nodeD-0] (ProjectileSubscriber.java:53) - Adding subscription for /com/stefanolupo/ndngame/0/nodeB/projectiles/sync/0/0/0
 INFO [cs-/com/stefanolupo/ndngame/0/discovery/nodeD-0] (ProjectileSubscriber.java:53) - Adding subscription for /com/stefanolupo/ndngame/0/nodeC/projectiles/sync/0/0/0
ERROR [HeadlessApplication] (ProjectileCollisionSystem.java:62) - Type component was null for collision with PROJECTILE
DEBUG [HeadlessApplication] (ProjectileCollisionSystem.java:108) - Bullet hit me, notifying owner and decreasing my health
DEBUG [HeadlessApplication] (ProjectileCollisionSystem.java:108) - Bullet hit me, notifying owner and decreasing my health
DEBUG [HeadlessApplication] (ProjectileCollisionSystem.java:108) - Bullet hit me, notifying owner and decreasing my health
ERROR [HeadlessApplication] (ProjectileCollisionSystem.java:62) - Type component was null for collision with PROJECTILE
 WARN [bp-queue-proc-/com/stefanolupo/ndngame/0/nodeD/blocks/sync-1] (BasePublisher.java:98) - /com/stefanolupo/ndngame/0/nodeD/blocks/sync: Saw duplicate sn requests
 WARN [bp-queue-proc-/com/stefanolupo/ndngame/0/nodeD/blocks/sync-1] (BasePublisher.java:99) - [11=3, 8=2]
 WARN [bp-queue-proc-/com/stefanolupo/ndngame/0/nodeD/status/sync-1] (BasePublisher.java:98) - /com/stefanolupo/ndngame/0/nodeD/status/sync: Saw duplicate sn requests
 WARN [bp-queue-proc-/com/stefanolupo/ndngame/0/nodeD/status/sync-1] (BasePublisher.java:99) - [0=2, 2304=2]
DEBUG [HeadlessApplication] (ProjectileCollisionSystem.java:108) - Bullet hit me, notifying owner and decreasing my health
3/20/19, 1:57:55 AM ============================================================

-- Gauges ----------------------------------------------------------------------
pub-update-percentage-nodeD-blocks-sync
             value = 0.0020461309523809525
pub-update-percentage-nodeD-status-sync
             value = 0.498697432080387

-- Counters --------------------------------------------------------------------
sub-blocks-interestscounter-nodeA
             count = 15
sub-blocks-interestscounter-nodeB
             count = 17
sub-blocks-interestscounter-nodeC
             count = 17
sub-projectiles-interestscounter-nodeA
             count = 23
sub-projectiles-interestscounter-nodeB
             count = 25
sub-projectiles-interestscounter-nodeC
             count = 24
sub-status-interestscounter-nodeA
             count = 529
sub-status-interestscounter-nodeB
             count = 519
sub-status-interestscounter-nodeC
             count = 525

-- Histograms ------------------------------------------------------------------
eng-status-delta-nodeA
             count = 524
               min = 0
               max = 131
              mean = 3.60
            stddev = 13.95
            median = 0.00
              75% <= 0.00
              95% <= 22.00
              98% <= 41.00
              99% <= 100.00
            99.9% <= 131.00
eng-status-delta-nodeB
             count = 515
               min = 0
               max = 126
              mean = 3.67
            stddev = 13.71
            median = 0.00
              75% <= 0.00
              95% <= 22.00
              98% <= 33.00
              99% <= 111.00
            99.9% <= 126.00
eng-status-delta-nodeC
             count = 521
               min = 0
               max = 126
              mean = 5.05
            stddev = 16.15
            median = 0.00
              75% <= 0.00
              95% <= 31.00
              98% <= 56.00
              99% <= 100.00
            99.9% <= 126.00
sub-blocks-rtt-nodeA
             count = 4
               min = 252
               max = 935
              mean = 620.40
            stddev = 241.21
            median = 637.00
              75% <= 935.00
              95% <= 935.00
              98% <= 935.00
              99% <= 935.00
            99.9% <= 935.00
sub-blocks-rtt-nodeB
             count = 2
               min = 346
               max = 609
              mean = 485.38
            stddev = 131.26
            median = 609.00
              75% <= 609.00
              95% <= 609.00
              98% <= 609.00
              99% <= 609.00
            99.9% <= 609.00
sub-blocks-rtt-nodeC
             count = 2
               min = 154
               max = 564
              mean = 372.82
            stddev = 204.53
            median = 564.00
              75% <= 564.00
              95% <= 564.00
              98% <= 564.00
              99% <= 564.00
            99.9% <= 564.00
sub-projectiles-rtt-nodeA
             count = 12
               min = 31
               max = 999
              mean = 645.67
            stddev = 234.26
            median = 661.00
              75% <= 800.00
              95% <= 999.00
              98% <= 999.00
              99% <= 999.00
            99.9% <= 999.00
sub-projectiles-rtt-nodeB
             count = 12
               min = 16
               max = 950
              mean = 494.46
            stddev = 305.51
            median = 564.00
              75% <= 799.00
              95% <= 950.00
              98% <= 950.00
              99% <= 950.00
            99.9% <= 950.00
sub-projectiles-rtt-nodeC
             count = 11
               min = 22
               max = 1000
              mean = 603.93
            stddev = 297.85
            median = 598.00
              75% <= 816.00
              95% <= 1000.00
              98% <= 1000.00
              99% <= 1000.00
            99.9% <= 1000.00
sub-status-rtt-nodeA
             count = 529
               min = 10
               max = 95
              mean = 35.30
            stddev = 9.96
            median = 33.00
              75% <= 34.00
              95% <= 59.00
              98% <= 67.00
              99% <= 67.00
            99.9% <= 95.00
sub-status-rtt-nodeB
             count = 519
               min = 1
               max = 89
              mean = 35.86
            stddev = 10.78
            median = 33.00
              75% <= 34.00
              95% <= 66.00
              98% <= 68.00
              99% <= 71.00
            99.9% <= 89.00
sub-status-rtt-nodeC
             count = 524
               min = 9
               max = 89
              mean = 35.53
            stddev = 11.09
            median = 33.00
              75% <= 34.00
              95% <= 66.00
              98% <= 67.00
              99% <= 73.00
            99.9% <= 89.00

-- Meters ----------------------------------------------------------------------
pub-interest-rate-nodeD-blocks-sync
             count = 16
         mean rate = 0.85 events/second
     1-minute rate = 0.63 events/second
     5-minute rate = 0.61 events/second
    15-minute rate = 0.60 events/second
pub-interest-rate-nodeD-projectiles-sync
             count = 26
         mean rate = 1.38 events/second
     1-minute rate = 1.24 events/second
     5-minute rate = 1.21 events/second
    15-minute rate = 1.20 events/second
pub-interest-rate-nodeD-status-sync
             count = 541
         mean rate = 28.67 events/second
     1-minute rate = 29.11 events/second
     5-minute rate = 29.18 events/second
    15-minute rate = 29.19 events/second


 WARN [bp-queue-proc-/com/stefanolupo/ndngame/0/nodeD/blocks/sync-1] (BasePublisher.java:98) - /com/stefanolupo/ndngame/0/nodeD/blocks/sync: Saw duplicate sn requests
 WARN [bp-queue-proc-/com/stefanolupo/ndngame/0/nodeD/blocks/sync-1] (BasePublisher.java:99) - [12=13, 13=9, 11=3, 8=2]
 WARN [bp-queue-proc-/com/stefanolupo/ndngame/0/nodeD/status/sync-1] (BasePublisher.java:98) - /com/stefanolupo/ndngame/0/nodeD/status/sync: Saw duplicate sn requests
 WARN [bp-queue-proc-/com/stefanolupo/ndngame/0/nodeD/status/sync-1] (BasePublisher.java:99) - [2962=2, 0=2, 2304=2]
DEBUG [HeadlessApplication] (ProjectileCollisionSystem.java:108) - Bullet hit me, notifying owner and decreasing my health
DEBUG [HeadlessApplication] (ProjectileCollisionSystem.java:108) - Bullet hit me, notifying owner and decreasing my health
DEBUG [HeadlessApplication] (ProjectileCollisionSystem.java:108) - Bullet hit me, notifying owner and decreasing my health
3/20/19, 1:58:25 AM ============================================================

-- Gauges ----------------------------------------------------------------------
pub-update-percentage-nodeD-blocks-sync
             value = 0.002229654403567447
pub-update-percentage-nodeD-status-sync
             value = 0.4988848620016727

-- Counters --------------------------------------------------------------------
sub-blocks-interestscounter-nodeA
             count = 44
sub-blocks-interestscounter-nodeB
             count = 45
sub-blocks-interestscounter-nodeC
             count = 47
sub-projectiles-interestscounter-nodeA
             count = 63
sub-projectiles-interestscounter-nodeB
             count = 64
sub-projectiles-interestscounter-nodeC
             count = 63
sub-status-interestscounter-nodeA
             count = 1351
sub-status-interestscounter-nodeB
             count = 1357
sub-status-interestscounter-nodeC
             count = 1352

-- Histograms ------------------------------------------------------------------
eng-status-delta-nodeA
             count = 1345
               min = 0
               max = 111
              mean = 2.76
            stddev = 8.74
            median = 0.00
              75% <= 0.00
              95% <= 22.00
              98% <= 31.00
              99% <= 33.00
            99.9% <= 100.00
eng-status-delta-nodeB
             count = 1352
               min = 0
               max = 126
              mean = 3.07
            stddev = 10.88
            median = 0.00
              75% <= 0.00
              95% <= 16.00
              98% <= 22.00
              99% <= 44.00
            99.9% <= 126.00
eng-status-delta-nodeC
             count = 1348
               min = 0
               max = 126
              mean = 6.67
            stddev = 16.85
            median = 0.00
              75% <= 0.00
              95% <= 37.00
              98% <= 57.00
              99% <= 98.00
            99.9% <= 123.00
sub-blocks-rtt-nodeA
             count = 5
               min = 64
               max = 935
              mean = 476.99
            stddev = 320.02
            median = 606.00
              75% <= 637.00
              95% <= 935.00
              98% <= 935.00
              99% <= 935.00
            99.9% <= 935.00
sub-blocks-rtt-nodeB
             count = 4
               min = 346
               max = 904
              mean = 655.44
            stddev = 184.28
            median = 650.00
              75% <= 904.00
              95% <= 904.00
              98% <= 904.00
              99% <= 904.00
            99.9% <= 904.00
sub-blocks-rtt-nodeC
             count = 2
               min = 154
               max = 564
              mean = 372.82
            stddev = 204.53
            median = 564.00
              75% <= 564.00
              95% <= 564.00
              98% <= 564.00
              99% <= 564.00
            99.9% <= 564.00
sub-projectiles-rtt-nodeA
             count = 27
               min = 16
               max = 999
              mean = 476.82
            stddev = 276.21
            median = 532.00
              75% <= 682.00
              95% <= 949.00
              98% <= 999.00
              99% <= 999.00
            99.9% <= 999.00
sub-projectiles-rtt-nodeB
             count = 27
               min = 16
               max = 985
              mean = 442.80
            stddev = 314.76
            median = 525.00
              75% <= 666.00
              95% <= 972.00
              98% <= 985.00
              99% <= 985.00
            99.9% <= 985.00
sub-projectiles-rtt-nodeC
             count = 25
               min = 16
               max = 1000
              mean = 431.66
            stddev = 306.08
            median = 502.00
              75% <= 683.00
              95% <= 949.00
              98% <= 1000.00
              99% <= 1000.00
            99.9% <= 1000.00
sub-status-rtt-nodeA
             count = 1350
               min = 9
               max = 91
              mean = 36.03
            stddev = 10.23
            median = 33.00
              75% <= 34.00
              95% <= 66.00
              98% <= 67.00
              99% <= 67.00
            99.9% <= 82.00
sub-status-rtt-nodeB
             count = 1357
               min = 8
               max = 89
              mean = 35.78
            stddev = 10.61
            median = 33.00
              75% <= 34.00
              95% <= 66.00
              98% <= 67.00
              99% <= 70.00
            99.9% <= 87.00
sub-status-rtt-nodeC
             count = 1351
               min = 6
               max = 100
              mean = 36.07
            stddev = 11.12
            median = 33.00
              75% <= 34.00
              95% <= 66.00
              98% <= 67.00
              99% <= 73.00
            99.9% <= 100.00

-- Meters ----------------------------------------------------------------------
pub-interest-rate-nodeD-blocks-sync
             count = 57
         mean rate = 1.17 events/second
     1-minute rate = 0.93 events/second
     5-minute rate = 0.68 events/second
    15-minute rate = 0.63 events/second
pub-interest-rate-nodeD-projectiles-sync
             count = 61
         mean rate = 1.25 events/second
     1-minute rate = 1.21 events/second
     5-minute rate = 1.21 events/second
    15-minute rate = 1.20 events/second
pub-interest-rate-nodeD-status-sync
             count = 1395
         mean rate = 28.55 events/second
     1-minute rate = 28.80 events/second
     5-minute rate = 29.10 events/second
    15-minute rate = 29.17 events/second


 WARN [bp-queue-proc-/com/stefanolupo/ndngame/0/nodeD/blocks/sync-1] (BasePublisher.java:98) - /com/stefanolupo/ndngame/0/nodeD/blocks/sync: Saw duplicate sn requests
 WARN [bp-queue-proc-/com/stefanolupo/ndngame/0/nodeD/blocks/sync-1] (BasePublisher.java:99) - [14=14, 12=13, 13=24, 11=3, 8=2]
 WARN [bp-queue-proc-/com/stefanolupo/ndngame/0/nodeD/status/sync-1] (BasePublisher.java:98) - /com/stefanolupo/ndngame/0/nodeD/status/sync: Saw duplicate sn requests
 WARN [bp-queue-proc-/com/stefanolupo/ndngame/0/nodeD/status/sync-1] (BasePublisher.java:99) - [2962=2, 0=2, 2304=2, 3264=2, 3014=2, 3543=2]
 WARN [bp-queue-proc-/com/stefanolupo/ndngame/0/nodeD/blocks/sync-1] (BasePublisher.java:98) - /com/stefanolupo/ndngame/0/nodeD/blocks/sync: Saw duplicate sn requests
 WARN [bp-queue-proc-/com/stefanolupo/ndngame/0/nodeD/blocks/sync-1] (BasePublisher.java:99) - [14=14, 12=13, 18=16, 11=3, 13=37, 8=2]
 WARN [bp-queue-proc-/com/stefanolupo/ndngame/0/nodeD/status/sync-1] (BasePublisher.java:98) - /com/stefanolupo/ndngame/0/nodeD/status/sync: Saw duplicate sn requests
 WARN [bp-queue-proc-/com/stefanolupo/ndngame/0/nodeD/status/sync-1] (BasePublisher.java:99) - [2962=2, 0=2, 2304=2, 3264=2, 3014=2, 3543=2]
DEBUG [HeadlessApplication] (ProjectileCollisionSystem.java:108) - Bullet hit me, notifying owner and decreasing my health
DEBUG [HeadlessApplication] (ProjectileCollisionSystem.java:108) - Bullet hit me, notifying owner and decreasing my health
DEBUG [HeadlessApplication] (ProjectileCollisionSystem.java:108) - Bullet hit me, notifying owner and decreasing my health
3/20/19, 1:58:55 AM ============================================================

-- Gauges ----------------------------------------------------------------------
pub-update-percentage-nodeD-blocks-sync
             value = 0.0017825311942959
pub-update-percentage-nodeD-status-sync
             value = 0.49910853577000225

-- Counters --------------------------------------------------------------------
sub-blocks-interestscounter-nodeA
             count = 73
sub-blocks-interestscounter-nodeB
             count = 74
sub-blocks-interestscounter-nodeC
             count = 75
sub-projectiles-interestscounter-nodeA
             count = 102
sub-projectiles-interestscounter-nodeB
             count = 100
sub-projectiles-interestscounter-nodeC
             count = 100
sub-status-interestscounter-nodeA
             count = 2150
sub-status-interestscounter-nodeB
             count = 2186
sub-status-interestscounter-nodeC
             count = 2192

-- Histograms ------------------------------------------------------------------
eng-status-delta-nodeA
             count = 2145
               min = 0
               max = 100
              mean = 2.76
            stddev = 8.31
            median = 0.00
              75% <= 0.00
              95% <= 22.00
              98% <= 31.00
              99% <= 33.00
            99.9% <= 100.00
eng-status-delta-nodeB
             count = 2179
               min = 0
               max = 126
              mean = 2.53
            stddev = 7.93
            median = 0.00
              75% <= 0.00
              95% <= 16.00
              98% <= 22.00
              99% <= 31.00
            99.9% <= 122.00
eng-status-delta-nodeC
             count = 2187
               min = 0
               max = 126
              mean = 5.38
            stddev = 13.78
            median = 0.00
              75% <= 0.00
              95% <= 31.00
              98% <= 44.00
              99% <= 67.00
            99.9% <= 122.00
sub-blocks-rtt-nodeA
             count = 6
               min = 64
               max = 935
              mean = 365.58
            stddev = 301.83
            median = 152.00
              75% <= 637.00
              95% <= 935.00
              98% <= 935.00
              99% <= 935.00
            99.9% <= 935.00
sub-blocks-rtt-nodeB
             count = 5
               min = 346
               max = 904
              mean = 696.88
            stddev = 166.47
            median = 650.00
              75% <= 793.00
              95% <= 904.00
              98% <= 904.00
              99% <= 904.00
            99.9% <= 904.00
sub-blocks-rtt-nodeC
             count = 4
               min = 154
               max = 605
              mean = 501.53
            stddev = 149.20
            median = 564.00
              75% <= 605.00
              95% <= 605.00
              98% <= 605.00
              99% <= 605.00
            99.9% <= 605.00
sub-projectiles-rtt-nodeA
             count = 42
               min = 15
               max = 999
              mean = 444.74
            stddev = 268.54
            median = 516.00
              75% <= 631.00
              95% <= 800.00
              98% <= 949.00
              99% <= 999.00
            99.9% <= 999.00
sub-projectiles-rtt-nodeB
             count = 41
               min = 13
               max = 1000
              mean = 509.64
            stddev = 295.80
            median = 517.00
              75% <= 683.00
              95% <= 985.00
              98% <= 1000.00
              99% <= 1000.00
            99.9% <= 1000.00
sub-projectiles-rtt-nodeC
             count = 40
               min = 15
               max = 1000
              mean = 495.33
            stddev = 275.03
            median = 530.00
              75% <= 683.00
              95% <= 1000.00
              98% <= 1000.00
              99% <= 1000.00
            99.9% <= 1000.00
sub-status-rtt-nodeA
             count = 2149
               min = 10
               max = 91
              mean = 37.26
            stddev = 11.27
            median = 33.00
              75% <= 34.00
              95% <= 67.00
              98% <= 67.00
              99% <= 67.00
            99.9% <= 82.00
sub-status-rtt-nodeB
             count = 2185
               min = 7
               max = 87
              mean = 36.27
            stddev = 11.32
            median = 33.00
              75% <= 34.00
              95% <= 66.00
              98% <= 67.00
              99% <= 70.00
            99.9% <= 87.00
sub-status-rtt-nodeC
             count = 2191
               min = 6
               max = 114
              mean = 35.74
            stddev = 10.24
            median = 33.00
              75% <= 34.00
              95% <= 66.00
              98% <= 67.00
              99% <= 67.00
            99.9% <= 114.00

-- Meters ----------------------------------------------------------------------
pub-interest-rate-nodeD-blocks-sync
             count = 100
         mean rate = 1.27 events/second
     1-minute rate = 1.13 events/second
     5-minute rate = 0.75 events/second
    15-minute rate = 0.65 events/second
pub-interest-rate-nodeD-projectiles-sync
             count = 99
         mean rate = 1.26 events/second
     1-minute rate = 1.20 events/second
     5-minute rate = 1.20 events/second
    15-minute rate = 1.20 events/second
pub-interest-rate-nodeD-status-sync
             count = 2244
         mean rate = 28.46 events/second
     1-minute rate = 28.63 events/second
     5-minute rate = 29.03 events/second
    15-minute rate = 29.14 events/second


DEBUG [HeadlessApplication] (ProjectileCollisionSystem.java:108) - Bullet hit me, notifying owner and decreasing my health
 WARN [bp-queue-proc-/com/stefanolupo/ndngame/0/nodeD/blocks/sync-1] (BasePublisher.java:98) - /com/stefanolupo/ndngame/0/nodeD/blocks/sync: Saw duplicate sn requests
 WARN [bp-queue-proc-/com/stefanolupo/ndngame/0/nodeD/blocks/sync-1] (BasePublisher.java:99) - [14=14, 12=13, 11=3, 8=2, 18=30, 13=51]
 WARN [bp-queue-proc-/com/stefanolupo/ndngame/0/nodeD/status/sync-1] (BasePublisher.java:98) - /com/stefanolupo/ndngame/0/nodeD/status/sync: Saw duplicate sn requests
 WARN [bp-queue-proc-/com/stefanolupo/ndngame/0/nodeD/status/sync-1] (BasePublisher.java:99) - [2962=2, 0=2, 2304=2, 3264=2, 3014=2, 3543=2, 4404=2]
3/20/19, 1:59:25 AM ============================================================

-- Gauges ----------------------------------------------------------------------
pub-update-percentage-nodeD-blocks-sync
             value = 0.0016703786191536749
pub-update-percentage-nodeD-status-sync
             value = 0.49925747169110823

-- Counters --------------------------------------------------------------------
sub-blocks-interestscounter-nodeA
             count = 102
sub-blocks-interestscounter-nodeB
             count = 102
sub-blocks-interestscounter-nodeC
             count = 104
sub-projectiles-interestscounter-nodeA
             count = 142
sub-projectiles-interestscounter-nodeB
             count = 140
sub-projectiles-interestscounter-nodeC
             count = 140
sub-status-interestscounter-nodeA
             count = 2970
sub-status-interestscounter-nodeB
             count = 3030
sub-status-interestscounter-nodeC
             count = 3006

-- Histograms ------------------------------------------------------------------
eng-status-delta-nodeA
             count = 2964
               min = 0
               max = 126
              mean = 3.50
            stddev = 13.29
            median = 0.00
              75% <= 0.00
              95% <= 22.00
              98% <= 40.00
              99% <= 47.00
            99.9% <= 126.00
eng-status-delta-nodeB
             count = 3023
               min = 0
               max = 149
              mean = 3.36
            stddev = 12.45
            median = 0.00
              75% <= 0.00
              95% <= 16.00
              98% <= 33.00
              99% <= 48.00
            99.9% <= 149.00
eng-status-delta-nodeC
             count = 3000
               min = 0
               max = 160
              mean = 5.62
            stddev = 16.16
            median = 0.00
              75% <= 0.00
              95% <= 31.00
              98% <= 45.00
              99% <= 100.00
            99.9% <= 160.00
sub-blocks-rtt-nodeA
             count = 7
               min = 64
               max = 935
              mean = 442.79
            stddev = 267.90
            median = 593.00
              75% <= 593.00
              95% <= 935.00
              98% <= 935.00
              99% <= 935.00
            99.9% <= 935.00
sub-blocks-rtt-nodeB
             count = 7
               min = 346
               max = 904
              mean = 646.50
            stddev = 129.88
            median = 639.00
              75% <= 650.00
              95% <= 904.00
              98% <= 904.00
              99% <= 904.00
            99.9% <= 904.00
sub-blocks-rtt-nodeC
             count = 5
               min = 143
               max = 605
              mean = 349.27
            stddev = 210.27
            median = 154.00
              75% <= 564.00
              95% <= 605.00
              98% <= 605.00
              99% <= 605.00
            99.9% <= 605.00
sub-projectiles-rtt-nodeA
             count = 59
               min = 15
               max = 999
              mean = 417.51
            stddev = 264.91
            median = 516.00
              75% <= 600.00
              95% <= 800.00
              98% <= 817.00
              99% <= 949.00
            99.9% <= 999.00
sub-projectiles-rtt-nodeB
             count = 58
               min = 13
               max = 1000
              mean = 468.80
            stddev = 288.40
            median = 516.00
              75% <= 666.00
              95% <= 985.00
              98% <= 1000.00
              99% <= 1000.00
            99.9% <= 1000.00
sub-projectiles-rtt-nodeC
             count = 56
               min = 10
               max = 1000
              mean = 437.37
            stddev = 284.09
            median = 517.00
              75% <= 615.00
              95% <= 802.00
              98% <= 1000.00
              99% <= 1000.00
            99.9% <= 1000.00
sub-status-rtt-nodeA
             count = 2969
               min = 4
               max = 91
              mean = 36.31
            stddev = 11.14
            median = 33.00
              75% <= 34.00
              95% <= 67.00
              98% <= 67.00
              99% <= 67.00
            99.9% <= 82.00
sub-status-rtt-nodeB
             count = 3029
               min = 7
               max = 87
              mean = 35.72
            stddev = 10.56
            median = 33.00
              75% <= 34.00
              95% <= 66.00
              98% <= 67.00
              99% <= 69.00
            99.9% <= 83.00
sub-status-rtt-nodeC
             count = 3005
               min = 3
               max = 114
              mean = 36.55
            stddev = 11.49
            median = 33.00
              75% <= 34.00
              95% <= 67.00
              98% <= 67.00
              99% <= 67.00
            99.9% <= 85.00

-- Meters ----------------------------------------------------------------------
pub-interest-rate-nodeD-blocks-sync
             count = 142
         mean rate = 1.30 events/second
     1-minute rate = 1.22 events/second
     5-minute rate = 0.81 events/second
    15-minute rate = 0.68 events/second
pub-interest-rate-nodeD-projectiles-sync
             count = 138
         mean rate = 1.27 events/second
     1-minute rate = 1.25 events/second
     5-minute rate = 1.22 events/second
    15-minute rate = 1.21 events/second
pub-interest-rate-nodeD-status-sync
             count = 3093
         mean rate = 28.42 events/second
     1-minute rate = 28.57 events/second
     5-minute rate = 28.98 events/second
    15-minute rate = 29.12 events/second


 WARN [bp-queue-proc-/com/stefanolupo/ndngame/0/nodeD/blocks/sync-1] (BasePublisher.java:98) - /com/stefanolupo/ndngame/0/nodeD/blocks/sync: Saw duplicate sn requests
 WARN [bp-queue-proc-/com/stefanolupo/ndngame/0/nodeD/blocks/sync-1] (BasePublisher.java:99) - [14=14, 18=35, 12=13, 11=3, 8=2, 20=9, 13=66]
 WARN [bp-queue-proc-/com/stefanolupo/ndngame/0/nodeD/status/sync-1] (BasePublisher.java:98) - /com/stefanolupo/ndngame/0/nodeD/status/sync: Saw duplicate sn requests
 WARN [bp-queue-proc-/com/stefanolupo/ndngame/0/nodeD/status/sync-1] (BasePublisher.java:99) - [2962=2, 0=2, 2304=2, 3264=2, 3014=2, 3543=2, 4404=2, 5064=2]
 WARN [bp-queue-proc-/com/stefanolupo/ndngame/0/nodeD/blocks/sync-1] (BasePublisher.java:98) - /com/stefanolupo/ndngame/0/nodeD/blocks/sync: Saw duplicate sn requests
 WARN [bp-queue-proc-/com/stefanolupo/ndngame/0/nodeD/blocks/sync-1] (BasePublisher.java:99) - [20=20, 14=14, 18=35, 12=13, 13=78, 23=2, 11=3, 8=2, 21=14]
 WARN [bp-queue-proc-/com/stefanolupo/ndngame/0/nodeD/status/sync-1] (BasePublisher.java:98) - /com/stefanolupo/ndngame/0/nodeD/status/sync: Saw duplicate sn requests
 WARN [bp-queue-proc-/com/stefanolupo/ndngame/0/nodeD/status/sync-1] (BasePublisher.java:99) - [2962=2, 0=2, 2304=2, 3264=2, 3014=2, 3543=2, 4404=2, 5064=2, 5725=2, 5965=2]
3/20/19, 1:59:55 AM ============================================================

-- Gauges ----------------------------------------------------------------------
pub-update-percentage-nodeD-blocks-sync
             value = 0.0016698473282442748
pub-update-percentage-nodeD-status-sync
             value = 0.49936376650230635

-- Counters --------------------------------------------------------------------
sub-blocks-interestscounter-nodeA
             count = 132
sub-blocks-interestscounter-nodeB
             count = 131
sub-blocks-interestscounter-nodeC
             count = 134
sub-projectiles-interestscounter-nodeA
             count = 180
sub-projectiles-interestscounter-nodeB
             count = 177
sub-projectiles-interestscounter-nodeC
             count = 177
sub-status-interestscounter-nodeA
             count = 3773
sub-status-interestscounter-nodeB
             count = 3839
sub-status-interestscounter-nodeC
             count = 3816

-- Histograms ------------------------------------------------------------------
eng-status-delta-nodeA
             count = 3767
               min = 0
               max = 126
              mean = 3.70
            stddev = 12.53
            median = 0.00
              75% <= 0.00
              95% <= 22.00
              98% <= 39.00
              99% <= 63.00
            99.9% <= 126.00
eng-status-delta-nodeB
             count = 3830
               min = 0
               max = 122
              mean = 2.77
            stddev = 8.20
            median = 0.00
              75% <= 0.00
              95% <= 16.00
              98% <= 25.00
              99% <= 33.00
            99.9% <= 111.00
eng-status-delta-nodeC
             count = 3808
               min = 0
               max = 122
              mean = 4.15
            stddev = 11.44
            median = 0.00
              75% <= 0.00
              95% <= 29.00
              98% <= 34.00
              99% <= 45.00
            99.9% <= 122.00
sub-blocks-rtt-nodeA
             count = 7
               min = 64
               max = 935
              mean = 442.79
            stddev = 267.90
            median = 593.00
              75% <= 593.00
              95% <= 935.00
              98% <= 935.00
              99% <= 935.00
            99.9% <= 935.00
sub-blocks-rtt-nodeB
             count = 8
               min = 276
               max = 904
              mean = 535.82
            stddev = 201.46
            median = 553.00
              75% <= 650.00
              95% <= 904.00
              98% <= 904.00
              99% <= 904.00
            99.9% <= 904.00
sub-blocks-rtt-nodeC
             count = 5
               min = 143
               max = 605
              mean = 349.27
            stddev = 210.27
            median = 154.00
              75% <= 564.00
              95% <= 605.00
              98% <= 605.00
              99% <= 605.00
            99.9% <= 605.00
sub-projectiles-rtt-nodeA
             count = 74
               min = 15
               max = 999
              mean = 420.00
            stddev = 277.43
            median = 500.00
              75% <= 631.00
              95% <= 816.00
              98% <= 899.00
              99% <= 899.00
            99.9% <= 999.00
sub-projectiles-rtt-nodeB
             count = 72
               min = 13
               max = 1000
              mean = 452.71
            stddev = 295.99
            median = 516.00
              75% <= 683.00
              95% <= 916.00
              98% <= 1000.00
              99% <= 1000.00
            99.9% <= 1000.00
sub-projectiles-rtt-nodeC
             count = 70
               min = 10
               max = 1000
              mean = 432.82
            stddev = 286.19
            median = 517.00
              75% <= 683.00
              95% <= 802.00
              98% <= 949.00
              99% <= 1000.00
            99.9% <= 1000.00
sub-status-rtt-nodeA
             count = 3772
               min = 4
               max = 83
              mean = 37.21
            stddev = 12.41
            median = 33.00
              75% <= 34.00
              95% <= 67.00
              98% <= 67.00
              99% <= 73.00
            99.9% <= 83.00
sub-status-rtt-nodeB
             count = 3839
               min = 4
               max = 95
              mean = 36.87
            stddev = 12.37
            median = 33.00
              75% <= 34.00
              95% <= 67.00
              98% <= 67.00
              99% <= 74.00
            99.9% <= 95.00
sub-status-rtt-nodeC
             count = 3815
               min = 3
               max = 138
              mean = 36.93
            stddev = 12.15
            median = 33.00
              75% <= 34.00
              95% <= 67.00
              98% <= 67.00
              99% <= 73.00
            99.9% <= 138.00

-- Meters ----------------------------------------------------------------------
pub-interest-rate-nodeD-blocks-sync
             count = 201
         mean rate = 1.45 events/second
     1-minute rate = 1.50 events/second
     5-minute rate = 0.91 events/second
    15-minute rate = 0.72 events/second
pub-interest-rate-nodeD-projectiles-sync
             count = 176
         mean rate = 1.27 events/second
     1-minute rate = 1.26 events/second
     5-minute rate = 1.22 events/second
    15-minute rate = 1.21 events/second
pub-interest-rate-nodeD-status-sync
             count = 3936
         mean rate = 28.35 events/second
     1-minute rate = 28.36 events/second
     5-minute rate = 28.89 events/second
    15-minute rate = 29.08 events/second


ERROR [HeadlessApplication] (ProjectileCollisionSystem.java:62) - Type component was null for collision with PROJECTILE
 WARN [bp-queue-proc-/com/stefanolupo/ndngame/0/nodeD/blocks/sync-1] (BasePublisher.java:98) - /com/stefanolupo/ndngame/0/nodeD/blocks/sync: Saw duplicate sn requests
 WARN [bp-queue-proc-/com/stefanolupo/ndngame/0/nodeD/blocks/sync-1] (BasePublisher.java:99) - [14=14, 12=13, 18=35, 13=78, 20=33, 11=3, 23=15, 21=28, 8=2]
 WARN [bp-queue-proc-/com/stefanolupo/ndngame/0/nodeD/status/sync-1] (BasePublisher.java:98) - /com/stefanolupo/ndngame/0/nodeD/status/sync: Saw duplicate sn requests
 WARN [bp-queue-proc-/com/stefanolupo/ndngame/0/nodeD/status/sync-1] (BasePublisher.java:99) - [0=2, 2304=2, 3264=2, 6561=2, 3014=2, 6182=2, 5064=2, 6158=2, 5965=2, 2962=2, 6162=2, 3543=2, 4404=2, 5725=2]
DEBUG [HeadlessApplication] (ProjectileCollisionSystem.java:108) - Bullet hit me, notifying owner and decreasing my health
3/20/19, 2:00:25 AM ============================================================

-- Gauges ----------------------------------------------------------------------
pub-update-percentage-nodeD-blocks-sync
             value = 0.0019476905954368391
pub-update-percentage-nodeD-status-sync
             value = 0.4990955892583832

-- Counters --------------------------------------------------------------------
sub-blocks-interestscounter-nodeA
             count = 161
sub-blocks-interestscounter-nodeB
             count = 160
sub-blocks-interestscounter-nodeC
             count = 162
sub-projectiles-interestscounter-nodeA
             count = 221
sub-projectiles-interestscounter-nodeB
             count = 220
sub-projectiles-interestscounter-nodeC
             count = 221
sub-status-interestscounter-nodeA
             count = 4608
sub-status-interestscounter-nodeB
             count = 4669
sub-status-interestscounter-nodeC
             count = 4635

-- Histograms ------------------------------------------------------------------
eng-status-delta-nodeA
             count = 4599
               min = 0
               max = 126
              mean = 2.92
            stddev = 10.53
            median = 0.00
              75% <= 0.00
              95% <= 22.00
              98% <= 33.00
              99% <= 47.00
            99.9% <= 126.00
eng-status-delta-nodeB
             count = 4660
               min = 0
               max = 126
              mean = 2.35
            stddev = 8.13
            median = 0.00
              75% <= 0.00
              95% <= 11.00
              98% <= 22.00
              99% <= 25.00
            99.9% <= 126.00
eng-status-delta-nodeC
             count = 4622
               min = 0
               max = 117
              mean = 3.31
            stddev = 10.32
            median = 0.00
              75% <= 0.00
              95% <= 22.00
              98% <= 33.00
              99% <= 46.00
            99.9% <= 117.00
sub-blocks-rtt-nodeA
             count = 8
               min = 64
               max = 935
              mean = 548.33
            stddev = 238.25
            median = 637.00
              75% <= 693.00
              95% <= 935.00
              98% <= 935.00
              99% <= 935.00
            99.9% <= 935.00
sub-blocks-rtt-nodeB
             count = 9
               min = 264
               max = 904
              mean = 450.86
            stddev = 209.23
            median = 276.00
              75% <= 639.00
              95% <= 793.00
              98% <= 904.00
              99% <= 904.00
            99.9% <= 904.00
sub-blocks-rtt-nodeC
             count = 7
               min = 143
               max = 890
              mean = 637.88
            stddev = 265.48
            median = 709.00
              75% <= 890.00
              95% <= 890.00
              98% <= 890.00
              99% <= 890.00
            99.9% <= 890.00
sub-projectiles-rtt-nodeA
             count = 91
               min = 13
               max = 999
              mean = 386.60
            stddev = 274.47
            median = 400.00
              75% <= 599.00
              95% <= 800.00
              98% <= 817.00
              99% <= 899.00
            99.9% <= 999.00
sub-projectiles-rtt-nodeB
             count = 93
               min = 13
               max = 1000
              mean = 428.04
            stddev = 262.41
            median = 502.00
              75% <= 549.00
              95% <= 816.00
              98% <= 972.00
              99% <= 1000.00
            99.9% <= 1000.00
sub-projectiles-rtt-nodeC
             count = 91
               min = 8
               max = 1000
              mean = 387.13
            stddev = 270.39
            median = 466.00
              75% <= 566.00
              95% <= 800.00
              98% <= 867.00
              99% <= 949.00
            99.9% <= 1000.00
sub-status-rtt-nodeA
             count = 4607
               min = 10
               max = 165
              mean = 36.54
            stddev = 12.72
            median = 33.00
              75% <= 34.00
              95% <= 66.00
              98% <= 68.00
              99% <= 83.00
            99.9% <= 165.00
sub-status-rtt-nodeB
             count = 4669
               min = 8
               max = 165
              mean = 35.98
            stddev = 12.38
            median = 33.00
              75% <= 34.00
              95% <= 66.00
              98% <= 67.00
              99% <= 76.00
            99.9% <= 165.00
sub-status-rtt-nodeC
             count = 4634
               min = 7
               max = 138
              mean = 36.99
            stddev = 12.54
            median = 33.00
              75% <= 34.00
              95% <= 67.00
              98% <= 67.00
              99% <= 77.00
            99.9% <= 138.00

-- Meters ----------------------------------------------------------------------
pub-interest-rate-nodeD-blocks-sync
             count = 262
         mean rate = 1.55 events/second
     1-minute rate = 1.72 events/second
     5-minute rate = 1.02 events/second
    15-minute rate = 0.76 events/second
pub-interest-rate-nodeD-projectiles-sync
             count = 220
         mean rate = 1.30 events/second
     1-minute rate = 1.34 events/second
     5-minute rate = 1.25 events/second
    15-minute rate = 1.22 events/second
pub-interest-rate-nodeD-status-sync
             count = 4777
         mean rate = 28.29 events/second
     1-minute rate = 28.25 events/second
     5-minute rate = 28.81 events/second
    15-minute rate = 29.05 events/second


DEBUG [HeadlessApplication] (ProjectileCollisionSystem.java:108) - Bullet hit me, notifying owner and decreasing my health
 WARN [bp-queue-proc-/com/stefanolupo/ndngame/0/nodeD/blocks/sync-1] (BasePublisher.java:98) - /com/stefanolupo/ndngame/0/nodeD/blocks/sync: Saw duplicate sn requests
 WARN [bp-queue-proc-/com/stefanolupo/ndngame/0/nodeD/blocks/sync-1] (BasePublisher.java:99) - [14=14, 12=13, 13=78, 23=18, 11=3, 21=28, 8=2, 18=35, 20=37, 27=8, 24=15, 25=3, 26=7]
 WARN [bp-queue-proc-/com/stefanolupo/ndngame/0/nodeD/status/sync-1] (BasePublisher.java:98) - /com/stefanolupo/ndngame/0/nodeD/status/sync: Saw duplicate sn requests
 WARN [bp-queue-proc-/com/stefanolupo/ndngame/0/nodeD/status/sync-1] (BasePublisher.java:99) - [0=2, 2304=2, 3264=2, 6561=2, 3014=2, 6182=2, 5064=2, 6158=2, 6926=2, 5965=2, 2962=2, 6162=2, 3543=2, 4404=2, 5725=2]
ERROR [HeadlessApplication] (ProjectileCollisionSystem.java:62) - Type component was null for collision with PROJECTILE
DEBUG [HeadlessApplication] (ProjectileCollisionSystem.java:108) - Bullet hit me, notifying owner and decreasing my health
