DEBUG [main] (ConfigManager.java:33) - Initialized with properties: {local.player.status.updates.per.sec=30, facemanager.num.sub.threads.per.face=10, linear.interest.zone.filter.inner.radius=10, projectile.cache.size=20, local.player.status.use.dead.reckoning=false, block.publisher.freshness.period.ms=20, player.status.publisher.freshness.period.ms=20, base.publisher.queue.process.per.sec=60, projectile.sub.inter.interest.max.wait.time.ms=2000, linear.interest.zone.filter.outer.radius=20, local.player.dead.reckoning.max.error=0.5, projectile.publisher.queue.process.multithread=true, statistics.logger.log.rate.sec=30, facemanager.max.num.pub.faces=15, facemanager.num.pub.threads.per.face=10, facemanager.max.num.sub.faces=15, block.sub.inter.interest.max.wait.time.ms=2000, projectile.publisher.queue.process.per.sec=60, base.publisher.queue.process.multithread=true, player.sub.inter.interest.max.wait.time.ms=2000, linear.interest.zone.filter.enabled=false, projectile.publisher.freshness.period.ms=20}
WARNING: An illegal reflective access operation has occurred
WARNING: Illegal reflective access by com.google.inject.internal.cglib.core.$ReflectUtils$2 (file:/NdnGame/NdnGameLibGdxDesktop-1.0-SNAPSHOT.jar) to method java.lang.ClassLoader.defineClass(java.lang.String,byte[],int,int,java.security.ProtectionDomain)
WARNING: Please consider reporting this to the maintainers of com.google.inject.internal.cglib.core.$ReflectUtils$2
WARNING: Use --illegal-access=warn to enable warnings of further illegal reflective access operations
WARNING: All illegal access operations will be denied in a future release
DEBUG [main] (BackendModule.java:123) - Writing metrics to /metrics/nodeD
 INFO [main] (BodyFactory.java:30) - Using quadrant size of 80.0 and quadrant gap of 20.0
 INFO [main] (DesktopLauncher.java:49) - Launching headless game
 INFO [main] (DesktopLauncher.java:50) - LocalConfig{playerName='nodeD', isMasterView=false, isAutomated=true, automationType='wsp', isHeadless=true, gameId=0, screenWidth=600, screenHeight=600, targetFrameRate=60}
DEBUG [main] (AutomatedInputController.java:52) - Starting with automation type: wsp
DEBUG [main] (BasePublisher.java:67) - Registering /com/stefanolupo/ndngame/0/nodeD/blocks/sync
DEBUG [main] (BasePublisher.java:67) - Registering /com/stefanolupo/ndngame/0/nodeD/status/sync
Apr 09, 2019 9:54:59 PM net.named_data.jndn.Node$RegisterResponse onData
INFO: Register prefix succeeded with the NFD forwarder for prefix /com/stefanolupo/ndngame/0/nodeD/blocks/sync
Apr 09, 2019 9:54:59 PM net.named_data.jndn.Node$RegisterResponse onData
INFO: Register prefix succeeded with the NFD forwarder for prefix /com/stefanolupo/ndngame/0/nodeD/projectiles/sync
Apr 09, 2019 9:54:59 PM net.named_data.jndn.Node$RegisterResponse onData
INFO: Register prefix failed: Expected NFD status code 200, got: 403
Apr 09, 2019 9:54:59 PM net.named_data.jndn.Node$RegisterResponse onData
INFO: Register prefix succeeded with the NFD forwarder for prefix /com/stefanolupo/ndngame/0/nodeD/projectiles/interact
Apr 09, 2019 9:54:59 PM net.named_data.jndn.Node$RegisterResponse onData
INFO: Register prefix succeeded with the NFD forwarder for prefix /com/stefanolupo/ndngame/0/nodeD/blocks/interact
 WARN [fm-pub-2-0] (FaceManager.java:150) - Failed to register prefix: /com/stefanolupo/ndngame/0/nodeD/status/sync, retrying..
Apr 09, 2019 9:54:59 PM net.named_data.jndn.Node$RegisterResponse onData
INFO: Register prefix succeeded with the NFD forwarder for prefix /com/stefanolupo/ndngame/0/nodeD/status/sync
Apr 09, 2019 9:55:02 PM net.named_data.jndn.Node$RegisterResponse onData
INFO: Register prefix succeeded with the NFD forwarder for prefix /com/stefanolupo/ndngame/0/config/broadcast
Apr 09, 2019 9:55:02 PM net.named_data.jndn.Node$RegisterResponse onData
INFO: Register prefix succeeded with the NFD forwarder for prefix /com/stefanolupo/ndngame/0/config/nodeD
 INFO [cs-/com/stefanolupo/ndngame/0/config/nodeD-0] (ChronoSynced.java:93) - Initialized ChronoSyncedMap for /com/stefanolupo/ndngame/0/config/nodeD
Apr 09, 2019 9:55:04 PM net.named_data.jndn.Node$RegisterResponse onData
INFO: Register prefix succeeded with the NFD forwarder for prefix /com/stefanolupo/ndngame/0/discovery/broadcast
Apr 09, 2019 9:55:04 PM net.named_data.jndn.Node$RegisterResponse onData
INFO: Register prefix succeeded with the NFD forwarder for prefix /com/stefanolupo/ndngame/0/discovery/nodeD
 INFO [cs-/com/stefanolupo/ndngame/0/discovery/nodeD-0] (ChronoSynced.java:93) - Initialized ChronoSyncedMap for /com/stefanolupo/ndngame/0/discovery/nodeD
 INFO [cs-/com/stefanolupo/ndngame/0/discovery/nodeD-0] (PlayerStatusSubscriber.java:59) - Adding subscription for nodeO
 INFO [cs-/com/stefanolupo/ndngame/0/discovery/nodeD-0] (PlayerStatusSubscriber.java:59) - Adding subscription for nodeI
 INFO [cs-/com/stefanolupo/ndngame/0/discovery/nodeD-0] (PlayerStatusSubscriber.java:59) - Adding subscription for nodeC
 INFO [cs-/com/stefanolupo/ndngame/0/discovery/nodeD-0] (PlayerStatusSubscriber.java:59) - Adding subscription for nodeM
 INFO [cs-/com/stefanolupo/ndngame/0/discovery/nodeD-0] (PlayerStatusSubscriber.java:59) - Adding subscription for nodeG
 INFO [cs-/com/stefanolupo/ndngame/0/discovery/nodeD-0] (PlayerStatusSubscriber.java:59) - Adding subscription for nodeF
 INFO [cs-/com/stefanolupo/ndngame/0/discovery/nodeD-0] (PlayerStatusSubscriber.java:59) - Adding subscription for nodeA
 INFO [cs-/com/stefanolupo/ndngame/0/discovery/nodeD-0] (PlayerStatusSubscriber.java:59) - Adding subscription for nodeNN
 INFO [cs-/com/stefanolupo/ndngame/0/discovery/nodeD-0] (PlayerStatusSubscriber.java:59) - Adding subscription for nodeJ
 INFO [cs-/com/stefanolupo/ndngame/0/discovery/nodeD-0] (PlayerStatusSubscriber.java:59) - Adding subscription for nodeE
 INFO [cs-/com/stefanolupo/ndngame/0/discovery/nodeD-0] (BlockSubscriber.java:55) - Adding subscription for /com/stefanolupo/ndngame/0/nodeO/blocks/sync/0/0/0
 INFO [cs-/com/stefanolupo/ndngame/0/discovery/nodeD-0] (BlockSubscriber.java:55) - Adding subscription for /com/stefanolupo/ndngame/0/nodeI/blocks/sync/0/0/0
 INFO [cs-/com/stefanolupo/ndngame/0/discovery/nodeD-0] (BlockSubscriber.java:55) - Adding subscription for /com/stefanolupo/ndngame/0/nodeC/blocks/sync/0/0/0
 INFO [cs-/com/stefanolupo/ndngame/0/discovery/nodeD-0] (BlockSubscriber.java:55) - Adding subscription for /com/stefanolupo/ndngame/0/nodeM/blocks/sync/0/0/0
 INFO [cs-/com/stefanolupo/ndngame/0/discovery/nodeD-0] (BlockSubscriber.java:55) - Adding subscription for /com/stefanolupo/ndngame/0/nodeG/blocks/sync/0/0/0
 INFO [cs-/com/stefanolupo/ndngame/0/discovery/nodeD-0] (BlockSubscriber.java:55) - Adding subscription for /com/stefanolupo/ndngame/0/nodeF/blocks/sync/0/0/0
 INFO [cs-/com/stefanolupo/ndngame/0/discovery/nodeD-0] (BlockSubscriber.java:55) - Adding subscription for /com/stefanolupo/ndngame/0/nodeA/blocks/sync/0/0/0
 INFO [cs-/com/stefanolupo/ndngame/0/discovery/nodeD-0] (BlockSubscriber.java:55) - Adding subscription for /com/stefanolupo/ndngame/0/nodeNN/blocks/sync/0/0/0
 INFO [cs-/com/stefanolupo/ndngame/0/discovery/nodeD-0] (BlockSubscriber.java:55) - Adding subscription for /com/stefanolupo/ndngame/0/nodeJ/blocks/sync/0/0/0
 INFO [cs-/com/stefanolupo/ndngame/0/discovery/nodeD-0] (BlockSubscriber.java:55) - Adding subscription for /com/stefanolupo/ndngame/0/nodeE/blocks/sync/0/0/0
 INFO [cs-/com/stefanolupo/ndngame/0/discovery/nodeD-0] (ProjectileSubscriber.java:53) - Adding subscription for /com/stefanolupo/ndngame/0/nodeO/projectiles/sync/0/0/0
 INFO [cs-/com/stefanolupo/ndngame/0/discovery/nodeD-0] (ProjectileSubscriber.java:53) - Adding subscription for /com/stefanolupo/ndngame/0/nodeI/projectiles/sync/0/0/0
 INFO [cs-/com/stefanolupo/ndngame/0/discovery/nodeD-0] (ProjectileSubscriber.java:53) - Adding subscription for /com/stefanolupo/ndngame/0/nodeC/projectiles/sync/0/0/0
 INFO [cs-/com/stefanolupo/ndngame/0/discovery/nodeD-0] (ProjectileSubscriber.java:53) - Adding subscription for /com/stefanolupo/ndngame/0/nodeM/projectiles/sync/0/0/0
 INFO [cs-/com/stefanolupo/ndngame/0/discovery/nodeD-0] (ProjectileSubscriber.java:53) - Adding subscription for /com/stefanolupo/ndngame/0/nodeG/projectiles/sync/0/0/0
 INFO [cs-/com/stefanolupo/ndngame/0/discovery/nodeD-0] (ProjectileSubscriber.java:53) - Adding subscription for /com/stefanolupo/ndngame/0/nodeF/projectiles/sync/0/0/0
 INFO [cs-/com/stefanolupo/ndngame/0/discovery/nodeD-0] (ProjectileSubscriber.java:53) - Adding subscription for /com/stefanolupo/ndngame/0/nodeA/projectiles/sync/0/0/0
 INFO [cs-/com/stefanolupo/ndngame/0/discovery/nodeD-0] (ProjectileSubscriber.java:53) - Adding subscription for /com/stefanolupo/ndngame/0/nodeNN/projectiles/sync/0/0/0
 INFO [cs-/com/stefanolupo/ndngame/0/discovery/nodeD-0] (ProjectileSubscriber.java:53) - Adding subscription for /com/stefanolupo/ndngame/0/nodeJ/projectiles/sync/0/0/0
 INFO [cs-/com/stefanolupo/ndngame/0/discovery/nodeD-0] (ProjectileSubscriber.java:53) - Adding subscription for /com/stefanolupo/ndngame/0/nodeE/projectiles/sync/0/0/0
 INFO [cs-/com/stefanolupo/ndngame/0/discovery/nodeD-0] (PlayerStatusSubscriber.java:59) - Adding subscription for nodeH
 INFO [cs-/com/stefanolupo/ndngame/0/discovery/nodeD-0] (BlockSubscriber.java:55) - Adding subscription for /com/stefanolupo/ndngame/0/nodeH/blocks/sync/0/0/0
 INFO [cs-/com/stefanolupo/ndngame/0/discovery/nodeD-0] (ProjectileSubscriber.java:53) - Adding subscription for /com/stefanolupo/ndngame/0/nodeH/projectiles/sync/0/0/0
 WARN [HeadlessApplication] (ProjectileCollisionSystem.java:62) - Type component was null for collision with PROJECTILE
 INFO [cs-/com/stefanolupo/ndngame/0/discovery/nodeD-0] (PlayerStatusSubscriber.java:59) - Adding subscription for nodeB
 INFO [cs-/com/stefanolupo/ndngame/0/discovery/nodeD-0] (PlayerStatusSubscriber.java:59) - Adding subscription for nodeK
 INFO [cs-/com/stefanolupo/ndngame/0/discovery/nodeD-0] (BlockSubscriber.java:55) - Adding subscription for /com/stefanolupo/ndngame/0/nodeB/blocks/sync/0/0/0
 INFO [cs-/com/stefanolupo/ndngame/0/discovery/nodeD-0] (BlockSubscriber.java:55) - Adding subscription for /com/stefanolupo/ndngame/0/nodeK/blocks/sync/0/0/0
 INFO [cs-/com/stefanolupo/ndngame/0/discovery/nodeD-0] (ProjectileSubscriber.java:53) - Adding subscription for /com/stefanolupo/ndngame/0/nodeB/projectiles/sync/0/0/0
 INFO [cs-/com/stefanolupo/ndngame/0/discovery/nodeD-0] (ProjectileSubscriber.java:53) - Adding subscription for /com/stefanolupo/ndngame/0/nodeK/projectiles/sync/0/0/0
 INFO [fm-pub-3-3] (ProjectilePublisher.java:139) - Creating interest meter
 INFO [cs-/com/stefanolupo/ndngame/0/discovery/nodeD-0] (PlayerStatusSubscriber.java:59) - Adding subscription for nodeP
 INFO [cs-/com/stefanolupo/ndngame/0/discovery/nodeD-0] (BlockSubscriber.java:55) - Adding subscription for /com/stefanolupo/ndngame/0/nodeP/blocks/sync/0/0/0
 INFO [cs-/com/stefanolupo/ndngame/0/discovery/nodeD-0] (ProjectileSubscriber.java:53) - Adding subscription for /com/stefanolupo/ndngame/0/nodeP/projectiles/sync/0/0/0
 INFO [cs-/com/stefanolupo/ndngame/0/discovery/nodeD-0] (PlayerStatusSubscriber.java:59) - Adding subscription for nodeL
 INFO [cs-/com/stefanolupo/ndngame/0/discovery/nodeD-0] (BlockSubscriber.java:55) - Adding subscription for /com/stefanolupo/ndngame/0/nodeL/blocks/sync/0/0/0
 INFO [cs-/com/stefanolupo/ndngame/0/discovery/nodeD-0] (ProjectileSubscriber.java:53) - Adding subscription for /com/stefanolupo/ndngame/0/nodeL/projectiles/sync/0/0/0
 WARN [cs-/com/stefanolupo/ndngame/0/discovery/nodeD-0] (ChronoSynced.java:118) - Timeout for interest: /com/stefanolupo/ndngame/0/discovery/nodeD/1?ndn.MustBeFresh=1&ndn.Nonce=%A8%16Q%86
 WARN [cs-/com/stefanolupo/ndngame/0/discovery/nodeD-0] (ChronoSynced.java:118) - Timeout for interest: /com/stefanolupo/ndngame/0/discovery/nodeD/1?ndn.MustBeFresh=1&ndn.Nonce=%CFN%A0M
 WARN [cs-/com/stefanolupo/ndngame/0/discovery/nodeD-0] (ChronoSynced.java:118) - Timeout for interest: /com/stefanolupo/ndngame/0/discovery/nodeD/1?ndn.MustBeFresh=1&ndn.Nonce=%3B%BE%EA%3B
 WARN [cs-/com/stefanolupo/ndngame/0/discovery/nodeD-0] (ChronoSynced.java:118) - Timeout for interest: /com/stefanolupo/ndngame/0/discovery/nodeD/1?ndn.MustBeFresh=1&ndn.Nonce=%F8N_7
 WARN [cs-/com/stefanolupo/ndngame/0/discovery/nodeD-0] (ChronoSynced.java:118) - Timeout for interest: /com/stefanolupo/ndngame/0/discovery/nodeD/1?ndn.MustBeFresh=1&ndn.Nonce=%60%2C%A2%0C
 WARN [HeadlessApplication] (ProjectileCollisionSystem.java:62) - Type component was null for collision with PROJECTILE
 WARN [cs-/com/stefanolupo/ndngame/0/discovery/nodeD-0] (ChronoSynced.java:118) - Timeout for interest: /com/stefanolupo/ndngame/0/discovery/nodeD/1?ndn.MustBeFresh=1&ndn.Nonce=%DC%B7h%BE
 WARN [cs-/com/stefanolupo/ndngame/0/discovery/nodeD-0] (ChronoSynced.java:118) - Timeout for interest: /com/stefanolupo/ndngame/0/discovery/nodeD/1?ndn.MustBeFresh=1&ndn.Nonce=%F4%A1%09%23
 WARN [cs-/com/stefanolupo/ndngame/0/discovery/nodeD-0] (ChronoSynced.java:118) - Timeout for interest: /com/stefanolupo/ndngame/0/discovery/nodeD/1?ndn.MustBeFresh=1&ndn.Nonce=%CC%07%28%1A
 WARN [cs-/com/stefanolupo/ndngame/0/discovery/nodeD-0] (ChronoSynced.java:118) - Timeout for interest: /com/stefanolupo/ndngame/0/discovery/nodeD/1?ndn.MustBeFresh=1&ndn.Nonce=%946%D0%7F
 WARN [cs-/com/stefanolupo/ndngame/0/discovery/nodeD-0] (ChronoSynced.java:118) - Timeout for interest: /com/stefanolupo/ndngame/0/discovery/nodeD/1?ndn.MustBeFresh=1&ndn.Nonce=%D4%0D%40%EE
 WARN [bp-queue-proc-/com/stefanolupo/ndngame/0/nodeD/blocks/sync-1] (BasePublisher.java:98) - /com/stefanolupo/ndngame/0/nodeD/blocks/sync: Saw duplicate sn requests
 WARN [bp-queue-proc-/com/stefanolupo/ndngame/0/nodeD/blocks/sync-1] (BasePublisher.java:99) - [0=11]
 WARN [bp-queue-proc-/com/stefanolupo/ndngame/0/nodeD/status/sync-1] (BasePublisher.java:98) - /com/stefanolupo/ndngame/0/nodeD/status/sync: Saw duplicate sn requests
 WARN [bp-queue-proc-/com/stefanolupo/ndngame/0/nodeD/status/sync-1] (BasePublisher.java:99) - [546=2, 483=2, 576=2, 545=2, 422=2, 423=2, 484=2, 394=2, 0=10, 524=2, 336=2, 400=2, 305=2, 279=2, 439=2, 503=2, 376=2, 377=2, 575=2, 383=2]
 WARN [cs-/com/stefanolupo/ndngame/0/discovery/nodeD-0] (ChronoSynced.java:118) - Timeout for interest: /com/stefanolupo/ndngame/0/discovery/nodeD/1?ndn.MustBeFresh=1&ndn.Nonce=%C73%EA%22
4/9/19, 9:55:28 PM =============================================================

-- Gauges ----------------------------------------------------------------------
pub-update-percentage-nodeD-blocks-sync
             value = 0.0
pub-update-percentage-nodeD-status-sync
             value = 0.4891799544419134

-- Counters --------------------------------------------------------------------
dr-counter-null
             count = 0
dr-counter-skip
             count = 0
dr-counter-threshold
             count = 0
dr-counter-velocity
             count = 0
sub-blocks-interestscounter-nodeA
             count = 24
sub-blocks-interestscounter-nodeB
             count = 21
sub-blocks-interestscounter-nodeC
             count = 24
sub-blocks-interestscounter-nodeE
             count = 24
sub-blocks-interestscounter-nodeF
             count = 22
sub-blocks-interestscounter-nodeG
             count = 24
sub-blocks-interestscounter-nodeH
             count = 25
sub-blocks-interestscounter-nodeI
             count = 24
sub-blocks-interestscounter-nodeJ
             count = 24
sub-blocks-interestscounter-nodeK
             count = 21
sub-blocks-interestscounter-nodeL
             count = 17
sub-blocks-interestscounter-nodeM
             count = 24
sub-blocks-interestscounter-nodeNN
             count = 24
sub-blocks-interestscounter-nodeO
             count = 24
sub-blocks-interestscounter-nodeP
             count = 18
sub-projectiles-interestscounter-nodeA
             count = 13
sub-projectiles-interestscounter-nodeB
             count = 12
sub-projectiles-interestscounter-nodeC
             count = 14
sub-projectiles-interestscounter-nodeE
             count = 14
sub-projectiles-interestscounter-nodeF
             count = 14
sub-projectiles-interestscounter-nodeG
             count = 15
sub-projectiles-interestscounter-nodeH
             count = 15
sub-projectiles-interestscounter-nodeI
             count = 13
sub-projectiles-interestscounter-nodeJ
             count = 14
sub-projectiles-interestscounter-nodeK
             count = 13
sub-projectiles-interestscounter-nodeL
             count = 10
sub-projectiles-interestscounter-nodeM
             count = 14
sub-projectiles-interestscounter-nodeNN
             count = 14
sub-projectiles-interestscounter-nodeO
             count = 13
sub-projectiles-interestscounter-nodeP
             count = 11
sub-status-interestscounter-nodeA
             count = 616
sub-status-interestscounter-nodeB
             count = 533
sub-status-interestscounter-nodeC
             count = 614
sub-status-interestscounter-nodeE
             count = 632
sub-status-interestscounter-nodeF
             count = 593
sub-status-interestscounter-nodeG
             count = 637
sub-status-interestscounter-nodeH
             count = 588
sub-status-interestscounter-nodeI
             count = 630
sub-status-interestscounter-nodeJ
             count = 608
sub-status-interestscounter-nodeK
             count = 550
sub-status-interestscounter-nodeL
             count = 418
sub-status-interestscounter-nodeM
             count = 613
sub-status-interestscounter-nodeNN
             count = 655
sub-status-interestscounter-nodeO
             count = 616
sub-status-interestscounter-nodeP
             count = 457

-- Histograms ------------------------------------------------------------------
eng-status-delta-nodeA
             count = 590
               min = 0
               max = 187
              mean = 5.93
            stddev = 16.72
            median = 0.00
              75% <= 11.00
              95% <= 31.00
              98% <= 47.00
              99% <= 87.00
            99.9% <= 187.00
eng-status-delta-nodeB
             count = 518
               min = 0
               max = 44
              mean = 3.92
            stddev = 7.64
            median = 0.00
              75% <= 11.00
              95% <= 22.00
              98% <= 31.00
              99% <= 33.00
            99.9% <= 44.00
eng-status-delta-nodeC
             count = 587
               min = 0
               max = 133
              mean = 6.11
            stddev = 14.85
            median = 0.00
              75% <= 11.00
              95% <= 33.00
              98% <= 60.00
              99% <= 71.00
            99.9% <= 133.00
eng-status-delta-nodeE
             count = 613
               min = 0
               max = 122
              mean = 5.39
            stddev = 13.09
            median = 0.00
              75% <= 11.00
              95% <= 22.00
              98% <= 44.00
              99% <= 63.00
            99.9% <= 122.00
eng-status-delta-nodeF
             count = 564
               min = 0
               max = 200
              mean = 9.87
            stddev = 25.08
            median = 0.00
              75% <= 11.00
              95% <= 66.00
              98% <= 109.00
              99% <= 122.00
            99.9% <= 200.00
eng-status-delta-nodeG
             count = 614
               min = 0
               max = 140
              mean = 5.57
            stddev = 13.63
            median = 0.00
              75% <= 11.00
              95% <= 26.00
              98% <= 40.00
              99% <= 64.00
            99.9% <= 140.00
eng-status-delta-nodeH
             count = 576
               min = 0
               max = 79
              mean = 5.86
            stddev = 12.51
            median = 0.00
              75% <= 11.00
              95% <= 31.00
              98% <= 50.00
              99% <= 63.00
            99.9% <= 79.00
eng-status-delta-nodeI
             count = 608
               min = 0
               max = 126
              mean = 6.55
            stddev = 15.91
            median = 0.00
              75% <= 11.00
              95% <= 33.00
              98% <= 56.00
              99% <= 100.00
            99.9% <= 126.00
eng-status-delta-nodeJ
             count = 588
               min = 0
               max = 126
              mean = 5.98
            stddev = 14.92
            median = 0.00
              75% <= 11.00
              95% <= 33.00
              98% <= 47.00
              99% <= 79.00
            99.9% <= 126.00
eng-status-delta-nodeK
             count = 528
               min = 0
               max = 128
              mean = 4.31
            stddev = 10.53
            median = 0.00
              75% <= 0.00
              95% <= 22.00
              98% <= 33.00
              99% <= 44.00
            99.9% <= 128.00
eng-status-delta-nodeL
             count = 408
               min = 0
               max = 97
              mean = 4.93
            stddev = 11.35
            median = 0.00
              75% <= 0.00
              95% <= 31.00
              98% <= 40.00
              99% <= 60.00
            99.9% <= 97.00
eng-status-delta-nodeM
             count = 598
               min = 0
               max = 111
              mean = 5.23
            stddev = 12.50
            median = 0.00
              75% <= 11.00
              95% <= 22.00
              98% <= 44.00
              99% <= 61.00
            99.9% <= 111.00
eng-status-delta-nodeNN
             count = 641
               min = 0
               max = 128
              mean = 4.37
            stddev = 11.86
            median = 0.00
              75% <= 0.00
              95% <= 22.00
              98% <= 33.00
              99% <= 44.00
            99.9% <= 128.00
eng-status-delta-nodeO
             count = 598
               min = 0
               max = 205
              mean = 6.17
            stddev = 16.87
            median = 0.00
              75% <= 11.00
              95% <= 31.00
              98% <= 47.00
              99% <= 71.00
            99.9% <= 205.00
eng-status-delta-nodeP
             count = 442
               min = 0
               max = 100
              mean = 4.83
            stddev = 11.27
            median = 0.00
              75% <= 11.00
              95% <= 22.00
              98% <= 42.00
              99% <= 56.00
            99.9% <= 100.00
packet-size-block
             count = 0
               min = 0
               max = 0
              mean = 0.00
            stddev = 0.00
            median = 0.00
              75% <= 0.00
              95% <= 0.00
              98% <= 0.00
              99% <= 0.00
            99.9% <= 0.00
packet-size-projectile
             count = 82
               min = 89
               max = 1671
              mean = 389.44
            stddev = 439.67
            median = 267.00
              75% <= 440.00
              95% <= 1671.00
              98% <= 1671.00
              99% <= 1671.00
            99.9% <= 1671.00
packet-size-status
             count = 875
               min = 42
               max = 47
              mean = 44.37
            stddev = 2.50
            median = 42.00
              75% <= 47.00
              95% <= 47.00
              98% <= 47.00
              99% <= 47.00
            99.9% <= 47.00
sub-blocks-rtt-nodeA
             count = 2
               min = 27
               max = 270
              mean = 133.09
            stddev = 120.52
            median = 27.00
              75% <= 270.00
              95% <= 270.00
              98% <= 270.00
              99% <= 270.00
            99.9% <= 270.00
sub-blocks-rtt-nodeB
             count = 0
               min = 0
               max = 0
              mean = 0.00
            stddev = 0.00
            median = 0.00
              75% <= 0.00
              95% <= 0.00
              98% <= 0.00
              99% <= 0.00
            99.9% <= 0.00
sub-blocks-rtt-nodeC
             count = 1
               min = 362
               max = 362
              mean = 362.00
            stddev = 0.00
            median = 362.00
              75% <= 362.00
              95% <= 362.00
              98% <= 362.00
              99% <= 362.00
            99.9% <= 362.00
sub-blocks-rtt-nodeE
             count = 1
               min = 40
               max = 40
              mean = 40.00
            stddev = 0.00
            median = 40.00
              75% <= 40.00
              95% <= 40.00
              98% <= 40.00
              99% <= 40.00
            99.9% <= 40.00
sub-blocks-rtt-nodeF
             count = 3
               min = 107
               max = 643
              mean = 451.81
            stddev = 237.12
            median = 571.00
              75% <= 643.00
              95% <= 643.00
              98% <= 643.00
              99% <= 643.00
            99.9% <= 643.00
sub-blocks-rtt-nodeG
             count = 1
               min = 858
               max = 858
              mean = 858.00
            stddev = 0.00
            median = 858.00
              75% <= 858.00
              95% <= 858.00
              98% <= 858.00
              99% <= 858.00
            99.9% <= 858.00
sub-blocks-rtt-nodeH
             count = 0
               min = 0
               max = 0
              mean = 0.00
            stddev = 0.00
            median = 0.00
              75% <= 0.00
              95% <= 0.00
              98% <= 0.00
              99% <= 0.00
            99.9% <= 0.00
sub-blocks-rtt-nodeI
             count = 1
               min = 849
               max = 849
              mean = 849.00
            stddev = 0.00
            median = 849.00
              75% <= 849.00
              95% <= 849.00
              98% <= 849.00
              99% <= 849.00
            99.9% <= 849.00
sub-blocks-rtt-nodeJ
             count = 2
               min = 395
               max = 493
              mean = 440.70
            stddev = 48.89
            median = 395.00
              75% <= 493.00
              95% <= 493.00
              98% <= 493.00
              99% <= 493.00
            99.9% <= 493.00
sub-blocks-rtt-nodeK
             count = 0
               min = 0
               max = 0
              mean = 0.00
            stddev = 0.00
            median = 0.00
              75% <= 0.00
              95% <= 0.00
              98% <= 0.00
              99% <= 0.00
            99.9% <= 0.00
sub-blocks-rtt-nodeL
             count = 0
               min = 0
               max = 0
              mean = 0.00
            stddev = 0.00
            median = 0.00
              75% <= 0.00
              95% <= 0.00
              98% <= 0.00
              99% <= 0.00
            99.9% <= 0.00
sub-blocks-rtt-nodeM
             count = 1
               min = 46
               max = 46
              mean = 46.00
            stddev = 0.00
            median = 46.00
              75% <= 46.00
              95% <= 46.00
              98% <= 46.00
              99% <= 46.00
            99.9% <= 46.00
sub-blocks-rtt-nodeNN
             count = 1
               min = 243
               max = 243
              mean = 243.00
            stddev = 0.00
            median = 243.00
              75% <= 243.00
              95% <= 243.00
              98% <= 243.00
              99% <= 243.00
            99.9% <= 243.00
sub-blocks-rtt-nodeO
             count = 1
               min = 874
               max = 874
              mean = 874.00
            stddev = 0.00
            median = 874.00
              75% <= 874.00
              95% <= 874.00
              98% <= 874.00
              99% <= 874.00
            99.9% <= 874.00
sub-blocks-rtt-nodeP
             count = 0
               min = 0
               max = 0
              mean = 0.00
            stddev = 0.00
            median = 0.00
              75% <= 0.00
              95% <= 0.00
              98% <= 0.00
              99% <= 0.00
            99.9% <= 0.00
sub-projectiles-rtt-nodeA
             count = 12
               min = 1
               max = 682
              mean = 86.32
            stddev = 183.31
            median = 34.00
              75% <= 61.00
              95% <= 682.00
              98% <= 682.00
              99% <= 682.00
            99.9% <= 682.00
sub-projectiles-rtt-nodeB
             count = 9
               min = 23
               max = 816
              mean = 281.50
            stddev = 313.93
            median = 51.00
              75% <= 395.00
              95% <= 816.00
              98% <= 816.00
              99% <= 816.00
            99.9% <= 816.00
sub-projectiles-rtt-nodeC
             count = 11
               min = 10
               max = 212
              mean = 56.43
            stddev = 69.02
            median = 28.00
              75% <= 35.00
              95% <= 212.00
              98% <= 212.00
              99% <= 212.00
            99.9% <= 212.00
sub-projectiles-rtt-nodeE
             count = 11
               min = 3
               max = 869
              mean = 246.13
            stddev = 328.67
            median = 28.00
              75% <= 488.00
              95% <= 869.00
              98% <= 869.00
              99% <= 869.00
            99.9% <= 869.00
sub-projectiles-rtt-nodeF
             count = 11
               min = 2
               max = 357
              mean = 52.61
            stddev = 100.59
            median = 19.00
              75% <= 30.00
              95% <= 357.00
              98% <= 357.00
              99% <= 357.00
            99.9% <= 357.00
sub-projectiles-rtt-nodeG
             count = 10
               min = 7
               max = 772
              mean = 210.03
            stddev = 295.83
            median = 30.00
              75% <= 363.00
              95% <= 772.00
              98% <= 772.00
              99% <= 772.00
            99.9% <= 772.00
sub-projectiles-rtt-nodeH
             count = 10
               min = 5
               max = 971
              mean = 109.79
            stddev = 265.87
            median = 23.00
              75% <= 34.00
              95% <= 971.00
              98% <= 971.00
              99% <= 971.00
            99.9% <= 971.00
sub-projectiles-rtt-nodeI
             count = 12
               min = 1
               max = 976
              mean = 199.36
            stddev = 300.38
            median = 33.00
              75% <= 324.00
              95% <= 976.00
              98% <= 976.00
              99% <= 976.00
            99.9% <= 976.00
sub-projectiles-rtt-nodeJ
             count = 11
               min = 12
               max = 621
              mean = 96.95
            stddev = 179.44
            median = 26.00
              75% <= 33.00
              95% <= 621.00
              98% <= 621.00
              99% <= 621.00
            99.9% <= 621.00
sub-projectiles-rtt-nodeK
             count = 9
               min = 15
               max = 472
              mean = 147.67
            stddev = 173.73
            median = 81.00
              75% <= 98.00
              95% <= 472.00
              98% <= 472.00
              99% <= 472.00
            99.9% <= 472.00
sub-projectiles-rtt-nodeL
             count = 7
               min = 1
               max = 79
              mean = 27.98
            stddev = 24.69
            median = 28.00
              75% <= 46.00
              95% <= 79.00
              98% <= 79.00
              99% <= 79.00
            99.9% <= 79.00
sub-projectiles-rtt-nodeM
             count = 12
               min = 5
               max = 878
              mean = 241.74
            stddev = 324.75
            median = 32.00
              75% <= 480.00
              95% <= 878.00
              98% <= 878.00
              99% <= 878.00
            99.9% <= 878.00
sub-projectiles-rtt-nodeNN
             count = 11
               min = 5
               max = 77
              mean = 28.21
            stddev = 24.39
            median = 27.00
              75% <= 48.00
              95% <= 77.00
              98% <= 77.00
              99% <= 77.00
            99.9% <= 77.00
sub-projectiles-rtt-nodeO
             count = 12
               min = 1
               max = 147
              mean = 31.24
            stddev = 46.43
            median = 13.00
              75% <= 26.00
              95% <= 147.00
              98% <= 147.00
              99% <= 147.00
            99.9% <= 147.00
sub-projectiles-rtt-nodeP
             count = 7
               min = 1
               max = 871
              mean = 277.36
            stddev = 303.90
            median = 60.00
              75% <= 486.00
              95% <= 871.00
              98% <= 871.00
              99% <= 871.00
            99.9% <= 871.00
sub-status-rtt-nodeA
             count = 619
               min = 1
               max = 111
              mean = 39.45
            stddev = 18.12
            median = 35.00
              75% <= 46.00
              95% <= 72.00
              98% <= 88.00
              99% <= 99.00
            99.9% <= 111.00
sub-status-rtt-nodeB
             count = 534
               min = 0
               max = 128
              mean = 38.35
            stddev = 17.08
            median = 35.00
              75% <= 44.00
              95% <= 69.00
              98% <= 89.00
              99% <= 101.00
            99.9% <= 128.00
sub-status-rtt-nodeC
             count = 617
               min = 1
               max = 165
              mean = 39.40
            stddev = 19.00
            median = 34.00
              75% <= 46.00
              95% <= 71.00
              98% <= 88.00
              99% <= 93.00
            99.9% <= 165.00
sub-status-rtt-nodeE
             count = 635
               min = 1
               max = 140
              mean = 38.11
            stddev = 15.97
            median = 34.00
              75% <= 43.00
              95% <= 67.00
              98% <= 78.00
              99% <= 95.00
            99.9% <= 140.00
sub-status-rtt-nodeF
             count = 596
               min = 0
               max = 154
              mean = 40.96
            stddev = 19.91
            median = 36.00
              75% <= 50.00
              95% <= 81.00
              98% <= 89.00
              99% <= 95.00
            99.9% <= 154.00
sub-status-rtt-nodeG
             count = 641
               min = 1
               max = 194
              mean = 37.92
            stddev = 17.69
            median = 34.00
              75% <= 43.00
              95% <= 69.00
              98% <= 86.00
              99% <= 96.00
            99.9% <= 194.00
sub-status-rtt-nodeH
             count = 591
               min = 1
               max = 134
              mean = 40.63
            stddev = 18.15
            median = 35.00
              75% <= 48.00
              95% <= 74.00
              98% <= 84.00
              99% <= 94.00
            99.9% <= 134.00
sub-status-rtt-nodeI
             count = 634
               min = 0
               max = 182
              mean = 38.64
            stddev = 19.91
            median = 34.00
              75% <= 44.00
              95% <= 74.00
              98% <= 92.00
              99% <= 102.00
            99.9% <= 182.00
sub-status-rtt-nodeJ
             count = 610
               min = 1
               max = 218
              mean = 39.70
            stddev = 19.98
            median = 34.00
              75% <= 45.00
              95% <= 71.00
              98% <= 92.00
              99% <= 106.00
            99.9% <= 218.00
sub-status-rtt-nodeK
             count = 553
               min = 0
               max = 218
              mean = 36.94
            stddev = 18.28
            median = 34.00
              75% <= 42.00
              95% <= 71.00
              98% <= 84.00
              99% <= 93.00
            99.9% <= 218.00
sub-status-rtt-nodeL
             count = 422
               min = 0
               max = 181
              mean = 39.48
            stddev = 19.73
            median = 34.00
              75% <= 43.00
              95% <= 75.00
              98% <= 95.00
              99% <= 98.00
            99.9% <= 181.00
sub-status-rtt-nodeM
             count = 616
               min = 1
               max = 164
              mean = 39.43
            stddev = 17.46
            median = 34.00
              75% <= 46.00
              95% <= 70.00
              98% <= 86.00
              99% <= 96.00
            99.9% <= 164.00
sub-status-rtt-nodeNN
             count = 658
               min = 2
               max = 139
              mean = 36.92
            stddev = 16.43
            median = 34.00
              75% <= 42.00
              95% <= 67.00
              98% <= 86.00
              99% <= 99.00
            99.9% <= 139.00
sub-status-rtt-nodeO
             count = 620
               min = 0
               max = 135
              mean = 39.06
            stddev = 18.42
            median = 34.00
              75% <= 47.00
              95% <= 68.00
              98% <= 87.00
              99% <= 99.00
            99.9% <= 135.00
sub-status-rtt-nodeP
             count = 460
               min = 1
               max = 160
              mean = 38.34
            stddev = 17.64
            median = 34.00
              75% <= 43.00
              95% <= 71.00
              98% <= 88.00
              99% <= 94.00
            99.9% <= 160.00

-- Meters ----------------------------------------------------------------------
pub-interest-rate-nodeD-blocks-sync
             count = 18
         mean rate = 0.88 events/second
     1-minute rate = 0.97 events/second
     5-minute rate = 0.99 events/second
    15-minute rate = 1.00 events/second
pub-interest-rate-nodeD-projectiles-sync
             count = 86
         mean rate = 4.19 events/second
     1-minute rate = 5.76 events/second
     5-minute rate = 6.26 events/second
    15-minute rate = 6.35 events/second
pub-interest-rate-nodeD-status-sync
             count = 632
         mean rate = 30.82 events/second
     1-minute rate = 31.21 events/second
     5-minute rate = 31.36 events/second
    15-minute rate = 31.39 events/second


 WARN [HeadlessApplication] (ProjectileCollisionSystem.java:62) - Type component was null for collision with PROJECTILE
 WARN [bp-queue-proc-/com/stefanolupo/ndngame/0/nodeD/blocks/sync-1] (BasePublisher.java:98) - /com/stefanolupo/ndngame/0/nodeD/blocks/sync: Saw duplicate sn requests
 WARN [bp-queue-proc-/com/stefanolupo/ndngame/0/nodeD/blocks/sync-1] (BasePublisher.java:99) - [2=3, 0=23, 1=9]
 WARN [bp-queue-proc-/com/stefanolupo/ndngame/0/nodeD/status/sync-1] (BasePublisher.java:98) - /com/stefanolupo/ndngame/0/nodeD/status/sync: Saw duplicate sn requests
 WARN [bp-queue-proc-/com/stefanolupo/ndngame/0/nodeD/status/sync-1] (BasePublisher.java:99) - [576=2, 394=2, 842=2, 0=10, 524=2, 844=2, 336=2, 400=2, 662=2, 279=2, 855=2, 919=2, 916=2, 546=2, 483=2, 545=2, 801=2, 1121=2, 422=2, 423=2, 484=2, 874=2, 1130=2, 623=2, 1071=2, 624=2, 305=2, 1142=2, 439=2, 503=2, 629=2, 376=2, 1144=2, 377=2, 383=2, 575=2]
 WARN [HeadlessApplication] (ProjectileCollisionSystem.java:62) - Type component was null for collision with PROJECTILE
4/9/19, 9:55:58 PM =============================================================

-- Gauges ----------------------------------------------------------------------
pub-update-percentage-nodeD-blocks-sync
             value = 0.0014048890137679123
pub-update-percentage-nodeD-status-sync
             value = 0.48368953880764903

-- Counters --------------------------------------------------------------------
dr-counter-null
             count = 0
dr-counter-skip
             count = 0
dr-counter-threshold
             count = 0
dr-counter-velocity
             count = 0
sub-blocks-interestscounter-nodeA
             count = 52
sub-blocks-interestscounter-nodeB
             count = 49
sub-blocks-interestscounter-nodeC
             count = 52
sub-blocks-interestscounter-nodeE
             count = 54
sub-blocks-interestscounter-nodeF
             count = 51
sub-blocks-interestscounter-nodeG
             count = 53
sub-blocks-interestscounter-nodeH
             count = 54
sub-blocks-interestscounter-nodeI
             count = 53
sub-blocks-interestscounter-nodeJ
             count = 53
sub-blocks-interestscounter-nodeK
             count = 50
sub-blocks-interestscounter-nodeL
             count = 45
sub-blocks-interestscounter-nodeM
             count = 53
sub-blocks-interestscounter-nodeNN
             count = 53
sub-blocks-interestscounter-nodeO
             count = 51
sub-blocks-interestscounter-nodeP
             count = 45
sub-projectiles-interestscounter-nodeA
             count = 30
sub-projectiles-interestscounter-nodeB
             count = 28
sub-projectiles-interestscounter-nodeC
             count = 31
sub-projectiles-interestscounter-nodeE
             count = 29
sub-projectiles-interestscounter-nodeF
             count = 30
sub-projectiles-interestscounter-nodeG
             count = 31
sub-projectiles-interestscounter-nodeH
             count = 33
sub-projectiles-interestscounter-nodeI
             count = 29
sub-projectiles-interestscounter-nodeJ
             count = 31
sub-projectiles-interestscounter-nodeK
             count = 30
sub-projectiles-interestscounter-nodeL
             count = 27
sub-projectiles-interestscounter-nodeM
             count = 29
sub-projectiles-interestscounter-nodeNN
             count = 31
sub-projectiles-interestscounter-nodeO
             count = 31
sub-projectiles-interestscounter-nodeP
             count = 29
sub-status-interestscounter-nodeA
             count = 1448
sub-status-interestscounter-nodeB
             count = 1366
sub-status-interestscounter-nodeC
             count = 1408
sub-status-interestscounter-nodeE
             count = 1459
sub-status-interestscounter-nodeF
             count = 1416
sub-status-interestscounter-nodeG
             count = 1474
sub-status-interestscounter-nodeH
             count = 1407
sub-status-interestscounter-nodeI
             count = 1455
sub-status-interestscounter-nodeJ
             count = 1414
sub-status-interestscounter-nodeK
             count = 1370
sub-status-interestscounter-nodeL
             count = 1249
sub-status-interestscounter-nodeM
             count = 1419
sub-status-interestscounter-nodeNN
             count = 1471
sub-status-interestscounter-nodeO
             count = 1393
sub-status-interestscounter-nodeP
             count = 1260

-- Histograms ------------------------------------------------------------------
eng-status-delta-nodeA
             count = 1383
               min = 0
               max = 200
              mean = 5.12
            stddev = 14.29
            median = 0.00
              75% <= 11.00
              95% <= 22.00
              98% <= 40.00
              99% <= 71.00
            99.9% <= 159.00
eng-status-delta-nodeB
             count = 1304
               min = 0
               max = 253
              mean = 5.29
            stddev = 16.59
            median = 0.00
              75% <= 11.00
              95% <= 22.00
              98% <= 44.00
              99% <= 67.00
            99.9% <= 253.00
eng-status-delta-nodeC
             count = 1349
               min = 0
               max = 113
              mean = 7.49
            stddev = 14.69
            median = 0.00
              75% <= 11.00
              95% <= 43.00
              98% <= 46.00
              99% <= 57.00
            99.9% <= 104.00
eng-status-delta-nodeE
             count = 1408
               min = 0
               max = 200
              mean = 5.12
            stddev = 14.55
            median = 0.00
              75% <= 4.00
              95% <= 22.00
              98% <= 40.00
              99% <= 63.00
            99.9% <= 145.00
eng-status-delta-nodeF
             count = 1355
               min = 0
               max = 208
              mean = 7.08
            stddev = 20.39
            median = 0.00
              75% <= 0.00
              95% <= 39.00
              98% <= 89.00
              99% <= 106.00
            99.9% <= 208.00
eng-status-delta-nodeG
             count = 1422
               min = 0
               max = 211
              mean = 5.40
            stddev = 13.68
            median = 0.00
              75% <= 11.00
              95% <= 25.00
              98% <= 39.00
              99% <= 56.00
            99.9% <= 211.00
eng-status-delta-nodeH
             count = 1369
               min = 0
               max = 211
              mean = 5.92
            stddev = 15.37
            median = 0.00
              75% <= 11.00
              95% <= 31.00
              98% <= 48.00
              99% <= 73.00
            99.9% <= 211.00
eng-status-delta-nodeI
             count = 1387
               min = 0
               max = 200
              mean = 6.78
            stddev = 17.51
            median = 0.00
              75% <= 11.00
              95% <= 31.00
              98% <= 63.00
              99% <= 90.00
            99.9% <= 200.00
eng-status-delta-nodeJ
             count = 1373
               min = 0
               max = 128
              mean = 5.72
            stddev = 15.00
            median = 0.00
              75% <= 11.00
              95% <= 24.00
              98% <= 47.00
              99% <= 100.00
            99.9% <= 126.00
eng-status-delta-nodeK
             count = 1304
               min = 0
               max = 200
              mean = 5.58
            stddev = 14.08
            median = 0.00
              75% <= 11.00
              95% <= 25.00
              98% <= 46.00
              99% <= 65.00
            99.9% <= 200.00
eng-status-delta-nodeL
             count = 1201
               min = 0
               max = 200
              mean = 5.23
            stddev = 14.81
            median = 0.00
              75% <= 0.00
              95% <= 31.00
              98% <= 46.00
              99% <= 75.00
            99.9% <= 200.00
eng-status-delta-nodeM
             count = 1373
               min = 0
               max = 211
              mean = 4.79
            stddev = 13.75
            median = 0.00
              75% <= 11.00
              95% <= 22.00
              98% <= 33.00
              99% <= 61.00
            99.9% <= 211.00
eng-status-delta-nodeNN
             count = 1436
               min = 0
               max = 200
              mean = 4.79
            stddev = 15.11
            median = 0.00
              75% <= 0.00
              95% <= 22.00
              98% <= 33.00
              99% <= 67.00
            99.9% <= 200.00
eng-status-delta-nodeO
             count = 1348
               min = 0
               max = 133
              mean = 5.61
            stddev = 13.51
            median = 0.00
              75% <= 11.00
              95% <= 31.00
              98% <= 44.00
              99% <= 67.00
            99.9% <= 128.00
eng-status-delta-nodeP
             count = 1197
               min = 0
               max = 126
              mean = 5.92
            stddev = 13.69
            median = 0.00
              75% <= 11.00
              95% <= 33.00
              98% <= 49.00
              99% <= 75.00
            99.9% <= 126.00
packet-size-block
             count = 5
               min = 76
               max = 304
              mean = 225.24
            stddev = 85.77
            median = 228.00
              75% <= 304.00
              95% <= 304.00
              98% <= 304.00
              99% <= 304.00
            99.9% <= 304.00
packet-size-projectile
             count = 222
               min = 89
               max = 1671
              mean = 336.67
            stddev = 300.61
            median = 351.00
              75% <= 440.00
              95% <= 791.00
              98% <= 1320.00
              99% <= 1671.00
            99.9% <= 1671.00
packet-size-status
             count = 1773
               min = 42
               max = 47
              mean = 44.38
            stddev = 2.50
            median = 42.00
              75% <= 47.00
              95% <= 47.00
              98% <= 47.00
              99% <= 47.00
            99.9% <= 47.00
sub-blocks-rtt-nodeA
             count = 3
               min = 27
               max = 270
              mean = 116.64
            stddev = 92.77
            median = 95.00
              75% <= 95.00
              95% <= 270.00
              98% <= 270.00
              99% <= 270.00
            99.9% <= 270.00
sub-blocks-rtt-nodeB
             count = 2
               min = 176
               max = 812
              mean = 451.33
            stddev = 315.12
            median = 176.00
              75% <= 812.00
              95% <= 812.00
              98% <= 812.00
              99% <= 812.00
            99.9% <= 812.00
sub-blocks-rtt-nodeC
             count = 3
               min = 120
               max = 735
              mean = 432.67
            stddev = 266.72
            median = 362.00
              75% <= 735.00
              95% <= 735.00
              98% <= 735.00
              99% <= 735.00
            99.9% <= 735.00
sub-blocks-rtt-nodeE
             count = 1
               min = 40
               max = 40
              mean = 40.00
            stddev = 0.00
            median = 40.00
              75% <= 40.00
              95% <= 40.00
              98% <= 40.00
              99% <= 40.00
            99.9% <= 40.00
sub-blocks-rtt-nodeF
             count = 4
               min = 107
               max = 643
              mean = 428.69
            stddev = 195.95
            median = 383.00
              75% <= 643.00
              95% <= 643.00
              98% <= 643.00
              99% <= 643.00
            99.9% <= 643.00
sub-blocks-rtt-nodeG
             count = 2
               min = 268
               max = 858
              mean = 523.42
            stddev = 292.33
            median = 268.00
              75% <= 858.00
              95% <= 858.00
              98% <= 858.00
              99% <= 858.00
            99.9% <= 858.00
sub-blocks-rtt-nodeH
             count = 1
               min = 868
               max = 868
              mean = 868.00
            stddev = 0.00
            median = 868.00
              75% <= 868.00
              95% <= 868.00
              98% <= 868.00
              99% <= 868.00
            99.9% <= 868.00
sub-blocks-rtt-nodeI
             count = 2
               min = 849
               max = 987
              mean = 926.75
            stddev = 68.44
            median = 987.00
              75% <= 987.00
              95% <= 987.00
              98% <= 987.00
              99% <= 987.00
            99.9% <= 987.00
sub-blocks-rtt-nodeJ
             count = 2
               min = 395
               max = 493
              mean = 440.70
            stddev = 48.89
            median = 395.00
              75% <= 493.00
              95% <= 493.00
              98% <= 493.00
              99% <= 493.00
            99.9% <= 493.00
sub-blocks-rtt-nodeK
             count = 1
               min = 892
               max = 892
              mean = 892.00
            stddev = 0.00
            median = 892.00
              75% <= 892.00
              95% <= 892.00
              98% <= 892.00
              99% <= 892.00
            99.9% <= 892.00
sub-blocks-rtt-nodeL
             count = 2
               min = 0
               max = 598
              mean = 310.21
            stddev = 298.79
            median = 598.00
              75% <= 598.00
              95% <= 598.00
              98% <= 598.00
              99% <= 598.00
            99.9% <= 598.00
sub-blocks-rtt-nodeM
             count = 2
               min = 46
               max = 844
              mean = 536.13
            stddev = 388.45
            median = 844.00
              75% <= 844.00
              95% <= 844.00
              98% <= 844.00
              99% <= 844.00
            99.9% <= 844.00
sub-blocks-rtt-nodeNN
             count = 2
               min = 30
               max = 243
              mean = 122.99
            stddev = 105.64
            median = 30.00
              75% <= 243.00
              95% <= 243.00
              98% <= 243.00
              99% <= 243.00
            99.9% <= 243.00
sub-blocks-rtt-nodeO
             count = 4
               min = 164
               max = 874
              mean = 473.74
            stddev = 272.27
            median = 291.00
              75% <= 620.00
              95% <= 874.00
              98% <= 874.00
              99% <= 874.00
            99.9% <= 874.00
sub-blocks-rtt-nodeP
             count = 3
               min = 321
               max = 873
              mean = 587.84
            stddev = 235.76
            median = 553.00
              75% <= 873.00
              95% <= 873.00
              98% <= 873.00
              99% <= 873.00
            99.9% <= 873.00
sub-projectiles-rtt-nodeA
             count = 26
               min = 1
               max = 682
              mean = 107.73
            stddev = 192.86
            median = 38.00
              75% <= 45.00
              95% <= 662.00
              98% <= 682.00
              99% <= 682.00
            99.9% <= 682.00
sub-projectiles-rtt-nodeB
             count = 23
               min = 9
               max = 816
              mean = 215.51
            stddev = 264.60
            median = 45.00
              75% <= 393.00
              95% <= 809.00
              98% <= 816.00
              99% <= 816.00
            99.9% <= 816.00
sub-projectiles-rtt-nodeC
             count = 25
               min = 5
               max = 808
              mean = 104.35
            stddev = 204.34
            median = 23.00
              75% <= 43.00
              95% <= 620.00
              98% <= 808.00
              99% <= 808.00
            99.9% <= 808.00
sub-projectiles-rtt-nodeE
             count = 26
               min = 3
               max = 869
              mean = 164.13
            stddev = 276.10
            median = 21.00
              75% <= 97.00
              95% <= 869.00
              98% <= 869.00
              99% <= 869.00
            99.9% <= 869.00
sub-projectiles-rtt-nodeF
             count = 25
               min = 2
               max = 965
              mean = 126.86
            stddev = 252.10
            median = 23.00
              75% <= 41.00
              95% <= 749.00
              98% <= 965.00
              99% <= 965.00
            99.9% <= 965.00
sub-projectiles-rtt-nodeG
             count = 25
               min = 2
               max = 772
              mean = 169.67
            stddev = 245.70
            median = 30.00
              75% <= 363.00
              95% <= 764.00
              98% <= 772.00
              99% <= 772.00
            99.9% <= 772.00
sub-projectiles-rtt-nodeH
             count = 23
               min = 5
               max = 971
              mean = 136.59
            stddev = 262.15
            median = 31.00
              75% <= 87.00
              95% <= 911.00
              98% <= 971.00
              99% <= 971.00
            99.9% <= 971.00
sub-projectiles-rtt-nodeI
             count = 26
               min = 1
               max = 976
              mean = 144.56
            stddev = 245.24
            median = 32.00
              75% <= 63.00
              95% <= 753.00
              98% <= 976.00
              99% <= 976.00
            99.9% <= 976.00
sub-projectiles-rtt-nodeJ
             count = 24
               min = 5
               max = 727
              mean = 113.31
            stddev = 199.38
            median = 23.00
              75% <= 44.00
              95% <= 621.00
              98% <= 727.00
              99% <= 727.00
            99.9% <= 727.00
sub-projectiles-rtt-nodeK
             count = 21
               min = 5
               max = 875
              mean = 145.58
            stddev = 238.15
            median = 34.00
              75% <= 85.00
              95% <= 875.00
              98% <= 875.00
              99% <= 875.00
            99.9% <= 875.00
sub-projectiles-rtt-nodeL
             count = 20
               min = 1
               max = 79
              mean = 17.39
            stddev = 16.80
            median = 9.00
              75% <= 28.00
              95% <= 46.00
              98% <= 79.00
              99% <= 79.00
            99.9% <= 79.00
sub-projectiles-rtt-nodeM
             count = 27
               min = 5
               max = 878
              mean = 180.47
            stddev = 289.47
            median = 31.00
              75% <= 69.00
              95% <= 878.00
              98% <= 878.00
              99% <= 878.00
            99.9% <= 878.00
sub-projectiles-rtt-nodeNN
             count = 24
               min = 4
               max = 565
              mean = 49.45
            stddev = 120.63
            median = 14.00
              75% <= 29.00
              95% <= 565.00
              98% <= 565.00
              99% <= 565.00
            99.9% <= 565.00
sub-projectiles-rtt-nodeO
             count = 24
               min = 1
               max = 766
              mean = 60.80
            stddev = 160.99
            median = 13.00
              75% <= 26.00
              95% <= 147.00
              98% <= 766.00
              99% <= 766.00
            99.9% <= 766.00
sub-projectiles-rtt-nodeP
             count = 19
               min = 1
               max = 871
              mean = 188.72
            stddev = 286.59
            median = 36.00
              75% <= 463.00
              95% <= 863.00
              98% <= 871.00
              99% <= 871.00
            99.9% <= 871.00
sub-status-rtt-nodeA
             count = 1451
               min = 1
               max = 120
              mean = 37.25
            stddev = 16.20
            median = 34.00
              75% <= 44.00
              95% <= 68.00
              98% <= 83.00
              99% <= 88.00
            99.9% <= 120.00
sub-status-rtt-nodeB
             count = 1371
               min = 1
               max = 128
              mean = 36.43
            stddev = 16.09
            median = 34.00
              75% <= 44.00
              95% <= 66.00
              98% <= 80.00
              99% <= 89.00
            99.9% <= 115.00
sub-status-rtt-nodeC
             count = 1411
               min = 0
               max = 210
              mean = 38.19
            stddev = 19.37
            median = 34.00
              75% <= 45.00
              95% <= 73.00
              98% <= 86.00
              99% <= 100.00
            99.9% <= 210.00
sub-status-rtt-nodeE
             count = 1463
               min = 1
               max = 140
              mean = 36.49
            stddev = 13.68
            median = 34.00
              75% <= 42.00
              95% <= 66.00
              98% <= 73.00
              99% <= 78.00
            99.9% <= 98.00
sub-status-rtt-nodeF
             count = 1418
               min = 0
               max = 120
              mean = 37.40
            stddev = 16.32
            median = 35.00
              75% <= 45.00
              95% <= 67.00
              98% <= 83.00
              99% <= 88.00
            99.9% <= 120.00
sub-status-rtt-nodeG
             count = 1478
               min = 1
               max = 128
              mean = 36.42
            stddev = 15.71
            median = 34.00
              75% <= 43.00
              95% <= 66.00
              98% <= 76.00
              99% <= 86.00
            99.9% <= 113.00
sub-status-rtt-nodeH
             count = 1411
               min = 0
               max = 134
              mean = 38.01
            stddev = 16.40
            median = 35.00
              75% <= 44.00
              95% <= 72.00
              98% <= 83.00
              99% <= 91.00
            99.9% <= 115.00
sub-status-rtt-nodeI
             count = 1460
               min = 1
               max = 182
              mean = 36.98
            stddev = 17.96
            median = 35.00
              75% <= 44.00
              95% <= 67.00
              98% <= 82.00
              99% <= 92.00
            99.9% <= 173.00
sub-status-rtt-nodeJ
             count = 1418
               min = 0
               max = 189
              mean = 37.92
            stddev = 16.95
            median = 35.00
              75% <= 43.00
              95% <= 68.00
              98% <= 84.00
              99% <= 92.00
            99.9% <= 189.00
sub-status-rtt-nodeK
             count = 1375
               min = 0
               max = 218
              mean = 36.85
            stddev = 18.27
            median = 34.00
              75% <= 43.00
              95% <= 68.00
              98% <= 80.00
              99% <= 88.00
            99.9% <= 196.00
sub-status-rtt-nodeL
             count = 1254
               min = 0
               max = 171
              mean = 36.84
            stddev = 16.76
            median = 34.00
              75% <= 42.00
              95% <= 67.00
              98% <= 81.00
              99% <= 92.00
            99.9% <= 171.00
sub-status-rtt-nodeM
             count = 1424
               min = 0
               max = 156
              mean = 37.40
            stddev = 15.76
            median = 35.00
              75% <= 44.00
              95% <= 67.00
              98% <= 77.00
              99% <= 84.00
            99.9% <= 156.00
sub-status-rtt-nodeNN
             count = 1475
               min = 1
               max = 139
              mean = 37.22
            stddev = 13.99
            median = 35.00
              75% <= 43.00
              95% <= 63.00
              98% <= 76.00
              99% <= 85.00
            99.9% <= 123.00
sub-status-rtt-nodeO
             count = 1396
               min = 1
               max = 133
              mean = 38.69
            stddev = 16.08
            median = 35.00
              75% <= 46.00
              95% <= 68.00
              98% <= 82.00
              99% <= 91.00
            99.9% <= 111.00
sub-status-rtt-nodeP
             count = 1266
               min = 0
               max = 160
              mean = 37.46
            stddev = 18.16
            median = 34.00
              75% <= 45.00
              95% <= 68.00
              98% <= 78.00
              99% <= 93.00
            99.9% <= 151.00

-- Meters ----------------------------------------------------------------------
pub-interest-rate-nodeD-blocks-sync
             count = 76
         mean rate = 1.50 events/second
     1-minute rate = 1.36 events/second
     5-minute rate = 1.08 events/second
    15-minute rate = 1.03 events/second
pub-interest-rate-nodeD-projectiles-sync
             count = 233
         mean rate = 4.61 events/second
     1-minute rate = 5.29 events/second
     5-minute rate = 6.11 events/second
    15-minute rate = 6.30 events/second
pub-interest-rate-nodeD-status-sync
             count = 1535
         mean rate = 30.34 events/second
     1-minute rate = 30.83 events/second
     5-minute rate = 31.25 events/second
    15-minute rate = 31.35 events/second


 WARN [bp-queue-proc-/com/stefanolupo/ndngame/0/nodeD/blocks/sync-1] (BasePublisher.java:98) - /com/stefanolupo/ndngame/0/nodeD/blocks/sync: Saw duplicate sn requests
 WARN [bp-queue-proc-/com/stefanolupo/ndngame/0/nodeD/blocks/sync-1] (BasePublisher.java:99) - [2=18, 0=23, 1=26, 4=10]
 WARN [bp-queue-proc-/com/stefanolupo/ndngame/0/nodeD/status/sync-1] (BasePublisher.java:98) - /com/stefanolupo/ndngame/0/nodeD/status/sync: Saw duplicate sn requests
 WARN [bp-queue-proc-/com/stefanolupo/ndngame/0/nodeD/status/sync-1] (BasePublisher.java:99) - [1540=2, 394=2, 0=10, 1289=2, 1295=2, 1423=2, 524=2, 1292=2, 1677=2, 1427=2, 1555=2, 400=2, 662=2, 279=2, 919=2, 1687=2, 916=2, 1684=2, 546=2, 545=2, 801=2, 422=2, 423=2, 1578=2, 1710=2, 1071=2, 1715=2, 305=2, 1462=2, 439=2, 1210=2, 1598=2, 575=2, 1213=2, 1218=2, 1219=2, 1731=2, 576=2, 1350=2, 1734=2, 842=2, 1738=2, 1481=2, 1487=2, 844=2, 1746=2, 1747=2, 336=2, 855=2, 1364=2, 1492=2, 1620=2, 1497=2, 1630=2, 1758=2, 1245=2, 1634=2, 483=2, 1763=2, 1248=2, 1121=2, 1639=2, 484=2, 874=2, 1130=2, 1259=2, 1518=2, 623=2, 1647=2, 624=2, 1142=2, 503=2, 629=2, 1402=2, 1658=2, 376=2, 1144=2, 1400=2, 377=2, 383=2, 1276=2]
 WARN [HeadlessApplication] (ProjectileCollisionSystem.java:62) - Type component was null for collision with PROJECTILE
