DEBUG [main] (ConfigManager.java:33) - Initialized with properties: {local.player.status.updates.per.sec=30, facemanager.num.sub.threads.per.face=10, linear.interest.zone.filter.inner.radius=100, projectile.cache.size=20, local.player.status.use.dead.reckoning=false, block.publisher.freshness.period.ms=40, player.status.publisher.freshness.period.ms=40, base.publisher.queue.process.per.sec=60, projectile.sub.inter.interest.max.wait.time.ms=30, linear.interest.zone.filter.outer.radius=200, local.player.dead.reckoning.max.error=1, projectile.publisher.queue.process.multithread=true, statistics.logger.log.rate.sec=30, facemanager.max.num.pub.faces=1, facemanager.num.pub.threads.per.face=10, facemanager.max.num.sub.faces=1, block.sub.inter.interest.max.wait.time.ms=2000, projectile.publisher.queue.process.per.sec=60, base.publisher.queue.process.multithread=true, player.sub.inter.interest.max.wait.time.ms=30, linear.interest.zone.filter.enabled=false, projectile.publisher.freshness.period.ms=40}
WARNING: An illegal reflective access operation has occurred
WARNING: Illegal reflective access by com.google.inject.internal.cglib.core.$ReflectUtils$2 (file:/NdnGame/NdnGameLibGdxDesktop-1.0-SNAPSHOT.jar) to method java.lang.ClassLoader.defineClass(java.lang.String,byte[],int,int,java.security.ProtectionDomain)
WARNING: Please consider reporting this to the maintainers of com.google.inject.internal.cglib.core.$ReflectUtils$2
WARNING: Use --illegal-access=warn to enable warnings of further illegal reflective access operations
WARNING: All illegal access operations will be denied in a future release
DEBUG [main] (BackendModule.java:123) - Writing metrics to /metrics/nodeB
 INFO [main] (DesktopLauncher.java:49) - Launching headless game
 INFO [main] (DesktopLauncher.java:50) - LocalConfig{playerName='nodeB', isMasterView=false, isAutomated=true, automationType='wsp', isHeadless=true, gameId=0, screenWidth=600, screenHeight=600, targetFrameRate=60}
DEBUG [main] (AutomatedInputController.java:52) - Starting with automation type: wsp
DEBUG [main] (BasePublisher.java:67) - Registering /com/stefanolupo/ndngame/0/nodeB/blocks/sync
DEBUG [main] (BasePublisher.java:67) - Registering /com/stefanolupo/ndngame/0/nodeB/status/sync
Mar 20, 2019 1:41:39 AM net.named_data.jndn.Node$RegisterResponse onData
INFO: Register prefix succeeded with the NFD forwarder for prefix /com/stefanolupo/ndngame/0/nodeB/blocks/sync
Mar 20, 2019 1:41:40 AM net.named_data.jndn.Node$RegisterResponse onData
INFO: Register prefix succeeded with the NFD forwarder for prefix /com/stefanolupo/ndngame/0/nodeB/projectiles/interact
Mar 20, 2019 1:41:40 AM net.named_data.jndn.Node$RegisterResponse onData
INFO: Register prefix failed: Expected NFD status code 200, got: 403
Mar 20, 2019 1:41:40 AM net.named_data.jndn.Node$RegisterResponse onData
INFO: Register prefix failed: Expected NFD status code 200, got: 403
Mar 20, 2019 1:41:40 AM net.named_data.jndn.Node$RegisterResponse onData
INFO: Register prefix failed: Expected NFD status code 200, got: 403
 WARN [fm-pub-0-4] (FaceManager.java:150) - Failed to register prefix: /com/stefanolupo/ndngame/0/nodeB/projectiles/sync, retrying..
 WARN [fm-pub-0-2] (FaceManager.java:150) - Failed to register prefix: /com/stefanolupo/ndngame/0/nodeB/status/sync, retrying..
 WARN [fm-pub-0-1] (FaceManager.java:150) - Failed to register prefix: /com/stefanolupo/ndngame/0/nodeB/blocks/interact, retrying..
Mar 20, 2019 1:41:40 AM net.named_data.jndn.Node$RegisterResponse onData
INFO: Register prefix succeeded with the NFD forwarder for prefix /com/stefanolupo/ndngame/0/nodeB/projectiles/sync
Mar 20, 2019 1:41:40 AM net.named_data.jndn.Node$RegisterResponse onData
INFO: Register prefix succeeded with the NFD forwarder for prefix /com/stefanolupo/ndngame/0/nodeB/blocks/interact
Mar 20, 2019 1:41:40 AM net.named_data.jndn.Node$RegisterResponse onData
INFO: Register prefix failed: Expected NFD status code 200, got: 403
 WARN [fm-pub-0-3] (FaceManager.java:150) - Failed to register prefix: /com/stefanolupo/ndngame/0/nodeB/status/sync, retrying..
Mar 20, 2019 1:41:40 AM net.named_data.jndn.Node$RegisterResponse onData
INFO: Register prefix succeeded with the NFD forwarder for prefix /com/stefanolupo/ndngame/0/nodeB/status/sync
Mar 20, 2019 1:41:43 AM net.named_data.jndn.Node$RegisterResponse onData
INFO: Register prefix succeeded with the NFD forwarder for prefix /com/stefanolupo/ndngame/0/config/broadcast
Mar 20, 2019 1:41:43 AM net.named_data.jndn.Node$RegisterResponse onData
INFO: Register prefix succeeded with the NFD forwarder for prefix /com/stefanolupo/ndngame/0/config/nodeB
 INFO [cs-/com/stefanolupo/ndngame/0/config/nodeB-0] (ChronoSynced.java:93) - Initialized ChronoSyncedMap for /com/stefanolupo/ndngame/0/config/nodeB
Mar 20, 2019 1:41:44 AM net.named_data.jndn.Node$RegisterResponse onData
INFO: Register prefix succeeded with the NFD forwarder for prefix /com/stefanolupo/ndngame/0/discovery/broadcast
Mar 20, 2019 1:41:44 AM net.named_data.jndn.Node$RegisterResponse onData
INFO: Register prefix succeeded with the NFD forwarder for prefix /com/stefanolupo/ndngame/0/discovery/nodeB
 INFO [cs-/com/stefanolupo/ndngame/0/discovery/nodeB-0] (ChronoSynced.java:93) - Initialized ChronoSyncedMap for /com/stefanolupo/ndngame/0/discovery/nodeB
DEBUG [bp-queue-proc-/com/stefanolupo/ndngame/0/nodeB/blocks/sync-1] (BasePublisher.java:96) - /com/stefanolupo/ndngame/0/nodeB/blocks/sync: No duplicate SN requests seen
DEBUG [bp-queue-proc-/com/stefanolupo/ndngame/0/nodeB/status/sync-1] (BasePublisher.java:96) - /com/stefanolupo/ndngame/0/nodeB/status/sync: No duplicate SN requests seen
3/20/19, 1:42:08 AM ============================================================

-- Gauges ----------------------------------------------------------------------
pub-update-percentage-nodeB-blocks-sync
             value = 0.0
pub-update-percentage-nodeB-status-sync
             value = 0.49369266055045874


DEBUG [bp-queue-proc-/com/stefanolupo/ndngame/0/nodeB/blocks/sync-1] (BasePublisher.java:96) - /com/stefanolupo/ndngame/0/nodeB/blocks/sync: No duplicate SN requests seen
DEBUG [bp-queue-proc-/com/stefanolupo/ndngame/0/nodeB/status/sync-1] (BasePublisher.java:96) - /com/stefanolupo/ndngame/0/nodeB/status/sync: No duplicate SN requests seen
3/20/19, 1:42:38 AM ============================================================

-- Gauges ----------------------------------------------------------------------
pub-update-percentage-nodeB-blocks-sync
             value = 0.0011273957158962795
pub-update-percentage-nodeB-status-sync
             value = 0.4968961625282167


DEBUG [bp-queue-proc-/com/stefanolupo/ndngame/0/nodeB/blocks/sync-1] (BasePublisher.java:96) - /com/stefanolupo/ndngame/0/nodeB/blocks/sync: No duplicate SN requests seen
DEBUG [bp-queue-proc-/com/stefanolupo/ndngame/0/nodeB/status/sync-1] (BasePublisher.java:96) - /com/stefanolupo/ndngame/0/nodeB/status/sync: No duplicate SN requests seen
 INFO [cs-/com/stefanolupo/ndngame/0/discovery/nodeB-0] (PlayerStatusSubscriber.java:59) - Adding subscription for nodeA
 INFO [cs-/com/stefanolupo/ndngame/0/discovery/nodeB-0] (BlockSubscriber.java:54) - Adding subscription for /com/stefanolupo/ndngame/0/nodeA/blocks/sync/0/0/0
 INFO [cs-/com/stefanolupo/ndngame/0/discovery/nodeB-0] (ProjectileSubscriber.java:53) - Adding subscription for /com/stefanolupo/ndngame/0/nodeA/projectiles/sync/0/0/0
 INFO [cs-/com/stefanolupo/ndngame/0/discovery/nodeB-0] (PlayerStatusSubscriber.java:59) - Adding subscription for nodeC
 INFO [cs-/com/stefanolupo/ndngame/0/discovery/nodeB-0] (BlockSubscriber.java:54) - Adding subscription for /com/stefanolupo/ndngame/0/nodeC/blocks/sync/0/0/0
 INFO [cs-/com/stefanolupo/ndngame/0/discovery/nodeB-0] (ProjectileSubscriber.java:53) - Adding subscription for /com/stefanolupo/ndngame/0/nodeC/projectiles/sync/0/0/0
 INFO [cs-/com/stefanolupo/ndngame/0/discovery/nodeB-0] (PlayerStatusSubscriber.java:59) - Adding subscription for nodeD
 INFO [cs-/com/stefanolupo/ndngame/0/discovery/nodeB-0] (BlockSubscriber.java:54) - Adding subscription for /com/stefanolupo/ndngame/0/nodeD/blocks/sync/0/0/0
 INFO [cs-/com/stefanolupo/ndngame/0/discovery/nodeB-0] (ProjectileSubscriber.java:53) - Adding subscription for /com/stefanolupo/ndngame/0/nodeD/projectiles/sync/0/0/0
 INFO [fm-pub-0-0] (ProjectilePublisher.java:133) - Creating interest meter
DEBUG [HeadlessApplication] (ProjectileCollisionSystem.java:108) - Bullet hit me, notifying owner and decreasing my health
ERROR [HeadlessApplication] (ProjectileCollisionSystem.java:62) - Type component was null for collision with PROJECTILE
 WARN [bp-queue-proc-/com/stefanolupo/ndngame/0/nodeB/blocks/sync-1] (BasePublisher.java:98) - /com/stefanolupo/ndngame/0/nodeB/blocks/sync: Saw duplicate sn requests
 WARN [bp-queue-proc-/com/stefanolupo/ndngame/0/nodeB/blocks/sync-1] (BasePublisher.java:99) - [9=4]
DEBUG [bp-queue-proc-/com/stefanolupo/ndngame/0/nodeB/status/sync-1] (BasePublisher.java:96) - /com/stefanolupo/ndngame/0/nodeB/status/sync: No duplicate SN requests seen
3/20/19, 1:43:08 AM ============================================================

-- Gauges ----------------------------------------------------------------------
pub-update-percentage-nodeB-blocks-sync
             value = 0.002804786836200449
pub-update-percentage-nodeB-status-sync
             value = 0.4974733295901179

-- Counters --------------------------------------------------------------------
sub-blocks-interestscounter-nodeA
             count = 18
sub-blocks-interestscounter-nodeC
             count = 19
sub-blocks-interestscounter-nodeD
             count = 16
sub-projectiles-interestscounter-nodeA
             count = 27
sub-projectiles-interestscounter-nodeC
             count = 25
sub-projectiles-interestscounter-nodeD
             count = 25
sub-status-interestscounter-nodeA
             count = 552
sub-status-interestscounter-nodeC
             count = 549
sub-status-interestscounter-nodeD
             count = 541

-- Histograms ------------------------------------------------------------------
eng-status-delta-nodeA
             count = 547
               min = 0
               max = 190
              mean = 9.07
            stddev = 20.77
            median = 0.00
              75% <= 11.00
              95% <= 31.00
              98% <= 100.00
              99% <= 111.00
            99.9% <= 190.00
eng-status-delta-nodeD
             count = 537
               min = 0
               max = 166
              mean = 3.35
            stddev = 12.23
            median = 0.00
              75% <= 0.00
              95% <= 22.00
              98% <= 40.00
              99% <= 44.00
            99.9% <= 166.00
sub-blocks-rtt-nodeA
             count = 2
               min = 68
               max = 266
              mean = 173.67
            stddev = 98.77
            median = 266.00
              75% <= 266.00
              95% <= 266.00
              98% <= 266.00
              99% <= 266.00
            99.9% <= 266.00
sub-blocks-rtt-nodeC
             count = 1
               min = 98
               max = 98
              mean = 98.00
            stddev = 0.00
            median = 98.00
              75% <= 98.00
              95% <= 98.00
              98% <= 98.00
              99% <= 98.00
            99.9% <= 98.00
sub-blocks-rtt-nodeD
             count = 4
               min = 127
               max = 925
              mean = 678.90
            stddev = 306.32
            median = 741.00
              75% <= 925.00
              95% <= 925.00
              98% <= 925.00
              99% <= 925.00
            99.9% <= 925.00
sub-projectiles-rtt-nodeA
             count = 13
               min = 16
               max = 967
              mean = 434.77
            stddev = 288.18
            median = 516.00
              75% <= 585.00
              95% <= 967.00
              98% <= 967.00
              99% <= 967.00
            99.9% <= 967.00
sub-projectiles-rtt-nodeC
             count = 13
               min = 69
               max = 1000
              mean = 602.98
            stddev = 251.54
            median = 586.00
              75% <= 799.00
              95% <= 1000.00
              98% <= 1000.00
              99% <= 1000.00
            99.9% <= 1000.00
sub-projectiles-rtt-nodeD
             count = 13
               min = 18
               max = 999
              mean = 600.88
            stddev = 255.82
            median = 573.00
              75% <= 783.00
              95% <= 999.00
              98% <= 999.00
              99% <= 999.00
            99.9% <= 999.00
sub-status-rtt-nodeA
             count = 551
               min = 1
               max = 88
              mean = 35.09
            stddev = 9.80
            median = 33.00
              75% <= 34.00
              95% <= 63.00
              98% <= 67.00
              99% <= 67.00
            99.9% <= 88.00
sub-status-rtt-nodeC
             count = 548
               min = 11
               max = 126
              mean = 35.20
            stddev = 10.52
            median = 33.00
              75% <= 34.00
              95% <= 59.00
              98% <= 67.00
              99% <= 68.00
            99.9% <= 126.00
sub-status-rtt-nodeD
             count = 541
               min = 11
               max = 69
              mean = 35.76
            stddev = 10.66
            median = 33.00
              75% <= 34.00
              95% <= 65.00
              98% <= 66.00
              99% <= 67.00
            99.9% <= 69.00

-- Meters ----------------------------------------------------------------------
pub-interest-rate-nodeB-blocks-sync
             count = 21
         mean rate = 1.13 events/second
     1-minute rate = 0.54 events/second
     5-minute rate = 0.43 events/second
    15-minute rate = 0.41 events/second
pub-interest-rate-nodeB-projectiles-sync
             count = 22
         mean rate = 1.19 events/second
     1-minute rate = 1.18 events/second
     5-minute rate = 1.20 events/second
    15-minute rate = 1.20 events/second
pub-interest-rate-nodeB-status-sync
             count = 528
         mean rate = 28.53 events/second
     1-minute rate = 29.14 events/second
     5-minute rate = 29.19 events/second
    15-minute rate = 29.20 events/second


DEBUG [HeadlessApplication] (ProjectileCollisionSystem.java:108) - Bullet hit me, notifying owner and decreasing my health
 WARN [bp-queue-proc-/com/stefanolupo/ndngame/0/nodeB/blocks/sync-1] (BasePublisher.java:98) - /com/stefanolupo/ndngame/0/nodeB/blocks/sync: Saw duplicate sn requests
 WARN [bp-queue-proc-/com/stefanolupo/ndngame/0/nodeB/blocks/sync-1] (BasePublisher.java:99) - [13=13, 16=3, 14=9, 9=4, 12=2]
DEBUG [bp-queue-proc-/com/stefanolupo/ndngame/0/nodeB/status/sync-1] (BasePublisher.java:96) - /com/stefanolupo/ndngame/0/nodeB/status/sync: No duplicate SN requests seen
DEBUG [HeadlessApplication] (ProjectileCollisionSystem.java:108) - Bullet hit me, notifying owner and decreasing my health
3/20/19, 1:43:38 AM ============================================================

-- Gauges ----------------------------------------------------------------------
pub-update-percentage-nodeB-blocks-sync
             value = 0.0027979854504756574
pub-update-percentage-nodeB-status-sync
             value = 0.498040313549832

-- Counters --------------------------------------------------------------------
sub-blocks-interestscounter-nodeA
             count = 47
sub-blocks-interestscounter-nodeC
             count = 49
sub-blocks-interestscounter-nodeD
             count = 45
sub-projectiles-interestscounter-nodeA
             count = 65
sub-projectiles-interestscounter-nodeC
             count = 63
sub-projectiles-interestscounter-nodeD
             count = 64
sub-status-interestscounter-nodeA
             count = 1384
sub-status-interestscounter-nodeC
             count = 1394
sub-status-interestscounter-nodeD
             count = 1376

-- Histograms ------------------------------------------------------------------
eng-status-delta-nodeA
             count = 1377
               min = 0
               max = 126
              mean = 5.81
            stddev = 14.24
            median = 0.00
              75% <= 0.00
              95% <= 32.00
              98% <= 47.00
              99% <= 63.00
            99.9% <= 122.00
eng-status-delta-nodeD
             count = 1368
               min = 0
               max = 134
              mean = 5.30
            stddev = 13.65
            median = 0.00
              75% <= 0.00
              95% <= 37.00
              98% <= 41.00
              99% <= 47.00
            99.9% <= 134.00
sub-blocks-rtt-nodeA
             count = 3
               min = 37
               max = 266
              mean = 116.44
            stddev = 101.08
            median = 68.00
              75% <= 266.00
              95% <= 266.00
              98% <= 266.00
              99% <= 266.00
            99.9% <= 266.00
sub-blocks-rtt-nodeC
             count = 1
               min = 98
               max = 98
              mean = 98.00
            stddev = 0.00
            median = 98.00
              75% <= 98.00
              95% <= 98.00
              98% <= 98.00
              99% <= 98.00
            99.9% <= 98.00
sub-blocks-rtt-nodeD
             count = 5
               min = 127
               max = 925
              mean = 601.83
            stddev = 290.63
            median = 741.00
              75% <= 862.00
              95% <= 925.00
              98% <= 925.00
              99% <= 925.00
            99.9% <= 925.00
sub-projectiles-rtt-nodeA
             count = 27
               min = 12
               max = 998
              mean = 412.38
            stddev = 321.13
            median = 502.00
              75% <= 611.00
              95% <= 967.00
              98% <= 998.00
              99% <= 998.00
            99.9% <= 998.00
sub-projectiles-rtt-nodeC
             count = 27
               min = 27
               max = 1000
              mean = 480.79
            stddev = 288.41
            median = 538.00
              75% <= 632.00
              95% <= 998.00
              98% <= 1000.00
              99% <= 1000.00
            99.9% <= 1000.00
sub-projectiles-rtt-nodeD
             count = 28
               min = 5
               max = 999
              mean = 465.60
            stddev = 287.90
            median = 533.00
              75% <= 617.00
              95% <= 956.00
              98% <= 999.00
              99% <= 999.00
            99.9% <= 999.00
sub-status-rtt-nodeA
             count = 1383
               min = 1
               max = 97
              mean = 35.78
            stddev = 9.73
            median = 33.00
              75% <= 34.00
              95% <= 66.00
              98% <= 67.00
              99% <= 67.00
            99.9% <= 97.00
sub-status-rtt-nodeC
             count = 1394
               min = 4
               max = 126
              mean = 35.13
            stddev = 10.25
            median = 33.00
              75% <= 34.00
              95% <= 50.00
              98% <= 67.00
              99% <= 72.00
            99.9% <= 90.00
sub-status-rtt-nodeD
             count = 1376
               min = 6
               max = 83
              mean = 35.99
            stddev = 10.32
            median = 33.00
              75% <= 34.00
              95% <= 66.00
              98% <= 67.00
              99% <= 67.00
            99.9% <= 83.00

-- Meters ----------------------------------------------------------------------
pub-interest-rate-nodeB-blocks-sync
             count = 60
         mean rate = 1.24 events/second
     1-minute rate = 0.82 events/second
     5-minute rate = 0.51 events/second
    15-minute rate = 0.44 events/second
pub-interest-rate-nodeB-projectiles-sync
             count = 61
         mean rate = 1.26 events/second
     1-minute rate = 1.25 events/second
     5-minute rate = 1.21 events/second
    15-minute rate = 1.20 events/second
pub-interest-rate-nodeB-status-sync
             count = 1383
         mean rate = 28.51 events/second
     1-minute rate = 28.82 events/second
     5-minute rate = 29.10 events/second
    15-minute rate = 29.17 events/second


DEBUG [bp-queue-proc-/com/stefanolupo/ndngame/0/nodeB/status/sync-0] (BasePublisher.java:156) - Had Update but /com/stefanolupo/ndngame/0/nodeB/status/sync/3569/0/0 already had sn 3569
 WARN [bp-queue-proc-/com/stefanolupo/ndngame/0/nodeB/blocks/sync-1] (BasePublisher.java:98) - /com/stefanolupo/ndngame/0/nodeB/blocks/sync: Saw duplicate sn requests
 WARN [bp-queue-proc-/com/stefanolupo/ndngame/0/nodeB/blocks/sync-1] (BasePublisher.java:99) - [13=13, 17=16, 16=4, 14=9, 19=11, 9=4, 12=2]
 WARN [bp-queue-proc-/com/stefanolupo/ndngame/0/nodeB/status/sync-1] (BasePublisher.java:98) - /com/stefanolupo/ndngame/0/nodeB/status/sync: Saw duplicate sn requests
 WARN [bp-queue-proc-/com/stefanolupo/ndngame/0/nodeB/status/sync-1] (BasePublisher.java:99) - [3497=2, 3100=2]
 WARN [bp-queue-proc-/com/stefanolupo/ndngame/0/nodeB/blocks/sync-1] (BasePublisher.java:98) - /com/stefanolupo/ndngame/0/nodeB/blocks/sync: Saw duplicate sn requests
 WARN [bp-queue-proc-/com/stefanolupo/ndngame/0/nodeB/blocks/sync-1] (BasePublisher.java:99) - [13=13, 22=4, 23=5, 16=4, 14=9, 20=15, 9=4, 19=14, 12=2, 17=30]
 WARN [bp-queue-proc-/com/stefanolupo/ndngame/0/nodeB/status/sync-1] (BasePublisher.java:98) - /com/stefanolupo/ndngame/0/nodeB/status/sync: Saw duplicate sn requests
 WARN [bp-queue-proc-/com/stefanolupo/ndngame/0/nodeB/status/sync-1] (BasePublisher.java:99) - [3497=2, 3100=2]
3/20/19, 1:44:08 AM ============================================================

-- Gauges ----------------------------------------------------------------------
pub-update-percentage-nodeB-blocks-sync
             value = 0.0025704067948144837
pub-update-percentage-nodeB-status-sync
             value = 0.498546511627907

-- Counters --------------------------------------------------------------------
sub-blocks-interestscounter-nodeA
             count = 77
sub-blocks-interestscounter-nodeC
             count = 78
sub-blocks-interestscounter-nodeD
             count = 75
sub-projectiles-interestscounter-nodeA
             count = 103
sub-projectiles-interestscounter-nodeC
             count = 102
sub-projectiles-interestscounter-nodeD
             count = 102
sub-status-interestscounter-nodeA
             count = 2219
sub-status-interestscounter-nodeC
             count = 2248
sub-status-interestscounter-nodeD
             count = 2188

-- Histograms ------------------------------------------------------------------
eng-status-delta-nodeA
             count = 2211
               min = 0
               max = 126
              mean = 3.89
            stddev = 11.32
            median = 0.00
              75% <= 0.00
              95% <= 24.00
              98% <= 33.00
              99% <= 52.00
            99.9% <= 100.00
eng-status-delta-nodeD
             count = 2178
               min = 0
               max = 134
              mean = 6.08
            stddev = 16.23
            median = 0.00
              75% <= 0.00
              95% <= 37.00
              98% <= 55.00
              99% <= 76.00
            99.9% <= 122.00
sub-blocks-rtt-nodeA
             count = 3
               min = 37
               max = 266
              mean = 116.44
            stddev = 101.08
            median = 68.00
              75% <= 266.00
              95% <= 266.00
              98% <= 266.00
              99% <= 266.00
            99.9% <= 266.00
sub-blocks-rtt-nodeC
             count = 3
               min = 56
               max = 130
              mean = 99.33
            stddev = 33.36
            median = 98.00
              75% <= 130.00
              95% <= 130.00
              98% <= 130.00
              99% <= 130.00
            99.9% <= 130.00
sub-blocks-rtt-nodeD
             count = 5
               min = 127
               max = 925
              mean = 601.83
            stddev = 290.63
            median = 741.00
              75% <= 862.00
              95% <= 925.00
              98% <= 925.00
              99% <= 925.00
            99.9% <= 925.00
sub-projectiles-rtt-nodeA
             count = 42
               min = 12
               max = 998
              mean = 458.39
            stddev = 286.25
            median = 506.00
              75% <= 611.00
              95% <= 982.00
              98% <= 982.00
              99% <= 998.00
            99.9% <= 998.00
sub-projectiles-rtt-nodeC
             count = 41
               min = 27
               max = 1000
              mean = 439.27
            stddev = 281.15
            median = 514.00
              75% <= 602.00
              95% <= 811.00
              98% <= 998.00
              99% <= 1000.00
            99.9% <= 1000.00
sub-projectiles-rtt-nodeD
             count = 39
               min = 5
               max = 999
              mean = 409.82
            stddev = 289.35
            median = 516.00
              75% <= 593.00
              95% <= 931.00
              98% <= 956.00
              99% <= 999.00
            99.9% <= 999.00
sub-status-rtt-nodeA
             count = 2219
               min = 0
               max = 97
              mean = 36.01
            stddev = 10.42
            median = 33.00
              75% <= 34.00
              95% <= 66.00
              98% <= 67.00
              99% <= 69.00
            99.9% <= 85.00
sub-status-rtt-nodeC
             count = 2248
               min = 9
               max = 126
              mean = 35.23
            stddev = 9.97
            median = 33.00
              75% <= 34.00
              95% <= 51.00
              98% <= 67.00
              99% <= 67.00
            99.9% <= 90.00
sub-status-rtt-nodeD
             count = 2189
               min = 9
               max = 116
              mean = 36.51
            stddev = 11.01
            median = 33.00
              75% <= 34.00
              95% <= 66.00
              98% <= 67.00
              99% <= 70.00
            99.9% <= 116.00

-- Meters ----------------------------------------------------------------------
pub-interest-rate-nodeB-blocks-sync
             count = 124
         mean rate = 1.58 events/second
     1-minute rate = 1.33 events/second
     5-minute rate = 0.66 events/second
    15-minute rate = 0.49 events/second
pub-interest-rate-nodeB-projectiles-sync
             count = 100
         mean rate = 1.27 events/second
     1-minute rate = 1.22 events/second
     5-minute rate = 1.21 events/second
    15-minute rate = 1.20 events/second
pub-interest-rate-nodeB-status-sync
             count = 2229
         mean rate = 28.40 events/second
     1-minute rate = 28.60 events/second
     5-minute rate = 29.02 events/second
    15-minute rate = 29.14 events/second


 WARN [bp-queue-proc-/com/stefanolupo/ndngame/0/nodeB/blocks/sync-1] (BasePublisher.java:98) - /com/stefanolupo/ndngame/0/nodeB/blocks/sync: Saw duplicate sn requests
 WARN [bp-queue-proc-/com/stefanolupo/ndngame/0/nodeB/blocks/sync-1] (BasePublisher.java:99) - [13=13, 22=4, 16=4, 20=32, 14=9, 17=38, 23=15, 9=4, 19=14, 12=2, 26=4, 24=7]
 WARN [bp-queue-proc-/com/stefanolupo/ndngame/0/nodeB/status/sync-1] (BasePublisher.java:98) - /com/stefanolupo/ndngame/0/nodeB/status/sync: Saw duplicate sn requests
 WARN [bp-queue-proc-/com/stefanolupo/ndngame/0/nodeB/status/sync-1] (BasePublisher.java:99) - [4690=2, 3497=2, 3100=2]
DEBUG [HeadlessApplication] (ProjectileCollisionSystem.java:108) - Bullet hit me, notifying owner and decreasing my health
DEBUG [HeadlessApplication] (ProjectileCollisionSystem.java:108) - Bullet hit me, notifying owner and decreasing my health
3/20/19, 1:44:38 AM ============================================================

-- Gauges ----------------------------------------------------------------------
pub-update-percentage-nodeB-blocks-sync
             value = 0.0033494603647190174
pub-update-percentage-nodeB-status-sync
             value = 0.49879002233804914

-- Counters --------------------------------------------------------------------
sub-blocks-interestscounter-nodeA
             count = 106
sub-blocks-interestscounter-nodeC
             count = 105
sub-blocks-interestscounter-nodeD
             count = 103
sub-projectiles-interestscounter-nodeA
             count = 142
sub-projectiles-interestscounter-nodeC
             count = 140
sub-projectiles-interestscounter-nodeD
             count = 140
sub-status-interestscounter-nodeA
             count = 3064
sub-status-interestscounter-nodeC
             count = 3089
sub-status-interestscounter-nodeD
             count = 3013

-- Histograms ------------------------------------------------------------------
eng-status-delta-nodeA
             count = 3054
               min = 0
               max = 200
              mean = 3.86
            stddev = 12.96
            median = 0.00
              75% <= 0.00
              95% <= 23.00
              98% <= 40.00
              99% <= 47.00
            99.9% <= 200.00
eng-status-delta-nodeD
             count = 3002
               min = 0
               max = 134
              mean = 4.80
            stddev = 13.62
            median = 0.00
              75% <= 0.00
              95% <= 31.00
              98% <= 46.00
              99% <= 55.00
            99.9% <= 122.00
sub-blocks-rtt-nodeA
             count = 4
               min = 37
               max = 266
              mean = 93.91
            stddev = 73.41
            median = 73.00
              75% <= 73.00
              95% <= 266.00
              98% <= 266.00
              99% <= 266.00
            99.9% <= 266.00
sub-blocks-rtt-nodeC
             count = 5
               min = 56
               max = 908
              mean = 333.55
            stddev = 379.26
            median = 130.00
              75% <= 908.00
              95% <= 908.00
              98% <= 908.00
              99% <= 908.00
            99.9% <= 908.00
sub-blocks-rtt-nodeD
             count = 7
               min = 127
               max = 925
              mean = 721.61
            stddev = 225.02
            median = 741.00
              75% <= 889.00
              95% <= 925.00
              98% <= 925.00
              99% <= 925.00
            99.9% <= 925.00
sub-projectiles-rtt-nodeA
             count = 60
               min = 12
               max = 1000
              mean = 483.83
            stddev = 265.64
            median = 516.00
              75% <= 610.00
              95% <= 982.00
              98% <= 1000.00
              99% <= 1000.00
            99.9% <= 1000.00
sub-projectiles-rtt-nodeC
             count = 59
               min = 27
               max = 1000
              mean = 498.70
            stddev = 261.23
            median = 521.00
              75% <= 632.00
              95% <= 964.00
              98% <= 1000.00
              99% <= 1000.00
            99.9% <= 1000.00
sub-projectiles-rtt-nodeD
             count = 57
               min = 5
               max = 999
              mean = 482.54
            stddev = 266.36
            median = 533.00
              75% <= 616.00
              95% <= 931.00
              98% <= 990.00
              99% <= 990.00
            99.9% <= 999.00
sub-status-rtt-nodeA
             count = 3063
               min = 0
               max = 85
              mean = 35.61
            stddev = 10.04
            median = 33.00
              75% <= 34.00
              95% <= 66.00
              98% <= 67.00
              99% <= 67.00
            99.9% <= 83.00
sub-status-rtt-nodeC
             count = 3088
               min = 7
               max = 90
              mean = 35.41
            stddev = 10.46
            median = 33.00
              75% <= 34.00
              95% <= 66.00
              98% <= 67.00
              99% <= 67.00
            99.9% <= 90.00
sub-status-rtt-nodeD
             count = 3012
               min = 3
               max = 101
              mean = 36.22
            stddev = 10.57
            median = 33.00
              75% <= 34.00
              95% <= 66.00
              98% <= 67.00
              99% <= 68.00
            99.9% <= 100.00

-- Meters ----------------------------------------------------------------------
pub-interest-rate-nodeB-blocks-sync
             count = 192
         mean rate = 1.77 events/second
     1-minute rate = 1.67 events/second
     5-minute rate = 0.81 events/second
    15-minute rate = 0.55 events/second
pub-interest-rate-nodeB-projectiles-sync
             count = 135
         mean rate = 1.24 events/second
     1-minute rate = 1.22 events/second
     5-minute rate = 1.21 events/second
    15-minute rate = 1.20 events/second
pub-interest-rate-nodeB-status-sync
             count = 3073
         mean rate = 28.33 events/second
     1-minute rate = 28.43 events/second
     5-minute rate = 28.94 events/second
    15-minute rate = 29.10 events/second


 WARN [bp-queue-proc-/com/stefanolupo/ndngame/0/nodeB/blocks/sync-1] (BasePublisher.java:98) - /com/stefanolupo/ndngame/0/nodeB/blocks/sync: Saw duplicate sn requests
 WARN [bp-queue-proc-/com/stefanolupo/ndngame/0/nodeB/blocks/sync-1] (BasePublisher.java:99) - [13=13, 36=5, 37=4, 32=6, 14=9, 9=4, 12=2, 26=10, 22=4, 24=10, 16=4, 17=38, 23=15, 27=7, 19=14, 20=41, 31=2, 29=3]
 WARN [bp-queue-proc-/com/stefanolupo/ndngame/0/nodeB/status/sync-1] (BasePublisher.java:98) - /com/stefanolupo/ndngame/0/nodeB/status/sync: Saw duplicate sn requests
 WARN [bp-queue-proc-/com/stefanolupo/ndngame/0/nodeB/status/sync-1] (BasePublisher.java:99) - [4690=2, 3497=2, 3100=2]
DEBUG [HeadlessApplication] (ProjectileCollisionSystem.java:108) - Bullet hit me, notifying owner and decreasing my health
DEBUG [HeadlessApplication] (ProjectileCollisionSystem.java:108) - Bullet hit me, notifying owner and decreasing my health
 WARN [bp-queue-proc-/com/stefanolupo/ndngame/0/nodeB/blocks/sync-1] (BasePublisher.java:98) - /com/stefanolupo/ndngame/0/nodeB/blocks/sync: Saw duplicate sn requests
 WARN [bp-queue-proc-/com/stefanolupo/ndngame/0/nodeB/blocks/sync-1] (BasePublisher.java:99) - [39=7, 13=13, 37=6, 14=9, 40=5, 9=4, 12=2, 26=10, 32=18, 22=4, 24=10, 16=4, 36=19, 17=38, 23=15, 27=7, 19=14, 20=41, 31=2, 29=3]
 WARN [bp-queue-proc-/com/stefanolupo/ndngame/0/nodeB/status/sync-1] (BasePublisher.java:98) - /com/stefanolupo/ndngame/0/nodeB/status/sync: Saw duplicate sn requests
 WARN [bp-queue-proc-/com/stefanolupo/ndngame/0/nodeB/status/sync-1] (BasePublisher.java:99) - [4690=2, 3497=2, 3100=2]
3/20/19, 1:45:08 AM ============================================================

-- Gauges ----------------------------------------------------------------------
pub-update-percentage-nodeB-blocks-sync
             value = 0.0031078173559646186
pub-update-percentage-nodeB-status-sync
             value = 0.49888392857142855

-- Counters --------------------------------------------------------------------
sub-blocks-interestscounter-nodeA
             count = 136
sub-blocks-interestscounter-nodeC
             count = 135
sub-blocks-interestscounter-nodeD
             count = 133
sub-projectiles-interestscounter-nodeA
             count = 180
sub-projectiles-interestscounter-nodeC
             count = 178
sub-projectiles-interestscounter-nodeD
             count = 177
sub-status-interestscounter-nodeA
             count = 3906
sub-status-interestscounter-nodeC
             count = 3916
sub-status-interestscounter-nodeD
             count = 3832

-- Histograms ------------------------------------------------------------------
eng-status-delta-nodeA
             count = 3894
               min = 0
               max = 129
              mean = 3.02
            stddev = 9.33
            median = 0.00
              75% <= 0.00
              95% <= 22.00
              98% <= 31.00
              99% <= 40.00
            99.9% <= 126.00
eng-status-delta-nodeD
             count = 3820
               min = 0
               max = 122
              mean = 3.63
            stddev = 10.14
            median = 0.00
              75% <= 0.00
              95% <= 22.00
              98% <= 33.00
              99% <= 44.00
            99.9% <= 111.00
sub-blocks-rtt-nodeA
             count = 4
               min = 37
               max = 266
              mean = 93.91
            stddev = 73.41
            median = 73.00
              75% <= 73.00
              95% <= 266.00
              98% <= 266.00
              99% <= 266.00
            99.9% <= 266.00
sub-blocks-rtt-nodeC
             count = 5
               min = 56
               max = 908
              mean = 333.55
            stddev = 379.26
            median = 130.00
              75% <= 908.00
              95% <= 908.00
              98% <= 908.00
              99% <= 908.00
            99.9% <= 908.00
sub-blocks-rtt-nodeD
             count = 7
               min = 127
               max = 925
              mean = 721.61
            stddev = 225.02
            median = 741.00
              75% <= 889.00
              95% <= 925.00
              98% <= 925.00
              99% <= 925.00
            99.9% <= 925.00
sub-projectiles-rtt-nodeA
             count = 74
               min = 12
               max = 1000
              mean = 450.70
            stddev = 295.10
            median = 506.00
              75% <= 683.00
              95% <= 978.00
              98% <= 998.00
              99% <= 1000.00
            99.9% <= 1000.00
sub-projectiles-rtt-nodeC
             count = 72
               min = 16
               max = 1000
              mean = 441.34
            stddev = 294.91
            median = 511.00
              75% <= 619.00
              95% <= 966.00
              98% <= 1000.00
              99% <= 1000.00
            99.9% <= 1000.00
sub-projectiles-rtt-nodeD
             count = 70
               min = 5
               max = 999
              mean = 456.58
            stddev = 294.33
            median = 522.00
              75% <= 658.00
              95% <= 984.00
              98% <= 990.00
              99% <= 990.00
            99.9% <= 999.00
sub-status-rtt-nodeA
             count = 3905
               min = 12
               max = 131
              mean = 35.99
            stddev = 11.19
            median = 33.00
              75% <= 34.00
              95% <= 66.00
              98% <= 67.00
              99% <= 67.00
            99.9% <= 131.00
sub-status-rtt-nodeC
             count = 3915
               min = 7
               max = 90
              mean = 35.41
            stddev = 10.11
            median = 33.00
              75% <= 34.00
              95% <= 66.00
              98% <= 67.00
              99% <= 67.00
            99.9% <= 84.00
sub-status-rtt-nodeD
             count = 3831
               min = 2
               max = 158
              mean = 36.59
            stddev = 12.24
            median = 33.00
              75% <= 34.00
              95% <= 66.00
              98% <= 67.00
              99% <= 76.00
            99.9% <= 158.00

-- Meters ----------------------------------------------------------------------
pub-interest-rate-nodeB-blocks-sync
             count = 255
         mean rate = 1.84 events/second
     1-minute rate = 1.84 events/second
     5-minute rate = 0.93 events/second
    15-minute rate = 0.60 events/second
pub-interest-rate-nodeB-projectiles-sync
             count = 175
         mean rate = 1.26 events/second
     1-minute rate = 1.25 events/second
     5-minute rate = 1.22 events/second
    15-minute rate = 1.21 events/second
pub-interest-rate-nodeB-status-sync
             count = 3912
         mean rate = 28.25 events/second
     1-minute rate = 28.27 events/second
     5-minute rate = 28.85 events/second
    15-minute rate = 29.07 events/second


