DEBUG [main] (ConfigManager.java:33) - Initialized with properties: {local.player.status.updates.per.sec=30, facemanager.num.sub.threads.per.face=10, linear.interest.zone.filter.inner.radius=7, projectile.cache.size=20, local.player.status.use.dead.reckoning=false, block.publisher.freshness.period.ms=20, player.status.publisher.freshness.period.ms=20, base.publisher.queue.process.per.sec=60, projectile.sub.inter.interest.max.wait.time.ms=30, linear.interest.zone.filter.outer.radius=14, local.player.dead.reckoning.max.error=0.5, projectile.publisher.queue.process.multithread=true, statistics.logger.log.rate.sec=30, facemanager.max.num.pub.faces=1, facemanager.num.pub.threads.per.face=10, facemanager.max.num.sub.faces=1, block.sub.inter.interest.max.wait.time.ms=2000, projectile.publisher.queue.process.per.sec=60, base.publisher.queue.process.multithread=true, player.sub.inter.interest.max.wait.time.ms=30, linear.interest.zone.filter.enabled=false, projectile.publisher.freshness.period.ms=20}
WARNING: An illegal reflective access operation has occurred
WARNING: Illegal reflective access by com.google.inject.internal.cglib.core.$ReflectUtils$2 (file:/NdnGame/NdnGameLibGdxDesktop-1.0-SNAPSHOT.jar) to method java.lang.ClassLoader.defineClass(java.lang.String,byte[],int,int,java.security.ProtectionDomain)
WARNING: Please consider reporting this to the maintainers of com.google.inject.internal.cglib.core.$ReflectUtils$2
WARNING: Use --illegal-access=warn to enable warnings of further illegal reflective access operations
WARNING: All illegal access operations will be denied in a future release
DEBUG [main] (BackendModule.java:123) - Writing metrics to /metrics/nodeD
 INFO [main] (DesktopLauncher.java:49) - Launching headless game
 INFO [main] (DesktopLauncher.java:50) - LocalConfig{playerName='nodeD', isMasterView=false, isAutomated=true, automationType='wsp', isHeadless=true, gameId=0, screenWidth=600, screenHeight=600, targetFrameRate=60}
DEBUG [main] (AutomatedInputController.java:52) - Starting with automation type: wsp
DEBUG [main] (BasePublisher.java:67) - Registering /com/stefanolupo/ndngame/0/nodeD/blocks/sync
DEBUG [main] (BasePublisher.java:67) - Registering /com/stefanolupo/ndngame/0/nodeD/status/sync
Apr 07, 2019 6:38:42 PM net.named_data.jndn.Node$RegisterResponse onData
INFO: Register prefix succeeded with the NFD forwarder for prefix /com/stefanolupo/ndngame/0/nodeD/blocks/sync
Apr 07, 2019 6:38:42 PM net.named_data.jndn.Node$RegisterResponse onData
INFO: Register prefix succeeded with the NFD forwarder for prefix /com/stefanolupo/ndngame/0/nodeD/blocks/interact
Apr 07, 2019 6:38:42 PM net.named_data.jndn.Node$RegisterResponse onData
INFO: Register prefix succeeded with the NFD forwarder for prefix /com/stefanolupo/ndngame/0/nodeD/status/sync
Apr 07, 2019 6:38:42 PM net.named_data.jndn.Node$RegisterResponse onData
INFO: Register prefix succeeded with the NFD forwarder for prefix /com/stefanolupo/ndngame/0/nodeD/projectiles/sync
Apr 07, 2019 6:38:42 PM net.named_data.jndn.Node$RegisterResponse onData
INFO: Register prefix succeeded with the NFD forwarder for prefix /com/stefanolupo/ndngame/0/nodeD/projectiles/interact
Apr 07, 2019 6:38:45 PM net.named_data.jndn.Node$RegisterResponse onData
INFO: Register prefix succeeded with the NFD forwarder for prefix /com/stefanolupo/ndngame/0/config/broadcast
Apr 07, 2019 6:38:45 PM net.named_data.jndn.Node$RegisterResponse onData
INFO: Register prefix succeeded with the NFD forwarder for prefix /com/stefanolupo/ndngame/0/config/nodeD
 INFO [cs-/com/stefanolupo/ndngame/0/config/nodeD-0] (ChronoSynced.java:93) - Initialized ChronoSyncedMap for /com/stefanolupo/ndngame/0/config/nodeD
Apr 07, 2019 6:38:46 PM net.named_data.jndn.Node$RegisterResponse onData
INFO: Register prefix succeeded with the NFD forwarder for prefix /com/stefanolupo/ndngame/0/discovery/broadcast
Apr 07, 2019 6:38:46 PM net.named_data.jndn.Node$RegisterResponse onData
INFO: Register prefix succeeded with the NFD forwarder for prefix /com/stefanolupo/ndngame/0/discovery/nodeD
 INFO [cs-/com/stefanolupo/ndngame/0/discovery/nodeD-0] (ChronoSynced.java:93) - Initialized ChronoSyncedMap for /com/stefanolupo/ndngame/0/discovery/nodeD
DEBUG [bp-queue-proc-/com/stefanolupo/ndngame/0/nodeD/blocks/sync-1] (BasePublisher.java:96) - /com/stefanolupo/ndngame/0/nodeD/blocks/sync: No duplicate SN requests seen
DEBUG [bp-queue-proc-/com/stefanolupo/ndngame/0/nodeD/status/sync-1] (BasePublisher.java:96) - /com/stefanolupo/ndngame/0/nodeD/status/sync: No duplicate SN requests seen
4/7/19, 6:39:11 PM =============================================================

-- Gauges ----------------------------------------------------------------------
pub-update-percentage-nodeD-blocks-sync
             value = 0.0
pub-update-percentage-nodeD-status-sync
             value = 0.497424155695478


DEBUG [bp-queue-proc-/com/stefanolupo/ndngame/0/nodeD/blocks/sync-1] (BasePublisher.java:96) - /com/stefanolupo/ndngame/0/nodeD/blocks/sync: No duplicate SN requests seen
DEBUG [bp-queue-proc-/com/stefanolupo/ndngame/0/nodeD/status/sync-1] (BasePublisher.java:96) - /com/stefanolupo/ndngame/0/nodeD/status/sync: No duplicate SN requests seen
4/7/19, 6:39:41 PM =============================================================

-- Gauges ----------------------------------------------------------------------
pub-update-percentage-nodeD-blocks-sync
             value = 0.001127713560755568
pub-update-percentage-nodeD-status-sync
             value = 0.49858996051889454


DEBUG [bp-queue-proc-/com/stefanolupo/ndngame/0/nodeD/blocks/sync-1] (BasePublisher.java:96) - /com/stefanolupo/ndngame/0/nodeD/blocks/sync: No duplicate SN requests seen
DEBUG [bp-queue-proc-/com/stefanolupo/ndngame/0/nodeD/status/sync-1] (BasePublisher.java:96) - /com/stefanolupo/ndngame/0/nodeD/status/sync: No duplicate SN requests seen
 INFO [cs-/com/stefanolupo/ndngame/0/discovery/nodeD-0] (PlayerStatusSubscriber.java:59) - Adding subscription for nodeC
 INFO [cs-/com/stefanolupo/ndngame/0/discovery/nodeD-0] (BlockSubscriber.java:54) - Adding subscription for /com/stefanolupo/ndngame/0/nodeC/blocks/sync/0/0/0
 INFO [cs-/com/stefanolupo/ndngame/0/discovery/nodeD-0] (ProjectileSubscriber.java:53) - Adding subscription for /com/stefanolupo/ndngame/0/nodeC/projectiles/sync/0/0/0
 INFO [cs-/com/stefanolupo/ndngame/0/discovery/nodeD-0] (PlayerStatusSubscriber.java:59) - Adding subscription for nodeA
 INFO [cs-/com/stefanolupo/ndngame/0/discovery/nodeD-0] (BlockSubscriber.java:54) - Adding subscription for /com/stefanolupo/ndngame/0/nodeA/blocks/sync/0/0/0
 INFO [cs-/com/stefanolupo/ndngame/0/discovery/nodeD-0] (ProjectileSubscriber.java:53) - Adding subscription for /com/stefanolupo/ndngame/0/nodeA/projectiles/sync/0/0/0
 INFO [fm-pub-0-2] (ProjectilePublisher.java:133) - Creating interest meter
 INFO [cs-/com/stefanolupo/ndngame/0/discovery/nodeD-0] (PlayerStatusSubscriber.java:59) - Adding subscription for nodeB
 INFO [cs-/com/stefanolupo/ndngame/0/discovery/nodeD-0] (BlockSubscriber.java:54) - Adding subscription for /com/stefanolupo/ndngame/0/nodeB/blocks/sync/0/0/0
 INFO [cs-/com/stefanolupo/ndngame/0/discovery/nodeD-0] (ProjectileSubscriber.java:53) - Adding subscription for /com/stefanolupo/ndngame/0/nodeB/projectiles/sync/0/0/0
 WARN [bp-queue-proc-/com/stefanolupo/ndngame/0/nodeD/blocks/sync-1] (BasePublisher.java:98) - /com/stefanolupo/ndngame/0/nodeD/blocks/sync: Saw duplicate sn requests
 WARN [bp-queue-proc-/com/stefanolupo/ndngame/0/nodeD/blocks/sync-1] (BasePublisher.java:99) - [6=3]
 WARN [bp-queue-proc-/com/stefanolupo/ndngame/0/nodeD/status/sync-1] (BasePublisher.java:98) - /com/stefanolupo/ndngame/0/nodeD/status/sync: Saw duplicate sn requests
 WARN [bp-queue-proc-/com/stefanolupo/ndngame/0/nodeD/status/sync-1] (BasePublisher.java:99) - [2255=2]
4/7/19, 6:40:11 PM =============================================================

-- Gauges ----------------------------------------------------------------------
pub-update-percentage-nodeD-blocks-sync
             value = 0.0029923321488685246
pub-update-percentage-nodeD-status-sync
             value = 0.49794238683127573

-- Counters --------------------------------------------------------------------
sub-blocks-interestscounter-nodeA
             count = 16
sub-blocks-interestscounter-nodeB
             count = 14
sub-blocks-interestscounter-nodeC
             count = 16
sub-projectiles-interestscounter-nodeA
             count = 23
sub-projectiles-interestscounter-nodeB
             count = 23
sub-projectiles-interestscounter-nodeC
             count = 23
sub-status-interestscounter-nodeA
             count = 467
sub-status-interestscounter-nodeB
             count = 452
sub-status-interestscounter-nodeC
             count = 486

-- Histograms ------------------------------------------------------------------
eng-status-delta-nodeA
             count = 462
               min = 0
               max = 111
              mean = 2.98
            stddev = 9.86
            median = 0.00
              75% <= 0.00
              95% <= 16.00
              98% <= 31.00
              99% <= 44.00
            99.9% <= 111.00
eng-status-delta-nodeB
             count = 448
               min = 0
               max = 113
              mean = 4.21
            stddev = 13.27
            median = 0.00
              75% <= 0.00
              95% <= 25.00
              98% <= 48.00
              99% <= 68.00
            99.9% <= 113.00
eng-status-delta-nodeC
             count = 481
               min = 0
               max = 128
              mean = 3.58
            stddev = 14.11
            median = 0.00
              75% <= 0.00
              95% <= 16.00
              98% <= 44.00
              99% <= 104.00
            99.9% <= 128.00
sub-blocks-rtt-nodeA
             count = 2
               min = 93
               max = 856
              mean = 508.74
            stddev = 379.96
            median = 856.00
              75% <= 856.00
              95% <= 856.00
              98% <= 856.00
              99% <= 856.00
            99.9% <= 856.00
sub-blocks-rtt-nodeB
             count = 3
               min = 802
               max = 962
              mean = 890.15
            stddev = 63.89
            median = 894.00
              75% <= 962.00
              95% <= 962.00
              98% <= 962.00
              99% <= 962.00
            99.9% <= 962.00
sub-blocks-rtt-nodeC
             count = 2
               min = 27
               max = 325
              mean = 181.58
            stddev = 148.90
            median = 325.00
              75% <= 325.00
              95% <= 325.00
              98% <= 325.00
              99% <= 325.00
            99.9% <= 325.00
sub-projectiles-rtt-nodeA
             count = 10
               min = 12
               max = 1000
              mean = 503.28
            stddev = 322.43
            median = 600.00
              75% <= 771.00
              95% <= 1000.00
              98% <= 1000.00
              99% <= 1000.00
            99.9% <= 1000.00
sub-projectiles-rtt-nodeB
             count = 12
               min = 27
               max = 999
              mean = 474.19
            stddev = 337.21
            median = 517.00
              75% <= 684.00
              95% <= 999.00
              98% <= 999.00
              99% <= 999.00
            99.9% <= 999.00
sub-projectiles-rtt-nodeC
             count = 10
               min = 5
               max = 799
              mean = 463.51
            stddev = 275.99
            median = 566.00
              75% <= 677.00
              95% <= 799.00
              98% <= 799.00
              99% <= 799.00
            99.9% <= 799.00
sub-status-rtt-nodeA
             count = 466
               min = 4
               max = 116
              mean = 36.65
            stddev = 11.64
            median = 33.00
              75% <= 34.00
              95% <= 66.00
              98% <= 67.00
              99% <= 82.00
            99.9% <= 116.00
sub-status-rtt-nodeB
             count = 452
               min = 1
               max = 73
              mean = 35.87
            stddev = 11.36
            median = 33.00
              75% <= 34.00
              95% <= 66.00
              98% <= 67.00
              99% <= 67.00
            99.9% <= 73.00
sub-status-rtt-nodeC
             count = 486
               min = 4
               max = 142
              mean = 35.32
            stddev = 11.58
            median = 33.00
              75% <= 34.00
              95% <= 65.00
              98% <= 67.00
              99% <= 70.00
            99.9% <= 142.00

-- Meters ----------------------------------------------------------------------
pub-interest-rate-nodeD-blocks-sync
             count = 20
         mean rate = 1.17 events/second
     1-minute rate = 0.88 events/second
     5-minute rate = 0.82 events/second
    15-minute rate = 0.81 events/second
pub-interest-rate-nodeD-projectiles-sync
             count = 30
         mean rate = 1.75 events/second
     1-minute rate = 1.46 events/second
     5-minute rate = 1.41 events/second
    15-minute rate = 1.40 events/second
pub-interest-rate-nodeD-status-sync
             count = 485
         mean rate = 28.31 events/second
     1-minute rate = 27.94 events/second
     5-minute rate = 27.83 events/second
    15-minute rate = 27.81 events/second


 WARN [bp-queue-proc-/com/stefanolupo/ndngame/0/nodeD/blocks/sync-1] (BasePublisher.java:98) - /com/stefanolupo/ndngame/0/nodeD/blocks/sync: Saw duplicate sn requests
 WARN [bp-queue-proc-/com/stefanolupo/ndngame/0/nodeD/blocks/sync-1] (BasePublisher.java:99) - [18=2, 6=3, 15=5, 17=10, 14=5, 16=12]
 WARN [bp-queue-proc-/com/stefanolupo/ndngame/0/nodeD/status/sync-1] (BasePublisher.java:98) - /com/stefanolupo/ndngame/0/nodeD/status/sync: Saw duplicate sn requests
 WARN [bp-queue-proc-/com/stefanolupo/ndngame/0/nodeD/status/sync-1] (BasePublisher.java:99) - [2255=2]
4/7/19, 6:40:41 PM =============================================================

-- Gauges ----------------------------------------------------------------------
pub-update-percentage-nodeD-blocks-sync
             value = 0.002658458094305303
pub-update-percentage-nodeD-status-sync
             value = 0.4979706088173548

-- Counters --------------------------------------------------------------------
sub-blocks-interestscounter-nodeA
             count = 44
sub-blocks-interestscounter-nodeB
             count = 43
sub-blocks-interestscounter-nodeC
             count = 45
sub-projectiles-interestscounter-nodeA
             count = 60
sub-projectiles-interestscounter-nodeB
             count = 62
sub-projectiles-interestscounter-nodeC
             count = 61
sub-status-interestscounter-nodeA
             count = 1310
sub-status-interestscounter-nodeB
             count = 1303
sub-status-interestscounter-nodeC
             count = 1318

-- Histograms ------------------------------------------------------------------
eng-status-delta-nodeA
             count = 1303
               min = 0
               max = 208
              mean = 2.89
            stddev = 10.22
            median = 0.00
              75% <= 0.00
              95% <= 16.00
              98% <= 31.00
              99% <= 44.00
            99.9% <= 111.00
eng-status-delta-nodeB
             count = 1299
               min = 0
               max = 113
              mean = 3.39
            stddev = 11.26
            median = 0.00
              75% <= 0.00
              95% <= 22.00
              98% <= 33.00
              99% <= 48.00
            99.9% <= 112.00
eng-status-delta-nodeC
             count = 1312
               min = 0
               max = 128
              mean = 3.95
            stddev = 12.44
            median = 0.00
              75% <= 0.00
              95% <= 22.00
              98% <= 44.00
              99% <= 56.00
            99.9% <= 122.00
sub-blocks-rtt-nodeA
             count = 4
               min = 52
               max = 856
              mean = 423.46
            stddev = 354.96
            median = 689.00
              75% <= 689.00
              95% <= 856.00
              98% <= 856.00
              99% <= 856.00
            99.9% <= 856.00
sub-blocks-rtt-nodeB
             count = 4
               min = 25
               max = 962
              mean = 629.65
            stddev = 400.46
            median = 802.00
              75% <= 894.00
              95% <= 962.00
              98% <= 962.00
              99% <= 962.00
            99.9% <= 962.00
sub-blocks-rtt-nodeC
             count = 3
               min = 27
               max = 325
              mean = 132.33
            stddev = 120.23
            median = 77.00
              75% <= 325.00
              95% <= 325.00
              98% <= 325.00
              99% <= 325.00
            99.9% <= 325.00
sub-projectiles-rtt-nodeA
             count = 25
               min = 11
               max = 1000
              mean = 488.74
            stddev = 326.22
            median = 537.00
              75% <= 712.00
              95% <= 1000.00
              98% <= 1000.00
              99% <= 1000.00
            99.9% <= 1000.00
sub-projectiles-rtt-nodeB
             count = 27
               min = 15
               max = 999
              mean = 416.46
            stddev = 265.79
            median = 451.00
              75% <= 582.00
              95% <= 966.00
              98% <= 999.00
              99% <= 999.00
            99.9% <= 999.00
sub-projectiles-rtt-nodeC
             count = 25
               min = 1
               max = 999
              mean = 464.19
            stddev = 296.24
            median = 516.00
              75% <= 666.00
              95% <= 999.00
              98% <= 999.00
              99% <= 999.00
            99.9% <= 999.00
sub-status-rtt-nodeA
             count = 1309
               min = 3
               max = 84
              mean = 35.71
            stddev = 10.03
            median = 33.00
              75% <= 34.00
              95% <= 65.00
              98% <= 67.00
              99% <= 68.00
            99.9% <= 84.00
sub-status-rtt-nodeB
             count = 1302
               min = 1
               max = 85
              mean = 35.32
            stddev = 10.12
            median = 33.00
              75% <= 34.00
              95% <= 66.00
              98% <= 67.00
              99% <= 67.00
            99.9% <= 85.00
sub-status-rtt-nodeC
             count = 1318
               min = 4
               max = 100
              mean = 35.80
            stddev = 11.33
            median = 33.00
              75% <= 34.00
              95% <= 66.00
              98% <= 67.00
              99% <= 74.00
            99.9% <= 100.00

-- Meters ----------------------------------------------------------------------
pub-interest-rate-nodeD-blocks-sync
             count = 76
         mean rate = 1.61 events/second
     1-minute rate = 1.30 events/second
     5-minute rate = 0.92 events/second
    15-minute rate = 0.84 events/second
pub-interest-rate-nodeD-projectiles-sync
             count = 66
         mean rate = 1.40 events/second
     1-minute rate = 1.40 events/second
     5-minute rate = 1.40 events/second
    15-minute rate = 1.40 events/second
pub-interest-rate-nodeD-status-sync
             count = 1345
         mean rate = 28.55 events/second
     1-minute rate = 28.20 events/second
     5-minute rate = 27.90 events/second
    15-minute rate = 27.84 events/second


 WARN [bp-queue-proc-/com/stefanolupo/ndngame/0/nodeD/blocks/sync-1] (BasePublisher.java:98) - /com/stefanolupo/ndngame/0/nodeD/blocks/sync: Saw duplicate sn requests
 WARN [bp-queue-proc-/com/stefanolupo/ndngame/0/nodeD/blocks/sync-1] (BasePublisher.java:99) - [18=16, 6=3, 20=2, 16=23, 17=22, 15=5, 14=5]
 WARN [bp-queue-proc-/com/stefanolupo/ndngame/0/nodeD/status/sync-1] (BasePublisher.java:98) - /com/stefanolupo/ndngame/0/nodeD/status/sync: Saw duplicate sn requests
 WARN [bp-queue-proc-/com/stefanolupo/ndngame/0/nodeD/status/sync-1] (BasePublisher.java:99) - [2255=2, 3023=2]
 WARN [bp-queue-proc-/com/stefanolupo/ndngame/0/nodeD/blocks/sync-1] (BasePublisher.java:98) - /com/stefanolupo/ndngame/0/nodeD/blocks/sync: Saw duplicate sn requests
 WARN [bp-queue-proc-/com/stefanolupo/ndngame/0/nodeD/blocks/sync-1] (BasePublisher.java:99) - [17=36, 6=3, 16=23, 15=5, 20=15, 14=5, 18=31]
 WARN [bp-queue-proc-/com/stefanolupo/ndngame/0/nodeD/status/sync-1] (BasePublisher.java:98) - /com/stefanolupo/ndngame/0/nodeD/status/sync: Saw duplicate sn requests
 WARN [bp-queue-proc-/com/stefanolupo/ndngame/0/nodeD/status/sync-1] (BasePublisher.java:99) - [2255=2, 3023=2]
4/7/19, 6:41:11 PM =============================================================

-- Gauges ----------------------------------------------------------------------
pub-update-percentage-nodeD-blocks-sync
             value = 0.0024589247792556166
pub-update-percentage-nodeD-status-sync
             value = 0.4983232729711603

-- Counters --------------------------------------------------------------------
sub-blocks-interestscounter-nodeA
             count = 73
sub-blocks-interestscounter-nodeB
             count = 72
sub-blocks-interestscounter-nodeC
             count = 74
sub-projectiles-interestscounter-nodeA
             count = 98
sub-projectiles-interestscounter-nodeB
             count = 101
sub-projectiles-interestscounter-nodeC
             count = 99
sub-status-interestscounter-nodeA
             count = 2161
sub-status-interestscounter-nodeB
             count = 2144
sub-status-interestscounter-nodeC
             count = 2158

-- Histograms ------------------------------------------------------------------
eng-status-delta-nodeA
             count = 2152
               min = 0
               max = 71
              mean = 2.57
            stddev = 7.29
            median = 0.00
              75% <= 0.00
              95% <= 16.00
              98% <= 24.00
              99% <= 44.00
            99.9% <= 56.00
eng-status-delta-nodeB
             count = 2140
               min = 0
               max = 112
              mean = 3.53
            stddev = 10.13
            median = 0.00
              75% <= 0.00
              95% <= 23.00
              98% <= 31.00
              99% <= 34.00
            99.9% <= 102.00
eng-status-delta-nodeC
             count = 2151
               min = 0
               max = 122
              mean = 3.37
            stddev = 9.88
            median = 0.00
              75% <= 0.00
              95% <= 22.00
              98% <= 35.00
              99% <= 47.00
            99.9% <= 111.00
sub-blocks-rtt-nodeA
             count = 5
               min = 52
               max = 856
              mean = 405.42
            stddev = 285.53
            median = 373.00
              75% <= 689.00
              95% <= 856.00
              98% <= 856.00
              99% <= 856.00
            99.9% <= 856.00
sub-blocks-rtt-nodeB
             count = 5
               min = 25
               max = 962
              mean = 496.58
            stddev = 381.23
            median = 219.00
              75% <= 894.00
              95% <= 962.00
              98% <= 962.00
              99% <= 962.00
            99.9% <= 962.00
sub-blocks-rtt-nodeC
             count = 4
               min = 27
               max = 487
              mean = 286.91
            stddev = 197.70
            median = 325.00
              75% <= 487.00
              95% <= 487.00
              98% <= 487.00
              99% <= 487.00
            99.9% <= 487.00
sub-projectiles-rtt-nodeA
             count = 39
               min = 11
               max = 1001
              mean = 487.65
            stddev = 304.30
            median = 517.00
              75% <= 650.00
              95% <= 1000.00
              98% <= 1001.00
              99% <= 1001.00
            99.9% <= 1001.00
sub-projectiles-rtt-nodeB
             count = 42
               min = 15
               max = 999
              mean = 430.83
            stddev = 254.61
            median = 500.00
              75% <= 550.00
              95% <= 768.00
              98% <= 966.00
              99% <= 999.00
            99.9% <= 999.00
sub-projectiles-rtt-nodeC
             count = 40
               min = 1
               max = 1000
              mean = 493.85
            stddev = 272.39
            median = 517.00
              75% <= 666.00
              95% <= 999.00
              98% <= 1000.00
              99% <= 1000.00
            99.9% <= 1000.00
sub-status-rtt-nodeA
             count = 2160
               min = 3
               max = 116
              mean = 35.54
            stddev = 9.89
            median = 33.00
              75% <= 34.00
              95% <= 63.00
              98% <= 67.00
              99% <= 67.00
            99.9% <= 116.00
sub-status-rtt-nodeB
             count = 2144
               min = 1
               max = 72
              mean = 35.50
            stddev = 9.53
            median = 33.00
              75% <= 34.00
              95% <= 66.00
              98% <= 67.00
              99% <= 67.00
            99.9% <= 71.00
sub-status-rtt-nodeC
             count = 2158
               min = 6
               max = 95
              mean = 35.51
            stddev = 10.19
            median = 33.00
              75% <= 34.00
              95% <= 61.00
              98% <= 67.00
              99% <= 67.00
            99.9% <= 95.00

-- Meters ----------------------------------------------------------------------
pub-interest-rate-nodeD-blocks-sync
             count = 142
         mean rate = 1.84 events/second
     1-minute rate = 1.62 events/second
     5-minute rate = 1.04 events/second
    15-minute rate = 0.88 events/second
pub-interest-rate-nodeD-projectiles-sync
             count = 104
         mean rate = 1.35 events/second
     1-minute rate = 1.31 events/second
     5-minute rate = 1.38 events/second
    15-minute rate = 1.39 events/second
pub-interest-rate-nodeD-status-sync
             count = 2198
         mean rate = 28.50 events/second
     1-minute rate = 28.29 events/second
     5-minute rate = 27.96 events/second
    15-minute rate = 27.86 events/second


 WARN [bp-queue-proc-/com/stefanolupo/ndngame/0/nodeD/blocks/sync-1] (BasePublisher.java:98) - /com/stefanolupo/ndngame/0/nodeD/blocks/sync: Saw duplicate sn requests
 WARN [bp-queue-proc-/com/stefanolupo/ndngame/0/nodeD/blocks/sync-1] (BasePublisher.java:99) - [23=7, 20=21, 18=38, 6=3, 16=23, 17=41, 15=5, 14=5, 21=10, 22=9]
 WARN [bp-queue-proc-/com/stefanolupo/ndngame/0/nodeD/status/sync-1] (BasePublisher.java:98) - /com/stefanolupo/ndngame/0/nodeD/status/sync: Saw duplicate sn requests
 WARN [bp-queue-proc-/com/stefanolupo/ndngame/0/nodeD/status/sync-1] (BasePublisher.java:99) - [2255=2, 3023=2]
4/7/19, 6:41:41 PM =============================================================

-- Gauges ----------------------------------------------------------------------
pub-update-percentage-nodeD-blocks-sync
             value = 0.002512329022052666
pub-update-percentage-nodeD-status-sync
             value = 0.4981388423599479

-- Counters --------------------------------------------------------------------
sub-blocks-interestscounter-nodeA
             count = 102
sub-blocks-interestscounter-nodeB
             count = 99
sub-blocks-interestscounter-nodeC
             count = 103
sub-projectiles-interestscounter-nodeA
             count = 136
sub-projectiles-interestscounter-nodeB
             count = 140
sub-projectiles-interestscounter-nodeC
             count = 138
sub-status-interestscounter-nodeA
             count = 3020
sub-status-interestscounter-nodeB
             count = 2988
sub-status-interestscounter-nodeC
             count = 2994

-- Histograms ------------------------------------------------------------------
eng-status-delta-nodeA
             count = 3009
               min = 0
               max = 133
              mean = 2.84
            stddev = 9.98
            median = 0.00
              75% <= 0.00
              95% <= 16.00
              98% <= 31.00
              99% <= 46.00
            99.9% <= 133.00
eng-status-delta-nodeB
             count = 2984
               min = 0
               max = 133
              mean = 4.49
            stddev = 14.11
            median = 0.00
              75% <= 0.00
              95% <= 31.00
              98% <= 44.00
              99% <= 72.00
            99.9% <= 133.00
eng-status-delta-nodeC
             count = 2985
               min = 0
               max = 122
              mean = 3.27
            stddev = 8.98
            median = 0.00
              75% <= 0.00
              95% <= 22.00
              98% <= 33.00
              99% <= 45.00
            99.9% <= 91.00
sub-blocks-rtt-nodeA
             count = 6
               min = 52
               max = 856
              mean = 309.61
            stddev = 270.00
            median = 117.00
              75% <= 373.00
              95% <= 856.00
              98% <= 856.00
              99% <= 856.00
            99.9% <= 856.00
sub-blocks-rtt-nodeB
             count = 8
               min = 25
               max = 962
              mean = 520.02
            stddev = 337.79
            median = 676.00
              75% <= 775.00
              95% <= 962.00
              98% <= 962.00
              99% <= 962.00
            99.9% <= 962.00
sub-blocks-rtt-nodeC
             count = 5
               min = 27
               max = 950
              mean = 530.21
            stddev = 356.20
            median = 487.00
              75% <= 950.00
              95% <= 950.00
              98% <= 950.00
              99% <= 950.00
            99.9% <= 950.00
sub-projectiles-rtt-nodeA
             count = 57
               min = 11
               max = 1001
              mean = 496.10
            stddev = 266.43
            median = 521.00
              75% <= 636.00
              95% <= 999.00
              98% <= 1000.00
              99% <= 1001.00
            99.9% <= 1001.00
sub-projectiles-rtt-nodeB
             count = 60
               min = 15
               max = 999
              mean = 467.35
            stddev = 250.55
            median = 517.00
              75% <= 600.00
              95% <= 866.00
              98% <= 999.00
              99% <= 999.00
            99.9% <= 999.00
sub-projectiles-rtt-nodeC
             count = 58
               min = 1
               max = 1000
              mean = 474.55
            stddev = 255.29
            median = 516.00
              75% <= 599.00
              95% <= 883.00
              98% <= 999.00
              99% <= 1000.00
            99.9% <= 1000.00
sub-status-rtt-nodeA
             count = 3019
               min = 14
               max = 116
              mean = 35.15
            stddev = 9.66
            median = 33.00
              75% <= 34.00
              95% <= 51.00
              98% <= 67.00
              99% <= 67.00
            99.9% <= 84.00
sub-status-rtt-nodeB
             count = 2987
               min = 7
               max = 85
              mean = 35.40
            stddev = 9.47
            median = 33.00
              75% <= 34.00
              95% <= 66.00
              98% <= 67.00
              99% <= 67.00
            99.9% <= 85.00
sub-status-rtt-nodeC
             count = 2993
               min = 12
               max = 95
              mean = 36.14
            stddev = 10.19
            median = 33.00
              75% <= 34.00
              95% <= 66.00
              98% <= 67.00
              99% <= 67.00
            99.9% <= 92.00

-- Meters ----------------------------------------------------------------------
pub-interest-rate-nodeD-blocks-sync
             count = 204
         mean rate = 1.90 events/second
     1-minute rate = 1.78 events/second
     5-minute rate = 1.13 events/second
    15-minute rate = 0.92 events/second
pub-interest-rate-nodeD-projectiles-sync
             count = 142
         mean rate = 1.33 events/second
     1-minute rate = 1.30 events/second
     5-minute rate = 1.37 events/second
    15-minute rate = 1.39 events/second
pub-interest-rate-nodeD-status-sync
             count = 3053
         mean rate = 28.51 events/second
     1-minute rate = 28.35 events/second
     5-minute rate = 28.00 events/second
    15-minute rate = 27.88 events/second


 WARN [bp-queue-proc-/com/stefanolupo/ndngame/0/nodeD/blocks/sync-1] (BasePublisher.java:98) - /com/stefanolupo/ndngame/0/nodeD/blocks/sync: Saw duplicate sn requests
 WARN [bp-queue-proc-/com/stefanolupo/ndngame/0/nodeD/blocks/sync-1] (BasePublisher.java:99) - [20=21, 23=21, 6=3, 16=23, 15=5, 14=5, 24=8, 25=9, 18=38, 17=41, 27=3, 21=12, 22=15]
 WARN [bp-queue-proc-/com/stefanolupo/ndngame/0/nodeD/status/sync-1] (BasePublisher.java:98) - /com/stefanolupo/ndngame/0/nodeD/status/sync: Saw duplicate sn requests
 WARN [bp-queue-proc-/com/stefanolupo/ndngame/0/nodeD/status/sync-1] (BasePublisher.java:99) - [2255=2, 3023=2]
DEBUG [HeadlessApplication] (ProjectileCollisionSystem.java:108) - Bullet hit me, notifying owner and decreasing my health
 WARN [bp-queue-proc-/com/stefanolupo/ndngame/0/nodeD/blocks/sync-1] (BasePublisher.java:98) - /com/stefanolupo/ndngame/0/nodeD/blocks/sync: Saw duplicate sn requests
 WARN [bp-queue-proc-/com/stefanolupo/ndngame/0/nodeD/blocks/sync-1] (BasePublisher.java:99) - [20=21, 23=21, 6=3, 16=23, 27=18, 15=5, 14=5, 25=21, 24=8, 29=13, 18=38, 17=41, 21=12, 22=15]
 WARN [bp-queue-proc-/com/stefanolupo/ndngame/0/nodeD/status/sync-1] (BasePublisher.java:98) - /com/stefanolupo/ndngame/0/nodeD/status/sync: Saw duplicate sn requests
 WARN [bp-queue-proc-/com/stefanolupo/ndngame/0/nodeD/status/sync-1] (BasePublisher.java:99) - [2255=2, 3023=2]
4/7/19, 6:42:11 PM =============================================================

-- Gauges ----------------------------------------------------------------------
pub-update-percentage-nodeD-blocks-sync
             value = 0.0023113094763688533
pub-update-percentage-nodeD-status-sync
             value = 0.4984058664116053

-- Counters --------------------------------------------------------------------
sub-blocks-interestscounter-nodeA
             count = 131
sub-blocks-interestscounter-nodeB
             count = 129
sub-blocks-interestscounter-nodeC
             count = 133
sub-projectiles-interestscounter-nodeA
             count = 174
sub-projectiles-interestscounter-nodeB
             count = 177
sub-projectiles-interestscounter-nodeC
             count = 177
sub-status-interestscounter-nodeA
             count = 3868
sub-status-interestscounter-nodeB
             count = 3830
sub-status-interestscounter-nodeC
             count = 3832

-- Histograms ------------------------------------------------------------------
eng-status-delta-nodeA
             count = 3857
               min = 0
               max = 65
              mean = 2.92
            stddev = 8.19
            median = 0.00
              75% <= 0.00
              95% <= 22.00
              98% <= 35.00
              99% <= 44.00
            99.9% <= 65.00
eng-status-delta-nodeB
             count = 3826
               min = 0
               max = 122
              mean = 3.72
            stddev = 11.37
            median = 0.00
              75% <= 0.00
              95% <= 22.00
              98% <= 31.00
              99% <= 60.00
            99.9% <= 102.00
eng-status-delta-nodeC
             count = 3823
               min = 0
               max = 128
              mean = 2.80
            stddev = 8.87
            median = 0.00
              75% <= 0.00
              95% <= 16.00
              98% <= 31.00
              99% <= 40.00
            99.9% <= 128.00
sub-blocks-rtt-nodeA
             count = 7
               min = 52
               max = 856
              mean = 343.30
            stddev = 226.92
            median = 373.00
              75% <= 413.00
              95% <= 856.00
              98% <= 856.00
              99% <= 856.00
            99.9% <= 856.00
sub-blocks-rtt-nodeB
             count = 8
               min = 25
               max = 962
              mean = 520.02
            stddev = 337.79
            median = 676.00
              75% <= 775.00
              95% <= 962.00
              98% <= 962.00
              99% <= 962.00
            99.9% <= 962.00
sub-blocks-rtt-nodeC
             count = 5
               min = 27
               max = 950
              mean = 530.21
            stddev = 356.20
            median = 487.00
              75% <= 950.00
              95% <= 950.00
              98% <= 950.00
              99% <= 950.00
            99.9% <= 950.00
sub-projectiles-rtt-nodeA
             count = 70
               min = 11
               max = 1001
              mean = 462.62
            stddev = 292.15
            median = 516.00
              75% <= 683.00
              95% <= 884.00
              98% <= 1000.00
              99% <= 1001.00
            99.9% <= 1001.00
sub-projectiles-rtt-nodeB
             count = 74
               min = 15
               max = 999
              mean = 472.28
            stddev = 280.79
            median = 516.00
              75% <= 683.00
              95% <= 993.00
              98% <= 999.00
              99% <= 999.00
            99.9% <= 999.00
sub-projectiles-rtt-nodeC
             count = 71
               min = 1
               max = 1000
              mean = 437.29
            stddev = 299.33
            median = 516.00
              75% <= 599.00
              95% <= 999.00
              98% <= 999.00
              99% <= 1000.00
            99.9% <= 1000.00
sub-status-rtt-nodeA
             count = 3867
               min = 10
               max = 116
              mean = 35.34
            stddev = 10.44
            median = 33.00
              75% <= 34.00
              95% <= 54.00
              98% <= 67.00
              99% <= 79.00
            99.9% <= 84.00
sub-status-rtt-nodeB
             count = 3829
               min = 4
               max = 84
              mean = 35.58
            stddev = 10.38
            median = 33.00
              75% <= 34.00
              95% <= 66.00
              98% <= 67.00
              99% <= 67.00
            99.9% <= 84.00
sub-status-rtt-nodeC
             count = 3832
               min = 2
               max = 100
              mean = 35.96
            stddev = 10.53
            median = 33.00
              75% <= 34.00
              95% <= 66.00
              98% <= 67.00
              99% <= 67.00
            99.9% <= 100.00

-- Meters ----------------------------------------------------------------------
pub-interest-rate-nodeD-blocks-sync
             count = 265
         mean rate = 1.93 events/second
     1-minute rate = 1.89 events/second
     5-minute rate = 1.22 events/second
    15-minute rate = 0.96 events/second
pub-interest-rate-nodeD-projectiles-sync
             count = 179
         mean rate = 1.31 events/second
     1-minute rate = 1.27 events/second
     5-minute rate = 1.36 events/second
    15-minute rate = 1.39 events/second
pub-interest-rate-nodeD-status-sync
             count = 3912
         mean rate = 28.53 events/second
     1-minute rate = 28.45 events/second
     5-minute rate = 28.06 events/second
    15-minute rate = 27.90 events/second


 WARN [bp-queue-proc-/com/stefanolupo/ndngame/0/nodeD/blocks/sync-1] (BasePublisher.java:98) - /com/stefanolupo/ndngame/0/nodeD/blocks/sync: Saw duplicate sn requests
 WARN [bp-queue-proc-/com/stefanolupo/ndngame/0/nodeD/blocks/sync-1] (BasePublisher.java:99) - [20=21, 23=21, 6=3, 29=24, 16=23, 15=5, 14=5, 24=8, 18=38, 17=41, 21=12, 22=15, 25=34, 27=32]
 WARN [bp-queue-proc-/com/stefanolupo/ndngame/0/nodeD/status/sync-1] (BasePublisher.java:98) - /com/stefanolupo/ndngame/0/nodeD/status/sync: Saw duplicate sn requests
 WARN [bp-queue-proc-/com/stefanolupo/ndngame/0/nodeD/status/sync-1] (BasePublisher.java:99) - [6561=2, 2255=2, 3023=2, 6236=2]
4/7/19, 6:42:41 PM =============================================================

-- Gauges ----------------------------------------------------------------------
pub-update-percentage-nodeD-blocks-sync
             value = 0.0026486373457865757
pub-update-percentage-nodeD-status-sync
             value = 0.49846647149031087

-- Counters --------------------------------------------------------------------
sub-blocks-interestscounter-nodeA
             count = 160
sub-blocks-interestscounter-nodeB
             count = 157
sub-blocks-interestscounter-nodeC
             count = 162
sub-projectiles-interestscounter-nodeA
             count = 218
sub-projectiles-interestscounter-nodeB
             count = 220
sub-projectiles-interestscounter-nodeC
             count = 218
sub-status-interestscounter-nodeA
             count = 4716
sub-status-interestscounter-nodeB
             count = 4680
sub-status-interestscounter-nodeC
             count = 4664

-- Histograms ------------------------------------------------------------------
eng-status-delta-nodeA
             count = 4704
               min = 0
               max = 65
              mean = 4.52
            stddev = 11.43
            median = 0.00
              75% <= 0.00
              95% <= 39.00
              98% <= 45.00
              99% <= 45.00
            99.9% <= 58.00
eng-status-delta-nodeB
             count = 4672
               min = 0
               max = 123
              mean = 3.08
            stddev = 10.83
            median = 0.00
              75% <= 0.00
              95% <= 22.00
              98% <= 31.00
              99% <= 44.00
            99.9% <= 123.00
eng-status-delta-nodeC
             count = 4654
               min = 0
               max = 128
              mean = 2.95
            stddev = 10.15
            median = 0.00
              75% <= 0.00
              95% <= 16.00
              98% <= 33.00
              99% <= 47.00
            99.9% <= 122.00
sub-blocks-rtt-nodeA
             count = 8
               min = 52
               max = 856
              mean = 341.70
            stddev = 179.76
            median = 339.00
              75% <= 413.00
              95% <= 689.00
              98% <= 856.00
              99% <= 856.00
            99.9% <= 856.00
sub-blocks-rtt-nodeB
             count = 10
               min = 25
               max = 962
              mean = 450.67
            stddev = 252.11
            median = 401.00
              75% <= 676.00
              95% <= 894.00
              98% <= 962.00
              99% <= 962.00
            99.9% <= 962.00
sub-blocks-rtt-nodeC
             count = 6
               min = 27
               max = 950
              mean = 581.06
            stddev = 266.66
            median = 640.00
              75% <= 640.00
              95% <= 950.00
              98% <= 950.00
              99% <= 950.00
            99.9% <= 950.00
sub-projectiles-rtt-nodeA
             count = 92
               min = 11
               max = 1001
              mean = 422.30
            stddev = 268.57
            median = 510.00
              75% <= 599.00
              95% <= 816.00
              98% <= 964.00
              99% <= 1000.00
            99.9% <= 1001.00
sub-projectiles-rtt-nodeB
             count = 94
               min = 15
               max = 999
              mean = 408.67
            stddev = 265.90
            median = 499.00
              75% <= 566.00
              95% <= 850.00
              98% <= 993.00
              99% <= 999.00
            99.9% <= 999.00
sub-projectiles-rtt-nodeC
             count = 90
               min = 1
               max = 1000
              mean = 429.90
            stddev = 282.57
            median = 516.00
              75% <= 598.00
              95% <= 883.00
              98% <= 999.00
              99% <= 999.00
            99.9% <= 1000.00
sub-status-rtt-nodeA
             count = 4716
               min = 14
               max = 105
              mean = 35.47
            stddev = 11.29
            median = 33.00
              75% <= 34.00
              95% <= 66.00
              98% <= 67.00
              99% <= 67.00
            99.9% <= 105.00
sub-status-rtt-nodeB
             count = 4679
               min = 4
               max = 125
              mean = 35.58
            stddev = 11.26
            median = 33.00
              75% <= 34.00
              95% <= 54.00
              98% <= 67.00
              99% <= 67.00
            99.9% <= 125.00
sub-status-rtt-nodeC
             count = 4664
               min = 2
               max = 100
              mean = 36.80
            stddev = 11.98
            median = 33.00
              75% <= 34.00
              95% <= 67.00
              98% <= 67.00
              99% <= 71.00
            99.9% <= 100.00

-- Meters ----------------------------------------------------------------------
pub-interest-rate-nodeD-blocks-sync
             count = 325
         mean rate = 1.94 events/second
     1-minute rate = 1.93 events/second
     5-minute rate = 1.29 events/second
    15-minute rate = 0.99 events/second
pub-interest-rate-nodeD-projectiles-sync
             count = 223
         mean rate = 1.33 events/second
     1-minute rate = 1.34 events/second
     5-minute rate = 1.37 events/second
    15-minute rate = 1.39 events/second
pub-interest-rate-nodeD-status-sync
             count = 4765
         mean rate = 28.51 events/second
     1-minute rate = 28.44 events/second
     5-minute rate = 28.10 events/second
    15-minute rate = 27.92 events/second


 WARN [bp-queue-proc-/com/stefanolupo/ndngame/0/nodeD/blocks/sync-1] (BasePublisher.java:98) - /com/stefanolupo/ndngame/0/nodeD/blocks/sync: Saw duplicate sn requests
 WARN [bp-queue-proc-/com/stefanolupo/ndngame/0/nodeD/blocks/sync-1] (BasePublisher.java:99) - [36=4, 20=21, 23=21, 33=5, 6=3, 29=24, 35=6, 16=23, 37=2, 15=5, 14=5, 32=11, 24=8, 18=38, 31=9, 17=41, 21=12, 22=15, 27=34, 25=34]
 WARN [bp-queue-proc-/com/stefanolupo/ndngame/0/nodeD/status/sync-1] (BasePublisher.java:98) - /com/stefanolupo/ndngame/0/nodeD/status/sync: Saw duplicate sn requests
 WARN [bp-queue-proc-/com/stefanolupo/ndngame/0/nodeD/status/sync-1] (BasePublisher.java:99) - [6561=2, 2255=2, 3023=2, 6236=2]
 WARN [bp-queue-proc-/com/stefanolupo/ndngame/0/nodeD/blocks/sync-1] (BasePublisher.java:98) - /com/stefanolupo/ndngame/0/nodeD/blocks/sync: Saw duplicate sn requests
 WARN [bp-queue-proc-/com/stefanolupo/ndngame/0/nodeD/blocks/sync-1] (BasePublisher.java:99) - [36=4, 20=21, 23=21, 33=5, 41=13, 6=3, 29=24, 38=3, 16=23, 44=4, 15=5, 14=5, 32=11, 24=8, 35=16, 18=38, 37=16, 31=9, 17=41, 21=12, 22=15, 27=34, 25=34]
 WARN [bp-queue-proc-/com/stefanolupo/ndngame/0/nodeD/status/sync-1] (BasePublisher.java:98) - /com/stefanolupo/ndngame/0/nodeD/status/sync: Saw duplicate sn requests
 WARN [bp-queue-proc-/com/stefanolupo/ndngame/0/nodeD/status/sync-1] (BasePublisher.java:99) - [6561=2, 7284=2, 7257=2, 2255=2, 3023=2, 6236=2, 7788=2, 7565=2]
4/7/19, 6:43:11 PM =============================================================

-- Gauges ----------------------------------------------------------------------
pub-update-percentage-nodeD-blocks-sync
             value = 0.0028488264073821762
pub-update-percentage-nodeD-status-sync
             value = 0.4985754985754986

-- Counters --------------------------------------------------------------------
sub-blocks-interestscounter-nodeA
             count = 190
sub-blocks-interestscounter-nodeB
             count = 187
sub-blocks-interestscounter-nodeC
             count = 190
sub-projectiles-interestscounter-nodeA
             count = 255
sub-projectiles-interestscounter-nodeB
             count = 257
sub-projectiles-interestscounter-nodeC
             count = 255
sub-status-interestscounter-nodeA
             count = 5575
sub-status-interestscounter-nodeB
             count = 5514
sub-status-interestscounter-nodeC
             count = 5509

-- Histograms ------------------------------------------------------------------
eng-status-delta-nodeA
             count = 5560
               min = 0
               max = 122
              mean = 4.38
            stddev = 12.78
            median = 0.00
              75% <= 0.00
              95% <= 33.00
              98% <= 44.00
              99% <= 47.00
            99.9% <= 122.00
eng-status-delta-nodeB
             count = 5504
               min = 0
               max = 123
              mean = 4.34
            stddev = 14.81
            median = 0.00
              75% <= 0.00
              95% <= 22.00
              98% <= 33.00
              99% <= 102.00
            99.9% <= 123.00
eng-status-delta-nodeC
             count = 5492
               min = 0
               max = 133
              mean = 3.88
            stddev = 13.11
            median = 0.00
              75% <= 0.00
              95% <= 16.00
              98% <= 44.00
              99% <= 71.00
            99.9% <= 133.00
sub-blocks-rtt-nodeA
             count = 8
               min = 52
               max = 856
              mean = 341.70
            stddev = 179.76
            median = 339.00
              75% <= 413.00
              95% <= 689.00
              98% <= 856.00
              99% <= 856.00
            99.9% <= 856.00
sub-blocks-rtt-nodeB
             count = 10
               min = 25
               max = 962
              mean = 450.67
            stddev = 252.11
            median = 401.00
              75% <= 676.00
              95% <= 894.00
              98% <= 962.00
              99% <= 962.00
            99.9% <= 962.00
sub-blocks-rtt-nodeC
             count = 8
               min = 27
               max = 950
              mean = 385.67
            stddev = 244.06
            median = 286.00
              75% <= 640.00
              95% <= 950.00
              98% <= 950.00
              99% <= 950.00
            99.9% <= 950.00
sub-projectiles-rtt-nodeA
             count = 109
               min = 11
               max = 1001
              mean = 469.65
            stddev = 273.05
            median = 516.00
              75% <= 683.00
              95% <= 866.00
              98% <= 883.00
              99% <= 999.00
            99.9% <= 1001.00
sub-projectiles-rtt-nodeB
             count = 111
               min = 15
               max = 999
              mean = 461.18
            stddev = 271.31
            median = 517.00
              75% <= 665.00
              95% <= 883.00
              98% <= 966.00
              99% <= 993.00
            99.9% <= 999.00
sub-projectiles-rtt-nodeC
             count = 107
               min = 1
               max = 1000
              mean = 476.53
            stddev = 279.96
            median = 517.00
              75% <= 700.00
              95% <= 883.00
              98% <= 970.00
              99% <= 999.00
            99.9% <= 1000.00
sub-status-rtt-nodeA
             count = 5575
               min = 9
               max = 84
              mean = 34.98
            stddev = 11.08
            median = 33.00
              75% <= 34.00
              95% <= 51.00
              98% <= 67.00
              99% <= 67.00
            99.9% <= 84.00
sub-status-rtt-nodeB
             count = 5514
               min = 7
               max = 125
              mean = 35.80
            stddev = 12.63
            median = 33.00
              75% <= 34.00
              95% <= 66.00
              98% <= 67.00
              99% <= 69.00
            99.9% <= 100.00
sub-status-rtt-nodeC
             count = 5509
               min = 5
               max = 100
              mean = 35.99
            stddev = 12.72
            median = 33.00
              75% <= 34.00
              95% <= 66.00
              98% <= 67.00
              99% <= 69.00
            99.9% <= 100.00

-- Meters ----------------------------------------------------------------------
pub-interest-rate-nodeD-blocks-sync
             count = 384
         mean rate = 1.95 events/second
     1-minute rate = 1.93 events/second
     5-minute rate = 1.35 events/second
    15-minute rate = 1.02 events/second
pub-interest-rate-nodeD-projectiles-sync
             count = 259
         mean rate = 1.31 events/second
     1-minute rate = 1.31 events/second
     5-minute rate = 1.36 events/second
    15-minute rate = 1.38 events/second
pub-interest-rate-nodeD-status-sync
             count = 5631
         mean rate = 28.57 events/second
     1-minute rate = 28.57 events/second
     5-minute rate = 28.16 events/second
    15-minute rate = 27.95 events/second


 WARN [bp-queue-proc-/com/stefanolupo/ndngame/0/nodeD/blocks/sync-1] (BasePublisher.java:98) - /com/stefanolupo/ndngame/0/nodeD/blocks/sync: Saw duplicate sn requests
 WARN [bp-queue-proc-/com/stefanolupo/ndngame/0/nodeD/blocks/sync-1] (BasePublisher.java:99) - [20=21, 23=21, 6=3, 29=24, 16=23, 15=5, 14=5, 24=8, 31=9, 21=12, 22=15, 36=4, 45=12, 33=5, 38=3, 44=9, 32=11, 47=2, 35=16, 48=3, 18=38, 37=17, 49=6, 51=4, 17=41, 27=34, 41=16, 25=34]
 WARN [bp-queue-proc-/com/stefanolupo/ndngame/0/nodeD/status/sync-1] (BasePublisher.java:98) - /com/stefanolupo/ndngame/0/nodeD/status/sync: Saw duplicate sn requests
 WARN [bp-queue-proc-/com/stefanolupo/ndngame/0/nodeD/status/sync-1] (BasePublisher.java:99) - [6561=2, 7284=2, 7257=2, 2255=2, 3023=2, 6236=2, 7788=2, 7565=2]
4/7/19, 6:43:41 PM =============================================================

-- Gauges ----------------------------------------------------------------------
pub-update-percentage-nodeD-blocks-sync
             value = 0.003176018276034992
pub-update-percentage-nodeD-status-sync
             value = 0.49866265463055837

-- Counters --------------------------------------------------------------------
sub-blocks-interestscounter-nodeA
             count = 219
sub-blocks-interestscounter-nodeB
             count = 213
sub-blocks-interestscounter-nodeC
             count = 219
sub-projectiles-interestscounter-nodeA
             count = 293
sub-projectiles-interestscounter-nodeB
             count = 296
sub-projectiles-interestscounter-nodeC
             count = 293
sub-status-interestscounter-nodeA
             count = 6445
sub-status-interestscounter-nodeB
             count = 6351
sub-status-interestscounter-nodeC
             count = 6332

-- Histograms ------------------------------------------------------------------
eng-status-delta-nodeA
             count = 6426
               min = 0
               max = 122
              mean = 3.87
            stddev = 11.10
            median = 0.00
              75% <= 0.00
              95% <= 22.00
              98% <= 44.00
              99% <= 57.00
            99.9% <= 122.00
eng-status-delta-nodeB
             count = 6336
               min = 0
               max = 198
              mean = 4.28
            stddev = 14.18
            median = 0.00
              75% <= 0.00
              95% <= 22.00
              98% <= 33.00
              99% <= 63.00
            99.9% <= 198.00
eng-status-delta-nodeC
             count = 6313
               min = 0
               max = 128
              mean = 4.42
            stddev = 12.93
            median = 0.00
              75% <= 0.00
              95% <= 22.00
              98% <= 47.00
              99% <= 71.00
            99.9% <= 122.00
sub-blocks-rtt-nodeA
             count = 9
               min = 30
               max = 856
              mean = 196.15
            stddev = 203.49
            median = 93.00
              75% <= 339.00
              95% <= 413.00
              98% <= 856.00
              99% <= 856.00
            99.9% <= 856.00
sub-blocks-rtt-nodeB
             count = 14
               min = 25
               max = 962
              mean = 405.26
            stddev = 302.03
            median = 294.00
              75% <= 775.00
              95% <= 873.00
              98% <= 873.00
              99% <= 894.00
            99.9% <= 962.00
sub-blocks-rtt-nodeC
             count = 9
               min = 27
               max = 950
              mean = 330.19
            stddev = 216.24
            median = 214.00
              75% <= 286.00
              95% <= 950.00
              98% <= 950.00
              99% <= 950.00
            99.9% <= 950.00
sub-projectiles-rtt-nodeA
             count = 123
               min = 11
               max = 1001
              mean = 469.65
            stddev = 286.50
            median = 519.00
              75% <= 683.00
              95% <= 866.00
              98% <= 967.00
              99% <= 967.00
            99.9% <= 1001.00
sub-projectiles-rtt-nodeB
             count = 124
               min = 15
               max = 999
              mean = 413.02
            stddev = 282.86
            median = 514.00
              75% <= 585.00
              95% <= 850.00
              98% <= 885.00
              99% <= 993.00
            99.9% <= 999.00
sub-projectiles-rtt-nodeC
             count = 121
               min = 1
               max = 1000
              mean = 464.98
            stddev = 284.11
            median = 517.00
              75% <= 666.00
              95% <= 883.00
              98% <= 968.00
              99% <= 999.00
            99.9% <= 1000.00
sub-status-rtt-nodeA
             count = 6444
               min = 1
               max = 84
              mean = 34.69
            stddev = 11.09
            median = 33.00
              75% <= 34.00
              95% <= 51.00
              98% <= 66.00
              99% <= 67.00
            99.9% <= 84.00
sub-status-rtt-nodeB
             count = 6350
               min = 1
               max = 125
              mean = 36.23
            stddev = 13.12
            median = 33.00
              75% <= 41.00
              95% <= 66.00
              98% <= 68.00
              99% <= 71.00
            99.9% <= 100.00
sub-status-rtt-nodeC
             count = 6331
               min = 4
               max = 102
              mean = 36.13
            stddev = 13.66
            median = 33.00
              75% <= 42.00
              95% <= 66.00
              98% <= 67.00
              99% <= 83.00
            99.9% <= 102.00

-- Meters ----------------------------------------------------------------------
pub-interest-rate-nodeD-blocks-sync
             count = 441
         mean rate = 1.94 events/second
     1-minute rate = 1.93 events/second
     5-minute rate = 1.41 events/second
    15-minute rate = 1.05 events/second
pub-interest-rate-nodeD-projectiles-sync
             count = 296
         mean rate = 1.30 events/second
     1-minute rate = 1.27 events/second
     5-minute rate = 1.34 events/second
    15-minute rate = 1.38 events/second
pub-interest-rate-nodeD-status-sync
             count = 6494
         mean rate = 28.60 events/second
     1-minute rate = 28.66 events/second
     5-minute rate = 28.23 events/second
    15-minute rate = 27.98 events/second


 WARN [bp-queue-proc-/com/stefanolupo/ndngame/0/nodeD/blocks/sync-1] (BasePublisher.java:98) - /com/stefanolupo/ndngame/0/nodeD/blocks/sync: Saw duplicate sn requests
 WARN [bp-queue-proc-/com/stefanolupo/ndngame/0/nodeD/blocks/sync-1] (BasePublisher.java:99) - [20=21, 23=21, 6=3, 29=24, 16=23, 15=5, 14=5, 24=8, 31=9, 21=12, 22=15, 36=4, 33=5, 38=3, 44=9, 32=11, 47=2, 56=8, 35=16, 48=3, 18=38, 37=17, 17=41, 51=11, 27=34, 41=16, 25=34, 45=22, 49=10, 57=5, 58=4]
 WARN [bp-queue-proc-/com/stefanolupo/ndngame/0/nodeD/status/sync-1] (BasePublisher.java:98) - /com/stefanolupo/ndngame/0/nodeD/status/sync: Saw duplicate sn requests
 WARN [bp-queue-proc-/com/stefanolupo/ndngame/0/nodeD/status/sync-1] (BasePublisher.java:99) - [6561=2, 7284=2, 8426=2, 7257=2, 2255=2, 3023=2, 6236=2, 7788=2, 7565=2]
