DEBUG [main] (ConfigManager.java:33) - Initialized with properties: {local.player.status.updates.per.sec=30, facemanager.num.sub.threads.per.face=10, linear.interest.zone.filter.inner.radius=10, projectile.cache.size=20, local.player.status.use.dead.reckoning=false, block.publisher.freshness.period.ms=20, player.status.publisher.freshness.period.ms=20, base.publisher.queue.process.per.sec=60, projectile.sub.inter.interest.max.wait.time.ms=30, linear.interest.zone.filter.outer.radius=20, local.player.dead.reckoning.max.error=0.5, projectile.publisher.queue.process.multithread=true, statistics.logger.log.rate.sec=30, facemanager.max.num.pub.faces=1, facemanager.num.pub.threads.per.face=10, facemanager.max.num.sub.faces=1, block.sub.inter.interest.max.wait.time.ms=2000, projectile.publisher.queue.process.per.sec=60, base.publisher.queue.process.multithread=true, player.sub.inter.interest.max.wait.time.ms=30, linear.interest.zone.filter.enabled=false, projectile.publisher.freshness.period.ms=20}
WARNING: An illegal reflective access operation has occurred
WARNING: Illegal reflective access by com.google.inject.internal.cglib.core.$ReflectUtils$2 (file:/NdnGame/NdnGameLibGdxDesktop-1.0-SNAPSHOT.jar) to method java.lang.ClassLoader.defineClass(java.lang.String,byte[],int,int,java.security.ProtectionDomain)
WARNING: Please consider reporting this to the maintainers of com.google.inject.internal.cglib.core.$ReflectUtils$2
WARNING: Use --illegal-access=warn to enable warnings of further illegal reflective access operations
WARNING: All illegal access operations will be denied in a future release
DEBUG [main] (BackendModule.java:123) - Writing metrics to /metrics/nodeA
 INFO [main] (DesktopLauncher.java:49) - Launching headless game
 INFO [main] (DesktopLauncher.java:50) - LocalConfig{playerName='nodeA', isMasterView=false, isAutomated=true, automationType='wsp', isHeadless=true, gameId=0, screenWidth=600, screenHeight=600, targetFrameRate=60}
DEBUG [main] (AutomatedInputController.java:52) - Starting with automation type: wsp
DEBUG [main] (BasePublisher.java:67) - Registering /com/stefanolupo/ndngame/0/nodeA/blocks/sync
DEBUG [main] (BasePublisher.java:67) - Registering /com/stefanolupo/ndngame/0/nodeA/status/sync
Apr 07, 2019 11:43:55 PM net.named_data.jndn.Node$RegisterResponse onData
INFO: Register prefix succeeded with the NFD forwarder for prefix /com/stefanolupo/ndngame/0/nodeA/blocks/sync
Apr 07, 2019 11:43:55 PM net.named_data.jndn.Node$RegisterResponse onData
INFO: Register prefix succeeded with the NFD forwarder for prefix /com/stefanolupo/ndngame/0/nodeA/blocks/interact
Apr 07, 2019 11:43:55 PM net.named_data.jndn.Node$RegisterResponse onData
INFO: Register prefix succeeded with the NFD forwarder for prefix /com/stefanolupo/ndngame/0/nodeA/status/sync
Apr 07, 2019 11:43:55 PM net.named_data.jndn.Node$RegisterResponse onData
INFO: Register prefix succeeded with the NFD forwarder for prefix /com/stefanolupo/ndngame/0/nodeA/projectiles/sync
Apr 07, 2019 11:43:55 PM net.named_data.jndn.Node$RegisterResponse onData
INFO: Register prefix succeeded with the NFD forwarder for prefix /com/stefanolupo/ndngame/0/nodeA/projectiles/interact
Apr 07, 2019 11:43:59 PM net.named_data.jndn.Node$RegisterResponse onData
INFO: Register prefix succeeded with the NFD forwarder for prefix /com/stefanolupo/ndngame/0/config/broadcast
Apr 07, 2019 11:43:59 PM net.named_data.jndn.Node$RegisterResponse onData
INFO: Register prefix succeeded with the NFD forwarder for prefix /com/stefanolupo/ndngame/0/config/nodeA
 INFO [cs-/com/stefanolupo/ndngame/0/config/nodeA-0] (ChronoSynced.java:93) - Initialized ChronoSyncedMap for /com/stefanolupo/ndngame/0/config/nodeA
Apr 07, 2019 11:44:00 PM net.named_data.jndn.Node$RegisterResponse onData
INFO: Register prefix succeeded with the NFD forwarder for prefix /com/stefanolupo/ndngame/0/discovery/broadcast
Apr 07, 2019 11:44:00 PM net.named_data.jndn.Node$RegisterResponse onData
INFO: Register prefix succeeded with the NFD forwarder for prefix /com/stefanolupo/ndngame/0/discovery/nodeA
 INFO [cs-/com/stefanolupo/ndngame/0/discovery/nodeA-0] (ChronoSynced.java:93) - Initialized ChronoSyncedMap for /com/stefanolupo/ndngame/0/discovery/nodeA
DEBUG [bp-queue-proc-/com/stefanolupo/ndngame/0/nodeA/blocks/sync-1] (BasePublisher.java:96) - /com/stefanolupo/ndngame/0/nodeA/blocks/sync: No duplicate SN requests seen
DEBUG [bp-queue-proc-/com/stefanolupo/ndngame/0/nodeA/status/sync-1] (BasePublisher.java:96) - /com/stefanolupo/ndngame/0/nodeA/status/sync: No duplicate SN requests seen
4/7/19, 11:44:25 PM ============================================================

-- Gauges ----------------------------------------------------------------------
pub-update-percentage-nodeA-blocks-sync
             value = 0.0
pub-update-percentage-nodeA-status-sync
             value = 0.49719101123595505

-- Counters --------------------------------------------------------------------
dr-counter-null
             count = 0
dr-counter-skip
             count = 0
dr-counter-threshold
             count = 0
dr-counter-velocity
             count = 0


DEBUG [bp-queue-proc-/com/stefanolupo/ndngame/0/nodeA/blocks/sync-1] (BasePublisher.java:96) - /com/stefanolupo/ndngame/0/nodeA/blocks/sync: No duplicate SN requests seen
DEBUG [bp-queue-proc-/com/stefanolupo/ndngame/0/nodeA/status/sync-1] (BasePublisher.java:96) - /com/stefanolupo/ndngame/0/nodeA/status/sync: No duplicate SN requests seen
4/7/19, 11:44:55 PM ============================================================

-- Gauges ----------------------------------------------------------------------
pub-update-percentage-nodeA-blocks-sync
             value = 0.001117006422786931
pub-update-percentage-nodeA-status-sync
             value = 0.49818486456297123

-- Counters --------------------------------------------------------------------
dr-counter-null
             count = 0
dr-counter-skip
             count = 0
dr-counter-threshold
             count = 0
dr-counter-velocity
             count = 0


DEBUG [bp-queue-proc-/com/stefanolupo/ndngame/0/nodeA/blocks/sync-1] (BasePublisher.java:96) - /com/stefanolupo/ndngame/0/nodeA/blocks/sync: No duplicate SN requests seen
DEBUG [bp-queue-proc-/com/stefanolupo/ndngame/0/nodeA/status/sync-1] (BasePublisher.java:96) - /com/stefanolupo/ndngame/0/nodeA/status/sync: No duplicate SN requests seen
 INFO [fm-pub-0-3] (ProjectilePublisher.java:133) - Creating interest meter
 INFO [cs-/com/stefanolupo/ndngame/0/discovery/nodeA-0] (PlayerStatusSubscriber.java:59) - Adding subscription for nodeB
 INFO [cs-/com/stefanolupo/ndngame/0/discovery/nodeA-0] (BlockSubscriber.java:54) - Adding subscription for /com/stefanolupo/ndngame/0/nodeB/blocks/sync/0/0/0
 INFO [cs-/com/stefanolupo/ndngame/0/discovery/nodeA-0] (ProjectileSubscriber.java:53) - Adding subscription for /com/stefanolupo/ndngame/0/nodeB/projectiles/sync/0/0/0
DEBUG [HeadlessApplication] (ProjectileCollisionSystem.java:108) - Bullet hit me, notifying owner and decreasing my health
DEBUG [HeadlessApplication] (ProjectileCollisionSystem.java:108) - Bullet hit me, notifying owner and decreasing my health
 WARN [bp-queue-proc-/com/stefanolupo/ndngame/0/nodeA/blocks/sync-1] (BasePublisher.java:98) - /com/stefanolupo/ndngame/0/nodeA/blocks/sync: Saw duplicate sn requests
 WARN [bp-queue-proc-/com/stefanolupo/ndngame/0/nodeA/blocks/sync-1] (BasePublisher.java:99) - [0=2, 6=2]
DEBUG [bp-queue-proc-/com/stefanolupo/ndngame/0/nodeA/status/sync-1] (BasePublisher.java:96) - /com/stefanolupo/ndngame/0/nodeA/status/sync: No duplicate SN requests seen
4/7/19, 11:45:25 PM ============================================================

-- Gauges ----------------------------------------------------------------------
pub-update-percentage-nodeA-blocks-sync
             value = 0.001486712506968965
pub-update-percentage-nodeA-status-sync
             value = 0.4986062070247166

-- Counters --------------------------------------------------------------------
dr-counter-null
             count = 0
dr-counter-skip
             count = 0
dr-counter-threshold
             count = 0
dr-counter-velocity
             count = 0
sub-blocks-interestscounter-nodeB
             count = 14
sub-projectiles-interestscounter-nodeB
             count = 22
sub-status-interestscounter-nodeB
             count = 450

-- Histograms ------------------------------------------------------------------
eng-status-delta-nodeB
             count = 447
               min = 0
               max = 123
              mean = 3.23
            stddev = 11.63
            median = 0.00
              75% <= 0.00
              95% <= 22.00
              98% <= 36.00
              99% <= 57.00
            99.9% <= 123.00
sub-blocks-rtt-nodeB
             count = 2
               min = 18
               max = 880
              mean = 490.89
            stddev = 428.96
            median = 880.00
              75% <= 880.00
              95% <= 880.00
              98% <= 880.00
              99% <= 880.00
            99.9% <= 880.00
sub-projectiles-rtt-nodeB
             count = 12
               min = 16
               max = 999
              mean = 518.75
            stddev = 327.66
            median = 516.00
              75% <= 666.00
              95% <= 999.00
              98% <= 999.00
              99% <= 999.00
            99.9% <= 999.00
sub-status-rtt-nodeB
             count = 449
               min = 14
               max = 86
              mean = 34.93
            stddev = 8.96
            median = 33.00
              75% <= 34.00
              95% <= 50.00
              98% <= 67.00
              99% <= 67.00
            99.9% <= 86.00

-- Meters ----------------------------------------------------------------------
pub-interest-rate-nodeA-blocks-sync
             count = 12
         mean rate = 0.72 events/second
     1-minute rate = 0.61 events/second
     5-minute rate = 0.60 events/second
    15-minute rate = 0.60 events/second
pub-interest-rate-nodeA-projectiles-sync
             count = 21
         mean rate = 1.25 events/second
     1-minute rate = 1.54 events/second
     5-minute rate = 1.59 events/second
    15-minute rate = 1.60 events/second
pub-interest-rate-nodeA-status-sync
             count = 483
         mean rate = 28.85 events/second
     1-minute rate = 29.28 events/second
     5-minute rate = 29.37 events/second
    15-minute rate = 29.39 events/second


DEBUG [HeadlessApplication] (ProjectileCollisionSystem.java:108) - Bullet hit me, notifying owner and decreasing my health
 WARN [bp-queue-proc-/com/stefanolupo/ndngame/0/nodeA/blocks/sync-1] (BasePublisher.java:98) - /com/stefanolupo/ndngame/0/nodeA/blocks/sync: Saw duplicate sn requests
 WARN [bp-queue-proc-/com/stefanolupo/ndngame/0/nodeA/blocks/sync-1] (BasePublisher.java:99) - [7=6, 0=2, 8=11, 6=2]
DEBUG [bp-queue-proc-/com/stefanolupo/ndngame/0/nodeA/status/sync-1] (BasePublisher.java:96) - /com/stefanolupo/ndngame/0/nodeA/status/sync: No duplicate SN requests seen
4/7/19, 11:45:55 PM ============================================================

-- Gauges ----------------------------------------------------------------------
pub-update-percentage-nodeA-blocks-sync
             value = 0.0012533073388107507
pub-update-percentage-nodeA-status-sync
             value = 0.4989555772176577

-- Counters --------------------------------------------------------------------
dr-counter-null
             count = 0
dr-counter-skip
             count = 0
dr-counter-threshold
             count = 0
dr-counter-velocity
             count = 0
sub-blocks-interestscounter-nodeB
             count = 39
sub-projectiles-interestscounter-nodeB
             count = 60
sub-status-interestscounter-nodeB
             count = 1312

-- Histograms ------------------------------------------------------------------
eng-status-delta-nodeB
             count = 1308
               min = 0
               max = 208
              mean = 3.23
            stddev = 12.12
            median = 0.00
              75% <= 0.00
              95% <= 16.00
              98% <= 33.00
              99% <= 47.00
            99.9% <= 208.00
sub-blocks-rtt-nodeB
             count = 7
               min = 18
               max = 987
              mean = 616.49
            stddev = 288.00
            median = 619.00
              75% <= 880.00
              95% <= 987.00
              98% <= 987.00
              99% <= 987.00
            99.9% <= 987.00
sub-projectiles-rtt-nodeB
             count = 26
               min = 15
               max = 999
              mean = 438.95
            stddev = 299.33
            median = 516.00
              75% <= 621.00
              95% <= 966.00
              98% <= 999.00
              99% <= 999.00
            99.9% <= 999.00
sub-status-rtt-nodeB
             count = 1311
               min = 5
               max = 86
              mean = 34.80
            stddev = 9.51
            median = 33.00
              75% <= 34.00
              95% <= 50.00
              98% <= 67.00
              99% <= 67.00
            99.9% <= 84.00

-- Meters ----------------------------------------------------------------------
pub-interest-rate-nodeA-blocks-sync
             count = 40
         mean rate = 0.86 events/second
     1-minute rate = 0.74 events/second
     5-minute rate = 0.63 events/second
    15-minute rate = 0.61 events/second
pub-interest-rate-nodeA-projectiles-sync
             count = 59
         mean rate = 1.26 events/second
     1-minute rate = 1.43 events/second
     5-minute rate = 1.55 events/second
    15-minute rate = 1.58 events/second
pub-interest-rate-nodeA-status-sync
             count = 1338
         mean rate = 28.63 events/second
     1-minute rate = 28.99 events/second
     5-minute rate = 29.29 events/second
    15-minute rate = 29.36 events/second


 WARN [bp-queue-proc-/com/stefanolupo/ndngame/0/nodeA/blocks/sync-1] (BasePublisher.java:98) - /com/stefanolupo/ndngame/0/nodeA/blocks/sync: Saw duplicate sn requests
 WARN [bp-queue-proc-/com/stefanolupo/ndngame/0/nodeA/blocks/sync-1] (BasePublisher.java:99) - [7=6, 0=2, 8=11, 6=2, 9=20]
DEBUG [bp-queue-proc-/com/stefanolupo/ndngame/0/nodeA/status/sync-1] (BasePublisher.java:96) - /com/stefanolupo/ndngame/0/nodeA/status/sync: No duplicate SN requests seen
 WARN [bp-queue-proc-/com/stefanolupo/ndngame/0/nodeA/blocks/sync-1] (BasePublisher.java:98) - /com/stefanolupo/ndngame/0/nodeA/blocks/sync: Saw duplicate sn requests
 WARN [bp-queue-proc-/com/stefanolupo/ndngame/0/nodeA/blocks/sync-1] (BasePublisher.java:99) - [7=6, 0=2, 8=11, 6=2, 9=39]
DEBUG [bp-queue-proc-/com/stefanolupo/ndngame/0/nodeA/status/sync-1] (BasePublisher.java:96) - /com/stefanolupo/ndngame/0/nodeA/status/sync: No duplicate SN requests seen
4/7/19, 11:46:25 PM ============================================================

-- Gauges ----------------------------------------------------------------------
pub-update-percentage-nodeA-blocks-sync
             value = 0.0010021155773299187
pub-update-percentage-nodeA-status-sync
             value = 0.4991649036855584

-- Counters --------------------------------------------------------------------
dr-counter-null
             count = 0
dr-counter-skip
             count = 0
dr-counter-threshold
             count = 0
dr-counter-velocity
             count = 0
sub-blocks-interestscounter-nodeB
             count = 69
sub-projectiles-interestscounter-nodeB
             count = 98
sub-status-interestscounter-nodeB
             count = 2181

-- Histograms ------------------------------------------------------------------
eng-status-delta-nodeB
             count = 2176
               min = 0
               max = 208
              mean = 2.45
            stddev = 9.36
            median = 0.00
              75% <= 0.00
              95% <= 11.00
              98% <= 31.00
              99% <= 33.00
            99.9% <= 112.00
sub-blocks-rtt-nodeB
             count = 7
               min = 18
               max = 987
              mean = 616.49
            stddev = 288.00
            median = 619.00
              75% <= 880.00
              95% <= 987.00
              98% <= 987.00
              99% <= 987.00
            99.9% <= 987.00
sub-projectiles-rtt-nodeB
             count = 42
               min = 15
               max = 999
              mean = 486.25
            stddev = 291.32
            median = 517.00
              75% <= 657.00
              95% <= 983.00
              98% <= 983.00
              99% <= 999.00
            99.9% <= 999.00
sub-status-rtt-nodeB
             count = 2180
               min = 12
               max = 83
              mean = 34.26
            stddev = 9.09
            median = 33.00
              75% <= 34.00
              95% <= 50.00
              98% <= 66.00
              99% <= 67.00
            99.9% <= 83.00

-- Meters ----------------------------------------------------------------------
pub-interest-rate-nodeA-blocks-sync
             count = 69
         mean rate = 0.90 events/second
     1-minute rate = 0.83 events/second
     5-minute rate = 0.67 events/second
    15-minute rate = 0.62 events/second
pub-interest-rate-nodeA-projectiles-sync
             count = 96
         mean rate = 1.25 events/second
     1-minute rate = 1.34 events/second
     5-minute rate = 1.52 events/second
    15-minute rate = 1.57 events/second
pub-interest-rate-nodeA-status-sync
             count = 2204
         mean rate = 28.72 events/second
     1-minute rate = 28.92 events/second
     5-minute rate = 29.25 events/second
    15-minute rate = 29.34 events/second


 WARN [bp-queue-proc-/com/stefanolupo/ndngame/0/nodeA/blocks/sync-1] (BasePublisher.java:98) - /com/stefanolupo/ndngame/0/nodeA/blocks/sync: Saw duplicate sn requests
 WARN [bp-queue-proc-/com/stefanolupo/ndngame/0/nodeA/blocks/sync-1] (BasePublisher.java:99) - [7=6, 0=2, 8=11, 9=58, 6=2]
DEBUG [bp-queue-proc-/com/stefanolupo/ndngame/0/nodeA/status/sync-1] (BasePublisher.java:96) - /com/stefanolupo/ndngame/0/nodeA/status/sync: No duplicate SN requests seen
4/7/19, 11:46:55 PM ============================================================

-- Gauges ----------------------------------------------------------------------
pub-update-percentage-nodeA-blocks-sync
             value = 0.0010203135145162787
pub-update-percentage-nodeA-status-sync
             value = 0.499304331694648

-- Counters --------------------------------------------------------------------
dr-counter-null
             count = 0
dr-counter-skip
             count = 0
dr-counter-threshold
             count = 0
dr-counter-velocity
             count = 0
sub-blocks-interestscounter-nodeB
             count = 97
sub-projectiles-interestscounter-nodeB
             count = 138
sub-status-interestscounter-nodeB
             count = 3043

-- Histograms ------------------------------------------------------------------
eng-status-delta-nodeB
             count = 3037
               min = 0
               max = 112
              mean = 2.15
            stddev = 7.75
            median = 0.00
              75% <= 0.00
              95% <= 11.00
              98% <= 22.00
              99% <= 31.00
            99.9% <= 111.00
sub-blocks-rtt-nodeB
             count = 9
               min = 18
               max = 987
              mean = 704.74
            stddev = 259.36
            median = 656.00
              75% <= 971.00
              95% <= 987.00
              98% <= 987.00
              99% <= 987.00
            99.9% <= 987.00
sub-projectiles-rtt-nodeB
             count = 59
               min = 15
               max = 999
              mean = 452.03
            stddev = 290.29
            median = 516.00
              75% <= 616.00
              95% <= 983.00
              98% <= 999.00
              99% <= 999.00
            99.9% <= 999.00
sub-status-rtt-nodeB
             count = 3042
               min = 7
               max = 83
              mean = 34.51
            stddev = 8.72
            median = 33.00
              75% <= 34.00
              95% <= 50.00
              98% <= 66.00
              99% <= 67.00
            99.9% <= 83.00

-- Meters ----------------------------------------------------------------------
pub-interest-rate-nodeA-blocks-sync
             count = 95
         mean rate = 0.89 events/second
     1-minute rate = 0.84 events/second
     5-minute rate = 0.69 events/second
    15-minute rate = 0.63 events/second
pub-interest-rate-nodeA-projectiles-sync
             count = 133
         mean rate = 1.25 events/second
     1-minute rate = 1.30 events/second
     5-minute rate = 1.49 events/second
    15-minute rate = 1.56 events/second
pub-interest-rate-nodeA-status-sync
             count = 3064
         mean rate = 28.71 events/second
     1-minute rate = 28.83 events/second
     5-minute rate = 29.19 events/second
    15-minute rate = 29.32 events/second


 WARN [bp-queue-proc-/com/stefanolupo/ndngame/0/nodeA/blocks/sync-1] (BasePublisher.java:98) - /com/stefanolupo/ndngame/0/nodeA/blocks/sync: Saw duplicate sn requests
 WARN [bp-queue-proc-/com/stefanolupo/ndngame/0/nodeA/blocks/sync-1] (BasePublisher.java:99) - [11=11, 7=6, 0=2, 8=11, 6=2, 9=61, 10=2]
DEBUG [bp-queue-proc-/com/stefanolupo/ndngame/0/nodeA/status/sync-1] (BasePublisher.java:96) - /com/stefanolupo/ndngame/0/nodeA/status/sync: No duplicate SN requests seen
